{
    "issue": {
        "title": "pyarrow no go with pip3 and py-3.11rc2",
        "body": "***Note**: This issue was originally created as [ARROW-18032](https://issues.apache.org/jira/browse/ARROW-18032). Please see the [migration documentation](https://gist.github.com/toddfarmer/12aa88361532d21902818a6044fda4c3) for further details.*\n\n### Original Issue Description:\nI tried with ver 9.0.0 and testing versions\r\n\r\nEvery time same thing:\r\n\r\nCMake Error at /usr/local/share/cmake-3.21/Modules/FindPackageHandleStandardArgs.cmake:230 (message):\r\n\u00a0 \u00a0 \u00a0 \u00a0 Could NOT find Python3 (missing: Python3_NumPy_INCLUDE_DIRS NumPy) (found\r\n\u00a0 \u00a0 \u00a0 \u00a0 version \"3.11.0\")\r\n\r\nI am not sure where this can be changed in templates to enable support for 3.11\r\n\r\nRegards,",
        "created_at": "2022-10-13T12:14:04.000Z",
        "updated_at": "2022-10-19T00:42:13.000Z",
        "labels": [
            "Migrated from Jira",
            "Type: bug"
        ],
        "closed": true,
        "closed_at": "2022-10-14T14:46:42.000Z"
    },
    "comments": [
        {
            "created_at": "2022-10-13T21:19:16.724Z",
            "body": "***Note**: [Comment](https://issues.apache.org/jira/browse/ARROW-18032?focusedCommentId=17617304) by Kouhei Sutou (kou):*\nDid you install NumPy?\r\n\r\nCould you also provide full CMake log?"
        },
        {
            "created_at": "2022-10-13T23:57:16.147Z",
            "body": "***Note**: [Comment](https://issues.apache.org/jira/browse/ARROW-18032?focusedCommentId=17617358) by Aleksandar (Kacanski):*\nnumpy is build\u00a0 dependency but yes it is installed prior to pyarrow\r\n\r\n```\n\r\n/tmp/pip-install-dwsd6ksy/pyarrow_27117d67500f4d179fb10a3b5e64c02c/build/temp.linux-x86_64-cpython-311/CMakeFiles/CMakeOutput.log\r\n```\r\n\r\ndoes get created but it desapers after pip and cmake trws an error\r\n\r\nI checked\u00a0 /tmp folder and stuff does get created and then pip cleans it up ...\r\n\r\n```\n\r\n-- Build output directory: /tmp/pip-install-c4lv0th4/pyarrow_3e4f941e931948eb9d252423ee7bed01/build/temp.linux-x86_64-cpython-311/release\r\n\u00a0 \u00a0 \u00a0 CMake Error at /usr/local/share/cmake-3.21/Modules/FindPackageHandleStandardArgs.cmake:230 (message):\r\n\u00a0 \u00a0 \u00a0 \u00a0 Could NOT find Python3 (missing: Python3_NumPy_INCLUDE_DIRS NumPy) (found\r\n\u00a0 \u00a0 \u00a0 \u00a0 version \"3.11.0\")\r\n\u00a0 \u00a0 \u00a0 Call Stack (most recent call first):\r\n\u00a0 \u00a0 \u00a0 \u00a0 /usr/local/share/cmake-3.21/Modules/FindPackageHandleStandardArgs.cmake:594 (_FPHSA_FAILURE_MESSAGE)\r\n\u00a0 \u00a0 \u00a0 \u00a0 /usr/local/share/cmake-3.21/Modules/FindPython/Support.cmake:3166 (find_package_handle_standard_args)\r\n\u00a0 \u00a0 \u00a0 \u00a0 /usr/local/share/cmake-3.21/Modules/FindPython3.cmake:485 (include)\r\n\u00a0 \u00a0 \u00a0 \u00a0 cmake_modules/FindPython3Alt.cmake:56 (find_package)\r\n\u00a0 \u00a0 \u00a0 \u00a0 CMakeLists.txt:218 (find_package)\r\n\u00a0 \u00a0 \u00a0\u00a0\r\n\u00a0 \u00a0 \u00a0\u00a0\r\n\u00a0 \u00a0 \u00a0 -- Configuring incomplete, errors occurred!\r\n\u00a0 \u00a0 \u00a0 See also \"/tmp/pip-install-c4lv0th4/pyarrow_3e4f941e931948eb9d252423ee7bed01/build/temp.linux-x86_64-cpython-311/CMakeFiles/CMakeOutput.log\".\r\n\u00a0 \u00a0 \u00a0 error: command '/usr/local/bin/cmake' failed with exit code 1\r\n\u00a0 \u00a0 \u00a0 [end of output]\r\n\u00a0\u00a0\r\n\u00a0 note: This error originates from a subprocess, and is likely not a problem with pip.\r\n\u00a0 ERROR: Failed building wheel for pyarrow\r\nFailed to build pyarrow\r\nERROR: Could not build wheels for pyarrow, which is required to install pyproject.toml-based projects\r\n```\r\n\u00a0"
        },
        {
            "created_at": "2022-10-14T02:00:40.332Z",
            "body": "***Note**: [Comment](https://issues.apache.org/jira/browse/ARROW-18032?focusedCommentId=17617403) by Kouhei Sutou (kou):*\nCould you show outputs of the followings?\r\n\r\n- `python --version`\n- `python -c 'import numpy; print(numpy.\\_\\_version\\_\\_)'`\n- `python -c 'import numpy; print(numpy.get_include())'`\n- `ls -lR $(python -c 'import numpy; print(numpy.get_include())')`"
        },
        {
            "created_at": "2022-10-14T14:19:06.243Z",
            "body": "***Note**: [Comment](https://issues.apache.org/jira/browse/ARROW-18032?focusedCommentId=17617757) by Aleksandar (Kacanski):*\n/cube/api/py-3.11/bin/python3.11 --version\r\nPython 3.11.0a1\r\n\r\ngood point on the numpy - interesting that numpy pip install works but\r\n\r\n/cube/api/py-3.11/bin/python3.11 -c 'import numpy; print(numpy.__version__)'\r\n\r\nor simple import of numpy fails:\r\n\r\nFile \"/cube/api/py-3.11/lib/python3.11/site-packages/numpy/random/_pickle.py\", line 1, in <module>\r\n\u00a0 \u00a0 from .mtrand import RandomState\r\n\u00a0 \u00a0 ^^^^^^^^^^^^^^^^^^^^^^^^^^^^^^^\r\n\u00a0 File \"mtrand.pyx\", line 1, in init numpy.random.mtrand\r\nValueError: builtins.type size changed, may indicate binary incompatibility. Expected 904 from C header, got 888 from PyObject\r\n\r\nwhich I take it it is not a pyarrow team problem but ratter numpy support issue for py 3.11.0 rc2\r\n\r\nI guess if you guys succeeded w numpy and pyarrow on 3.11.0rc2 maybe you could tell me how did you compiled and build python.\r\n\r\nOtherwise please close this issue as it is not pyarrow problem..."
        },
        {
            "created_at": "2022-10-14T14:46:42.609Z",
            "body": "***Note**: [Comment](https://issues.apache.org/jira/browse/ARROW-18032?focusedCommentId=17617778) by Kouhei Sutou (kou):*\nSorry. We haven't tried Python 3.11 yet.\r\n\r\nSo I close this."
        },
        {
            "created_at": "2022-10-18T16:13:37.810Z",
            "body": "***Note**: [Comment](https://issues.apache.org/jira/browse/ARROW-18032?focusedCommentId=17619682) by Joris Van den Bossche (jorisvandenbossche):*\nFWIW, numpy should already have wheels for Python 3.11 available: https://pypi.org/project/numpy/#files\r\n\r\nDid pip install numpy from source or did it use the wheel?"
        },
        {
            "created_at": "2022-10-18T21:39:10.613Z",
            "body": "***Note**: [Comment](https://issues.apache.org/jira/browse/ARROW-18032?focusedCommentId=17619808) by Aleksandar (Kacanski):*\nHi joris, very good point\r\n\r\n./pip3 install numpy --no-binary :all:\r\n\r\nworked!!\r\n\r\nso now we advanced to this error:\r\n\r\n\u00a0 \u2013 Performing Test CXX_SUPPORTS_SSE4_2 - Success\r\n\u00a0 \u00a0 \u00a0 \u2013 Performing Test CXX_SUPPORTS_AVX2\r\n\u00a0 \u00a0 \u00a0 \u2013 Performing Test CXX_SUPPORTS_AVX2 - Success\r\n\u00a0 \u00a0 \u00a0 \u2013 Performing Test CXX_SUPPORTS_AVX512\r\n\u00a0 \u00a0 \u00a0 \u2013 Performing Test CXX_SUPPORTS_AVX512 - Success\r\n\u00a0 \u00a0 \u00a0 \u2013 Arrow build warning level: PRODUCTION\r\n\u00a0 \u00a0 \u00a0 \u2013 Using ld linker\r\n\u00a0 \u00a0 \u00a0 \u2013 Configured for RELEASE build (set with cmake -DCMAKE_BUILD_TYPE=\\{release,debug,...})\r\n\u00a0 \u00a0 \u00a0 \u2013 Build Type: RELEASE\r\n\u00a0 \u00a0 \u00a0 \u2013 Generator: Unix Makefiles\r\n\u00a0 \u00a0 \u00a0 \u2013 Build output directory: /tmp/pip-install-5hocxbno/pyarrow_6a73af965d1b428a91b221fcf26f318a/build/temp.linux-x86_64-cpython-311/release\r\n\u00a0 \u00a0 \u00a0 \u2013 Found Python3: /cube/api/py-3.11/bin/python3.11 (found version \"3.11.0\") found components: Interpreter Development.Module NumPy\r\n\u00a0 \u00a0 \u00a0 \u2013 Found Python3Alt: /cube/api/py-3.11/bin/python3.11\r\n\u00a0 \u00a0 \u00a0 \u2013 Found PkgConfig: /usr/bin/pkg-config (found version \"0.29.2\")\r\n\u00a0 \u00a0 \u00a0 \u2013 Could NOT find Arrow (missing: Arrow_DIR)\r\n\u00a0 \u00a0 \u00a0 \u2013 Checking for module 'arrow'\r\n\u00a0 \u00a0 \u00a0 \u2013 \u00a0 No package 'arrow' found\r\n\u00a0 \u00a0 \u00a0 CMake Error at /usr/local/share/cmake-3.21/Modules/FindPackageHandleStandardArgs.cmake:230 (message):\r\n\u00a0 \u00a0 \u00a0 \u00a0 Could NOT find Arrow (missing: ARROW_INCLUDE_DIR ARROW_LIB_DIR\r\n\u00a0 \u00a0 \u00a0 \u00a0 ARROW_FULL_SO_VERSION ARROW_SO_VERSION)\r\n\u00a0 \u00a0 \u00a0 Call Stack (most recent call first):\r\n\u00a0 \u00a0 \u00a0 \u00a0 /usr/local/share/cmake-3.21/Modules/FindPackageHandleStandardArgs.cmake:594 (_FPHSA_FAILURE_MESSAGE)\r\n\u00a0 \u00a0 \u00a0 \u00a0 cmake_modules/FindArrow.cmake:450 (find_package_handle_standard_args)\r\n\u00a0 \u00a0 \u00a0 \u00a0 cmake_modules/FindArrowPython.cmake:46 (find_package)\r\n\u00a0 \u00a0 \u00a0 \u00a0 CMakeLists.txt:236 (find_package)\r\n\u00a0 \u00a0 \u00a0\u00a0\r\n\u00a0 \u00a0 \u00a0\u00a0\r\n\u00a0 \u00a0 \u00a0 \u2013 Configuring incomplete, errors occurred!\r\n\u00a0 \u00a0 \u00a0 See also \"/tmp/pip-install-5hocxbno/pyarrow_6a73af965d1b428a91b221fcf26f318a/build/temp.linux-x86_64-cpython-311/CMakeFiles/CMakeOutput.log\".\r\n\u00a0 \u00a0 \u00a0 error: command '/usr/local/bin/cmake' failed with exit code 1\r\n\r\n\u00a0\r\n\r\nI think this is bit simpler: maybe just an export bash statement or something similar ...\r\n\r\n\u00a0\r\n\r\n\u00a0"
        },
        {
            "created_at": "2022-10-19T00:42:13.872Z",
            "body": "***Note**: [Comment](https://issues.apache.org/jira/browse/ARROW-18032?focusedCommentId=17619905) by Kouhei Sutou (kou):*\nYou need to install Apache Arrow C++ before you install PyArrow.\r\nBecause we haven't provided wheels for PyArrow + Python 3.11 yet.\r\n\r\nSee also: https://arrow.apache.org/docs/developers/cpp/building.html#cpp-building-building"
        }
    ]
}