{
    "issue": {
        "title": "[Python] Difficulty running tests after conda install",
        "body": "***Note**: This issue was originally created as [ARROW-3280](https://issues.apache.org/jira/browse/ARROW-3280). Please see the [migration documentation](https://gist.github.com/toddfarmer/12aa88361532d21902818a6044fda4c3) for further details.*\n\n### Original Issue Description:\nI install PyArrow from conda-forge, and then try running tests (or import generally)\r\n```java\n\r\nconda create -n test-arrow pytest ipython pandas nomkl pyarrow -c conda-forge \n```\r\n```java\n\r\nmrocklin@carbon:~/workspace/arrow/python$ py.test pyarrow/tests/test_parquet.py \r\nTraceback (most recent call last):\r\nFile \"/home/mrocklin/Software/anaconda/lib/python3.6/site-packages/_pytest/config.py\", line 328, in _getconftestmodules\r\nreturn self._path2confmods[path]\r\nKeyError: local('/home/mrocklin/workspace/arrow/python/pyarrow/tests/test_parquet.py')During handling of the above exception, another exception occurred:\r\nTraceback (most recent call last):\r\nFile \"/home/mrocklin/Software/anaconda/lib/python3.6/site-packages/_pytest/config.py\", line 328, in _getconftestmodules\r\nreturn self._path2confmods[path]\r\nKeyError: local('/home/mrocklin/workspace/arrow/python/pyarrow/tests')During handling of the above exception, another exception occurred:\r\nTraceback (most recent call last):\r\nFile \"/home/mrocklin/Software/anaconda/lib/python3.6/site-packages/_pytest/config.py\", line 359, in _importconftest\r\nreturn self._conftestpath2mod[conftestpath]\r\nKeyError: local('/home/mrocklin/workspace/arrow/python/pyarrow/tests/conftest.py')During handling of the above exception, another exception occurred:\r\nTraceback (most recent call last):\r\nFile \"/home/mrocklin/Software/anaconda/lib/python3.6/site-packages/_pytest/config.py\", line 365, in _importconftest\r\nmod = conftestpath.pyimport()\r\nFile \"/home/mrocklin/Software/anaconda/lib/python3.6/site-packages/py/_path/local.py\", line 668, in pyimport\r\n__import__(modname)\r\nFile \"/home/mrocklin/workspace/arrow/python/pyarrow/__init__.py\", line 54, in <module>\r\nfrom pyarrow.lib import cpu_count, set_cpu_count\r\nModuleNotFoundError: No module named 'pyarrow.lib'\r\nERROR: could not load /home/mrocklin/workspace/arrow/python/pyarrow/tests/conftest.py\n```\r\nProbably this is something wrong with my environment, but I thought I'd report it as a usability bug",
        "created_at": "2018-09-21T01:15:15.000Z",
        "updated_at": "2019-02-06T15:06:36.000Z",
        "labels": [
            "Migrated from Jira",
            "Component: Python",
            "Type: bug"
        ],
        "closed": true,
        "closed_at": "2019-02-06T15:06:36.000Z"
    },
    "comments": [
        {
            "created_at": "2018-09-21T01:27:11.979Z",
            "body": "***Note**: [Comment](https://issues.apache.org/jira/browse/ARROW-3280?focusedCommentId=16622938) by Matthew Rocklin (mrocklin):*\nActually, let me back up.\u00a0 I wrote a test and wanted to run it.\u00a0 I tried running py.test from that directory and got the error that I list above.\u00a0 That's probably reasonable, given that Python is probably confused about paths given that I'm in a directory named arrow.\u00a0\u00a0\r\n\r\nI googled online for arrow developer notes, and eventually found that I was supposed to look in the directory for a README file.\u00a0 That file didn't have anything about testing in it explicitly.\u00a0\u00a0\r\n\r\nI see now that it has a \"Build from source\" section that links to external docs.\u00a0 I'll go and try that and see what happens."
        },
        {
            "created_at": "2018-09-21T01:32:45.000Z",
            "body": "***Note**: [Comment](https://issues.apache.org/jira/browse/ARROW-3280?focusedCommentId=16622941) by Matthew Rocklin (mrocklin):*\nI got as far as the following.\u00a0 My apologies for the rambling issue.\u00a0 Feel free to close.\u00a0 I'm also happy to reopen something else a bit cleaner.\r\n```java\n\r\nmrocklin@carbon:~/workspace/arrow/python$ python setup.py build_ext --build-type=$ARROW_BUILD_TYPE \\\r\n> --with-parquet --with-plasma --inplace\r\nyour setuptools is too old (<12)\r\nsetuptools_scm functionality is degraded\r\nTraceback (most recent call last):\r\nFile \"setup.py\", line 589, in <module>\r\nurl=\"https://arrow.apache.org/\"\r\nFile \"/home/mrocklin/Software/anaconda/envs/pyarrow-dev/lib/python3.6/site-packages/setuptools/__init__.py\", line 140, in setup\r\nreturn distutils.core.setup(**attrs)\r\nFile \"/home/mrocklin/Software/anaconda/envs/pyarrow-dev/lib/python3.6/distutils/core.py\", line 108, in setup\r\n_setup_distribution = dist = klass(attrs)\r\nFile \"/home/mrocklin/Software/anaconda/envs/pyarrow-dev/lib/python3.6/site-packages/setuptools/dist.py\", line 370, in __init__\r\nk: v for k, v in attrs.items()\r\nFile \"/home/mrocklin/Software/anaconda/envs/pyarrow-dev/lib/python3.6/distutils/dist.py\", line 281, in __init__\r\nself.finalize_options()\r\nFile \"/home/mrocklin/Software/anaconda/envs/pyarrow-dev/lib/python3.6/site-packages/setuptools/dist.py\", line 529, in finalize_options\r\nep.load()(self, ep.name, value)\r\nFile \"/home/mrocklin/workspace/arrow/python/.eggs/setuptools_scm-1.15.1rc1-py3.6.egg/setuptools_scm/integration.py\", line 19, in version_keyword\r\nFile \"/home/mrocklin/workspace/arrow/python/.eggs/setuptools_scm-1.15.1rc1-py3.6.egg/setuptools_scm/__init__.py\", line 117, in get_version\r\nFile \"/home/mrocklin/workspace/arrow/python/.eggs/setuptools_scm-1.15.1rc1-py3.6.egg/setuptools_scm/__init__.py\", line 69, in _do_parse\r\nFile \"setup.py\", line 519, in parse_git\r\nreturn parse(root, **kwargs)\r\nFile \"/home/mrocklin/workspace/arrow/python/.eggs/setuptools_scm-1.15.1rc1-py3.6.egg/setuptools_scm/git.py\", line 99, in parse\r\nValueError: invalid literal for int() with base 10: 'ge2c4b09d'\r\n```"
        },
        {
            "created_at": "2018-09-21T15:55:15.750Z",
            "body": "***Note**: [Comment](https://issues.apache.org/jira/browse/ARROW-3280?focusedCommentId=16623803) by Wes McKinney (wesm):*\nThis appears to be a setuptools_scm issue \u2013 what version of setuptools are you using?"
        },
        {
            "created_at": "2018-09-21T16:02:47.201Z",
            "body": "***Note**: [Comment](https://issues.apache.org/jira/browse/ARROW-3280?focusedCommentId=16623810) by Matthew Rocklin (mrocklin):*\nYeah, given the error I thought that as well, but updating didn't seem to do much good.\r\n```java\n\r\nmrocklin@carbon:~/workspace/arrow/python$ python -c \"import setuptools; print(setuptools.__version__)\"\r\n40.4.1\r\n```"
        },
        {
            "created_at": "2018-09-22T14:52:56.534Z",
            "body": "***Note**: [Comment](https://issues.apache.org/jira/browse/ARROW-3280?focusedCommentId=16624699) by Uwe Korn (uwe):*\n`[~mrocklin]` Please delete your `/home/mrocklin/workspace/arrow/python/.eggs` folder. It contains an old `setuptools_scm` version that probably messes things up here; and then install `setuptools_scm` using `pip/conda` into the environment."
        }
    ]
}