{
    "issue": {
        "title": "[C++] Compilation failure on s390x platform",
        "body": "***Note**: This issue was originally created as [ARROW-15563](https://issues.apache.org/jira/browse/ARROW-15563). Please see the [migration documentation](https://gist.github.com/toddfarmer/12aa88361532d21902818a6044fda4c3) for further details.*\n\n### Original Issue Description:\n\u00a0\r\n```java\n\r\n(pyarrow-dev) [root@s390x]# cmake -DCMAKE_INSTALL_PREFIX=$ARROW_HOME \u00a0 \u00a0 \u00a0 -DCMAKE_INSTALL_LIBDIR=lib \u00a0 \u00a0 \u00a0 -DCMAKE_BUILD_TYPE=debug \u00a0 \u00a0 \u00a0 -DARROW_WITH_BZ2=ON \u00a0 \u00a0 \u00a0 -DARROW_WITH_ZLIB=ON \u00a0 \u00a0 \u00a0 -DARROW_WITH_ZSTD=ON \u00a0 \u00a0 \u00a0 -DARROW_WITH_LZ4=ON \u00a0 \u00a0 \u00a0 -DARROW_WITH_SNAPPY=ON \u00a0 \u00a0 \u00a0 -DARROW_WITH_BROTLI=ON \u00a0 \u00a0 \u00a0 -DARROW_PARQUET=ON \u00a0 \u00a0 \u00a0 -DARROW_PYTHON=ON \u00a0 \u00a0 \u00a0 -DARROW_BUILD_TESTS=ON \u00a0 \u00a0 \u00a0 ..\r\n-- Building using CMake version: 3.22.2\r\n-- The C compiler identification is GNU 9.2.1\r\n-- The CXX compiler identification is GNU 8.5.0\r\n-- Detecting C compiler ABI info\r\n-- Detecting C compiler ABI info - done\r\n-- Check for working C compiler: /usr/bin/cc - skipped\r\n-- Detecting C compile features\r\n-- Detecting C compile features - done\r\n-- Detecting CXX compiler ABI info\r\n-- Detecting CXX compiler ABI info - done\r\n-- Check for working CXX compiler: /usr/bin/c++ - skipped\r\n-- Detecting CXX compile features\r\n-- Detecting CXX compile features - done\r\n-- Arrow version: 3.0.0 (full: '3.0.0')\r\n-- Arrow SO version: 300 (full: 300.0.0)\r\n-- clang-tidy not found\r\n-- clang-format not found\r\n-- Could NOT find ClangTools (missing: CLANG_FORMAT_BIN CLANG_TIDY_BIN)\r\n-- infer not found\r\n-- Found Python3: /usr/bin/python3.9 (found version \"3.9.6\") found components: Interpreter\r\n-- Found cpplint executable at /root/git/repos/arrow/cpp/build-support/cpplint.py\r\n-- System processor: s390x\r\n-- Arrow build warning level: CHECKIN\r\nUsing ld linker\r\nConfigured for DEBUG build (set with cmake -DCMAKE_BUILD_TYPE={release,debug,...})\r\n-- Build Type: DEBUG\r\n-- Using AUTO approach to find dependencies\r\n-- ARROW_ABSL_BUILD_VERSION: 0f3bb466b868b523cf1dc9b2aaaed65c77b28862\r\n-- ARROW_AWSSDK_BUILD_VERSION: 1.8.90\r\n-- ARROW_AWS_CHECKSUMS_BUILD_VERSION: v0.1.5\r\n-- ARROW_AWS_C_COMMON_BUILD_VERSION: v0.4.59\r\n-- ARROW_AWS_C_EVENT_STREAM_BUILD_VERSION: v0.1.5\r\n-- ARROW_BOOST_BUILD_VERSION: 1.71.0\r\n-- ARROW_BROTLI_BUILD_VERSION: v1.0.7\r\n-- ARROW_BZIP2_BUILD_VERSION: 1.0.8\r\n-- ARROW_CARES_BUILD_VERSION: 1.16.1\r\n-- ARROW_GBENCHMARK_BUILD_VERSION: v1.5.2\r\n-- ARROW_GFLAGS_BUILD_VERSION: v2.2.2\r\n-- ARROW_GLOG_BUILD_VERSION: v0.4.0\r\n-- ARROW_GRPC_BUILD_VERSION: v1.33.2\r\n-- ARROW_GTEST_BUILD_VERSION: 1.10.0\r\n-- ARROW_JEMALLOC_BUILD_VERSION: 5.2.1\r\n-- ARROW_LZ4_BUILD_VERSION: v1.9.2\r\n-- ARROW_MIMALLOC_BUILD_VERSION: v1.6.4\r\n-- ARROW_ORC_BUILD_VERSION: 1.6.2\r\n-- ARROW_PROTOBUF_BUILD_VERSION: v3.13.0\r\n-- ARROW_RAPIDJSON_BUILD_VERSION: 1a803826f1197b5e30703afe4b9c0e7dd48074f5\r\n-- ARROW_RE2_BUILD_VERSION: 2019-08-01\r\n-- ARROW_SNAPPY_BUILD_VERSION: 1.1.8\r\n-- ARROW_THRIFT_BUILD_VERSION: 0.12.0\r\n-- ARROW_THRIFT_BUILD_MD5_CHECKSUM: 3deebbb4d1ca77dd9c9e009a1ea02183\r\n-- ARROW_UTF8PROC_BUILD_VERSION: v2.5.0\r\n-- ARROW_ZLIB_BUILD_VERSION: 1.2.11\r\n-- ARROW_ZSTD_BUILD_VERSION: v1.4.5\r\n-- Looking for pthread.h\r\n-- Looking for pthread.h - found\r\n-- Performing Test CMAKE_HAVE_LIBC_PTHREAD\r\n-- Performing Test CMAKE_HAVE_LIBC_PTHREAD - Failed\r\n-- Check if compiler accepts -pthread\r\n-- Check if compiler accepts -pthread - yes\r\n-- Found Threads: TRUE\r\n-- Checking for module 'thrift'\r\n-- \u00a0 Package 'thrift', required by 'virtual:world', not found\r\n-- Could NOT find Thrift: Found unsuitable version \"\", but required is at least \"0.11.0\" (found THRIFT_LIB-NOTFOUND)\r\n-- Looking for __SIZEOF_INT128__\r\n-- Looking for __SIZEOF_INT128__ - found\r\n-- Found Boost: /usr/include (found suitable version \"1.66.0\", minimum required is \"1.58\") found components: regex system filesystem\r\n-- Boost include dir: /usr/include\r\n-- Boost libraries: Boost::system;Boost::filesystem\r\n-- Could NOT find Snappy (missing: Snappy_LIB Snappy_INCLUDE_DIR)\r\n-- Building snappy from source\r\n-- Checking for modules 'libbrotlicommon;libbrotlienc;libbrotlidec'\r\n-- \u00a0 Package 'libbrotlicommon', required by 'virtual:world', not found\r\n-- \u00a0 Package 'libbrotlienc', required by 'virtual:world', not found\r\n-- \u00a0 Package 'libbrotlidec', required by 'virtual:world', not found\r\n-- Could NOT find Brotli (missing: BROTLI_COMMON_LIBRARY BROTLI_ENC_LIBRARY BROTLI_DEC_LIBRARY BROTLI_INCLUDE_DIR)\r\n-- Building brotli from source\r\n-- Building without OpenSSL support. Minimum OpenSSL version 1.0.2 required.\r\nCMake Warning at cmake_modules/FindgflagsAlt.cmake:25 (find_package):\r\n\u00a0 By not providing \"Findgflags.cmake\" in CMAKE_MODULE_PATH this project has\r\n\u00a0 asked CMake to find a package configuration file provided by \"gflags\", but\r\n\u00a0 CMake did not find one.\r\n\u00a0 Could not find a package configuration file provided by \"gflags\" (requested\r\n\u00a0 version 2.1.0) with any of the following names:\r\n\u00a0 \u00a0 gflagsConfig.cmake\r\n\u00a0 \u00a0 gflags-config.cmake\r\n\u00a0 Add the installation prefix of \"gflags\" to CMAKE_PREFIX_PATH or set\r\n\u00a0 \"gflags_DIR\" to a directory containing one of the above files. \u00a0If \"gflags\"\r\n\u00a0 provides a separate development package or SDK, be sure it has been\r\n\u00a0 installed.\r\nCall Stack (most recent call first):\r\n\u00a0 cmake_modules/ThirdpartyToolchain.cmake:221 (find_package)\r\n\u00a0 cmake_modules/ThirdpartyToolchain.cmake:1220 (resolve_dependency)\r\n\u00a0 CMakeLists.txt:499 (include)\r\n\r\n-- Could NOT find gflagsAlt (missing: gflags_LIB GFLAGS_INCLUDE_DIR) (Required is at least version \"2.1.0\")\r\n-- Building gflags from source\r\n-- Added static library dependency gflags_static: /root/git/repos/arrow/cpp/build/gflags_ep-prefix/src/gflags_ep/lib/libgflags_debug.a\r\nBuilding Apache Thrift from source\r\n-- Building (vendored) jemalloc from source\r\n-- Could NOT find GTest (missing: GTest_DIR)\r\n-- Building gtest from source\r\nCMake Warning at cmake_modules/FindRapidJSONAlt.cmake:25 (find_package):\r\n\u00a0 By not providing \"FindRapidJSON.cmake\" in CMAKE_MODULE_PATH this project\r\n\u00a0 has asked CMake to find a package configuration file provided by\r\n\u00a0 \"RapidJSON\", but CMake did not find one.\r\n\u00a0 Could not find a package configuration file provided by \"RapidJSON\"\r\n\u00a0 (requested version 1.1.0) with any of the following names:\r\n\u00a0 \u00a0 RapidJSONConfig.cmake\r\n\u00a0 \u00a0 rapidjson-config.cmake\r\n\u00a0 Add the installation prefix of \"RapidJSON\" to CMAKE_PREFIX_PATH or set\r\n\u00a0 \"RapidJSON_DIR\" to a directory containing one of the above files. \u00a0If\r\n\u00a0 \"RapidJSON\" provides a separate development package or SDK, be sure it has\r\n\u00a0 been installed.\r\nCall Stack (most recent call first):\r\n\u00a0 cmake_modules/ThirdpartyToolchain.cmake:221 (find_package)\r\n\u00a0 cmake_modules/ThirdpartyToolchain.cmake:1904 (resolve_dependency)\r\n\u00a0 CMakeLists.txt:499 (include)\r\n\r\n-- Could NOT find RapidJSONAlt (missing: RAPIDJSON_INCLUDE_DIR) (Required is at least version \"1.1.0\")\r\n-- Building RapidJSON from source\r\n-- Found ZLIB: /usr/lib64/libz.so (found version \"1.2.11\")\r\n-- Checking for module 'liblz4'\r\n-- \u00a0 Package 'liblz4', required by 'virtual:world', not found\r\n-- Could NOT find Lz4 (missing: LZ4_LIB LZ4_INCLUDE_DIR)\r\n-- Building lz4 from source\r\n-- Checking for module 'libzstd'\r\n-- \u00a0 Found libzstd, version 1.4.4\r\n-- Found zstd: /usr/lib64/libzstd.so\r\n-- Providing CMake module for zstd\r\nCMake Warning at cmake_modules/Findre2Alt.cmake:25 (find_package):\r\n\u00a0 By not providing \"Findre2.cmake\" in CMAKE_MODULE_PATH this project has\r\n\u00a0 asked CMake to find a package configuration file provided by \"re2\", but\r\n\u00a0 CMake did not find one.\r\n\u00a0 Could not find a package configuration file provided by \"re2\" with any of\r\n\u00a0 the following names:\r\n\u00a0 \u00a0 re2Config.cmake\r\n\u00a0 \u00a0 re2-config.cmake\r\n\u00a0 Add the installation prefix of \"re2\" to CMAKE_PREFIX_PATH or set \"re2_DIR\"\r\n\u00a0 to a directory containing one of the above files. \u00a0If \"re2\" provides a\r\n\u00a0 separate development package or SDK, be sure it has been installed.\r\nCall Stack (most recent call first):\r\n\u00a0 cmake_modules/ThirdpartyToolchain.cmake:221 (find_package)\r\n\u00a0 cmake_modules/ThirdpartyToolchain.cmake:2144 (resolve_dependency)\r\n\u00a0 CMakeLists.txt:499 (include)\r\n\r\n-- Checking for module 're2'\r\n-- \u00a0 Package 're2', required by 'virtual:world', not found\r\n-- Could NOT find re2Alt (missing: RE2_LIB RE2_INCLUDE_DIR)\r\n-- Building RE2 from source\r\n-- Found BZip2: /usr/lib64/libbz2.so (found version \"1.0.6\")\r\n-- Looking for BZ2_bzCompressInit\r\n-- Looking for BZ2_bzCompressInit - found\r\n-- Could NOT find utf8proc (missing: utf8proc_LIB utf8proc_INCLUDE_DIR)\r\n-- Building utf8proc from source\r\n-- Found hdfs.h at: /root/git/repos/arrow/cpp/thirdparty/hadoop/include/hdfs.h\r\n-- All bundled static libraries: Snappy::snappy;Brotli::brotlicommon;Brotli::brotlienc;Brotli::brotlidec;gflags_static;thrift::thrift;jemalloc::jemalloc;LZ4::lz4;re2::re2;utf8proc::utf8proc\r\n-- CMAKE_C_FLAGS: \u00a0-ggdb -O0 \u00a0-Wall -Wno-conversion -Wno-deprecated-declarations -Wno-sign-conversion -Wno-unused-variable -Werror -fno-semantic-interposition\r\n-- CMAKE_CXX_FLAGS: \u00a0-Wno-noexcept-type \u00a0-fdiagnostics-color=always -ggdb -O0 \u00a0-Wall -Wno-conversion -Wno-deprecated-declarations -Wno-sign-conversion -Wno-unused-variable -Werror -fno-semantic-interposition\r\n-- Looking for backtrace\r\n-- Looking for backtrace - found\r\n-- backtrace facility detected in default set of libraries\r\n-- Found Backtrace: /usr/include\r\n-- Creating bundled static library target arrow_bundled_dependencies at /root/git/repos/arrow/cpp/build/debug/libarrow_bundled_dependencies.a\r\n-- Found Python3: /usr/bin/python3.9 (found version \"3.9.6\") found components: Interpreter Development NumPy Development.Module Development.Embed\r\n-- Found Python3Alt: /usr/bin/python3.9\r\n-- ---------------------------------------------------------------------\r\n-- Arrow version: \u00a0 \u00a0 \u00a0 \u00a0 \u00a0 \u00a0 \u00a0 \u00a0 \u00a0 \u00a0 \u00a0 \u00a0 \u00a0 \u00a0 \u00a0 \u00a0 3.0.0\r\n--\r\n-- Build configuration summary:\r\n-- \u00a0 Generator: Unix Makefiles\r\n-- \u00a0 Build type: DEBUG\r\n-- \u00a0 Source directory: /root/git/repos/arrow/cpp\r\n-- \u00a0 Install prefix: /root/git/repos/dist\r\n--\r\n-- Compile and link options:\r\n--\r\n-- \u00a0 ARROW_CXXFLAGS=\"\" [default=\"\"]\r\n-- \u00a0 \u00a0 \u00a0 Compiler flags to append when compiling Arrow\r\n-- \u00a0 ARROW_BUILD_STATIC=ON [default=ON]\r\n-- \u00a0 \u00a0 \u00a0 Build static libraries\r\n-- \u00a0 ARROW_BUILD_SHARED=ON [default=ON]\r\n-- \u00a0 \u00a0 \u00a0 Build shared libraries\r\n-- \u00a0 ARROW_PACKAGE_KIND=\"\" [default=\"\"]\r\n-- \u00a0 \u00a0 \u00a0 Arbitrary string that identifies the kind of package\r\n-- \u00a0 \u00a0 \u00a0 (for informational purposes)\r\n-- \u00a0 ARROW_GIT_ID=d613aa68789288d3503dfbd8376a41f2d28b6c9d [default=\"\"]\r\n-- \u00a0 \u00a0 \u00a0 The Arrow git commit id (if any)\r\n-- \u00a0 ARROW_GIT_DESCRIPTION=apache-arrow-3.0.0 [default=\"\"]\r\n-- \u00a0 \u00a0 \u00a0 The Arrow git commit description (if any)\r\n-- \u00a0 ARROW_NO_DEPRECATED_API=OFF [default=OFF]\r\n-- \u00a0 \u00a0 \u00a0 Exclude deprecated APIs from build\r\n-- \u00a0 ARROW_USE_CCACHE=ON [default=ON]\r\n-- \u00a0 \u00a0 \u00a0 Use ccache when compiling (if available)\r\n-- \u00a0 ARROW_USE_LD_GOLD=OFF [default=OFF]\r\n-- \u00a0 \u00a0 \u00a0 Use ld.gold for linking on Linux (if available)\r\n-- \u00a0 ARROW_USE_PRECOMPILED_HEADERS=OFF [default=OFF]\r\n-- \u00a0 \u00a0 \u00a0 Use precompiled headers when compiling\r\n-- \u00a0 ARROW_SIMD_LEVEL=SSE4_2 [default=NONE|SSE4_2|AVX2|AVX512]\r\n-- \u00a0 \u00a0 \u00a0 Compile-time SIMD optimization level\r\n-- \u00a0 ARROW_RUNTIME_SIMD_LEVEL=MAX [default=NONE|SSE4_2|AVX2|AVX512|MAX]\r\n-- \u00a0 \u00a0 \u00a0 Max runtime SIMD optimization level\r\n-- \u00a0 ARROW_ARMV8_ARCH=armv8-a [default=armv8-a|armv8-a+crc+crypto]\r\n-- \u00a0 \u00a0 \u00a0 Arm64 arch and extensions\r\n-- \u00a0 ARROW_ALTIVEC=ON [default=ON]\r\n-- \u00a0 \u00a0 \u00a0 Build with Altivec if compiler has support\r\n-- \u00a0 ARROW_RPATH_ORIGIN=OFF [default=OFF]\r\n-- \u00a0 \u00a0 \u00a0 Build Arrow libraries with RATH set to $ORIGIN\r\n-- \u00a0 ARROW_INSTALL_NAME_RPATH=ON [default=ON]\r\n-- \u00a0 \u00a0 \u00a0 Build Arrow libraries with install_name set to @rpath\r\n-- \u00a0 ARROW_GGDB_DEBUG=ON [default=ON]\r\n-- \u00a0 \u00a0 \u00a0 Pass -ggdb flag to debug builds\r\n--\r\n-- Test and benchmark options:\r\n--\r\n-- \u00a0 ARROW_BUILD_EXAMPLES=OFF [default=OFF]\r\n-- \u00a0 \u00a0 \u00a0 Build the Arrow examples\r\n-- \u00a0 ARROW_BUILD_TESTS=ON [default=OFF]\r\n-- \u00a0 \u00a0 \u00a0 Build the Arrow googletest unit tests\r\n-- \u00a0 ARROW_ENABLE_TIMING_TESTS=ON [default=ON]\r\n-- \u00a0 \u00a0 \u00a0 Enable timing-sensitive tests\r\n-- \u00a0 ARROW_BUILD_INTEGRATION=OFF [default=OFF]\r\n-- \u00a0 \u00a0 \u00a0 Build the Arrow integration test executables\r\n-- \u00a0 ARROW_BUILD_BENCHMARKS=OFF [default=OFF]\r\n-- \u00a0 \u00a0 \u00a0 Build the Arrow micro benchmarks\r\n-- \u00a0 ARROW_BUILD_BENCHMARKS_REFERENCE=OFF [default=OFF]\r\n-- \u00a0 \u00a0 \u00a0 Build the Arrow micro reference benchmarks\r\n-- \u00a0 ARROW_TEST_LINKAGE=shared [default=shared|static]\r\n-- \u00a0 \u00a0 \u00a0 Linkage of Arrow libraries with unit tests executables.\r\n-- \u00a0 ARROW_FUZZING=OFF [default=OFF]\r\n-- \u00a0 \u00a0 \u00a0 Build Arrow Fuzzing executables\r\n-- \u00a0 ARROW_LARGE_MEMORY_TESTS=OFF [default=OFF]\r\n-- \u00a0 \u00a0 \u00a0 Enable unit tests which use large memory\r\n--\r\n-- Lint options:\r\n--\r\n-- \u00a0 ARROW_ONLY_LINT=OFF [default=OFF]\r\n-- \u00a0 \u00a0 \u00a0 Only define the lint and check-format targets\r\n-- \u00a0 ARROW_VERBOSE_LINT=OFF [default=OFF]\r\n-- \u00a0 \u00a0 \u00a0 If off, 'quiet' flags will be passed to linting tools\r\n-- \u00a0 ARROW_GENERATE_COVERAGE=OFF [default=OFF]\r\n-- \u00a0 \u00a0 \u00a0 Build with C++ code coverage enabled\r\n--\r\n-- Checks options:\r\n--\r\n-- \u00a0 ARROW_TEST_MEMCHECK=OFF [default=OFF]\r\n-- \u00a0 \u00a0 \u00a0 Run the test suite using valgrind --tool=memcheck\r\n-- \u00a0 ARROW_USE_ASAN=OFF [default=OFF]\r\n-- \u00a0 \u00a0 \u00a0 Enable Address Sanitizer checks\r\n-- \u00a0 ARROW_USE_TSAN=OFF [default=OFF]\r\n-- \u00a0 \u00a0 \u00a0 Enable Thread Sanitizer checks\r\n-- \u00a0 ARROW_USE_UBSAN=OFF [default=OFF]\r\n-- \u00a0 \u00a0 \u00a0 Enable Undefined Behavior sanitizer checks\r\n--\r\n-- Project component options:\r\n--\r\n-- \u00a0 ARROW_BUILD_UTILITIES=OFF [default=OFF]\r\n-- \u00a0 \u00a0 \u00a0 Build Arrow commandline utilities\r\n-- \u00a0 ARROW_COMPUTE=ON [default=OFF]\r\n-- \u00a0 \u00a0 \u00a0 Build the Arrow Compute Modules\r\n-- \u00a0 ARROW_CSV=ON [default=OFF]\r\n-- \u00a0 \u00a0 \u00a0 Build the Arrow CSV Parser Module\r\n-- \u00a0 ARROW_CUDA=OFF [default=OFF]\r\n-- \u00a0 \u00a0 \u00a0 Build the Arrow CUDA extensions (requires CUDA toolkit)\r\n-- \u00a0 ARROW_DATASET=ON [default=OFF]\r\n-- \u00a0 \u00a0 \u00a0 Build the Arrow Dataset Modules\r\n-- \u00a0 ARROW_FILESYSTEM=ON [default=OFF]\r\n-- \u00a0 \u00a0 \u00a0 Build the Arrow Filesystem Layer\r\n-- \u00a0 ARROW_FLIGHT=OFF [default=OFF]\r\n-- \u00a0 \u00a0 \u00a0 Build the Arrow Flight RPC System (requires GRPC, Protocol Buffers)\r\n-- \u00a0 ARROW_GANDIVA=OFF [default=OFF]\r\n-- \u00a0 \u00a0 \u00a0 Build the Gandiva libraries\r\n-- \u00a0 ARROW_HDFS=ON [default=OFF]\r\n-- \u00a0 \u00a0 \u00a0 Build the Arrow HDFS bridge\r\n-- \u00a0 ARROW_HIVESERVER2=OFF [default=OFF]\r\n-- \u00a0 \u00a0 \u00a0 Build the HiveServer2 client and Arrow adapter\r\n-- \u00a0 ARROW_IPC=ON [default=ON]\r\n-- \u00a0 \u00a0 \u00a0 Build the Arrow IPC extensions\r\n-- \u00a0 ARROW_JEMALLOC=ON [default=ON]\r\n-- \u00a0 \u00a0 \u00a0 Build the Arrow jemalloc-based allocator\r\n-- \u00a0 ARROW_JNI=OFF [default=OFF]\r\n-- \u00a0 \u00a0 \u00a0 Build the Arrow JNI lib\r\n-- \u00a0 ARROW_JSON=ON [default=OFF]\r\n-- \u00a0 \u00a0 \u00a0 Build Arrow with JSON support (requires RapidJSON)\r\n-- \u00a0 ARROW_MIMALLOC=OFF [default=OFF]\r\n-- \u00a0 \u00a0 \u00a0 Build the Arrow mimalloc-based allocator\r\n-- \u00a0 ARROW_PARQUET=ON [default=OFF]\r\n-- \u00a0 \u00a0 \u00a0 Build the Parquet libraries\r\n-- \u00a0 ARROW_ORC=OFF [default=OFF]\r\n-- \u00a0 \u00a0 \u00a0 Build the Arrow ORC adapter\r\n-- \u00a0 ARROW_PLASMA=OFF [default=OFF]\r\n-- \u00a0 \u00a0 \u00a0 Build the plasma object store along with Arrow\r\n-- \u00a0 ARROW_PLASMA_JAVA_CLIENT=OFF [default=OFF]\r\n-- \u00a0 \u00a0 \u00a0 Build the plasma object store java client\r\n-- \u00a0 ARROW_PYTHON=ON [default=OFF]\r\n-- \u00a0 \u00a0 \u00a0 Build the Arrow CPython extensions\r\n-- \u00a0 ARROW_S3=OFF [default=OFF]\r\n-- \u00a0 \u00a0 \u00a0 Build Arrow with S3 support (requires the AWS SDK for C++)\r\n-- \u00a0 ARROW_TENSORFLOW=OFF [default=OFF]\r\n-- \u00a0 \u00a0 \u00a0 Build Arrow with TensorFlow support enabled\r\n-- \u00a0 ARROW_TESTING=ON [default=OFF]\r\n-- \u00a0 \u00a0 \u00a0 Build the Arrow testing libraries\r\n--\r\n-- Thirdparty toolchain options:\r\n--\r\n-- \u00a0 ARROW_DEPENDENCY_SOURCE=AUTO [default=AUTO|BUNDLED|SYSTEM|CONDA|BREW]\r\n-- \u00a0 \u00a0 \u00a0 Method to use for acquiring arrow's build dependencies\r\n-- \u00a0 ARROW_VERBOSE_THIRDPARTY_BUILD=OFF [default=OFF]\r\n-- \u00a0 \u00a0 \u00a0 Show output from ExternalProjects rather than just logging to files\r\n-- \u00a0 ARROW_DEPENDENCY_USE_SHARED=ON [default=ON]\r\n-- \u00a0 \u00a0 \u00a0 Link to shared libraries\r\n-- \u00a0 ARROW_BOOST_USE_SHARED=ON [default=ON]\r\n-- \u00a0 \u00a0 \u00a0 Rely on boost shared libraries where relevant\r\n-- \u00a0 ARROW_BROTLI_USE_SHARED=ON [default=ON]\r\n-- \u00a0 \u00a0 \u00a0 Rely on Brotli shared libraries where relevant\r\n-- \u00a0 ARROW_BZ2_USE_SHARED=ON [default=ON]\r\n-- \u00a0 \u00a0 \u00a0 Rely on Bz2 shared libraries where relevant\r\n-- \u00a0 ARROW_GFLAGS_USE_SHARED=ON [default=ON]\r\n-- \u00a0 \u00a0 \u00a0 Rely on GFlags shared libraries where relevant\r\n-- \u00a0 ARROW_GRPC_USE_SHARED=ON [default=ON]\r\n-- \u00a0 \u00a0 \u00a0 Rely on gRPC shared libraries where relevant\r\n-- \u00a0 ARROW_LZ4_USE_SHARED=ON [default=ON]\r\n-- \u00a0 \u00a0 \u00a0 Rely on lz4 shared libraries where relevant\r\n-- \u00a0 ARROW_OPENSSL_USE_SHARED=ON [default=ON]\r\n-- \u00a0 \u00a0 \u00a0 Rely on OpenSSL shared libraries where relevant\r\n-- \u00a0 ARROW_PROTOBUF_USE_SHARED=ON [default=ON]\r\n-- \u00a0 \u00a0 \u00a0 Rely on Protocol Buffers shared libraries where relevant\r\n-- \u00a0 ARROW_THRIFT_USE_SHARED=ON [default=ON]\r\n-- \u00a0 \u00a0 \u00a0 Rely on thrift shared libraries where relevant\r\n-- \u00a0 ARROW_UTF8PROC_USE_SHARED=ON [default=ON]\r\n-- \u00a0 \u00a0 \u00a0 Rely on utf8proc shared libraries where relevant\r\n-- \u00a0 ARROW_SNAPPY_USE_SHARED=ON [default=ON]\r\n-- \u00a0 \u00a0 \u00a0 Rely on snappy shared libraries where relevant\r\n-- \u00a0 ARROW_UTF8PROC_USE_SHARED=ON [default=ON]\r\n-- \u00a0 \u00a0 \u00a0 Rely on utf8proc shared libraries where relevant\r\n-- \u00a0 ARROW_ZSTD_USE_SHARED=ON [default=ON]\r\n-- \u00a0 \u00a0 \u00a0 Rely on zstd shared libraries where relevant\r\n-- \u00a0 ARROW_USE_GLOG=OFF [default=OFF]\r\n-- \u00a0 \u00a0 \u00a0 Build libraries with glog support for pluggable logging\r\n-- \u00a0 ARROW_WITH_BACKTRACE=ON [default=ON]\r\n-- \u00a0 \u00a0 \u00a0 Build with backtrace support\r\n-- \u00a0 ARROW_WITH_BROTLI=ON [default=OFF]\r\n-- \u00a0 \u00a0 \u00a0 Build with Brotli compression\r\n-- \u00a0 ARROW_WITH_BZ2=ON [default=OFF]\r\n-- \u00a0 \u00a0 \u00a0 Build with BZ2 compression\r\n-- \u00a0 ARROW_WITH_LZ4=ON [default=OFF]\r\n-- \u00a0 \u00a0 \u00a0 Build with lz4 compression\r\n-- \u00a0 ARROW_WITH_SNAPPY=ON [default=OFF]\r\n-- \u00a0 \u00a0 \u00a0 Build with Snappy compression\r\n-- \u00a0 ARROW_WITH_ZLIB=ON [default=OFF]\r\n-- \u00a0 \u00a0 \u00a0 Build with zlib compression\r\n-- \u00a0 ARROW_WITH_ZSTD=ON [default=OFF]\r\n-- \u00a0 \u00a0 \u00a0 Build with zstd compression\r\n-- \u00a0 ARROW_WITH_UTF8PROC=ON [default=ON]\r\n-- \u00a0 \u00a0 \u00a0 Build with support for Unicode properties using the utf8proc library\r\n-- \u00a0 \u00a0 \u00a0 (only used if ARROW_COMPUTE is ON)\r\n-- \u00a0 ARROW_WITH_RE2=ON [default=ON]\r\n-- \u00a0 \u00a0 \u00a0 Build with support for regular expressions using the re2 library\r\n-- \u00a0 \u00a0 \u00a0 (only used if ARROW_COMPUTE or ARROW_GANDIVA is ON)\r\n--\r\n-- Parquet options:\r\n--\r\n-- \u00a0 PARQUET_MINIMAL_DEPENDENCY=OFF [default=OFF]\r\n-- \u00a0 \u00a0 \u00a0 Depend only on Thirdparty headers to build libparquet.\r\n-- \u00a0 \u00a0 \u00a0 Always OFF if building binaries\r\n-- \u00a0 PARQUET_BUILD_EXECUTABLES=OFF [default=OFF]\r\n-- \u00a0 \u00a0 \u00a0 Build the Parquet executable CLI tools. Requires static libraries to be built.\r\n-- \u00a0 PARQUET_BUILD_EXAMPLES=OFF [default=OFF]\r\n-- \u00a0 \u00a0 \u00a0 Build the Parquet examples. Requires static libraries to be built.\r\n-- \u00a0 PARQUET_REQUIRE_ENCRYPTION=OFF [default=OFF]\r\n-- \u00a0 \u00a0 \u00a0 Build support for encryption. Fail if OpenSSL is not found\r\n--\r\n-- Gandiva options:\r\n--\r\n-- \u00a0 ARROW_GANDIVA_JAVA=OFF [default=OFF]\r\n-- \u00a0 \u00a0 \u00a0 Build the Gandiva JNI wrappers\r\n-- \u00a0 ARROW_GANDIVA_STATIC_LIBSTDCPP=OFF [default=OFF]\r\n-- \u00a0 \u00a0 \u00a0 Include -static-libstdc++ -static-libgcc when linking with\r\n-- \u00a0 \u00a0 \u00a0 Gandiva static libraries\r\n-- \u00a0 ARROW_GANDIVA_PC_CXX_FLAGS=\"\" [default=\"\"]\r\n-- \u00a0 \u00a0 \u00a0 Compiler flags to append when pre-compiling Gandiva operations\r\n--\r\n-- Advanced developer options:\r\n--\r\n-- \u00a0 ARROW_EXTRA_ERROR_CONTEXT=OFF [default=OFF]\r\n-- \u00a0 \u00a0 \u00a0 Compile with extra error context (line numbers, code)\r\n-- \u00a0 ARROW_OPTIONAL_INSTALL=OFF [default=OFF]\r\n-- \u00a0 \u00a0 \u00a0 If enabled install ONLY targets that have already been built. Please be\r\n-- \u00a0 \u00a0 \u00a0 advised that if this is enabled 'install' will fail silently on components\r\n-- \u00a0 \u00a0 \u00a0 that have not been built\r\n-- \u00a0 Outputting build configuration summary to /root/git/repos/arrow/cpp/build/cmake_summary.json\r\n-- Configuring done\r\nCMake Warning (dev) at cmake_modules/BuildUtils.cmake:693 (add_executable):\r\n\u00a0 Policy CMP0115 is not set: Source file extensions must be explicit. \u00a0Run\r\n\u00a0 \"cmake --help-policy CMP0115\" for policy details. \u00a0Use the cmake_policy\r\n\u00a0 command to set the policy and suppress this warning.\r\n\u00a0 File:\r\n\u00a0 \u00a0 /root/git/repos/arrow/cpp/src/arrow/util/future_test.cc\r\nCall Stack (most recent call first):\r\n\u00a0 src/arrow/CMakeLists.txt:62 (add_test_case)\r\n\u00a0 src/arrow/util/CMakeLists.txt:67 (add_arrow_test)\r\nThis warning is for project developers. \u00a0Use -Wno-dev to suppress it.\r\nCMake Warning (dev) at cmake_modules/BuildUtils.cmake:693 (add_executable):\r\n\u00a0 Policy CMP0115 is not set: Source file extensions must be explicit. \u00a0Run\r\n\u00a0 \"cmake --help-policy CMP0115\" for policy details. \u00a0Use the cmake_policy\r\n\u00a0 command to set the policy and suppress this warning.\r\n\u00a0 File:\r\n\u00a0 \u00a0 /root/git/repos/arrow/cpp/src/arrow/util/task_group_test.cc\r\nCall Stack (most recent call first):\r\n\u00a0 src/arrow/CMakeLists.txt:62 (add_test_case)\r\n\u00a0 src/arrow/util/CMakeLists.txt:67 (add_arrow_test)\r\nThis warning is for project developers. \u00a0Use -Wno-dev to suppress it.\r\nCMake Warning (dev) at cmake_modules/BuildUtils.cmake:693 (add_executable):\r\n\u00a0 Policy CMP0115 is not set: Source file extensions must be explicit. \u00a0Run\r\n\u00a0 \"cmake --help-policy CMP0115\" for policy details. \u00a0Use the cmake_policy\r\n\u00a0 command to set the policy and suppress this warning.\r\n\u00a0 File:\r\n\u00a0 \u00a0 /root/git/repos/arrow/cpp/src/arrow/util/thread_pool_test.cc\r\nCall Stack (most recent call first):\r\n\u00a0 src/arrow/CMakeLists.txt:62 (add_test_case)\r\n\u00a0 src/arrow/util/CMakeLists.txt:67 (add_arrow_test)\r\nThis warning is for project developers. \u00a0Use -Wno-dev to suppress it.\r\n-- Generating done\r\n-- Build files have been written to: /root/git/repos/arrow/cpp/build\r\n(pyarrow-dev) [root@s390x build]# make -j4\r\n[ \u00a00%] Creating directories for 'snappy_ep'\r\n[ \u00a00%] Creating directories for 'brotli_ep'\r\n[ \u00a01%] Creating directories for 'gflags_ep'\r\n[ \u00a02%] Creating directories for 'thrift_ep'\r\n[ \u00a02%] Performing download step (download, verify and extract) for 'snappy_ep'\r\n[ \u00a02%] Performing download step (download, verify and extract) for 'brotli_ep'\r\n[ \u00a02%] Performing download step (download, verify and extract) for 'gflags_ep'\r\n[ \u00a02%] Performing download step (download, verify and extract) for 'thrift_ep'\r\n-- gflags_ep download command succeeded. \u00a0See also /root/git/repos/arrow/cpp/build/gflags_ep-prefix/src/gflags_ep-stamp/gflags_ep-download-*.log\r\n[ \u00a02%] No update step for 'gflags_ep'\r\n[ \u00a02%] No patch step for 'gflags_ep'\r\n[ \u00a02%] Performing configure step for 'gflags_ep'\r\n-- thrift_ep download command succeeded. \u00a0See also /root/git/repos/arrow/cpp/build/thrift_ep-prefix/src/thrift_ep-stamp/thrift_ep-download-*.log\r\n[ \u00a02%] No update step for 'thrift_ep'\r\n[ \u00a02%] No patch step for 'thrift_ep'\r\n[ \u00a02%] Performing configure step for 'thrift_ep'\r\n-- snappy_ep download command succeeded. \u00a0See also /root/git/repos/arrow/cpp/build/snappy_ep-prefix/src/snappy_ep-stamp/snappy_ep-download-*.log\r\n[ \u00a02%] No update step for 'snappy_ep'\r\n[ \u00a02%] No patch step for 'snappy_ep'\r\n[ \u00a03%] Performing configure step for 'snappy_ep'\r\n-- brotli_ep download command succeeded. \u00a0See also /root/git/repos/arrow/cpp/build/brotli_ep-prefix/src/brotli_ep-stamp/brotli_ep-download-*.log\r\n[ \u00a03%] No update step for 'brotli_ep'\r\n[ \u00a03%] No patch step for 'brotli_ep'\r\n[ \u00a04%] Performing configure step for 'brotli_ep'\r\n-- brotli_ep configure command succeeded. \u00a0See also /root/git/repos/arrow/cpp/build/brotli_ep-prefix/src/brotli_ep-stamp/brotli_ep-configure-*.log\r\n[ \u00a04%] Performing build step for 'brotli_ep'\r\n-- gflags_ep configure command succeeded. \u00a0See also /root/git/repos/arrow/cpp/build/gflags_ep-prefix/src/gflags_ep-stamp/gflags_ep-configure-*.log\r\n[ \u00a04%] Performing build step for 'gflags_ep'\r\n-- snappy_ep configure command succeeded. \u00a0See also /root/git/repos/arrow/cpp/build/snappy_ep-prefix/src/snappy_ep-stamp/snappy_ep-configure-*.log\r\n[ \u00a04%] Performing build step for 'snappy_ep'\r\n-- snappy_ep build command succeeded. \u00a0See also /root/git/repos/arrow/cpp/build/snappy_ep-prefix/src/snappy_ep-stamp/snappy_ep-build-*.log\r\n[ \u00a04%] Performing install step for 'snappy_ep'\r\n-- snappy_ep install command succeeded. \u00a0See also /root/git/repos/arrow/cpp/build/snappy_ep-prefix/src/snappy_ep-stamp/snappy_ep-install-*.log\r\n[ \u00a04%] Completed 'snappy_ep'\r\n[ \u00a04%] Built target snappy_ep\r\n[ \u00a05%] Creating directories for 'jemalloc_ep'\r\n[ \u00a05%] Performing download step (download, verify and extract) for 'jemalloc_ep'\r\n-- jemalloc_ep download command succeeded. \u00a0See also /root/git/repos/arrow/cpp/build/jemalloc_ep-prefix/src/jemalloc_ep-stamp/jemalloc_ep-download-*.log\r\n[ \u00a05%] No update step for 'jemalloc_ep'\r\n[ \u00a05%] Performing patch step for 'jemalloc_ep'\r\n[ \u00a05%] Performing configure step for 'jemalloc_ep'\r\n-- thrift_ep configure command succeeded. \u00a0See also /root/git/repos/arrow/cpp/build/thrift_ep-prefix/src/thrift_ep-stamp/thrift_ep-configure-*.log\r\n[ \u00a05%] Performing build step for 'thrift_ep'\r\n-- gflags_ep build command succeeded. \u00a0See also /root/git/repos/arrow/cpp/build/gflags_ep-prefix/src/gflags_ep-stamp/gflags_ep-build-*.log\r\n[ \u00a05%] Performing install step for 'gflags_ep'\r\n-- gflags_ep install command succeeded. \u00a0See also /root/git/repos/arrow/cpp/build/gflags_ep-prefix/src/gflags_ep-stamp/gflags_ep-install-*.log\r\n[ \u00a06%] Completed 'gflags_ep'\r\n[ \u00a06%] Built target gflags_ep\r\n[ \u00a06%] Creating directories for 'googletest_ep'\r\n[ \u00a06%] Performing download step (download, verify and extract) for 'googletest_ep'\r\n-- googletest_ep download command succeeded. \u00a0See also /root/git/repos/arrow/cpp/build/googletest_ep-prefix/src/googletest_ep-stamp/googletest_ep-download-*.log\r\n[ \u00a07%] No update step for 'googletest_ep'\r\n[ \u00a07%] No patch step for 'googletest_ep'\r\n[ \u00a08%] Performing configure step for 'googletest_ep'\r\n-- googletest_ep configure command succeeded. \u00a0See also /root/git/repos/arrow/cpp/build/googletest_ep-prefix/src/googletest_ep-stamp/googletest_ep-configure-*.log\r\n[ \u00a08%] Performing build step for 'googletest_ep'\r\n-- googletest_ep build command succeeded. \u00a0See also /root/git/repos/arrow/cpp/build/googletest_ep-prefix/src/googletest_ep-stamp/googletest_ep-build-*.log\r\n[ \u00a08%] Performing install step for 'googletest_ep'\r\n-- googletest_ep install command succeeded. \u00a0See also /root/git/repos/arrow/cpp/build/googletest_ep-prefix/src/googletest_ep-stamp/googletest_ep-install-*.log\r\n[ \u00a08%] Completed 'googletest_ep'\r\n[ \u00a08%] Built target googletest_ep\r\n[ \u00a08%] Creating directories for 'rapidjson_ep'\r\n[ \u00a09%] Performing download step (download, verify and extract) for 'rapidjson_ep'\r\n-- brotli_ep build command succeeded. \u00a0See also /root/git/repos/arrow/cpp/build/brotli_ep-prefix/src/brotli_ep-stamp/brotli_ep-build-*.log\r\n[ \u00a09%] Performing install step for 'brotli_ep'\r\n-- rapidjson_ep download command succeeded. \u00a0See also /root/git/repos/arrow/cpp/build/src/rapidjson_ep-stamp/rapidjson_ep-download-*.log\r\n[ \u00a09%] No update step for 'rapidjson_ep'\r\n[ \u00a09%] No patch step for 'rapidjson_ep'\r\n[ \u00a09%] Performing configure step for 'rapidjson_ep'\r\n-- rapidjson_ep configure command succeeded. \u00a0See also /root/git/repos/arrow/cpp/build/src/rapidjson_ep-stamp/rapidjson_ep-configure-*.log\r\n[ \u00a09%] Performing build step for 'rapidjson_ep'\r\n-- rapidjson_ep build command succeeded. \u00a0See also /root/git/repos/arrow/cpp/build/src/rapidjson_ep-stamp/rapidjson_ep-build-*.log\r\n[ \u00a09%] Performing install step for 'rapidjson_ep'\r\n-- brotli_ep install command succeeded. \u00a0See also /root/git/repos/arrow/cpp/build/brotli_ep-prefix/src/brotli_ep-stamp/brotli_ep-install-*.log\r\n[ \u00a09%] Completed 'brotli_ep'\r\n[ \u00a09%] Built target brotli_ep\r\n[ \u00a09%] Creating directories for 'lz4_ep'\r\n[ \u00a09%] Performing download step (download, verify and extract) for 'lz4_ep'\r\n-- rapidjson_ep install command succeeded. \u00a0See also /root/git/repos/arrow/cpp/build/src/rapidjson_ep-stamp/rapidjson_ep-install-*.log\r\n[ \u00a09%] Completed 'rapidjson_ep'\r\n[ \u00a09%] Built target rapidjson_ep\r\n[ 10%] Creating directories for 're2_ep'\r\n[ 10%] Performing download step (download, verify and extract) for 're2_ep'\r\n-- lz4_ep download command succeeded. \u00a0See also /root/git/repos/arrow/cpp/build/lz4_ep-prefix/src/lz4_ep-stamp/lz4_ep-download-*.log\r\n[ 11%] Performing update step for 'lz4_ep'\r\n[ 11%] No patch step for 'lz4_ep'\r\n[ 12%] No configure step for 'lz4_ep'\r\n[ 12%] Performing build step for 'lz4_ep'\r\n-- re2_ep download command succeeded. \u00a0See also /root/git/repos/arrow/cpp/build/re2_ep-prefix/src/re2_ep-stamp/re2_ep-download-*.log\r\n[ 12%] No update step for 're2_ep'\r\n[ 12%] No patch step for 're2_ep'\r\n[ 12%] Performing configure step for 're2_ep'\r\n-- re2_ep configure command succeeded. \u00a0See also /root/git/repos/arrow/cpp/build/re2_ep-prefix/src/re2_ep-stamp/re2_ep-configure-*.log\r\n[ 12%] Performing build step for 're2_ep'\r\n-- jemalloc_ep configure command succeeded. \u00a0See also /root/git/repos/arrow/cpp/build/jemalloc_ep-prefix/src/jemalloc_ep-stamp/jemalloc_ep-configure-*.log\r\n[ 12%] Performing build step for 'jemalloc_ep'\r\n-- thrift_ep build command succeeded. \u00a0See also /root/git/repos/arrow/cpp/build/thrift_ep-prefix/src/thrift_ep-stamp/thrift_ep-build-*.log\r\n[ 12%] Performing install step for 'thrift_ep'\r\n-- thrift_ep install command succeeded. \u00a0See also /root/git/repos/arrow/cpp/build/thrift_ep-prefix/src/thrift_ep-stamp/thrift_ep-install-*.log\r\n[ 13%] Completed 'thrift_ep'\r\n[ 13%] Built target thrift_ep\r\n[ 13%] Creating directories for 'utf8proc_ep'\r\n[ 13%] Performing download step (download, verify and extract) for 'utf8proc_ep'\r\n-- utf8proc_ep download command succeeded. \u00a0See also /root/git/repos/arrow/cpp/build/utf8proc_ep-prefix/src/utf8proc_ep-stamp/utf8proc_ep-download-*.log\r\n[ 14%] No update step for 'utf8proc_ep'\r\n[ 14%] No patch step for 'utf8proc_ep'\r\n[ 15%] Performing configure step for 'utf8proc_ep'\r\n-- utf8proc_ep configure command succeeded. \u00a0See also /root/git/repos/arrow/cpp/build/utf8proc_ep-prefix/src/utf8proc_ep-stamp/utf8proc_ep-configure-*.log\r\n[ 15%] Performing build step for 'utf8proc_ep'\r\n-- utf8proc_ep build command succeeded. \u00a0See also /root/git/repos/arrow/cpp/build/utf8proc_ep-prefix/src/utf8proc_ep-stamp/utf8proc_ep-build-*.log\r\n[ 15%] Performing install step for 'utf8proc_ep'\r\n-- utf8proc_ep install command succeeded. \u00a0See also /root/git/repos/arrow/cpp/build/utf8proc_ep-prefix/src/utf8proc_ep-stamp/utf8proc_ep-install-*.log\r\n[ 15%] Completed 'utf8proc_ep'\r\n[ 15%] Built target utf8proc_ep\r\n[ 15%] Built target toolchain-tests\r\n[ 15%] Building CXX object src/arrow/dataset/CMakeFiles/arrow_dataset_objlib.dir/dataset.cc.o\r\n[ 15%] Building CXX object src/arrow/dataset/CMakeFiles/arrow_dataset_objlib.dir/discovery.cc.o\r\n[ 15%] Building CXX object src/arrow/dataset/CMakeFiles/arrow_dataset_objlib.dir/expression.cc.o\r\n-- lz4_ep build command succeeded. \u00a0See also /root/git/repos/arrow/cpp/build/lz4_ep-prefix/src/lz4_ep-stamp/lz4_ep-build-*.log\r\n[ 15%] No install step for 'lz4_ep'\r\n[ 15%] Completed 'lz4_ep'\r\n[ 15%] Built target lz4_ep\r\n[ 15%] Building CXX object src/arrow/python/CMakeFiles/arrow_python_test_main.dir/util/test_main.cc.o\r\n[ 15%] Linking CXX static library ../../../debug/libarrow_python_test_main.a\r\n[ 15%] Built target arrow_python_test_main\r\n[ 15%] Built target arrow_test_dependencies\r\n[ 15%] Building CXX object src/arrow/CMakeFiles/arrow_testing_objlib.dir/io/test_common.cc.o\r\n[ 15%] Building CXX object src/arrow/CMakeFiles/arrow_testing_objlib.dir/ipc/test_common.cc.o\r\n[ 15%] Building CXX object src/arrow/dataset/CMakeFiles/arrow_dataset_objlib.dir/file_base.cc.o\r\n[ 16%] Building CXX object src/arrow/dataset/CMakeFiles/arrow_dataset_objlib.dir/file_ipc.cc.o\r\n[ 16%] Building CXX object src/arrow/CMakeFiles/arrow_testing_objlib.dir/testing/json_integration.cc.o\r\n[ 16%] Building CXX object src/arrow/CMakeFiles/arrow_testing_objlib.dir/testing/json_internal.cc.o\r\n[ 16%] Building CXX object src/arrow/dataset/CMakeFiles/arrow_dataset_objlib.dir/partition.cc.o\r\n[ 16%] Building CXX object src/arrow/dataset/CMakeFiles/arrow_dataset_objlib.dir/projector.cc.o\r\n[ 17%] Building CXX object src/arrow/CMakeFiles/arrow_testing_objlib.dir/testing/gtest_util.cc.o\r\n[ 17%] Building CXX object src/arrow/dataset/CMakeFiles/arrow_dataset_objlib.dir/scanner.cc.o\r\n[ 17%] Building CXX object src/arrow/CMakeFiles/arrow_testing_objlib.dir/testing/random.cc.o\r\n[ 17%] Building CXX object src/arrow/dataset/CMakeFiles/arrow_dataset_objlib.dir/file_csv.cc.o\r\n[ 17%] Building CXX object src/arrow/CMakeFiles/arrow_testing_objlib.dir/testing/generator.cc.o\r\n[ 18%] Building CXX object src/arrow/dataset/CMakeFiles/arrow_dataset_objlib.dir/file_parquet.cc.o\r\n[ 18%] Building CXX object src/arrow/CMakeFiles/arrow_testing_objlib.dir/testing/util.cc.o\r\n[ 18%] Building CXX object src/arrow/CMakeFiles/arrow_testing_objlib.dir/csv/test_common.cc.o\r\n-- re2_ep build command succeeded. \u00a0See also /root/git/repos/arrow/cpp/build/re2_ep-prefix/src/re2_ep-stamp/re2_ep-build-*.log\r\n[ 18%] Performing install step for 're2_ep'\r\n[ 19%] Building CXX object src/arrow/CMakeFiles/arrow_testing_objlib.dir/filesystem/test_util.cc.o\r\n[ 19%] Built target arrow_dataset_objlib\r\n-- re2_ep install command succeeded. \u00a0See also /root/git/repos/arrow/cpp/build/re2_ep-prefix/src/re2_ep-stamp/re2_ep-install-*.log\r\n[ 20%] Completed 're2_ep'\r\n[ 20%] Built target re2_ep\r\n[ 20%] Built target toolchain\r\n[ 20%] Built target arrow_testing_objlib\r\n-- jemalloc_ep build command succeeded. \u00a0See also /root/git/repos/arrow/cpp/build/jemalloc_ep-prefix/src/jemalloc_ep-stamp/jemalloc_ep-build-*.log\r\n[ 20%] Performing install step for 'jemalloc_ep'\r\n-- jemalloc_ep install command succeeded. \u00a0See also /root/git/repos/arrow/cpp/build/jemalloc_ep-prefix/src/jemalloc_ep-stamp/jemalloc_ep-install-*.log\r\n[ 20%] Completed 'jemalloc_ep'\r\n[ 20%] Built target jemalloc_ep\r\n[ 21%] Bundling /root/git/repos/arrow/cpp/build/debug/libarrow_bundled_dependencies.a\r\n[ 21%] Built target arrow_dependencies\r\n[ 21%] Building CXX object src/arrow/python/CMakeFiles/arrow_python_objlib.dir/arrow_to_pandas.cc.o\r\n[ 21%] Building CXX object src/arrow/CMakeFiles/arrow_objlib.dir/array/array_base.cc.o\r\n[ 21%] Building CXX object src/arrow/python/CMakeFiles/arrow_python_objlib.dir/benchmark.cc.o\r\n[ 22%] Building CXX object src/arrow/python/CMakeFiles/arrow_python_objlib.dir/common.cc.o\r\n[ 22%] Building CXX object src/arrow/python/CMakeFiles/arrow_python_objlib.dir/datetime.cc.o\r\n[ 22%] Building CXX object src/arrow/python/CMakeFiles/arrow_python_objlib.dir/decimal.cc.o\r\n[ 22%] Building CXX object src/arrow/CMakeFiles/arrow_objlib.dir/array/array_binary.cc.o\r\n[ 23%] Building CXX object src/arrow/CMakeFiles/arrow_objlib.dir/array/array_decimal.cc.o\r\n[ 23%] Building CXX object src/arrow/python/CMakeFiles/arrow_python_objlib.dir/deserialize.cc.o\r\n[ 23%] Building CXX object src/arrow/CMakeFiles/arrow_objlib.dir/array/array_dict.cc.o\r\n[ 23%] Built target arrow_bundled_dependencies\r\n[ 23%] Building CXX object src/arrow/CMakeFiles/arrow_objlib.dir/array/array_nested.cc.o\r\n[ 23%] Building CXX object src/arrow/python/CMakeFiles/arrow_python_objlib.dir/extension_type.cc.o\r\n[ 24%] Building CXX object src/arrow/python/CMakeFiles/arrow_python_objlib.dir/helpers.cc.o\r\n[ 24%] Building CXX object src/arrow/CMakeFiles/arrow_objlib.dir/array/array_primitive.cc.o\r\n[ 24%] Building CXX object src/arrow/python/CMakeFiles/arrow_python_objlib.dir/inference.cc.o\r\n[ 24%] Building CXX object src/arrow/python/CMakeFiles/arrow_python_objlib.dir/init.cc.o\r\n[ 24%] Building CXX object src/arrow/python/CMakeFiles/arrow_python_objlib.dir/io.cc.o\r\n[ 24%] Building CXX object src/arrow/CMakeFiles/arrow_objlib.dir/array/builder_adaptive.cc.o\r\n[ 24%] Building CXX object src/arrow/python/CMakeFiles/arrow_python_objlib.dir/ipc.cc.o\r\n[ 24%] Building CXX object src/arrow/CMakeFiles/arrow_objlib.dir/array/builder_base.cc.o\r\n[ 25%] Building CXX object src/arrow/python/CMakeFiles/arrow_python_objlib.dir/numpy_convert.cc.o\r\n[ 26%] Building CXX object src/arrow/CMakeFiles/arrow_objlib.dir/array/builder_binary.cc.o\r\n[ 26%] Building CXX object src/arrow/python/CMakeFiles/arrow_python_objlib.dir/numpy_to_arrow.cc.o\r\n[ 26%] Building CXX object src/arrow/CMakeFiles/arrow_objlib.dir/array/builder_decimal.cc.o\r\n[ 26%] Building CXX object src/arrow/CMakeFiles/arrow_objlib.dir/array/builder_dict.cc.o\r\n[ 26%] Building CXX object src/arrow/CMakeFiles/arrow_objlib.dir/array/builder_nested.cc.o\r\n[ 26%] Building CXX object src/arrow/python/CMakeFiles/arrow_python_objlib.dir/python_to_arrow.cc.o\r\n[ 26%] Building CXX object src/arrow/python/CMakeFiles/arrow_python_objlib.dir/pyarrow.cc.o\r\n[ 26%] Building CXX object src/arrow/CMakeFiles/arrow_objlib.dir/array/builder_primitive.cc.o\r\n[ 27%] Building CXX object src/arrow/CMakeFiles/arrow_objlib.dir/array/builder_union.cc.o\r\n[ 27%] Building CXX object src/arrow/CMakeFiles/arrow_objlib.dir/array/concatenate.cc.o\r\n[ 27%] Building CXX object src/arrow/python/CMakeFiles/arrow_python_objlib.dir/serialize.cc.o\r\n[ 27%] Building CXX object src/arrow/CMakeFiles/arrow_objlib.dir/array/data.cc.o\r\n[ 27%] Building CXX object src/arrow/CMakeFiles/arrow_objlib.dir/array/diff.cc.o\r\n[ 27%] Building CXX object src/arrow/CMakeFiles/arrow_objlib.dir/array/util.cc.o\r\n[ 28%] Building CXX object src/arrow/python/CMakeFiles/arrow_python_objlib.dir/filesystem.cc.o\r\n[ 29%] Building CXX object src/arrow/CMakeFiles/arrow_objlib.dir/array/validate.cc.o\r\n[ 29%] Built target arrow_python_objlib\r\n[ 29%] Linking CXX static library ../../../debug/libarrow_python.a\r\n[ 29%] Built target arrow_python_static\r\n[ 29%] Building CXX object src/arrow/CMakeFiles/arrow_objlib.dir/builder.cc.o\r\n[ 29%] Building CXX object src/arrow/CMakeFiles/arrow_objlib.dir/buffer.cc.o\r\n[ 29%] Building CXX object src/arrow/CMakeFiles/arrow_objlib.dir/chunked_array.cc.o\r\n[ 29%] Building CXX object src/arrow/CMakeFiles/arrow_objlib.dir/compare.cc.o\r\n[ 30%] Building CXX object src/arrow/CMakeFiles/arrow_objlib.dir/config.cc.o\r\n[ 30%] Building CXX object src/arrow/CMakeFiles/arrow_objlib.dir/datum.cc.o\r\n[ 30%] Building CXX object src/arrow/CMakeFiles/arrow_objlib.dir/device.cc.o\r\n[ 30%] Building CXX object src/arrow/CMakeFiles/arrow_objlib.dir/extension_type.cc.o\r\n[ 30%] Building CXX object src/arrow/CMakeFiles/arrow_objlib.dir/memory_pool.cc.o\r\n[ 30%] Building CXX object src/arrow/CMakeFiles/arrow_objlib.dir/pretty_print.cc.o\r\n[ 31%] Building CXX object src/arrow/CMakeFiles/arrow_objlib.dir/record_batch.cc.o\r\n[ 31%] Building CXX object src/arrow/CMakeFiles/arrow_objlib.dir/result.cc.o\r\n[ 31%] Building CXX object src/arrow/CMakeFiles/arrow_objlib.dir/scalar.cc.o\r\n[ 31%] Building CXX object src/arrow/CMakeFiles/arrow_objlib.dir/sparse_tensor.cc.o\r\n[ 31%] Building CXX object src/arrow/CMakeFiles/arrow_objlib.dir/status.cc.o\r\n[ 32%] Building CXX object src/arrow/CMakeFiles/arrow_objlib.dir/table.cc.o\r\n[ 32%] Building CXX object src/arrow/CMakeFiles/arrow_objlib.dir/table_builder.cc.o\r\n[ 32%] Building CXX object src/arrow/CMakeFiles/arrow_objlib.dir/tensor.cc.o\r\n[ 32%] Building CXX object src/arrow/CMakeFiles/arrow_objlib.dir/tensor/coo_converter.cc.o\r\n[ 32%] Building CXX object src/arrow/CMakeFiles/arrow_objlib.dir/tensor/csf_converter.cc.o\r\n[ 33%] Building CXX object src/arrow/CMakeFiles/arrow_objlib.dir/tensor/csx_converter.cc.o\r\n[ 33%] Building CXX object src/arrow/CMakeFiles/arrow_objlib.dir/type.cc.o\r\n[ 33%] Building CXX object src/arrow/CMakeFiles/arrow_objlib.dir/visitor.cc.o\r\n[ 33%] Building CXX object src/arrow/CMakeFiles/arrow_objlib.dir/c/bridge.cc.o\r\n[ 33%] Building CXX object src/arrow/CMakeFiles/arrow_objlib.dir/io/buffered.cc.o\r\n[ 34%] Building CXX object src/arrow/CMakeFiles/arrow_objlib.dir/io/caching.cc.o\r\n[ 34%] Building CXX object src/arrow/CMakeFiles/arrow_objlib.dir/io/compressed.cc.o\r\n[ 34%] Building CXX object src/arrow/CMakeFiles/arrow_objlib.dir/io/file.cc.o\r\n[ 34%] Building CXX object src/arrow/CMakeFiles/arrow_objlib.dir/io/hdfs.cc.o\r\n[ 34%] Building CXX object src/arrow/CMakeFiles/arrow_objlib.dir/io/hdfs_internal.cc.o\r\n[ 34%] Building CXX object src/arrow/CMakeFiles/arrow_objlib.dir/io/interfaces.cc.o\r\n[ 35%] Building CXX object src/arrow/CMakeFiles/arrow_objlib.dir/io/memory.cc.o\r\n[ 35%] Building CXX object src/arrow/CMakeFiles/arrow_objlib.dir/io/slow.cc.o\r\n[ 35%] Building CXX object src/arrow/CMakeFiles/arrow_objlib.dir/io/transform.cc.o\r\n[ 35%] Building CXX object src/arrow/CMakeFiles/arrow_objlib.dir/util/basic_decimal.cc.o\r\n[ 35%] Building CXX object src/arrow/CMakeFiles/arrow_objlib.dir/util/bit_block_counter.cc.o\r\n[ 36%] Building CXX object src/arrow/CMakeFiles/arrow_objlib.dir/util/bit_run_reader.cc.o\r\n[ 36%] Building CXX object src/arrow/CMakeFiles/arrow_objlib.dir/util/bit_util.cc.o\r\n[ 36%] Building CXX object src/arrow/CMakeFiles/arrow_objlib.dir/util/bitmap.cc.o\r\n[ 36%] Building CXX object src/arrow/CMakeFiles/arrow_objlib.dir/util/bitmap_builders.cc.o\r\n[ 36%] Building CXX object src/arrow/CMakeFiles/arrow_objlib.dir/util/bitmap_ops.cc.o\r\n[ 37%] Building CXX object src/arrow/CMakeFiles/arrow_objlib.dir/util/bpacking.cc.o\r\n[ 37%] Building CXX object src/arrow/CMakeFiles/arrow_objlib.dir/util/compression.cc.o\r\n[ 37%] Building CXX object src/arrow/CMakeFiles/arrow_objlib.dir/util/cpu_info.cc.o\r\n[ 37%] Building CXX object src/arrow/CMakeFiles/arrow_objlib.dir/util/decimal.cc.o\r\n[ 37%] Building CXX object src/arrow/CMakeFiles/arrow_objlib.dir/util/delimiting.cc.o\r\n[ 38%] Building CXX object src/arrow/CMakeFiles/arrow_objlib.dir/util/formatting.cc.o\r\n[ 38%] Building CXX object src/arrow/CMakeFiles/arrow_objlib.dir/util/future.cc.o\r\n[ 38%] Building CXX object src/arrow/CMakeFiles/arrow_objlib.dir/util/int_util.cc.o\r\n[ 38%] Building CXX object src/arrow/CMakeFiles/arrow_objlib.dir/util/io_util.cc.o\r\n[ 38%] Building CXX object src/arrow/CMakeFiles/arrow_objlib.dir/util/iterator.cc.o\r\n[ 38%] Building CXX object src/arrow/CMakeFiles/arrow_objlib.dir/util/logging.cc.o\r\n[ 39%] Building CXX object src/arrow/CMakeFiles/arrow_objlib.dir/util/key_value_metadata.cc.o\r\n[ 39%] Building CXX object src/arrow/CMakeFiles/arrow_objlib.dir/util/memory.cc.o\r\n[ 39%] Building CXX object src/arrow/CMakeFiles/arrow_objlib.dir/util/mutex.cc.o\r\n[ 39%] Building CXX object src/arrow/CMakeFiles/arrow_objlib.dir/util/string.cc.o\r\n[ 39%] Building CXX object src/arrow/CMakeFiles/arrow_objlib.dir/util/string_builder.cc.o\r\n[ 40%] Building CXX object src/arrow/CMakeFiles/arrow_objlib.dir/util/task_group.cc.o\r\n[ 40%] Building CXX object src/arrow/CMakeFiles/arrow_objlib.dir/util/thread_pool.cc.o\r\n[ 40%] Building CXX object src/arrow/CMakeFiles/arrow_objlib.dir/util/time.cc.o\r\n[ 40%] Building CXX object src/arrow/CMakeFiles/arrow_objlib.dir/util/trie.cc.o\r\n[ 40%] Building CXX object src/arrow/CMakeFiles/arrow_objlib.dir/util/uri.cc.o\r\n[ 41%] Building CXX object src/arrow/CMakeFiles/arrow_objlib.dir/util/utf8.cc.o\r\n[ 41%] Building CXX object src/arrow/CMakeFiles/arrow_objlib.dir/util/value_parsing.cc.o\r\n[ 41%] Building CXX object src/arrow/CMakeFiles/arrow_objlib.dir/vendored/base64.cpp.o\r\n[ 41%] Building CXX object src/arrow/CMakeFiles/arrow_objlib.dir/vendored/datetime/tz.cpp.o\r\n[ 41%] Building CXX object src/arrow/CMakeFiles/arrow_objlib.dir/vendored/double-conversion/bignum.cc.o\r\n[ 42%] Building CXX object src/arrow/CMakeFiles/arrow_objlib.dir/vendored/double-conversion/double-conversion.cc.o\r\nIn file included from /root/git/repos/arrow/cpp/src/arrow/vendored/fast_float/fast_float.h:47,\r\n\u00a0 \u00a0 \u00a0 \u00a0 \u00a0 \u00a0 \u00a0 \u00a0 \u00a0from /root/git/repos/arrow/cpp/src/arrow/util/value_parsing.cc:23:\r\n/root/git/repos/arrow/cpp/src/arrow/vendored/fast_float/parse_number.h: In function 'arrow_vendored::fast_float::from_chars_result arrow_vendored::fast_float::from_chars(const char*, const char*, T&, arrow_vendored::fast_float::chars_format) [with T = double]':\r\n/root/git/repos/arrow/cpp/src/arrow/vendored/fast_float/parse_number.h:113:14: error: 'void* memcpy(void*, const void*, size_t)' forming offset [9, 12] is out of the bounds [0, 8] of object 'word' with type 'uint64_t' {aka 'long unsigned int'} [-Werror=array-bounds]\r\n\u00a0 \u00a0 \u00a0 ::memcpy(&value, (char *)&word + 4, sizeof(T)); // extract value at offset 4-7 if float on big-endian\r\n\u00a0 \u00a0 \u00a0 ~~~~~~~~^~~~~~~~~~~~~~~~~~~~~~~~~~~~~~~~~~~~~~\r\n/root/git/repos/arrow/cpp/src/arrow/vendored/fast_float/parse_number.h:107:12: note: 'word' declared here\r\n\u00a0 \u00a0uint64_t word = am.mantissa;\r\n\u00a0 \u00a0 \u00a0 \u00a0 \u00a0 \u00a0 ^~~~\r\n[ 42%] Building CXX object src/arrow/CMakeFiles/arrow_objlib.dir/vendored/double-conversion/bignum-dtoa.cc.o\r\ncc1plus: all warnings being treated as errors\r\n[ 42%] Building CXX object src/arrow/CMakeFiles/arrow_objlib.dir/vendored/double-conversion/fast-dtoa.cc.o\r\nmake[2]: *** [src/arrow/CMakeFiles/arrow_objlib.dir/build.make:1224: src/arrow/CMakeFiles/arrow_objlib.dir/util/value_parsing.cc.o] Error 1\r\nmake[2]: *** Waiting for unfinished jobs....\r\nmake[1]: *** [CMakeFiles/Makefile2:1565: src/arrow/CMakeFiles/arrow_objlib.dir/all] Error 2\r\nmake: *** [Makefile:146: all] Error 2\r\n```\r\n\u00a0",
        "created_at": "2022-02-04T09:37:57.000Z",
        "updated_at": "2022-02-24T15:04:32.000Z",
        "labels": [
            "Migrated from Jira",
            "Component: C++",
            "Type: bug"
        ],
        "closed": true,
        "closed_at": "2022-02-24T15:04:32.000Z"
    },
    "comments": [
        {
            "created_at": "2022-02-07T17:59:13.759Z",
            "body": "***Note**: [Comment](https://issues.apache.org/jira/browse/ARROW-15563?focusedCommentId=17488294) by Antoine Pitrou (apitrou):*\ncc `[~kiszk]` \u00a0"
        },
        {
            "created_at": "2022-02-07T18:00:14.333Z",
            "body": "***Note**: [Comment](https://issues.apache.org/jira/browse/ARROW-15563?focusedCommentId=17488295) by Antoine Pitrou (apitrou):*\n[~mr.chandureddy]\u00a0 Have you tried with Arrow 6.0.0 or 7.0.0?"
        },
        {
            "created_at": "2022-02-08T01:40:32.624Z",
            "body": "***Note**: [Comment](https://issues.apache.org/jira/browse/ARROW-15563?focusedCommentId=17488531) by Kazuaki Ishizaki (kiszk):*\nSure, I will look at this"
        },
        {
            "created_at": "2022-02-16T18:15:33.994Z",
            "body": "***Note**: [Comment](https://issues.apache.org/jira/browse/ARROW-15563?focusedCommentId=17493397) by Kazuaki Ishizaki (kiszk):*\nThis problem does not occur in the master branch. This is because [the latest parse_number.h](https://github.com/apache/arrow/blob/master/cpp/src/arrow/vendored/fast_float/parse_number.h) does not have this statement.\r\n\r\nSo, it would be good to pick up the recent version of Arrow."
        },
        {
            "created_at": "2022-02-17T13:00:53.435Z",
            "body": "***Note**: [Comment](https://issues.apache.org/jira/browse/ARROW-15563?focusedCommentId=17493924) by Antoine Pitrou (apitrou):*\nPerhaps we can close this issue then."
        },
        {
            "created_at": "2022-02-17T13:27:16.276Z",
            "body": "***Note**: [Comment](https://issues.apache.org/jira/browse/ARROW-15563?focusedCommentId=17493936) by Chandra Shekhar Reddy (mr.chandureddy):*\nThank you `[~apitrou]` \u00a0 and `[~kiszk]` . Let me check with latest code and then get back to you."
        },
        {
            "created_at": "2022-02-24T09:57:42.922Z",
            "body": "***Note**: [Comment](https://issues.apache.org/jira/browse/ARROW-15563?focusedCommentId=17497299) by Chandra Shekhar Reddy (mr.chandureddy):*\n`[~apitrou]` \u00a0 and `[~adeetikaushal]` I was able to build the PyArrow 7.0.0 with out any issues. Thank you !\r\n\r\nOn the other hand issue https://issues.apache.org/jira/browse/ARROW-15645\u00a0 makes me worried to move to greater level of PyArrow versions on ZLinux.\r\n\r\nPlease advise. Thank you !"
        },
        {
            "created_at": "2022-02-24T15:04:32.993Z",
            "body": "***Note**: [Comment](https://issues.apache.org/jira/browse/ARROW-15563?focusedCommentId=17497454) by Antoine Pitrou (apitrou):*\n[~mr.chandureddy] I suggest you follow ARROW-15645 for updates. Thank you for this report!"
        }
    ]
}