{
    "issue": {
        "title": "[Rust] Clippy PR test failing intermittently on Rust / AMD64 MacOS ",
        "body": "***Note**: This issue was originally created as [ARROW-9628](https://issues.apache.org/jira/browse/ARROW-9628). Please see the [migration documentation](https://gist.github.com/toddfarmer/12aa88361532d21902818a6044fda4c3) for further details.*\n\n### Original Issue Description:\nAs reported by `[~jorgecarleitao]`, on https://github.com/apache/arrow/commit/aa6889a74c57d6faea0d27ea8013d9b0c7ef809a#commitcomment-41124305\r\n\r\n\" I believe that this is somehow interacting with the caching system and sometimes failing the build of clippy. E.g. this build is failing for Mac OS, and it hits the cache: https://github.com/apache/arrow/runs/937976656\r\n\r\n```Java\n\r\n  Downloaded heck v0.3.1\r\n  Downloaded aho-corasick v0.7.13\r\n  Downloaded fnv v1.0.7\r\n  Downloaded futures-io v0.3.5\r\n  Downloaded base64 v0.11.0\r\n  Downloaded dirs v1.0.5\r\n  Downloaded async-stream-impl v0.2.1\r\n  Downloaded async-stream v0.2.1\r\n  Downloaded anyhow v1.0.32\r\n  Downloaded atty v0.2.14\r\n  Downloaded num-integer v0.1.43\r\n   Compiling arrow-flight v2.0.0-SNAPSHOT (/Users/runner/work/arrow/arrow/rust/arrow-flight)\r\nerror[E0463]: can't find crate for `prost_derive` which `tonic_build` depends on\r\n  --> arrow-flight/build.rs:36:9\r\n   |\r\n36 |         tonic_build::compile_protos(\"../../format/Flight.proto\")?;\r\n   |         ^^^^^^^^^^^ can't find crate\r\n\r\nerror: aborting due to previous error\r\n```\r\n",
        "created_at": "2020-08-03T11:16:05.000Z",
        "updated_at": "2020-11-18T16:45:16.000Z",
        "labels": [
            "Migrated from Jira",
            "Component: Rust",
            "Type: bug"
        ],
        "closed": true,
        "closed_at": "2020-08-10T19:32:49.000Z"
    },
    "comments": [
        {
            "created_at": "2020-08-03T11:16:44.201Z",
            "body": "***Note**: [Comment](https://issues.apache.org/jira/browse/ARROW-9628?focusedCommentId=17169933) by Andrew Lamb (alamb):*\nPossibly introduced as part of ARROW-9600"
        },
        {
            "created_at": "2020-08-03T11:20:53.258Z",
            "body": "***Note**: [Comment](https://issues.apache.org/jira/browse/ARROW-9628?focusedCommentId=17169936) by Andrew Lamb (alamb):*\nI looked into the build failure and also couldn't reproduce it or really understand it yet. \r\n\r\nWhat is really strange is that the standard output of the failure, https://github.com/apache/arrow/runs/937976656, reports that prost-derive v.0.6.1 was actually downloaded a few lines prior to the error that prost_derive can't be found:\r\n\r\n```Java\n\r\n...\r\n  Downloaded prost-derive v0.6.1\r\n  Downloaded net2 v0.2.34\r\n  Downloaded memchr v2.3.3\r\n  Downloaded futures-task v0.3.5\r\n  Downloaded num-complex v0.3.0\r\n  Downloaded multimap v0.8.1\r\n  Downloaded http v0.2.1\r\n  Downloaded futures-channel v0.3.5\r\n  Downloaded bytes v0.5.6\r\n  Downloaded autocfg v1.0.0\r\n  Downloaded heck v0.3.1\r\n  Downloaded aho-corasick v0.7.13\r\n  Downloaded fnv v1.0.7\r\n  Downloaded futures-io v0.3.5\r\n  Downloaded base64 v0.11.0\r\n  Downloaded dirs v1.0.5\r\n\r\nerror[E0463]: can't find crate for `prost_derive` which `tonic_build` depends on\r\n  --> arrow-flight/build.rs:36:9\r\n   |\r\n36 |         tonic_build::compile_protos(\"../../format/Flight.proto\")?;\r\n   |         ^^^^^^^^^^^ can't find crate\r\n\r\nerror: aborting due to previous error\r\n\r\n```\r\n\r\nI couldn't quite figure out where  https://github.com/apache/arrow/runs/938082881 actually ran Clippy.\r\n\r\nMy next step will be to try and reproduce the error via CI\r\n"
        },
        {
            "created_at": "2020-08-03T11:49:30.516Z",
            "body": "***Note**: [Comment](https://issues.apache.org/jira/browse/ARROW-9628?focusedCommentId=17169957) by Andrew Lamb (alamb):*\nI made my a small PR that doesn't have any code changes, to trigger CI, and the clippy test passes\r\nhttps://github.com/apache/arrow/pull/7888/checks?check_run_id=940273873\r\n\r\nNext up I am going to try and reproduce the failure reported by `[~jorgecarleitao]` directly from https://github.com/apache/arrow/pull/7878"
        },
        {
            "created_at": "2020-08-03T14:22:38.702Z",
            "body": "***Note**: [Comment](https://issues.apache.org/jira/browse/ARROW-9628?focusedCommentId=17170063) by Andrew Lamb (alamb):*\nI tried several ways to reproduce this failure and I could not. I am not sure what else to try. Without being able to reproduce it I am not sure how to proceed.\r\n\r\nWhat I tried:\r\n\r\nA comment only change and ran CI:  (clippy check passed)\r\nhttps://github.com/apache/arrow/pull/7888/checks?check_run_id=940273873\r\n\r\nI also pushed another change to retrigger the checks (and use the cache), and that passed too https://github.com/apache/arrow/pull/7888/checks?check_run_id=940344621\r\n\r\n```Java\n\r\nRun actions/cache@v1\r\nCache Size: ~1483 MB (1555038972 B)\r\n/usr/bin/tar -xz -f /Users/runner/work/_temp/47bfe8c9-756f-45a9-b38b-e8b15590b4bc/cache.tgz -C /Users/runner/work/arrow/arrow/rust/target\r\nCache restored from key: macos-10-rust-\r\n```\r\n\r\n\r\nI also then made a second PR from the same commit as reported by Jorge:\r\nhttps://github.com/apache/arrow/pull/7889/checks?check_run_id=940374460 and the CI passed\r\n\r\nAnd that also passed (seems like it tried to use the cache but failed):\r\nhttps://github.com/apache/arrow/pull/7889/checks?check_run_id=940562824\r\n\r\n```Java\n\r\nRun actions/cache@v1\r\n  with:\r\n    path: rust/target\r\n    key: macos-10-rust-\r\n    restore-keys: macos-10-rust-\r\n  env:\r\n    DOCKER_BUILDKIT: 0\r\n    COMPOSE_DOCKER_CLI_BUILD: 1\r\n    ARCHERY_DOCKER_USER:\r\n    ARCHERY_DOCKER_PASSWORD:\r\n[warning]connect ETIMEDOUT 13.107.42.16:443\r\n```\r\n"
        },
        {
            "created_at": "2020-08-03T14:24:32.271Z",
            "body": "***Note**: [Comment](https://issues.apache.org/jira/browse/ARROW-9628?focusedCommentId=17170066) by Andrew Lamb (alamb):*\nI can't reproduce this issue, so marking it thusly. If I think of anything else to try I will"
        },
        {
            "created_at": "2020-08-03T15:07:30.764Z",
            "body": "***Note**: [Comment](https://issues.apache.org/jira/browse/ARROW-9628?focusedCommentId=17170097) by Andy Grove (andygrove):*\nPlease see <https://github.com/apache/arrow/pull/7893> since it is possibly related"
        },
        {
            "created_at": "2020-08-04T12:31:28.051Z",
            "body": "***Note**: [Comment](https://issues.apache.org/jira/browse/ARROW-9628?focusedCommentId=17170769) by Andy Grove (andygrove):*\nI just saw this as well, but with a different crate:\r\n\r\n\r\n```java\n\r\n        Checking arrow v2.0.0-SNAPSHOT (/Users/runner/work/arrow/arrow/rust/arrow)\r\n\r\n    \r\n   error[E0463]: can't find crate for `serde_derive`\r\n   \r\n      --> arrow/src/datatypes.rs:36:5\r\n    \r\n       |\r\n    \r\n    36 | use serde_derive::{Deserialize, Serialize};\r\n    \r\n       |     ^^^^^^^^^^^^ can't find crate \n```\r\n\u00a0\r\n\r\nfailed build: https://github.com/apache/arrow/pull/7892/checks?check_run_id=943030043"
        },
        {
            "created_at": "2020-08-10T16:07:09.373Z",
            "body": "***Note**: [Comment](https://issues.apache.org/jira/browse/ARROW-9628?focusedCommentId=17174415) by Andrew Lamb (alamb):*\nI also have seen this occur on other unrelated crates:\r\n\r\nhttps://github.com/apache/arrow/pull/7924/checks?check_run_id=967387407\r\n\r\n```Java\n\r\n  Downloaded num-iter v0.1.41\r\n    Checking arrow v2.0.0-SNAPSHOT (/Users/runner/work/arrow/arrow/rust/arrow)\r\nerror[E0463]: can't find crate for `serde_derive`\r\n  --> arrow/src/datatypes.rs:36:5\r\n   |\r\n36 | use serde_derive::{Deserialize, Serialize};\r\n   |     ^^^^^^^^^^^^ can't find crate\r\n\r\nerror: aborting due to previous error\r\n\r\nFor more information about this error, try `rustc --explain E0463`.\r\nerror: could not compile `arrow`.\r\n\r\nTo learn more, run the command again with --verbose.\r\n##[error]Process completed with exit code 101.\r\n```"
        },
        {
            "created_at": "2020-08-10T16:12:04.072Z",
            "body": "***Note**: [Comment](https://issues.apache.org/jira/browse/ARROW-9628?focusedCommentId=17174423) by Andrew Lamb (alamb):*\nA workaround to force the checks to rerun, as explained in https://stackoverflow.com/questions/52408592/how-to-relaunch-github-check-without-pushing-new-commits is to push an empty commit:\r\n\r\n```Java\n\r\ngit commit -m 'retrigger checks' --allow-empty\r\ngit push\r\n```\r\n"
        },
        {
            "created_at": "2020-08-10T16:13:51.071Z",
            "body": "***Note**: [Comment](https://issues.apache.org/jira/browse/ARROW-9628?focusedCommentId=17174424) by Andrew Lamb (alamb):*\nHere is another failure: https://github.com/apache/arrow/pull/7925/checks?check_run_id=967467157"
        },
        {
            "created_at": "2020-08-10T17:11:48.800Z",
            "body": "***Note**: [Comment](https://issues.apache.org/jira/browse/ARROW-9628?focusedCommentId=17174889) by Andrew Lamb (alamb):*\nThe code to add the caching was introduced in the PR for ARROW-7136\r\nhttps://github.com/apache/arrow/commit/651201b0f516272d360e1717461fc72597365168"
        },
        {
            "created_at": "2020-08-10T17:12:48.070Z",
            "body": "***Note**: [Comment](https://issues.apache.org/jira/browse/ARROW-9628?focusedCommentId=17174904) by Andrew Lamb (alamb):*\n\r\nFailing: https://github.com/apache/arrow/runs/967509493 @ https://github.com/apache/arrow/pull/7924/commits/2bc6bcc587b60af72a8d90ca1c5c741ab6e8bca0\r\n\r\nThen I  removed the remove the use of cached artifacts on MacOS in https://github.com/apache/arrow/pull/7924/commits/70ce8f4816cc1f486c528d153b9ef56ba290ee29  the test passed: https://github.com/apache/arrow/pull/7924/checks?check_run_id=967743121"
        },
        {
            "created_at": "2020-08-10T19:32:49.285Z",
            "body": "***Note**: [Comment](https://issues.apache.org/jira/browse/ARROW-9628?focusedCommentId=17175021) by Krisztian Szucs (kszucs):*\nIssue resolved by pull request 7926\n<https://github.com/apache/arrow/pull/7926>"
        }
    ]
}