{
    "issue": {
        "title": "[C++] Arrow Dataset minor issue in ORC blocks tests",
        "body": "***Note**: This issue was originally created as [ARROW-14788](https://issues.apache.org/jira/browse/ARROW-14788). Please see the [migration documentation](https://gist.github.com/toddfarmer/12aa88361532d21902818a6044fda4c3) for further details.*\n\n### Original Issue Description:\n[286/570] Building CXX object src/arrow/dataset/CMakeFiles/arrow-dataset-file-orc-test.dir/file_orc_test.cc.o\r\nFAILED: src/arrow/dataset/CMakeFiles/arrow-dataset-file-orc-test.dir/file_orc_test.cc.o\u00a0\r\n/usr/local/bin/ccache /Library/Developer/CommandLineTools/usr/bin/c++ -DARROW_HAVE_RUNTIME_AVX2 -DARROW_HAVE_RUNTIME_AVX512 -DARROW_HAVE_RUNTIME_BMI2 -DARROW_HAVE_RUNTIME_SSE4_2 -DARROW_HAVE_SSE4_2 -DARROW_HDFS -DARROW_JEMALLOC -DARROW_JEMALLOC_INCLUDE_DIR=\"\" -DARROW_WITH_BROTLI -DARROW_WITH_BZ2 -DARROW_WITH_LZ4 -DARROW_WITH_RE2 -DARROW_WITH_SNAPPY -DARROW_WITH_TIMING_TESTS -DARROW_WITH_UTF8PROC -DARROW_WITH_ZLIB -DARROW_WITH_ZSTD -DBOOST_ALL_NO_LIB -DBOOST_FILESYSTEM_DYN_LINK -DBOOST_SYSTEM_DYN_LINK -DURI_STATIC_BUILD -Isrc -I../../src -I../../src/generated -isystem ../../thirdparty/flatbuffers/include -isystem /usr/local/include -isystem /Users/karlkatzen/anaconda3/envs/arrow/include -isystem jemalloc_ep-prefix/src -isystem /usr/local/Cellar/rapidjson/1.1.0/include -isystem xsimd_ep/src/xsimd_ep-install/include -isystem re2_ep-install/include -isystem ../../thirdparty/hadoop/include -isystem orc_ep-install/include -Qunused-arguments -fcolor-diagnostics -ggdb -O0 \u00a0-Wall -Wextra -Wdocumentation -Wno-missing-braces -Wno-unused-parameter -Wno-constant-logical-operand -Werror -Wno-unknown-warning-option -Wno-pass-failed -stdlib=libc++ -msse4.2 \u00a0-g -isysroot /Library/Developer/CommandLineTools/SDKs/MacOSX10.15.sdk -fPIE -std=c++11 -MD -MT src/arrow/dataset/CMakeFiles/arrow-dataset-file-orc-test.dir/file_orc_test.cc.o -MF src/arrow/dataset/CMakeFiles/arrow-dataset-file-orc-test.dir/file_orc_test.cc.o.d -o src/arrow/dataset/CMakeFiles/arrow-dataset-file-orc-test.dir/file_orc_test.cc.o -c ../../src/arrow/dataset/file_orc_test.cc\r\n../../src/arrow/dataset/file_orc_test.cc:47:5: error: ignoring return value of function declared with 'warn_unused_result' attribute [-Werror,-Wunused-result]\r\n\u00a0 \u00a0 writer->Write(\\*table);\r\n\u00a0 \u00a0 ^~~~~~~~~~~~~ ~~~~~~\r\n1 error generated.",
        "created_at": "2021-11-22T09:03:44.000Z",
        "updated_at": "2021-11-22T16:05:37.000Z",
        "labels": [
            "Migrated from Jira",
            "Component: C++",
            "Type: bug"
        ],
        "closed": true,
        "closed_at": "2021-11-22T13:07:32.000Z"
    },
    "comments": [
        {
            "created_at": "2021-11-22T13:07:32.321Z",
            "body": "***Note**: [Comment](https://issues.apache.org/jira/browse/ARROW-14788?focusedCommentId=17447382) by David Li (lidavidm):*\nIssue resolved by pull request 11750\n<https://github.com/apache/arrow/pull/11750>"
        }
    ]
}