{
    "issue": {
        "title": "[C++] Arrow 1.0.1 fails to build on Arch Linux (gtest.cc:4388:13: error: ignoring return value of 'size_t fwrite(const void*, size_t, size_t, FILE*)'...",
        "body": "***Note**: This issue was originally created as [ARROW-9894](https://issues.apache.org/jira/browse/ARROW-9894). Please see the [migration documentation](https://gist.github.com/toddfarmer/12aa88361532d21902818a6044fda4c3) for further details.*\n\n### Original Issue Description:\nWhen attempting to build Arrow 1.0.1 for Arch Linux, an error is encountered that appears to be related to a warning generated in a test:\r\n\r\n```\r\n[  0%] Performing build step for 'googletest_ep'\r\nCMake Error at /mnt/storage/software/arrow/src/build/googletest_ep-prefix/src/googletest_ep-stamp/googletest_ep-build-RELEASE.cmake:37 (message):\r\n  Command failed: 2\r\n\r\n   'make'\r\n\r\n  See also\r\n\r\n    /mnt/storage/software/arrow/src/build/googletest_ep-prefix/src/googletest_ep-stamp/googletest_ep-build-\\*.log\r\n\r\n\r\n\u2013 stdout output is:\r\n[ 12%] Building CXX object googlemock/gtest/CMakeFiles/gtest.dir/src/gtest-all.cc.o\r\n\r\n\u2013 stderr output is:\r\nIn file included from /mnt/storage/software/arrow/src/build/googletest_ep-prefix/src/googletest_ep/googletest/src/gtest-all.cc:41:0:\r\n/mnt/storage/software/arrow/src/build/googletest_ep-prefix/src/googletest_ep/googletest/src/gtest.cc: In constructor 'testing::internal::ScopedPrematureExitFile::ScopedPrematureExitFile(const char\\*)':\r\n/mnt/storage/software/arrow/src/build/googletest_ep-prefix/src/googletest_ep/googletest/src/gtest.cc:4388:13: error: ignoring return value of 'size_t fwrite(const void\\*, size_t, size_t, FILE\\*)', declared with attribute warn_unused_result [-Werror=unused-result]\r\n       fwrite(\"0\", 1, 1, pfile);\r\n       ~~~~~<sub>^</sub>~~~~~~~~~~~~~~~~\r\ncc1plus: all warnings being treated as errors\r\nmake[5]: \\*\\*\\* [googlemock/gtest/CMakeFiles/gtest.dir/build.make:82: googlemock/gtest/CMakeFiles/gtest.dir/src/gtest-all.cc.o] Error 1\r\nmake[4]: \\*\\*\\* [CMakeFiles/Makefile2:219: googlemock/gtest/CMakeFiles/gtest.dir/all] Error 2\r\nmake[3]: \\*\\*\\* [Makefile:160: all] Error 2\r\n\r\nCMake Error at /mnt/storage/software/arrow/src/build/googletest_ep-prefix/src/googletest_ep-stamp/googletest_ep-build-RELEASE.cmake:47 (message):\r\n  Stopping after outputting logs.\r\n\r\n\r\nmake[2]: \\*\\*\\* [CMakeFiles/googletest_ep.dir/build.make:131: googletest_ep-prefix/src/googletest_ep-stamp/googletest_ep-build] Error 1\r\nmake[1]: \\*\\*\\* [CMakeFiles/Makefile2:1035: CMakeFiles/googletest_ep.dir/all] Error 2\r\nmake: \\*\\*\\* [Makefile:160: all] Error 2\r\n```\r\n\r\nAttempted installation via PKGBUILD: https://aur.archlinux.org/packages/arrow/",
        "created_at": "2020-09-01T14:32:35.000Z",
        "updated_at": "2020-09-01T18:41:50.000Z",
        "labels": [
            "Migrated from Jira",
            "Type: bug"
        ],
        "closed": true,
        "closed_at": "2020-09-01T18:41:49.000Z"
    },
    "comments": [
        {
            "created_at": "2020-09-01T15:03:03.998Z",
            "body": "***Note**: [Comment](https://issues.apache.org/jira/browse/ARROW-9894?focusedCommentId=17188535) by Neal Richardson (npr):*\nI'm not sure why that external project fails to build, but you could either (1) add gtest as a dependency in the PKGBUILD so that it doesn't try to build it from source (and remove -DGTest_SOURCE=BUNDLED), or (2) turn off building the tests in the arrow cmake (-DARROW_BUILD_TESTS=OFF)"
        },
        {
            "created_at": "2020-09-01T18:40:45.484Z",
            "body": "***Note**: [Comment](https://issues.apache.org/jira/browse/ARROW-9894?focusedCommentId=17188735) by Keith Hughitt (khughitt):*\nHi Neal,\r\n\r\nThanks for the quick response and suggestions!\r\n\r\nI tried your first suggestion and install gtest (and also gmock), and removed the \"-DGTest_SOURCE=BUNDLED\" flag and that did the trick!\r\n\r\nI'll report the issue downstream to the AUR package maintainer.\r\n\r\nI'm going to close this issue since the original problem appears to relate more to a build dependency than to arrow itself. Feel free to re-open it if you think it's worth tracking / trying to add a check or work-around to the CMakefile though."
        },
        {
            "created_at": "2020-09-01T18:41:50.066Z",
            "body": "***Note**: [Comment](https://issues.apache.org/jira/browse/ARROW-9894?focusedCommentId=17188737) by Keith Hughitt (khughitt):*\n(See suggested work-around in issue comments)"
        }
    ]
}