{
    "issue": {
        "title": "[Python] test failure with Flight enabled",
        "body": "***Note**: This issue was originally created as [ARROW-4954](https://issues.apache.org/jira/browse/ARROW-4954). Please see the [migration documentation](https://gist.github.com/toddfarmer/12aa88361532d21902818a6044fda4c3) for further details.*\n\n### Original Issue Description:\nWhen building with Flight enabled, I get the following failure:\r\n```java\n\r\nTraceback (most recent call last):\r\n  File \"/home/antoine/arrow/python/pyarrow/tests/test_array.py\", line 43, in test_total_bytes_allocated\r\n    assert pa.total_allocated_bytes() == 0\r\nAssertionError: assert 256 == 0\r\n +  where 256 = <built-in function total_allocated_bytes>()\r\n +    where <built-in function total_allocated_bytes> = pa.total_allocated_bytes\r\n```",
        "created_at": "2019-03-18T20:06:54.000Z",
        "updated_at": "2019-03-19T07:53:55.000Z",
        "labels": [
            "Migrated from Jira",
            "Component: FlightRPC",
            "Component: Python",
            "Type: bug"
        ],
        "closed": true,
        "closed_at": "2019-03-19T07:53:48.000Z"
    },
    "comments": [
        {
            "created_at": "2019-03-19T07:53:48.201Z",
            "body": "***Note**: [Comment](https://issues.apache.org/jira/browse/ARROW-4954?focusedCommentId=16795798) by Krisztian Szucs (kszucs):*\nIssue resolved by pull request 3968\n<https://github.com/apache/arrow/pull/3968>"
        }
    ]
}