{
    "issue": {
        "title": "[C++][Gandiva] SelectionVector related test failed on big-endian platforms",
        "body": "***Note**: This issue was originally created as [ARROW-8778](https://issues.apache.org/jira/browse/ARROW-8778). Please see the [migration documentation](https://gist.github.com/toddfarmer/12aa88361532d21902818a6044fda4c3) for further details.*\n\n### Original Issue Description:\nThese test failures in gandiva tests occur on big-endian platforms\r\n\r\n```Java\n\r\n...\r\n[----------] 11 tests from TestSelectionVector\r\n[ RUN      ] TestSelectionVector.TestInt16Make\r\n[       OK ] TestSelectionVector.TestInt16Make (0 ms)\r\n[ RUN      ] TestSelectionVector.TestInt16MakeNegative\r\n[       OK ] TestSelectionVector.TestInt16MakeNegative (1 ms)\r\n[ RUN      ] TestSelectionVector.TestInt16Set\r\n[       OK ] TestSelectionVector.TestInt16Set (0 ms)\r\n[ RUN      ] TestSelectionVector.TestInt16PopulateFromBitMap\r\n/arrow/cpp/src/gandiva/selection_vector_test.cc:116: Failure\r\nExpected equality of these values:\r\n  selection->GetIndex(0)\r\n    Which is: 56\r\n  0\r\n/arrow/cpp/src/gandiva/selection_vector_test.cc:117: Failure\r\nExpected equality of these values:\r\n  selection->GetIndex(1)\r\n    Which is: 61\r\n  5\r\n/arrow/cpp/src/gandiva/selection_vector_test.cc:118: Failure\r\nExpected equality of these values:\r\n  selection->GetIndex(2)\r\n    Which is: 65\r\n  121\r\n[  FAILED  ] TestSelectionVector.TestInt16PopulateFromBitMap (0 ms)\r\n[ RUN      ] TestSelectionVector.TestInt16PopulateFromBitMapNegative\r\n/arrow/cpp/src/gandiva/selection_vector_test.cc:137: Failure\r\nExpected equality of these values:\r\n  status.IsInvalid()\r\n    Which is: false\r\n  true\r\n[  FAILED  ] TestSelectionVector.TestInt16PopulateFromBitMapNegative (0 ms)\r\n[ RUN      ] TestSelectionVector.TestInt32Set\r\n[       OK ] TestSelectionVector.TestInt32Set (0 ms)\r\n[ RUN      ] TestSelectionVector.TestInt32PopulateFromBitMap\r\n/arrow/cpp/src/gandiva/selection_vector_test.cc:187: Failure\r\nExpected equality of these values:\r\n  selection->GetIndex(0)\r\n    Which is: 56\r\n  0\r\n/arrow/cpp/src/gandiva/selection_vector_test.cc:188: Failure\r\nExpected equality of these values:\r\n  selection->GetIndex(1)\r\n    Which is: 61\r\n  5\r\n/arrow/cpp/src/gandiva/selection_vector_test.cc:189: Failure\r\nExpected equality of these values:\r\n  selection->GetIndex(2)\r\n    Which is: 65\r\n  121\r\n[  FAILED  ] TestSelectionVector.TestInt32PopulateFromBitMap (0 ms)\r\n[ RUN      ] TestSelectionVector.TestInt32MakeNegative\r\n[       OK ] TestSelectionVector.TestInt32MakeNegative (0 ms)\r\n[ RUN      ] TestSelectionVector.TestInt64Set\r\n[       OK ] TestSelectionVector.TestInt64Set (0 ms)\r\n[ RUN      ] TestSelectionVector.TestInt64PopulateFromBitMap\r\n/arrow/cpp/src/gandiva/selection_vector_test.cc:252: Failure\r\nExpected equality of these values:\r\n  selection->GetIndex(0)\r\n    Which is: 56\r\n  0\r\n/arrow/cpp/src/gandiva/selection_vector_test.cc:253: Failure\r\nExpected equality of these values:\r\n  selection->GetIndex(1)\r\n    Which is: 61\r\n  5\r\n/arrow/cpp/src/gandiva/selection_vector_test.cc:254: Failure\r\nExpected equality of these values:\r\n  selection->GetIndex(2)\r\n    Which is: 65\r\n  121\r\n[  FAILED  ] TestSelectionVector.TestInt64PopulateFromBitMap (0 ms)\r\n[ RUN      ] TestSelectionVector.TestInt64MakeNegative\r\n[       OK ] TestSelectionVector.TestInt64MakeNegative (0 ms)\r\n[----------] 11 tests from TestSelectionVector (1 ms total)\r\n[----------] 2 tests from TestLruCache\r\n[ RUN      ] TestLruCache.TestEvict\r\n[       OK ] TestLruCache.TestEvict (0 ms)\r\n[ RUN      ] TestLruCache.TestLruBehavior\r\n[       OK ] TestLruCache.TestLruBehavior (0 ms)\r\n[----------] 2 tests from TestLruCache (0 ms total)\r\n[----------] 4 tests from TestToDateHolder\r\n[ RUN      ] TestToDateHolder.TestSimpleDateTime\r\n[       OK ] TestToDateHolder.TestSimpleDateTime (0 ms)\r\n[ RUN      ] TestToDateHolder.TestSimpleDate\r\n[       OK ] TestToDateHolder.TestSimpleDate (0 ms)\r\n[ RUN      ] TestToDateHolder.TestSimpleDateTimeError\r\n[       OK ] TestToDateHolder.TestSimpleDateTimeError (0 ms)\r\n[ RUN      ] TestToDateHolder.TestSimpleDateTimeMakeError\r\n[       OK ] TestToDateHolder.TestSimpleDateTimeMakeError (0 ms)\r\n[----------] 4 tests from TestToDateHolder (1 ms total)\r\n[----------] 3 tests from TestSimpleArena\r\n[ RUN      ] TestSimpleArena.TestAlloc\r\n[       OK ] TestSimpleArena.TestAlloc (0 ms)\r\n[ RUN      ] TestSimpleArena.TestReset1\r\n[       OK ] TestSimpleArena.TestReset1 (0 ms)\r\n[ RUN      ] TestSimpleArena.TestReset2\r\n[       OK ] TestSimpleArena.TestReset2 (0 ms)\r\n[----------] 3 tests from TestSimpleArena (0 ms total)\r\n[----------] 6 tests from TestLikeHolder\r\n[ RUN      ] TestLikeHolder.TestMatchAny\r\n[       OK ] TestLikeHolder.TestMatchAny (0 ms)\r\n[ RUN      ] TestLikeHolder.TestMatchOne\r\n[       OK ] TestLikeHolder.TestMatchOne (0 ms)\r\n[ RUN      ] TestLikeHolder.TestPcreSpecial\r\n[       OK ] TestLikeHolder.TestPcreSpecial (0 ms)\r\n[ RUN      ] TestLikeHolder.TestRegexEscape\r\n[       OK ] TestLikeHolder.TestRegexEscape (0 ms)\r\n[ RUN      ] TestLikeHolder.TestDot\r\n[       OK ] TestLikeHolder.TestDot (0 ms)\r\n[ RUN      ] TestLikeHolder.TestOptimise\r\n[       OK ] TestLikeHolder.TestOptimise (1 ms)\r\n[----------] 6 tests from TestLikeHolder (1 ms total)\r\n[----------] 1 test from DecimalResultTypes\r\n[ RUN      ] DecimalResultTypes.Basic\r\n[       OK ] DecimalResultTypes.Basic (0 ms)\r\n[----------] 1 test from DecimalResultTypes (0 ms total)\r\n[----------] 4 tests from TestRandGenHolder\r\n[ RUN      ] TestRandGenHolder.NoSeed\r\n[       OK ] TestRandGenHolder.NoSeed (0 ms)\r\n[ RUN      ] TestRandGenHolder.WithValidEqualSeeds\r\n[       OK ] TestRandGenHolder.WithValidEqualSeeds (0 ms)\r\n[ RUN      ] TestRandGenHolder.WithValidSeeds\r\n[       OK ] TestRandGenHolder.WithValidSeeds (0 ms)\r\n[ RUN      ] TestRandGenHolder.WithInValidSeed\r\n[       OK ] TestRandGenHolder.WithInValidSeed (0 ms)\r\n[----------] 4 tests from TestRandGenHolder (0 ms total)\r\n[----------] Global test environment tear-down\r\n[==========] 60 tests from 17 test cases ran. (157 ms total)\r\n[  PASSED  ] 56 tests.\r\n[  FAILED  ] 4 tests, listed below:\r\n[  FAILED  ] TestSelectionVector.TestInt16PopulateFromBitMap\r\n[  FAILED  ] TestSelectionVector.TestInt16PopulateFromBitMapNegative\r\n[  FAILED  ] TestSelectionVector.TestInt32PopulateFromBitMap\r\n[  FAILED  ] TestSelectionVector.TestInt64PopulateFromBitMap\r\n 4 FAILED TESTS\r\n...\r\n```",
        "created_at": "2020-05-12T18:11:28.000Z",
        "updated_at": "2020-05-14T21:19:09.000Z",
        "labels": [
            "Migrated from Jira",
            "Component: C++ - Gandiva",
            "Type: enhancement"
        ],
        "closed": true,
        "closed_at": "2020-05-14T21:19:07.000Z"
    },
    "comments": [
        {
            "created_at": "2020-05-14T21:19:07.407Z",
            "body": "***Note**: [Comment](https://issues.apache.org/jira/browse/ARROW-8778?focusedCommentId=17107681) by Kouhei Sutou (kou):*\nIssue resolved by pull request 7161\n<https://github.com/apache/arrow/pull/7161>"
        }
    ]
}