{
    "issue": {
        "title": "[CI][Java][Flight] Verify release candidate fails on org.apache.arrow.flight.TestDoExchange",
        "body": "***Note**: This issue was originally created as [ARROW-16307](https://issues.apache.org/jira/browse/ARROW-16307). Please see the [migration documentation](https://gist.github.com/toddfarmer/12aa88361532d21902818a6044fda4c3) for further details.*\n\n### Original Issue Description:\nCurrently our nightly verify release is failing on verify-rc-source-java-macos-amd64 with the following error (https://github.com/ursacomputing/crossbow/runs/6147103836?check_suite_focus=true):\r\n```java\n\r\n \u00a0Warning: \u00a0Tests run: 6, Failures: 0, Errors: 0, Skipped: 4, Time elapsed: 0.021 s - in org.apache.arrow.flight.TestApplicationMetadata\r\n[INFO] Running org.apache.arrow.flight.TestFlightService\r\n[INFO] Tests run: 1, Failures: 0, Errors: 0, Skipped: 0, Time elapsed: 0 s - in org.apache.arrow.flight.TestFlightService\r\n[INFO]\u00a0\r\n[INFO] Results:\r\n[INFO]\u00a0\r\nError: \u00a0Errors:\u00a0\r\nError: \u00a0 \u00a0TestDoExchange.tearDown:74 \u00bb IllegalState Memory was leaked by query. Memory l...\r\n[INFO]\u00a0\r\nError: \u00a0Tests run: 108, Failures: 0, Errors: 1, Skipped: 19\r\n[INFO]\u00a0\r\n[INFO] ------------------------------------------------------------------------\r\n[INFO] Reactor Summary for Apache Arrow Java Root POM 8.0.0-SNAPSHOT:\r\n[INFO]\u00a0\r\n[INFO] Apache Arrow Java Root POM ......................... SUCCESS [ \u00a06.956 s]\r\n[INFO] Arrow Format ....................................... SUCCESS [ \u00a01.402 s]\r\n[INFO] Arrow Memory ....................................... SUCCESS [ \u00a01.021 s]\r\n[INFO] Arrow Memory - Core ................................ SUCCESS [ \u00a05.303 s]\r\n[INFO] Arrow Memory - Unsafe .............................. SUCCESS [ \u00a03.614 s]\r\n[INFO] Arrow Memory - Netty ............................... SUCCESS [ \u00a03.989 s]\r\n[INFO] Arrow Vectors ...................................... SUCCESS [ 29.436 s]\r\n[INFO] Arrow Compression .................................. SUCCESS [ \u00a04.271 s]\r\n[INFO] Arrow Tools ........................................ SUCCESS [ 22.850 s]\r\n[INFO] Arrow JDBC Adapter ................................. SUCCESS [ \u00a09.101 s]\r\n[INFO] Arrow Plasma Client ................................ SUCCESS [ \u00a01.068 s]\r\n[INFO] Arrow Flight ....................................... SUCCESS [ \u00a01.072 s]\r\n[INFO] Arrow Flight Core .................................. FAILURE [ 37.941 s]\r\n[INFO] Arrow Flight GRPC .................................. SKIPPED\r\n[INFO] Arrow Flight SQL ................................... SKIPPED\r\n[INFO] Arrow Flight Integration Tests ..................... SKIPPED\r\n[INFO] Arrow AVRO Adapter ................................. SKIPPED\r\n[INFO] Arrow Algorithms ................................... SKIPPED\r\n[INFO] Arrow Performance Benchmarks ....................... SKIPPED\r\n[INFO] ------------------------------------------------------------------------\r\n[INFO] BUILD FAILURE\r\n[INFO] ------------------------------------------------------------------------\r\n[INFO] Total time: \u00a002:08 min\r\n[INFO] Finished at: 2022-04-24T14:17:58Z\r\n[INFO] ------------------------------------------------------------------------\r\nError: \u00a0Failed to execute goal org.apache.maven.plugins:maven-surefire-plugin:3.0.0-M3:test (default-test) on project flight-core: There are test failures.\r\nError: \u00a0\r\nError: \u00a0Please refer to /Users/runner/work/crossbow/crossbow/arrow/java/flight/flight-core/target/surefire-reports for the individual test results.\r\nError: \u00a0Please refer to dump files (if any exist) [date].dump, [date]-jvmRun[N].dump and [date].dumpstream.\r\nError: \u00a0-> [Help 1]\r\nError: \u00a0\r\nError: \u00a0To see the full stack trace of the errors, re-run Maven with the -e switch.\r\nError: \u00a0Re-run Maven using the -X switch to enable full debug logging.\r\nError: \u00a0\r\nError: \u00a0For more information about the errors and possible solutions, please read the following articles:\r\nError: \u00a0[Help 1] http://cwiki.apache.org/confluence/display/MAVEN/MojoFailureException\r\nError: \u00a0\r\nError: \u00a0After correcting the problems, you can resume the build with the command\r\nError: \u00a0 \u00a0mvn <args> -rf :flight-core\r\nFailed to verify release candidate. See /var/folders/24/8k48jl6d249_n_qfxwsl6xvm0000gn/T/arrow-HEAD.XXXXX.q7EbeuIy for details.\r\n```",
        "created_at": "2022-04-25T10:20:41.000Z",
        "updated_at": "2022-04-30T13:41:22.000Z",
        "labels": [
            "Migrated from Jira",
            "Component: Continuous Integration",
            "Component: FlightRPC",
            "Component: Java",
            "Type: bug"
        ],
        "closed": true,
        "closed_at": "2022-04-25T12:36:45.000Z"
    },
    "comments": [
        {
            "created_at": "2022-04-25T10:31:59.011Z",
            "body": "***Note**: [Comment](https://issues.apache.org/jira/browse/ARROW-16307?focusedCommentId=17527410) by Ra\u00fal Cumplido (raulcd):*\nCC - `[~dsusanibara]` `[~davidli]` \u00a0\r\n\r\nTagging you because I think you might know what might be happening"
        },
        {
            "created_at": "2022-04-25T11:57:47.732Z",
            "body": "***Note**: [Comment](https://issues.apache.org/jira/browse/ARROW-16307?focusedCommentId=17527444) by David Li (lidavidm):*\n`[~raulcd]` note I'm \"lidavidm\"\r\n\r\nThis is a duplicate of ARROW-12233 I've never been able to reproduce locally. We can maybe skip the test for now. It would help if we could at least get full failure logs (putting the allocator in debug mode should at least give a full traceback for that IllegalStateException, not sure why we don't get it here as I thought this was enabled when running tests)"
        },
        {
            "created_at": "2022-04-25T12:36:45.169Z",
            "body": "***Note**: [Comment](https://issues.apache.org/jira/browse/ARROW-16307?focusedCommentId=17527457) by Krisztian Szucs (kszucs):*\nIssue resolved by pull request 12986\n<https://github.com/apache/arrow/pull/12986>"
        }
    ]
}