{
    "issue": {
        "title": "[C++][Compute] Test failures with gcc-9.3 on aarch64",
        "body": "***Note**: This issue was originally created as [ARROW-11398](https://issues.apache.org/jira/browse/ARROW-11398). Please see the [migration documentation](https://gist.github.com/toddfarmer/12aa88361532d21902818a6044fda4c3) for further details.*\n\n### Original Issue Description:\nThe tests\r\n- arrow-compute-scalar-test\n  - \"TestCompareKernel.PrimitiveRandomTests\"\n- arrow-compute-vector-test\n  - \"TestFilterKernelWithNumeric/3.CompareArrayAndFilterRandomNumeric\"\n  - \"TestFilterKernelWithNumeric/7.CompareArrayAndFilterRandomNumeric\"\n    \n    Fail on aarch64 on NixOS. Full Build log is attached.",
        "created_at": "2021-01-27T10:14:55.000Z",
        "updated_at": "2021-08-02T18:35:47.000Z",
        "labels": [
            "Migrated from Jira",
            "Component: C++",
            "Type: bug"
        ],
        "closed": true,
        "closed_at": "2021-02-03T04:39:09.000Z"
    },
    "comments": [
        {
            "created_at": "2021-01-27T10:19:10.279Z",
            "body": "***Note**: [Comment](https://issues.apache.org/jira/browse/ARROW-11398?focusedCommentId=17272742) by Antoine Pitrou (apitrou):*\nThanks for the report. The output is difficult to read. Can you try again with `ctest --output-on-failure`?\r\n\r\nAlso, is this only on aarch64 or also on x86-64?"
        },
        {
            "created_at": "2021-01-27T10:25:12.075Z",
            "body": "***Note**: [Comment](https://issues.apache.org/jira/browse/ARROW-11398?focusedCommentId=17272746) by Tobias Mayer (tobim):*\nSorry I don't have access to the test system or any other aarch64 system.\r\n\r\nThis is only on aarch64."
        },
        {
            "created_at": "2021-01-27T10:27:15.183Z",
            "body": "***Note**: [Comment](https://issues.apache.org/jira/browse/ARROW-11398?focusedCommentId=17272749) by Antoine Pitrou (apitrou):*\nYou mean there isn't a way to affect the build procedure or build options?"
        },
        {
            "created_at": "2021-01-27T10:33:07.584Z",
            "body": "***Note**: [Comment](https://issues.apache.org/jira/browse/ARROW-11398?focusedCommentId=17272752) by Antoine Pitrou (apitrou):*\nNote such errors were already reported in ARROW-6213, and most likely it was due to buggy compiler auto-vectorization. Another gcc version fixed the issue (though you're using a new gcc version still).\r\n\r\nIf you don't have the possibility to even change the compiler or compiler flags it will be difficult to diagnose this."
        },
        {
            "created_at": "2021-01-28T05:35:49.207Z",
            "body": "***Note**: [Comment](https://issues.apache.org/jira/browse/ARROW-11398?focusedCommentId=17273330) by Yibo Cai (yibocai):*\nI reproduced this issue on one aarch64 server. As `[~apitrou]` commented, this bug is related to compiler.\r\n This bug occurs with gcc-9.3.0, same as build log from\u00a0 `[~tobim]`.\r\n I also tried gcc-7.5.0, everything is fine.\r\n Will do some deeper investigation when have time."
        },
        {
            "created_at": "2021-01-28T06:02:14.075Z",
            "body": "***Note**: [Comment](https://issues.apache.org/jira/browse/ARROW-11398?focusedCommentId=17273343) by Yibo Cai (yibocai):*\nSteps to reproduce on ubuntu 18.04, aarch64\r\n\r\ninstall gcc-9\r\nhttps://askubuntu.com/questions/1140183/install-gcc-9-on-ubuntu-18-04\r\n\r\nbuild\r\n```bash\n\r\n$ cmake -GNinja -DCMAKE_BUILD_TYPE=Release -DARROW_BUILD_TESTS=ON -DARROW_COMPUTE=ON -DCMAKE_C_COMPILER=gcc-9 -DCMAKE_CXX_COMPILER=g++-9 ..\r\n$ ninja\r\n```\r\n\r\ntest\r\n```bash\n\r\n$ release/arrow-compute-vector-test\r\n...\r\n[  FAILED  ] 2 tests, listed below:\r\n[  FAILED  ] TestFilterKernelWithNumeric/3.CompareArrayAndFilterRandomNumeric, where TypeParam = arrow::UInt64Type\r\n[  FAILED  ] TestFilterKernelWithNumeric/7.CompareArrayAndFilterRandomNumeric, where TypeParam = arrow::Int64Type\r\n\r\n$ release/arrow-compute-scalar-test\r\n...\r\n[  FAILED  ] 1 test, listed below:\r\n[  FAILED  ] TestCompareKernel.PrimitiveRandomTests\r\n```"
        },
        {
            "created_at": "2021-01-28T06:05:22.873Z",
            "body": "***Note**: [Comment](https://issues.apache.org/jira/browse/ARROW-11398?focusedCommentId=17273345) by Yibo Cai (yibocai):*\n`[~tobim]`, so I think this is not an Arrow bug. A quick fix is to switch the compiler to gcc-7 (maybe clang, gcc-8, ...)."
        },
        {
            "created_at": "2021-01-28T09:15:33.223Z",
            "body": "***Note**: [Comment](https://issues.apache.org/jira/browse/ARROW-11398?focusedCommentId=17273437) by Antoine Pitrou (apitrou):*\nShould you perhaps try to make a gcc bug report?"
        },
        {
            "created_at": "2021-01-28T09:23:53.300Z",
            "body": "***Note**: [Comment](https://issues.apache.org/jira/browse/ARROW-11398?focusedCommentId=17273446) by Yibo Cai (yibocai):*\nSure. Will try to see if can produce a simple test code. Also ask some Arm compiler guys to see if they know something."
        },
        {
            "created_at": "2021-01-28T09:47:04.930Z",
            "body": "***Note**: [Comment](https://issues.apache.org/jira/browse/ARROW-11398?focusedCommentId=17273466) by Tobias Mayer (tobim):*\n`[~yibocai]` I wouldn't be so sure without looking a bit deeper into this. An alternative explanation would be that some undefined behavior is exploited by the newer GCC, but the problem doesn't surface on amd64 because of its more forgiving memory model."
        },
        {
            "created_at": "2021-01-28T09:51:42.633Z",
            "body": "***Note**: [Comment](https://issues.apache.org/jira/browse/ARROW-11398?focusedCommentId=17273471) by Yibo Cai (yibocai):*\n`[~tobim]`, Arm relaxed memory model is unlikely to be the reason. I think all these unit tests are single threaded. Anyway, I will look into this issue."
        },
        {
            "created_at": "2021-01-28T09:54:18.359Z",
            "body": "***Note**: [Comment](https://issues.apache.org/jira/browse/ARROW-11398?focusedCommentId=17273472) by Antoine Pitrou (apitrou):*\nAs mentioned above, this already surfaced on AVX512 builds with some gcc versions. So it has nothing do with arm64 memory model."
        },
        {
            "created_at": "2021-01-28T11:08:28.128Z",
            "body": "***Note**: [Comment](https://issues.apache.org/jira/browse/ARROW-11398?focusedCommentId=17273501) by Antoine Pitrou (apitrou):*\nAlso note that we have UBSAN CI job that should hopefully catch undefined behaviour issues (though there's obviously no 100% guarantee about that)."
        },
        {
            "created_at": "2021-02-03T04:29:58.107Z",
            "body": "***Note**: [Comment](https://issues.apache.org/jira/browse/ARROW-11398?focusedCommentId=17277665) by Yibo Cai (yibocai):*\nWrote a simple test program to reproduce this issue.\r\nDetails in gcc bug report: https://gcc.gnu.org/bugzilla/show_bug.cgi?id=98949\r\n"
        },
        {
            "created_at": "2021-02-03T04:39:09.241Z",
            "body": "***Note**: [Comment](https://issues.apache.org/jira/browse/ARROW-11398?focusedCommentId=17277667) by Yibo Cai (yibocai):*\nTo summarize:\r\n- gcc-9.3 aarch64 auto vectorization generates buggy code for this [code block](https://github.com/apache/arrow/blob/d0ce28b7fdcfba16d8888e404e20eda47097df17/cpp/src/arrow/util/bitmap_generate.h#L89-L96).\n- gcc-7.5, gcc-10.1 don't have this problem."
        },
        {
            "created_at": "2021-02-06T13:52:38.965Z",
            "body": "***Note**: [Comment](https://issues.apache.org/jira/browse/ARROW-11398?focusedCommentId=17280199) by Yibo Cai (yibocai):*\ngcc community has backported tree-optimization patch to gcc-9 release branch. [1]\r\nThis bug will be fixed in gcc-9.4.\r\nThere may be some days before Ubuntu update their gcc release. I expect it will be soon.\r\nThanks `[~tobim]` to test and report this issue, it's actually a critical compiler bug that drives the community to backport according patches quickly.\r\n\r\n[1] https://gcc.gnu.org/bugzilla/show_bug.cgi?id=97236#c12"
        }
    ]
}