{
    "issue": {
        "title": "[C++] Fix build error from clang for windows",
        "body": "***Note**: This issue was originally created as [ARROW-14405](https://issues.apache.org/jira/browse/ARROW-14405). Please see the [migration documentation](https://gist.github.com/toddfarmer/12aa88361532d21902818a6044fda4c3) for further details.*\n\n### Original Issue Description:\nMet with the errors when reviewing [PR](https://github.com/apache/arrow/pull/11383) to enable arrow above Windows on Arm64.\r\n Looks the issue is related to clang for windows, not arm. So I create a separated jira.\r\n\r\nSome error logs:\r\n```bash\n\r\nFAILED: debug/arrow-scalar-test.exe\r\n.......\r\nLINK Pass 1: command \"C:\\Users\\linux\\llvm-package\\bin\\lld-link.exe /nologo src\\arrow\\CMakeFiles\\arrow-scalar-test.dir\\scalar_test.cc.obj /out:debug\\arrow-scalar-test.exe /implib:debug\\arrow-scalar-test.lib /pdb:debug\\arrow-scalar-test.pdb /version:0.0 /machine:ARM64 /NODEFAULTLIB:LIBCMT /debug /INCREMENTAL /subsystem:console debug\\arrow_testing.lib debug\\arrow.lib utf8proc_ep-install\\lib\\utf8proc_static.lib re2_ep-install\\lib\\re2.lib googletest_ep-prefix\\lib\\gtest_maind.lib googletest_ep-prefix\\lib\\gtestd.lib googletest_ep-prefix\\lib\\gmockd.lib boost_ep-prefix\\src\\boost_ep\\stage\\lib\\libboost_filesystem-vc142-mt-gd-x64-1_75.lib boost_ep-prefix\\src\\boost_ep\\stage\\lib\\libboost_system-vc142-mt-gd-x64-1_75.lib ws2_32.lib kernel32.lib user32.lib gdi32.lib winspool.lib shell32.lib ole32.lib oleaut32.lib uuid.lib comdlg32.lib advapi32.lib /MANIFEST /MANIFESTFILE:src\\arrow\\CMakeFiles\\arrow-scalar-test.dir/intermediate.manifest src\\arrow\\CMakeFiles\\arrow-scalar-test.dir/manifest.res\" failed (exit code 1) with the following output:\r\nlld-link: error: undefined symbol: __declspec(dllimport) public: __cdecl arrow::DateScalar<class arrow::Date32Type>::DateScalar<class arrow::Date32Type>(int)\r\n>>> referenced by C:\\Users\\linux\\arrow\\cpp\\src\\arrow\\scalar.h:320\r\n>>>               src\\arrow\\CMakeFiles\\arrow-scalar-test.dir\\scalar_test.cc.obj:(public: __cdecl arrow::Date32Scalar::Date32Scalar(int))\r\n>>> referenced by C:\\Users\\linux\\arrow\\cpp\\src\\arrow\\scalar.h:320\r\n>>>               src\\arrow\\CMakeFiles\\arrow-scalar-test.dir\\scalar_test.cc.obj:(public: __cdecl arrow::Date32Scalar::Date32Scalar(int))\r\n\r\nlld-link: error: undefined symbol: __declspec(dllimport) public: __cdecl arrow::DateScalar<class arrow::Date64Type>::DateScalar<class arrow::Date64Type>(__int64)\r\n>>> referenced by C:\\Users\\linux\\arrow\\cpp\\src\\arrow\\scalar.h:324\r\n>>>               src\\arrow\\CMakeFiles\\arrow-scalar-test.dir\\scalar_test.cc.obj:(public: __cdecl arrow::Date64Scalar::Date64Scalar(__int64))\r\n>>> referenced by C:\\Users\\linux\\arrow\\cpp\\src\\arrow\\scalar.h:324\r\n>>>               src\\arrow\\CMakeFiles\\arrow-scalar-test.dir\\scalar_test.cc.obj:(public: __cdecl arrow::Date64Scalar::Date64Scalar(__int64))\r\nninja: build stopped: subcommand failed.\r\n```",
        "created_at": "2021-10-21T08:52:57.000Z",
        "updated_at": "2021-10-28T13:03:25.000Z",
        "labels": [
            "Migrated from Jira",
            "Component: C++",
            "Type: bug"
        ],
        "closed": true,
        "closed_at": "2021-10-27T20:38:44.000Z"
    },
    "comments": [
        {
            "created_at": "2021-10-27T20:38:44.227Z",
            "body": "***Note**: [Comment](https://issues.apache.org/jira/browse/ARROW-14405?focusedCommentId=17435055) by David Li (lidavidm):*\nIssue resolved by pull request 11495\n<https://github.com/apache/arrow/pull/11495>"
        }
    ]
}