{
    "issue": {
        "title": "[R] Bundled C++ build fails with ccache",
        "body": "***Note**: This issue was originally created as [ARROW-12654](https://issues.apache.org/jira/browse/ARROW-12654). Please see the [migration documentation](https://gist.github.com/toddfarmer/12aa88361532d21902818a6044fda4c3) for further details.*\n\n### Original Issue Description:\nDear Apache Team,\r\n\r\nI'm not able to install Arrow 4.0.0 properly on Debian 10 via Docker. I tried several switches from recommendation here: [https://arrow.apache.org/docs/r/articles/install.html](https://arrow.apache.org/docs/r/articles/install.html.)\u00a0(ARROW_USE_PKG_CONFIG TRUE/FALSE, LIBARROW_BINARY TRUE/FALSE) but with no success so far.\r\n\r\nHere the latest log:\r\n```java\n\r\n* installing *source* package \u2018arrow\u2019 ...\r\n** package \u2018arrow\u2019 successfully unpacked and MD5 sums checked\r\ntrying URL 'https://arrow-r-nightly.s3.amazonaws.com/libarrow/bin/debian-10/arrow-4.0.0.zip'\r\nError in download.file(from_url, to_file, quiet = quietly) : \r\n  cannot open URL 'https://arrow-r-nightly.s3.amazonaws.com/libarrow/bin/debian-10/arrow-4.0.0.zip'\r\n*** No C++ binaries found for debian-10\r\ntrying URL 'https://arrow-r-nightly.s3.amazonaws.com/libarrow/src/arrow-4.0.0.zip'\r\nError in download.file(from_url, to_file, quiet = quietly) : \r\n  cannot open URL 'https://arrow-r-nightly.s3.amazonaws.com/libarrow/src/arrow-4.0.0.zip'\r\ntrying URL 'https://www.apache.org/dyn/closer.lua?action=download&filename=arrow/arrow-4.0.0/apache-arrow-4.0.0.tar.gz'\r\nContent type 'application/octet-stream' length 9042294 bytes (8.6 MB)\r\n==================================================\r\ndownloaded 8.6 MB\r\n\r\n*** Successfully retrieved C++ source\r\n*** Building C++ libraries\r\n*** Building with MAKEFLAGS= -j2 \r\n**** cmake\r\ntrying URL 'https://github.com/Kitware/CMake/releases/download/v3.19.2/cmake-3.19.2-Linux-x86_64.tar.gz'\r\nContent type 'application/octet-stream' length 42931014 bytes (40.9 MB)\r\n==================================================\r\ndownloaded 40.9 MB\r\n\r\n**** arrow with SOURCE_DIR=\"/tmp/RtmpykibIC/file77bf2da3d338/apache-arrow-4.0.0/cpp\" BUILD_DIR=\"/tmp/RtmpykibIC/file77bf609e654f\" DEST_DIR=\"libarrow/arrow-4.0.0\" CMAKE=\"/tmp/RtmpykibIC/file77bf5d6bcf01/cmake-3.19.2-Linux-x86_64/bin/cmake\" CC=\"ccache gcc\" CXX=\"ccache g++ -std=gnu++11\" LDFLAGS=\"-Wl,-z,relro\" ARROW_S3=OFF ARROW_MIMALLOC=OFF \r\n++ pwd\r\n+ : /tmp/Rtmpru2gYI/R.INSTALL779923ea9560/arrow\r\n+ : /tmp/RtmpykibIC/file77bf2da3d338/apache-arrow-4.0.0/cpp\r\n+ : /tmp/RtmpykibIC/file77bf609e654f\r\n+ : libarrow/arrow-4.0.0\r\n+ : /tmp/RtmpykibIC/file77bf5d6bcf01/cmake-3.19.2-Linux-x86_64/bin/cmake\r\n++ cd /tmp/RtmpykibIC/file77bf2da3d338/apache-arrow-4.0.0/cpp\r\n++ pwd\r\n+ SOURCE_DIR=/tmp/RtmpykibIC/file77bf2da3d338/apache-arrow-4.0.0/cpp\r\n++ mkdir -p libarrow/arrow-4.0.0\r\n++ cd libarrow/arrow-4.0.0\r\n++ pwd\r\n+ DEST_DIR=/tmp/Rtmpru2gYI/R.INSTALL779923ea9560/arrow/libarrow/arrow-4.0.0\r\n+ '[' '' = false ']'\r\n+ ARROW_DEFAULT_PARAM=OFF\r\n+ mkdir -p /tmp/RtmpykibIC/file77bf609e654f\r\n+ pushd /tmp/RtmpykibIC/file77bf609e654f\r\n/tmp/RtmpykibIC/file77bf609e654f /tmp/Rtmpru2gYI/R.INSTALL779923ea9560/arrow\r\n+ /tmp/RtmpykibIC/file77bf5d6bcf01/cmake-3.19.2-Linux-x86_64/bin/cmake -DARROW_BOOST_USE_SHARED=OFF -DARROW_BUILD_TESTS=OFF -DARROW_BUILD_SHARED=OFF -DARROW_BUILD_STATIC=ON -DARROW_COMPUTE=ON -DARROW_CSV=ON -DARROW_DATASET=ON -DARROW_DEPENDENCY_SOURCE=BUNDLED -DARROW_FILESYSTEM=ON -DARROW_JEMALLOC=ON -DARROW_MIMALLOC=OFF -DARROW_JSON=ON -DARROW_PARQUET=ON -DARROW_S3=OFF -DARROW_WITH_BROTLI=OFF -DARROW_WITH_BZ2=OFF -DARROW_WITH_LZ4=OFF -DARROW_WITH_RE2=ON -DARROW_WITH_SNAPPY=OFF -DARROW_WITH_UTF8PROC=ON -DARROW_WITH_ZLIB=OFF -DARROW_WITH_ZSTD=OFF -DCMAKE_BUILD_TYPE=Release -DCMAKE_INSTALL_LIBDIR=lib -DCMAKE_INSTALL_PREFIX=/tmp/Rtmpru2gYI/R.INSTALL779923ea9560/arrow/libarrow/arrow-4.0.0 -DCMAKE_EXPORT_NO_PACKAGE_REGISTRY=ON -DCMAKE_FIND_PACKAGE_NO_PACKAGE_REGISTRY=ON -DCMAKE_UNITY_BUILD=ON -G 'Unix Makefiles' /tmp/RtmpykibIC/file77bf2da3d338/apache-arrow-4.0.0/cpp\r\n-- Building using CMake version: 3.19.2\r\n-- The C compiler identification is GNU 8.3.0\r\n-- The CXX compiler identification is GNU 8.3.0\r\n-- Detecting C compiler ABI info\r\n-- Detecting C compiler ABI info - done\r\n-- Check for working C compiler: /usr/bin/ccache - skipped\r\n-- Detecting C compile features\r\n-- Detecting C compile features - done\r\n-- Detecting CXX compiler ABI info\r\n-- Detecting CXX compiler ABI info - done\r\n-- Check for working CXX compiler: /usr/bin/ccache - skipped\r\n-- Detecting CXX compile features\r\n-- Detecting CXX compile features - done\r\n-- Arrow version: 4.0.0 (full: '4.0.0')\r\n-- Arrow SO version: 400 (full: 400.0.0)\r\n-- clang-tidy not found\r\n-- clang-format not found\r\n-- Could NOT find ClangTools (missing: CLANG_FORMAT_BIN CLANG_TIDY_BIN) \r\n-- infer not found\r\nfatal: not a git repository (or any of the parent directories): .git\r\n-- Found Python3: /usr/bin/python3.7 (found version \"3.7.3\") found components: Interpreter \r\n-- Using ccache: /usr/bin/ccache\r\n-- Found cpplint executable at /tmp/RtmpykibIC/file77bf2da3d338/apache-arrow-4.0.0/cpp/build-support/cpplint.py\r\n-- System processor: x86_64\r\n-- Performing Test CXX_SUPPORTS_SSE4_2\r\n-- Performing Test CXX_SUPPORTS_SSE4_2 - Success\r\n-- Performing Test CXX_SUPPORTS_AVX2\r\n-- Performing Test CXX_SUPPORTS_AVX2 - Success\r\n-- Performing Test CXX_SUPPORTS_AVX512\r\n-- Performing Test CXX_SUPPORTS_AVX512 - Success\r\n-- Arrow build warning level: PRODUCTION\r\nUsing ld linker\r\nConfigured for RELEASE build (set with cmake -DCMAKE_BUILD_TYPE={release,debug,...})\r\n-- Build Type: RELEASE\r\n-- Using BUNDLED approach to find dependencies\r\n-- ARROW_ABSL_BUILD_VERSION: 0f3bb466b868b523cf1dc9b2aaaed65c77b28862\r\n-- ARROW_AWSSDK_BUILD_VERSION: 1.8.133\r\n-- ARROW_AWS_CHECKSUMS_BUILD_VERSION: v0.1.10\r\n-- ARROW_AWS_C_COMMON_BUILD_VERSION: v0.4.59\r\n-- ARROW_AWS_C_EVENT_STREAM_BUILD_VERSION: v0.1.5\r\n-- ARROW_BOOST_BUILD_VERSION: 1.75.0\r\n-- ARROW_BROTLI_BUILD_VERSION: v1.0.9\r\n-- ARROW_BZIP2_BUILD_VERSION: 1.0.8\r\n-- ARROW_CARES_BUILD_VERSION: 1.17.1\r\n-- ARROW_GBENCHMARK_BUILD_VERSION: v1.5.2\r\n-- ARROW_GFLAGS_BUILD_VERSION: v2.2.2\r\n-- ARROW_GLOG_BUILD_VERSION: v0.4.0\r\n-- ARROW_GRPC_BUILD_VERSION: v1.35.0\r\n-- ARROW_GTEST_BUILD_VERSION: 1.10.0\r\n-- ARROW_JEMALLOC_BUILD_VERSION: 5.2.1\r\n-- ARROW_LZ4_BUILD_VERSION: v1.9.3\r\n-- ARROW_MIMALLOC_BUILD_VERSION: v1.6.4\r\n-- ARROW_ORC_BUILD_VERSION: 1.6.6\r\n-- ARROW_PROTOBUF_BUILD_VERSION: v3.14.0\r\n-- ARROW_RAPIDJSON_BUILD_VERSION: 1a803826f1197b5e30703afe4b9c0e7dd48074f5\r\n-- ARROW_RE2_BUILD_VERSION: 2021-02-02\r\n-- ARROW_SNAPPY_BUILD_VERSION: 1.1.8\r\n-- ARROW_THRIFT_BUILD_VERSION: 0.13.0\r\n-- ARROW_THRIFT_BUILD_MD5_CHECKSUM: 38a27d391a2b03214b444cb13d5664f1\r\n-- ARROW_UTF8PROC_BUILD_VERSION: v2.6.1\r\n-- ARROW_XSIMD_BUILD_VERSION: e9234cd6e6f4428fc260073b2c34ffe86fda1f34\r\n-- ARROW_ZLIB_BUILD_VERSION: 1.2.11\r\n-- ARROW_ZSTD_BUILD_VERSION: v1.4.8\r\n-- Looking for pthread.h\r\n-- Looking for pthread.h - found\r\n-- Performing Test CMAKE_HAVE_LIBC_PTHREAD\r\n-- Performing Test CMAKE_HAVE_LIBC_PTHREAD - Failed\r\n-- Check if compiler accepts -pthread\r\n-- Check if compiler accepts -pthread - yes\r\n-- Found Threads: TRUE  \r\n-- Looking for __SIZEOF_INT128__\r\n-- Looking for __SIZEOF_INT128__ - found\r\n-- Boost include dir: /tmp/RtmpykibIC/file77bf609e654f/boost_ep-prefix/src/boost_ep\r\n-- Boost libraries: boost_system_static;boost_filesystem_static\r\n-- Building without OpenSSL support. Minimum OpenSSL version 1.0.2 required.\r\nBuilding Apache Thrift from source\r\n-- Building (vendored) jemalloc from source\r\n-- Building RapidJSON from source\r\n-- Building xsimd from source\r\n-- Building RE2 from source\r\n-- Building utf8proc from source\r\n-- Found hdfs.h at: /usr/share/hadoop/include/hdfs.h\r\n-- All bundled static libraries: thrift::thrift;jemalloc::jemalloc;re2::re2;utf8proc::utf8proc\r\n-- CMAKE_C_FLAGS:  -O3 -DNDEBUG  -Wall -fno-semantic-interposition -msse4.2 \r\n-- CMAKE_CXX_FLAGS:  -Wno-noexcept-type -Wno-subobject-linkage  -fdiagnostics-color=always -O3 -DNDEBUG  -Wall -fno-semantic-interposition -msse4.2 \r\n-- Looking for backtrace\r\n-- Looking for backtrace - found\r\n-- backtrace facility detected in default set of libraries\r\n-- Found Backtrace: /usr/include  \r\n-- Creating bundled static library target arrow_bundled_dependencies at /tmp/RtmpykibIC/file77bf609e654f/release/libarrow_bundled_dependencies.a\r\n-- ---------------------------------------------------------------------\r\n-- Arrow version:                                 4.0.0\r\n-- \r\n-- Build configuration summary:\r\n--   Generator: Unix Makefiles\r\n--   Build type: RELEASE\r\n--   Source directory: /tmp/RtmpykibIC/file77bf2da3d338/apache-arrow-4.0.0/cpp\r\n--   Install prefix: /tmp/Rtmpru2gYI/R.INSTALL779923ea9560/arrow/libarrow/arrow-4.0.0\r\n-- \r\n-- Compile and link options:\r\n-- \r\n--   ARROW_CXXFLAGS=\"\" [default=\"\"]\r\n--       Compiler flags to append when compiling Arrow\r\n--   ARROW_BUILD_STATIC=ON [default=ON]\r\n--       Build static libraries\r\n--   ARROW_BUILD_SHARED=OFF [default=ON]\r\n--       Build shared libraries\r\n--   ARROW_PACKAGE_KIND=\"\" [default=\"\"]\r\n--       Arbitrary string that identifies the kind of package\r\n--       (for informational purposes)\r\n--   ARROW_GIT_ID=\"\" [default=\"\"]\r\n--       The Arrow git commit id (if any)\r\n--   ARROW_GIT_DESCRIPTION=\"\" [default=\"\"]\r\n--       The Arrow git commit description (if any)\r\n--   ARROW_NO_DEPRECATED_API=OFF [default=OFF]\r\n--       Exclude deprecated APIs from build\r\n--   ARROW_USE_CCACHE=ON [default=ON]\r\n--       Use ccache when compiling (if available)\r\n--   ARROW_USE_LD_GOLD=OFF [default=OFF]\r\n--       Use ld.gold for linking on Linux (if available)\r\n--   ARROW_USE_PRECOMPILED_HEADERS=OFF [default=OFF]\r\n--       Use precompiled headers when compiling\r\n--   ARROW_SIMD_LEVEL=SSE4_2 [default=NONE|SSE4_2|AVX2|AVX512]\r\n--       Compile-time SIMD optimization level\r\n--   ARROW_RUNTIME_SIMD_LEVEL=MAX [default=NONE|SSE4_2|AVX2|AVX512|MAX]\r\n--       Max runtime SIMD optimization level\r\n--   ARROW_ARMV8_ARCH=armv8-a [default=armv8-a|armv8-a+crc+crypto]\r\n--       Arm64 arch and extensions\r\n--   ARROW_ALTIVEC=ON [default=ON]\r\n--       Build with Altivec if compiler has support\r\n--   ARROW_RPATH_ORIGIN=OFF [default=OFF]\r\n--       Build Arrow libraries with RATH set to $ORIGIN\r\n--   ARROW_INSTALL_NAME_RPATH=ON [default=ON]\r\n--       Build Arrow libraries with install_name set to @rpath\r\n--   ARROW_GGDB_DEBUG=ON [default=ON]\r\n--       Pass -ggdb flag to debug builds\r\n-- \r\n-- Test and benchmark options:\r\n-- \r\n--   ARROW_BUILD_EXAMPLES=OFF [default=OFF]\r\n--       Build the Arrow examples\r\n--   ARROW_BUILD_TESTS=OFF [default=OFF]\r\n--       Build the Arrow googletest unit tests\r\n--   ARROW_ENABLE_TIMING_TESTS=ON [default=ON]\r\n--       Enable timing-sensitive tests\r\n--   ARROW_BUILD_INTEGRATION=OFF [default=OFF]\r\n--       Build the Arrow integration test executables\r\n--   ARROW_BUILD_BENCHMARKS=OFF [default=OFF]\r\n--       Build the Arrow micro benchmarks\r\n--   ARROW_BUILD_BENCHMARKS_REFERENCE=OFF [default=OFF]\r\n--       Build the Arrow micro reference benchmarks\r\n--   ARROW_TEST_LINKAGE=static [default=shared|static]\r\n--       Linkage of Arrow libraries with unit tests executables.\r\n--   ARROW_FUZZING=OFF [default=OFF]\r\n--       Build Arrow Fuzzing executables\r\n--   ARROW_LARGE_MEMORY_TESTS=OFF [default=OFF]\r\n--       Enable unit tests which use large memory\r\n-- \r\n-- Lint options:\r\n-- \r\n--   ARROW_ONLY_LINT=OFF [default=OFF]\r\n--       Only define the lint and check-format targets\r\n--   ARROW_VERBOSE_LINT=OFF [default=OFF]\r\n--       If off, 'quiet' flags will be passed to linting tools\r\n--   ARROW_GENERATE_COVERAGE=OFF [default=OFF]\r\n--       Build with C++ code coverage enabled\r\n-- \r\n-- Checks options:\r\n-- \r\n--   ARROW_TEST_MEMCHECK=OFF [default=OFF]\r\n--       Run the test suite using valgrind --tool=memcheck\r\n--   ARROW_USE_ASAN=OFF [default=OFF]\r\n--       Enable Address Sanitizer checks\r\n--   ARROW_USE_TSAN=OFF [default=OFF]\r\n--       Enable Thread Sanitizer checks\r\n--   ARROW_USE_UBSAN=OFF [default=OFF]\r\n--       Enable Undefined Behavior sanitizer checks\r\n-- \r\n-- Project component options:\r\n-- \r\n--   ARROW_BUILD_UTILITIES=OFF [default=OFF]\r\n--       Build Arrow commandline utilities\r\n--   ARROW_COMPUTE=ON [default=OFF]\r\n--       Build the Arrow Compute Modules\r\n--   ARROW_CSV=ON [default=OFF]\r\n--       Build the Arrow CSV Parser Module\r\n--   ARROW_CUDA=OFF [default=OFF]\r\n--       Build the Arrow CUDA extensions (requires CUDA toolkit)\r\n--   ARROW_DATASET=ON [default=OFF]\r\n--       Build the Arrow Dataset Modules\r\n--   ARROW_FILESYSTEM=ON [default=OFF]\r\n--       Build the Arrow Filesystem Layer\r\n--   ARROW_FLIGHT=OFF [default=OFF]\r\n--       Build the Arrow Flight RPC System (requires GRPC, Protocol Buffers)\r\n--   ARROW_GANDIVA=OFF [default=OFF]\r\n--       Build the Gandiva libraries\r\n--   ARROW_HDFS=OFF [default=OFF]\r\n--       Build the Arrow HDFS bridge\r\n--   ARROW_HIVESERVER2=OFF [default=OFF]\r\n--       Build the HiveServer2 client and Arrow adapter\r\n--   ARROW_IPC=ON [default=ON]\r\n--       Build the Arrow IPC extensions\r\n--   ARROW_JEMALLOC=ON [default=ON]\r\n--       Build the Arrow jemalloc-based allocator\r\n--   ARROW_JNI=OFF [default=OFF]\r\n--       Build the Arrow JNI lib\r\n--   ARROW_JSON=ON [default=OFF]\r\n--       Build Arrow with JSON support (requires RapidJSON)\r\n--   ARROW_MIMALLOC=OFF [default=OFF]\r\n--       Build the Arrow mimalloc-based allocator\r\n--   ARROW_PARQUET=ON [default=OFF]\r\n--       Build the Parquet libraries\r\n--   ARROW_ORC=OFF [default=OFF]\r\n--       Build the Arrow ORC adapter\r\n--   ARROW_PLASMA=OFF [default=OFF]\r\n--       Build the plasma object store along with Arrow\r\n--   ARROW_PLASMA_JAVA_CLIENT=OFF [default=OFF]\r\n--       Build the plasma object store java client\r\n--   ARROW_PYTHON=OFF [default=OFF]\r\n--       Build the Arrow CPython extensions\r\n--   ARROW_S3=OFF [default=OFF]\r\n--       Build Arrow with S3 support (requires the AWS SDK for C++)\r\n--   ARROW_TENSORFLOW=OFF [default=OFF]\r\n--       Build Arrow with TensorFlow support enabled\r\n--   ARROW_TESTING=OFF [default=OFF]\r\n--       Build the Arrow testing libraries\r\n-- \r\n-- Thirdparty toolchain options:\r\n-- \r\n--   ARROW_DEPENDENCY_SOURCE=BUNDLED [default=AUTO|BUNDLED|SYSTEM|CONDA|VCPKG|BREW]\r\n--       Method to use for acquiring arrow's build dependencies\r\n--   ARROW_VERBOSE_THIRDPARTY_BUILD=OFF [default=OFF]\r\n--       Show output from ExternalProjects rather than just logging to files\r\n--   ARROW_DEPENDENCY_USE_SHARED=ON [default=ON]\r\n--       Link to shared libraries\r\n--   ARROW_BOOST_USE_SHARED=OFF [default=ON]\r\n--       Rely on boost shared libraries where relevant\r\n--   ARROW_BROTLI_USE_SHARED=ON [default=ON]\r\n--       Rely on Brotli shared libraries where relevant\r\n--   ARROW_BZ2_USE_SHARED=ON [default=ON]\r\n--       Rely on Bz2 shared libraries where relevant\r\n--   ARROW_GFLAGS_USE_SHARED=ON [default=ON]\r\n--       Rely on GFlags shared libraries where relevant\r\n--   ARROW_GRPC_USE_SHARED=ON [default=ON]\r\n--       Rely on gRPC shared libraries where relevant\r\n--   ARROW_LZ4_USE_SHARED=ON [default=ON]\r\n--       Rely on lz4 shared libraries where relevant\r\n--   ARROW_OPENSSL_USE_SHARED=ON [default=ON]\r\n--       Rely on OpenSSL shared libraries where relevant\r\n--   ARROW_PROTOBUF_USE_SHARED=ON [default=ON]\r\n--       Rely on Protocol Buffers shared libraries where relevant\r\n--   ARROW_THRIFT_USE_SHARED=ON [default=ON]\r\n--       Rely on thrift shared libraries where relevant\r\n--   ARROW_UTF8PROC_USE_SHARED=ON [default=ON]\r\n--       Rely on utf8proc shared libraries where relevant\r\n--   ARROW_SNAPPY_USE_SHARED=ON [default=ON]\r\n--       Rely on snappy shared libraries where relevant\r\n--   ARROW_UTF8PROC_USE_SHARED=ON [default=ON]\r\n--       Rely on utf8proc shared libraries where relevant\r\n--   ARROW_ZSTD_USE_SHARED=ON [default=ON]\r\n--       Rely on zstd shared libraries where relevant\r\n--   ARROW_USE_GLOG=OFF [default=OFF]\r\n--       Build libraries with glog support for pluggable logging\r\n--   ARROW_WITH_BACKTRACE=ON [default=ON]\r\n--       Build with backtrace support\r\n--   ARROW_WITH_BROTLI=OFF [default=OFF]\r\n--       Build with Brotli compression\r\n--   ARROW_WITH_BZ2=OFF [default=OFF]\r\n--       Build with BZ2 compression\r\n--   ARROW_WITH_LZ4=OFF [default=OFF]\r\n--       Build with lz4 compression\r\n--   ARROW_WITH_SNAPPY=OFF [default=OFF]\r\n--       Build with Snappy compression\r\n--   ARROW_WITH_ZLIB=OFF [default=OFF]\r\n--       Build with zlib compression\r\n--   ARROW_WITH_ZSTD=OFF [default=OFF]\r\n--       Build with zstd compression\r\n--   ARROW_WITH_UTF8PROC=ON [default=ON]\r\n--       Build with support for Unicode properties using the utf8proc library\r\n--       (only used if ARROW_COMPUTE is ON)\r\n--   ARROW_WITH_RE2=ON [default=ON]\r\n--       Build with support for regular expressions using the re2 library\r\n--       (only used if ARROW_COMPUTE or ARROW_GANDIVA is ON)\r\n-- \r\n-- Parquet options:\r\n-- \r\n--   PARQUET_MINIMAL_DEPENDENCY=OFF [default=OFF]\r\n--       Depend only on Thirdparty headers to build libparquet.\r\n--       Always OFF if building binaries\r\n--   PARQUET_BUILD_EXECUTABLES=OFF [default=OFF]\r\n--       Build the Parquet executable CLI tools. Requires static libraries to be built.\r\n--   PARQUET_BUILD_EXAMPLES=OFF [default=OFF]\r\n--       Build the Parquet examples. Requires static libraries to be built.\r\n--   PARQUET_REQUIRE_ENCRYPTION=OFF [default=OFF]\r\n--       Build support for encryption. Fail if OpenSSL is not found\r\n-- \r\n-- Gandiva options:\r\n-- \r\n--   ARROW_GANDIVA_JAVA=OFF [default=OFF]\r\n--       Build the Gandiva JNI wrappers\r\n--   ARROW_GANDIVA_STATIC_LIBSTDCPP=OFF [default=OFF]\r\n--       Include -static-libstdc++ -static-libgcc when linking with\r\n--       Gandiva static libraries\r\n--   ARROW_GANDIVA_PC_CXX_FLAGS=\"\" [default=\"\"]\r\n--       Compiler flags to append when pre-compiling Gandiva operations\r\n-- \r\n-- Advanced developer options:\r\n-- \r\n--   ARROW_EXTRA_ERROR_CONTEXT=OFF [default=OFF]\r\n--       Compile with extra error context (line numbers, code)\r\n--   ARROW_OPTIONAL_INSTALL=OFF [default=OFF]\r\n--       If enabled install ONLY targets that have already been built. Please be\r\n--       advised that if this is enabled 'install' will fail silently on components\r\n--       that have not been built\r\n--   Outputting build configuration summary to /tmp/RtmpykibIC/file77bf609e654f/cmake_summary.json\r\n-- Configuring done\r\n-- Generating done\r\n-- Build files have been written to: /tmp/RtmpykibIC/file77bf609e654f\r\n+ /tmp/RtmpykibIC/file77bf5d6bcf01/cmake-3.19.2-Linux-x86_64/bin/cmake --build . --target install\r\nmake[1]: Entering directory '/tmp/RtmpykibIC/file77bf609e654f'\r\nmake[2]: Entering directory '/tmp/RtmpykibIC/file77bf609e654f'\r\nmake[3]: Entering directory '/tmp/RtmpykibIC/file77bf609e654f'\r\nmake[3]: Entering directory '/tmp/RtmpykibIC/file77bf609e654f'\r\nScanning dependencies of target jemalloc_ep\r\nmake[3]: Leaving directory '/tmp/RtmpykibIC/file77bf609e654f'\r\nScanning dependencies of target boost_ep\r\nmake[3]: Leaving directory '/tmp/RtmpykibIC/file77bf609e654f'\r\nmake[3]: Entering directory '/tmp/RtmpykibIC/file77bf609e654f'\r\nmake[3]: Entering directory '/tmp/RtmpykibIC/file77bf609e654f'\r\n[  1%] Creating directories for 'boost_ep'\r\n[  2%] Creating directories for 'jemalloc_ep'\r\n[  3%] Performing download step (download, verify and extract) for 'boost_ep'\r\n[  4%] Performing download step (download, verify and extract) for 'jemalloc_ep'\r\n-- jemalloc_ep download command succeeded.  See also /tmp/RtmpykibIC/file77bf609e654f/jemalloc_ep-prefix/src/jemalloc_ep-stamp/jemalloc_ep-download-*.log\r\n[  5%] No update step for 'jemalloc_ep'\r\n[  6%] Performing patch step for 'jemalloc_ep'\r\n[  7%] Performing configure step for 'jemalloc_ep'\r\nCMake Error at /tmp/RtmpykibIC/file77bf609e654f/jemalloc_ep-prefix/src/jemalloc_ep-stamp/jemalloc_ep-configure-RELEASE.cmake:37 (message):\r\n  Command failed: 77\r\n\r\n   './configure' 'AR=/usr/bin/ar' 'CC=/usr/bin/ccache' '--prefix=/tmp/RtmpykibIC/file77bf609e654f/jemalloc_ep-prefix/src/jemalloc_ep/dist/' '--with-jemalloc-prefix=je_arrow_' '--with-private-namespace=je_arrow_private_' '--without-export' '--disable-shared' '--disable-cxx' '--disable-libdl' '--disable-initial-exec-tls'\r\n\r\n  See also\r\n\r\n    /tmp/RtmpykibIC/file77bf609e654f/jemalloc_ep-prefix/src/jemalloc_ep-stamp/jemalloc_ep-configure-*.log\r\n\r\n\r\n-- stdout output is:\r\nchecking for xsltproc... false\r\nchecking for gcc... /usr/bin/ccache\r\nchecking whether the C compiler works... no\r\n\r\n-- stderr output is:\r\nconfigure: error: in `/tmp/RtmpykibIC/file77bf609e654f/jemalloc_ep-prefix/src/jemalloc_ep':\r\nconfigure: error: C compiler cannot create executables\r\nSee `config.log' for more details\r\n\r\nCMake Error at /tmp/RtmpykibIC/file77bf609e654f/jemalloc_ep-prefix/src/jemalloc_ep-stamp/jemalloc_ep-configure-RELEASE.cmake:47 (message):\r\n  Stopping after outputting logs.\r\n\r\n\r\nmake[3]: *** [CMakeFiles/jemalloc_ep.dir/build.make:126: jemalloc_ep-prefix/src/jemalloc_ep-stamp/jemalloc_ep-configure] Error 1\r\nmake[3]: Leaving directory '/tmp/RtmpykibIC/file77bf609e654f'\r\nmake[2]: *** [CMakeFiles/Makefile2:648: CMakeFiles/jemalloc_ep.dir/all] Error 2\r\nmake[2]: *** Waiting for unfinished jobs....\r\n-- boost_ep download command succeeded.  See also /tmp/RtmpykibIC/file77bf609e654f/boost_ep-prefix/src/boost_ep-stamp/boost_ep-download-*.log\r\n[  8%] No update step for 'boost_ep'\r\n[  9%] No patch step for 'boost_ep'\r\n[ 10%] No configure step for 'boost_ep'\r\n[ 11%] No build step for 'boost_ep'\r\n[ 12%] No install step for 'boost_ep'\r\n[ 13%] Completed 'boost_ep'\r\nmake[3]: Leaving directory '/tmp/RtmpykibIC/file77bf609e654f'\r\n[ 13%] Built target boost_ep\r\nmake[2]: Leaving directory '/tmp/RtmpykibIC/file77bf609e654f'\r\nmake[1]: *** [Makefile:160: all] Error 2\r\nmake[1]: Leaving directory '/tmp/RtmpykibIC/file77bf609e654f'\r\n**** Error building Arrow C++. Re-run with ARROW_R_DEV=true for debug information.\r\n```\r\nThanks and Br\r\n\r\nStephan",
        "created_at": "2021-05-04T19:13:25.000Z",
        "updated_at": "2022-04-22T17:10:13.000Z",
        "labels": [
            "Migrated from Jira",
            "Component: C++",
            "Component: R",
            "Type: bug"
        ],
        "closed": true,
        "closed_at": "2022-04-22T17:10:13.000Z"
    },
    "comments": [
        {
            "created_at": "2021-05-04T19:25:54.687Z",
            "body": "***Note**: [Comment](https://issues.apache.org/jira/browse/ARROW-12654?focusedCommentId=17339256) by Neal Richardson (npr):*\nLooks like jemalloc is failing to build (configure, actually) for some reason. We could explore that if you want, and/or you can disable jemalloc by setting the environment variable ARROW_JEMALLOC=OFF prior to installing."
        },
        {
            "created_at": "2021-05-04T20:05:19.290Z",
            "body": "***Note**: [Comment](https://issues.apache.org/jira/browse/ARROW-12654?focusedCommentId=17339277) by Stephan Radel (StephanRadel):*\nHi Neal,\r\n\r\nthanks for your really really fast response. I tried already and came one steps further. In the attempt with ARROW_JEMALLOC=OFF it failed at this step:\r\n```java\n\r\n...\r\n[ 40%] Performing build step for 're2_ep'\r\nCMake Error at /tmp/RtmpDvg58T/file77e46d62dd11/re2_ep-prefix/src/re2_ep-stamp/re2_ep-build-RELEASE.cmake:37 (message):\r\n  Command failed: 2   'make'  See also    /tmp/RtmpDvg58T/file77e46d62dd11/re2_ep-prefix/src/re2_ep-stamp/re2_ep-build-*.log\r\n...\n```\r\n\u00a0\r\n\r\nThen I tried to turn ARROW_WITH_RE2=OFF. This led to a failure at this step ...\r\n```java\n\r\n...\r\n[ 37%] Performing configure step for 'utf8proc_ep'\r\nCMake Error at /tmp/RtmpdEhslY/file77ef6f144009/utf8proc_ep-prefix/src/utf8proc_ep-stamp/utf8proc_ep-configure-RELEASE.cmake:37 (message):\r\n  Command failed: 1   '/tmp/RtmpdEhslY/file77ef7a9abd9e/cmake-3.19.2-Linux-x86_64/bin/cmake' '-DCMAKE_C_COMPILER=/usr/bin/ccache' '-DCMAKE_CXX_COMPILER=/usr/bin/ccache' '-DCMAKE_AR=/usr/bin/ar' '-DCMAKE_RANLIB=/usr/bin/ranlib' '-DCMAKE_INSTALL_PREFIX=/tmp/RtmpdEhslY/file77ef6f144009/utf8proc_ep-install' '-DCMAKE_BUILD_TYPE=RELEASE' '-DCMAKE_INSTALL_LIBDIR=lib' '-DBUILD_SHARED_LIBS=OFF' '-GUnix Makefiles' '/tmp/RtmpdEhslY/file77ef6f144009/utf8proc_ep-prefix/src/utf8proc_ep'  See also    /tmp/RtmpdEhslY/file77ef6f144009/utf8proc_ep-prefix/src/utf8proc_ep-stamp/utf8proc_ep-configure-*.log\r\n-- stdout output is:\r\n-- The C compiler identification is unknown\r\n-- Detecting C compiler ABI info\r\n-- Detecting C compiler ABI info - failed\r\n-- Check for working C compiler: /usr/bin/ccache\r\n-- Check for working C compiler: /usr/bin/ccache - broken\r\n-- Configuring incomplete, errors occurred!\r\nSee also \"/tmp/RtmpdEhslY/file77ef6f144009/utf8proc_ep-prefix/src/utf8proc_ep-build/CMakeFiles/CMakeOutput.log\".\r\nSee also \"/tmp/RtmpdEhslY/file77ef6f144009/utf8proc_ep-prefix/src/utf8proc_ep-build/CMakeFiles/CMakeError.log\".-- stderr output is:\r\nCMake Error at /tmp/RtmpdEhslY/file77ef7a9abd9e/cmake-3.19.2-Linux-x86_64/share/cmake-3.19/Modules/CMakeTestCCompiler.cmake:66 (message):\r\n  The C compiler    \"/usr/bin/ccache\"  is not able to compile a simple test program.  It fails with the following output:    Change Dir: /tmp/RtmpdEhslY/file77ef6f144009/utf8proc_ep-prefix/src/utf8proc_ep-build/CMakeFiles/CMakeTmp\r\n    \r\n    Run Build Command(s):/usr/bin/make cmTC_fe1d4/fast && make[4]: Entering directory '/tmp/RtmpdEhslY/file77ef6f144009/utf8proc_ep-prefix/src/utf8proc_ep-build/CMakeFiles/CMakeTmp'\r\n    make  -f CMakeFiles/cmTC_fe1d4.dir/build.make CMakeFiles/cmTC_fe1d4.dir/build\r\n    make[5]: Entering directory '/tmp/RtmpdEhslY/file77ef6f144009/utf8proc_ep-prefix/src/utf8proc_ep-build/CMakeFiles/CMakeTmp'\r\n    Building C object CMakeFiles/cmTC_fe1d4.dir/testCCompiler.c.o\r\n    /usr/bin/ccache    -o CMakeFiles/cmTC_fe1d4.dir/testCCompiler.c.o -c /tmp/RtmpdEhslY/file77ef6f144009/utf8proc_ep-prefix/src/utf8proc_ep-build/CMakeFiles/CMakeTmp/testCCompiler.c\r\n    ccache: error: missing equal sign in \"CMakeFiles/cmTC_fe1d4.dir/testCCompiler.c.o\"\r\n    make[5]: *** [CMakeFiles/cmTC_fe1d4.dir/build.make:85: CMakeFiles/cmTC_fe1d4.dir/testCCompiler.c.o] Error 1\r\n    make[5]: Leaving directory '/tmp/RtmpdEhslY/file77ef6f144009/utf8proc_ep-prefix/src/utf8proc_ep-build/CMakeFiles/CMakeTmp'\r\n    make[4]: *** [Makefile:140: cmTC_fe1d4/fast] Error 2\r\n    make[4]: Leaving directory '/tmp/RtmpdEhslY/file77ef6f144009/utf8proc_ep-prefix/src/utf8proc_ep-build/CMakeFiles/CMakeTmp'\r\n    \r\n        CMake will not be able to correctly generate this project.\r\n...\n```\r\nDoes it make sense to try further and disable\u00a0ARROW_WITH_UTF8PROC also?\r\n\r\nThanks and Br\r\n\r\nStephan"
        },
        {
            "created_at": "2021-05-04T20:11:52.691Z",
            "body": "***Note**: [Comment](https://issues.apache.org/jira/browse/ARROW-12654?focusedCommentId=17339278) by Neal Richardson (npr):*\nYou could, but clearly something's not right so we should dig in. Can you `export EXTRA_CMAKE_FLAGS=\"-DARROW_VERBOSE_THIRDPARTY_BUILD=ON\"` and retry? That should tell us what the actual errors are in better detail."
        },
        {
            "created_at": "2021-05-05T07:52:46.477Z",
            "body": "***Note**: [Comment](https://issues.apache.org/jira/browse/ARROW-12654?focusedCommentId=17339505) by Stephan Radel (StephanRadel):*\nHi Neal,\u00a0just tried with the following result:\r\n```java\n\r\n* installing *source* package \u2018arrow\u2019 ...\r\n** package \u2018arrow\u2019 successfully unpacked and MD5 sums checked\r\ntrying URL 'https://arrow-r-nightly.s3.amazonaws.com/libarrow/src/arrow-4.0.0.zip'\r\nError in download.file(from_url, to_file, quiet = quietly) : \r\n  cannot open URL 'https://arrow-r-nightly.s3.amazonaws.com/libarrow/src/arrow-4.0.0.zip'\r\ntrying URL 'https://www.apache.org/dyn/closer.lua?action=download&filename=arrow/arrow-4.0.0/apache-arrow-4.0.0.tar.gz'\r\nContent type 'application/octet-stream' length 9042294 bytes (8.6 MB)\r\n==================================================\r\ndownloaded 8.6 MB*** Successfully retrieved C++ source\r\n*** Building C++ libraries\r\n*** Building with MAKEFLAGS= -j2 \r\n**** cmake\r\ntrying URL 'https://github.com/Kitware/CMake/releases/download/v3.19.2/cmake-3.19.2-Linux-x86_64.tar.gz'\r\nContent type 'application/octet-stream' length 42931014 bytes (40.9 MB)\r\n==================================================\r\ndownloaded 40.9 MB**** arrow with SOURCE_DIR=\"/tmp/RtmpAceTDo/file76b8509c8069/apache-arrow-4.0.0/cpp\" BUILD_DIR=\"/tmp/RtmpAceTDo/file76b84aa8ed93\" DEST_DIR=\"libarrow/arrow-4.0.0\" CMAKE=\"/tmp/RtmpAceTDo/file76b87b320dd6/cmake-3.19.2-Linux-x86_64/bin/cmake\" CC=\"ccache gcc\" CXX=\"ccache g++ -std=gnu++11\" LDFLAGS=\"-Wl,-z,relro\" ARROW_S3=OFF ARROW_MIMALLOC=OFF \r\n++ pwd\r\n+ : /tmp/RtmpB1VF1I/R.INSTALL768141288ba1/arrow\r\n+ : /tmp/RtmpAceTDo/file76b8509c8069/apache-arrow-4.0.0/cpp\r\n+ : /tmp/RtmpAceTDo/file76b84aa8ed93\r\n+ : libarrow/arrow-4.0.0\r\n+ : /tmp/RtmpAceTDo/file76b87b320dd6/cmake-3.19.2-Linux-x86_64/bin/cmake\r\n++ cd /tmp/RtmpAceTDo/file76b8509c8069/apache-arrow-4.0.0/cpp\r\n++ pwd\r\n+ SOURCE_DIR=/tmp/RtmpAceTDo/file76b8509c8069/apache-arrow-4.0.0/cpp\r\n++ mkdir -p libarrow/arrow-4.0.0\r\n++ cd libarrow/arrow-4.0.0\r\n++ pwd\r\n+ DEST_DIR=/tmp/RtmpB1VF1I/R.INSTALL768141288ba1/arrow/libarrow/arrow-4.0.0\r\n+ '[' '' = false ']'\r\n+ ARROW_DEFAULT_PARAM=OFF\r\n+ mkdir -p /tmp/RtmpAceTDo/file76b84aa8ed93\r\n+ pushd /tmp/RtmpAceTDo/file76b84aa8ed93\r\n/tmp/RtmpAceTDo/file76b84aa8ed93 /tmp/RtmpB1VF1I/R.INSTALL768141288ba1/arrow\r\n+ /tmp/RtmpAceTDo/file76b87b320dd6/cmake-3.19.2-Linux-x86_64/bin/cmake -DARROW_BOOST_USE_SHARED=OFF -DARROW_BUILD_TESTS=OFF -DARROW_BUILD_SHARED=OFF -DARROW_BUILD_STATIC=ON -DARROW_COMPUTE=ON -DARROW_CSV=ON -DARROW_DATASET=ON -DARROW_DEPENDENCY_SOURCE=BUNDLED -DARROW_FILESYSTEM=ON -DARROW_JEMALLOC=ON -DARROW_MIMALLOC=OFF -DARROW_JSON=ON -DARROW_PARQUET=ON -DARROW_S3=OFF -DARROW_WITH_BROTLI=OFF -DARROW_WITH_BZ2=OFF -DARROW_WITH_LZ4=OFF -DARROW_WITH_RE2=ON -DARROW_WITH_SNAPPY=OFF -DARROW_WITH_UTF8PROC=ON -DARROW_WITH_ZLIB=OFF -DARROW_WITH_ZSTD=OFF -DCMAKE_BUILD_TYPE=Release -DCMAKE_INSTALL_LIBDIR=lib -DCMAKE_INSTALL_PREFIX=/tmp/RtmpB1VF1I/R.INSTALL768141288ba1/arrow/libarrow/arrow-4.0.0 -DCMAKE_EXPORT_NO_PACKAGE_REGISTRY=ON -DCMAKE_FIND_PACKAGE_NO_PACKAGE_REGISTRY=ON -DCMAKE_UNITY_BUILD=ON -DARROW_VERBOSE_THIRDPARTY_BUILD=ON -G 'Unix Makefiles' /tmp/RtmpAceTDo/file76b8509c8069/apache-arrow-4.0.0/cpp\r\n-- Building using CMake version: 3.19.2\r\n-- The C compiler identification is GNU 8.3.0\r\n-- The CXX compiler identification is GNU 8.3.0\r\n-- Detecting C compiler ABI info\r\n-- Detecting C compiler ABI info - done\r\n-- Check for working C compiler: /usr/bin/ccache - skipped\r\n-- Detecting C compile features\r\n-- Detecting C compile features - done\r\n-- Detecting CXX compiler ABI info\r\n-- Detecting CXX compiler ABI info - done\r\n-- Check for working CXX compiler: /usr/bin/ccache - skipped\r\n-- Detecting CXX compile features\r\n-- Detecting CXX compile features - done\r\n-- Arrow version: 4.0.0 (full: '4.0.0')\r\n-- Arrow SO version: 400 (full: 400.0.0)\r\n-- clang-tidy not found\r\n-- clang-format not found\r\n-- Could NOT find ClangTools (missing: CLANG_FORMAT_BIN CLANG_TIDY_BIN) \r\n-- infer not found\r\nfatal: not a git repository (or any of the parent directories): .git\r\n-- Found Python3: /usr/bin/python3.7 (found version \"3.7.3\") found components: Interpreter \r\n-- Using ccache: /usr/bin/ccache\r\n-- Found cpplint executable at /tmp/RtmpAceTDo/file76b8509c8069/apache-arrow-4.0.0/cpp/build-support/cpplint.py\r\n-- System processor: x86_64\r\n-- Performing Test CXX_SUPPORTS_SSE4_2\r\n-- Performing Test CXX_SUPPORTS_SSE4_2 - Success\r\n-- Performing Test CXX_SUPPORTS_AVX2\r\n-- Performing Test CXX_SUPPORTS_AVX2 - Success\r\n-- Performing Test CXX_SUPPORTS_AVX512\r\n-- Performing Test CXX_SUPPORTS_AVX512 - Success\r\n-- Arrow build warning level: PRODUCTION\r\nUsing ld linker\r\nConfigured for RELEASE build (set with cmake -DCMAKE_BUILD_TYPE={release,debug,...})\r\n-- Build Type: RELEASE\r\n-- Using BUNDLED approach to find dependencies\r\n-- ARROW_ABSL_BUILD_VERSION: 0f3bb466b868b523cf1dc9b2aaaed65c77b28862\r\n-- ARROW_AWSSDK_BUILD_VERSION: 1.8.133\r\n-- ARROW_AWS_CHECKSUMS_BUILD_VERSION: v0.1.10\r\n-- ARROW_AWS_C_COMMON_BUILD_VERSION: v0.4.59\r\n-- ARROW_AWS_C_EVENT_STREAM_BUILD_VERSION: v0.1.5\r\n-- ARROW_BOOST_BUILD_VERSION: 1.75.0\r\n-- ARROW_BROTLI_BUILD_VERSION: v1.0.9\r\n-- ARROW_BZIP2_BUILD_VERSION: 1.0.8\r\n-- ARROW_CARES_BUILD_VERSION: 1.17.1\r\n-- ARROW_GBENCHMARK_BUILD_VERSION: v1.5.2\r\n-- ARROW_GFLAGS_BUILD_VERSION: v2.2.2\r\n-- ARROW_GLOG_BUILD_VERSION: v0.4.0\r\n-- ARROW_GRPC_BUILD_VERSION: v1.35.0\r\n-- ARROW_GTEST_BUILD_VERSION: 1.10.0\r\n-- ARROW_JEMALLOC_BUILD_VERSION: 5.2.1\r\n-- ARROW_LZ4_BUILD_VERSION: v1.9.3\r\n-- ARROW_MIMALLOC_BUILD_VERSION: v1.6.4\r\n-- ARROW_ORC_BUILD_VERSION: 1.6.6\r\n-- ARROW_PROTOBUF_BUILD_VERSION: v3.14.0\r\n-- ARROW_RAPIDJSON_BUILD_VERSION: 1a803826f1197b5e30703afe4b9c0e7dd48074f5\r\n-- ARROW_RE2_BUILD_VERSION: 2021-02-02\r\n-- ARROW_SNAPPY_BUILD_VERSION: 1.1.8\r\n-- ARROW_THRIFT_BUILD_VERSION: 0.13.0\r\n-- ARROW_THRIFT_BUILD_MD5_CHECKSUM: 38a27d391a2b03214b444cb13d5664f1\r\n-- ARROW_UTF8PROC_BUILD_VERSION: v2.6.1\r\n-- ARROW_XSIMD_BUILD_VERSION: e9234cd6e6f4428fc260073b2c34ffe86fda1f34\r\n-- ARROW_ZLIB_BUILD_VERSION: 1.2.11\r\n-- ARROW_ZSTD_BUILD_VERSION: v1.4.8\r\n-- Looking for pthread.h\r\n-- Looking for pthread.h - found\r\n-- Performing Test CMAKE_HAVE_LIBC_PTHREAD\r\n-- Performing Test CMAKE_HAVE_LIBC_PTHREAD - Failed\r\n-- Check if compiler accepts -pthread\r\n-- Check if compiler accepts -pthread - yes\r\n-- Found Threads: TRUE  \r\n-- Looking for __SIZEOF_INT128__\r\n-- Looking for __SIZEOF_INT128__ - found\r\n-- Boost include dir: /tmp/RtmpAceTDo/file76b84aa8ed93/boost_ep-prefix/src/boost_ep\r\n-- Boost libraries: boost_system_static;boost_filesystem_static\r\n-- Building without OpenSSL support. Minimum OpenSSL version 1.0.2 required.\r\nBuilding Apache Thrift from source\r\n-- Building (vendored) jemalloc from source\r\n-- Building RapidJSON from source\r\n-- Building xsimd from source\r\n-- Building RE2 from source\r\n-- Building utf8proc from source\r\n-- Found hdfs.h at: /usr/share/hadoop/include/hdfs.h\r\n-- All bundled static libraries: thrift::thrift;jemalloc::jemalloc;re2::re2;utf8proc::utf8proc\r\n-- CMAKE_C_FLAGS:  -O3 -DNDEBUG  -Wall -fno-semantic-interposition -msse4.2 \r\n-- CMAKE_CXX_FLAGS:  -Wno-noexcept-type -Wno-subobject-linkage  -fdiagnostics-color=always -O3 -DNDEBUG  -Wall -fno-semantic-interposition -msse4.2 \r\n-- Looking for backtrace\r\n-- Looking for backtrace - found\r\n-- backtrace facility detected in default set of libraries\r\n-- Found Backtrace: /usr/include  \r\n-- Creating bundled static library target arrow_bundled_dependencies at /tmp/RtmpAceTDo/file76b84aa8ed93/release/libarrow_bundled_dependencies.a\r\n-- ---------------------------------------------------------------------\r\n-- Arrow version:                                 4.0.0\r\n-- \r\n-- Build configuration summary:\r\n--   Generator: Unix Makefiles\r\n--   Build type: RELEASE\r\n--   Source directory: /tmp/RtmpAceTDo/file76b8509c8069/apache-arrow-4.0.0/cpp\r\n--   Install prefix: /tmp/RtmpB1VF1I/R.INSTALL768141288ba1/arrow/libarrow/arrow-4.0.0\r\n-- \r\n-- Compile and link options:\r\n-- \r\n--   ARROW_CXXFLAGS=\"\" [default=\"\"]\r\n--       Compiler flags to append when compiling Arrow\r\n--   ARROW_BUILD_STATIC=ON [default=ON]\r\n--       Build static libraries\r\n--   ARROW_BUILD_SHARED=OFF [default=ON]\r\n--       Build shared libraries\r\n--   ARROW_PACKAGE_KIND=\"\" [default=\"\"]\r\n--       Arbitrary string that identifies the kind of package\r\n--       (for informational purposes)\r\n--   ARROW_GIT_ID=\"\" [default=\"\"]\r\n--       The Arrow git commit id (if any)\r\n--   ARROW_GIT_DESCRIPTION=\"\" [default=\"\"]\r\n--       The Arrow git commit description (if any)\r\n--   ARROW_NO_DEPRECATED_API=OFF [default=OFF]\r\n--       Exclude deprecated APIs from build\r\n--   ARROW_USE_CCACHE=ON [default=ON]\r\n--       Use ccache when compiling (if available)\r\n--   ARROW_USE_LD_GOLD=OFF [default=OFF]\r\n--       Use ld.gold for linking on Linux (if available)\r\n--   ARROW_USE_PRECOMPILED_HEADERS=OFF [default=OFF]\r\n--       Use precompiled headers when compiling\r\n--   ARROW_SIMD_LEVEL=SSE4_2 [default=NONE|SSE4_2|AVX2|AVX512]\r\n--       Compile-time SIMD optimization level\r\n--   ARROW_RUNTIME_SIMD_LEVEL=MAX [default=NONE|SSE4_2|AVX2|AVX512|MAX]\r\n--       Max runtime SIMD optimization level\r\n--   ARROW_ARMV8_ARCH=armv8-a [default=armv8-a|armv8-a+crc+crypto]\r\n--       Arm64 arch and extensions\r\n--   ARROW_ALTIVEC=ON [default=ON]\r\n--       Build with Altivec if compiler has support\r\n--   ARROW_RPATH_ORIGIN=OFF [default=OFF]\r\n--       Build Arrow libraries with RATH set to $ORIGIN\r\n--   ARROW_INSTALL_NAME_RPATH=ON [default=ON]\r\n--       Build Arrow libraries with install_name set to @rpath\r\n--   ARROW_GGDB_DEBUG=ON [default=ON]\r\n--       Pass -ggdb flag to debug builds\r\n-- \r\n-- Test and benchmark options:\r\n-- \r\n--   ARROW_BUILD_EXAMPLES=OFF [default=OFF]\r\n--       Build the Arrow examples\r\n--   ARROW_BUILD_TESTS=OFF [default=OFF]\r\n--       Build the Arrow googletest unit tests\r\n--   ARROW_ENABLE_TIMING_TESTS=ON [default=ON]\r\n--       Enable timing-sensitive tests\r\n--   ARROW_BUILD_INTEGRATION=OFF [default=OFF]\r\n--       Build the Arrow integration test executables\r\n--   ARROW_BUILD_BENCHMARKS=OFF [default=OFF]\r\n--       Build the Arrow micro benchmarks\r\n--   ARROW_BUILD_BENCHMARKS_REFERENCE=OFF [default=OFF]\r\n--       Build the Arrow micro reference benchmarks\r\n--   ARROW_TEST_LINKAGE=static [default=shared|static]\r\n--       Linkage of Arrow libraries with unit tests executables.\r\n--   ARROW_FUZZING=OFF [default=OFF]\r\n--       Build Arrow Fuzzing executables\r\n--   ARROW_LARGE_MEMORY_TESTS=OFF [default=OFF]\r\n--       Enable unit tests which use large memory\r\n-- \r\n-- Lint options:\r\n-- \r\n--   ARROW_ONLY_LINT=OFF [default=OFF]\r\n--       Only define the lint and check-format targets\r\n--   ARROW_VERBOSE_LINT=OFF [default=OFF]\r\n--       If off, 'quiet' flags will be passed to linting tools\r\n--   ARROW_GENERATE_COVERAGE=OFF [default=OFF]\r\n--       Build with C++ code coverage enabled\r\n-- \r\n-- Checks options:\r\n-- \r\n--   ARROW_TEST_MEMCHECK=OFF [default=OFF]\r\n--       Run the test suite using valgrind --tool=memcheck\r\n--   ARROW_USE_ASAN=OFF [default=OFF]\r\n--       Enable Address Sanitizer checks\r\n--   ARROW_USE_TSAN=OFF [default=OFF]\r\n--       Enable Thread Sanitizer checks\r\n--   ARROW_USE_UBSAN=OFF [default=OFF]\r\n--       Enable Undefined Behavior sanitizer checks\r\n-- \r\n-- Project component options:\r\n-- \r\n--   ARROW_BUILD_UTILITIES=OFF [default=OFF]\r\n--       Build Arrow commandline utilities\r\n--   ARROW_COMPUTE=ON [default=OFF]\r\n--       Build the Arrow Compute Modules\r\n--   ARROW_CSV=ON [default=OFF]\r\n--       Build the Arrow CSV Parser Module\r\n--   ARROW_CUDA=OFF [default=OFF]\r\n--       Build the Arrow CUDA extensions (requires CUDA toolkit)\r\n--   ARROW_DATASET=ON [default=OFF]\r\n--       Build the Arrow Dataset Modules\r\n--   ARROW_FILESYSTEM=ON [default=OFF]\r\n--       Build the Arrow Filesystem Layer\r\n--   ARROW_FLIGHT=OFF [default=OFF]\r\n--       Build the Arrow Flight RPC System (requires GRPC, Protocol Buffers)\r\n--   ARROW_GANDIVA=OFF [default=OFF]\r\n--       Build the Gandiva libraries\r\n--   ARROW_HDFS=OFF [default=OFF]\r\n--       Build the Arrow HDFS bridge\r\n--   ARROW_HIVESERVER2=OFF [default=OFF]\r\n--       Build the HiveServer2 client and Arrow adapter\r\n--   ARROW_IPC=ON [default=ON]\r\n--       Build the Arrow IPC extensions\r\n--   ARROW_JEMALLOC=ON [default=ON]\r\n--       Build the Arrow jemalloc-based allocator\r\n--   ARROW_JNI=OFF [default=OFF]\r\n--       Build the Arrow JNI lib\r\n--   ARROW_JSON=ON [default=OFF]\r\n--       Build Arrow with JSON support (requires RapidJSON)\r\n--   ARROW_MIMALLOC=OFF [default=OFF]\r\n--       Build the Arrow mimalloc-based allocator\r\n--   ARROW_PARQUET=ON [default=OFF]\r\n--       Build the Parquet libraries\r\n--   ARROW_ORC=OFF [default=OFF]\r\n--       Build the Arrow ORC adapter\r\n--   ARROW_PLASMA=OFF [default=OFF]\r\n--       Build the plasma object store along with Arrow\r\n--   ARROW_PLASMA_JAVA_CLIENT=OFF [default=OFF]\r\n--       Build the plasma object store java client\r\n--   ARROW_PYTHON=OFF [default=OFF]\r\n--       Build the Arrow CPython extensions\r\n--   ARROW_S3=OFF [default=OFF]\r\n--       Build Arrow with S3 support (requires the AWS SDK for C++)\r\n--   ARROW_TENSORFLOW=OFF [default=OFF]\r\n--       Build Arrow with TensorFlow support enabled\r\n--   ARROW_TESTING=OFF [default=OFF]\r\n--       Build the Arrow testing libraries\r\n-- \r\n-- Thirdparty toolchain options:\r\n-- \r\n--   ARROW_DEPENDENCY_SOURCE=BUNDLED [default=AUTO|BUNDLED|SYSTEM|CONDA|VCPKG|BREW]\r\n--       Method to use for acquiring arrow's build dependencies\r\n--   ARROW_VERBOSE_THIRDPARTY_BUILD=ON [default=OFF]\r\n--       Show output from ExternalProjects rather than just logging to files\r\n--   ARROW_DEPENDENCY_USE_SHARED=ON [default=ON]\r\n--       Link to shared libraries\r\n--   ARROW_BOOST_USE_SHARED=OFF [default=ON]\r\n--       Rely on boost shared libraries where relevant\r\n--   ARROW_BROTLI_USE_SHARED=ON [default=ON]\r\n--       Rely on Brotli shared libraries where relevant\r\n--   ARROW_BZ2_USE_SHARED=ON [default=ON]\r\n--       Rely on Bz2 shared libraries where relevant\r\n--   ARROW_GFLAGS_USE_SHARED=ON [default=ON]\r\n--       Rely on GFlags shared libraries where relevant\r\n--   ARROW_GRPC_USE_SHARED=ON [default=ON]\r\n--       Rely on gRPC shared libraries where relevant\r\n--   ARROW_LZ4_USE_SHARED=ON [default=ON]\r\n--       Rely on lz4 shared libraries where relevant\r\n--   ARROW_OPENSSL_USE_SHARED=ON [default=ON]\r\n--       Rely on OpenSSL shared libraries where relevant\r\n--   ARROW_PROTOBUF_USE_SHARED=ON [default=ON]\r\n--       Rely on Protocol Buffers shared libraries where relevant\r\n--   ARROW_THRIFT_USE_SHARED=ON [default=ON]\r\n--       Rely on thrift shared libraries where relevant\r\n--   ARROW_UTF8PROC_USE_SHARED=ON [default=ON]\r\n--       Rely on utf8proc shared libraries where relevant\r\n--   ARROW_SNAPPY_USE_SHARED=ON [default=ON]\r\n--       Rely on snappy shared libraries where relevant\r\n--   ARROW_UTF8PROC_USE_SHARED=ON [default=ON]\r\n--       Rely on utf8proc shared libraries where relevant\r\n--   ARROW_ZSTD_USE_SHARED=ON [default=ON]\r\n--       Rely on zstd shared libraries where relevant\r\n--   ARROW_USE_GLOG=OFF [default=OFF]\r\n--       Build libraries with glog support for pluggable logging\r\n--   ARROW_WITH_BACKTRACE=ON [default=ON]\r\n--       Build with backtrace support\r\n--   ARROW_WITH_BROTLI=OFF [default=OFF]\r\n--       Build with Brotli compression\r\n--   ARROW_WITH_BZ2=OFF [default=OFF]\r\n--       Build with BZ2 compression\r\n--   ARROW_WITH_LZ4=OFF [default=OFF]\r\n--       Build with lz4 compression\r\n--   ARROW_WITH_SNAPPY=OFF [default=OFF]\r\n--       Build with Snappy compression\r\n--   ARROW_WITH_ZLIB=OFF [default=OFF]\r\n--       Build with zlib compression\r\n--   ARROW_WITH_ZSTD=OFF [default=OFF]\r\n--       Build with zstd compression\r\n--   ARROW_WITH_UTF8PROC=ON [default=ON]\r\n--       Build with support for Unicode properties using the utf8proc library\r\n--       (only used if ARROW_COMPUTE is ON)\r\n--   ARROW_WITH_RE2=ON [default=ON]\r\n--       Build with support for regular expressions using the re2 library\r\n--       (only used if ARROW_COMPUTE or ARROW_GANDIVA is ON)\r\n-- \r\n-- Parquet options:\r\n-- \r\n--   PARQUET_MINIMAL_DEPENDENCY=OFF [default=OFF]\r\n--       Depend only on Thirdparty headers to build libparquet.\r\n--       Always OFF if building binaries\r\n--   PARQUET_BUILD_EXECUTABLES=OFF [default=OFF]\r\n--       Build the Parquet executable CLI tools. Requires static libraries to be built.\r\n--   PARQUET_BUILD_EXAMPLES=OFF [default=OFF]\r\n--       Build the Parquet examples. Requires static libraries to be built.\r\n--   PARQUET_REQUIRE_ENCRYPTION=OFF [default=OFF]\r\n--       Build support for encryption. Fail if OpenSSL is not found\r\n-- \r\n-- Gandiva options:\r\n-- \r\n--   ARROW_GANDIVA_JAVA=OFF [default=OFF]\r\n--       Build the Gandiva JNI wrappers\r\n--   ARROW_GANDIVA_STATIC_LIBSTDCPP=OFF [default=OFF]\r\n--       Include -static-libstdc++ -static-libgcc when linking with\r\n--       Gandiva static libraries\r\n--   ARROW_GANDIVA_PC_CXX_FLAGS=\"\" [default=\"\"]\r\n--       Compiler flags to append when pre-compiling Gandiva operations\r\n-- \r\n-- Advanced developer options:\r\n-- \r\n--   ARROW_EXTRA_ERROR_CONTEXT=OFF [default=OFF]\r\n--       Compile with extra error context (line numbers, code)\r\n--   ARROW_OPTIONAL_INSTALL=OFF [default=OFF]\r\n--       If enabled install ONLY targets that have already been built. Please be\r\n--       advised that if this is enabled 'install' will fail silently on components\r\n--       that have not been built\r\n--   Outputting build configuration summary to /tmp/RtmpAceTDo/file76b84aa8ed93/cmake_summary.json\r\n-- Configuring done\r\n-- Generating done\r\n-- Build files have been written to: /tmp/RtmpAceTDo/file76b84aa8ed93\r\n+ /tmp/RtmpAceTDo/file76b87b320dd6/cmake-3.19.2-Linux-x86_64/bin/cmake --build . --target install\r\nmake[1]: Entering directory '/tmp/RtmpAceTDo/file76b84aa8ed93'\r\nmake[2]: Entering directory '/tmp/RtmpAceTDo/file76b84aa8ed93'\r\nmake[3]: Entering directory '/tmp/RtmpAceTDo/file76b84aa8ed93'\r\nmake[3]: Entering directory '/tmp/RtmpAceTDo/file76b84aa8ed93'\r\nScanning dependencies of target boost_ep\r\nmake[3]: Leaving directory '/tmp/RtmpAceTDo/file76b84aa8ed93'\r\nScanning dependencies of target jemalloc_ep\r\nmake[3]: Leaving directory '/tmp/RtmpAceTDo/file76b84aa8ed93'\r\nmake[3]: Entering directory '/tmp/RtmpAceTDo/file76b84aa8ed93'\r\nmake[3]: Entering directory '/tmp/RtmpAceTDo/file76b84aa8ed93'\r\n[  1%] Creating directories for 'jemalloc_ep'\r\n[  2%] Creating directories for 'boost_ep'\r\n[  3%] Performing download step (download, verify and extract) for 'boost_ep'\r\n[  4%] Performing download step (download, verify and extract) for 'jemalloc_ep'\r\n-- Downloading...\r\n   dst='/tmp/RtmpAceTDo/file76b84aa8ed93/boost_ep-prefix/src/boost_1_75_0.tar.gz'\r\n   timeout='none'\r\n   inactivity timeout='none'\r\n-- Using src='https://github.com/ursa-labs/thirdparty/releases/download/latest/boost_1_75_0.tar.gz'\r\n-- Downloading...\r\n   dst='/tmp/RtmpAceTDo/file76b84aa8ed93/jemalloc_ep-prefix/src/jemalloc-5.2.1.tar.bz2'\r\n   timeout='none'\r\n   inactivity timeout='none'\r\n-- Using src='https://github.com/jemalloc/jemalloc/releases/download/5.2.1/jemalloc-5.2.1.tar.bz2'\r\n-- [download 100% complete]\r\n-- [download 0% complete]\r\n-- [download 1% complete]\r\n-- [download 2% complete]\r\n-- [download 3% complete]\r\n-- [download 4% complete]\r\n-- [download 5% complete]\r\n-- [download 6% complete]\r\n-- [download 7% complete]\r\n-- [download 100% complete]\r\n-- [download 8% complete]\r\n-- [download 9% complete]\r\n-- [download 10% complete]\r\n-- [download 11% complete]\r\n-- [download 12% complete]\r\n-- [download 13% complete]\r\n-- [download 14% complete]\r\n-- [download 0% complete]\r\n-- [download 15% complete]\r\n-- [download 16% complete]\r\n-- [download 17% complete]\r\n-- [download 2% complete]\r\n-- [download 3% complete]\r\n-- [download 18% complete]\r\n-- [download 8% complete]\r\n-- [download 17% complete]\r\n-- [download 18% complete]\r\n-- [download 25% complete]\r\n-- [download 19% complete]\r\n-- [download 26% complete]\r\n-- [download 35% complete]\r\n-- [download 37% complete]\r\n-- [download 20% complete]\r\n-- [download 44% complete]\r\n-- [download 49% complete]\r\n-- [download 52% complete]\r\n-- [download 55% complete]\r\n-- [download 58% complete]\r\n-- [download 21% complete]\r\n-- [download 64% complete]\r\n-- [download 67% complete]\r\n-- [download 73% complete]\r\n-- [download 76% complete]\r\n-- [download 22% complete]\r\n-- [download 82% complete]\r\n-- [download 86% complete]\r\n-- [download 92% complete]\r\n-- [download 95% complete]\r\n-- [download 23% complete]\r\n-- [download 100% complete]\r\n-- Downloading... done\r\n-- [download 24% complete]\r\n-- [download 25% complete]\r\n-- [download 26% complete]\r\n-- extracting...\r\n     src='/tmp/RtmpAceTDo/file76b84aa8ed93/jemalloc_ep-prefix/src/jemalloc-5.2.1.tar.bz2'\r\n     dst='/tmp/RtmpAceTDo/file76b84aa8ed93/jemalloc_ep-prefix/src/jemalloc_ep'\r\n-- extracting... [tar xfz]\r\n-- [download 27% complete]\r\n-- [download 28% complete]\r\n-- [download 29% complete]\r\n-- [download 30% complete]\r\n-- [download 31% complete]\r\n-- [download 32% complete]\r\n-- [download 33% complete]\r\n-- [download 34% complete]\r\n-- [download 35% complete]\r\n-- [download 36% complete]\r\n-- [download 37% complete]\r\n-- [download 38% complete]\r\n-- [download 39% complete]\r\n-- [download 40% complete]\r\n-- [download 41% complete]\r\n-- extracting... [analysis]\r\n-- extracting... [rename]\r\n-- extracting... [clean up]\r\n-- extracting... done\r\n-- [download 42% complete]\r\n[  5%] No update step for 'jemalloc_ep'\r\n-- [download 43% complete]\r\n[  6%] Performing patch step for 'jemalloc_ep'\r\n-- [download 44% complete]\r\n-- [download 46% complete]\r\n[  7%] Performing configure step for 'jemalloc_ep'\r\n-- [download 47% complete]\r\n-- [download 48% complete]\r\n-- [download 49% complete]\r\n-- [download 50% complete]\r\n-- [download 51% complete]\r\n-- [download 52% complete]\r\n-- [download 53% complete]\r\n-- [download 54% complete]\r\n-- [download 55% complete]\r\n-- [download 56% complete]\r\n-- [download 57% complete]\r\n-- [download 58% complete]\r\n-- [download 59% complete]\r\n-- [download 60% complete]\r\n-- [download 61% complete]\r\n-- [download 62% complete]\r\n-- [download 63% complete]\r\n-- [download 64% complete]\r\n-- [download 65% complete]\r\n-- [download 66% complete]\r\n-- [download 67% complete]\r\n-- [download 68% complete]\r\n-- [download 69% complete]\r\n-- [download 70% complete]\r\n-- [download 71% complete]\r\n-- [download 72% complete]\r\n-- [download 73% complete]\r\n-- [download 74% complete]\r\n-- [download 75% complete]\r\n-- [download 76% complete]\r\n-- [download 77% complete]\r\n-- [download 78% complete]\r\n-- [download 79% complete]\r\n-- [download 80% complete]\r\n-- [download 81% complete]\r\n-- [download 82% complete]\r\n-- [download 83% complete]\r\n-- [download 84% complete]\r\n-- [download 85% complete]\r\n-- [download 86% complete]\r\n-- [download 87% complete]\r\n-- [download 88% complete]\r\n-- [download 89% complete]\r\nchecking for xsltproc... /usr/bin/xsltproc\r\nchecking for gcc... /usr/bin/ccache\r\nchecking whether the C compiler works... no\r\n-- [download 90% complete]\r\n-- [download 91% complete]\r\n-- [download 92% complete]\r\n-- [download 93% complete]\r\n-- [download 94% complete]\r\n-- [download 95% complete]\r\n-- [download 96% complete]\r\n-- [download 97% complete]\r\n-- [download 98% complete]\r\n-- [download 99% complete]\r\n-- [download 100% complete]\r\n-- Downloading... done\r\nconfigure: error: in `/tmp/RtmpAceTDo/file76b84aa8ed93/jemalloc_ep-prefix/src/jemalloc_ep':\r\nconfigure: error: C compiler cannot create executables\r\nSee `config.log' for more details\r\n-- extracting...\r\n     src='/tmp/RtmpAceTDo/file76b84aa8ed93/boost_ep-prefix/src/boost_1_75_0.tar.gz'\r\n     dst='/tmp/RtmpAceTDo/file76b84aa8ed93/boost_ep-prefix/src/boost_ep'\r\n-- extracting... [tar xfz]\r\nmake[3]: *** [CMakeFiles/jemalloc_ep.dir/build.make:128: jemalloc_ep-prefix/src/jemalloc_ep-stamp/jemalloc_ep-configure] Error 77\r\nmake[3]: Leaving directory '/tmp/RtmpAceTDo/file76b84aa8ed93'\r\nmake[2]: *** [CMakeFiles/Makefile2:648: CMakeFiles/jemalloc_ep.dir/all] Error 2\r\nmake[2]: *** Waiting for unfinished jobs....\r\n-- extracting... [analysis]\r\n-- extracting... [rename]\r\n-- extracting... [clean up]\r\n-- extracting... done\r\n[  8%] No update step for 'boost_ep'\r\n[  9%] No patch step for 'boost_ep'\r\n[ 10%] No configure step for 'boost_ep'\r\n[ 11%] No build step for 'boost_ep'\r\n[ 12%] No install step for 'boost_ep'\r\n[ 13%] Completed 'boost_ep'\r\nmake[3]: Leaving directory '/tmp/RtmpAceTDo/file76b84aa8ed93'\r\n[ 13%] Built target boost_ep\r\nmake[2]: Leaving directory '/tmp/RtmpAceTDo/file76b84aa8ed93'\r\nmake[1]: *** [Makefile:160: all] Error 2\r\nmake[1]: Leaving directory '/tmp/RtmpAceTDo/file76b84aa8ed93'\r\n**** Error building Arrow C++. Re-run with ARROW_R_DEV=true for debug information.\r\n```"
        },
        {
            "created_at": "2021-05-05T13:16:21.379Z",
            "body": "***Note**: [Comment](https://issues.apache.org/jira/browse/ARROW-12654?focusedCommentId=17339648) by Stephan Radel (StephanRadel):*\nHi Neal,\r\n\r\njust found the cause ... there were some optimizations applied according this blogpost: [http://dirk.eddelbuettel.com/blog/2017/11/27/.](http://dirk.eddelbuettel.com/blog/2017/11/27/)\u00a0Obviously the described ccache-method prevented R+arrow from compiling properly. When I turned off this optimization, everything works as expected.\r\n\r\nSorry for bothering you with that topic and thanks a lot for your support!\r\n\r\nBr\r\n\r\nStephan"
        },
        {
            "created_at": "2021-05-06T20:53:20.991Z",
            "body": "***Note**: [Comment](https://issues.apache.org/jira/browse/ARROW-12654?focusedCommentId=17340429) by Neal Richardson (npr):*\nThanks, glad you've worked through the issue. I don't quite understand why the build is failing with ccache, so I've reopened this so we can investigate more."
        },
        {
            "created_at": "2021-08-04T09:29:51.763Z",
            "body": "***Note**: [Comment](https://issues.apache.org/jira/browse/ARROW-12654?focusedCommentId=17392917) by Antoine Pitrou (apitrou):*\n`[~npr]` Do you still plan to investigate?"
        },
        {
            "created_at": "2021-08-04T12:26:40.752Z",
            "body": "***Note**: [Comment](https://issues.apache.org/jira/browse/ARROW-12654?focusedCommentId=17393093) by Neal Richardson (npr):*\nIt's probably worth someone investigating"
        },
        {
            "created_at": "2021-08-05T06:55:40.738Z",
            "body": "***Note**: [Comment](https://issues.apache.org/jira/browse/ARROW-12654?focusedCommentId=17393666) by Stephan Radel (StephanRadel):*\nHi Antoine, hi Neal,\u00a0I'm afraid I don't have time to investigate this further.\u00a0I understand that we have not yet found the root cause. But removing the optimisation has solved my acute problem. Thanks for your support!!"
        },
        {
            "created_at": "2022-04-22T17:10:00.910Z",
            "body": "***Note**: [Comment](https://issues.apache.org/jira/browse/ARROW-12654?focusedCommentId=17526574) by Jonathan Keane (jonkeane):*\nWe resolved an issue that looks very similar in ARROW-14638 and I suspect this will be resolved by that as well. I'm going to close this for now, but if you do still run into this issue after our next release (8.0.0, which should be done shortly) either re-open this, or please create a new Jira so we can dig into it. Thanks!"
        }
    ]
}