{
    "issue": {
        "title": "[C++] Pin gtest to 1.8.1 to triage failing Appveyor / MSVC build",
        "body": "***Note**: This issue was originally created as [ARROW-6834](https://issues.apache.org/jira/browse/ARROW-6834). Please see the [migration documentation](https://gist.github.com/toddfarmer/12aa88361532d21902818a6044fda4c3) for further details.*\n\n### Original Issue Description:\nNot sure what introduced this\r\n\r\nhttps://ci.appveyor.com/project/ApacheSoftwareFoundation/arrow/builds/27992011/job/cj247lfl0s48xrsl\r\n\r\n```Java\n\r\nLINK: command \"C:\\PROGRA~2\\MI0E91~1.0\\VC\\bin\\amd64\\link.exe /nologo src\\arrow\\CMakeFiles\\arrow-public-api-test.dir\\public_api_test.cc.obj /out:release\\arrow-public-api-test.exe /implib:release\\arrow-public-api-test.lib /pdb:release\\arrow-public-api-test.pdb /version:0.0 /machine:x64 /NODEFAULTLIB:LIBCMT /INCREMENTAL:NO /subsystem:console release\\arrow_testing.lib release\\arrow.lib C:\\Miniconda36-x64\\envs\\arrow\\Library\\lib\\double-conversion.lib C:\\Miniconda36-x64\\envs\\arrow\\Library\\lib\\libcrypto.lib C:\\Miniconda36-x64\\envs\\arrow\\Library\\lib\\libssl.lib C:\\Miniconda36-x64\\envs\\arrow\\Library\\lib\\brotlienc-static.lib C:\\Miniconda36-x64\\envs\\arrow\\Library\\lib\\brotlidec-static.lib C:\\Miniconda36-x64\\envs\\arrow\\Library\\lib\\brotlicommon-static.lib C:\\Miniconda36-x64\\envs\\arrow\\Library\\bin\\aws-cpp-sdk-config.lib C:\\Miniconda36-x64\\envs\\arrow\\Library\\bin\\aws-cpp-sdk-transfer.lib C:\\Miniconda36-x64\\envs\\arrow\\Library\\bin\\aws-cpp-sdk-s3.lib C:\\Miniconda36-x64\\envs\\arrow\\Library\\bin\\aws-cpp-sdk-core.lib C:\\Miniconda36-x64\\envs\\arrow\\Library\\lib\\double-conversion.lib C:\\Miniconda36-x64\\envs\\arrow\\Library\\lib\\libboost_filesystem.lib C:\\Miniconda36-x64\\envs\\arrow\\Library\\lib\\libboost_system.lib googletest_ep-prefix\\src\\googletest_ep\\lib\\gtest_main.lib googletest_ep-prefix\\src\\googletest_ep\\lib\\gtest.lib googletest_ep-prefix\\src\\googletest_ep\\lib\\gmock.lib C:\\Miniconda36-x64\\envs\\arrow\\Library\\lib\\libcrypto.lib C:\\Miniconda36-x64\\envs\\arrow\\Library\\lib\\aws-c-event-stream.lib C:\\Miniconda36-x64\\envs\\arrow\\Library\\lib\\aws-c-common.lib BCrypt.lib Kernel32.lib Ws2_32.lib C:\\Miniconda36-x64\\envs\\arrow\\Library\\lib\\aws-checksums.lib mimalloc_ep\\src\\mimalloc_ep\\lib\\mimalloc-1.0\\mimalloc-static-release.lib Ws2_32.lib kernel32.lib user32.lib gdi32.lib winspool.lib shell32.lib ole32.lib oleaut32.lib uuid.lib comdlg32.lib advapi32.lib /MANIFEST /MANIFESTFILE:release\\arrow-public-api-test.exe.manifest\" failed (exit code 1120) with the following output:\r\npublic_api_test.cc.obj : error LNK2019: unresolved external symbol \"__declspec(dllimport) public: static void __cdecl testing::Test::SetUpTestSuite(void)\" (__imp_?SetUpTestSuite@Test@testing@@SAXXZ) referenced in function \"public: static void (__cdecl*__cdecl testing::internal::SuiteApiResolver<class testing::Test>::GetSetUpCaseOrSuite(char const *,int))(void)\" (?GetSetUpCaseOrSuite@?$SuiteApiResolver@VTest@testing@@@internal@testing@@SAP6AXXZPEBDH@Z)\r\npublic_api_test.cc.obj : error LNK2019: unresolved external symbol \"__declspec(dllimport) public: static void __cdecl testing::Test::TearDownTestSuite(void)\" (__imp_?TearDownTestSuite@Test@testing@@SAXXZ) referenced in function \"public: static void (__cdecl*__cdecl testing::internal::SuiteApiResolver<class testing::Test>::GetTearDownCaseOrSuite(char const *,int))(void)\" (?GetTearDownCaseOrSuite@?$SuiteApiResolver@VTest@testing@@@internal@testing@@SAP6AXXZPEBDH@Z)\r\nrelease\\arrow-public-api-test.exe : fatal error LNK1120: 2 unresolved externals\r\n[205/515] Building CXX object src\\arrow\\CMakeFiles\\arrow-array-test.dir\\array_test.cc.obj\r\n[206/515] Building CXX object src\\arrow\\CMakeFiles\\arrow-array-test.dir\\array_dict_test.cc.obj\r\nninja: build stopped: subcommand failed.\r\n(arrow) C:\\projects\\arrow\\cpp\\build>goto scriptexit \r\n```",
        "created_at": "2019-10-09T19:30:28.000Z",
        "updated_at": "2019-10-19T03:21:56.000Z",
        "labels": [
            "Migrated from Jira",
            "Component: C++",
            "Type: bug"
        ],
        "closed": true,
        "closed_at": "2019-10-19T03:21:56.000Z"
    },
    "comments": [
        {
            "created_at": "2019-10-09T19:31:14.850Z",
            "body": "***Note**: [Comment](https://issues.apache.org/jira/browse/ARROW-6834?focusedCommentId=16947946) by Wes McKinney (wesm):*\ngoogletest 1.10 just posted to conda-forge 4 hours ago so this is the root cause\r\n\r\nhttps://anaconda.org/conda-forge/gtest"
        },
        {
            "created_at": "2019-10-09T19:36:40.465Z",
            "body": "***Note**: [Comment](https://issues.apache.org/jira/browse/ARROW-6834?focusedCommentId=16947947) by Uwe Korn (uwe):*\nI fixed a lot of copy commands in that release:\u00a0<https://github.com/conda-forge/gtest-feedstock/pull/40/files#diff-d04c86b6bb20341f5f7c53165501a393>\u00a0Would be happy to have a second pair of eyes on that."
        },
        {
            "created_at": "2019-10-10T09:49:08.933Z",
            "body": "***Note**: [Comment](https://issues.apache.org/jira/browse/ARROW-6834?focusedCommentId=16948357) by Antoine Pitrou (apitrou):*\n> googletest 1.10 just posted to conda-forge 4 hours ago so this is the root cause\r\n\r\nWell, that's weird before that job is rebuilding its own version of gtest (look for \"googletest_ep\" in the logs). There's probably some confusion between both installs :-/"
        },
        {
            "created_at": "2019-10-10T18:52:58.815Z",
            "body": "***Note**: [Comment](https://issues.apache.org/jira/browse/ARROW-6834?focusedCommentId=16948877) by Wes McKinney (wesm):*\nThat is weird. I recall that we were building bundled gtest on MSVC"
        }
    ]
}