{
    "issue": {
        "title": "[C++] Visual Studio 2017 Appveyor builds failing",
        "body": "***Note**: This issue was originally created as [ARROW-1375](https://issues.apache.org/jira/browse/ARROW-1375). Please see the [migration documentation](https://gist.github.com/toddfarmer/12aa88361532d21902818a6044fda4c3) for further details.*\n\n### Original Issue Description:\nSeems unrelated to code changes\n\n```Java\nC:\\projects\\arrow\\cpp\\build\\snappy_ep-prefix\\src\\snappy_ep\\snappy.cc(98): error C2061: syntax error: identifier 'ssize_t' [C:\\projects\\arrow\\cpp\\build\\snappy_ep-prefix\\src\\snappy_ep\\snappy.vcxproj] [C:\\projects\\arrow\\cpp\\build\\snappy_ep.vcxproj]\n  C:\\projects\\arrow\\cpp\\build\\snappy_ep-prefix\\src\\snappy_ep\\snappy.cc(102): error C2065: 'len': undeclared identifier [C:\\projects\\arrow\\cpp\\build\\snappy_ep-prefix\\src\\snappy_ep\\snappy.vcxproj] [C:\\projects\\arrow\\cpp\\build\\snappy_ep.vcxproj]\n  C:\\projects\\arrow\\cpp\\build\\snappy_ep-prefix\\src\\snappy_ep\\snappy.cc(140): error C2061: syntax error: identifier 'ssize_t' [C:\\projects\\arrow\\cpp\\build\\snappy_ep-prefix\\src\\snappy_ep\\snappy.vcxproj] [C:\\projects\\arrow\\cpp\\build\\snappy_ep.vcxproj]\n  C:\\projects\\arrow\\cpp\\build\\snappy_ep-prefix\\src\\snappy_ep\\snappy.cc(143): error C2065: 'len': undeclared identifier [C:\\projects\\arrow\\cpp\\build\\snappy_ep-prefix\\src\\snappy_ep\\snappy.vcxproj] [C:\\projects\\arrow\\cpp\\build\\snappy_ep.vcxproj]\n  C:\\projects\\arrow\\cpp\\build\\snappy_ep-prefix\\src\\snappy_ep\\snappy.cc(146): error C2065: 'len': undeclared identifier [C:\\projects\\arrow\\cpp\\build\\snappy_ep-prefix\\src\\snappy_ep\\snappy.vcxproj] [C:\\projects\\arrow\\cpp\\build\\snappy_ep.vcxproj]\n  C:\\projects\\arrow\\cpp\\build\\snappy_ep-prefix\\src\\snappy_ep\\snappy.cc(150): error C2065: 'len': undeclared identifier [C:\\projects\\arrow\\cpp\\build\\snappy_ep-prefix\\src\\snappy_ep\\snappy.vcxproj] [C:\\projects\\arrow\\cpp\\build\\snappy_ep.vcxproj]\n  C:\\projects\\arrow\\cpp\\build\\snappy_ep-prefix\\src\\snappy_ep\\snappy.cc(1108): error C2660: 'snappy::IncrementalCopy': function does not take 3 arguments [C:\\projects\\arrow\\cpp\\build\\snappy_ep-prefix\\src\\snappy_ep\\snappy.vcxproj] [C:\\projects\\arrow\\cpp\\build\\snappy_ep.vcxproj]\n  C:\\projects\\arrow\\cpp\\build\\snappy_ep-prefix\\src\\snappy_ep\\snappy.cc(1209): error C2660: 'snappy::`anonymous-namespace'::IncrementalCopyFastPath': function does not take 3 arguments [C:\\projects\\arrow\\cpp\\build\\snappy_ep-prefix\\src\\snappy_ep\\snappy.vcxproj] [C:\\projects\\arrow\\cpp\\build\\snappy_ep.vcxproj]\n  C:\\projects\\arrow\\cpp\\build\\snappy_ep-prefix\\src\\snappy_ep\\snappy.cc(1214): error C2660: 'snappy::IncrementalCopy': function does not take 3 arguments [C:\\projects\\arrow\\cpp\\build\\snappy_ep-prefix\\src\\snappy_ep\\snappy.vcxproj] [C:\\projects\\arrow\\cpp\\build\\snappy_ep.vcxproj]\n  C:\\projects\\arrow\\cpp\\build\\snappy_ep-prefix\\src\\snappy_ep\\snappy.cc(98): error C2061: syntax error: identifier 'ssize_t' [C:\\projects\\arrow\\cpp\\build\\snappy_ep-prefix\\src\\snappy_ep\\snappy_static.vcxproj] [C:\\projects\\arrow\\cpp\\build\\snappy_ep.vcxproj]\n  C:\\projects\\arrow\\cpp\\build\\snappy_ep-prefix\\src\\snappy_ep\\snappy.cc(102): error C2065: 'len': undeclared identifier [C:\\projects\\arrow\\cpp\\build\\snappy_ep-prefix\\src\\snappy_ep\\snappy_static.vcxproj] [C:\\projects\\arrow\\cpp\\build\\snappy_ep.vcxproj]\n  C:\\projects\\arrow\\cpp\\build\\snappy_ep-prefix\\src\\snappy_ep\\snappy.cc(140): error C2061: syntax error: identifier 'ssize_t' [C:\\projects\\arrow\\cpp\\build\\snappy_ep-prefix\\src\\snappy_ep\\snappy_static.vcxproj] [C:\\projects\\arrow\\cpp\\build\\snappy_ep.vcxproj]\n  C:\\projects\\arrow\\cpp\\build\\snappy_ep-prefix\\src\\snappy_ep\\snappy.cc(143): error C2065: 'len': undeclared identifier [C:\\projects\\arrow\\cpp\\build\\snappy_ep-prefix\\src\\snappy_ep\\snappy_static.vcxproj] [C:\\projects\\arrow\\cpp\\build\\snappy_ep.vcxproj]\n  C:\\projects\\arrow\\cpp\\build\\snappy_ep-prefix\\src\\snappy_ep\\snappy.cc(146): error C2065: 'len': undeclared identifier [C:\\projects\\arrow\\cpp\\build\\snappy_ep-prefix\\src\\snappy_ep\\snappy_static.vcxproj] [C:\\projects\\arrow\\cpp\\build\\snappy_ep.vcxproj]\n  C:\\projects\\arrow\\cpp\\build\\snappy_ep-prefix\\src\\snappy_ep\\snappy.cc(150): error C2065: 'len': undeclared identifier [C:\\projects\\arrow\\cpp\\build\\snappy_ep-prefix\\src\\snappy_ep\\snappy_static.vcxproj] [C:\\projects\\arrow\\cpp\\build\\snappy_ep.vcxproj]\n  C:\\projects\\arrow\\cpp\\build\\snappy_ep-prefix\\src\\snappy_ep\\snappy.cc(1108): error C2660: 'snappy::IncrementalCopy': function does not take 3 arguments [C:\\projects\\arrow\\cpp\\build\\snappy_ep-prefix\\src\\snappy_ep\\snappy_static.vcxproj] [C:\\projects\\arrow\\cpp\\build\\snappy_ep.vcxproj]\n  C:\\projects\\arrow\\cpp\\build\\snappy_ep-prefix\\src\\snappy_ep\\snappy.cc(1209): error C2660: 'snappy::`anonymous-namespace'::IncrementalCopyFastPath': function does not take 3 arguments [C:\\projects\\arrow\\cpp\\build\\snappy_ep-prefix\\src\\snappy_ep\\snappy_static.vcxproj] [C:\\projects\\arrow\\cpp\\build\\snappy_ep.vcxproj]\n  C:\\projects\\arrow\\cpp\\build\\snappy_ep-prefix\\src\\snappy_ep\\snappy.cc(1214): error C2660: 'snappy::IncrementalCopy': function does not take 3 arguments [C:\\projects\\arrow\\cpp\\build\\snappy_ep-prefix\\src\\snappy_ep\\snappy_static.vcxproj] [C:\\projects\\arrow\\cpp\\build\\snappy_ep.vcxproj]\n  C:\\projects\\arrow\\cpp\\build\\snappy_ep-prefix\\src\\snappy_ep\\snappy.cc(98): error C2061: syntax error: identifier 'ssize_t' [C:\\projects\\arrow\\cpp\\build\\snappy_ep-prefix\\src\\snappy_ep\\snappy.vcxproj] [C:\\projects\\arrow\\cpp\\build\\snappy_ep.vcxproj]\n  C:\\projects\\arrow\\cpp\\build\\snappy_ep-prefix\\src\\snappy_ep\\snappy.cc(102): error C2065: 'len': undeclared identifier [C:\\projects\\arrow\\cpp\\build\\snappy_ep-prefix\\src\\snappy_ep\\snappy.vcxproj] [C:\\projects\\arrow\\cpp\\build\\snappy_ep.vcxproj]\n  C:\\projects\\arrow\\cpp\\build\\snappy_ep-prefix\\src\\snappy_ep\\snappy.cc(140): error C2061: syntax error: identifier 'ssize_t' [C:\\projects\\arrow\\cpp\\build\\snappy_ep-prefix\\src\\snappy_ep\\snappy.vcxproj] [C:\\projects\\arrow\\cpp\\build\\snappy_ep.vcxproj]\n  C:\\projects\\arrow\\cpp\\build\\snappy_ep-prefix\\src\\snappy_ep\\snappy.cc(143): error C2065: 'len': undeclared identifier [C:\\projects\\arrow\\cpp\\build\\snappy_ep-prefix\\src\\snappy_ep\\snappy.vcxproj] [C:\\projects\\arrow\\cpp\\build\\snappy_ep.vcxproj]\n  C:\\projects\\arrow\\cpp\\build\\snappy_ep-prefix\\src\\snappy_ep\\snappy.cc(146): error C2065: 'len': undeclared identifier [C:\\projects\\arrow\\cpp\\build\\snappy_ep-prefix\\src\\snappy_ep\\snappy.vcxproj] [C:\\projects\\arrow\\cpp\\build\\snappy_ep.vcxproj]\n  C:\\projects\\arrow\\cpp\\build\\snappy_ep-prefix\\src\\snappy_ep\\snappy.cc(150): error C2065: 'len': undeclared identifier [C:\\projects\\arrow\\cpp\\build\\snappy_ep-prefix\\src\\snappy_ep\\snappy.vcxproj] [C:\\projects\\arrow\\cpp\\build\\snappy_ep.vcxproj]\n  C:\\projects\\arrow\\cpp\\build\\snappy_ep-prefix\\src\\snappy_ep\\snappy.cc(1108): error C2660: 'snappy::IncrementalCopy': function does not take 3 arguments [C:\\projects\\arrow\\cpp\\build\\snappy_ep-prefix\\src\\snappy_ep\\snappy.vcxproj] [C:\\projects\\arrow\\cpp\\build\\snappy_ep.vcxproj]\n  C:\\projects\\arrow\\cpp\\build\\snappy_ep-prefix\\src\\snappy_ep\\snappy.cc(1209): error C2660: 'snappy::`anonymous-namespace'::IncrementalCopyFastPath': function does not take 3 arguments [C:\\projects\\arrow\\cpp\\build\\snappy_ep-prefix\\src\\snappy_ep\\snappy.vcxproj] [C:\\projects\\arrow\\cpp\\build\\snappy_ep.vcxproj]\n  C:\\projects\\arrow\\cpp\\build\\snappy_ep-prefix\\src\\snappy_ep\\snappy.cc(1214): error C2660: 'snappy::IncrementalCopy': function does not take 3 arguments [C:\\projects\\arrow\\cpp\\build\\snappy_ep-prefix\\src\\snappy_ep\\snappy.vcxproj] [C:\\projects\\arrow\\cpp\\build\\snappy_ep.vcxproj]\n  C:\\projects\\arrow\\cpp\\build\\snappy_ep-prefix\\src\\snappy_ep\\snappy.cc(98): error C2061: syntax error: identifier 'ssize_t' [C:\\projects\\arrow\\cpp\\build\\snappy_ep-prefix\\src\\snappy_ep\\snappy_static.vcxproj] [C:\\projects\\arrow\\cpp\\build\\snappy_ep.vcxproj]\n  C:\\projects\\arrow\\cpp\\build\\snappy_ep-prefix\\src\\snappy_ep\\snappy.cc(102): error C2065: 'len': undeclared identifier [C:\\projects\\arrow\\cpp\\build\\snappy_ep-prefix\\src\\snappy_ep\\snappy_static.vcxproj] [C:\\projects\\arrow\\cpp\\build\\snappy_ep.vcxproj]\n  C:\\projects\\arrow\\cpp\\build\\snappy_ep-prefix\\src\\snappy_ep\\snappy.cc(140): error C2061: syntax error: identifier 'ssize_t' [C:\\projects\\arrow\\cpp\\build\\snappy_ep-prefix\\src\\snappy_ep\\snappy_static.vcxproj] [C:\\projects\\arrow\\cpp\\build\\snappy_ep.vcxproj]\n  C:\\projects\\arrow\\cpp\\build\\snappy_ep-prefix\\src\\snappy_ep\\snappy.cc(143): error C2065: 'len': undeclared identifier [C:\\projects\\arrow\\cpp\\build\\snappy_ep-prefix\\src\\snappy_ep\\snappy_static.vcxproj] [C:\\projects\\arrow\\cpp\\build\\snappy_ep.vcxproj]\n  C:\\projects\\arrow\\cpp\\build\\snappy_ep-prefix\\src\\snappy_ep\\snappy.cc(146): error C2065: 'len': undeclared identifier [C:\\projects\\arrow\\cpp\\build\\snappy_ep-prefix\\src\\snappy_ep\\snappy_static.vcxproj] [C:\\projects\\arrow\\cpp\\build\\snappy_ep.vcxproj]\n  C:\\projects\\arrow\\cpp\\build\\snappy_ep-prefix\\src\\snappy_ep\\snappy.cc(150): error C2065: 'len': undeclared identifier [C:\\projects\\arrow\\cpp\\build\\snappy_ep-prefix\\src\\snappy_ep\\snappy_static.vcxproj] [C:\\projects\\arrow\\cpp\\build\\snappy_ep.vcxproj]\n  C:\\projects\\arrow\\cpp\\build\\snappy_ep-prefix\\src\\snappy_ep\\snappy.cc(1108): error C2660: 'snappy::IncrementalCopy': function does not take 3 arguments [C:\\projects\\arrow\\cpp\\build\\snappy_ep-prefix\\src\\snappy_ep\\snappy_static.vcxproj] [C:\\projects\\arrow\\cpp\\build\\snappy_ep.vcxproj]\n  C:\\projects\\arrow\\cpp\\build\\snappy_ep-prefix\\src\\snappy_ep\\snappy.cc(1209): error C2660: 'snappy::`anonymous-namespace'::IncrementalCopyFastPath': function does not take 3 arguments [C:\\projects\\arrow\\cpp\\build\\snappy_ep-prefix\\src\\snappy_ep\\snappy_static.vcxproj] [C:\\projects\\arrow\\cpp\\build\\snappy_ep.vcxproj]\n  C:\\projects\\arrow\\cpp\\build\\snappy_ep-prefix\\src\\snappy_ep\\snappy.cc(1214): error C2660: 'snappy::IncrementalCopy': function does not take 3 arguments [C:\\projects\\arrow\\cpp\\build\\snappy_ep-prefix\\src\\snappy_ep\\snappy_static.vcxproj] [C:\\projects\\arrow\\cpp\\build\\snappy_ep.vcxproj]\n    57 Warning(s)\n```\n\n[~Max Risuhin] do you have time to take a look?",
        "created_at": "2017-08-19T14:32:32.000Z",
        "updated_at": "2017-08-20T23:49:40.000Z",
        "labels": [
            "Migrated from Jira",
            "Component: C++",
            "Type: bug"
        ],
        "closed": true,
        "closed_at": "2017-08-20T23:49:39.000Z"
    },
    "comments": [
        {
            "created_at": "2017-08-19T15:10:13.026Z",
            "body": "***Note**: [Comment](https://issues.apache.org/jira/browse/ARROW-1375?focusedCommentId=16134131) by Max Risuhin (Max Risuhin):*\n`[~wesmckinn]` sure! thanks"
        },
        {
            "created_at": "2017-08-20T23:49:40.007Z",
            "body": "***Note**: [Comment](https://issues.apache.org/jira/browse/ARROW-1375?focusedCommentId=16134602) by Wes McKinney (wesm):*\nIssue resolved by pull request 980\n<https://github.com/apache/arrow/pull/980>"
        }
    ]
}