{
    "issue": {
        "title": "MSVC generates \"attempting to reference a deleted function\" during build.",
        "body": "***Note**: This issue was originally created as [ARROW-1955](https://issues.apache.org/jira/browse/ARROW-1955). Please see the [migration documentation](https://gist.github.com/toddfarmer/12aa88361532d21902818a6044fda4c3) for further details.*\n\n### Original Issue Description:\nHello Arrow Team,\r\n\r\n   I am experiencing an issue while building the arrow cpp implementation. Specifically I am getting the following \"attempting to reference a deleted function\" in builder.h:\r\n\r\n\"C:\\temp\\arrow\\cpp\\w64\\ALL_BUILD.vcxproj\" (default target) (1) ->\r\n\"C:\\temp\\arrow\\cpp\\w64\\src\\arrow\\arrow_shared.vcxproj\" (default target) (16) ->\r\n(ClCompile target) ->\r\n  C:\\temp\\arrow\\cpp\\src\\arrow/builder.h(942): error C2280: 'arrow::DictionaryBuilder<arrow::BinaryType>::DictionaryBuil\r\nder(const arrow::DictionaryBuilder<arrow::BinaryType> &)': attempting to reference a deleted function [C:\\temp\\arrow\\cp\r\np\\w64\\src\\arrow\\arrow_shared.vcxproj]\r\n  C:\\temp\\arrow\\cpp\\src\\arrow/builder.h(942): error C2280: 'arrow::DictionaryBuilder<arrow::BinaryType>::DictionaryBuil\r\nder(const arrow::DictionaryBuilder<arrow::BinaryType> &)': attempting to reference a deleted function [C:\\temp\\arrow\\cp\r\np\\w64\\src\\arrow\\arrow_shared.vcxproj]\r\n  C:\\temp\\arrow\\cpp\\src\\arrow/builder.h(942): error C2280: 'arrow::DictionaryBuilder<arrow::BinaryType>::DictionaryBuil\r\nder(const arrow::DictionaryBuilder<arrow::BinaryType> &)': attempting to reference a deleted function [C:\\temp\\arrow\\cp\r\np\\w64\\src\\arrow\\arrow_shared.vcxproj]\r\n  C:\\temp\\arrow\\cpp\\src\\arrow/builder.h(942): error C2280: 'arrow::DictionaryBuilder<arrow::BinaryType>::DictionaryBuil\r\nder(const arrow::DictionaryBuilder<arrow::BinaryType> &)': attempting to reference a deleted function [C:\\temp\\arrow\\cp\r\np\\w64\\src\\arrow\\arrow_shared.vcxproj]\r\n\r\nHere is my compiler version as well my parameters to cmake:\r\n\r\n(arrow-dev) C:\\temp\\arrow\\cpp\\w64>cl\r\nMicrosoft (R) C/C++ Optimizing Compiler Version 19.00.23506 for x64\r\nCopyright (C) Microsoft Corporation.  All rights reserved.\r\n\r\nusage: cl [ option... ] filename... [ /link linkoption... ]\r\n\r\n(arrow-dev) C:\\temp\\arrow\\cpp\\w64>cmake -G \"Visual Studio 14 2015 Win64\" -DCMAKE_BUILD_TYPE=Release ..\r\n\r\nThanks so much for you great work on arrow! I would be glad to provide any further information you require.\r\n\r\nRegards,\r\n\r\nBipin",
        "created_at": "2017-12-29T03:21:56.000Z",
        "updated_at": "2018-01-02T15:22:19.000Z",
        "labels": [
            "Migrated from Jira",
            "Component: C++",
            "Type: bug"
        ],
        "closed": true,
        "closed_at": "2018-01-02T15:22:19.000Z"
    },
    "comments": [
        {
            "created_at": "2017-12-29T19:25:39.211Z",
            "body": "***Note**: [Comment](https://issues.apache.org/jira/browse/ARROW-1955?focusedCommentId=16306477) by Wes McKinney (wesm):*\nWhat version of Visual Studio is this? We are building with this configuration in CI (and I have tested locally with Visual Studio 2017 Community also): https://github.com/apache/arrow/blob/master/appveyor.yml#L22\r\n\r\nCould you post a complete log of your entire console session from a clean build (deleting any prior cmake files)? Could you also let us know what version of cmake you are using?\r\n\r\ncc [~Max Risuhin]"
        },
        {
            "created_at": "2017-12-29T19:34:51.414Z",
            "body": "***Note**: [Comment](https://issues.apache.org/jira/browse/ARROW-1955?focusedCommentId=16306488) by Max Risuhin (Max Risuhin):*\nCould you please also check that you don't have in PATH another version of Arrow's header files (for example, if you have installed Arrow via conda package manager)? If so, wrong headers might get compiled."
        },
        {
            "created_at": "2017-12-30T23:49:43.856Z",
            "body": "***Note**: [Comment](https://issues.apache.org/jira/browse/ARROW-1955?focusedCommentId=16307004) by Bipin Mathew (mathewb001):*\nHello `[~wesmckinn]` [~Max Risuhin],\r\n\r\nThank you for helping me with this. I am attaching two logs below the first from cmake and the other from the subsequent nmake ( sorry I could not figure out how to attach these as files on JIRA ). I am less experienced with the MSVC tool chain so it is entirely possible I am doing something fundamentally wrong.\r\n\r\n**Here is my cmake version:**\r\n\r\n(arrow-dev) C:\\temp\\arrow\\cpp\\build>cmake --version\r\ncmake version 3.10.0\r\n\r\nCMake suite maintained and supported by Kitware (kitware.com/cmake).\r\n\r\n**Here is my compiler version:**\r\n\r\n(arrow-dev) C:\\temp\\arrow\\cpp\\build>cl\r\nMicrosoft (R) C/C++ Optimizing Compiler Version 19.00.23506 for x64\r\nCopyright (C) Microsoft Corporation.  All rights reserved.\r\n\r\nusage: cl [ option... ] filename... [ /link linkoption... ]\r\n\r\n\r\n\r\n**Here is my environment:**\r\n\r\n(arrow-dev) C:\\temp\\arrow\\cpp>env\r\n!::=::\\\r\n!C:=C:\\temp\\arrow\\cpp\r\n!ExitCode=00000000\r\nALLUSERSPROFILE=C:\\ProgramData\r\nAPPDATA=C:\\Users\\Bipin Mathew\\AppData\\Roaming\r\nARROW_BUILD_TOOLCHAIN=C:\\ProgramData\\Miniconda3\\envs\\arrow-dev\\Library\r\nCommandPromptType=Native\r\nCOMMONPROGRAMFILES=C:\\Program Files\\Common Files\r\nCommonProgramFiles(x86)=C:\\Program Files (x86)\\Common Files\r\nCommonProgramW6432=C:\\Program Files\\Common Files\r\nCOMPUTERNAME=DESKTOP-9FNPVMA\r\nCOMSPEC=C:\\WINDOWS\\system32\\cmd.exe\r\nCONDA_DEFAULT_ENV=arrow-dev\r\nCONDA_PREFIX=C:\\ProgramData\\Miniconda3\\envs\\arrow-dev\r\nCONDA_PS1_BACKUP=$P$G\r\nFramework40Version=v4.0\r\nFrameworkDir=C:\\Windows\\Microsoft.NET\\Framework64\r\nFrameworkDIR64=C:\\Windows\\Microsoft.NET\\Framework64\r\nFrameworkVersion=v4.0.30319\r\nFrameworkVersion64=v4.0.30319\r\nHOMEDRIVE=C:\r\nHOMEPATH=\\Users\\Bipin Mathew\r\nINCLUDE=C:\\Program Files (x86)\\Microsoft Visual Studio 14.0\\VC\\INCLUDE;C:\\Program Files (x86)\\Microsoft Visual Studio 14.0\\VC\\ATLMFC\\INCLUDE;C:\\Program Files (x86)\\Windows Kits\\10\\include\\10.0.10240.0\\ucrt;C:\\Program Files (x86)\\Windows Kits\\NETFXSDK\\4.6.1\\include\\um;C:\\Program Files (x86)\\Windows Kits\\8.1\\include\nshared;C:\\Program Files (x86)\\Windows Kits\\8.1\\include\num;C:\\Program Files (x86)\\Windows Kits\\8.1\\include\nwinrt;\r\nLIB=C:\\Program Files (x86)\\Microsoft Visual Studio 14.0\\VC\\LIB\\amd64;C:\\Program Files (x86)\\Microsoft Visual Studio 14.0\\VC\\ATLMFC\\LIB\\amd64;C:\\Program Files (x86)\\Windows Kits\\10\\lib\\10.0.10240.0\\ucrt\\x64;C:\\Program Files (x86)\\Windows Kits\\NETFXSDK\\4.6.1\\lib\\um\\x64;C:\\Program Files (x86)\\Windows Kits\\8.1\\lib\\winv6.3\\um\\x64;\r\nLIBPATH=C:\\Windows\\Microsoft.NET\\Framework64\\v4.0.30319;C:\\Program Files (x86)\\Microsoft Visual Studio 14.0\\VC\\LIB\\amd64;C:\\Program Files (x86)\\Microsoft Visual Studio 14.0\\VC\\ATLMFC\\LIB\\amd64;C:\\Program Files (x86)\\Windows Kits\\8.1\\References\\CommonConfiguration\\Neutral;\\Microsoft.VCLibs\\14.0\\References\\CommonConfiguration\\neutral;\r\nLOCALAPPDATA=C:\\Users\\Bipin Mathew\\AppData\\Local\r\nLOGONSERVER=\nDESKTOP-9FNPVMA\r\nNETFXSDKDir=C:\\Program Files (x86)\\Windows Kits\\NETFXSDK\\4.6.1\\\r\nNUMBER_OF_PROCESSORS=4\r\nOneDrive=C:\\Users\\Bipin Mathew\\OneDrive\r\nOS=Windows_NT\r\nPATH=/c/ProgramData/Miniconda3/envs/arrow-dev:/mingw-w64/bin:/usr/bin:/bin:/c/ProgramData/Miniconda3/envs/arrow-dev/Scripts:/c/Program Files (x86)/Microsoft Visual Studio 14.0/Common7/IDE/CommonExtensions/Microsoft/TestWindow:/c/Program Files (x86)/MSBuild/14.0/bin/amd64:/c/Program Files (x86)/Microsoft Visual Studio 14.0/VC/BIN/amd64:/c/Windows/Microsoft.NET/Framework64/v4.0.30319:/c/Program Files (x86)/Microsoft Visual Studio 14.0/VC/VCPackages:/c/Program Files (x86)/Microsoft Visual Studio 14.0/Common7/IDE:/c/Program Files (x86)/Microsoft Visual Studio 14.0/Common7/Tools:/c/Program Files (x86)/HTML Help Workshop:/c/Program Files (x86)/Microsoft Visual Studio 14.0/Team Tools/Performance Tools/x64:/c/Program Files (x86)/Microsoft Visual Studio 14.0/Team Tools/Performance Tools:/c/Program Files (x86)/Windows Kits/8.1/bin/x64:/c/Program Files (x86)/Windows Kits/8.1/bin/x86:/c/Program Files (x86)/Microsoft SDKs/Windows/v10.0A/bin/NETFX 4.6.1 Tools/x64:/c/ProgramData/Miniconda3:/c/ProgramData/Miniconda3/Library/mingw-w64/bin:/c/ProgramData/Miniconda3/Library/usr/bin:/c/ProgramData/Miniconda3/Library/bin:/c/ProgramData/Miniconda3/Scripts:/c/WINDOWS/system32:/c/WINDOWS:/c/WINDOWS/System32/Wbem:/c/WINDOWS/System32/WindowsPowerShell/v1.0:/c/Program Files/Git/cmd:/c/Program Files (x86)/Windows Kits/8.1/Windows Performance Toolkit:/c/Program Files/Microsoft SQL Server/120/Tools/Binn:/c/Users/Bipin Mathew/AppData/Local/Microsoft/WindowsApps\r\nPATHEXT=.COM;.EXE;.BAT;.CMD;.VBS;.VBE;.JS;.JSE;.WSF;.WSH;.MSC\r\nPlatform=X64\r\nPROCESSOR_ARCHITECTURE=AMD64\r\nPROCESSOR_IDENTIFIER=AMD64 Family 21 Model 2 Stepping 0, AuthenticAMD\r\nPROCESSOR_LEVEL=21\r\nPROCESSOR_REVISION=0200\r\nProgramData=C:\\ProgramData\r\nPROGRAMFILES=C:\\Program Files\r\nProgramFiles(x86)=C:\\Program Files (x86)\r\nProgramW6432=C:\\Program Files\r\nPROMPT=(arrow-dev) $P$G\r\nPSModulePath=C:\\WINDOWS\\system32\\WindowsPowerShell\\v1.0\\Modules\\\r\nPUBLIC=C:\\Users\\Public\r\nSESSIONNAME=Console\r\nSYSTEMDRIVE=C:\r\nSYSTEMROOT=C:\\WINDOWS\r\nTEMP=/tmp\r\nTMP=/tmp\r\nUCRTVersion=10.0.10240.0\r\nUniversalCRTSdkDir=C:\\Program Files (x86)\\Windows Kits\\10\\\r\nUSERDOMAIN=DESKTOP-9FNPVMA\r\nUSERDOMAIN_ROAMINGPROFILE=DESKTOP-9FNPVMA\r\nUSERNAME=Bipin Mathew\r\nUSERPROFILE=C:\\Users\\Bipin Mathew\r\nVCINSTALLDIR=C:\\Program Files (x86)\\Microsoft Visual Studio 14.0\\VC\\\r\nVisualStudioVersion=14.0\r\nVS140COMNTOOLS=C:\\Program Files (x86)\\Microsoft Visual Studio 14.0\\Common7\\Tools\\\r\nVSINSTALLDIR=C:\\Program Files (x86)\\Microsoft Visual Studio 14.0\\\r\nWINDIR=C:\\WINDOWS\r\nWindowsLibPath=C:\\Program Files (x86)\\Windows Kits\\8.1\\References\\CommonConfiguration\\Neutral\r\nWindowsSdkDir=C:\\Program Files (x86)\\Windows Kits\\8.1\\\r\nWindowsSDKLibVersion=winv6.3\\\r\nWindowsSDKVersion=\\\r\nWindowsSDK_ExecutablePath_x64=C:\\Program Files (x86)\\Microsoft SDKs\\Windows\\v10.0A\\bin\\NETFX 4.6.1 Tools\\x64\\\r\nWindowsSDK_ExecutablePath_x86=C:\\Program Files (x86)\\Microsoft SDKs\\Windows\\v10.0A\\bin\\NETFX 4.6.1 Tools\\\r\nTERM=cygwin\r\nHOME=/c/Users/Bipin Mathew\r\n\r\n(arrow-dev) C:\\temp\\arrow\\cpp>\r\n\r\n\r\n**Here is the output from cmake:**\r\n\r\n(arrow-dev) C:\\temp\\arrow\\cpp\\build>cmake ~~G \"NMake Makefiles\" -DCMAKE_BUILD_TYPE=Release ..\r\n\r\n-~~ The C compiler identification is MSVC 19.0.23506.0\r\n\u2013 The CXX compiler identification is MSVC 19.0.23506.0\r\n\u2013 Check for working C compiler: C:/Program Files (x86)/Microsoft Visual Studio 14.0/VC/bin/amd64/cl.exe\r\n\u2013 Check for working C compiler: C:/Program Files (x86)/Microsoft Visual Studio 14.0/VC/bin/amd64/cl.exe \u2013 works\r\n\u2013 Detecting C compiler ABI info\r\n\u2013 Detecting C compiler ABI info - done\r\n\u2013 Check for working CXX compiler: C:/Program Files (x86)/Microsoft Visual Studio 14.0/VC/bin/amd64/cl.exe\r\n\u2013 Check for working CXX compiler: C:/Program Files (x86)/Microsoft Visual Studio 14.0/VC/bin/amd64/cl.exe \u2013 works\r\n\u2013 Detecting CXX compiler ABI info\r\n\u2013 Detecting CXX compiler ABI info - done\r\n\u2013 Detecting CXX compile features\r\n\u2013 Detecting CXX compile features - done\r\nclang-tidy not found\r\nclang-format not found\r\ninfer not found\r\nINFOCompiler command: C:/Program Files (x86)/Microsoft Visual Studio 14.0/VC/bin/amd64/cl.exe\r\nINFOCompiler version: Microsoft (R) C/C++ Optimizing Compiler Version 19.00.23506 for x64\r\nCopyright (C) Microsoft Corporation.  All rights reserved.\r\n\r\nusage: cl [ option... ] filename... [ /link linkoption... ]\r\n\r\nINFOCompiler id: MSVC\r\nSelected compiler msvc Microsoft (R) C/C++ Optimizing Compiler Version 19.00.23506 for x64\r\nCopyright (C) Microsoft Corporation.  All rights reserved.\r\n\r\nusage: cl [ option... ] filename... [ /link linkoption... ]\r\n\r\n\u2013 Performing Test CXX_SUPPORTS_SSE3\r\n\u2013 Performing Test CXX_SUPPORTS_SSE3 - Failed\r\n\u2013 Performing Test CXX_SUPPORTS_ALTIVEC\r\n\u2013 Performing Test CXX_SUPPORTS_ALTIVEC - Failed\r\nConfigured for RELEASE build (set with cmake ~~DCMAKE_BUILD_TYPE={release,debug,...})\r\n-~~ Build Type: RELEASE\r\n\u2013 [ C:/ProgramData/Miniconda3/envs/arrow-dev/Library/share/cmake-3.10/Modules/FindBoost.cmake:1078 ] _boost_TEST_VERSIONS = 1.65.0;1.65;1.64.0;1.64;1.63.0;1.63;1.62.0;1.61;1.61.0;1.62;1.60.0;1.60;1.65.1;1.65.0;1.65;1.64.0;1.64;1.63.0;1.63;1.62.0;1.62;1.61.0;1.61;1.60.0;1.60;1.59.0;1.59;1.58.0;1.58;1.57.0;1.57;1.56.0;1.56;1.55.0;1.55;1.54.0;1.54;1.53.0;1.53;1.52.0;1.52;1.51.0;1.51;1.50.0;1.50;1.49.0;1.49;1.48.0;1.48;1.47.0;1.47;1.46.1;1.46.0;1.46;1.45.0;1.45;1.44.0;1.44;1.43.0;1.43;1.42.0;1.42;1.41.0;1.41;1.40.0;1.40;1.39.0;1.39;1.38.0;1.38;1.37.0;1.37;1.36.1;1.36.0;1.36;1.35.1;1.35.0;1.35;1.34.1;1.34.0;1.34;1.33.1;1.33.0;1.33\r\n\u2013 [ C:/ProgramData/Miniconda3/envs/arrow-dev/Library/share/cmake-3.10/Modules/FindBoost.cmake:1080 ] Boost_USE_MULTITHREADED = ON\r\n\u2013 [ C:/ProgramData/Miniconda3/envs/arrow-dev/Library/share/cmake-3.10/Modules/FindBoost.cmake:1082 ] Boost_USE_STATIC_LIBS = OFF\r\n\u2013 [ C:/ProgramData/Miniconda3/envs/arrow-dev/Library/share/cmake-3.10/Modules/FindBoost.cmake:1084 ] Boost_USE_STATIC_RUNTIME = \r\n\u2013 [ C:/ProgramData/Miniconda3/envs/arrow-dev/Library/share/cmake-3.10/Modules/FindBoost.cmake:1086 ] Boost_ADDITIONAL_VERSIONS = 1.65.0;1.65;1.64.0;1.64;1.63.0;1.63;1.62.0;1.61;1.61.0;1.62;1.60.0;1.60\r\n\u2013 [ C:/ProgramData/Miniconda3/envs/arrow-dev/Library/share/cmake-3.10/Modules/FindBoost.cmake:1088 ] Boost_NO_SYSTEM_PATHS = \r\n\u2013 [ C:/ProgramData/Miniconda3/envs/arrow-dev/Library/share/cmake-3.10/Modules/FindBoost.cmake:1156 ] Declared as CMake or Environmental Variables:\r\n\u2013 [ C:/ProgramData/Miniconda3/envs/arrow-dev/Library/share/cmake-3.10/Modules/FindBoost.cmake:1158 ]   BOOST_ROOT = \r\n\u2013 [ C:/ProgramData/Miniconda3/envs/arrow-dev/Library/share/cmake-3.10/Modules/FindBoost.cmake:1160 ]   BOOST_INCLUDEDIR = \r\n\u2013 [ C:/ProgramData/Miniconda3/envs/arrow-dev/Library/share/cmake-3.10/Modules/FindBoost.cmake:1162 ]   BOOST_LIBRARYDIR = \r\n\u2013 [ C:/ProgramData/Miniconda3/envs/arrow-dev/Library/share/cmake-3.10/Modules/FindBoost.cmake:1164 ] _boost_TEST_VERSIONS = 1.65.0;1.65;1.64.0;1.64;1.63.0;1.63;1.62.0;1.61;1.61.0;1.62;1.60.0;1.60;1.65.1;1.65.0;1.65;1.64.0;1.64;1.63.0;1.63;1.62.0;1.62;1.61.0;1.61;1.60.0;1.60;1.59.0;1.59;1.58.0;1.58;1.57.0;1.57;1.56.0;1.56;1.55.0;1.55;1.54.0;1.54;1.53.0;1.53;1.52.0;1.52;1.51.0;1.51;1.50.0;1.50;1.49.0;1.49;1.48.0;1.48;1.47.0;1.47;1.46.1;1.46.0;1.46;1.45.0;1.45;1.44.0;1.44;1.43.0;1.43;1.42.0;1.42;1.41.0;1.41;1.40.0;1.40;1.39.0;1.39;1.38.0;1.38;1.37.0;1.37;1.36.1;1.36.0;1.36;1.35.1;1.35.0;1.35;1.34.1;1.34.0;1.34;1.33.1;1.33.0;1.33\r\n\u2013 [ C:/ProgramData/Miniconda3/envs/arrow-dev/Library/share/cmake-3.10/Modules/FindBoost.cmake:1239 ] Include debugging info:\r\n\u2013 [ C:/ProgramData/Miniconda3/envs/arrow-dev/Library/share/cmake-3.10/Modules/FindBoost.cmake:1241 ]   _boost_INCLUDE_SEARCH_DIRS = C:/ProgramData/Miniconda3/envs/arrow-dev/Library/include;C:/ProgramData/Miniconda3/envs/arrow-dev/Library;PATHS;C:/local/boost_1_65_0;PATHS;C:/local/boost_1_65;PATHS;C:/local/boost_1_64_0;PATHS;C:/local/boost_1_64;PATHS;C:/local/boost_1_63_0;PATHS;C:/local/boost_1_63;PATHS;C:/local/boost_1_62_0;PATHS;C:/local/boost_1_61;PATHS;C:/local/boost_1_61_0;PATHS;C:/local/boost_1_62;PATHS;C:/local/boost_1_60_0;PATHS;C:/local/boost_1_60;PATHS;C:/local/boost_1_65_1;PATHS;C:/local/boost_1_65_0;PATHS;C:/local/boost_1_65;PATHS;C:/local/boost_1_64_0;PATHS;C:/local/boost_1_64;PATHS;C:/local/boost_1_63_0;PATHS;C:/local/boost_1_63;PATHS;C:/local/boost_1_62_0;PATHS;C:/local/boost_1_62;PATHS;C:/local/boost_1_61_0;PATHS;C:/local/boost_1_61;PATHS;C:/local/boost_1_60_0;PATHS;C:/local/boost_1_60;PATHS;C:/local/boost_1_59_0;PATHS;C:/local/boost_1_59;PATHS;C:/local/boost_1_58_0;PATHS;C:/local/boost_1_58;PATHS;C:/local/boost_1_57_0;PATHS;C:/local/boost_1_57;PATHS;C:/local/boost_1_56_0;PATHS;C:/local/boost_1_56;PATHS;C:/local/boost_1_55_0;PATHS;C:/local/boost_1_55;PATHS;C:/local/boost_1_54_0;PATHS;C:/local/boost_1_54;PATHS;C:/local/boost_1_53_0;PATHS;C:/local/boost_1_53;PATHS;C:/local/boost_1_52_0;PATHS;C:/local/boost_1_52;PATHS;C:/local/boost_1_51_0;PATHS;C:/local/boost_1_51;PATHS;C:/local/boost_1_50_0;PATHS;C:/local/boost_1_50;PATHS;C:/local/boost_1_49_0;PATHS;C:/local/boost_1_49;PATHS;C:/local/boost_1_48_0;PATHS;C:/local/boost_1_48;PATHS;C:/local/boost_1_47_0;PATHS;C:/local/boost_1_47;PATHS;C:/local/boost_1_46_1;PATHS;C:/local/boost_1_46_0;PATHS;C:/local/boost_1_46;PATHS;C:/local/boost_1_45_0;PATHS;C:/local/boost_1_45;PATHS;C:/local/boost_1_44_0;PATHS;C:/local/boost_1_44;PATHS;C:/local/boost_1_43_0;PATHS;C:/local/boost_1_43;PATHS;C:/local/boost_1_42_0;PATHS;C:/local/boost_1_42;PATHS;C:/local/boost_1_41_0;PATHS;C:/local/boost_1_41;PATHS;C:/local/boost_1_40_0;PATHS;C:/local/boost_1_40;PATHS;C:/local/boost_1_39_0;PATHS;C:/local/boost_1_39;PATHS;C:/local/boost_1_38_0;PATHS;C:/local/boost_1_38;PATHS;C:/local/boost_1_37_0;PATHS;C:/local/boost_1_37;PATHS;C:/local/boost_1_36_1;PATHS;C:/local/boost_1_36_0;PATHS;C:/local/boost_1_36;PATHS;C:/local/boost_1_35_1;PATHS;C:/local/boost_1_35_0;PATHS;C:/local/boost_1_35;PATHS;C:/local/boost_1_34_1;PATHS;C:/local/boost_1_34_0;PATHS;C:/local/boost_1_34;PATHS;C:/local/boost_1_33_1;PATHS;C:/local/boost_1_33_0;PATHS;C:/local/boost_1_33;PATHS;C:/boost/include;C:/boost;/sw/local/include\r\n\u2013 [ C:/ProgramData/Miniconda3/envs/arrow-dev/Library/share/cmake-3.10/Modules/FindBoost.cmake:1243 ]   _boost_PATH_SUFFIXES = boost-1_65_0;boost_1_65_0;boost/boost-1_65_0;boost/boost_1_65_0;boost-1_65;boost_1_65;boost/boost-1_65;boost/boost_1_65;boost-1_64_0;boost_1_64_0;boost/boost-1_64_0;boost/boost_1_64_0;boost-1_64;boost_1_64;boost/boost-1_64;boost/boost_1_64;boost-1_63_0;boost_1_63_0;boost/boost-1_63_0;boost/boost_1_63_0;boost-1_63;boost_1_63;boost/boost-1_63;boost/boost_1_63;boost-1_62_0;boost_1_62_0;boost/boost-1_62_0;boost/boost_1_62_0;boost-1_61;boost_1_61;boost/boost-1_61;boost/boost_1_61;boost-1_61_0;boost_1_61_0;boost/boost-1_61_0;boost/boost_1_61_0;boost-1_62;boost_1_62;boost/boost-1_62;boost/boost_1_62;boost-1_60_0;boost_1_60_0;boost/boost-1_60_0;boost/boost_1_60_0;boost-1_60;boost_1_60;boost/boost-1_60;boost/boost_1_60;boost-1_65_1;boost_1_65_1;boost/boost-1_65_1;boost/boost_1_65_1;boost-1_65_0;boost_1_65_0;boost/boost-1_65_0;boost/boost_1_65_0;boost-1_65;boost_1_65;boost/boost-1_65;boost/boost_1_65;boost-1_64_0;boost_1_64_0;boost/boost-1_64_0;boost/boost_1_64_0;boost-1_64;boost_1_64;boost/boost-1_64;boost/boost_1_64;boost-1_63_0;boost_1_63_0;boost/boost-1_63_0;boost/boost_1_63_0;boost-1_63;boost_1_63;boost/boost-1_63;boost/boost_1_63;boost-1_62_0;boost_1_62_0;boost/boost-1_62_0;boost/boost_1_62_0;boost-1_62;boost_1_62;boost/boost-1_62;boost/boost_1_62;boost-1_61_0;boost_1_61_0;boost/boost-1_61_0;boost/boost_1_61_0;boost-1_61;boost_1_61;boost/boost-1_61;boost/boost_1_61;boost-1_60_0;boost_1_60_0;boost/boost-1_60_0;boost/boost_1_60_0;boost-1_60;boost_1_60;boost/boost-1_60;boost/boost_1_60;boost-1_59_0;boost_1_59_0;boost/boost-1_59_0;boost/boost_1_59_0;boost-1_59;boost_1_59;boost/boost-1_59;boost/boost_1_59;boost-1_58_0;boost_1_58_0;boost/boost-1_58_0;boost/boost_1_58_0;boost-1_58;boost_1_58;boost/boost-1_58;boost/boost_1_58;boost-1_57_0;boost_1_57_0;boost/boost-1_57_0;boost/boost_1_57_0;boost-1_57;boost_1_57;boost/boost-1_57;boost/boost_1_57;boost-1_56_0;boost_1_56_0;boost/boost-1_56_0;boost/boost_1_56_0;boost-1_56;boost_1_56;boost/boost-1_56;boost/boost_1_56;boost-1_55_0;boost_1_55_0;boost/boost-1_55_0;boost/boost_1_55_0;boost-1_55;boost_1_55;boost/boost-1_55;boost/boost_1_55;boost-1_54_0;boost_1_54_0;boost/boost-1_54_0;boost/boost_1_54_0;boost-1_54;boost_1_54;boost/boost-1_54;boost/boost_1_54;boost-1_53_0;boost_1_53_0;boost/boost-1_53_0;boost/boost_1_53_0;boost-1_53;boost_1_53;boost/boost-1_53;boost/boost_1_53;boost-1_52_0;boost_1_52_0;boost/boost-1_52_0;boost/boost_1_52_0;boost-1_52;boost_1_52;boost/boost-1_52;boost/boost_1_52;boost-1_51_0;boost_1_51_0;boost/boost-1_51_0;boost/boost_1_51_0;boost-1_51;boost_1_51;boost/boost-1_51;boost/boost_1_51;boost-1_50_0;boost_1_50_0;boost/boost-1_50_0;boost/boost_1_50_0;boost-1_50;boost_1_50;boost/boost-1_50;boost/boost_1_50;boost-1_49_0;boost_1_49_0;boost/boost-1_49_0;boost/boost_1_49_0;boost-1_49;boost_1_49;boost/boost-1_49;boost/boost_1_49;boost-1_48_0;boost_1_48_0;boost/boost-1_48_0;boost/boost_1_48_0;boost-1_48;boost_1_48;boost/boost-1_48;boost/boost_1_48;boost-1_47_0;boost_1_47_0;boost/boost-1_47_0;boost/boost_1_47_0;boost-1_47;boost_1_47;boost/boost-1_47;boost/boost_1_47;boost-1_46_1;boost_1_46_1;boost/boost-1_46_1;boost/boost_1_46_1;boost-1_46_0;boost_1_46_0;boost/boost-1_46_0;boost/boost_1_46_0;boost-1_46;boost_1_46;boost/boost-1_46;boost/boost_1_46;boost-1_45_0;boost_1_45_0;boost/boost-1_45_0;boost/boost_1_45_0;boost-1_45;boost_1_45;boost/boost-1_45;boost/boost_1_45;boost-1_44_0;boost_1_44_0;boost/boost-1_44_0;boost/boost_1_44_0;boost-1_44;boost_1_44;boost/boost-1_44;boost/boost_1_44;boost-1_43_0;boost_1_43_0;boost/boost-1_43_0;boost/boost_1_43_0;boost-1_43;boost_1_43;boost/boost-1_43;boost/boost_1_43;boost-1_42_0;boost_1_42_0;boost/boost-1_42_0;boost/boost_1_42_0;boost-1_42;boost_1_42;boost/boost-1_42;boost/boost_1_42;boost-1_41_0;boost_1_41_0;boost/boost-1_41_0;boost/boost_1_41_0;boost-1_41;boost_1_41;boost/boost-1_41;boost/boost_1_41;boost-1_40_0;boost_1_40_0;boost/boost-1_40_0;boost/boost_1_40_0;boost-1_40;boost_1_40;boost/boost-1_40;boost/boost_1_40;boost-1_39_0;boost_1_39_0;boost/boost-1_39_0;boost/boost_1_39_0;boost-1_39;boost_1_39;boost/boost-1_39;boost/boost_1_39;boost-1_38_0;boost_1_38_0;boost/boost-1_38_0;boost/boost_1_38_0;boost-1_38;boost_1_38;boost/boost-1_38;boost/boost_1_38;boost-1_37_0;boost_1_37_0;boost/boost-1_37_0;boost/boost_1_37_0;boost-1_37;boost_1_37;boost/boost-1_37;boost/boost_1_37;boost-1_36_1;boost_1_36_1;boost/boost-1_36_1;boost/boost_1_36_1;boost-1_36_0;boost_1_36_0;boost/boost-1_36_0;boost/boost_1_36_0;boost-1_36;boost_1_36;boost/boost-1_36;boost/boost_1_36;boost-1_35_1;boost_1_35_1;boost/boost-1_35_1;boost/boost_1_35_1;boost-1_35_0;boost_1_35_0;boost/boost-1_35_0;boost/boost_1_35_0;boost-1_35;boost_1_35;boost/boost-1_35;boost/boost_1_35;boost-1_34_1;boost_1_34_1;boost/boost-1_34_1;boost/boost_1_34_1;boost-1_34_0;boost_1_34_0;boost/boost-1_34_0;boost/boost_1_34_0;boost-1_34;boost_1_34;boost/boost-1_34;boost/boost_1_34;boost-1_33_1;boost_1_33_1;boost/boost-1_33_1;boost/boost_1_33_1;boost-1_33_0;boost_1_33_0;boost/boost-1_33_0;boost/boost_1_33_0;boost-1_33;boost_1_33;boost/boost-1_33;boost/boost_1_33\r\n\u2013 [ C:/ProgramData/Miniconda3/envs/arrow-dev/Library/share/cmake-3.10/Modules/FindBoost.cmake:1263 ] location of version.hpp: C:/ProgramData/Miniconda3/envs/arrow-dev/Library/include/boost/version.hpp\r\n\u2013 [ C:/ProgramData/Miniconda3/envs/arrow-dev/Library/share/cmake-3.10/Modules/FindBoost.cmake:1287 ] version.hpp reveals boost 1.66.0\r\n\u2013 [ C:/ProgramData/Miniconda3/envs/arrow-dev/Library/share/cmake-3.10/Modules/FindBoost.cmake:1373 ] guessed _boost_COMPILER = ~~vc140\r\n-~~ [ C:/ProgramData/Miniconda3/envs/arrow-dev/Library/share/cmake-3.10/Modules/FindBoost.cmake:1383 ] _boost_MULTITHREADED = ~~mt\r\n-~~ [ C:/ProgramData/Miniconda3/envs/arrow-dev/Library/share/cmake-3.10/Modules/FindBoost.cmake:1427 ] _boost_RELEASE_ABI_TAG = -\r\n\u2013 [ C:/ProgramData/Miniconda3/envs/arrow-dev/Library/share/cmake-3.10/Modules/FindBoost.cmake:1429 ] _boost_DEBUG_ABI_TAG = ~~gd\r\n-~~ [ C:/ProgramData/Miniconda3/envs/arrow-dev/Library/share/cmake-3.10/Modules/FindBoost.cmake:1491 ] _boost_LIBRARY_SEARCH_DIRS_RELEASE = C:/ProgramData/Miniconda3/envs/arrow-dev/Library/lib;C:/ProgramData/Miniconda3/envs/arrow-dev/Library/stage/lib;C:/ProgramData/Miniconda3/envs/arrow-dev/Library/lib64-msvc-14.0;C:/ProgramData/Miniconda3/envs/arrow-dev/Library/include/lib;C:/ProgramData/Miniconda3/envs/arrow-dev/Library/include/../lib;C:/ProgramData/Miniconda3/envs/arrow-dev/Library/include/stage/lib;C:/ProgramData/Miniconda3/envs/arrow-dev/Library/include/../lib64-msvc-14.0;C:/local/boost_1_65_0/lib64-msvc-14.0;C:/local/boost_1_65/lib64-msvc-14.0;C:/local/boost_1_64_0/lib64-msvc-14.0;C:/local/boost_1_64/lib64-msvc-14.0;C:/local/boost_1_63_0/lib64-msvc-14.0;C:/local/boost_1_63/lib64-msvc-14.0;C:/local/boost_1_62_0/lib64-msvc-14.0;C:/local/boost_1_61/lib64-msvc-14.0;C:/local/boost_1_61_0/lib64-msvc-14.0;C:/local/boost_1_62/lib64-msvc-14.0;C:/local/boost_1_60_0/lib64-msvc-14.0;C:/local/boost_1_60/lib64-msvc-14.0;C:/local/boost_1_65_1/lib64-msvc-14.0;C:/local/boost_1_65_0/lib64-msvc-14.0;C:/local/boost_1_65/lib64-msvc-14.0;C:/local/boost_1_64_0/lib64-msvc-14.0;C:/local/boost_1_64/lib64-msvc-14.0;C:/local/boost_1_63_0/lib64-msvc-14.0;C:/local/boost_1_63/lib64-msvc-14.0;C:/local/boost_1_62_0/lib64-msvc-14.0;C:/local/boost_1_62/lib64-msvc-14.0;C:/local/boost_1_61_0/lib64-msvc-14.0;C:/local/boost_1_61/lib64-msvc-14.0;C:/local/boost_1_60_0/lib64-msvc-14.0;C:/local/boost_1_60/lib64-msvc-14.0;C:/local/boost_1_59_0/lib64-msvc-14.0;C:/local/boost_1_59/lib64-msvc-14.0;C:/local/boost_1_58_0/lib64-msvc-14.0;C:/local/boost_1_58/lib64-msvc-14.0;C:/local/boost_1_57_0/lib64-msvc-14.0;C:/local/boost_1_57/lib64-msvc-14.0;C:/local/boost_1_56_0/lib64-msvc-14.0;C:/local/boost_1_56/lib64-msvc-14.0;C:/local/boost_1_55_0/lib64-msvc-14.0;C:/local/boost_1_55/lib64-msvc-14.0;C:/local/boost_1_54_0/lib64-msvc-14.0;C:/local/boost_1_54/lib64-msvc-14.0;C:/local/boost_1_53_0/lib64-msvc-14.0;C:/local/boost_1_53/lib64-msvc-14.0;C:/local/boost_1_52_0/lib64-msvc-14.0;C:/local/boost_1_52/lib64-msvc-14.0;C:/local/boost_1_51_0/lib64-msvc-14.0;C:/local/boost_1_51/lib64-msvc-14.0;C:/local/boost_1_50_0/lib64-msvc-14.0;C:/local/boost_1_50/lib64-msvc-14.0;C:/local/boost_1_49_0/lib64-msvc-14.0;C:/local/boost_1_49/lib64-msvc-14.0;C:/local/boost_1_48_0/lib64-msvc-14.0;C:/local/boost_1_48/lib64-msvc-14.0;C:/local/boost_1_47_0/lib64-msvc-14.0;C:/local/boost_1_47/lib64-msvc-14.0;C:/local/boost_1_46_1/lib64-msvc-14.0;C:/local/boost_1_46_0/lib64-msvc-14.0;C:/local/boost_1_46/lib64-msvc-14.0;C:/local/boost_1_45_0/lib64-msvc-14.0;C:/local/boost_1_45/lib64-msvc-14.0;C:/local/boost_1_44_0/lib64-msvc-14.0;C:/local/boost_1_44/lib64-msvc-14.0;C:/local/boost_1_43_0/lib64-msvc-14.0;C:/local/boost_1_43/lib64-msvc-14.0;C:/local/boost_1_42_0/lib64-msvc-14.0;C:/local/boost_1_42/lib64-msvc-14.0;C:/local/boost_1_41_0/lib64-msvc-14.0;C:/local/boost_1_41/lib64-msvc-14.0;C:/local/boost_1_40_0/lib64-msvc-14.0;C:/local/boost_1_40/lib64-msvc-14.0;C:/local/boost_1_39_0/lib64-msvc-14.0;C:/local/boost_1_39/lib64-msvc-14.0;C:/local/boost_1_38_0/lib64-msvc-14.0;C:/local/boost_1_38/lib64-msvc-14.0;C:/local/boost_1_37_0/lib64-msvc-14.0;C:/local/boost_1_37/lib64-msvc-14.0;C:/local/boost_1_36_1/lib64-msvc-14.0;C:/local/boost_1_36_0/lib64-msvc-14.0;C:/local/boost_1_36/lib64-msvc-14.0;C:/local/boost_1_35_1/lib64-msvc-14.0;C:/local/boost_1_35_0/lib64-msvc-14.0;C:/local/boost_1_35/lib64-msvc-14.0;C:/local/boost_1_34_1/lib64-msvc-14.0;C:/local/boost_1_34_0/lib64-msvc-14.0;C:/local/boost_1_34/lib64-msvc-14.0;C:/local/boost_1_33_1/lib64-msvc-14.0;C:/local/boost_1_33_0/lib64-msvc-14.0;C:/local/boost_1_33/lib64-msvc-14.0;C:/boost/lib64-msvc-14.0;PATHS;C:/boost/lib;C:/boost;/sw/local/lib_boost_LIBRARY_SEARCH_DIRS_DEBUG   = C:/ProgramData/Miniconda3/envs/arrow-dev/Library/lib;C:/ProgramData/Miniconda3/envs/arrow-dev/Library/stage/lib;C:/ProgramData/Miniconda3/envs/arrow-dev/Library/lib64-msvc-14.0;C:/ProgramData/Miniconda3/envs/arrow-dev/Library/include/lib;C:/ProgramData/Miniconda3/envs/arrow-dev/Library/include/../lib;C:/ProgramData/Miniconda3/envs/arrow-dev/Library/include/stage/lib;C:/ProgramData/Miniconda3/envs/arrow-dev/Library/include/../lib64-msvc-14.0;C:/local/boost_1_65_0/lib64-msvc-14.0;C:/local/boost_1_65/lib64-msvc-14.0;C:/local/boost_1_64_0/lib64-msvc-14.0;C:/local/boost_1_64/lib64-msvc-14.0;C:/local/boost_1_63_0/lib64-msvc-14.0;C:/local/boost_1_63/lib64-msvc-14.0;C:/local/boost_1_62_0/lib64-msvc-14.0;C:/local/boost_1_61/lib64-msvc-14.0;C:/local/boost_1_61_0/lib64-msvc-14.0;C:/local/boost_1_62/lib64-msvc-14.0;C:/local/boost_1_60_0/lib64-msvc-14.0;C:/local/boost_1_60/lib64-msvc-14.0;C:/local/boost_1_65_1/lib64-msvc-14.0;C:/local/boost_1_65_0/lib64-msvc-14.0;C:/local/boost_1_65/lib64-msvc-14.0;C:/local/boost_1_64_0/lib64-msvc-14.0;C:/local/boost_1_64/lib64-msvc-14.0;C:/local/boost_1_63_0/lib64-msvc-14.0;C:/local/boost_1_63/lib64-msvc-14.0;C:/local/boost_1_62_0/lib64-msvc-14.0;C:/local/boost_1_62/lib64-msvc-14.0;C:/local/boost_1_61_0/lib64-msvc-14.0;C:/local/boost_1_61/lib64-msvc-14.0;C:/local/boost_1_60_0/lib64-msvc-14.0;C:/local/boost_1_60/lib64-msvc-14.0;C:/local/boost_1_59_0/lib64-msvc-14.0;C:/local/boost_1_59/lib64-msvc-14.0;C:/local/boost_1_58_0/lib64-msvc-14.0;C:/local/boost_1_58/lib64-msvc-14.0;C:/local/boost_1_57_0/lib64-msvc-14.0;C:/local/boost_1_57/lib64-msvc-14.0;C:/local/boost_1_56_0/lib64-msvc-14.0;C:/local/boost_1_56/lib64-msvc-14.0;C:/local/boost_1_55_0/lib64-msvc-14.0;C:/local/boost_1_55/lib64-msvc-14.0;C:/local/boost_1_54_0/lib64-msvc-14.0;C:/local/boost_1_54/lib64-msvc-14.0;C:/local/boost_1_53_0/lib64-msvc-14.0;C:/local/boost_1_53/lib64-msvc-14.0;C:/local/boost_1_52_0/lib64-msvc-14.0;C:/local/boost_1_52/lib64-msvc-14.0;C:/local/boost_1_51_0/lib64-msvc-14.0;C:/local/boost_1_51/lib64-msvc-14.0;C:/local/boost_1_50_0/lib64-msvc-14.0;C:/local/boost_1_50/lib64-msvc-14.0;C:/local/boost_1_49_0/lib64-msvc-14.0;C:/local/boost_1_49/lib64-msvc-14.0;C:/local/boost_1_48_0/lib64-msvc-14.0;C:/local/boost_1_48/lib64-msvc-14.0;C:/local/boost_1_47_0/lib64-msvc-14.0;C:/local/boost_1_47/lib64-msvc-14.0;C:/local/boost_1_46_1/lib64-msvc-14.0;C:/local/boost_1_46_0/lib64-msvc-14.0;C:/local/boost_1_46/lib64-msvc-14.0;C:/local/boost_1_45_0/lib64-msvc-14.0;C:/local/boost_1_45/lib64-msvc-14.0;C:/local/boost_1_44_0/lib64-msvc-14.0;C:/local/boost_1_44/lib64-msvc-14.0;C:/local/boost_1_43_0/lib64-msvc-14.0;C:/local/boost_1_43/lib64-msvc-14.0;C:/local/boost_1_42_0/lib64-msvc-14.0;C:/local/boost_1_42/lib64-msvc-14.0;C:/local/boost_1_41_0/lib64-msvc-14.0;C:/local/boost_1_41/lib64-msvc-14.0;C:/local/boost_1_40_0/lib64-msvc-14.0;C:/local/boost_1_40/lib64-msvc-14.0;C:/local/boost_1_39_0/lib64-msvc-14.0;C:/local/boost_1_39/lib64-msvc-14.0;C:/local/boost_1_38_0/lib64-msvc-14.0;C:/local/boost_1_38/lib64-msvc-14.0;C:/local/boost_1_37_0/lib64-msvc-14.0;C:/local/boost_1_37/lib64-msvc-14.0;C:/local/boost_1_36_1/lib64-msvc-14.0;C:/local/boost_1_36_0/lib64-msvc-14.0;C:/local/boost_1_36/lib64-msvc-14.0;C:/local/boost_1_35_1/lib64-msvc-14.0;C:/local/boost_1_35_0/lib64-msvc-14.0;C:/local/boost_1_35/lib64-msvc-14.0;C:/local/boost_1_34_1/lib64-msvc-14.0;C:/local/boost_1_34_0/lib64-msvc-14.0;C:/local/boost_1_34/lib64-msvc-14.0;C:/local/boost_1_33_1/lib64-msvc-14.0;C:/local/boost_1_33_0/lib64-msvc-14.0;C:/local/boost_1_33/lib64-msvc-14.0;C:/boost/lib64-msvc-14.0;PATHS;C:/boost/lib;C:/boost;/sw/local/lib\r\nCMake Warning at C:/ProgramData/Miniconda3/envs/arrow-dev/Library/share/cmake-3.10/Modules/FindBoost.cmake:801 (message):\r\n  New Boost version may have incorrect or missing dependencies and imported\r\n  targets\r\nCall Stack (most recent call first):\r\n  C:/ProgramData/Miniconda3/envs/arrow-dev/Library/share/cmake-3.10/Modules/FindBoost.cmake:907 (_Boost_COMPONENT_DEPENDENCIES)\r\n  C:/ProgramData/Miniconda3/envs/arrow-dev/Library/share/cmake-3.10/Modules/FindBoost.cmake:1542 (_Boost_MISSING_DEPENDENCIES)\r\n  cmake_modules/ThirdpartyToolchain.cmake:208 (find_package)\r\n  CMakeLists.txt:269 (include)\r\n\r\n\r\nCMake Warning at C:/ProgramData/Miniconda3/envs/arrow-dev/Library/share/cmake-3.10/Modules/FindBoost.cmake:801 (message):\r\n  New Boost version may have incorrect or missing dependencies and imported\r\n  targets\r\nCall Stack (most recent call first):\r\n  C:/ProgramData/Miniconda3/envs/arrow-dev/Library/share/cmake-3.10/Modules/FindBoost.cmake:907 (_Boost_COMPONENT_DEPENDENCIES)\r\n  C:/ProgramData/Miniconda3/envs/arrow-dev/Library/share/cmake-3.10/Modules/FindBoost.cmake:1542 (_Boost_MISSING_DEPENDENCIES)\r\n  cmake_modules/ThirdpartyToolchain.cmake:208 (find_package)\r\n  CMakeLists.txt:269 (include)\r\n\r\n\r\n\u2013 [ C:/ProgramData/Miniconda3/envs/arrow-dev/Library/share/cmake-3.10/Modules/FindBoost.cmake:1641 ] Searching for SYSTEM_LIBRARY_RELEASE: boost_system-vc140-mt-1_66;boost_system-vc140-mt;boost_system-mt-1_66;boost_system-mt;boost_system\r\n\u2013 [ C:/ProgramData/Miniconda3/envs/arrow-dev/Library/share/cmake-3.10/Modules/FindBoost.cmake:380 ]  Boost_LIBRARY_DIR_RELEASE = C:/ProgramData/Miniconda3/envs/arrow-dev/Library/lib _boost_LIBRARY_SEARCH_DIRS_RELEASE = C:/ProgramData/Miniconda3/envs/arrow-dev/Library/lib;NO_DEFAULT_PATH;NO_CMAKE_FIND_ROOT_PATH\r\n\u2013 [ C:/ProgramData/Miniconda3/envs/arrow-dev/Library/share/cmake-3.10/Modules/FindBoost.cmake:1692 ] Searching for SYSTEM_LIBRARY_DEBUG: boost_system-vc140-mt-gd-1_66;boost_system-vc140-mt-gd;boost_system-mt-gd-1_66;boost_system-mt-gd;boost_system-mt;boost_system\r\n\u2013 [ C:/ProgramData/Miniconda3/envs/arrow-dev/Library/share/cmake-3.10/Modules/FindBoost.cmake:380 ]  Boost_LIBRARY_DIR_DEBUG = C:/ProgramData/Miniconda3/envs/arrow-dev/Library/lib _boost_LIBRARY_SEARCH_DIRS_DEBUG = C:/ProgramData/Miniconda3/envs/arrow-dev/Library/lib;NO_DEFAULT_PATH;NO_CMAKE_FIND_ROOT_PATH\r\n\u2013 [ C:/ProgramData/Miniconda3/envs/arrow-dev/Library/share/cmake-3.10/Modules/FindBoost.cmake:1641 ] Searching for FILESYSTEM_LIBRARY_RELEASE: boost_filesystem-vc140-mt-1_66;boost_filesystem-vc140-mt;boost_filesystem-mt-1_66;boost_filesystem-mt;boost_filesystem\r\n\u2013 [ C:/ProgramData/Miniconda3/envs/arrow-dev/Library/share/cmake-3.10/Modules/FindBoost.cmake:380 ]  Boost_LIBRARY_DIR_RELEASE = C:/ProgramData/Miniconda3/envs/arrow-dev/Library/lib _boost_LIBRARY_SEARCH_DIRS_RELEASE = C:/ProgramData/Miniconda3/envs/arrow-dev/Library/lib;NO_DEFAULT_PATH;NO_CMAKE_FIND_ROOT_PATH\r\n\u2013 [ C:/ProgramData/Miniconda3/envs/arrow-dev/Library/share/cmake-3.10/Modules/FindBoost.cmake:1692 ] Searching for FILESYSTEM_LIBRARY_DEBUG: boost_filesystem-vc140-mt-gd-1_66;boost_filesystem-vc140-mt-gd;boost_filesystem-mt-gd-1_66;boost_filesystem-mt-gd;boost_filesystem-mt;boost_filesystem\r\n\u2013 [ C:/ProgramData/Miniconda3/envs/arrow-dev/Library/share/cmake-3.10/Modules/FindBoost.cmake:380 ]  Boost_LIBRARY_DIR_DEBUG = C:/ProgramData/Miniconda3/envs/arrow-dev/Library/lib _boost_LIBRARY_SEARCH_DIRS_DEBUG = C:/ProgramData/Miniconda3/envs/arrow-dev/Library/lib;NO_DEFAULT_PATH;NO_CMAKE_FIND_ROOT_PATH\r\n\u2013 [ C:/ProgramData/Miniconda3/envs/arrow-dev/Library/share/cmake-3.10/Modules/FindBoost.cmake:1767 ] Boost_FOUND = 1\r\n\u2013 Boost version: 1.66.0\r\n\u2013 Found the following Boost libraries:\r\n\u2013   system\r\n\u2013   filesystem\r\n\u2013 Boost include dir: C:/ProgramData/Miniconda3/envs/arrow-dev/Library/include\r\n\u2013 Boost libraries: C:/ProgramData/Miniconda3/envs/arrow-dev/Library/lib/boost_system.libC:/ProgramData/Miniconda3/envs/arrow-dev/Library/lib/boost_filesystem.lib\r\nAdded shared library dependency boost_system: C:/ProgramData/Miniconda3/envs/arrow-dev/Library/lib/boost_system.lib\r\nAdded shared library dependency boost_filesystem: C:/ProgramData/Miniconda3/envs/arrow-dev/Library/lib/boost_filesystem.lib\r\n\u2013 GTest include dir: C:/temp/arrow/cpp/build/googletest_ep-prefix/src/googletest_ep/include\r\n\u2013 GTest static library: C:/temp/arrow/cpp/build/googletest_ep-prefix/src/googletest_ep/lib/gtest.lib\r\nAdded static library dependency gtest: C:/temp/arrow/cpp/build/googletest_ep-prefix/src/googletest_ep/lib/gtest.lib\r\nAdded static library dependency gtest_main: C:/temp/arrow/cpp/build/googletest_ep-prefix/src/googletest_ep/lib/gtest_main.lib\r\n\u2013 Found GFLAGS: C:/ProgramData/Miniconda3/envs/arrow-dev/Library/lib/gflags.lib  \r\n\u2013 GFlags include dir: C:/ProgramData/Miniconda3/envs/arrow-dev/Library/include\r\n\u2013 GFlags static library: C:/ProgramData/Miniconda3/envs/arrow-dev/Library/lib/gflags_static.lib\r\nAdded static library dependency gflags: C:/ProgramData/Miniconda3/envs/arrow-dev/Library/lib/gflags_static.lib\r\n\u2013 RapidJSON include dir: C:\\ProgramData\\Miniconda3\\envs\\arrow-dev\\Library/include\r\n\u2013 Found the Flatbuffers library: C:/ProgramData/Miniconda3/envs/arrow-dev/Library/lib/flatbuffers.lib\r\n\u2013 Flatbuffers include dir: C:/ProgramData/Miniconda3/envs/arrow-dev/Library/include\r\n\u2013 Flatbuffers compiler: C:/ProgramData/Miniconda3/envs/arrow-dev/Library/bin/flatc.exe\r\n\u2013 Found hdfs.h at: C:/temp/arrow/cpp/thirdparty/hadoop/include/hdfs.h\r\n\u2013 Found the ZLIB library: C:/ProgramData/Miniconda3/envs/arrow-dev/Library/lib/zlib.lib\r\nAdded static library dependency zlib: C:/ProgramData/Miniconda3/envs/arrow-dev/Library/lib/zlibstatic.lib\r\n\u2013 SNAPPY_HOME: C:\\ProgramData\\Miniconda3\\envs\\arrow-dev\\Library\r\n\u2013 Found the Snappy library: C:/ProgramData/Miniconda3/envs/arrow-dev/Library/lib/snappy.lib\r\nAdded static library dependency snappy: C:/ProgramData/Miniconda3/envs/arrow-dev/Library/lib/snappy_static.lib\r\n\u2013 Found the Brotli library: C:/ProgramData/Miniconda3/envs/arrow-dev/Library/lib/brotlienc.lib;C:/ProgramData/Miniconda3/envs/arrow-dev/Library/lib/brotlidec.lib;C:/ProgramData/Miniconda3/envs/arrow-dev/Library/lib/brotlicommon.lib\r\nAdded static library dependency brotli_enc: C:/ProgramData/Miniconda3/envs/arrow-dev/Library/lib/brotlienc_static.lib\r\nAdded static library dependency brotli_dec: C:/ProgramData/Miniconda3/envs/arrow-dev/Library/lib/brotlidec_static.lib\r\nAdded static library dependency brotli_common: C:/ProgramData/Miniconda3/envs/arrow-dev/Library/lib/brotlicommon_static.lib\r\n\u2013 Found LZ4: C:/ProgramData/Miniconda3/envs/arrow-dev/Library/lib/liblz4_static.lib  \r\nAdded static library dependency lz4_static: C:/ProgramData/Miniconda3/envs/arrow-dev/Library/lib/liblz4_static.lib\r\n\u2013 Found ZSTD: C:/ProgramData/Miniconda3/envs/arrow-dev/Library/lib/libzstd_static.lib  \r\nAdded static library dependency zstd_static: C:/ProgramData/Miniconda3/envs/arrow-dev/Library/lib/libzstd_static.lib\r\n\u2013 CMAKE_CXX_FLAGS: /DWIN32 /D_WINDOWS  /GR /EHsc   /W3 \r\n\u2013 Configuring done\r\n\u2013 Generating done\r\n\u2013 Build files have been written to: C:/temp/arrow/cpp/build\r\n\r\n**Here is the output from nmake:**\r\n(arrow-dev) C:\\temp\\arrow\\cpp\\build>nmake\r\n \r\nMicrosoft (R) Program Maintenance Utility Version 14.00.23506.0\r\nCopyright (C) Microsoft Corporation.  All rights reserved.\r\n\r\nScanning dependencies of target googletest_ep\r\n[  1%] Creating directories for 'googletest_ep'\r\n[  2%] Performing download step (download, verify and extract) for 'googletest_ep'\r\n\u2013 Downloading...\r\n   dst='C:/temp/arrow/cpp/build/googletest_ep-prefix/src/release-1.8.0.tar.gz'\r\n   timeout='none'\r\n\u2013 Using src='https://github.com/google/googletest/archive/release-1.8.0.tar.gz'\r\n\u2013 [download 0% complete]\r\n\u2013 [download 1% complete]\r\n\u2013 [download 2% complete]\r\n\u2013 [download 3% complete]\r\n\u2013 [download 4% complete]\r\n\u2013 [download 7% complete]\r\n\u2013 [download 9% complete]\r\n\u2013 [download 10% complete]\r\n\u2013 [download 11% complete]\r\n\u2013 [download 12% complete]\r\n\u2013 [download 13% complete]\r\n\u2013 [download 14% complete]\r\n\u2013 [download 15% complete]\r\n\u2013 [download 16% complete]\r\n\u2013 [download 17% complete]\r\n\u2013 [download 18% complete]\r\n\u2013 [download 19% complete]\r\n\u2013 [download 20% complete]\r\n\u2013 [download 21% complete]\r\n\u2013 [download 23% complete]\r\n\u2013 [download 24% complete]\r\n\u2013 [download 25% complete]\r\n\u2013 [download 27% complete]\r\n\u2013 [download 28% complete]\r\n\u2013 [download 29% complete]\r\n\u2013 [download 30% complete]\r\n\u2013 [download 32% complete]\r\n\u2013 [download 33% complete]\r\n\u2013 [download 34% complete]\r\n\u2013 [download 35% complete]\r\n\u2013 [download 36% complete]\r\n\u2013 [download 37% complete]\r\n\u2013 [download 38% complete]\r\n\u2013 [download 39% complete]\r\n\u2013 [download 41% complete]\r\n\u2013 [download 42% complete]\r\n\u2013 [download 43% complete]\r\n\u2013 [download 44% complete]\r\n\u2013 [download 45% complete]\r\n\u2013 [download 46% complete]\r\n\u2013 [download 47% complete]\r\n\u2013 [download 48% complete]\r\n\u2013 [download 50% complete]\r\n\u2013 [download 51% complete]\r\n\u2013 [download 52% complete]\r\n\u2013 [download 53% complete]\r\n\u2013 [download 54% complete]\r\n\u2013 [download 55% complete]\r\n\u2013 [download 56% complete]\r\n\u2013 [download 57% complete]\r\n\u2013 [download 58% complete]\r\n\u2013 [download 59% complete]\r\n\u2013 [download 60% complete]\r\n\u2013 [download 61% complete]\r\n\u2013 [download 62% complete]\r\n\u2013 [download 63% complete]\r\n\u2013 [download 64% complete]\r\n\u2013 [download 65% complete]\r\n\u2013 [download 66% complete]\r\n\u2013 [download 67% complete]\r\n\u2013 [download 68% complete]\r\n\u2013 [download 69% complete]\r\n\u2013 [download 70% complete]\r\n\u2013 [download 71% complete]\r\n\u2013 [download 73% complete]\r\n\u2013 [download 74% complete]\r\n\u2013 [download 75% complete]\r\n\u2013 [download 76% complete]\r\n\u2013 [download 77% complete]\r\n\u2013 [download 78% complete]\r\n\u2013 [download 79% complete]\r\n\u2013 [download 80% complete]\r\n\u2013 [download 81% complete]\r\n\u2013 [download 82% complete]\r\n\u2013 [download 83% complete]\r\n\u2013 [download 84% complete]\r\n\u2013 [download 85% complete]\r\n\u2013 [download 86% complete]\r\n\u2013 [download 87% complete]\r\n\u2013 [download 88% complete]\r\n\u2013 [download 89% complete]\r\n\u2013 [download 90% complete]\r\n\u2013 [download 92% complete]\r\n\u2013 [download 93% complete]\r\n\u2013 [download 94% complete]\r\n\u2013 [download 96% complete]\r\n\u2013 [download 97% complete]\r\n\u2013 [download 98% complete]\r\n\u2013 [download 99% complete]\r\n\u2013 [download 100% complete]\r\n\u2013 Downloading... done\r\n\u2013 extracting...\r\n     src='C:/temp/arrow/cpp/build/googletest_ep-prefix/src/release-1.8.0.tar.gz'\r\n     dst='C:/temp/arrow/cpp/build/googletest_ep-prefix/src/googletest_ep'\r\n\u2013 extracting... [tar xfz]\r\n\u2013 extracting... [analysis]\r\n\u2013 extracting... [rename]\r\n\u2013 extracting... [clean up]\r\n\u2013 extracting... done\r\n[  2%] No update step for 'googletest_ep'\r\n[  3%] No patch step for 'googletest_ep'\r\n[  4%] Performing configure step for 'googletest_ep'\r\n\u2013 The C compiler identification is MSVC 19.0.23506.0\r\n\u2013 The CXX compiler identification is MSVC 19.0.23506.0\r\n\u2013 Check for working C compiler: C:/Program Files (x86)/Microsoft Visual Studio 14.0/VC/bin/amd64/cl.exe\r\n\u2013 Check for working C compiler: C:/Program Files (x86)/Microsoft Visual Studio 14.0/VC/bin/amd64/cl.exe \u2013 works\r\n\u2013 Detecting C compiler ABI info\r\n\u2013 Detecting C compiler ABI info - done\r\n\u2013 Check for working CXX compiler: C:/Program Files (x86)/Microsoft Visual Studio 14.0/VC/bin/amd64/cl.exe\r\n\u2013 Check for working CXX compiler: C:/Program Files (x86)/Microsoft Visual Studio 14.0/VC/bin/amd64/cl.exe \u2013 works\r\n\u2013 Detecting CXX compiler ABI info\r\n\u2013 Detecting CXX compiler ABI info - done\r\n\u2013 Detecting CXX compile features\r\n\u2013 Detecting CXX compile features - done\r\n\u2013 Found PythonInterp: C:/ProgramData/Miniconda3/python.exe (found version \"3.6.3\") \r\n\u2013 Looking for pthread.h\r\n\u2013 Looking for pthread.h - not found\r\n\u2013 Found Threads: TRUE  \r\n\u2013 Configuring done\r\n\u2013 Generating done\r\n\u2013 Build files have been written to: C:/temp/arrow/cpp/build/googletest_ep-prefix/src/googletest_ep-build\r\n[  4%] Performing build step for 'googletest_ep'\r\n\r\nMicrosoft (R) Program Maintenance Utility Version 14.00.23506.0\r\nCopyright (C) Microsoft Corporation.  All rights reserved.\r\n\r\nScanning dependencies of target gmock_main\r\n[  9%] Building CXX object googlemock/CMakeFiles/gmock_main.dir/__/googletest/src/gtest-all.cc.obj\r\ngtest-all.cc\r\n[ 18%] Building CXX object googlemock/CMakeFiles/gmock_main.dir/src/gmock-all.cc.obj\r\ngmock-all.cc\r\n[ 27%] Building CXX object googlemock/CMakeFiles/gmock_main.dir/src/gmock_main.cc.obj\r\ngmock_main.cc\r\n[ 36%] Linking CXX static library gmock_main.lib\r\n[ 36%] Built target gmock_main\r\nScanning dependencies of target gmock\r\n[ 45%] Building CXX object googlemock/CMakeFiles/gmock.dir/__/googletest/src/gtest-all.cc.obj\r\ngtest-all.cc\r\n[ 54%] Building CXX object googlemock/CMakeFiles/gmock.dir/src/gmock-all.cc.obj\r\ngmock-all.cc\r\n[ 63%] Linking CXX static library gmock.lib\r\n[ 63%] Built target gmock\r\nScanning dependencies of target gtest\r\n[ 72%] Building CXX object googlemock/gtest/CMakeFiles/gtest.dir/src/gtest-all.cc.obj\r\ngtest-all.cc\r\n[ 81%] Linking CXX static library gtest.lib\r\n[ 81%] Built target gtest\r\nScanning dependencies of target gtest_main\r\n[ 90%] Building CXX object googlemock/gtest/CMakeFiles/gtest_main.dir/src/gtest_main.cc.obj\r\ngtest_main.cc\r\n[100%] Linking CXX static library gtest_main.lib\r\n[100%] Built target gtest_main\r\n[  4%] Performing install step for 'googletest_ep'\r\n\r\nMicrosoft (R) Program Maintenance Utility Version 14.00.23506.0\r\nCopyright (C) Microsoft Corporation.  All rights reserved.\r\n\r\n[ 36%] Built target gmock_main\r\n[ 63%] Built target gmock\r\n[ 81%] Built target gtest\r\n[100%] Built target gtest_main\r\nInstall the project...\r\n\u2013 Install configuration: \"RELEASE\"\r\n\u2013 Installing: C:/temp/arrow/cpp/build/googletest_ep-prefix/src/googletest_ep/lib/gmock.lib\r\n\u2013 Installing: C:/temp/arrow/cpp/build/googletest_ep-prefix/src/googletest_ep/lib/gmock_main.lib\r\n\u2013 Installing: C:/temp/arrow/cpp/build/googletest_ep-prefix/src/googletest_ep/include/gmock\r\n\u2013 Installing: C:/temp/arrow/cpp/build/googletest_ep-prefix/src/googletest_ep/include/gmock/gmock-actions.h\r\n\u2013 Installing: C:/temp/arrow/cpp/build/googletest_ep-prefix/src/googletest_ep/include/gmock/gmock-cardinalities.h\r\n\u2013 Installing: C:/temp/arrow/cpp/build/googletest_ep-prefix/src/googletest_ep/include/gmock/gmock-generated-actions.h\r\n\u2013 Installing: C:/temp/arrow/cpp/build/googletest_ep-prefix/src/googletest_ep/include/gmock/gmock-generated-actions.h.pump\r\n\u2013 Installing: C:/temp/arrow/cpp/build/googletest_ep-prefix/src/googletest_ep/include/gmock/gmock-generated-function-mockers.h\r\n\u2013 Installing: C:/temp/arrow/cpp/build/googletest_ep-prefix/src/googletest_ep/include/gmock/gmock-generated-function-mockers.h.pump\r\n\u2013 Installing: C:/temp/arrow/cpp/build/googletest_ep-prefix/src/googletest_ep/include/gmock/gmock-generated-matchers.h\r\n\u2013 Installing: C:/temp/arrow/cpp/build/googletest_ep-prefix/src/googletest_ep/include/gmock/gmock-generated-matchers.h.pump\r\n\u2013 Installing: C:/temp/arrow/cpp/build/googletest_ep-prefix/src/googletest_ep/include/gmock/gmock-generated-nice-strict.h\r\n\u2013 Installing: C:/temp/arrow/cpp/build/googletest_ep-prefix/src/googletest_ep/include/gmock/gmock-generated-nice-strict.h.pump\r\n\u2013 Installing: C:/temp/arrow/cpp/build/googletest_ep-prefix/src/googletest_ep/include/gmock/gmock-matchers.h\r\n\u2013 Installing: C:/temp/arrow/cpp/build/googletest_ep-prefix/src/googletest_ep/include/gmock/gmock-more-actions.h\r\n\u2013 Installing: C:/temp/arrow/cpp/build/googletest_ep-prefix/src/googletest_ep/include/gmock/gmock-more-matchers.h\r\n\u2013 Installing: C:/temp/arrow/cpp/build/googletest_ep-prefix/src/googletest_ep/include/gmock/gmock-spec-builders.h\r\n\u2013 Installing: C:/temp/arrow/cpp/build/googletest_ep-prefix/src/googletest_ep/include/gmock/gmock.h\r\n\u2013 Installing: C:/temp/arrow/cpp/build/googletest_ep-prefix/src/googletest_ep/include/gmock/internal\r\n\u2013 Installing: C:/temp/arrow/cpp/build/googletest_ep-prefix/src/googletest_ep/include/gmock/internal/custom\r\n\u2013 Installing: C:/temp/arrow/cpp/build/googletest_ep-prefix/src/googletest_ep/include/gmock/internal/custom/gmock-generated-actions.h\r\n\u2013 Installing: C:/temp/arrow/cpp/build/googletest_ep-prefix/src/googletest_ep/include/gmock/internal/custom/gmock-generated-actions.h.pump\r\n\u2013 Installing: C:/temp/arrow/cpp/build/googletest_ep-prefix/src/googletest_ep/include/gmock/internal/custom/gmock-matchers.h\r\n\u2013 Installing: C:/temp/arrow/cpp/build/googletest_ep-prefix/src/googletest_ep/include/gmock/internal/custom/gmock-port.h\r\n\u2013 Installing: C:/temp/arrow/cpp/build/googletest_ep-prefix/src/googletest_ep/include/gmock/internal/gmock-generated-internal-utils.h\r\n\u2013 Installing: C:/temp/arrow/cpp/build/googletest_ep-prefix/src/googletest_ep/include/gmock/internal/gmock-generated-internal-utils.h.pump\r\n\u2013 Installing: C:/temp/arrow/cpp/build/googletest_ep-prefix/src/googletest_ep/include/gmock/internal/gmock-internal-utils.h\r\n\u2013 Installing: C:/temp/arrow/cpp/build/googletest_ep-prefix/src/googletest_ep/include/gmock/internal/gmock-port.h\r\n\u2013 Installing: C:/temp/arrow/cpp/build/googletest_ep-prefix/src/googletest_ep/lib/gtest.lib\r\n\u2013 Installing: C:/temp/arrow/cpp/build/googletest_ep-prefix/src/googletest_ep/lib/gtest_main.lib\r\n\u2013 Installing: C:/temp/arrow/cpp/build/googletest_ep-prefix/src/googletest_ep/include/gtest\r\n\u2013 Installing: C:/temp/arrow/cpp/build/googletest_ep-prefix/src/googletest_ep/include/gtest/gtest-death-test.h\r\n\u2013 Installing: C:/temp/arrow/cpp/build/googletest_ep-prefix/src/googletest_ep/include/gtest/gtest-message.h\r\n\u2013 Installing: C:/temp/arrow/cpp/build/googletest_ep-prefix/src/googletest_ep/include/gtest/gtest-param-test.h\r\n\u2013 Installing: C:/temp/arrow/cpp/build/googletest_ep-prefix/src/googletest_ep/include/gtest/gtest-param-test.h.pump\r\n\u2013 Installing: C:/temp/arrow/cpp/build/googletest_ep-prefix/src/googletest_ep/include/gtest/gtest-printers.h\r\n\u2013 Installing: C:/temp/arrow/cpp/build/googletest_ep-prefix/src/googletest_ep/include/gtest/gtest-spi.h\r\n\u2013 Installing: C:/temp/arrow/cpp/build/googletest_ep-prefix/src/googletest_ep/include/gtest/gtest-test-part.h\r\n\u2013 Installing: C:/temp/arrow/cpp/build/googletest_ep-prefix/src/googletest_ep/include/gtest/gtest-typed-test.h\r\n\u2013 Installing: C:/temp/arrow/cpp/build/googletest_ep-prefix/src/googletest_ep/include/gtest/gtest.h\r\n\u2013 Installing: C:/temp/arrow/cpp/build/googletest_ep-prefix/src/googletest_ep/include/gtest/gtest_pred_impl.h\r\n\u2013 Installing: C:/temp/arrow/cpp/build/googletest_ep-prefix/src/googletest_ep/include/gtest/gtest_prod.h\r\n\u2013 Installing: C:/temp/arrow/cpp/build/googletest_ep-prefix/src/googletest_ep/include/gtest/internal\r\n\u2013 Installing: C:/temp/arrow/cpp/build/googletest_ep-prefix/src/googletest_ep/include/gtest/internal/custom\r\n\u2013 Installing: C:/temp/arrow/cpp/build/googletest_ep-prefix/src/googletest_ep/include/gtest/internal/custom/gtest-port.h\r\n\u2013 Installing: C:/temp/arrow/cpp/build/googletest_ep-prefix/src/googletest_ep/include/gtest/internal/custom/gtest-printers.h\r\n\u2013 Installing: C:/temp/arrow/cpp/build/googletest_ep-prefix/src/googletest_ep/include/gtest/internal/custom/gtest.h\r\n\u2013 Installing: C:/temp/arrow/cpp/build/googletest_ep-prefix/src/googletest_ep/include/gtest/internal/gtest-death-test-internal.h\r\n\u2013 Installing: C:/temp/arrow/cpp/build/googletest_ep-prefix/src/googletest_ep/include/gtest/internal/gtest-filepath.h\r\n\u2013 Installing: C:/temp/arrow/cpp/build/googletest_ep-prefix/src/googletest_ep/include/gtest/internal/gtest-internal.h\r\n\u2013 Installing: C:/temp/arrow/cpp/build/googletest_ep-prefix/src/googletest_ep/include/gtest/internal/gtest-linked_ptr.h\r\n\u2013 Installing: C:/temp/arrow/cpp/build/googletest_ep-prefix/src/googletest_ep/include/gtest/internal/gtest-param-util-generated.h\r\n\u2013 Installing: C:/temp/arrow/cpp/build/googletest_ep-prefix/src/googletest_ep/include/gtest/internal/gtest-param-util-generated.h.pump\r\n\u2013 Installing: C:/temp/arrow/cpp/build/googletest_ep-prefix/src/googletest_ep/include/gtest/internal/gtest-param-util.h\r\n\u2013 Installing: C:/temp/arrow/cpp/build/googletest_ep-prefix/src/googletest_ep/include/gtest/internal/gtest-port-arch.h\r\n\u2013 Installing: C:/temp/arrow/cpp/build/googletest_ep-prefix/src/googletest_ep/include/gtest/internal/gtest-port.h\r\n\u2013 Installing: C:/temp/arrow/cpp/build/googletest_ep-prefix/src/googletest_ep/include/gtest/internal/gtest-string.h\r\n\u2013 Installing: C:/temp/arrow/cpp/build/googletest_ep-prefix/src/googletest_ep/include/gtest/internal/gtest-tuple.h\r\n\u2013 Installing: C:/temp/arrow/cpp/build/googletest_ep-prefix/src/googletest_ep/include/gtest/internal/gtest-tuple.h.pump\r\n\u2013 Installing: C:/temp/arrow/cpp/build/googletest_ep-prefix/src/googletest_ep/include/gtest/internal/gtest-type-util.h\r\n\u2013 Installing: C:/temp/arrow/cpp/build/googletest_ep-prefix/src/googletest_ep/include/gtest/internal/gtest-type-util.h.pump\r\n[  5%] Completed 'googletest_ep'\r\n[  5%] Built target googletest_ep\r\nScanning dependencies of target metadata_fbs\r\n[  6%] Running flatc compiler on C:/temp/arrow/format/Message.fbs;C:/temp/arrow/format/File.fbs;C:/temp/arrow/format/Schema.fbs;C:/temp/arrow/format/Tensor.fbs;C:/temp/arrow/cpp/src/arrow/ipc/feather.fbs\r\n[  6%] Built target metadata_fbs\r\nScanning dependencies of target arrow_dependencies\r\n[  6%] Built target arrow_dependencies\r\nScanning dependencies of target arrow_static\r\n[  6%] Building CXX object src/arrow/CMakeFiles/arrow_static.dir/util/compression_zstd.cc.obj\r\ncompression_zstd.cc\r\n[  7%] Building CXX object src/arrow/CMakeFiles/arrow_static.dir/util/compression_zlib.cc.obj\r\ncompression_zlib.cc\r\n[  8%] Building CXX object src/arrow/CMakeFiles/arrow_static.dir/util/compression_snappy.cc.obj\r\ncompression_snappy.cc\r\n[  9%] Building CXX object src/arrow/CMakeFiles/arrow_static.dir/util/compression_lz4.cc.obj\r\ncompression_lz4.cc\r\n[  9%] Building CXX object src/arrow/CMakeFiles/arrow_static.dir/util/compression_brotli.cc.obj\r\ncompression_brotli.cc\r\n[ 10%] Building CXX object src/arrow/CMakeFiles/arrow_static.dir/array.cc.obj\r\narray.cc\r\n[ 11%] Building CXX object src/arrow/CMakeFiles/arrow_static.dir/buffer.cc.obj\r\nbuffer.cc\r\n[ 11%] Building CXX object src/arrow/CMakeFiles/arrow_static.dir/builder.cc.obj\r\nbuilder.cc\r\n[ 12%] Building CXX object src/arrow/CMakeFiles/arrow_static.dir/compare.cc.obj\r\ncompare.cc\r\n[ 13%] Building CXX object src/arrow/CMakeFiles/arrow_static.dir/memory_pool.cc.obj\r\nmemory_pool.cc\r\n[ 13%] Building CXX object src/arrow/CMakeFiles/arrow_static.dir/pretty_print.cc.obj\r\npretty_print.cc\r\n[ 14%] Building CXX object src/arrow/CMakeFiles/arrow_static.dir/record_batch.cc.obj\r\nrecord_batch.cc\r\n[ 15%] Building CXX object src/arrow/CMakeFiles/arrow_static.dir/status.cc.obj\r\nstatus.cc\r\n[ 15%] Building CXX object src/arrow/CMakeFiles/arrow_static.dir/table.cc.obj\r\ntable.cc\r\n[ 16%] Building CXX object src/arrow/CMakeFiles/arrow_static.dir/table_builder.cc.obj\r\ntable_builder.cc\r\n[ 17%] Building CXX object src/arrow/CMakeFiles/arrow_static.dir/tensor.cc.obj\r\ntensor.cc\r\n[ 17%] Building CXX object src/arrow/CMakeFiles/arrow_static.dir/type.cc.obj\r\ntype.cc\r\n[ 18%] Building CXX object src/arrow/CMakeFiles/arrow_static.dir/visitor.cc.obj\r\nvisitor.cc\r\n[ 19%] Building CXX object src/arrow/CMakeFiles/arrow_static.dir/io/file.cc.obj\r\nfile.cc\r\n[ 19%] Building CXX object src/arrow/CMakeFiles/arrow_static.dir/io/interfaces.cc.obj\r\ninterfaces.cc\r\n[ 20%] Building CXX object src/arrow/CMakeFiles/arrow_static.dir/io/memory.cc.obj\r\nmemory.cc\r\n[ 21%] Building CXX object src/arrow/CMakeFiles/arrow_static.dir/util/bit-util.cc.obj\r\nbit-util.cc\r\n[ 21%] Building CXX object src/arrow/CMakeFiles/arrow_static.dir/util/compression.cc.obj\r\ncompression.cc\r\n[ 22%] Building CXX object src/arrow/CMakeFiles/arrow_static.dir/util/cpu-info.cc.obj\r\ncpu-info.cc\r\n[ 23%] Building CXX object src/arrow/CMakeFiles/arrow_static.dir/util/decimal.cc.obj\r\ndecimal.cc\r\n[ 23%] Building CXX object src/arrow/CMakeFiles/arrow_static.dir/util/hash.cc.obj\r\nhash.cc\r\n[ 24%] Building CXX object src/arrow/CMakeFiles/arrow_static.dir/util/key_value_metadata.cc.obj\r\nkey_value_metadata.cc\r\n[ 25%] Building CXX object src/arrow/CMakeFiles/arrow_static.dir/compute/context.cc.obj\r\ncontext.cc\r\n[ 26%] Building CXX object src/arrow/CMakeFiles/arrow_static.dir/compute/kernels/cast.cc.obj\r\ncast.cc\r\n[ 26%] Building CXX object src/arrow/CMakeFiles/arrow_static.dir/compute/kernels/hash.cc.obj\r\nhash.cc\r\n[ 27%] Building CXX object src/arrow/CMakeFiles/arrow_static.dir/compute/kernels/util-internal.cc.obj\r\nutil-internal.cc\r\n[ 28%] Building CXX object src/arrow/CMakeFiles/arrow_static.dir/io/hdfs.cc.obj\r\nhdfs.cc\r\n[ 28%] Building CXX object src/arrow/CMakeFiles/arrow_static.dir/io/hdfs-internal.cc.obj\r\nhdfs-internal.cc\r\n[ 29%] Building CXX object src/arrow/CMakeFiles/arrow_static.dir/ipc/dictionary.cc.obj\r\ndictionary.cc\r\n[ 30%] Building CXX object src/arrow/CMakeFiles/arrow_static.dir/ipc/feather.cc.obj\r\nfeather.cc\r\n[ 30%] Building CXX object src/arrow/CMakeFiles/arrow_static.dir/ipc/json.cc.obj\r\njson.cc\r\n[ 31%] Building CXX object src/arrow/CMakeFiles/arrow_static.dir/ipc/json-internal.cc.obj\r\njson-internal.cc\r\n[ 32%] Building CXX object src/arrow/CMakeFiles/arrow_static.dir/ipc/message.cc.obj\r\nmessage.cc\r\n[ 32%] Building CXX object src/arrow/CMakeFiles/arrow_static.dir/ipc/metadata-internal.cc.obj\r\nmetadata-internal.cc\r\n[ 33%] Building CXX object src/arrow/CMakeFiles/arrow_static.dir/ipc/reader.cc.obj\r\nreader.cc\r\n[ 34%] Building CXX object src/arrow/CMakeFiles/arrow_static.dir/ipc/writer.cc.obj\r\nwriter.cc\r\n[ 34%] Linking CXX static library ..\\..\\release\\arrow_static.lib\r\n[ 34%] Built target arrow_static\r\nScanning dependencies of target buffer-test\r\n[ 34%] Building CXX object src/arrow/CMakeFiles/buffer-test.dir/buffer-test.cc.obj\r\nbuffer-test.cc\r\n[ 35%] Linking CXX executable ..\\..\\release\\buffer-test.exe\r\n[ 35%] Built target buffer-test\r\nScanning dependencies of target arrow_shared\r\n[ 36%] Building CXX object src/arrow/CMakeFiles/arrow_shared.dir/util/compression_zstd.cc.obj\r\ncompression_zstd.cc\r\n[ 37%] Building CXX object src/arrow/CMakeFiles/arrow_shared.dir/util/compression_zlib.cc.obj\r\ncompression_zlib.cc\r\n[ 37%] Building CXX object src/arrow/CMakeFiles/arrow_shared.dir/util/compression_snappy.cc.obj\r\ncompression_snappy.cc\r\n[ 38%] Building CXX object src/arrow/CMakeFiles/arrow_shared.dir/util/compression_lz4.cc.obj\r\ncompression_lz4.cc\r\n[ 39%] Building CXX object src/arrow/CMakeFiles/arrow_shared.dir/util/compression_brotli.cc.obj\r\ncompression_brotli.cc\r\n[ 39%] Building CXX object src/arrow/CMakeFiles/arrow_shared.dir/array.cc.obj\r\narray.cc\r\n[ 40%] Building CXX object src/arrow/CMakeFiles/arrow_shared.dir/buffer.cc.obj\r\nbuffer.cc\r\n[ 41%] Building CXX object src/arrow/CMakeFiles/arrow_shared.dir/builder.cc.obj\r\nbuilder.cc\r\nC:\\temp\\arrow\\cpp\\src\\arrow/builder.h(942): error C2280: 'arrow::DictionaryBuilder<arrow::BinaryType>::DictionaryBuilder(const arrow::DictionaryBuilder<arrow::BinaryType> &)': attempting to reference a deleted function\r\nC:\\temp\\arrow\\cpp\\src\\arrow/builder.h(900): note: compiler has generated 'arrow::DictionaryBuilder<arrow::BinaryType>::DictionaryBuilder' here\r\nC:\\temp\\arrow\\cpp\\src\\arrow/builder.h(942): note: This diagnostic occurred in the compiler generated function 'arrow::BinaryDictionaryBuilder::BinaryDictionaryBuilder(std::enable_if<arrow::TypeTraits<T1>::is_parameter_free,arrow::MemoryPool\\*>::type)'\r\nNMAKE : fatal error U1077: 'C:\\PROGRA~2\\MICROS~1.0\\VC\\bin\\amd64\\cl.exe' : return code '0x2'\r\nStop.\r\nNMAKE : fatal error U1077: '\"C:\\Program Files (x86)\\Microsoft Visual Studio 14.0\\VC\\BIN\\amd64\\nmake.exe\"' : return code '0x2'\r\nStop.\r\nNMAKE : fatal error U1077: '\"C:\\Program Files (x86)\\Microsoft Visual Studio 14.0\\VC\\BIN\\amd64\\nmake.exe\"' : return code '0x2'\r\nStop.\r\n\r\nTo help make progress, which versions of cmake / MSVC compiler are used for your CI testing? I might just be able to become more conforming with your toolchain. Thanks again for your help with this.\r\n\r\nRegards,\r\n\r\nBipin\r\n"
        },
        {
            "created_at": "2017-12-31T01:00:04.932Z",
            "body": "***Note**: [Comment](https://issues.apache.org/jira/browse/ARROW-1955?focusedCommentId=16307021) by Bipin Mathew (mathewb001):*\nI see this interesting explaination from Microsoft:\r\n\r\nIn some cases, the compiler may generate deleted special member functions, which are not defined and therefore not callable. This can happen in cases where a call to a particular special member function on a class doesn't make sense, given other properties of the class. To explicitly prevent automatic generation of a special member function, you can declare it as deleted by using the = delete keyword.\r\n\r\nhttps://docs.microsoft.com/en-us/cpp/cpp/special-member-functions\r\n\r\nI only have update 1 of MSVC 2015 so I wonder if it is a compiler error (highly doubtful), regardless I am downloading MSVS 2017 CE and will try with that compiler to see if that fixes it. \r\n "
        },
        {
            "created_at": "2017-12-31T01:09:33.395Z",
            "body": "***Note**: [Comment](https://issues.apache.org/jira/browse/ARROW-1955?focusedCommentId=16307024) by Wes McKinney (wesm):*\nCan you show the output of `conda list`? "
        },
        {
            "created_at": "2017-12-31T01:32:35.139Z",
            "body": "***Note**: [Comment](https://issues.apache.org/jira/browse/ARROW-1955?focusedCommentId=16307027) by Bipin Mathew (mathewb001):*\nHello `[~wesmckinn]`, here is conda list:\r\n\r\n```\n\r\n(arrow-dev) X:\\>conda list\r\n# packages in environment at C:\\ProgramData\\Miniconda3\\envs\\arrow-dev:\r\n#\r\nboost-cpp                 1.66.0                   vc14_1  [vc14]  conda-forge\r\nbrotli                    0.6.0                    vc14_0  [vc14]  conda-forge\r\nca-certificates           2017.11.5                     0    conda-forge\r\ncmake                     3.10.0                        1    conda-forge\r\nflatbuffers               1.7.1                    vc14_0  [vc14]  conda-forge\r\ngflags                    2.2.0                    vc14_1  [vc14]  conda-forge\r\ngit                       2.14.2                        3    conda-forge\r\nlz4-c                     1.8.0                    vc14_0  [vc14]  conda-forge\r\nopenssl                   1.0.2n                   vc14_0  [vc14]  conda-forge\r\nrapidjson                 1.1.0                         0    conda-forge\r\nsnappy                    1.1.7                    vc14_1  [vc14]  conda-forge\r\nthrift-cpp                0.10.0                   vc14_1  [vc14]  conda-forge\r\nvc                        14                            0    conda-forge\r\nvs2015_runtime            14.0.25420                    0    conda-forge\r\nzlib                      1.2.11                   vc14_0  [vc14]  conda-forge\r\nzstd                      1.3.2                    vc14_0  [vc14]  conda-forge\r\n```\r\n"
        },
        {
            "created_at": "2017-12-31T02:14:39.175Z",
            "body": "***Note**: [Comment](https://issues.apache.org/jira/browse/ARROW-1955?focusedCommentId=16307040) by Wes McKinney (wesm):*\nFinally, what version of the Arrow codebase are you building? The line numbers from the error message don't seem to line up with either 0.8.0 or the master branch. "
        },
        {
            "created_at": "2018-01-02T02:12:00.247Z",
            "body": "***Note**: [Comment](https://issues.apache.org/jira/browse/ARROW-1955?focusedCommentId=16307603) by Bipin Mathew (mathewb001):*\nHello Wes,\r\n\r\n   I am just about certain it was 0.8.0. That being said, I started from a\r\nvirgin windows 10 install and this time installed MSVC 2015 community with\r\nupdate 3 and it worked flawlessly. I wonder if it was indeed an issue with\r\nupdate 1. Not sure if we need to spend any more energy looking into this\r\nmatter except maybe add this a proviso to the install notes if indeed this\r\nissue is again independently confirmed with update 1. Thanks for your great\r\nwork with Apache arrow btw!\r\n\r\nHappy New Year!\r\n\r\nBipin\r\n\r\nOn Sat, Dec 30, 2017 at 9:15 PM, Wes McKinney (JIRA) <jira@apache.org>\r\n\r\n"
        },
        {
            "created_at": "2018-01-02T15:22:19.266Z",
            "body": "***Note**: [Comment](https://issues.apache.org/jira/browse/ARROW-1955?focusedCommentId=16308205) by Wes McKinney (wesm):*\nThanks! If this becomes reproducible on latest patch versions of MSVC let's reopen the issue and investigate"
        }
    ]
}