{
    "issue": {
        "title": "[C++] Compilation error due to C++11 string literals on gcc 5.4.0 Ubuntu 16.04",
        "body": "***Note**: This issue was originally created as [ARROW-5615](https://issues.apache.org/jira/browse/ARROW-5615). Please see the [migration documentation](https://gist.github.com/toddfarmer/12aa88361532d21902818a6044fda4c3) for further details.*\n\n### Original Issue Description:\nI'm seeing this locally from `docker-compose run cpp-ubuntu-xenial`\r\n\r\n```Java\n\r\n/arrow/cpp/src/arrow/ipc/json-simple-test.cc:543:9: error: missing terminating \" character [-Werror]\r\n   ASSERT_OK(ArrayFromJSON(type, R\"delim(\r\n         ^\r\n/arrow/cpp/src/arrow/ipc/json-simple-test.cc:543:2: error: missing terminating \" character\r\n   ASSERT_OK(ArrayFromJSON(type, R\"delim(\r\n  ^\r\n/arrow/cpp/src/arrow/ipc/json-simple-test.cc:550:1: error: stray '\\' in program\r\n )delim\",\r\n ^\r\n/arrow/cpp/src/arrow/ipc/json-simple-test.cc:617:9: error: missing terminating \" character [-Werror]\r\n   ASSERT_OK(ArrayFromJSON(type, R\"delim(\r\n         ^\r\n/arrow/cpp/src/arrow/ipc/json-simple-test.cc:617:2: error: missing terminating \" character\r\n   ASSERT_OK(ArrayFromJSON(type, R\"delim(\r\n  ^\r\n/arrow/cpp/src/arrow/ipc/json-simple-test.cc:622:9: error: stray '\\' in program\r\n         [null, \"empty\"]\r\n         ^\r\n/arrow/cpp/src/arrow/ipc/json-simple-test.cc:622:17: error: missing terminating \" character [-Werror]\r\n         [null, \"empty\"]\r\n                 ^\r\n/arrow/cpp/src/arrow/ipc/json-simple-test.cc:622:9: error: missing terminating \" character\r\n         [null, \"empty\"]\r\n         ^\r\n/arrow/cpp/src/arrow/ipc/json-simple-test.cc:630:9: error: stray '\\' in program\r\n         [\"bootstrapping tautology?\", \"lispy\", null, \"i can see eternity\"]\r\n         ^\r\n/arrow/cpp/src/arrow/ipc/json-simple-test.cc:630:11: error: missing terminating \" character [-Werror]\r\n         [\"bootstrapping tautology?\", \"lispy\", null, \"i can see eternity\"]\r\n           ^\r\n/arrow/cpp/src/arrow/ipc/json-simple-test.cc:630:9: error: missing terminating \" character\r\n         [\"bootstrapping tautology?\", \"lispy\", null, \"i can see eternity\"]\r\n         ^\r\n/arrow/cpp/src/arrow/ipc/json-simple-test.cc:635:1: error: stray '\\' in program\r\n )delim\",\r\n ^\r\n/arrow/cpp/src/arrow/ipc/json-simple-test.cc: In member function 'virtual void arrow::ipc::internal::json::TestMap_IntegerToInteger_Test::TestBody()':\r\n/arrow/cpp/src/arrow/ipc/json-simple-test.cc:544:1: error: two consecutive '[' shall only introduce an attribute before '[' token\r\n [\r\n ^\r\n/arrow/cpp/src/arrow/ipc/json-simple-test.cc:544:1: error: return-statement with a value, in function returning 'void' [-fpermissive]\r\n/arrow/cpp/src/arrow/ipc/json-simple-test.cc:544:1: error: expected ';' before '[' token\r\n/arrow/cpp/src/arrow/ipc/json-simple-test.cc:545:6: error: expected ']' before '[' token\r\n     [[0, 1], [1, 1], [2, 2], [3, 3], [4, 5], [5, 8]],\r\n      ^\r\n/arrow/cpp/src/arrow/ipc/json-simple-test.cc: In member function 'virtual void arrow::ipc::internal::json::TestMap_IntegerMapToStringList_Test::TestBody()':\r\n/arrow/cpp/src/arrow/ipc/json-simple-test.cc:618:1: error: two consecutive '[' shall only introduce an attribute before '[' token\r\n [\r\n ^\r\n/arrow/cpp/src/arrow/ipc/json-simple-test.cc:618:1: error: return-statement with a value, in function returning 'void' [-fpermissive]\r\n/arrow/cpp/src/arrow/ipc/json-simple-test.cc:618:1: error: expected ';' before '[' token\r\n/arrow/cpp/src/arrow/ipc/json-simple-test.cc:620:7: error: expected ']' before '[' token\r\n       [\r\n```",
        "created_at": "2019-06-14T20:42:58.000Z",
        "updated_at": "2019-06-15T01:34:55.000Z",
        "labels": [
            "Migrated from Jira",
            "Component: C++",
            "Type: bug"
        ],
        "closed": true,
        "closed_at": "2019-06-15T01:34:42.000Z"
    },
    "comments": [
        {
            "created_at": "2019-06-15T01:34:42.341Z",
            "body": "***Note**: [Comment](https://issues.apache.org/jira/browse/ARROW-5615?focusedCommentId=16864560) by Wes McKinney (wesm):*\nIssue resolved by pull request 4579\n<https://github.com/apache/arrow/pull/4579>"
        }
    ]
}