{
    "issue": {
        "title": "[C++] Gandiva tests fail to compile with Boost in Ubuntu 14.04 apt",
        "body": "***Note**: This issue was originally created as [ARROW-4254](https://issues.apache.org/jira/browse/ARROW-4254). Please see the [migration documentation](https://gist.github.com/toddfarmer/12aa88361532d21902818a6044fda4c3) for further details.*\n\n### Original Issue Description:\nThese tests use an API that was not available in the Boost in Ubuntu 14.04; we can change them to use the more compatible API\r\n\r\n```Java\n\r\n/tmp/arrow-0.12.0.BFPHN/apache-arrow-0.12.0/cpp/src/gandiva/lru_cache_test.cc: In member function \u2018virtual void gandiva::TestLruCache_TestLruBehavior_Test::TestBody()\u2019:\r\n/tmp/arrow-0.12.0.BFPHN/apache-arrow-0.12.0/cpp/src/gandiva/lru_cache_test.cc:62:188: error: \u2018class boost::optional<std::basic_string<char> >\u2019 has no member named \u2018value\u2019\r\n   ASSERT_EQ(cache_.get(TestCacheKey(1)).value(), \"hello\");\r\n                                                                                                                                                                                            ^\r\n/tmp/arrow-0.12.0.BFPHN/apache-arrow-0.12.0/cpp/src/gandiva/lru_cache_test.cc:62:203: error: template argument 1 is invalid\r\n   ASSERT_EQ(cache_.get(TestCacheKey(1)).value(), \"hello\");\r\n                                                                                                                                                                                                           ^\r\n/tmp/arrow-0.12.0.BFPHN/apache-arrow-0.12.0/cpp/src/gandiva/lru_cache_test.cc:62:294: error: \u2018class boost::optional<std::basic_string<char> >\u2019 has no member named \u2018value\u2019\r\n   ASSERT_EQ(cache_.get(TestCacheKey(1)).value(), \"hello\");\r\n                                                                                                                                                                                                                                                                                                      ^\r\nmake[2]: *** [src/gandiva/CMakeFiles/gandiva-lru_cache_test.dir/lru_cache_test.cc.o] Error 1\r\nmake[1]: *** [src/gandiva/CMakeFiles/gandiva-lru_cache_test.dir/all] Error 2\r\nmake[1]: *** Waiting for unfinished jobs....\r\n```",
        "created_at": "2019-01-14T00:26:47.000Z",
        "updated_at": "2019-01-18T21:35:39.000Z",
        "labels": [
            "Migrated from Jira",
            "Component: C++",
            "Type: bug"
        ],
        "closed": true,
        "closed_at": "2019-01-18T21:35:39.000Z"
    },
    "comments": [
        {
            "created_at": "2019-01-18T21:35:39.926Z",
            "body": "***Note**: [Comment](https://issues.apache.org/jira/browse/ARROW-4254?focusedCommentId=16746686) by Kouhei Sutou (kou):*\nIssue resolved by pull request 3431\n<https://github.com/apache/arrow/pull/3431>"
        }
    ]
}