{
    "issue": {
        "title": "[C++] arrow-future-test fails to compile on gcc 4.8",
        "body": "***Note**: This issue was originally created as [ARROW-8193](https://issues.apache.org/jira/browse/ARROW-8193). Please see the [migration documentation](https://gist.github.com/toddfarmer/12aa88361532d21902818a6044fda4c3) for further details.*\n\n### Original Issue Description:\n```Java\n\r\nIn file included from /usr/include/c++/4.8/memory:64:0,\r\n                 from /home/wesm/code/arrow/cpp/src/arrow/util/future.h:22,\r\n                 from /home/wesm/code/arrow/cpp/src/arrow/util/future_test.cc:18:\r\n/usr/include/c++/4.8/bits/stl_construct.h: In instantiation of \u2018void std::_Construct(_T1*, _Args&& ...) [with _T1 = arrow::MoveOnlyDataType; _Args = {const arrow::MoveOnlyDataType&}]\u2019:\r\n/usr/include/c++/4.8/bits/stl_uninitialized.h:75:53:   required from \u2018static _ForwardIterator std::__uninitialized_copy<_TrivialValueTypes>::__uninit_copy(_InputIterator, _InputIterator, _ForwardIterator) [with _InputIterator = __gnu_cxx::__normal_iterator<const arrow::MoveOnlyDataType*, std::vector<arrow::MoveOnlyDataType, std::allocator<arrow::MoveOnlyDataType> > >; _ForwardIterator = arrow::MoveOnlyDataType*; bool _TrivialValueTypes = false]\u2019\r\n/usr/include/c++/4.8/bits/stl_uninitialized.h:117:41:   required from \u2018_ForwardIterator std::uninitialized_copy(_InputIterator, _InputIterator, _ForwardIterator) [with _InputIterator = __gnu_cxx::__normal_iterator<const arrow::MoveOnlyDataType*, std::vector<arrow::MoveOnlyDataType, std::allocator<arrow::MoveOnlyDataType> > >; _ForwardIterator = arrow::MoveOnlyDataType*]\u2019\r\n/usr/include/c++/4.8/bits/stl_uninitialized.h:258:63:   required from \u2018_ForwardIterator std::__uninitialized_copy_a(_InputIterator, _InputIterator, _ForwardIterator, std::allocator<_Tp>&) [with _InputIterator = __gnu_cxx::__normal_iterator<const arrow::MoveOnlyDataType*, std::vector<arrow::MoveOnlyDataType, std::allocator<arrow::MoveOnlyDataType> > >; _ForwardIterator = arrow::MoveOnlyDataType*; _Tp = arrow::MoveOnlyDataType]\u2019\r\n/usr/include/c++/4.8/bits/stl_vector.h:316:32:   required from \u2018std::vector<_Tp, _Alloc>::vector(const std::vector<_Tp, _Alloc>&) [with _Tp = arrow::MoveOnlyDataType; _Alloc = std::allocator<arrow::MoveOnlyDataType>]\u2019\r\n/home/wesm/code/arrow/cpp/src/arrow/result.h:417:5:   required from \u2018void arrow::Result<T>::ConstructValue(U&&) [with U = std::vector<arrow::MoveOnlyDataType, std::allocator<arrow::MoveOnlyDataType> >&; T = std::vector<arrow::MoveOnlyDataType, std::allocator<arrow::MoveOnlyDataType> >]\u2019\r\n/home/wesm/code/arrow/cpp/src/arrow/result.h:167:42:   required from \u2018arrow::Result<T>::Result(U&&) [with U = std::vector<arrow::MoveOnlyDataType, std::allocator<arrow::MoveOnlyDataType> >&; E = void; T = std::vector<arrow::MoveOnlyDataType, std::allocator<arrow::MoveOnlyDataType> >]\u2019\r\n/home/wesm/code/arrow/cpp/src/arrow/util/iterator.h:159:12:   required from \u2018arrow::Result<std::vector<FutureType> > arrow::Iterator<T>::ToVector() [with T = arrow::MoveOnlyDataType]\u2019\r\n/home/wesm/code/arrow/cpp/src/arrow/testing/gtest_util.h:419:3:   required from \u2018std::vector<FutureType> arrow::IteratorToVector(arrow::Iterator<T>) [with T = arrow::MoveOnlyDataType]\u2019\r\n/home/wesm/code/arrow/cpp/src/arrow/util/future_test.cc:610:61:   required from \u2018void arrow::FutureTestBase<T>::TestBasicAsCompleted() [with T = arrow::MoveOnlyDataType]\u2019\r\n/home/wesm/code/arrow/cpp/src/arrow/util/future_test.cc:708:52:   required from \u2018void arrow::FutureIteratorTest_BasicAsCompleted_Test<gtest_TypeParam_>::TestBody() [with gtest_TypeParam_ = arrow::MoveOnlyDataType]\u2019\r\n/home/wesm/code/arrow/cpp/src/arrow/type.h:756:20:   required from here\r\n/usr/include/c++/4.8/bits/stl_construct.h:75:7: error: use of deleted function \u2018arrow::MoveOnlyDataType::MoveOnlyDataType(const arrow::MoveOnlyDataType&)\u2019\r\n     { ::new(static_cast<void*>(__p)) _T1(std::forward<_Args>(__args)...); }\r\n       ^\r\n/home/wesm/code/arrow/cpp/src/arrow/util/future_test.cc:70:3: error: declared here\r\n   MoveOnlyDataType(const MoveOnlyDataType& other) = delete;\r\n```",
        "created_at": "2020-03-24T02:04:01.000Z",
        "updated_at": "2020-03-25T10:59:24.000Z",
        "labels": [
            "Migrated from Jira",
            "Component: C++",
            "Type: bug"
        ],
        "closed": true,
        "closed_at": "2020-03-25T10:59:23.000Z"
    },
    "comments": [
        {
            "created_at": "2020-03-24T09:51:39.960Z",
            "body": "***Note**: [Comment](https://issues.apache.org/jira/browse/ARROW-8193?focusedCommentId=17065469) by Antoine Pitrou (apitrou):*\nCan you try this patch: https://gist.github.com/pitrou/7b8c17a34a8aac57d91fb352d64dad70"
        },
        {
            "created_at": "2020-03-25T10:59:23.955Z",
            "body": "***Note**: [Comment](https://issues.apache.org/jira/browse/ARROW-8193?focusedCommentId=17066601) by Antoine Pitrou (apitrou):*\nIssue resolved by pull request 6706\n<https://github.com/apache/arrow/pull/6706>"
        }
    ]
}