{
    "issue": {
        "title": "[C++] GTest linker error with vcpkg and Visual Studio 2019",
        "body": "***Note**: This issue was originally created as [ARROW-14260](https://issues.apache.org/jira/browse/ARROW-14260). Please see the [migration documentation](https://gist.github.com/toddfarmer/12aa88361532d21902818a6044fda4c3) for further details.*\n\n### Original Issue Description:\nThe\u00a0**test-build-vcpkg-win**\u00a0nightly Crossbow job is failing with these linker errors:\r\n```java\n\r\n unity_1_cxx.obj : error LNK2019: unresolved external symbol \"__declspec(dllimport) void __cdecl testing::internal2::PrintBytesInObjectTo(unsigned char const *,unsigned __int64,class std::basic_ostream<char,struct std::char_traits<char> > *)\" (__imp_?PrintBytesInObjectTo@internal2@testing@@YAXPEBE_KPEAV?$basic_ostream@DU?$char_traits@D@std@@@std@@@Z) referenced in function \"class std::basic_ostream<char,struct std::char_traits<char> > & __cdecl testing::internal2::operator<<<char,struct std::char_traits<char>,class std::_Vector_iterator<class std::_Vector_val<struct std::_Simple_types<class arrow::compute::ExecNode *> > > >(class std::basic_ostream<char,struct std::char_traits<char> > &,class std::_Vector_iterator<class std::_Vector_val<struct std::_Simple_types<class arrow::compute::ExecNode *> > > const &)\" (??$?6DU?$char_traits@D@std@@V?$_Vector_iterator@V?$_Vector_val@U?$_Simple_types@PEAVExecNode@compute@arrow@@@std@@@std@@@1@@internal2@testing@@YAAEAV?$basic_ostream@DU?$char_traits@D@std@@@std@@AEAV23@AEBV?$_Vector_iterator@V?$_Vector_val@U?$_Simple_types@PEAVExecNode@compute@arrow@@@std@@@std@@@3@@Z) \r\n\r\nunity_1_cxx.obj : error LNK2019: unresolved external symbol \"__declspec(dllimport) class testing::AssertionResult __cdecl testing::internal::CmpHelperEQ(char const *,char const *,__int64,__int64)\" (__imp_?CmpHelperEQ@internal@testing@@YA?AVAssertionResult@2@PEBD0_J1@Z) referenced in function \"void __cdecl arrow::fs::AssertFileContents(class arrow::fs::FileSystem *,class std::basic_string<char,struct std::char_traits<char>,class std::allocator<char> > const &,class std::basic_string<char,struct std::char_traits<char>,class std::allocator<char> > const &)\" (?AssertFileContents@fs@arrow@@YAXPEAVFileSystem@12@AEBV?$basic_string@DU?$char_traits@D@std@@V?$allocator@D@2@@std@@1@Z) \r\n\r\nunity_0_cxx.obj : error LNK2001: unresolved external symbol \"__declspec(dllimport) class testing::AssertionResult __cdecl testing::internal::CmpHelperEQ(char const *,char const *,__int64,__int64)\" (__imp_?CmpHelperEQ@internal@testing@@YA?AVAssertionResult@2@PEBD0_J1@Z) \r\n```\r\nLink to the error where it occurs in the full log:\u00a0https://github.com/ursacomputing/crossbow/runs/3799925986#step:4:2737",
        "created_at": "2021-10-08T00:16:53.000Z",
        "updated_at": "2021-10-25T13:45:12.000Z",
        "labels": [
            "Migrated from Jira",
            "Component: C++",
            "Type: bug"
        ],
        "closed": true,
        "closed_at": "2021-10-25T13:45:12.000Z"
    },
    "comments": [
        {
            "created_at": "2021-10-08T00:22:09.014Z",
            "body": "***Note**: [Comment](https://issues.apache.org/jira/browse/ARROW-14260?focusedCommentId=17425872) by Ian Cook (icook):*\n`[~apitrou]` \u00a0this seems like it might be related to\u00a0ARROW-14247. Let's see if the fix for that in [#11356](https://github.com/apache/arrow/pull/11356/)\u00a0makes this go away. (update: it did not)"
        },
        {
            "created_at": "2021-10-11T08:40:42.007Z",
            "body": "***Note**: [Comment](https://issues.apache.org/jira/browse/ARROW-14260?focusedCommentId=17427007) by Antoine Pitrou (apitrou):*\nI would say it looks more like a GTest linking or packaging issue to me. cc `[~kou]` `[~kszucs]`"
        },
        {
            "created_at": "2021-10-11T08:45:58.663Z",
            "body": "***Note**: [Comment](https://issues.apache.org/jira/browse/ARROW-14260?focusedCommentId=17427008) by Antoine Pitrou (apitrou):*\nThe CI job is building GTest using vcpkg and the CMake is building GTest from source during the Arrow build process. There's probably a mismatch between the two versions."
        },
        {
            "created_at": "2021-10-11T19:33:42.633Z",
            "body": "***Note**: [Comment](https://issues.apache.org/jira/browse/ARROW-14260?focusedCommentId=17427347) by Kouhei Sutou (kou):*\nCan we see build command line for the link failure?"
        },
        {
            "created_at": "2021-10-18T21:28:05.260Z",
            "body": "***Note**: [Comment](https://issues.apache.org/jira/browse/ARROW-14260?focusedCommentId=17430231) by Kouhei Sutou (kou):*\nPing `[~icook]`"
        },
        {
            "created_at": "2021-10-25T13:44:44.223Z",
            "body": "***Note**: [Comment](https://issues.apache.org/jira/browse/ARROW-14260?focusedCommentId=17433766) by Ian Cook (icook):*\nThis is resolved by\u00a0ARROW-14393"
        }
    ]
}