{
    "issue": {
        "title": "[Python] Serialization test fails on Windows when library has been built in place / not installed",
        "body": "***Note**: This issue was originally created as [ARROW-2131](https://issues.apache.org/jira/browse/ARROW-2131). Please see the [migration documentation](https://gist.github.com/toddfarmer/12aa88361532d21902818a6044fda4c3) for further details.*\n\n### Original Issue Description:\nI am not sure why this doesn't come up in Appveyor:\r\n\r\n```Java\n\r\n================================== FAILURES ===================================\r\n________________ test_deserialize_buffer_in_different_process _________________\r\n\r\n    def test_deserialize_buffer_in_different_process():\r\n        import tempfile\r\n        import subprocess\r\n\r\n        f = tempfile.NamedTemporaryFile(delete=False)\r\n        b = pa.serialize(pa.frombuffer(b'hello')).to_buffer()\r\n        f.write(b.to_pybytes())\r\n        f.close()\r\n\r\n        dir_path = os.path.dirname(os.path.realpath(__file__))\r\n        python_file = os.path.join(dir_path, 'deserialize_buffer.py')\r\n>       subprocess.check_call([sys.executable, python_file, f.name])\r\n\r\npyarrow\\tests\\test_serialization.py:596:\r\n_ _ _ _ _ _ _ _ _ _ _ _ _ _ _ _ _ _ _ _ _ _ _ _ _ _ _ _ _ _ _ _ _ _ _ _ _ _ _ _\r\n\r\npopenargs = (['C:\\\\Miniconda3\\\\envs\\\\pyarrow-dev\\\\python.exe', 'C:\\\\Users\\\\wesm\\\\code\\\\arrow\\\\python\\\\pyarrow\\\\tests\\\\deserialize_buffer.py', 'C:\\\\Users\\\\wesm\\\\AppData\\\\Local\\\\Temp\\\\tmp1gi__att'],)\r\nkwargs = {}, retcode = 1\r\ncmd = ['C:\\\\Miniconda3\\\\envs\\\\pyarrow-dev\\\\python.exe', 'C:\\\\Users\\\\wesm\\\\code\\\\arrow\\\\python\\\\pyarrow\\\\tests\\\\deserialize_buffer.py', 'C:\\\\Users\\\\wesm\\\\AppData\\\\Local\\\\Temp\\\\tmp1gi__att']\r\n\r\n    def check_call(*popenargs, **kwargs):\r\n        \"\"\"Run command with arguments.  Wait for command to complete.  If\r\n        the exit code was zero then return, otherwise raise\r\n        CalledProcessError.  The CalledProcessError object will have the\r\n        return code in the returncode attribute.\r\n\r\n        The arguments are the same as for the call function.  Example:\r\n\r\n        check_call([\"ls\", \"-l\"])\r\n        \"\"\"\r\n        retcode = call(*popenargs, **kwargs)\r\n        if retcode:\r\n            cmd = kwargs.get(\"args\")\r\n            if cmd is None:\r\n                cmd = popenargs[0]\r\n>           raise CalledProcessError(retcode, cmd)\r\nE           subprocess.CalledProcessError: Command '['C:\\\\Miniconda3\\\\envs\\\\pyarrow-dev\\\\python.exe', 'C:\\\\Users\\\\wesm\\\\code\\\\arrow\\\\python\\\\pyarrow\\\\tests\\\\deserialize_buffer.py', 'C:\\\\Users\\\\wesm\\\\AppData\\\\Local\\\\Temp\\\\tmp1gi__att']' returned non-zero exit status 1.\r\n\r\nC:\\Miniconda3\\envs\\pyarrow-dev\\lib\\subprocess.py:291: CalledProcessError\r\n---------------------------- Captured stderr call -----------------------------\r\nTraceback (most recent call last):\r\n  File \"C:\\Users\\wesm\\code\\arrow\\python\\pyarrow\\tests\\deserialize_buffer.py\", line 22, in <module>\r\n    import pyarrow as pa\r\nModuleNotFoundError: No module named 'pyarrow'\r\n=============== 1 failed, 15 passed, 4 skipped in 0.40 seconds ================\r\n```",
        "created_at": "2018-02-11T21:07:54.000Z",
        "updated_at": "2018-02-22T17:09:49.000Z",
        "labels": [
            "Migrated from Jira",
            "Component: Python",
            "Type: bug"
        ],
        "closed": true,
        "closed_at": "2018-02-22T17:09:46.000Z"
    },
    "comments": [
        {
            "created_at": "2018-02-11T23:34:11.072Z",
            "body": "***Note**: [Comment](https://issues.apache.org/jira/browse/ARROW-2131?focusedCommentId=16360169) by Wes McKinney (wesm):*\nOne workaround for this is to run `setup.py develop`. Either way the instructions in https://github.com/apache/arrow/blob/master/python/doc/source/development.rst may lead to test failure for Windows developers at the moment"
        },
        {
            "created_at": "2018-02-21T17:19:49.030Z",
            "body": "***Note**: [Comment](https://issues.apache.org/jira/browse/ARROW-2131?focusedCommentId=16371699) by Wes McKinney (wesm):*\nThis can be possibly solved by modifying the environment when opening the subprocess: https://stackoverflow.com/questions/2231227/python-subprocess-popen-with-a-modified-environment"
        },
        {
            "created_at": "2018-02-22T17:09:46.202Z",
            "body": "***Note**: [Comment](https://issues.apache.org/jira/browse/ARROW-2131?focusedCommentId=16373082) by Wes McKinney (wesm):*\nIssue resolved by pull request 1640\n<https://github.com/apache/arrow/pull/1640>"
        }
    ]
}