{
    "issue": {
        "title": "[R] Make sure winbuilder tests pass for package",
        "body": "***Note**: This issue was originally created as [ARROW-4995](https://issues.apache.org/jira/browse/ARROW-4995). Please see the [migration documentation](https://gist.github.com/toddfarmer/12aa88361532d21902818a6044fda4c3) for further details.*\n\n### Original Issue Description:\nCurrent submission to winbuilder triggers the following errors:\r\n```java\n\r\n* using log directory 'd:/RCompile/CRANguest/R-release/arrow.Rcheck'\r\n* using R version 3.5.3 (2019-03-11)\r\n* using platform: x86_64-w64-mingw32 (64-bit)\r\n* using session charset: ISO8859-1\r\n* checking for file 'arrow/DESCRIPTION' ... OK\r\n* this is package 'arrow' version '0.12.0.9000'\r\n* package encoding: UTF-8\r\n* checking CRAN incoming feasibility ... NOTE\r\nMaintainer: 'Javier Luraschi <javier@rstudio.com>'\r\n\r\nNew submission\r\n\r\nVersion contains large components (0.12.0.9000)\r\n* checking package namespace information ... OK\r\n* checking package dependencies ... OK\r\n* checking if this is a source package ... OK\r\n* checking if there is a namespace ... OK\r\n* checking for hidden files and directories ... NOTE\r\nFound the following hidden files and directories:\r\n  .travis.yml\r\nThese were most likely included in error. See section 'Package\r\nstructure' in the 'Writing R Extensions' manual.\r\n\r\nCRAN-pack does not know about\r\n  .travis.yml\r\n* checking for portable file names ... OK\r\n* checking whether package 'arrow' can be installed ... OK\r\n* checking installed package size ... NOTE\r\n  installed size is  8.6Mb\r\n  sub-directories of 1Mb or more:\r\n    R      1.9Mb\r\n    libs   6.5Mb\r\n* checking package directory ... OK\r\n* checking DESCRIPTION meta-information ... OK\r\n* checking top-level files ... NOTE\r\nNon-standard file/directory found at top level:\r\n  'clang_format.sh'\r\n* checking for left-over files ... OK\r\n* checking index information ... OK\r\n* checking package subdirectories ... OK\r\n* checking R files for non-ASCII characters ... OK\r\n* checking R files for syntax errors ... OK\r\n* loading checks for arch 'i386'\r\n** checking whether the package can be loaded ... OK\r\n** checking whether the package can be loaded with stated dependencies ... OK\r\n** checking whether the package can be unloaded cleanly ... OK\r\n** checking whether the namespace can be loaded with stated dependencies ... OK\r\n** checking whether the namespace can be unloaded cleanly ... OK\r\n** checking loading without being on the library search path ... OK\r\n** checking use of S3 registration ... OK\r\n* loading checks for arch 'x64'\r\n** checking whether the package can be loaded ... OK\r\n** checking whether the package can be loaded with stated dependencies ... OK\r\n** checking whether the package can be unloaded cleanly ... OK\r\n** checking whether the namespace can be loaded with stated dependencies ... OK\r\n** checking whether the namespace can be unloaded cleanly ... OK\r\n** checking loading without being on the library search path ... OK\r\n** checking use of S3 registration ... OK\r\n* checking dependencies in R code ... OK\r\n* checking S3 generic/method consistency ... OK\r\n* checking replacement functions ... OK\r\n* checking foreign function calls ... OK\r\n* checking R code for possible problems ... [8s] OK\r\n* checking Rd files ... OK\r\n* checking Rd metadata ... OK\r\n* checking Rd line widths ... OK\r\n* checking Rd cross-references ... OK\r\n* checking for missing documentation entries ... OK\r\n* checking for code/documentation mismatches ... OK\r\n* checking Rd \\usage sections ... OK\r\n* checking Rd contents ... OK\r\n* checking for unstated dependencies in examples ... OK\r\n* checking line endings in shell scripts ... OK\r\n* checking line endings in C/C++/Fortran sources/headers ... OK\r\n* checking line endings in Makefiles ... OK\r\n* checking compilation flags in Makevars ... OK\r\n* checking for GNU extensions in Makefiles ... OK\r\n* checking for portable use of $(BLAS_LIBS) and $(LAPACK_LIBS) ... OK\r\n* checking pragmas in C/C++ headers and code ... OK\r\n* checking compiled code ... OK\r\n* checking examples ...\r\n** running examples for arch 'i386' ... [1s] OK\r\n** running examples for arch 'x64' ... [1s] OK\r\n* checking for unstated dependencies in 'tests' ... OK\r\n* checking tests ...\r\n** running tests for arch 'i386' ... [7s] ERROR\r\n  Running 'testthat.R' [6s]\r\nRunning the tests in 'tests/testthat.R' failed.\r\nComplete output:\r\n  > # Licensed to the Apache Software Foundation (ASF) under one\r\n  > # or more contributor license agreements.  See the NOTICE file\r\n  > # distributed with this work for additional information\r\n  > # regarding copyright ownership.  The ASF licenses this file\r\n  > # to you under the Apache License, Version 2.0 (the\r\n  > # \"License\"); you may not use this file except in compliance\r\n  > # with the License.  You may obtain a copy of the License at\r\n  > #\r\n  > #   http://www.apache.org/licenses/LICENSE-2.0\r\n  > #\r\n  > # Unless required by applicable law or agreed to in writing,\r\n  > # software distributed under the License is distributed on an\r\n  > # \"AS IS\" BASIS, WITHOUT WARRANTIES OR CONDITIONS OF ANY\r\n  > # KIND, either express or implied.  See the License for the\r\n  > # specific language governing permissions and limitations\r\n  > # under the License.\r\n  > \r\n  > library(testthat)\r\n  > library(arrow)\r\n  \r\n  Attaching package: 'arrow'\r\n  \r\n  The following object is masked from 'package:utils':\r\n  \r\n      timestamp\r\n  \r\n  The following objects are masked from 'package:base':\r\n  \r\n      array, table\r\n  \r\n  > library(tibble)\r\n  > \r\n  > test_check(\"arrow\")\r\n  -- 1. Error: read_table handles various input streams (ARROW-3450, ARROW-3505) (\r\n  could not find function \"defer\"\r\n  1: local_tempfile() at testthat/test-Table.R:28\r\n  2: defer_parent(unlink(tf), ...)\r\n  3: eval(substitute(defer(expr, envir, priority), list(expr = substitute(expr), envir = parent.frame(2), \r\n         priority = priority)), envir = parent.frame())\r\n  4: eval(substitute(defer(expr, envir, priority), list(expr = substitute(expr), envir = parent.frame(2), \r\n         priority = priority)), envir = parent.frame())\r\n  \r\n  -- 2. Error: Can read csv file (@test-arrow-csv-.R#21)  ------------------------\r\n  could not find function \"defer\"\r\n  1: local_tempfile() at testthat/test-arrow-csv-.R:21\r\n  2: defer_parent(unlink(tf), ...)\r\n  3: eval(substitute(defer(expr, envir, priority), list(expr = substitute(expr), envir = parent.frame(2), \r\n         priority = priority)), envir = parent.frame())\r\n  4: eval(substitute(defer(expr, envir, priority), list(expr = substitute(expr), envir = parent.frame(2), \r\n         priority = priority)), envir = parent.frame())\r\n  \r\n  -- 3. Error: feather read/write round trip (@test-feather.R#23)  ---------------\r\n  could not find function \"defer\"\r\n  1: local_tempfile() at testthat/test-feather.R:23\r\n  2: defer_parent(unlink(tf), ...)\r\n  3: eval(substitute(defer(expr, envir, priority), list(expr = substitute(expr), envir = parent.frame(2), \r\n         priority = priority)), envir = parent.frame())\r\n  4: eval(substitute(defer(expr, envir, priority), list(expr = substitute(expr), envir = parent.frame(2), \r\n         priority = priority)), envir = parent.frame())\r\n  \r\n  -- 4. Error: feather handles columns = <names> (@test-feather.R#63)  -----------\r\n  could not find function \"defer\"\r\n  1: local_tempfile() at testthat/test-feather.R:63\r\n  2: defer_parent(unlink(tf), ...)\r\n  3: eval(substitute(defer(expr, envir, priority), list(expr = substitute(expr), envir = parent.frame(2), \r\n         priority = priority)), envir = parent.frame())\r\n  4: eval(substitute(defer(expr, envir, priority), list(expr = substitute(expr), envir = parent.frame(2), \r\n         priority = priority)), envir = parent.frame())\r\n  \r\n  -- 5. Error: feather handles columns = <integer> (@test-feather.R#76)  ---------\r\n  could not find function \"defer\"\r\n  1: local_tempfile() at testthat/test-feather.R:76\r\n  2: defer_parent(unlink(tf), ...)\r\n  3: eval(substitute(defer(expr, envir, priority), list(expr = substitute(expr), envir = parent.frame(2), \r\n         priority = priority)), envir = parent.frame())\r\n  4: eval(substitute(defer(expr, envir, priority), list(expr = substitute(expr), envir = parent.frame(2), \r\n         priority = priority)), envir = parent.frame())\r\n  \r\n  -- 6. Error: feather read/write round trip (@test-feather.R#89)  ---------------\r\n  could not find function \"defer\"\r\n  1: local_tempfile() at testthat/test-feather.R:89\r\n  2: defer_parent(unlink(tf), ...)\r\n  3: eval(substitute(defer(expr, envir, priority), list(expr = substitute(expr), envir = parent.frame(2), \r\n         priority = priority)), envir = parent.frame())\r\n  4: eval(substitute(defer(expr, envir, priority), list(expr = substitute(expr), envir = parent.frame(2), \r\n         priority = priority)), envir = parent.frame())\r\n  \r\n  -- 7. Error: arrow::table round trip (@test-read-write.R#87)  ------------------\r\n  could not find function \"defer\"\r\n  1: local_tempfile() at testthat/test-read-write.R:87\r\n  2: defer_parent(unlink(tf), ...)\r\n  3: eval(substitute(defer(expr, envir, priority), list(expr = substitute(expr), envir = parent.frame(2), \r\n         priority = priority)), envir = parent.frame())\r\n  4: eval(substitute(defer(expr, envir, priority), list(expr = substitute(expr), envir = parent.frame(2), \r\n         priority = priority)), envir = parent.frame())\r\n  \r\n  -- 8. Error: arrow::table round trip handles NA in integer and numeric (@test-re\r\n  could not find function \"defer\"\r\n  1: local_tempfile() at testthat/test-read-write.R:117\r\n  2: defer_parent(unlink(tf), ...)\r\n  3: eval(substitute(defer(expr, envir, priority), list(expr = substitute(expr), envir = parent.frame(2), \r\n         priority = priority)), envir = parent.frame())\r\n  4: eval(substitute(defer(expr, envir, priority), list(expr = substitute(expr), envir = parent.frame(2), \r\n         priority = priority)), envir = parent.frame())\r\n  \r\n  -- 9. Error: RecordBatchFileWriter / RecordBatchFileReader roundtrips (@test-rea\r\n  could not find function \"defer\"\r\n  1: local_tempfile() at testthat/test-read_record_batch.R:26\r\n  2: defer_parent(unlink(tf), ...)\r\n  3: eval(substitute(defer(expr, envir, priority), list(expr = substitute(expr), envir = parent.frame(2), \r\n         priority = priority)), envir = parent.frame())\r\n  4: eval(substitute(defer(expr, envir, priority), list(expr = substitute(expr), envir = parent.frame(2), \r\n         priority = priority)), envir = parent.frame())\r\n  \r\n  -- 10. Error: read_record_batch() handles (raw|Buffer|InputStream, Schema) (ARRO\r\n  could not find function \"defer\"\r\n  1: read_record_batch(raw, schema) at testthat/test-read_record_batch.R:54\r\n  2: read_record_batch.raw(raw, schema)\r\n  3: close_on_exit(BufferReader(obj))\r\n  4: defer_parent(x$close(), ...)\r\n  5: eval(substitute(defer(expr, envir, priority), list(expr = substitute(expr), envir = parent.frame(2), \r\n         priority = priority)), envir = parent.frame())\r\n  6: eval(substitute(defer(expr, envir, priority), list(expr = substitute(expr), envir = parent.frame(2), \r\n         priority = priority)), envir = parent.frame())\r\n  \r\n  -- 11. Error: read_record_batch() can handle (Message, Schema) parameters (ARROW\r\n  could not find function \"defer\"\r\n  1: close_on_exit(BufferReader(raw)) at testthat/test-read_record_batch.R:68\r\n  2: defer_parent(x$close(), ...)\r\n  3: eval(substitute(defer(expr, envir, priority), list(expr = substitute(expr), envir = parent.frame(2), \r\n         priority = priority)), envir = parent.frame())\r\n  4: eval(substitute(defer(expr, envir, priority), list(expr = substitute(expr), envir = parent.frame(2), \r\n         priority = priority)), envir = parent.frame())\r\n  \r\n  == testthat results  ===========================================================\r\n  OK: 723 SKIPPED: 2 FAILED: 11\r\n  1. Error: read_table handles various input streams (ARROW-3450, ARROW-3505) (@test-Table.R#28) \r\n  2. Error: Can read csv file (@test-arrow-csv-.R#21) \r\n  3. Error: feather read/write round trip (@test-feather.R#23) \r\n  4. Error: feather handles columns = <names> (@test-feather.R#63) \r\n  5. Error: feather handles columns = <integer> (@test-feather.R#76) \r\n  6. Error: feather read/write round trip (@test-feather.R#89) \r\n  7. Error: arrow::table round trip (@test-read-write.R#87) \r\n  8. Error: arrow::table round trip handles NA in integer and numeric (@test-read-write.R#117) \r\n  9. Error: RecordBatchFileWriter / RecordBatchFileReader roundtrips (@test-read_record_batch.R#26) \r\n  1. ...\r\n  \r\n  Error: testthat unit tests failed\r\n  Execution halted\r\n** running tests for arch 'x64' ... [7s] ERROR\r\n  Running 'testthat.R' [7s]\r\nRunning the tests in 'tests/testthat.R' failed.\r\nComplete output:\r\n  > # Licensed to the Apache Software Foundation (ASF) under one\r\n  > # or more contributor license agreements.  See the NOTICE file\r\n  > # distributed with this work for additional information\r\n  > # regarding copyright ownership.  The ASF licenses this file\r\n  > # to you under the Apache License, Version 2.0 (the\r\n  > # \"License\"); you may not use this file except in compliance\r\n  > # with the License.  You may obtain a copy of the License at\r\n  > #\r\n  > #   http://www.apache.org/licenses/LICENSE-2.0\r\n  > #\r\n  > # Unless required by applicable law or agreed to in writing,\r\n  > # software distributed under the License is distributed on an\r\n  > # \"AS IS\" BASIS, WITHOUT WARRANTIES OR CONDITIONS OF ANY\r\n  > # KIND, either express or implied.  See the License for the\r\n  > # specific language governing permissions and limitations\r\n  > # under the License.\r\n  > \r\n  > library(testthat)\r\n  > library(arrow)\r\n  \r\n  Attaching package: 'arrow'\r\n  \r\n  The following object is masked from 'package:utils':\r\n  \r\n      timestamp\r\n  \r\n  The following objects are masked from 'package:base':\r\n  \r\n      array, table\r\n  \r\n  > library(tibble)\r\n  > \r\n  > test_check(\"arrow\")\r\n  -- 1. Error: read_table handles various input streams (ARROW-3450, ARROW-3505) (\r\n  could not find function \"defer\"\r\n  1: local_tempfile() at testthat/test-Table.R:28\r\n  2: defer_parent(unlink(tf), ...)\r\n  3: eval(substitute(defer(expr, envir, priority), list(expr = substitute(expr), envir = parent.frame(2), \r\n         priority = priority)), envir = parent.frame())\r\n  4: eval(substitute(defer(expr, envir, priority), list(expr = substitute(expr), envir = parent.frame(2), \r\n         priority = priority)), envir = parent.frame())\r\n  \r\n  -- 2. Error: Can read csv file (@test-arrow-csv-.R#21)  ------------------------\r\n  could not find function \"defer\"\r\n  1: local_tempfile() at testthat/test-arrow-csv-.R:21\r\n  2: defer_parent(unlink(tf), ...)\r\n  3: eval(substitute(defer(expr, envir, priority), list(expr = substitute(expr), envir = parent.frame(2), \r\n         priority = priority)), envir = parent.frame())\r\n  4: eval(substitute(defer(expr, envir, priority), list(expr = substitute(expr), envir = parent.frame(2), \r\n         priority = priority)), envir = parent.frame())\r\n  \r\n  -- 3. Error: feather read/write round trip (@test-feather.R#23)  ---------------\r\n  could not find function \"defer\"\r\n  1: local_tempfile() at testthat/test-feather.R:23\r\n  2: defer_parent(unlink(tf), ...)\r\n  3: eval(substitute(defer(expr, envir, priority), list(expr = substitute(expr), envir = parent.frame(2), \r\n         priority = priority)), envir = parent.frame())\r\n  4: eval(substitute(defer(expr, envir, priority), list(expr = substitute(expr), envir = parent.frame(2), \r\n         priority = priority)), envir = parent.frame())\r\n  \r\n  -- 4. Error: feather handles columns = <names> (@test-feather.R#63)  -----------\r\n  could not find function \"defer\"\r\n  1: local_tempfile() at testthat/test-feather.R:63\r\n  2: defer_parent(unlink(tf), ...)\r\n  3: eval(substitute(defer(expr, envir, priority), list(expr = substitute(expr), envir = parent.frame(2), \r\n         priority = priority)), envir = parent.frame())\r\n  4: eval(substitute(defer(expr, envir, priority), list(expr = substitute(expr), envir = parent.frame(2), \r\n         priority = priority)), envir = parent.frame())\r\n  \r\n  -- 5. Error: feather handles columns = <integer> (@test-feather.R#76)  ---------\r\n  could not find function \"defer\"\r\n  1: local_tempfile() at testthat/test-feather.R:76\r\n  2: defer_parent(unlink(tf), ...)\r\n  3: eval(substitute(defer(expr, envir, priority), list(expr = substitute(expr), envir = parent.frame(2), \r\n         priority = priority)), envir = parent.frame())\r\n  4: eval(substitute(defer(expr, envir, priority), list(expr = substitute(expr), envir = parent.frame(2), \r\n         priority = priority)), envir = parent.frame())\r\n  \r\n  -- 6. Error: feather read/write round trip (@test-feather.R#89)  ---------------\r\n  could not find function \"defer\"\r\n  1: local_tempfile() at testthat/test-feather.R:89\r\n  2: defer_parent(unlink(tf), ...)\r\n  3: eval(substitute(defer(expr, envir, priority), list(expr = substitute(expr), envir = parent.frame(2), \r\n         priority = priority)), envir = parent.frame())\r\n  4: eval(substitute(defer(expr, envir, priority), list(expr = substitute(expr), envir = parent.frame(2), \r\n         priority = priority)), envir = parent.frame())\r\n  \r\n  -- 7. Error: arrow::table round trip (@test-read-write.R#87)  ------------------\r\n  could not find function \"defer\"\r\n  1: local_tempfile() at testthat/test-read-write.R:87\r\n  2: defer_parent(unlink(tf), ...)\r\n  3: eval(substitute(defer(expr, envir, priority), list(expr = substitute(expr), envir = parent.frame(2), \r\n         priority = priority)), envir = parent.frame())\r\n  4: eval(substitute(defer(expr, envir, priority), list(expr = substitute(expr), envir = parent.frame(2), \r\n         priority = priority)), envir = parent.frame())\r\n  \r\n  -- 8. Error: arrow::table round trip handles NA in integer and numeric (@test-re\r\n  could not find function \"defer\"\r\n  1: local_tempfile() at testthat/test-read-write.R:117\r\n  2: defer_parent(unlink(tf), ...)\r\n  3: eval(substitute(defer(expr, envir, priority), list(expr = substitute(expr), envir = parent.frame(2), \r\n         priority = priority)), envir = parent.frame())\r\n  4: eval(substitute(defer(expr, envir, priority), list(expr = substitute(expr), envir = parent.frame(2), \r\n         priority = priority)), envir = parent.frame())\r\n  \r\n  -- 9. Error: RecordBatchFileWriter / RecordBatchFileReader roundtrips (@test-rea\r\n  could not find function \"defer\"\r\n  1: local_tempfile() at testthat/test-read_record_batch.R:26\r\n  2: defer_parent(unlink(tf), ...)\r\n  3: eval(substitute(defer(expr, envir, priority), list(expr = substitute(expr), envir = parent.frame(2), \r\n         priority = priority)), envir = parent.frame())\r\n  4: eval(substitute(defer(expr, envir, priority), list(expr = substitute(expr), envir = parent.frame(2), \r\n         priority = priority)), envir = parent.frame())\r\n  \r\n  -- 10. Error: read_record_batch() handles (raw|Buffer|InputStream, Schema) (ARRO\r\n  could not find function \"defer\"\r\n  1: read_record_batch(raw, schema) at testthat/test-read_record_batch.R:54\r\n  2: read_record_batch.raw(raw, schema)\r\n  3: close_on_exit(BufferReader(obj))\r\n  4: defer_parent(x$close(), ...)\r\n  5: eval(substitute(defer(expr, envir, priority), list(expr = substitute(expr), envir = parent.frame(2), \r\n         priority = priority)), envir = parent.frame())\r\n  6: eval(substitute(defer(expr, envir, priority), list(expr = substitute(expr), envir = parent.frame(2), \r\n         priority = priority)), envir = parent.frame())\r\n  \r\n  -- 11. Error: read_record_batch() can handle (Message, Schema) parameters (ARROW\r\n  could not find function \"defer\"\r\n  1: close_on_exit(BufferReader(raw)) at testthat/test-read_record_batch.R:68\r\n  2: defer_parent(x$close(), ...)\r\n  3: eval(substitute(defer(expr, envir, priority), list(expr = substitute(expr), envir = parent.frame(2), \r\n         priority = priority)), envir = parent.frame())\r\n  4: eval(substitute(defer(expr, envir, priority), list(expr = substitute(expr), envir = parent.frame(2), \r\n         priority = priority)), envir = parent.frame())\r\n  \r\n  == testthat results  ===========================================================\r\n  OK: 723 SKIPPED: 2 FAILED: 11\r\n  1. Error: read_table handles various input streams (ARROW-3450, ARROW-3505) (@test-Table.R#28) \r\n  2. Error: Can read csv file (@test-arrow-csv-.R#21) \r\n  3. Error: feather read/write round trip (@test-feather.R#23) \r\n  4. Error: feather handles columns = <names> (@test-feather.R#63) \r\n  5. Error: feather handles columns = <integer> (@test-feather.R#76) \r\n  6. Error: feather read/write round trip (@test-feather.R#89) \r\n  7. Error: arrow::table round trip (@test-read-write.R#87) \r\n  8. Error: arrow::table round trip handles NA in integer and numeric (@test-read-write.R#117) \r\n  9. Error: RecordBatchFileWriter / RecordBatchFileReader roundtrips (@test-read_record_batch.R#26) \r\n  1. ...\r\n  \r\n  Error: testthat unit tests failed\r\n  Execution halted\r\n* checking PDF version of manual ... OK\r\n* DONE\r\nStatus: 2 ERRORs, 4 NOTEs\r\n```",
        "created_at": "2019-03-22T03:17:17.000Z",
        "updated_at": "2019-03-26T18:22:33.000Z",
        "labels": [
            "Migrated from Jira",
            "Component: R",
            "Type: enhancement"
        ],
        "closed": true,
        "closed_at": "2019-03-26T17:37:08.000Z"
    },
    "comments": [
        {
            "created_at": "2019-03-26T17:37:09.009Z",
            "body": "***Note**: [Comment](https://issues.apache.org/jira/browse/ARROW-4995?focusedCommentId=16801982) by Wes McKinney (wesm):*\nIssue resolved by pull request 4011\n<https://github.com/apache/arrow/pull/4011>"
        }
    ]
}