{
    "issue": {
        "title": "[CI][Python] AMD64 macOS 11 Python 3 job fails on master on pip install",
        "body": "***Note**: This issue was originally created as [ARROW-18251](https://issues.apache.org/jira/browse/ARROW-18251). Please see the [migration documentation](https://gist.github.com/toddfarmer/12aa88361532d21902818a6044fda4c3) for further details.*\n\n### Original Issue Description:\nCurrently the job for AMD64 macOS 11 Python 3 is failing:\r\n<https://github.com/apache/arrow/actions/runs/3388587979/jobs/5630747309>\r\n\r\nwith:\r\n```java\n\r\n\u00a0+ python3 -m pip install --no-deps --no-build-isolation -vv .\r\n~/work/arrow/arrow/python ~/work/arrow/arrow\r\nUsing pip 22.3 from /Library/Frameworks/Python.framework/Versions/3.11/lib/python3.11/site-packages/pip (python 3.11)\r\nNon-user install because site-packages writeable\r\nCreated temporary directory: /private/var/folders/24/8k48jl6d249_n_qfxwsl6xvm0000gn/T/pip-build-tracker-ib8gr4sw\r\nInitialized build tracking at /private/var/folders/24/8k48jl6d249_n_qfxwsl6xvm0000gn/T/pip-build-tracker-ib8gr4sw\r\nCreated build tracker: /private/var/folders/24/8k48jl6d249_n_qfxwsl6xvm0000gn/T/pip-build-tracker-ib8gr4sw\r\nEntered build tracker: /private/var/folders/24/8k48jl6d249_n_qfxwsl6xvm0000gn/T/pip-build-tracker-ib8gr4sw\r\nCreated temporary directory: /private/var/folders/24/8k48jl6d249_n_qfxwsl6xvm0000gn/T/pip-install-9ku2dtx5\r\nCreated temporary directory: /private/var/folders/24/8k48jl6d249_n_qfxwsl6xvm0000gn/T/pip-ephem-wheel-cache-za6jhm0e\r\nProcessing /Users/runner/work/arrow/arrow/python\r\n\u00a0 Added file:///Users/runner/work/arrow/arrow/python to build tracker '/private/var/folders/24/8k48jl6d249_n_qfxwsl6xvm0000gn/T/pip-build-tracker-ib8gr4sw'\r\n\u00a0 Created temporary directory: /private/var/folders/24/8k48jl6d249_n_qfxwsl6xvm0000gn/T/pip-modern-metadata-yqpsyw16\r\n\u00a0 Preparing metadata (pyproject.toml): started\r\n\u00a0 Running command Preparing metadata (pyproject.toml)\r\n\u00a0 running dist_info\r\n\u00a0 creating /private/var/folders/24/8k48jl6d249_n_qfxwsl6xvm0000gn/T/pip-modern-metadata-yqpsyw16/pyarrow.egg-info\r\n\u00a0 writing /private/var/folders/24/8k48jl6d249_n_qfxwsl6xvm0000gn/T/pip-modern-metadata-yqpsyw16/pyarrow.egg-info/PKG-INFO\r\n\u00a0 writing dependency_links to /private/var/folders/24/8k48jl6d249_n_qfxwsl6xvm0000gn/T/pip-modern-metadata-yqpsyw16/pyarrow.egg-info/dependency_links.txt\r\n\u00a0 writing entry points to /private/var/folders/24/8k48jl6d249_n_qfxwsl6xvm0000gn/T/pip-modern-metadata-yqpsyw16/pyarrow.egg-info/entry_points.txt\r\n\u00a0 writing requirements to /private/var/folders/24/8k48jl6d249_n_qfxwsl6xvm0000gn/T/pip-modern-metadata-yqpsyw16/pyarrow.egg-info/requires.txt\r\n\u00a0 writing top-level names to /private/var/folders/24/8k48jl6d249_n_qfxwsl6xvm0000gn/T/pip-modern-metadata-yqpsyw16/pyarrow.egg-info/top_level.txt\r\n\u00a0 writing manifest file '/private/var/folders/24/8k48jl6d249_n_qfxwsl6xvm0000gn/T/pip-modern-metadata-yqpsyw16/pyarrow.egg-info/SOURCES.txt'\r\n\u00a0 reading manifest template 'MANIFEST.in'\r\n\u00a0 warning: no previously-included files matching '*.so' found anywhere in distribution\r\n\u00a0 warning: no previously-included files matching '*.pyc' found anywhere in distribution\r\n\u00a0 warning: no previously-included files matching '*~' found anywhere in distribution\r\n\u00a0 warning: no previously-included files matching '#*' found anywhere in distribution\r\n\u00a0 warning: no previously-included files matching '.DS_Store' found anywhere in distribution\r\n\u00a0 no previously-included directories found matching '.asv'\r\n\u00a0 adding license file '../LICENSE.txt'\r\n\u00a0 adding license file '../NOTICE.txt'\r\n\u00a0 writing manifest file '/private/var/folders/24/8k48jl6d249_n_qfxwsl6xvm0000gn/T/pip-modern-metadata-yqpsyw16/pyarrow.egg-info/SOURCES.txt'\r\n\u00a0 creating '/private/var/folders/24/8k48jl6d249_n_qfxwsl6xvm0000gn/T/pip-modern-metadata-yqpsyw16/pyarrow-11.0.0.dev55+g8e3a1e1b7.dist-info'\r\n\u00a0 error: invalid command 'bdist_wheel'\r\n\u00a0 error: subprocess-exited-with-error\r\n\u00a0\u00a0\r\n\u00a0 \u00d7 Preparing metadata (pyproject.toml) did not run successfully.\r\n\u00a0 \u2502 exit code: 1\r\n\u00a0 \u2570\u2500> See above for output.\r\n\u00a0\u00a0\r\n\u00a0 note: This error originates from a subprocess, and is likely not a problem with pip.\r\n\u00a0 full command: /usr/local/bin/python3 /Library/Frameworks/Python.framework/Versions/3.11/lib/python3.11/site-packages/pip/_vendor/pep517/in_process/_in_process.py prepare_metadata_for_build_wheel /var/folders/24/8k48jl6d249_n_qfxwsl6xvm0000gn/T/tmpteb6e2qe\r\n\u00a0 cwd: /Users/runner/work/arrow/arrow/python\r\n\u00a0 Preparing metadata (pyproject.toml): finished with status 'error'\r\nerror: metadata-generation-failed\u00d7 Encountered error while generating package metadata.\r\n\u2570\u2500> See above for output.note: This is an issue with the package mentioned above, not pip.\r\nhint: See above for details.\r\nException information:\r\nTraceback (most recent call last):\r\n\u00a0 File \"/Library/Frameworks/Python.framework/Versions/3.11/lib/python3.11/site-packages/pip/_internal/operations/build/metadata.py\", line 35, in generate_metadata\r\n\u00a0 \u00a0 distinfo_dir = backend.prepare_metadata_for_build_wheel(metadata_dir)\r\n\u00a0 \u00a0 \u00a0 \u00a0 \u00a0 \u00a0 \u00a0 \u00a0 \u00a0 \u00a0^^^^^^^^^^^^^^^^^^^^^^^^^^^^^^^^^^^^^^^^^^^^^^^^^^^^^^\r\n\u00a0 File \"/Library/Frameworks/Python.framework/Versions/3.11/lib/python3.11/site-packages/pip/_internal/utils/misc.py\", line 706, in prepare_metadata_for_build_wheel\r\n\u00a0 \u00a0 return super().prepare_metadata_for_build_wheel(\r\n\u00a0 \u00a0 \u00a0 \u00a0 \u00a0 \u00a0^^^^^^^^^^^^^^^^^^^^^^^^^^^^^^^^^^^^^^^^^\r\n\u00a0 File \"/Library/Frameworks/Python.framework/Versions/3.11/lib/python3.11/site-packages/pip/_vendor/pep517/wrappers.py\", line 189, in prepare_metadata_for_build_wheel\r\n\u00a0 \u00a0 return self._call_hook('prepare_metadata_for_build_wheel', {\r\n\u00a0 \u00a0 \u00a0 \u00a0 \u00a0 \u00a0^^^^^^^^^^^^^^^^^^^^^^^^^^^^^^^^^^^^^^^^^^^^^^^^^^^^^\r\n\u00a0 File \"/Library/Frameworks/Python.framework/Versions/3.11/lib/python3.11/site-packages/pip/_vendor/pep517/wrappers.py\", line 309, in _call_hook\r\n\u00a0 \u00a0 self._subprocess_runner(\r\n\u00a0 File \"/Library/Frameworks/Python.framework/Versions/3.11/lib/python3.11/site-packages/pip/_internal/utils/subprocess.py\", line 252, in runner\r\n\u00a0 \u00a0 call_subprocess(\r\n\u00a0 File \"/Library/Frameworks/Python.framework/Versions/3.11/lib/python3.11/site-packages/pip/_internal/utils/subprocess.py\", line 224, in call_subprocess\r\n\u00a0 \u00a0 raise error\r\npip._internal.exceptions.InstallationSubprocessError: Preparing metadata (pyproject.toml) exited with 1The above exception was the direct cause of the following exception:Traceback (most recent call last):\r\n\u00a0 File \"/Library/Frameworks/Python.framework/Versions/3.11/lib/python3.11/site-packages/pip/_internal/cli/base_command.py\", line 160, in exc_logging_wrapper\r\n\u00a0 \u00a0 status = run_func(*args)\r\n\u00a0 \u00a0 \u00a0 \u00a0 \u00a0 \u00a0 \u00a0^^^^^^^^^^^^^^^\r\n\u00a0 File \"/Library/Frameworks/Python.framework/Versions/3.11/lib/python3.11/site-packages/pip/_internal/cli/req_command.py\", line 247, in wrapper\r\n\u00a0 \u00a0 return func(self, options, args)\r\n\u00a0 \u00a0 \u00a0 \u00a0 \u00a0 \u00a0^^^^^^^^^^^^^^^^^^^^^^^^^\r\n\u00a0 File \"/Library/Frameworks/Python.framework/Versions/3.11/lib/python3.11/site-packages/pip/_internal/commands/install.py\", line 400, in run\r\n\u00a0 \u00a0 requirement_set = resolver.resolve(\r\n\u00a0 \u00a0 \u00a0 \u00a0 \u00a0 \u00a0 \u00a0 \u00a0 \u00a0 \u00a0 \u00a0 ^^^^^^^^^^^^^^^^^\r\n\u00a0 File \"/Library/Frameworks/Python.framework/Versions/3.11/lib/python3.11/site-packages/pip/_internal/resolution/resolvelib/resolver.py\", line 73, in resolve\r\n\u00a0 \u00a0 collected = self.factory.collect_root_requirements(root_reqs)\r\n\u00a0 \u00a0 \u00a0 \u00a0 \u00a0 \u00a0 \u00a0 \u00a0 ^^^^^^^^^^^^^^^^^^^^^^^^^^^^^^^^^^^^^^^^^^^^^^^^^\r\n\u00a0 File \"/Library/Frameworks/Python.framework/Versions/3.11/lib/python3.11/site-packages/pip/_internal/resolution/resolvelib/factory.py\", line 491, in collect_root_requirements\r\n\u00a0 \u00a0 req = self._make_requirement_from_install_req(\r\n\u00a0 \u00a0 \u00a0 \u00a0 \u00a0 ^^^^^^^^^^^^^^^^^^^^^^^^^^^^^^^^^^^^^^^^\r\n\u00a0 File \"/Library/Frameworks/Python.framework/Versions/3.11/lib/python3.11/site-packages/pip/_internal/resolution/resolvelib/factory.py\", line 453, in _make_requirement_from_install_req\r\n\u00a0 \u00a0 cand = self._make_candidate_from_link(\r\n\u00a0 \u00a0 \u00a0 \u00a0 \u00a0 \u00a0^^^^^^^^^^^^^^^^^^^^^^^^^^^^^^^\r\n\u00a0 File \"/Library/Frameworks/Python.framework/Versions/3.11/lib/python3.11/site-packages/pip/_internal/resolution/resolvelib/factory.py\", line 206, in _make_candidate_from_link\r\n\u00a0 \u00a0 self._link_candidate_cache[link] = LinkCandidate(\r\n\u00a0 \u00a0 \u00a0 \u00a0 \u00a0 \u00a0 \u00a0 \u00a0 \u00a0 \u00a0 \u00a0 \u00a0 \u00a0 \u00a0 \u00a0 \u00a0 \u00a0 \u00a0 \u00a0 \u00a0^^^^^^^^^^^^^^\r\n\u00a0 File \"/Library/Frameworks/Python.framework/Versions/3.11/lib/python3.11/site-packages/pip/_internal/resolution/resolvelib/candidates.py\", line 297, in __init__\r\n\u00a0 \u00a0 super().__init__(\r\n\u00a0 File \"/Library/Frameworks/Python.framework/Versions/3.11/lib/python3.11/site-packages/pip/_internal/resolution/resolvelib/candidates.py\", line 162, in __init__\r\n\u00a0 \u00a0 self.dist = self._prepare()\r\n\u00a0 \u00a0 \u00a0 \u00a0 \u00a0 \u00a0 \u00a0 \u00a0 ^^^^^^^^^^^^^^^\r\n\u00a0 File \"/Library/Frameworks/Python.framework/Versions/3.11/lib/python3.11/site-packages/pip/_internal/resolution/resolvelib/candidates.py\", line 231, in _prepare\r\n\u00a0 \u00a0 dist = self._prepare_distribution()\r\n\u00a0 \u00a0 \u00a0 \u00a0 \u00a0 \u00a0^^^^^^^^^^^^^^^^^^^^^^^^^^^^\r\n\u00a0 File \"/Library/Frameworks/Python.framework/Versions/3.11/lib/python3.11/site-packages/pip/_internal/resolution/resolvelib/candidates.py\", line 308, in _prepare_distribution\r\n\u00a0 \u00a0 return preparer.prepare_linked_requirement(self._ireq, parallel_builds=True)\r\n\u00a0 \u00a0 \u00a0 \u00a0 \u00a0 \u00a0^^^^^^^^^^^^^^^^^^^^^^^^^^^^^^^^^^^^^^^^^^^^^^^^^^^^^^^^^^^^^^^^^^^^^\r\n\u00a0 File \"/Library/Frameworks/Python.framework/Versions/3.11/lib/python3.11/site-packages/pip/_internal/operations/prepare.py\", line 491, in prepare_linked_requirement\r\n\u00a0 \u00a0 return self._prepare_linked_requirement(req, parallel_builds)\r\n\u00a0 \u00a0 \u00a0 \u00a0 \u00a0 \u00a0^^^^^^^^^^^^^^^^^^^^^^^^^^^^^^^^^^^^^^^^^^^^^^^^^^^^^^\r\n\u00a0 File \"/Library/Frameworks/Python.framework/Versions/3.11/lib/python3.11/site-packages/pip/_internal/operations/prepare.py\", line 577, in _prepare_linked_requirement\r\n\u00a0 \u00a0 dist = _get_prepared_distribution(\r\n\u00a0 \u00a0 \u00a0 \u00a0 \u00a0 \u00a0^^^^^^^^^^^^^^^^^^^^^^^^^^^\r\n\u00a0 File \"/Library/Frameworks/Python.framework/Versions/3.11/lib/python3.11/site-packages/pip/_internal/operations/prepare.py\", line 69, in _get_prepared_distribution\r\n\u00a0 \u00a0 abstract_dist.prepare_distribution_metadata(\r\n\u00a0 File \"/Library/Frameworks/Python.framework/Versions/3.11/lib/python3.11/site-packages/pip/_internal/distributions/sdist.py\", line 61, in prepare_distribution_metadata\r\n\u00a0 \u00a0 self.req.prepare_metadata()\r\n\u00a0 File \"/Library/Frameworks/Python.framework/Versions/3.11/lib/python3.11/site-packages/pip/_internal/req/req_install.py\", line 535, in prepare_metadata\r\n\u00a0 \u00a0 self.metadata_directory = generate_metadata(\r\n\u00a0 \u00a0 \u00a0 \u00a0 \u00a0 \u00a0 \u00a0 \u00a0 \u00a0 \u00a0 \u00a0 \u00a0 \u00a0 \u00a0 \u00a0 ^^^^^^^^^^^^^^^^^^\r\n\u00a0 File \"/Library/Frameworks/Python.framework/Versions/3.11/lib/python3.11/site-packages/pip/_internal/operations/build/metadata.py\", line 37, in generate_metadata\r\n\u00a0 \u00a0 raise MetadataGenerationFailed(package_details=details) from error\r\npip._internal.exceptions.MetadataGenerationFailed: metadata generation failed\r\nRemote version of pip: 22.3\r\nLocal version of pip: \u00a022.3\r\nWas pip installed by pip? True\r\nRemoved file:///Users/runner/work/arrow/arrow/python from build tracker '/private/var/folders/24/8k48jl6d249_n_qfxwsl6xvm0000gn/T/pip-build-tracker-ib8gr4sw'\r\nRemoved build tracker: '/private/var/folders/24/8k48jl6d249_n_qfxwsl6xvm0000gn/T/pip-build-tracker-ib8gr4sw'\r\nError: Process completed with exit code 1. \n```\r\nI have tested if the problem was related with Python3.11 to setup Python 3.10 on the job, see:\r\n<https://github.com/apache/arrow/pull/14589>\r\n\r\nbut that's not the case so it requires more investigation.",
        "created_at": "2022-11-04T14:09:48.000Z",
        "updated_at": "2022-11-14T22:43:25.000Z",
        "labels": [
            "Migrated from Jira",
            "Component: Continuous Integration",
            "Component: Python",
            "Type: bug"
        ],
        "closed": true,
        "closed_at": "2022-11-14T20:16:17.000Z"
    },
    "comments": [
        {
            "created_at": "2022-11-04T14:14:34.825Z",
            "body": "***Note**: [Comment](https://issues.apache.org/jira/browse/ARROW-18251?focusedCommentId=17629008) by Ra\u00fal Cumplido (raulcd):*\n`[~jorisvandenbossche]` `[~alenka]` Any idea what might be the cause for this failures? I will try and investigate"
        },
        {
            "created_at": "2022-11-04T14:29:02.394Z",
            "body": "***Note**: [Comment](https://issues.apache.org/jira/browse/ARROW-18251?focusedCommentId=17629013) by Joris Van den Bossche (jorisvandenbossche):*\nNot directly an idea. This build has been failing for some time (with a cython test failure) but it seems only recently started to fail with this installation issue.\r\n\r\nFrom commits on master, 4 days ago test failure: https://github.com/apache/arrow/actions/runs/3363608185/jobs/5576970377\r\n3 days ago installation failure: https://github.com/apache/arrow/actions/runs/3372998317/jobs/5597074003\r\n\r\nA relevant difference is a pip 22.2.2 -> 22.3 update."
        },
        {
            "created_at": "2022-11-14T20:16:17.306Z",
            "body": "***Note**: [Comment](https://issues.apache.org/jira/browse/ARROW-18251?focusedCommentId=17634031) by Kouhei Sutou (kou):*\nIssue resolved by pull request 14614\n<https://github.com/apache/arrow/pull/14614>"
        }
    ]
}