{
    "issue": {
        "title": "[Rust] Failing test arrow::arrow_writer::tests::fixed_size_binary_single_column",
        "body": "***Note**: This issue was originally created as [ARROW-12250](https://issues.apache.org/jira/browse/ARROW-12250). Please see the [migration documentation](https://gist.github.com/toddfarmer/12aa88361532d21902818a6044fda4c3) for further details.*\n\n### Original Issue Description:\nI just pulled latest from master (commit d95c72f7f8e61b90c935ecb4e64d3e77648ef6d5) and updated submodules, then ran `cargo clean` followed by `cargo test`.\r\n\r\nOne test fails (sometimes). It can fail in multiple ways:\r\n```java\n\r\n---- arrow::arrow_writer::tests::fixed_size_binary_single_column stdout ----\r\nthread 'arrow::arrow_writer::tests::fixed_size_binary_single_column' panicked at 'called `Result::unwrap()` on an `Err` value: General(\"Could not parse metadata: protocol error\")', parquet/src/arrow/arrow_writer.rs:920:54\r\n \n```\r\n```java\n\r\n---- arrow::arrow_writer::tests::fixed_size_binary_single_column stdout ----\r\nthread 'arrow::arrow_writer::tests::fixed_size_binary_single_column' panicked at 'Unable to get batch: ParquetError(\"Parquet error: underlying Thrift error: end of file\")', parquet/src/arrow/arrow_writer.rs:927:14\r\n \n```",
        "created_at": "2021-04-07T13:01:39.000Z",
        "updated_at": "2021-04-15T10:42:00.000Z",
        "labels": [
            "Migrated from Jira",
            "Component: Rust",
            "Type: bug"
        ],
        "closed": true,
        "closed_at": "2021-04-15T10:41:49.000Z"
    },
    "comments": [
        {
            "created_at": "2021-04-15T10:41:49.795Z",
            "body": "***Note**: [Comment](https://issues.apache.org/jira/browse/ARROW-12250?focusedCommentId=17322071) by Andrew Lamb (alamb):*\nIssue resolved by pull request 10043\n<https://github.com/apache/arrow/pull/10043>"
        }
    ]
}