{
    "issue": {
        "title": "[Python] \"Could NOT find Arrow\": Installing \"pyarrow\" via pip3 on Debian 10",
        "body": "***Note**: This issue was originally created as [ARROW-12934](https://issues.apache.org/jira/browse/ARROW-12934). Please see the [migration documentation](https://gist.github.com/toddfarmer/12aa88361532d21902818a6044fda4c3) for further details.*\n\n### Original Issue Description:\nI use Debian 10 (buster / stable) and Python3.\r\n\r\nI tried to install \"pyarrow\" Python-Package via pip3. I fixed some of the errors installing more things (e.g. cmake, etc).\r\n\r\nBut I can not solve this last error.\r\n\r\n\u00a0\r\n\r\n` This warning is for project developers. Use -Wno-dev to suppress it.`\r\n \r\n` -- Found PkgConfig: /usr/bin/pkg-config (found version \"0.29\")`\r\n` -- Could NOT find Arrow (missing: Arrow_DIR)`\r\n` -- Checking for module 'arrow'`\r\n` -- No package 'arrow' found`\r\n` CMake Error at /usr/local/lib/python3.7/dist-packages/cmake/data/share/cmake-3.20/Modules/FindPackageHandleStandardArgs.cmake:230 (message):`\r\n` Could NOT find Arrow (missing: ARROW_INCLUDE_DIR ARROW_LIB_DIR`\r\n` ARROW_FULL_SO_VERSION ARROW_SO_VERSION)`\r\n` Call Stack (most recent call first):`\r\n` /usr/local/lib/python3.7/dist-packages/cmake/data/share/cmake-3.20/Modules/FindPackageHandleStandardArgs.cmake:594 (_FPHSA_FAILURE_MESSAGE)`\r\n` cmake_modules/FindArrow.cmake:419 (find_package_handle_standard_args)`\r\n` cmake_modules/FindArrowPython.cmake:46 (find_package)`\r\n` CMakeLists.txt:218 (find_package)`\r\n\r\n\u00a0\r\n\r\nI can do `import arrow` but not `import pyarrow` in a Python3.7.3. shell.\r\n\r\nWhat else can I do know? I am even not sure why I need pyarrow and what it is. ;) I think it is because I use the \"feather\" storage format with my pandas package. Correct?\r\n\r\n\u00a0\r\n\r\nHere is the full bash-output\r\n\r\n`$ sudo pip3 install -U pyarrow`\r\n`Collecting pyarrow`\r\n` Using cached https://files.pythonhosted.org/packages/7d/5d/87a22ad2210c6e53d5a87ea99fb1f503238775ab8c04189559e4eb0fd61f/pyarrow-4.0.1.tar.gz`\r\n` Installing build dependencies ... done`\r\n`Requirement already satisfied, skipping upgrade: numpy>=1.16.6 in /usr/local/lib/python3.7/dist-packages (from pyarrow) (1.20.3)`\r\n`Building wheels for collected packages: pyarrow`\r\n` Running setup.py bdist_wheel for pyarrow ... error`\r\n` Complete output from command /usr/bin/python3 -u -c \"import setuptools, tokenize;__file__='/tmp/pip-install-bdhf_tmp/pyarrow/setup.py';f=getattr(tokenize, 'open', open)(__file__);code=f.read().replace('\r\n', '\n');f.close();exec(compile(code, __file__, 'exec'))\" bdist_wheel -d /tmp/pip-wheel-i04y9cvm --python-tag cp37:`\r\n` running bdist_wheel`\r\n` running build`\r\n` running build_py`\r\n` creating build`\r\n` creating build/lib.linux-x86_64-3.7`\r\n` creating build/lib.linux-x86_64-3.7/pyarrow`\r\n` copying pyarrow/util.py -> build/lib.linux-x86_64-3.7/pyarrow`\r\n` copying pyarrow/types.py -> build/lib.linux-x86_64-3.7/pyarrow`\r\n` copying pyarrow/serialization.py -> build/lib.linux-x86_64-3.7/pyarrow`\r\n` copying pyarrow/plasma.py -> build/lib.linux-x86_64-3.7/pyarrow`\r\n` copying pyarrow/parquet.py -> build/lib.linux-x86_64-3.7/pyarrow`\r\n` copying pyarrow/pandas_compat.py -> build/lib.linux-x86_64-3.7/pyarrow`\r\n` copying pyarrow/orc.py -> build/lib.linux-x86_64-3.7/pyarrow`\r\n` copying pyarrow/jvm.py -> build/lib.linux-x86_64-3.7/pyarrow`\r\n` copying pyarrow/json.py -> build/lib.linux-x86_64-3.7/pyarrow`\r\n` copying pyarrow/ipc.py -> build/lib.linux-x86_64-3.7/pyarrow`\r\n` copying pyarrow/hdfs.py -> build/lib.linux-x86_64-3.7/pyarrow`\r\n` copying pyarrow/fs.py -> build/lib.linux-x86_64-3.7/pyarrow`\r\n` copying pyarrow/flight.py -> build/lib.linux-x86_64-3.7/pyarrow`\r\n` copying pyarrow/filesystem.py -> build/lib.linux-x86_64-3.7/pyarrow`\r\n` copying pyarrow/feather.py -> build/lib.linux-x86_64-3.7/pyarrow`\r\n` copying pyarrow/dataset.py -> build/lib.linux-x86_64-3.7/pyarrow`\r\n` copying pyarrow/cuda.py -> build/lib.linux-x86_64-3.7/pyarrow`\r\n` copying pyarrow/csv.py -> build/lib.linux-x86_64-3.7/pyarrow`\r\n` copying pyarrow/compute.py -> build/lib.linux-x86_64-3.7/pyarrow`\r\n` copying pyarrow/compat.py -> build/lib.linux-x86_64-3.7/pyarrow`\r\n` copying pyarrow/cffi.py -> build/lib.linux-x86_64-3.7/pyarrow`\r\n` copying pyarrow/benchmark.py -> build/lib.linux-x86_64-3.7/pyarrow`\r\n` copying pyarrow/_generated_version.py -> build/lib.linux-x86_64-3.7/pyarrow`\r\n` copying pyarrow/__init__.py -> build/lib.linux-x86_64-3.7/pyarrow`\r\n` creating build/lib.linux-x86_64-3.7/pyarrow/tests`\r\n` copying pyarrow/tests/util.py -> build/lib.linux-x86_64-3.7/pyarrow/tests`\r\n` copying pyarrow/tests/test_types.py -> build/lib.linux-x86_64-3.7/pyarrow/tests`\r\n` copying pyarrow/tests/test_tensor.py -> build/lib.linux-x86_64-3.7/pyarrow/tests`\r\n` copying pyarrow/tests/test_table.py -> build/lib.linux-x86_64-3.7/pyarrow/tests`\r\n` copying pyarrow/tests/test_strategies.py -> build/lib.linux-x86_64-3.7/pyarrow/tests`\r\n` copying pyarrow/tests/test_sparse_tensor.py -> build/lib.linux-x86_64-3.7/pyarrow/tests`\r\n` copying pyarrow/tests/test_serialization_deprecated.py -> build/lib.linux-x86_64-3.7/pyarrow/tests`\r\n` copying pyarrow/tests/test_serialization.py -> build/lib.linux-x86_64-3.7/pyarrow/tests`\r\n` copying pyarrow/tests/test_schema.py -> build/lib.linux-x86_64-3.7/pyarrow/tests`\r\n` copying pyarrow/tests/test_scalars.py -> build/lib.linux-x86_64-3.7/pyarrow/tests`\r\n` copying pyarrow/tests/test_plasma_tf_op.py -> build/lib.linux-x86_64-3.7/pyarrow/tests`\r\n` copying pyarrow/tests/test_plasma.py -> build/lib.linux-x86_64-3.7/pyarrow/tests`\r\n` copying pyarrow/tests/test_pandas.py -> build/lib.linux-x86_64-3.7/pyarrow/tests`\r\n` copying pyarrow/tests/test_orc.py -> build/lib.linux-x86_64-3.7/pyarrow/tests`\r\n` copying pyarrow/tests/test_misc.py -> build/lib.linux-x86_64-3.7/pyarrow/tests`\r\n` copying pyarrow/tests/test_memory.py -> build/lib.linux-x86_64-3.7/pyarrow/tests`\r\n` copying pyarrow/tests/test_jvm.py -> build/lib.linux-x86_64-3.7/pyarrow/tests`\r\n` copying pyarrow/tests/test_json.py -> build/lib.linux-x86_64-3.7/pyarrow/tests`\r\n` copying pyarrow/tests/test_ipc.py -> build/lib.linux-x86_64-3.7/pyarrow/tests`\r\n` copying pyarrow/tests/test_io.py -> build/lib.linux-x86_64-3.7/pyarrow/tests`\r\n` copying pyarrow/tests/test_hdfs.py -> build/lib.linux-x86_64-3.7/pyarrow/tests`\r\n` copying pyarrow/tests/test_gandiva.py -> build/lib.linux-x86_64-3.7/pyarrow/tests`\r\n` copying pyarrow/tests/test_fs.py -> build/lib.linux-x86_64-3.7/pyarrow/tests`\r\n` copying pyarrow/tests/test_flight.py -> build/lib.linux-x86_64-3.7/pyarrow/tests`\r\n` copying pyarrow/tests/test_filesystem.py -> build/lib.linux-x86_64-3.7/pyarrow/tests`\r\n` copying pyarrow/tests/test_feather.py -> build/lib.linux-x86_64-3.7/pyarrow/tests`\r\n` copying pyarrow/tests/test_extension_type.py -> build/lib.linux-x86_64-3.7/pyarrow/tests`\r\n` copying pyarrow/tests/test_deprecations.py -> build/lib.linux-x86_64-3.7/pyarrow/tests`\r\n` copying pyarrow/tests/test_dataset.py -> build/lib.linux-x86_64-3.7/pyarrow/tests`\r\n` copying pyarrow/tests/test_cython.py -> build/lib.linux-x86_64-3.7/pyarrow/tests`\r\n` copying pyarrow/tests/test_cuda_numba_interop.py -> build/lib.linux-x86_64-3.7/pyarrow/tests`\r\n` copying pyarrow/tests/test_cuda.py -> build/lib.linux-x86_64-3.7/pyarrow/tests`\r\n` copying pyarrow/tests/test_csv.py -> build/lib.linux-x86_64-3.7/pyarrow/tests`\r\n` copying pyarrow/tests/test_convert_builtin.py -> build/lib.linux-x86_64-3.7/pyarrow/tests`\r\n` copying pyarrow/tests/test_compute.py -> build/lib.linux-x86_64-3.7/pyarrow/tests`\r\n` copying pyarrow/tests/test_cffi.py -> build/lib.linux-x86_64-3.7/pyarrow/tests`\r\n` copying pyarrow/tests/test_builder.py -> build/lib.linux-x86_64-3.7/pyarrow/tests`\r\n` copying pyarrow/tests/test_array.py -> build/lib.linux-x86_64-3.7/pyarrow/tests`\r\n` copying pyarrow/tests/test_adhoc_memory_leak.py -> build/lib.linux-x86_64-3.7/pyarrow/tests`\r\n` copying pyarrow/tests/strategies.py -> build/lib.linux-x86_64-3.7/pyarrow/tests`\r\n` copying pyarrow/tests/pandas_threaded_import.py -> build/lib.linux-x86_64-3.7/pyarrow/tests`\r\n` copying pyarrow/tests/pandas_examples.py -> build/lib.linux-x86_64-3.7/pyarrow/tests`\r\n` copying pyarrow/tests/deserialize_buffer.py -> build/lib.linux-x86_64-3.7/pyarrow/tests`\r\n` copying pyarrow/tests/conftest.py -> build/lib.linux-x86_64-3.7/pyarrow/tests`\r\n` copying pyarrow/tests/arrow_7980.py -> build/lib.linux-x86_64-3.7/pyarrow/tests`\r\n` copying pyarrow/tests/__init__.py -> build/lib.linux-x86_64-3.7/pyarrow/tests`\r\n` running egg_info`\r\n` writing pyarrow.egg-info/PKG-INFO`\r\n` writing dependency_links to pyarrow.egg-info/dependency_links.txt`\r\n` writing entry points to pyarrow.egg-info/entry_points.txt`\r\n` writing requirements to pyarrow.egg-info/requires.txt`\r\n` writing top-level names to pyarrow.egg-info/top_level.txt`\r\n` reading manifest file 'pyarrow.egg-info/SOURCES.txt'`\r\n` reading manifest template 'MANIFEST.in'`\r\n` warning: no files found matching '../LICENSE.txt'`\r\n` warning: no files found matching '../NOTICE.txt'`\r\n` warning: no previously-included files matching '*.so' found anywhere in distribution`\r\n` warning: no previously-included files matching '*.pyc' found anywhere in distribution`\r\n` warning: no previously-included files matching '*~' found anywhere in distribution`\r\n` warning: no previously-included files matching '#*' found anywhere in distribution`\r\n` warning: no previously-included files matching '.git*' found anywhere in distribution`\r\n` warning: no previously-included files matching '.DS_Store' found anywhere in distribution`\r\n` no previously-included directories found matching '.asv'`\r\n` writing manifest file 'pyarrow.egg-info/SOURCES.txt'`\r\n` copying pyarrow/__init__.pxd -> build/lib.linux-x86_64-3.7/pyarrow`\r\n` copying pyarrow/_compute.pxd -> build/lib.linux-x86_64-3.7/pyarrow`\r\n` copying pyarrow/_compute.pyx -> build/lib.linux-x86_64-3.7/pyarrow`\r\n` copying pyarrow/_csv.pxd -> build/lib.linux-x86_64-3.7/pyarrow`\r\n` copying pyarrow/_csv.pyx -> build/lib.linux-x86_64-3.7/pyarrow`\r\n` copying pyarrow/_cuda.pxd -> build/lib.linux-x86_64-3.7/pyarrow`\r\n` copying pyarrow/_cuda.pyx -> build/lib.linux-x86_64-3.7/pyarrow`\r\n` copying pyarrow/_dataset.pyx -> build/lib.linux-x86_64-3.7/pyarrow`\r\n` copying pyarrow/_flight.pyx -> build/lib.linux-x86_64-3.7/pyarrow`\r\n` copying pyarrow/_fs.pxd -> build/lib.linux-x86_64-3.7/pyarrow`\r\n` copying pyarrow/_fs.pyx -> build/lib.linux-x86_64-3.7/pyarrow`\r\n` copying pyarrow/_hdfs.pyx -> build/lib.linux-x86_64-3.7/pyarrow`\r\n` copying pyarrow/_json.pyx -> build/lib.linux-x86_64-3.7/pyarrow`\r\n` copying pyarrow/_orc.pxd -> build/lib.linux-x86_64-3.7/pyarrow`\r\n` copying pyarrow/_orc.pyx -> build/lib.linux-x86_64-3.7/pyarrow`\r\n` copying pyarrow/_parquet.pxd -> build/lib.linux-x86_64-3.7/pyarrow`\r\n` copying pyarrow/_parquet.pyx -> build/lib.linux-x86_64-3.7/pyarrow`\r\n` copying pyarrow/_plasma.pyx -> build/lib.linux-x86_64-3.7/pyarrow`\r\n` copying pyarrow/_s3fs.pyx -> build/lib.linux-x86_64-3.7/pyarrow`\r\n` copying pyarrow/array.pxi -> build/lib.linux-x86_64-3.7/pyarrow`\r\n` copying pyarrow/benchmark.pxi -> build/lib.linux-x86_64-3.7/pyarrow`\r\n` copying pyarrow/builder.pxi -> build/lib.linux-x86_64-3.7/pyarrow`\r\n` copying pyarrow/compat.pxi -> build/lib.linux-x86_64-3.7/pyarrow`\r\n` copying pyarrow/config.pxi -> build/lib.linux-x86_64-3.7/pyarrow`\r\n` copying pyarrow/error.pxi -> build/lib.linux-x86_64-3.7/pyarrow`\r\n` copying pyarrow/feather.pxi -> build/lib.linux-x86_64-3.7/pyarrow`\r\n` copying pyarrow/gandiva.pyx -> build/lib.linux-x86_64-3.7/pyarrow`\r\n` copying pyarrow/io-hdfs.pxi -> build/lib.linux-x86_64-3.7/pyarrow`\r\n` copying pyarrow/io.pxi -> build/lib.linux-x86_64-3.7/pyarrow`\r\n` copying pyarrow/ipc.pxi -> build/lib.linux-x86_64-3.7/pyarrow`\r\n` copying pyarrow/lib.pxd -> build/lib.linux-x86_64-3.7/pyarrow`\r\n` copying pyarrow/lib.pyx -> build/lib.linux-x86_64-3.7/pyarrow`\r\n` copying pyarrow/memory.pxi -> build/lib.linux-x86_64-3.7/pyarrow`\r\n` copying pyarrow/pandas-shim.pxi -> build/lib.linux-x86_64-3.7/pyarrow`\r\n` copying pyarrow/public-api.pxi -> build/lib.linux-x86_64-3.7/pyarrow`\r\n` copying pyarrow/scalar.pxi -> build/lib.linux-x86_64-3.7/pyarrow`\r\n` copying pyarrow/serialization.pxi -> build/lib.linux-x86_64-3.7/pyarrow`\r\n` copying pyarrow/table.pxi -> build/lib.linux-x86_64-3.7/pyarrow`\r\n` copying pyarrow/tensor.pxi -> build/lib.linux-x86_64-3.7/pyarrow`\r\n` copying pyarrow/types.pxi -> build/lib.linux-x86_64-3.7/pyarrow`\r\n` creating build/lib.linux-x86_64-3.7/pyarrow/includes`\r\n` copying pyarrow/includes/__init__.pxd -> build/lib.linux-x86_64-3.7/pyarrow/includes`\r\n` copying pyarrow/includes/common.pxd -> build/lib.linux-x86_64-3.7/pyarrow/includes`\r\n` copying pyarrow/includes/libarrow.pxd -> build/lib.linux-x86_64-3.7/pyarrow/includes`\r\n` copying pyarrow/includes/libarrow_cuda.pxd -> build/lib.linux-x86_64-3.7/pyarrow/includes`\r\n` copying pyarrow/includes/libarrow_dataset.pxd -> build/lib.linux-x86_64-3.7/pyarrow/includes`\r\n` copying pyarrow/includes/libarrow_flight.pxd -> build/lib.linux-x86_64-3.7/pyarrow/includes`\r\n` copying pyarrow/includes/libarrow_fs.pxd -> build/lib.linux-x86_64-3.7/pyarrow/includes`\r\n` copying pyarrow/includes/libgandiva.pxd -> build/lib.linux-x86_64-3.7/pyarrow/includes`\r\n` copying pyarrow/includes/libplasma.pxd -> build/lib.linux-x86_64-3.7/pyarrow/includes`\r\n` creating build/lib.linux-x86_64-3.7/pyarrow/tensorflow`\r\n` copying pyarrow/tensorflow/plasma_op.cc -> build/lib.linux-x86_64-3.7/pyarrow/tensorflow`\r\n` creating build/lib.linux-x86_64-3.7/pyarrow/vendored`\r\n` copying pyarrow/vendored/__init__.py -> build/lib.linux-x86_64-3.7/pyarrow/vendored`\r\n` copying pyarrow/vendored/version.py -> build/lib.linux-x86_64-3.7/pyarrow/vendored`\r\n` copying pyarrow/tests/pyarrow_cython_example.pyx -> build/lib.linux-x86_64-3.7/pyarrow/tests`\r\n` creating build/lib.linux-x86_64-3.7/pyarrow/tests/data`\r\n` creating build/lib.linux-x86_64-3.7/pyarrow/tests/data/feather`\r\n` copying pyarrow/tests/data/feather/v0.17.0.version=2-compression=lz4.feather -> build/lib.linux-x86_64-3.7/pyarrow/tests/data/feather`\r\n` creating build/lib.linux-x86_64-3.7/pyarrow/tests/data/orc`\r\n` copying pyarrow/tests/data/orc/README.md -> build/lib.linux-x86_64-3.7/pyarrow/tests/data/orc`\r\n` copying pyarrow/tests/data/orc/TestOrcFile.emptyFile.jsn.gz -> build/lib.linux-x86_64-3.7/pyarrow/tests/data/orc`\r\n` copying pyarrow/tests/data/orc/TestOrcFile.emptyFile.orc -> build/lib.linux-x86_64-3.7/pyarrow/tests/data/orc`\r\n` copying pyarrow/tests/data/orc/TestOrcFile.test1.jsn.gz -> build/lib.linux-x86_64-3.7/pyarrow/tests/data/orc`\r\n` copying pyarrow/tests/data/orc/TestOrcFile.test1.orc -> build/lib.linux-x86_64-3.7/pyarrow/tests/data/orc`\r\n` copying pyarrow/tests/data/orc/TestOrcFile.testDate1900.jsn.gz -> build/lib.linux-x86_64-3.7/pyarrow/tests/data/orc`\r\n` copying pyarrow/tests/data/orc/TestOrcFile.testDate1900.orc -> build/lib.linux-x86_64-3.7/pyarrow/tests/data/orc`\r\n` copying pyarrow/tests/data/orc/decimal.jsn.gz -> build/lib.linux-x86_64-3.7/pyarrow/tests/data/orc`\r\n` copying pyarrow/tests/data/orc/decimal.orc -> build/lib.linux-x86_64-3.7/pyarrow/tests/data/orc`\r\n` creating build/lib.linux-x86_64-3.7/pyarrow/tests/data/parquet`\r\n` copying pyarrow/tests/data/parquet/v0.7.1.all-named-index.parquet -> build/lib.linux-x86_64-3.7/pyarrow/tests/data/parquet`\r\n` copying pyarrow/tests/data/parquet/v0.7.1.column-metadata-handling.parquet -> build/lib.linux-x86_64-3.7/pyarrow/tests/data/parquet`\r\n` copying pyarrow/tests/data/parquet/v0.7.1.parquet -> build/lib.linux-x86_64-3.7/pyarrow/tests/data/parquet`\r\n` copying pyarrow/tests/data/parquet/v0.7.1.some-named-index.parquet -> build/lib.linux-x86_64-3.7/pyarrow/tests/data/parquet`\r\n` creating build/lib.linux-x86_64-3.7/pyarrow/tests/parquet`\r\n` copying pyarrow/tests/parquet/common.py -> build/lib.linux-x86_64-3.7/pyarrow/tests/parquet`\r\n` copying pyarrow/tests/parquet/conftest.py -> build/lib.linux-x86_64-3.7/pyarrow/tests/parquet`\r\n` copying pyarrow/tests/parquet/test_basic.py -> build/lib.linux-x86_64-3.7/pyarrow/tests/parquet`\r\n` copying pyarrow/tests/parquet/test_compliant_nested_type.py -> build/lib.linux-x86_64-3.7/pyarrow/tests/parquet`\r\n` copying pyarrow/tests/parquet/test_data_types.py -> build/lib.linux-x86_64-3.7/pyarrow/tests/parquet`\r\n` copying pyarrow/tests/parquet/test_dataset.py -> build/lib.linux-x86_64-3.7/pyarrow/tests/parquet`\r\n` copying pyarrow/tests/parquet/test_datetime.py -> build/lib.linux-x86_64-3.7/pyarrow/tests/parquet`\r\n` copying pyarrow/tests/parquet/test_metadata.py -> build/lib.linux-x86_64-3.7/pyarrow/tests/parquet`\r\n` copying pyarrow/tests/parquet/test_pandas.py -> build/lib.linux-x86_64-3.7/pyarrow/tests/parquet`\r\n` copying pyarrow/tests/parquet/test_parquet_file.py -> build/lib.linux-x86_64-3.7/pyarrow/tests/parquet`\r\n` copying pyarrow/tests/parquet/test_parquet_writer.py -> build/lib.linux-x86_64-3.7/pyarrow/tests/parquet`\r\n` running build_ext`\r\n` creating /tmp/pip-install-bdhf_tmp/pyarrow/build/temp.linux-x86_64-3.7`\r\n` -- Running cmake for pyarrow`\r\n` cmake -DPYTHON_EXECUTABLE=/usr/bin/python3 -DPython3_EXECUTABLE=/usr/bin/python3 -DPYARROW_BUILD_CUDA=off -DPYARROW_BUILD_FLIGHT=off -DPYARROW_BUILD_GANDIVA=off -DPYARROW_BUILD_DATASET=off -DPYARROW_BUILD_ORC=off -DPYARROW_BUILD_PARQUET=off -DPYARROW_BUILD_PLASMA=off -DPYARROW_BUILD_S3=off -DPYARROW_BUILD_HDFS=off -DPYARROW_USE_TENSORFLOW=off -DPYARROW_BUNDLE_ARROW_CPP=off -DPYARROW_BUNDLE_BOOST=off -DPYARROW_GENERATE_COVERAGE=off -DPYARROW_BOOST_USE_SHARED=on -DPYARROW_PARQUET_USE_SHARED=on -DCMAKE_BUILD_TYPE=release /tmp/pip-install-bdhf_tmp/pyarrow`\r\n` -- The C compiler identification is GNU 8.3.0`\r\n` -- The CXX compiler identification is GNU 8.3.0`\r\n` -- Detecting C compiler ABI info`\r\n` -- Detecting C compiler ABI info - done`\r\n` -- Check for working C compiler: /usr/bin/cc - skipped`\r\n` -- Detecting C compile features`\r\n` -- Detecting C compile features - done`\r\n` -- Detecting CXX compiler ABI info`\r\n` -- Detecting CXX compiler ABI info - done`\r\n` -- Check for working CXX compiler: /usr/bin/c++ - skipped`\r\n` -- Detecting CXX compile features`\r\n` -- Detecting CXX compile features - done`\r\n` -- System processor: x86_64`\r\n` -- Performing Test CXX_SUPPORTS_SSE4_2`\r\n` -- Performing Test CXX_SUPPORTS_SSE4_2 - Success`\r\n` -- Performing Test CXX_SUPPORTS_AVX2`\r\n` -- Performing Test CXX_SUPPORTS_AVX2 - Success`\r\n` -- Performing Test CXX_SUPPORTS_AVX512`\r\n` -- Performing Test CXX_SUPPORTS_AVX512 - Success`\r\n` -- Arrow build warning level: PRODUCTION`\r\n` Using ld linker`\r\n` Configured for RELEASE build (set with cmake -DCMAKE_BUILD_TYPE=\\{release,debug,...})`\r\n` -- Build Type: RELEASE`\r\n` -- Generator: Unix Makefiles`\r\n` -- Build output directory: /tmp/pip-install-bdhf_tmp/pyarrow/build/temp.linux-x86_64-3.7/release`\r\n` -- Found Python3: /usr/bin/python3 (found version \"3.7.3\") found components: Interpreter Development.Module NumPy`\r\n` -- Found Python3Alt: /usr/bin/python3`\r\n` CMake Warning (dev) at /usr/local/lib/python3.7/dist-packages/cmake/data/share/cmake-3.20/Modules/FindPackageHandleStandardArgs.cmake:438 (message):`\r\n` The package name passed to `find_package_handle_standard_args` (PkgConfig)`\r\n` does not match the name of the calling package (Arrow). This can lead to`\r\n` problems in calling code that expects `find_package` result variables`\r\n` (e.g., `_FOUND`) to follow a certain pattern.`\r\n` Call Stack (most recent call first):`\r\n` /usr/local/lib/python3.7/dist-packages/cmake/data/share/cmake-3.20/Modules/FindPkgConfig.cmake:70 (find_package_handle_standard_args)`\r\n` cmake_modules/FindArrow.cmake:39 (include)`\r\n` cmake_modules/FindArrowPython.cmake:46 (find_package)`\r\n` CMakeLists.txt:218 (find_package)`\r\n` This warning is for project developers. Use -Wno-dev to suppress it.`\r\n \r\n` -- Found PkgConfig: /usr/bin/pkg-config (found version \"0.29\")`\r\n` -- Could NOT find Arrow (missing: Arrow_DIR)`\r\n` -- Checking for module 'arrow'`\r\n` -- No package 'arrow' found`\r\n` CMake Error at /usr/local/lib/python3.7/dist-packages/cmake/data/share/cmake-3.20/Modules/FindPackageHandleStandardArgs.cmake:230 (message):`\r\n` Could NOT find Arrow (missing: ARROW_INCLUDE_DIR ARROW_LIB_DIR`\r\n` ARROW_FULL_SO_VERSION ARROW_SO_VERSION)`\r\n` Call Stack (most recent call first):`\r\n` /usr/local/lib/python3.7/dist-packages/cmake/data/share/cmake-3.20/Modules/FindPackageHandleStandardArgs.cmake:594 (_FPHSA_FAILURE_MESSAGE)`\r\n` cmake_modules/FindArrow.cmake:419 (find_package_handle_standard_args)`\r\n` cmake_modules/FindArrowPython.cmake:46 (find_package)`\r\n` CMakeLists.txt:218 (find_package)`\r\n \r\n \r\n` -- Configuring incomplete, errors occurred!`\r\n` See also \"/tmp/pip-install-bdhf_tmp/pyarrow/build/temp.linux-x86_64-3.7/CMakeFiles/CMakeOutput.log\".`\r\n` error: command 'cmake' failed with exit status 1`\r\n \r\n` ----------------------------------------`\r\n` Failed building wheel for pyarrow`\r\n` Running setup.py clean for pyarrow`\r\n`Failed to build pyarrow`\r\n`Installing collected packages: pyarrow`\r\n` Running setup.py install for pyarrow ... error`\r\n` Complete output from command /usr/bin/python3 -u -c \"import setuptools, tokenize;__file__='/tmp/pip-install-bdhf_tmp/pyarrow/setup.py';f=getattr(tokenize, 'open', open)(__file__);code=f.read().replace('\r\n', '\n');f.close();exec(compile(code, __file__, 'exec'))\" install --record /tmp/pip-record-2w8m2gbe/install-record.txt --single-version-externally-managed --compile:`\r\n` running install`\r\n` running build`\r\n` running build_py`\r\n` creating build`\r\n` creating build/lib.linux-x86_64-3.7`\r\n` creating build/lib.linux-x86_64-3.7/pyarrow`\r\n` copying pyarrow/util.py -> build/lib.linux-x86_64-3.7/pyarrow`\r\n` copying pyarrow/types.py -> build/lib.linux-x86_64-3.7/pyarrow`\r\n` copying pyarrow/serialization.py -> build/lib.linux-x86_64-3.7/pyarrow`\r\n` copying pyarrow/plasma.py -> build/lib.linux-x86_64-3.7/pyarrow`\r\n` copying pyarrow/parquet.py -> build/lib.linux-x86_64-3.7/pyarrow`\r\n` copying pyarrow/pandas_compat.py -> build/lib.linux-x86_64-3.7/pyarrow`\r\n` copying pyarrow/orc.py -> build/lib.linux-x86_64-3.7/pyarrow`\r\n` copying pyarrow/jvm.py -> build/lib.linux-x86_64-3.7/pyarrow`\r\n` copying pyarrow/json.py -> build/lib.linux-x86_64-3.7/pyarrow`\r\n` copying pyarrow/ipc.py -> build/lib.linux-x86_64-3.7/pyarrow`\r\n` copying pyarrow/hdfs.py -> build/lib.linux-x86_64-3.7/pyarrow`\r\n` copying pyarrow/fs.py -> build/lib.linux-x86_64-3.7/pyarrow`\r\n` copying pyarrow/flight.py -> build/lib.linux-x86_64-3.7/pyarrow`\r\n` copying pyarrow/filesystem.py -> build/lib.linux-x86_64-3.7/pyarrow`\r\n` copying pyarrow/feather.py -> build/lib.linux-x86_64-3.7/pyarrow`\r\n` copying pyarrow/dataset.py -> build/lib.linux-x86_64-3.7/pyarrow`\r\n` copying pyarrow/cuda.py -> build/lib.linux-x86_64-3.7/pyarrow`\r\n` copying pyarrow/csv.py -> build/lib.linux-x86_64-3.7/pyarrow`\r\n` copying pyarrow/compute.py -> build/lib.linux-x86_64-3.7/pyarrow`\r\n` copying pyarrow/compat.py -> build/lib.linux-x86_64-3.7/pyarrow`\r\n` copying pyarrow/cffi.py -> build/lib.linux-x86_64-3.7/pyarrow`\r\n` copying pyarrow/benchmark.py -> build/lib.linux-x86_64-3.7/pyarrow`\r\n` copying pyarrow/_generated_version.py -> build/lib.linux-x86_64-3.7/pyarrow`\r\n` copying pyarrow/__init__.py -> build/lib.linux-x86_64-3.7/pyarrow`\r\n` creating build/lib.linux-x86_64-3.7/pyarrow/tests`\r\n` copying pyarrow/tests/util.py -> build/lib.linux-x86_64-3.7/pyarrow/tests`\r\n` copying pyarrow/tests/test_types.py -> build/lib.linux-x86_64-3.7/pyarrow/tests`\r\n` copying pyarrow/tests/test_tensor.py -> build/lib.linux-x86_64-3.7/pyarrow/tests`\r\n` copying pyarrow/tests/test_table.py -> build/lib.linux-x86_64-3.7/pyarrow/tests`\r\n` copying pyarrow/tests/test_strategies.py -> build/lib.linux-x86_64-3.7/pyarrow/tests`\r\n` copying pyarrow/tests/test_sparse_tensor.py -> build/lib.linux-x86_64-3.7/pyarrow/tests`\r\n` copying pyarrow/tests/test_serialization_deprecated.py -> build/lib.linux-x86_64-3.7/pyarrow/tests`\r\n` copying pyarrow/tests/test_serialization.py -> build/lib.linux-x86_64-3.7/pyarrow/tests`\r\n` copying pyarrow/tests/test_schema.py -> build/lib.linux-x86_64-3.7/pyarrow/tests`\r\n` copying pyarrow/tests/test_scalars.py -> build/lib.linux-x86_64-3.7/pyarrow/tests`\r\n` copying pyarrow/tests/test_plasma_tf_op.py -> build/lib.linux-x86_64-3.7/pyarrow/tests`\r\n` copying pyarrow/tests/test_plasma.py -> build/lib.linux-x86_64-3.7/pyarrow/tests`\r\n` copying pyarrow/tests/test_pandas.py -> build/lib.linux-x86_64-3.7/pyarrow/tests`\r\n` copying pyarrow/tests/test_orc.py -> build/lib.linux-x86_64-3.7/pyarrow/tests`\r\n` copying pyarrow/tests/test_misc.py -> build/lib.linux-x86_64-3.7/pyarrow/tests`\r\n` copying pyarrow/tests/test_memory.py -> build/lib.linux-x86_64-3.7/pyarrow/tests`\r\n` copying pyarrow/tests/test_jvm.py -> build/lib.linux-x86_64-3.7/pyarrow/tests`\r\n` copying pyarrow/tests/test_json.py -> build/lib.linux-x86_64-3.7/pyarrow/tests`\r\n` copying pyarrow/tests/test_ipc.py -> build/lib.linux-x86_64-3.7/pyarrow/tests`\r\n` copying pyarrow/tests/test_io.py -> build/lib.linux-x86_64-3.7/pyarrow/tests`\r\n` copying pyarrow/tests/test_hdfs.py -> build/lib.linux-x86_64-3.7/pyarrow/tests`\r\n` copying pyarrow/tests/test_gandiva.py -> build/lib.linux-x86_64-3.7/pyarrow/tests`\r\n` copying pyarrow/tests/test_fs.py -> build/lib.linux-x86_64-3.7/pyarrow/tests`\r\n` copying pyarrow/tests/test_flight.py -> build/lib.linux-x86_64-3.7/pyarrow/tests`\r\n` copying pyarrow/tests/test_filesystem.py -> build/lib.linux-x86_64-3.7/pyarrow/tests`\r\n` copying pyarrow/tests/test_feather.py -> build/lib.linux-x86_64-3.7/pyarrow/tests`\r\n` copying pyarrow/tests/test_extension_type.py -> build/lib.linux-x86_64-3.7/pyarrow/tests`\r\n` copying pyarrow/tests/test_deprecations.py -> build/lib.linux-x86_64-3.7/pyarrow/tests`\r\n` copying pyarrow/tests/test_dataset.py -> build/lib.linux-x86_64-3.7/pyarrow/tests`\r\n` copying pyarrow/tests/test_cython.py -> build/lib.linux-x86_64-3.7/pyarrow/tests`\r\n` copying pyarrow/tests/test_cuda_numba_interop.py -> build/lib.linux-x86_64-3.7/pyarrow/tests`\r\n` copying pyarrow/tests/test_cuda.py -> build/lib.linux-x86_64-3.7/pyarrow/tests`\r\n` copying pyarrow/tests/test_csv.py -> build/lib.linux-x86_64-3.7/pyarrow/tests`\r\n` copying pyarrow/tests/test_convert_builtin.py -> build/lib.linux-x86_64-3.7/pyarrow/tests`\r\n` copying pyarrow/tests/test_compute.py -> build/lib.linux-x86_64-3.7/pyarrow/tests`\r\n` copying pyarrow/tests/test_cffi.py -> build/lib.linux-x86_64-3.7/pyarrow/tests`\r\n` copying pyarrow/tests/test_builder.py -> build/lib.linux-x86_64-3.7/pyarrow/tests`\r\n` copying pyarrow/tests/test_array.py -> build/lib.linux-x86_64-3.7/pyarrow/tests`\r\n` copying pyarrow/tests/test_adhoc_memory_leak.py -> build/lib.linux-x86_64-3.7/pyarrow/tests`\r\n` copying pyarrow/tests/strategies.py -> build/lib.linux-x86_64-3.7/pyarrow/tests`\r\n` copying pyarrow/tests/pandas_threaded_import.py -> build/lib.linux-x86_64-3.7/pyarrow/tests`\r\n` copying pyarrow/tests/pandas_examples.py -> build/lib.linux-x86_64-3.7/pyarrow/tests`\r\n` copying pyarrow/tests/deserialize_buffer.py -> build/lib.linux-x86_64-3.7/pyarrow/tests`\r\n` copying pyarrow/tests/conftest.py -> build/lib.linux-x86_64-3.7/pyarrow/tests`\r\n` copying pyarrow/tests/arrow_7980.py -> build/lib.linux-x86_64-3.7/pyarrow/tests`\r\n` copying pyarrow/tests/__init__.py -> build/lib.linux-x86_64-3.7/pyarrow/tests`\r\n` running egg_info`\r\n` writing pyarrow.egg-info/PKG-INFO`\r\n` writing dependency_links to pyarrow.egg-info/dependency_links.txt`\r\n` writing entry points to pyarrow.egg-info/entry_points.txt`\r\n` writing requirements to pyarrow.egg-info/requires.txt`\r\n` writing top-level names to pyarrow.egg-info/top_level.txt`\r\n` reading manifest file 'pyarrow.egg-info/SOURCES.txt'`\r\n` reading manifest template 'MANIFEST.in'`\r\n` warning: no files found matching '../LICENSE.txt'`\r\n` warning: no files found matching '../NOTICE.txt'`\r\n` warning: no previously-included files matching '*.so' found anywhere in distribution`\r\n` warning: no previously-included files matching '*.pyc' found anywhere in distribution`\r\n` warning: no previously-included files matching '*~' found anywhere in distribution`\r\n` warning: no previously-included files matching '#*' found anywhere in distribution`\r\n` warning: no previously-included files matching '.git*' found anywhere in distribution`\r\n` warning: no previously-included files matching '.DS_Store' found anywhere in distribution`\r\n` no previously-included directories found matching '.asv'`\r\n` writing manifest file 'pyarrow.egg-info/SOURCES.txt'`\r\n` copying pyarrow/__init__.pxd -> build/lib.linux-x86_64-3.7/pyarrow`\r\n` copying pyarrow/_compute.pxd -> build/lib.linux-x86_64-3.7/pyarrow`\r\n` copying pyarrow/_compute.pyx -> build/lib.linux-x86_64-3.7/pyarrow`\r\n` copying pyarrow/_csv.pxd -> build/lib.linux-x86_64-3.7/pyarrow`\r\n` copying pyarrow/_csv.pyx -> build/lib.linux-x86_64-3.7/pyarrow`\r\n` copying pyarrow/_cuda.pxd -> build/lib.linux-x86_64-3.7/pyarrow`\r\n` copying pyarrow/_cuda.pyx -> build/lib.linux-x86_64-3.7/pyarrow`\r\n` copying pyarrow/_dataset.pyx -> build/lib.linux-x86_64-3.7/pyarrow`\r\n` copying pyarrow/_flight.pyx -> build/lib.linux-x86_64-3.7/pyarrow`\r\n` copying pyarrow/_fs.pxd -> build/lib.linux-x86_64-3.7/pyarrow`\r\n` copying pyarrow/_fs.pyx -> build/lib.linux-x86_64-3.7/pyarrow`\r\n` copying pyarrow/_hdfs.pyx -> build/lib.linux-x86_64-3.7/pyarrow`\r\n` copying pyarrow/_json.pyx -> build/lib.linux-x86_64-3.7/pyarrow`\r\n` copying pyarrow/_orc.pxd -> build/lib.linux-x86_64-3.7/pyarrow`\r\n` copying pyarrow/_orc.pyx -> build/lib.linux-x86_64-3.7/pyarrow`\r\n` copying pyarrow/_parquet.pxd -> build/lib.linux-x86_64-3.7/pyarrow`\r\n` copying pyarrow/_parquet.pyx -> build/lib.linux-x86_64-3.7/pyarrow`\r\n` copying pyarrow/_plasma.pyx -> build/lib.linux-x86_64-3.7/pyarrow`\r\n` copying pyarrow/_s3fs.pyx -> build/lib.linux-x86_64-3.7/pyarrow`\r\n` copying pyarrow/array.pxi -> build/lib.linux-x86_64-3.7/pyarrow`\r\n` copying pyarrow/benchmark.pxi -> build/lib.linux-x86_64-3.7/pyarrow`\r\n` copying pyarrow/builder.pxi -> build/lib.linux-x86_64-3.7/pyarrow`\r\n` copying pyarrow/compat.pxi -> build/lib.linux-x86_64-3.7/pyarrow`\r\n` copying pyarrow/config.pxi -> build/lib.linux-x86_64-3.7/pyarrow`\r\n` copying pyarrow/error.pxi -> build/lib.linux-x86_64-3.7/pyarrow`\r\n` copying pyarrow/feather.pxi -> build/lib.linux-x86_64-3.7/pyarrow`\r\n` copying pyarrow/gandiva.pyx -> build/lib.linux-x86_64-3.7/pyarrow`\r\n` copying pyarrow/io-hdfs.pxi -> build/lib.linux-x86_64-3.7/pyarrow`\r\n` copying pyarrow/io.pxi -> build/lib.linux-x86_64-3.7/pyarrow`\r\n` copying pyarrow/ipc.pxi -> build/lib.linux-x86_64-3.7/pyarrow`\r\n` copying pyarrow/lib.pxd -> build/lib.linux-x86_64-3.7/pyarrow`\r\n` copying pyarrow/lib.pyx -> build/lib.linux-x86_64-3.7/pyarrow`\r\n` copying pyarrow/memory.pxi -> build/lib.linux-x86_64-3.7/pyarrow`\r\n` copying pyarrow/pandas-shim.pxi -> build/lib.linux-x86_64-3.7/pyarrow`\r\n` copying pyarrow/public-api.pxi -> build/lib.linux-x86_64-3.7/pyarrow`\r\n` copying pyarrow/scalar.pxi -> build/lib.linux-x86_64-3.7/pyarrow`\r\n` copying pyarrow/serialization.pxi -> build/lib.linux-x86_64-3.7/pyarrow`\r\n` copying pyarrow/table.pxi -> build/lib.linux-x86_64-3.7/pyarrow`\r\n` copying pyarrow/tensor.pxi -> build/lib.linux-x86_64-3.7/pyarrow`\r\n` copying pyarrow/types.pxi -> build/lib.linux-x86_64-3.7/pyarrow`\r\n` creating build/lib.linux-x86_64-3.7/pyarrow/includes`\r\n` copying pyarrow/includes/__init__.pxd -> build/lib.linux-x86_64-3.7/pyarrow/includes`\r\n` copying pyarrow/includes/common.pxd -> build/lib.linux-x86_64-3.7/pyarrow/includes`\r\n` copying pyarrow/includes/libarrow.pxd -> build/lib.linux-x86_64-3.7/pyarrow/includes`\r\n` copying pyarrow/includes/libarrow_cuda.pxd -> build/lib.linux-x86_64-3.7/pyarrow/includes`\r\n` copying pyarrow/includes/libarrow_dataset.pxd -> build/lib.linux-x86_64-3.7/pyarrow/includes`\r\n` copying pyarrow/includes/libarrow_flight.pxd -> build/lib.linux-x86_64-3.7/pyarrow/includes`\r\n` copying pyarrow/includes/libarrow_fs.pxd -> build/lib.linux-x86_64-3.7/pyarrow/includes`\r\n` copying pyarrow/includes/libgandiva.pxd -> build/lib.linux-x86_64-3.7/pyarrow/includes`\r\n` copying pyarrow/includes/libplasma.pxd -> build/lib.linux-x86_64-3.7/pyarrow/includes`\r\n` creating build/lib.linux-x86_64-3.7/pyarrow/tensorflow`\r\n` copying pyarrow/tensorflow/plasma_op.cc -> build/lib.linux-x86_64-3.7/pyarrow/tensorflow`\r\n` creating build/lib.linux-x86_64-3.7/pyarrow/vendored`\r\n` copying pyarrow/vendored/__init__.py -> build/lib.linux-x86_64-3.7/pyarrow/vendored`\r\n` copying pyarrow/vendored/version.py -> build/lib.linux-x86_64-3.7/pyarrow/vendored`\r\n` copying pyarrow/tests/pyarrow_cython_example.pyx -> build/lib.linux-x86_64-3.7/pyarrow/tests`\r\n` creating build/lib.linux-x86_64-3.7/pyarrow/tests/data`\r\n` creating build/lib.linux-x86_64-3.7/pyarrow/tests/data/feather`\r\n` copying pyarrow/tests/data/feather/v0.17.0.version=2-compression=lz4.feather -> build/lib.linux-x86_64-3.7/pyarrow/tests/data/feather`\r\n` creating build/lib.linux-x86_64-3.7/pyarrow/tests/data/orc`\r\n` copying pyarrow/tests/data/orc/README.md -> build/lib.linux-x86_64-3.7/pyarrow/tests/data/orc`\r\n` copying pyarrow/tests/data/orc/TestOrcFile.emptyFile.jsn.gz -> build/lib.linux-x86_64-3.7/pyarrow/tests/data/orc`\r\n` copying pyarrow/tests/data/orc/TestOrcFile.emptyFile.orc -> build/lib.linux-x86_64-3.7/pyarrow/tests/data/orc`\r\n` copying pyarrow/tests/data/orc/TestOrcFile.test1.jsn.gz -> build/lib.linux-x86_64-3.7/pyarrow/tests/data/orc`\r\n` copying pyarrow/tests/data/orc/TestOrcFile.test1.orc -> build/lib.linux-x86_64-3.7/pyarrow/tests/data/orc`\r\n` copying pyarrow/tests/data/orc/TestOrcFile.testDate1900.jsn.gz -> build/lib.linux-x86_64-3.7/pyarrow/tests/data/orc`\r\n` copying pyarrow/tests/data/orc/TestOrcFile.testDate1900.orc -> build/lib.linux-x86_64-3.7/pyarrow/tests/data/orc`\r\n` copying pyarrow/tests/data/orc/decimal.jsn.gz -> build/lib.linux-x86_64-3.7/pyarrow/tests/data/orc`\r\n` copying pyarrow/tests/data/orc/decimal.orc -> build/lib.linux-x86_64-3.7/pyarrow/tests/data/orc`\r\n` creating build/lib.linux-x86_64-3.7/pyarrow/tests/data/parquet`\r\n` copying pyarrow/tests/data/parquet/v0.7.1.all-named-index.parquet -> build/lib.linux-x86_64-3.7/pyarrow/tests/data/parquet`\r\n` copying pyarrow/tests/data/parquet/v0.7.1.column-metadata-handling.parquet -> build/lib.linux-x86_64-3.7/pyarrow/tests/data/parquet`\r\n` copying pyarrow/tests/data/parquet/v0.7.1.parquet -> build/lib.linux-x86_64-3.7/pyarrow/tests/data/parquet`\r\n` copying pyarrow/tests/data/parquet/v0.7.1.some-named-index.parquet -> build/lib.linux-x86_64-3.7/pyarrow/tests/data/parquet`\r\n` creating build/lib.linux-x86_64-3.7/pyarrow/tests/parquet`\r\n` copying pyarrow/tests/parquet/common.py -> build/lib.linux-x86_64-3.7/pyarrow/tests/parquet`\r\n` copying pyarrow/tests/parquet/conftest.py -> build/lib.linux-x86_64-3.7/pyarrow/tests/parquet`\r\n` copying pyarrow/tests/parquet/test_basic.py -> build/lib.linux-x86_64-3.7/pyarrow/tests/parquet`\r\n` copying pyarrow/tests/parquet/test_compliant_nested_type.py -> build/lib.linux-x86_64-3.7/pyarrow/tests/parquet`\r\n` copying pyarrow/tests/parquet/test_data_types.py -> build/lib.linux-x86_64-3.7/pyarrow/tests/parquet`\r\n` copying pyarrow/tests/parquet/test_dataset.py -> build/lib.linux-x86_64-3.7/pyarrow/tests/parquet`\r\n` copying pyarrow/tests/parquet/test_datetime.py -> build/lib.linux-x86_64-3.7/pyarrow/tests/parquet`\r\n` copying pyarrow/tests/parquet/test_metadata.py -> build/lib.linux-x86_64-3.7/pyarrow/tests/parquet`\r\n` copying pyarrow/tests/parquet/test_pandas.py -> build/lib.linux-x86_64-3.7/pyarrow/tests/parquet`\r\n` copying pyarrow/tests/parquet/test_parquet_file.py -> build/lib.linux-x86_64-3.7/pyarrow/tests/parquet`\r\n` copying pyarrow/tests/parquet/test_parquet_writer.py -> build/lib.linux-x86_64-3.7/pyarrow/tests/parquet`\r\n` running build_ext`\r\n` creating /tmp/pip-install-bdhf_tmp/pyarrow/build/temp.linux-x86_64-3.7`\r\n` -- Running cmake for pyarrow`\r\n` cmake -DPYTHON_EXECUTABLE=/usr/bin/python3 -DPython3_EXECUTABLE=/usr/bin/python3 -DPYARROW_BUILD_CUDA=off -DPYARROW_BUILD_FLIGHT=off -DPYARROW_BUILD_GANDIVA=off -DPYARROW_BUILD_DATASET=off -DPYARROW_BUILD_ORC=off -DPYARROW_BUILD_PARQUET=off -DPYARROW_BUILD_PLASMA=off -DPYARROW_BUILD_S3=off -DPYARROW_BUILD_HDFS=off -DPYARROW_USE_TENSORFLOW=off -DPYARROW_BUNDLE_ARROW_CPP=off -DPYARROW_BUNDLE_BOOST=off -DPYARROW_GENERATE_COVERAGE=off -DPYARROW_BOOST_USE_SHARED=on -DPYARROW_PARQUET_USE_SHARED=on -DCMAKE_BUILD_TYPE=release /tmp/pip-install-bdhf_tmp/pyarrow`\r\n` -- The C compiler identification is GNU 8.3.0`\r\n` -- The CXX compiler identification is GNU 8.3.0`\r\n` -- Detecting C compiler ABI info`\r\n` -- Detecting C compiler ABI info - done`\r\n` -- Check for working C compiler: /usr/bin/cc - skipped`\r\n` -- Detecting C compile features`\r\n` -- Detecting C compile features - done`\r\n` -- Detecting CXX compiler ABI info`\r\n` -- Detecting CXX compiler ABI info - done`\r\n` -- Check for working CXX compiler: /usr/bin/c++ - skipped`\r\n` -- Detecting CXX compile features`\r\n` -- Detecting CXX compile features - done`\r\n` -- System processor: x86_64`\r\n` -- Performing Test CXX_SUPPORTS_SSE4_2`\r\n` -- Performing Test CXX_SUPPORTS_SSE4_2 - Success`\r\n` -- Performing Test CXX_SUPPORTS_AVX2`\r\n` -- Performing Test CXX_SUPPORTS_AVX2 - Success`\r\n` -- Performing Test CXX_SUPPORTS_AVX512`\r\n` -- Performing Test CXX_SUPPORTS_AVX512 - Success`\r\n` -- Arrow build warning level: PRODUCTION`\r\n` Using ld linker`\r\n` Configured for RELEASE build (set with cmake -DCMAKE_BUILD_TYPE=\\{release,debug,...})`\r\n` -- Build Type: RELEASE`\r\n` -- Generator: Unix Makefiles`\r\n` -- Build output directory: /tmp/pip-install-bdhf_tmp/pyarrow/build/temp.linux-x86_64-3.7/release`\r\n` -- Found Python3: /usr/bin/python3 (found version \"3.7.3\") found components: Interpreter Development.Module NumPy`\r\n` -- Found Python3Alt: /usr/bin/python3`\r\n` CMake Warning (dev) at /usr/local/lib/python3.7/dist-packages/cmake/data/share/cmake-3.20/Modules/FindPackageHandleStandardArgs.cmake:438 (message):`\r\n` The package name passed to `find_package_handle_standard_args` (PkgConfig)`\r\n` does not match the name of the calling package (Arrow). This can lead to`\r\n` problems in calling code that expects `find_package` result variables`\r\n` (e.g., `_FOUND`) to follow a certain pattern.`\r\n` Call Stack (most recent call first):`\r\n` /usr/local/lib/python3.7/dist-packages/cmake/data/share/cmake-3.20/Modules/FindPkgConfig.cmake:70 (find_package_handle_standard_args)`\r\n` cmake_modules/FindArrow.cmake:39 (include)`\r\n` cmake_modules/FindArrowPython.cmake:46 (find_package)`\r\n` CMakeLists.txt:218 (find_package)`\r\n` This warning is for project developers. Use -Wno-dev to suppress it.`\r\n \r\n` -- Found PkgConfig: /usr/bin/pkg-config (found version \"0.29\")`\r\n` -- Could NOT find Arrow (missing: Arrow_DIR)`\r\n` -- Checking for module 'arrow'`\r\n` -- No package 'arrow' found`\r\n` CMake Error at /usr/local/lib/python3.7/dist-packages/cmake/data/share/cmake-3.20/Modules/FindPackageHandleStandardArgs.cmake:230 (message):`\r\n` Could NOT find Arrow (missing: ARROW_INCLUDE_DIR ARROW_LIB_DIR`\r\n` ARROW_FULL_SO_VERSION ARROW_SO_VERSION)`\r\n` Call Stack (most recent call first):`\r\n` /usr/local/lib/python3.7/dist-packages/cmake/data/share/cmake-3.20/Modules/FindPackageHandleStandardArgs.cmake:594 (_FPHSA_FAILURE_MESSAGE)`\r\n` cmake_modules/FindArrow.cmake:419 (find_package_handle_standard_args)`\r\n` cmake_modules/FindArrowPython.cmake:46 (find_package)`\r\n` CMakeLists.txt:218 (find_package)`\r\n \r\n \r\n` -- Configuring incomplete, errors occurred!`\r\n` See also \"/tmp/pip-install-bdhf_tmp/pyarrow/build/temp.linux-x86_64-3.7/CMakeFiles/CMakeOutput.log\".`\r\n` error: command 'cmake' failed with exit status 1`\r\n \r\n` ----------------------------------------`\r\n`Command \"/usr/bin/python3 -u -c \"import setuptools, tokenize;__file__='/tmp/pip-install-bdhf_tmp/pyarrow/setup.py';f=getattr(tokenize, 'open', open)(__file__);code=f.read().replace('\r\n', '\n');f.close();exec(compile(code, __file__, 'exec'))\" install --record /tmp/pip-record-2w8m2gbe/install-record.txt --single-version-externally-managed --compile\" failed with error code 1 in /tmp/pip-install-bdhf_tmp/pyarrow/`",
        "created_at": "2021-06-02T08:43:12.000Z",
        "updated_at": "2021-12-16T16:38:27.000Z",
        "labels": [
            "Migrated from Jira",
            "Component: Python",
            "Type: bug"
        ],
        "closed": false
    },
    "comments": [
        {
            "created_at": "2021-06-02T23:42:10.068Z",
            "body": "***Note**: [Comment](https://issues.apache.org/jira/browse/ARROW-12934?focusedCommentId=17356047) by Kouhei Sutou (kou):*\nCould you upgrade your pip and try again?"
        },
        {
            "created_at": "2021-06-03T07:45:58.726Z",
            "body": "***Note**: [Comment](https://issues.apache.org/jira/browse/ARROW-12934?focusedCommentId=17356270) by Christian Buhtz (buhtz):*\nThis works. Maybe you could improve your pip-build-script a bit that it check for the correct pip version or give a warning/error message about it?\r\n\r\n`sudo pip3 install -U pip`\r\n`[sudo] Passwort f\u00fcr user: `\r\n`Cache entry deserialization failed, entry ignored`\r\n`Collecting pip`\r\n` Downloading https://files.pythonhosted.org/packages/cd/82/04e9aaf603fdbaecb4323b9e723f13c92c245f6ab2902195c53987848c78/pip-21.1.2-py3-none-any.whl (1.5MB)`\r\n` 100% |\u2588\u2588\u2588\u2588\u2588\u2588\u2588\u2588\u2588\u2588\u2588\u2588\u2588\u2588\u2588\u2588\u2588\u2588\u2588\u2588\u2588\u2588\u2588\u2588\u2588\u2588\u2588\u2588\u2588\u2588\u2588\u2588| 1.6MB 821kB/s `\r\n`Installing collected packages: pip`\r\n` Found existing installation: pip 18.1`\r\n` Not uninstalling pip at /usr/lib/python3/dist-packages, outside environment /usr`\r\n` Can't uninstall 'pip'. No files were found to uninstall.`\r\n`Successfully installed pip-21.1.2`\r\n\r\nI tried again\r\n\r\n`sudo pip3 install -U pyarrow`\r\n`Collecting pyarrow`\r\n` Downloading pyarrow-4.0.1-cp37-cp37m-manylinux2014_x86_64.whl (21.8 MB)`\r\n` |\u2588\u2588\u2588\u2588\u2588\u2588\u2588\u2588\u2588\u2588\u2588\u2588\u2588\u2588\u2588\u2588\u2588\u2588\u2588\u2588\u2588\u2588\u2588\u2588\u2588\u2588\u2588\u2588\u2588\u2588\u2588\u2588| 21.8 MB 2.0 MB/s `\r\n`Requirement already satisfied: numpy>=1.16.6 in /usr/local/lib/python3.7/dist-packages (from pyarrow) (1.20.3)`\r\n`Installing collected packages: pyarrow`\r\n`Successfully installed pyarrow-4.0.1`\r\n\r\n\u00a0\r\n\r\nOK, it works now."
        },
        {
            "created_at": "2021-06-04T00:34:49.915Z",
            "body": "***Note**: [Comment](https://issues.apache.org/jira/browse/ARROW-12934?focusedCommentId=17356986) by Kouhei Sutou (kou):*\nWe dropped support for manylinux1.\r\nAnd pip added support for manylinux2010 since 19.0: https://pip.pypa.io/en/stable/news/#v19-0\r\nAnd Debian GNU/Linux buster ships pip 18.1.\r\npip < 19.0 uses source archive instead of wheel. Pip with source archive is also supported installation.\r\n\r\nDo you have any idea to improve your situation? If you have, could you open a pull request?"
        },
        {
            "created_at": "2021-06-05T15:43:20.271Z",
            "body": "***Note**: [Comment](https://issues.apache.org/jira/browse/ARROW-12934?focusedCommentId=17357897) by Christian Buhtz (buhtz):*\nSorry I am not an expert here. I had to ask Wikipedia to know what \"manylinux\" is.\r\n\r\nIn the news I read about that pip switched from sources to wheel. But I am not deep enough into that topic to know about the konsequences.\r\n\r\nI have no idea what the problem is or how this could be handled in the Debian context. I would suggest to contact the Debian people at their python-mailinglist or open a ticket about the \"python3-pyarrow\" package."
        },
        {
            "created_at": "2021-08-04T09:26:31.795Z",
            "body": "***Note**: [Comment](https://issues.apache.org/jira/browse/ARROW-12934?focusedCommentId=17392912) by Antoine Pitrou (apitrou):*\n`[~jorisvandenbossche]` `[~amol-]` We may want to find a way to warn users from our `setup.py` when pip is trying to install from source by mistake."
        }
    ]
}