{
    "issue": {
        "title": "[C++] Not able to build the project with the latest commit of the master branch",
        "body": "***Note**: This issue was originally created as [ARROW-17881](https://issues.apache.org/jira/browse/ARROW-17881). Please see the [migration documentation](https://gist.github.com/toddfarmer/12aa88361532d21902818a6044fda4c3) for further details.*\n\n### Original Issue Description:\nI am trying to build the arrow C++ project with the latest commit( 9af43f11b) from the master branch using this guide - <https://arrow.apache.org/docs/developers/cpp/building.html> But the build fails with the following error -\r\n```java\n\r\n[ 58%] Linking CXX executable ../../debug/arrow-array-test\r\nUndefined symbols for architecture x86_64:\r\n\u00a0 \"testing::Matcher<std::__1::basic_string_view<char, std::__1::char_traits<char> > const&>::Matcher(char const*)\", referenced from:\r\n\u00a0 \u00a0 \u00a0 testing::Matcher<std::__1::basic_string_view<char, std::__1::char_traits<char> > const&> testing::internal::MatcherCastImpl<std::__1::basic_string_view<char, std::__1::char_traits<char> > const&, char const*>::CastImpl<true>(char const* const&, std::__1::integral_constant<bool, true>, std::__1::integral_constant<bool, true>) in array_test.cc.o\r\n\u00a0 \u00a0 \u00a0 testing::Matcher<std::__1::basic_string_view<char, std::__1::char_traits<char> > const&> testing::internal::MatcherCastImpl<std::__1::basic_string_view<char, std::__1::char_traits<char> > const&, char const*>::CastImpl<true>(char const* const&, std::__1::integral_constant<bool, true>, std::__1::integral_constant<bool, true>) in array_binary_test.cc.o\r\nld: symbol(s) not found for architecture x86_64\r\nclang-14: error: linker command failed with exit code 1 (use -v to see invocation)\r\nmake[2]: *** [src/arrow/CMakeFiles/arrow-array-test.dir/build.make:207: debug/arrow-array-test] Error 1\r\nmake[1]: *** [CMakeFiles/Makefile2:1653: src/arrow/CMakeFiles/arrow-array-test.dir/all] Error 2\r\nmake[1]: *** Waiting for unfinished jobs....\r\n[ 58%] Building CXX object src/arrow/CMakeFiles/arrow-table-test.dir/table_test.cc.o\r\n[ 58%] Building CXX object src/parquet/CMakeFiles/parquet_objlib.dir/types.cc.o\r\n[ 58%] Building CXX object src/arrow/CMakeFiles/arrow-table-test.dir/table_builder_test.cc.o\r\n[ 58%] Building CXX object src/parquet/CMakeFiles/parquet_objlib.dir/level_comparison_avx2.cc.o\r\n[ 58%] Building CXX object src/parquet/CMakeFiles/parquet_objlib.dir/level_conversion_bmi2.cc.o\r\n[ 58%] Building CXX object src/parquet/CMakeFiles/parquet_objlib.dir/encryption/encryption_internal.cc.o\r\n[ 59%] Building CXX object src/parquet/CMakeFiles/parquet_objlib.dir/encryption/crypto_factory.cc.o\r\n[ 60%] Linking CXX executable ../../debug/arrow-table-test\r\n[ 60%] Building CXX object src/parquet/CMakeFiles/parquet_objlib.dir/encryption/file_key_unwrapper.cc.o\r\n[ 60%] Built target arrow-table-test\r\n[ 60%] Building CXX object src/parquet/CMakeFiles/parquet_objlib.dir/encryption/file_key_wrapper.cc.o\r\n[ 60%] Building CXX object src/parquet/CMakeFiles/parquet_objlib.dir/encryption/kms_client.cc.o\r\n[ 60%] Building CXX object src/parquet/CMakeFiles/parquet_objlib.dir/encryption/key_material.cc.o\r\n[ 61%] Building CXX object src/parquet/CMakeFiles/parquet_objlib.dir/encryption/key_metadata.cc.o\r\n[ 61%] Building CXX object src/parquet/CMakeFiles/parquet_objlib.dir/encryption/key_toolkit.cc.o\r\n[ 61%] Building CXX object src/parquet/CMakeFiles/parquet_objlib.dir/encryption/key_toolkit_internal.cc.o\r\n[ 61%] Building CXX object src/parquet/CMakeFiles/parquet_objlib.dir/encryption/local_wrap_kms_client.cc.o\r\n[ 61%] Built target parquet_objlib\r\nmake: *** [Makefile:146: all] Error 2 \n```\r\n\u00a0\r\n\r\nI am compiling this on macOS Monterey Version 12.0.1. and versions of GCC, python and clang are as follows -\r\n```java\n\r\n$ clang --version\r\nclang version 14.0.4\r\nTarget: x86_64-apple-darwin21.1.0\r\nThread model: posix\r\n\r\n$ python --version\r\nPython 3.9.13\r\n\r\n$ gcc --version\r\nConfigured with: --prefix=/Library/Developer/CommandLineTools/usr --with-gxx-include-dir=/Library/Developer/CommandLineTools/SDKs/MacOSX.sdk/usr/include/c++/4.2.1\r\nApple clang version 12.0.5 (clang-1205.0.22.9)\r\nTarget: x86_64-apple-darwin21.1.0\r\nThread model: posix\r\nInstalledDir: /Library/Developer/CommandLineTools/usr/bin \n```\r\n\u00a0\r\n\r\nI see that there were nightly job failures for macOS that were reported in the mailing list - <https://lists.apache.org/thread/rrdwxw1st4vdcf3nh5nqfo16n3ymj90x> I am not sure if this failure is related to the issue I am reporting.",
        "created_at": "2022-09-28T15:17:18.000Z",
        "updated_at": "2022-09-28T15:22:39.000Z",
        "labels": [
            "Migrated from Jira",
            "Component: C++",
            "Type: bug"
        ],
        "closed": false
    },
    "comments": [
        {
            "created_at": "2022-09-28T15:22:39.993Z",
            "body": "***Note**: [Comment](https://issues.apache.org/jira/browse/ARROW-17881?focusedCommentId=17610617) by Antoine Pitrou (apitrou):*\nIf you're using Homebrew, this is because of https://github.com/Homebrew/homebrew-core/issues/111810\r\n\r\nIn any case, I recommend passing `-DGTest_SOURCE=BUNDLED` to CMake so that GTest is built from source in C++17 mode."
        }
    ]
}