{
    "issue": {
        "title": "[R] installation failure on R Studio Server",
        "body": "***Note**: This issue was originally created as [ARROW-17497](https://issues.apache.org/jira/browse/ARROW-17497). Please see the [migration documentation](https://gist.github.com/toddfarmer/12aa88361532d21902818a6044fda4c3) for further details.*\n\n### Original Issue Description:\nHi,\r\n\r\nI try to install arrow on a RStudio Server. I tried different approaches but always ran into the same poblem. Do you have any idea what goes wrong? Thanks.\r\n```java\n\r\n// > Sys.setenv(ARROW_R_DEV=TRUE)\r\n> install.packages(\"arrow\")\r\nInstalliere Paket nach \u2018/home/*/R/x86_64-pc-linux-gnu-library/4.2\u2019\r\n(da \u2018lib\u2019 nicht spezifiziert)\r\nversuche URL 'https://cloud.r-project.org/src/contrib/arrow_9.0.0.tar.gz'\r\nContent type 'application/x-gzip' length 4900968 bytes (4.7 MB)\r\n==================================================\r\ndownloaded 4.7 MB\r\n\r\n* installing *source* package \u2018arrow\u2019 ...\r\n** Paket \u2018arrow\u2019 erfolgreich entpackt und MD5 Summen \u00fcberpr\u00fcft\r\n** using staged installation\r\n*** Found local C++ source: 'tools/cpp'\r\n*** Building libarrow from source\r\n    For build options and troubleshooting, see the install vignette:\r\n    https://cran.r-project.org/web/packages/arrow/vignettes/install.html\r\n*** Building with MAKEFLAGS= -j2 \r\n**** cmake: /usr/bin/cmake\r\n**** arrow with SOURCE_DIR='tools/cpp' BUILD_DIR='/tmp/Rtmp64sUMd/file553b4faa5f21' DEST_DIR='libarrow/arrow-9.0.0' CMAKE='/usr/bin/cmake' EXTRA_CMAKE_FLAGS='' CC='gcc' CXX='g++ -std=gnu++11' LDFLAGS='-Wl,-z,relro' ARROW_S3='OFF' ARROW_GCS='OFF' ARROW_MIMALLOC='OFF' \r\n++ pwd\r\n+ : /tmp/Rtmp1PYvFm/R.INSTALL55147fc8d301/arrow\r\n+ : tools/cpp\r\n+ : /tmp/Rtmp64sUMd/file553b4faa5f21\r\n+ : libarrow/arrow-9.0.0\r\n+ : /usr/bin/cmake\r\n++ cd tools/cpp\r\n++ pwd\r\n+ SOURCE_DIR=/tmp/Rtmp1PYvFm/R.INSTALL55147fc8d301/arrow/tools/cpp\r\n++ mkdir -p libarrow/arrow-9.0.0\r\n++ cd libarrow/arrow-9.0.0\r\n++ pwd\r\n+ DEST_DIR=/tmp/Rtmp1PYvFm/R.INSTALL55147fc8d301/arrow/libarrow/arrow-9.0.0\r\n+ '[' '' '!=' '' ']'\r\n+ '[' '' = false ']'\r\n+ ARROW_DEFAULT_PARAM=OFF\r\n+ mkdir -p /tmp/Rtmp64sUMd/file553b4faa5f21\r\n+ pushd /tmp/Rtmp64sUMd/file553b4faa5f21\r\n/tmp/Rtmp64sUMd/file553b4faa5f21 /tmp/Rtmp1PYvFm/R.INSTALL55147fc8d301/arrow\r\n+ /usr/bin/cmake -DARROW_BOOST_USE_SHARED=OFF -DARROW_BUILD_TESTS=OFF -DARROW_BUILD_SHARED=OFF -DARROW_BUILD_STATIC=ON -DARROW_COMPUTE=ON -DARROW_CSV=ON -DARROW_DATASET=ON -DARROW_DEPENDENCY_SOURCE=AUTO -DAWSSDK_SOURCE= -DARROW_FILESYSTEM=ON -DARROW_GCS=OFF -DARROW_JEMALLOC=OFF -DARROW_MIMALLOC=OFF -DARROW_JSON=ON -DARROW_PARQUET=ON -DARROW_S3=OFF -DARROW_WITH_BROTLI=OFF -DARROW_WITH_BZ2=OFF -DARROW_WITH_LZ4=ON -DARROW_WITH_RE2=ON -DARROW_WITH_SNAPPY=ON -DARROW_WITH_UTF8PROC=ON -DARROW_WITH_ZLIB=OFF -DARROW_WITH_ZSTD=OFF -DARROW_VERBOSE_THIRDPARTY_BUILD=OFF -DCMAKE_BUILD_TYPE=Release -DCMAKE_INSTALL_LIBDIR=lib -DCMAKE_INSTALL_PREFIX=/tmp/Rtmp1PYvFm/R.INSTALL55147fc8d301/arrow/libarrow/arrow-9.0.0 -DCMAKE_EXPORT_NO_PACKAGE_REGISTRY=ON -DCMAKE_FIND_PACKAGE_NO_PACKAGE_REGISTRY=ON -DCMAKE_UNITY_BUILD=OFF -Dxsimd_SOURCE= -G 'Unix Makefiles' /tmp/Rtmp1PYvFm/R.INSTALL55147fc8d301/arrow/tools/cpp\r\n-- Building using CMake version: 3.13.4\r\n-- The C compiler identification is GNU 8.3.0\r\n-- The CXX compiler identification is GNU 8.3.0\r\n-- Check for working C compiler: /usr/bin/gcc\r\n-- Check for working C compiler: /usr/bin/gcc -- works\r\n-- Detecting C compiler ABI info\r\n-- Detecting C compiler ABI info - done\r\n-- Detecting C compile features\r\n-- Detecting C compile features - done\r\n-- Check for working CXX compiler: /usr/bin/g++\r\n-- Check for working CXX compiler: /usr/bin/g++ -- works\r\n-- Detecting CXX compiler ABI info\r\n-- Detecting CXX compiler ABI info - done\r\n-- Detecting CXX compile features\r\n-- Detecting CXX compile features - done\r\n-- Arrow version: 9.0.0 (full: '9.0.0')\r\n-- Arrow SO version: 900 (full: 900.0.0)\r\n-- clang-tidy 12 not found\r\n-- clang-format 12 not found\r\n-- Could NOT find ClangTools (missing: CLANG_FORMAT_BIN CLANG_TIDY_BIN) \r\n-- infer not found\r\nfatal: Kein Git-Repository (oder irgendeines der Elternverzeichnisse): .git\r\n-- Found Python3: /usr/bin/python3.7 (found version \"3.7.3\") found components:  Interpreter \r\n-- Found cpplint executable at /tmp/Rtmp1PYvFm/R.INSTALL55147fc8d301/arrow/tools/cpp/build-support/cpplint.py\r\n-- System processor: x86_64\r\n-- Performing Test CXX_SUPPORTS_SSE4_2\r\n-- Performing Test CXX_SUPPORTS_SSE4_2 - Success\r\n-- Performing Test CXX_SUPPORTS_AVX2\r\n-- Performing Test CXX_SUPPORTS_AVX2 - Success\r\n-- Performing Test CXX_SUPPORTS_AVX512\r\n-- Performing Test CXX_SUPPORTS_AVX512 - Success\r\n-- Arrow build warning level: PRODUCTION\r\n-- Using ld linker\r\n-- Configured for RELEASE build (set with cmake -DCMAKE_BUILD_TYPE={release,debug,...})\r\n-- Build Type: RELEASE\r\n-- Using AUTO approach to find dependencies\r\n-- ARROW_ABSL_BUILD_VERSION: 20211102.0\r\n-- ARROW_ABSL_BUILD_SHA256_CHECKSUM: dcf71b9cba8dc0ca9940c4b316a0c796be8fab42b070bb6b7cab62b48f0e66c4\r\n-- ARROW_AWSSDK_BUILD_VERSION: 1.8.133\r\n-- ARROW_AWSSDK_BUILD_SHA256_CHECKSUM: d6c495bc06be5e21dac716571305d77437e7cfd62a2226b8fe48d9ab5785a8d6\r\n-- ARROW_AWS_CHECKSUMS_BUILD_VERSION: v0.1.12\r\n-- ARROW_AWS_CHECKSUMS_BUILD_SHA256_CHECKSUM: 394723034b81cc7cd528401775bc7aca2b12c7471c92350c80a0e2fb9d2909fe\r\n-- ARROW_AWS_C_COMMON_BUILD_VERSION: v0.6.9\r\n-- ARROW_AWS_C_COMMON_BUILD_SHA256_CHECKSUM: 928a3e36f24d1ee46f9eec360ec5cebfe8b9b8994fe39d4fa74ff51aebb12717\r\n-- ARROW_AWS_C_EVENT_STREAM_BUILD_VERSION: v0.1.5\r\n-- ARROW_AWS_C_EVENT_STREAM_BUILD_SHA256_CHECKSUM: f1b423a487b5d6dca118bfc0d0c6cc596dc476b282258a3228e73a8f730422d4\r\n-- ARROW_BOOST_BUILD_VERSION: 1.75.0\r\n-- ARROW_BOOST_BUILD_SHA256_CHECKSUM: 267e04a7c0bfe85daf796dedc789c3a27a76707e1c968f0a2a87bb96331e2b61\r\n-- ARROW_BROTLI_BUILD_VERSION: v1.0.9\r\n-- ARROW_BROTLI_BUILD_SHA256_CHECKSUM: f9e8d81d0405ba66d181529af42a3354f838c939095ff99930da6aa9cdf6fe46\r\n-- ARROW_BZIP2_BUILD_VERSION: 1.0.8\r\n-- ARROW_BZIP2_BUILD_SHA256_CHECKSUM: ab5a03176ee106d3f0fa90e381da478ddae405918153cca248e682cd0c4a2269\r\n-- ARROW_CARES_BUILD_VERSION: 1.17.2\r\n-- ARROW_CARES_BUILD_SHA256_CHECKSUM: 4803c844ce20ce510ef0eb83f8ea41fa24ecaae9d280c468c582d2bb25b3913d\r\n-- ARROW_CRC32C_BUILD_VERSION: 1.1.2\r\n-- ARROW_CRC32C_BUILD_SHA256_CHECKSUM: ac07840513072b7fcebda6e821068aa04889018f24e10e46181068fb214d7e56\r\n-- ARROW_GBENCHMARK_BUILD_VERSION: v1.6.0\r\n-- ARROW_GBENCHMARK_BUILD_SHA256_CHECKSUM: 1f71c72ce08d2c1310011ea6436b31e39ccab8c2db94186d26657d41747c85d6\r\n-- ARROW_GFLAGS_BUILD_VERSION: v2.2.2\r\n-- ARROW_GFLAGS_BUILD_SHA256_CHECKSUM: 34af2f15cf7367513b352bdcd2493ab14ce43692d2dcd9dfc499492966c64dcf\r\n-- ARROW_GLOG_BUILD_VERSION: v0.5.0\r\n-- ARROW_GLOG_BUILD_SHA256_CHECKSUM: eede71f28371bf39aa69b45de23b329d37214016e2055269b3b5e7cfd40b59f5\r\n-- ARROW_GOOGLE_CLOUD_CPP_BUILD_VERSION: v1.42.0\r\n-- ARROW_GOOGLE_CLOUD_CPP_BUILD_SHA256_CHECKSUM: c06ae9aededbb8aa217a6d2453754daa40b815f9a4004bc4f2d2d215c79828aa\r\n-- ARROW_GRPC_BUILD_VERSION: v1.46.3\r\n-- ARROW_GRPC_BUILD_SHA256_CHECKSUM: d6cbf22cb5007af71b61c6be316a79397469c58c82a942552a62e708bce60964\r\n-- ARROW_GTEST_BUILD_VERSION: 1.11.0\r\n-- ARROW_GTEST_BUILD_SHA256_CHECKSUM: b4870bf121ff7795ba20d20bcdd8627b8e088f2d1dab299a031c1034eddc93d5\r\n-- ARROW_JEMALLOC_BUILD_VERSION: 5.3.0\r\n-- ARROW_JEMALLOC_BUILD_SHA256_CHECKSUM: 2db82d1e7119df3e71b7640219b6dfe84789bc0537983c3b7ac4f7189aecfeaa\r\n-- ARROW_LZ4_BUILD_VERSION: 8f61d8eb7c6979769a484cde8df61ff7c4c77765\r\n-- ARROW_LZ4_BUILD_SHA256_CHECKSUM: 5b072d848f2f93fddb97e1143e22c1bd7fa19fc8431ee69e21758190a88125b4\r\n-- ARROW_MIMALLOC_BUILD_VERSION: v2.0.6\r\n-- ARROW_MIMALLOC_BUILD_SHA256_CHECKSUM: 9f05c94cc2b017ed13698834ac2a3567b6339a8bde27640df5a1581d49d05ce5\r\n-- ARROW_NLOHMANN_JSON_BUILD_VERSION: v3.10.5\r\n-- ARROW_NLOHMANN_JSON_BUILD_SHA256_CHECKSUM: 5daca6ca216495edf89d167f808d1d03c4a4d929cef7da5e10f135ae1540c7e4\r\n-- ARROW_OPENTELEMETRY_BUILD_VERSION: v1.4.1\r\n-- ARROW_OPENTELEMETRY_BUILD_SHA256_CHECKSUM: 301b1ab74a664723560f46c29f228360aff1e2d63e930b963755ea077ae67524\r\n-- ARROW_OPENTELEMETRY_PROTO_BUILD_VERSION: v0.17.0\r\n-- ARROW_OPENTELEMETRY_PROTO_BUILD_SHA256_CHECKSUM: f269fbcb30e17b03caa1decd231ce826e59d7651c0f71c3b28eb5140b4bb5412\r\n-- ARROW_ORC_BUILD_VERSION: 1.7.5\r\n-- ARROW_ORC_BUILD_SHA256_CHECKSUM: b90cae5853e3ea0e5bf64e3883d09d871ec280536e0bb2cc52d08f79f0be0010\r\n-- ARROW_PROTOBUF_BUILD_VERSION: v21.3\r\n-- ARROW_PROTOBUF_BUILD_SHA256_CHECKSUM: 2f723218f6cb709ae4cdc4fb5ed56a5951fc5d466f0128ce4c946b8c78c8c49f\r\n-- ARROW_RAPIDJSON_BUILD_VERSION: 232389d4f1012dddec4ef84861face2d2ba85709\r\n-- ARROW_RAPIDJSON_BUILD_SHA256_CHECKSUM: b9290a9a6d444c8e049bd589ab804e0ccf2b05dc5984a19ed5ae75d090064806\r\n-- ARROW_RE2_BUILD_VERSION: 2022-06-01\r\n-- ARROW_RE2_BUILD_SHA256_CHECKSUM: f89c61410a072e5cbcf8c27e3a778da7d6fd2f2b5b1445cd4f4508bee946ab0f\r\n-- ARROW_SNAPPY_BUILD_VERSION: 1.1.9\r\n-- ARROW_SNAPPY_BUILD_SHA256_CHECKSUM: 75c1fbb3d618dd3a0483bff0e26d0a92b495bbe5059c8b4f1c962b478b6e06e7\r\n-- ARROW_SNAPPY_OLD_BUILD_VERSION: 1.1.8\r\n-- ARROW_SNAPPY_OLD_BUILD_SHA256_CHECKSUM: 16b677f07832a612b0836178db7f374e414f94657c138e6993cbfc5dcc58651f\r\n-- ARROW_SUBSTRAIT_BUILD_VERSION: v0.6.0\r\n-- ARROW_SUBSTRAIT_BUILD_SHA256_CHECKSUM: 7b8583b9684477e9027f417bbfb4febb8acfeb01923dcaa7cf0fd3f921d69c88\r\n-- ARROW_THRIFT_BUILD_VERSION: 0.16.0\r\n-- ARROW_THRIFT_BUILD_SHA256_CHECKSUM: f460b5c1ca30d8918ff95ea3eb6291b3951cf518553566088f3f2be8981f6209\r\n-- ARROW_UCX_BUILD_VERSION: 1.12.1\r\n-- ARROW_UCX_BUILD_SHA256_CHECKSUM: 9bef31aed0e28bf1973d28d74d9ac4f8926c43ca3b7010bd22a084e164e31b71\r\n-- ARROW_UTF8PROC_BUILD_VERSION: v2.7.0\r\n-- ARROW_UTF8PROC_BUILD_SHA256_CHECKSUM: 4bb121e297293c0fd55f08f83afab6d35d48f0af4ecc07523ad8ec99aa2b12a1\r\n-- ARROW_XSIMD_BUILD_VERSION: 8.1.0\r\n-- ARROW_XSIMD_BUILD_SHA256_CHECKSUM: d52551360d37709675237d2a0418e28f70995b5b7cdad7c674626bcfbbf48328\r\n-- ARROW_ZLIB_BUILD_VERSION: 1.2.12\r\n-- ARROW_ZLIB_BUILD_SHA256_CHECKSUM: 91844808532e5ce316b3c010929493c0244f3d37593afd6de04f71821d5136d9\r\n-- ARROW_ZSTD_BUILD_VERSION: v1.5.2\r\n-- ARROW_ZSTD_BUILD_SHA256_CHECKSUM: f7de13462f7a82c29ab865820149e778cbfe01087b3a55b5332707abf9db4a6e\r\n-- Looking for pthread.h\r\n-- Looking for pthread.h - found\r\n-- Looking for pthread_create\r\n-- Looking for pthread_create - not found\r\n-- Check if compiler accepts -pthread\r\n-- Check if compiler accepts -pthread - yes\r\n-- Found Threads: TRUE  \r\n-- Looking for _M_ARM64\r\n-- Looking for _M_ARM64 - not found\r\n-- Looking for __SIZEOF_INT128__\r\n-- Looking for __SIZEOF_INT128__ - found\r\n-- Could NOT find Boost\r\n-- Boost include dir: /tmp/Rtmp64sUMd/file553b4faa5f21/boost_ep-prefix/src/boost_ep\r\nCMake Warning at cmake_modules/FindSnappyAlt.cmake:25 (find_package):\r\n  By not providing \"FindSnappy.cmake\" in CMAKE_MODULE_PATH this project has\r\n  asked CMake to find a package configuration file provided by \"Snappy\", but\r\n  CMake did not find one.\r\n\r\n  Could not find a package configuration file provided by \"Snappy\" with any\r\n  of the following names:\r\n\r\n    SnappyConfig.cmake\r\n    snappy-config.cmake\r\n\r\n  Add the installation prefix of \"Snappy\" to CMAKE_PREFIX_PATH or set\r\n  \"Snappy_DIR\" to a directory containing one of the above files.  If \"Snappy\"\r\n  provides a separate development package or SDK, be sure it has been\r\n  installed.\r\nCall Stack (most recent call first):\r\n  cmake_modules/ThirdpartyToolchain.cmake:257 (find_package)\r\n  cmake_modules/ThirdpartyToolchain.cmake:1137 (resolve_dependency)\r\n  CMakeLists.txt:575 (include)\r\n\r\n\r\n-- Could NOT find SnappyAlt (missing: Snappy_LIB Snappy_INCLUDE_DIR) \r\n-- Building snappy from source\r\n-- Building without OpenSSL support. Minimum OpenSSL version 1.0.2 required.\r\n-- Checking for module 'thrift'\r\n--   No package 'thrift' found\r\n-- Could NOT find Thrift: Found unsuitable version \"\", but required is at least \"0.11.0\" (found THRIFT_LIB-NOTFOUND)\r\n-- Building Apache Thrift from source\r\nCMake Warning at cmake_modules/FindRapidJSONAlt.cmake:25 (find_package):\r\n  By not providing \"FindRapidJSON.cmake\" in CMAKE_MODULE_PATH this project\r\n  has asked CMake to find a package configuration file provided by\r\n  \"RapidJSON\", but CMake did not find one.\r\n\r\n  Could not find a package configuration file provided by \"RapidJSON\"\r\n  (requested version 1.1.0) with any of the following names:\r\n\r\n    RapidJSONConfig.cmake\r\n    rapidjson-config.cmake\r\n\r\n  Add the installation prefix of \"RapidJSON\" to CMAKE_PREFIX_PATH or set\r\n  \"RapidJSON_DIR\" to a directory containing one of the above files.  If\r\n  \"RapidJSON\" provides a separate development package or SDK, be sure it has\r\n  been installed.\r\nCall Stack (most recent call first):\r\n  cmake_modules/ThirdpartyToolchain.cmake:257 (find_package)\r\n  cmake_modules/ThirdpartyToolchain.cmake:2189 (resolve_dependency)\r\n  CMakeLists.txt:575 (include)\r\n\r\n\r\n-- Could NOT find RapidJSONAlt (missing: RAPIDJSON_INCLUDE_DIR) (Required is at least version \"1.1.0\")\r\n-- Building RapidJSON from source\r\nCMake Warning at cmake_modules/ThirdpartyToolchain.cmake:257 (find_package):\r\n  By not providing \"Findxsimd.cmake\" in CMAKE_MODULE_PATH this project has\r\n  asked CMake to find a package configuration file provided by \"xsimd\", but\r\n  CMake did not find one.\r\n\r\n  Could not find a package configuration file provided by \"xsimd\" (requested\r\n  version 8.1.0) with any of the following names:\r\n\r\n    xsimdConfig.cmake\r\n    xsimd-config.cmake\r\n\r\n  Add the installation prefix of \"xsimd\" to CMAKE_PREFIX_PATH or set\r\n  \"xsimd_DIR\" to a directory containing one of the above files.  If \"xsimd\"\r\n  provides a separate development package or SDK, be sure it has been\r\n  installed.\r\nCall Stack (most recent call first):\r\n  cmake_modules/ThirdpartyToolchain.cmake:2246 (resolve_dependency)\r\n  CMakeLists.txt:575 (include)\r\n\r\n\r\n-- Building xsimd from source\r\nCMake Warning at cmake_modules/Findlz4Alt.cmake:25 (find_package):\r\n  By not providing \"Findlz4.cmake\" in CMAKE_MODULE_PATH this project has\r\n  asked CMake to find a package configuration file provided by \"lz4\", but\r\n  CMake did not find one.\r\n\r\n  Could not find a package configuration file provided by \"lz4\" with any of\r\n  the following names:\r\n\r\n    lz4Config.cmake\r\n    lz4-config.cmake\r\n\r\n  Add the installation prefix of \"lz4\" to CMAKE_PREFIX_PATH or set \"lz4_DIR\"\r\n  to a directory containing one of the above files.  If \"lz4\" provides a\r\n  separate development package or SDK, be sure it has been installed.\r\nCall Stack (most recent call first):\r\n  cmake_modules/ThirdpartyToolchain.cmake:257 (find_package)\r\n  cmake_modules/ThirdpartyToolchain.cmake:2354 (resolve_dependency)\r\n  CMakeLists.txt:575 (include)\r\n\r\n\r\n-- Checking for module 'liblz4'\r\n--   No package 'liblz4' found\r\n-- Could NOT find lz4Alt (missing: LZ4_LIB LZ4_INCLUDE_DIR) \r\n-- Building lz4 from source\r\nCMake Warning at cmake_modules/Findre2Alt.cmake:25 (find_package):\r\n  By not providing \"Findre2.cmake\" in CMAKE_MODULE_PATH this project has\r\n  asked CMake to find a package configuration file provided by \"re2\", but\r\n  CMake did not find one.\r\n\r\n  Could not find a package configuration file provided by \"re2\" with any of\r\n  the following names:\r\n\r\n    re2Config.cmake\r\n    re2-config.cmake\r\n\r\n  Add the installation prefix of \"re2\" to CMAKE_PREFIX_PATH or set \"re2_DIR\"\r\n  to a directory containing one of the above files.  If \"re2\" provides a\r\n  separate development package or SDK, be sure it has been installed.\r\nCall Stack (most recent call first):\r\n  cmake_modules/ThirdpartyToolchain.cmake:257 (find_package)\r\n  cmake_modules/ThirdpartyToolchain.cmake:2483 (resolve_dependency)\r\n  CMakeLists.txt:575 (include)\r\n\r\n\r\n-- Checking for module 're2'\r\n--   No package 're2' found\r\n-- Could NOT find re2Alt (missing: RE2_LIB RE2_INCLUDE_DIR) \r\n-- Building RE2 from source\r\n-- Could NOT find utf8proc: Found unsuitable version \"\", but required is at least \"2.2.0\" (found utf8proc_LIB-NOTFOUND)\r\n-- Building utf8proc from source\r\n-- Found hdfs.h at: /tmp/Rtmp1PYvFm/R.INSTALL55147fc8d301/arrow/tools/cpp/thirdparty/hadoop/include/hdfs.h\r\n-- All bundled static libraries: Snappy::snappy-static;thrift::thrift;lz4::lz4;re2::re2;utf8proc::utf8proc\r\n-- CMAKE_C_FLAGS:  -O3 -DNDEBUG  -Wall -fno-semantic-interposition -msse4.2 \r\n-- CMAKE_CXX_FLAGS:  -Wno-noexcept-type  -fdiagnostics-color=always -O3 -DNDEBUG  -Wall -fno-semantic-interposition -msse4.2 \r\n-- Looking for backtrace\r\n-- Looking for backtrace - found\r\n-- backtrace facility detected in default set of libraries\r\n-- Found Backtrace: /usr/include  \r\n-- Creating bundled static library target arrow_bundled_dependencies at /tmp/Rtmp64sUMd/file553b4faa5f21/release/libarrow_bundled_dependencies.a\r\n-- ---------------------------------------------------------------------\r\n-- Arrow version:                                 9.0.0\r\n-- \r\n-- Build configuration summary:\r\n--   Generator: Unix Makefiles\r\n--   Build type: RELEASE\r\n--   Source directory: /tmp/Rtmp1PYvFm/R.INSTALL55147fc8d301/arrow/tools/cpp\r\n--   Install prefix: /tmp/Rtmp1PYvFm/R.INSTALL55147fc8d301/arrow/libarrow/arrow-9.0.0\r\n-- \r\n-- Compile and link options:\r\n-- \r\n--   ARROW_CXXFLAGS=\"\" [default=\"\"]\r\n--       Compiler flags to append when compiling Arrow\r\n--   ARROW_BUILD_STATIC=ON [default=ON]\r\n--       Build static libraries\r\n--   ARROW_BUILD_SHARED=OFF [default=ON]\r\n--       Build shared libraries\r\n--   ARROW_PACKAGE_KIND=\"\" [default=\"\"]\r\n--       Arbitrary string that identifies the kind of package\r\n--       (for informational purposes)\r\n--   ARROW_GIT_ID=\"\" [default=\"\"]\r\n--       The Arrow git commit id (if any)\r\n--   ARROW_GIT_DESCRIPTION=\"\" [default=\"\"]\r\n--       The Arrow git commit description (if any)\r\n--   ARROW_NO_DEPRECATED_API=OFF [default=OFF]\r\n--       Exclude deprecated APIs from build\r\n--   ARROW_POSITION_INDEPENDENT_CODE=ON [default=ON]\r\n--       Whether to create position-independent target\r\n--   ARROW_USE_CCACHE=ON [default=ON]\r\n--       Use ccache when compiling (if available)\r\n--   ARROW_USE_LD_GOLD=OFF [default=OFF]\r\n--       Use ld.gold for linking on Linux (if available)\r\n--   ARROW_USE_PRECOMPILED_HEADERS=OFF [default=OFF]\r\n--       Use precompiled headers when compiling\r\n--   ARROW_SIMD_LEVEL=SSE4_2 [default=NONE|SSE4_2|AVX2|AVX512|NEON|DEFAULT]\r\n--       Compile-time SIMD optimization level\r\n--   ARROW_RUNTIME_SIMD_LEVEL=MAX [default=NONE|SSE4_2|AVX2|AVX512|MAX]\r\n--       Max runtime SIMD optimization level\r\n--   ARROW_ARMV8_ARCH=armv8-a [default=armv8-a|armv8-a+crc+crypto]\r\n--       Arm64 arch and extensions\r\n--   ARROW_ALTIVEC=ON [default=ON]\r\n--       Build with Altivec if compiler has support\r\n--   ARROW_RPATH_ORIGIN=OFF [default=OFF]\r\n--       Build Arrow libraries with RATH set to $ORIGIN\r\n--   ARROW_INSTALL_NAME_RPATH=ON [default=ON]\r\n--       Build Arrow libraries with install_name set to @rpath\r\n--   ARROW_GGDB_DEBUG=ON [default=ON]\r\n--       Pass -ggdb flag to debug builds\r\n-- \r\n-- Test and benchmark options:\r\n-- \r\n--   ARROW_BUILD_EXAMPLES=OFF [default=OFF]\r\n--       Build the Arrow examples\r\n--   ARROW_BUILD_TESTS=OFF [default=OFF]\r\n--       Build the Arrow googletest unit tests\r\n--   ARROW_ENABLE_TIMING_TESTS=ON [default=ON]\r\n--       Enable timing-sensitive tests\r\n--   ARROW_BUILD_INTEGRATION=OFF [default=OFF]\r\n--       Build the Arrow integration test executables\r\n--   ARROW_BUILD_BENCHMARKS=OFF [default=OFF]\r\n--       Build the Arrow micro benchmarks\r\n--   ARROW_BUILD_BENCHMARKS_REFERENCE=OFF [default=OFF]\r\n--       Build the Arrow micro reference benchmarks\r\n--   ARROW_BUILD_OPENMP_BENCHMARKS=OFF [default=OFF]\r\n--       Build the Arrow benchmarks that rely on OpenMP\r\n--   ARROW_BUILD_DETAILED_BENCHMARKS=OFF [default=OFF]\r\n--       Build benchmarks that do a longer exploration of performance\r\n--   ARROW_TEST_LINKAGE=static [default=shared|static]\r\n--       Linkage of Arrow libraries with unit tests executables.\r\n--   ARROW_FUZZING=OFF [default=OFF]\r\n--       Build Arrow Fuzzing executables\r\n--   ARROW_LARGE_MEMORY_TESTS=OFF [default=OFF]\r\n--       Enable unit tests which use large memory\r\n-- \r\n-- Lint options:\r\n-- \r\n--   ARROW_ONLY_LINT=OFF [default=OFF]\r\n--       Only define the lint and check-format targets\r\n--   ARROW_VERBOSE_LINT=OFF [default=OFF]\r\n--       If off, 'quiet' flags will be passed to linting tools\r\n--   ARROW_GENERATE_COVERAGE=OFF [default=OFF]\r\n--       Build with C++ code coverage enabled\r\n-- \r\n-- Checks options:\r\n-- \r\n--   ARROW_TEST_MEMCHECK=OFF [default=OFF]\r\n--       Run the test suite using valgrind --tool=memcheck\r\n--   ARROW_USE_ASAN=OFF [default=OFF]\r\n--       Enable Address Sanitizer checks\r\n--   ARROW_USE_TSAN=OFF [default=OFF]\r\n--       Enable Thread Sanitizer checks\r\n--   ARROW_USE_UBSAN=OFF [default=OFF]\r\n--       Enable Undefined Behavior sanitizer checks\r\n-- \r\n-- Project component options:\r\n-- \r\n--   ARROW_BUILD_UTILITIES=OFF [default=OFF]\r\n--       Build Arrow commandline utilities\r\n--   ARROW_COMPUTE=ON [default=OFF]\r\n--       Build the Arrow Compute Modules\r\n--   ARROW_CSV=ON [default=OFF]\r\n--       Build the Arrow CSV Parser Module\r\n--   ARROW_CUDA=OFF [default=OFF]\r\n--       Build the Arrow CUDA extensions (requires CUDA toolkit)\r\n--   ARROW_DATASET=ON [default=OFF]\r\n--       Build the Arrow Dataset Modules\r\n--   ARROW_SUBSTRAIT=OFF [default=OFF]\r\n--       Build the Arrow Substrait Consumer Module\r\n--   ARROW_FILESYSTEM=ON [default=OFF]\r\n--       Build the Arrow Filesystem Layer\r\n--   ARROW_FLIGHT=OFF [default=OFF]\r\n--       Build the Arrow Flight RPC System (requires GRPC, Protocol Buffers)\r\n--   ARROW_FLIGHT_SQL=OFF [default=OFF]\r\n--       Build the Arrow Flight SQL extension\r\n--   ARROW_GANDIVA=OFF [default=OFF]\r\n--       Build the Gandiva libraries\r\n--   ARROW_GCS=OFF [default=OFF]\r\n--       Build Arrow with GCS support (requires the GCloud SDK for C++)\r\n--   ARROW_HDFS=OFF [default=OFF]\r\n--       Build the Arrow HDFS bridge\r\n--   ARROW_IPC=ON [default=ON]\r\n--       Build the Arrow IPC extensions\r\n--   ARROW_JEMALLOC=OFF [default=ON]\r\n--       Build the Arrow jemalloc-based allocator\r\n--   ARROW_JNI=OFF [default=OFF]\r\n--       Build the Arrow JNI lib\r\n--   ARROW_JSON=ON [default=OFF]\r\n--       Build Arrow with JSON support (requires RapidJSON)\r\n--   ARROW_MIMALLOC=OFF [default=OFF]\r\n--       Build the Arrow mimalloc-based allocator\r\n--   ARROW_PARQUET=ON [default=OFF]\r\n--       Build the Parquet libraries\r\n--   ARROW_ORC=OFF [default=OFF]\r\n--       Build the Arrow ORC adapter\r\n--   ARROW_PLASMA=OFF [default=OFF]\r\n--       Build the plasma object store along with Arrow\r\n--   ARROW_PLASMA_JAVA_CLIENT=OFF [default=OFF]\r\n--       Build the plasma object store java client\r\n--   ARROW_PYTHON=OFF [default=OFF]\r\n--       Build the Arrow CPython extensions\r\n--   ARROW_S3=OFF [default=OFF]\r\n--       Build Arrow with S3 support (requires the AWS SDK for C++)\r\n--   ARROW_SKYHOOK=OFF [default=OFF]\r\n--       Build the Skyhook libraries\r\n--   ARROW_TENSORFLOW=OFF [default=OFF]\r\n--       Build Arrow with TensorFlow support enabled\r\n--   ARROW_TESTING=OFF [default=OFF]\r\n--       Build the Arrow testing libraries\r\n-- \r\n-- Thirdparty toolchain options:\r\n-- \r\n--   ARROW_DEPENDENCY_SOURCE=AUTO [default=AUTO|BUNDLED|SYSTEM|CONDA|VCPKG|BREW]\r\n--       Method to use for acquiring arrow's build dependencies\r\n--   ARROW_VERBOSE_THIRDPARTY_BUILD=OFF [default=OFF]\r\n--       Show output from ExternalProjects rather than just logging to files\r\n--   ARROW_DEPENDENCY_USE_SHARED=ON [default=ON]\r\n--       Link to shared libraries\r\n--   ARROW_BOOST_USE_SHARED=OFF [default=ON]\r\n--       Rely on Boost shared libraries where relevant\r\n--   ARROW_BROTLI_USE_SHARED=ON [default=ON]\r\n--       Rely on Brotli shared libraries where relevant\r\n--   ARROW_BZ2_USE_SHARED=ON [default=ON]\r\n--       Rely on Bz2 shared libraries where relevant\r\n--   ARROW_GFLAGS_USE_SHARED=ON [default=ON]\r\n--       Rely on GFlags shared libraries where relevant\r\n--   ARROW_GRPC_USE_SHARED=ON [default=ON]\r\n--       Rely on gRPC shared libraries where relevant\r\n--   ARROW_JEMALLOC_USE_SHARED=ON [default=ON]\r\n--       Rely on jemalloc shared libraries where relevant\r\n--   ARROW_LZ4_USE_SHARED=ON [default=ON]\r\n--       Rely on lz4 shared libraries where relevant\r\n--   ARROW_OPENSSL_USE_SHARED=ON [default=ON]\r\n--       Rely on OpenSSL shared libraries where relevant\r\n--   ARROW_PROTOBUF_USE_SHARED=ON [default=ON]\r\n--       Rely on Protocol Buffers shared libraries where relevant\r\n--   ARROW_SNAPPY_USE_SHARED=ON [default=ON]\r\n--       Rely on snappy shared libraries where relevant\r\n--   ARROW_THRIFT_USE_SHARED=ON [default=ON]\r\n--       Rely on thrift shared libraries where relevant\r\n--   ARROW_UTF8PROC_USE_SHARED=ON [default=ON]\r\n--       Rely on utf8proc shared libraries where relevant\r\n--   ARROW_ZSTD_USE_SHARED=ON [default=ON]\r\n--       Rely on zstd shared libraries where relevant\r\n--   ARROW_USE_GLOG=OFF [default=OFF]\r\n--       Build libraries with glog support for pluggable logging\r\n--   ARROW_WITH_BACKTRACE=ON [default=ON]\r\n--       Build with backtrace support\r\n--   ARROW_WITH_OPENTELEMETRY=OFF [default=OFF]\r\n--       Build libraries with OpenTelemetry support for distributed tracing\r\n--   ARROW_WITH_BROTLI=OFF [default=OFF]\r\n--       Build with Brotli compression\r\n--   ARROW_WITH_BZ2=OFF [default=OFF]\r\n--       Build with BZ2 compression\r\n--   ARROW_WITH_LZ4=ON [default=OFF]\r\n--       Build with lz4 compression\r\n--   ARROW_WITH_SNAPPY=ON [default=OFF]\r\n--       Build with Snappy compression\r\n--   ARROW_WITH_ZLIB=OFF [default=OFF]\r\n--       Build with zlib compression\r\n--   ARROW_WITH_ZSTD=OFF [default=OFF]\r\n--       Build with zstd compression\r\n--   ARROW_WITH_UCX=OFF [default=OFF]\r\n--       Build with UCX transport for Arrow Flight\r\n--       (only used if ARROW_FLIGHT is ON)\r\n--   ARROW_WITH_UTF8PROC=ON [default=ON]\r\n--       Build with support for Unicode properties using the utf8proc library\r\n--       (only used if ARROW_COMPUTE is ON or ARROW_GANDIVA is ON)\r\n--   ARROW_WITH_RE2=ON [default=ON]\r\n--       Build with support for regular expressions using the re2 library\r\n--       (only used if ARROW_COMPUTE or ARROW_GANDIVA is ON)\r\n-- \r\n-- Parquet options:\r\n-- \r\n--   PARQUET_MINIMAL_DEPENDENCY=OFF [default=OFF]\r\n--       Depend only on Thirdparty headers to build libparquet.\r\n--       Always OFF if building binaries\r\n--   PARQUET_BUILD_EXECUTABLES=OFF [default=OFF]\r\n--       Build the Parquet executable CLI tools. Requires static libraries to be built.\r\n--   PARQUET_BUILD_EXAMPLES=OFF [default=OFF]\r\n--       Build the Parquet examples. Requires static libraries to be built.\r\n--   PARQUET_REQUIRE_ENCRYPTION=OFF [default=OFF]\r\n--       Build support for encryption. Fail if OpenSSL is not found\r\n-- \r\n-- Gandiva options:\r\n-- \r\n--   ARROW_GANDIVA_JAVA=OFF [default=OFF]\r\n--       Build the Gandiva JNI wrappers\r\n--   ARROW_GANDIVA_STATIC_LIBSTDCPP=OFF [default=OFF]\r\n--       Include -static-libstdc++ -static-libgcc when linking with\r\n--       Gandiva static libraries\r\n--   ARROW_GANDIVA_PC_CXX_FLAGS=\"\" [default=\"\"]\r\n--       Compiler flags to append when pre-compiling Gandiva operations\r\n-- \r\n-- Advanced developer options:\r\n-- \r\n--   ARROW_EXTRA_ERROR_CONTEXT=OFF [default=OFF]\r\n--       Compile with extra error context (line numbers, code)\r\n--   ARROW_OPTIONAL_INSTALL=OFF [default=OFF]\r\n--       If enabled install ONLY targets that have already been built. Please be\r\n--       advised that if this is enabled 'install' will fail silently on components\r\n--       that have not been built\r\n--   Outputting build configuration summary to /tmp/Rtmp64sUMd/file553b4faa5f21/cmake_summary.json\r\n-- Configuring done\r\n-- Generating done\r\n-- Build files have been written to: /tmp/Rtmp64sUMd/file553b4faa5f21\r\n+ /usr/bin/cmake --build . --target install\r\nScanning dependencies of target snappy_ep\r\nScanning dependencies of target utf8proc_ep\r\n[  0%] Creating directories for 'snappy_ep'\r\n[  1%] Creating directories for 'utf8proc_ep'\r\n[  1%] Performing download step (download, verify and extract) for 'snappy_ep'\r\n[  1%] Performing download step (download, verify and extract) for 'utf8proc_ep'\r\n-- utf8proc_ep download command succeeded.  See also /tmp/Rtmp64sUMd/file553b4faa5f21/utf8proc_ep-prefix/src/utf8proc_ep-stamp/utf8proc_ep-download-*.log\r\n[  2%] No patch step for 'utf8proc_ep'\r\n[  2%] No update step for 'utf8proc_ep'\r\n[  2%] Performing configure step for 'utf8proc_ep'\r\n-- snappy_ep download command succeeded.  See also /tmp/Rtmp64sUMd/file553b4faa5f21/snappy_ep-prefix/src/snappy_ep-stamp/snappy_ep-download-*.log\r\n[  2%] No patch step for 'snappy_ep'\r\n[  3%] No update step for 'snappy_ep'\r\n[  3%] Performing configure step for 'snappy_ep'\r\n-- utf8proc_ep configure command succeeded.  See also /tmp/Rtmp64sUMd/file553b4faa5f21/utf8proc_ep-prefix/src/utf8proc_ep-stamp/utf8proc_ep-configure-*.log\r\n[  3%] Performing build step for 'utf8proc_ep'\r\n-- utf8proc_ep build command succeeded.  See also /tmp/Rtmp64sUMd/file553b4faa5f21/utf8proc_ep-prefix/src/utf8proc_ep-stamp/utf8proc_ep-build-*.log\r\n[  3%] Performing install step for 'utf8proc_ep'\r\n-- utf8proc_ep install command succeeded.  See also /tmp/Rtmp64sUMd/file553b4faa5f21/utf8proc_ep-prefix/src/utf8proc_ep-stamp/utf8proc_ep-install-*.log\r\n[  3%] Completed 'utf8proc_ep'\r\n[  3%] Built target utf8proc_ep\r\nScanning dependencies of target boost_ep\r\n[  3%] Creating directories for 'boost_ep'\r\n[  3%] Performing download step (download, verify and extract) for 'boost_ep'\r\n-- snappy_ep configure command succeeded.  See also /tmp/Rtmp64sUMd/file553b4faa5f21/snappy_ep-prefix/src/snappy_ep-stamp/snappy_ep-configure-*.log\r\n[  4%] Performing build step for 'snappy_ep'\r\n-- snappy_ep build command succeeded.  See also /tmp/Rtmp64sUMd/file553b4faa5f21/snappy_ep-prefix/src/snappy_ep-stamp/snappy_ep-build-*.log\r\n[  4%] Performing install step for 'snappy_ep'\r\n-- snappy_ep install command succeeded.  See also /tmp/Rtmp64sUMd/file553b4faa5f21/snappy_ep-prefix/src/snappy_ep-stamp/snappy_ep-install-*.log\r\n[  5%] Completed 'snappy_ep'\r\n[  5%] Built target snappy_ep\r\nScanning dependencies of target rapidjson_ep\r\n[  6%] Creating directories for 'rapidjson_ep'\r\n[  6%] Performing download step (download, verify and extract) for 'rapidjson_ep'\r\n-- rapidjson_ep download command succeeded.  See also /tmp/Rtmp64sUMd/file553b4faa5f21/src/rapidjson_ep-stamp/rapidjson_ep-download-*.log\r\n[  6%] No patch step for 'rapidjson_ep'\r\n[  6%] No update step for 'rapidjson_ep'\r\n[  7%] Performing configure step for 'rapidjson_ep'\r\n-- rapidjson_ep configure command succeeded.  See also /tmp/Rtmp64sUMd/file553b4faa5f21/src/rapidjson_ep-stamp/rapidjson_ep-configure-*.log\r\n[  7%] Performing build step for 'rapidjson_ep'\r\n-- rapidjson_ep build command succeeded.  See also /tmp/Rtmp64sUMd/file553b4faa5f21/src/rapidjson_ep-stamp/rapidjson_ep-build-*.log\r\n[  7%] Performing install step for 'rapidjson_ep'\r\n-- rapidjson_ep install command succeeded.  See also /tmp/Rtmp64sUMd/file553b4faa5f21/src/rapidjson_ep-stamp/rapidjson_ep-install-*.log\r\n[  7%] Completed 'rapidjson_ep'\r\n[  7%] Built target rapidjson_ep\r\nScanning dependencies of target lz4_ep\r\n[  7%] Creating directories for 'lz4_ep'\r\n[  7%] Performing download step (download, verify and extract) for 'lz4_ep'\r\n-- lz4_ep download command succeeded.  See also /tmp/Rtmp64sUMd/file553b4faa5f21/lz4_ep-prefix/src/lz4_ep-stamp/lz4_ep-download-*.log\r\n[  7%] No patch step for 'lz4_ep'\r\n[  8%] Performing update step for 'lz4_ep'\r\n[  8%] No configure step for 'lz4_ep'\r\n[  9%] Performing build step for 'lz4_ep'\r\n-- lz4_ep build command succeeded.  See also /tmp/Rtmp64sUMd/file553b4faa5f21/lz4_ep-prefix/src/lz4_ep-stamp/lz4_ep-build-*.log\r\n[  9%] No install step for 'lz4_ep'\r\n[ 10%] Completed 'lz4_ep'\r\n[ 10%] Built target lz4_ep\r\nScanning dependencies of target xsimd_ep\r\n[ 10%] Creating directories for 'xsimd_ep'\r\n[ 10%] Performing download step (download, verify and extract) for 'xsimd_ep'\r\n-- xsimd_ep download command succeeded.  See also /tmp/Rtmp64sUMd/file553b4faa5f21/src/xsimd_ep-stamp/xsimd_ep-download-*.log\r\n[ 10%] No patch step for 'xsimd_ep'\r\n[ 11%] No update step for 'xsimd_ep'\r\n[ 11%] Performing configure step for 'xsimd_ep'\r\n-- xsimd_ep configure command succeeded.  See also /tmp/Rtmp64sUMd/file553b4faa5f21/src/xsimd_ep-stamp/xsimd_ep-configure-*.log\r\n[ 12%] Performing build step for 'xsimd_ep'\r\n-- xsimd_ep build command succeeded.  See also /tmp/Rtmp64sUMd/file553b4faa5f21/src/xsimd_ep-stamp/xsimd_ep-build-*.log\r\n[ 13%] Performing install step for 'xsimd_ep'\r\n-- xsimd_ep install command succeeded.  See also /tmp/Rtmp64sUMd/file553b4faa5f21/src/xsimd_ep-stamp/xsimd_ep-install-*.log\r\n[ 13%] Completed 'xsimd_ep'\r\n[ 13%] Built target xsimd_ep\r\nScanning dependencies of target re2_ep\r\n[ 13%] Creating directories for 're2_ep'\r\n[ 13%] Performing download step (download, verify and extract) for 're2_ep'\r\n-- re2_ep download command succeeded.  See also /tmp/Rtmp64sUMd/file553b4faa5f21/re2_ep-prefix/src/re2_ep-stamp/re2_ep-download-*.log\r\n[ 14%] No patch step for 're2_ep'\r\n[ 14%] No update step for 're2_ep'\r\n[ 14%] Performing configure step for 're2_ep'\r\n-- re2_ep configure command succeeded.  See also /tmp/Rtmp64sUMd/file553b4faa5f21/re2_ep-prefix/src/re2_ep-stamp/re2_ep-configure-*.log\r\n[ 14%] Performing build step for 're2_ep'\r\n-- re2_ep build command succeeded.  See also /tmp/Rtmp64sUMd/file553b4faa5f21/re2_ep-prefix/src/re2_ep-stamp/re2_ep-build-*.log\r\n[ 15%] Performing install step for 're2_ep'\r\n-- re2_ep install command succeeded.  See also /tmp/Rtmp64sUMd/file553b4faa5f21/re2_ep-prefix/src/re2_ep-stamp/re2_ep-install-*.log\r\n[ 15%] Completed 're2_ep'\r\n[ 15%] Built target re2_ep\r\nCMake Error at boost_ep-stamp/boost_ep-download-RELEASE.cmake:16 (message):\r\n  Command failed: 1\r\n\r\n   '/usr/bin/cmake' '-Dmake=' '-Dconfig=' '-P' '/tmp/Rtmp64sUMd/file553b4faa5f21/boost_ep-prefix/src/boost_ep-stamp/boost_ep-download-RELEASE-impl.cmake'\r\n\r\n  See also\r\n\r\n    /tmp/Rtmp64sUMd/file553b4faa5f21/boost_ep-prefix/src/boost_ep-stamp/boost_ep-download-*.log\r\n\r\n\r\nmake[2]: *** [CMakeFiles/boost_ep.dir/build.make:90: boost_ep-prefix/src/boost_ep-stamp/boost_ep-download] Fehler 1\r\nmake[1]: *** [CMakeFiles/Makefile2:511: CMakeFiles/boost_ep.dir/all] Fehler 2\r\nmake: *** [Makefile:141: all] Fehler 2\r\n**** Error building Arrow C++.  \r\n------------------------- NOTE ---------------------------\r\nThere was an issue preparing the Arrow C++ libraries.\r\nSee https://arrow.apache.org/docs/r/articles/install.html\r\n---------------------------------------------------------\r\nERROR: configuration failed for package \u2018arrow\u2019\r\n* removing \u2018/home/*/R/x86_64-pc-linux-gnu-library/4.2/arrow\u2019\r\nWarning in install.packages :\r\n  Installation des Pakets \u2018arrow\u2019 hatte Exit-Status ungleich 0\r\n\r\nDie heruntergeladenen Quellpakete sind in \r\n\t\u2018/tmp/RtmpX7jQfI/downloaded_packages\u2019 \n```",
        "created_at": "2022-08-22T14:43:40.000Z",
        "updated_at": "2022-08-30T15:39:44.000Z",
        "labels": [
            "Migrated from Jira",
            "Type: bug"
        ],
        "closed": false
    },
    "comments": [
        {
            "created_at": "2022-08-30T13:42:52.864Z",
            "body": "***Note**: [Comment](https://issues.apache.org/jira/browse/ARROW-17497?focusedCommentId=17597879) by Nicola Crane (thisisnic):*\nHi [~p.r], thanks for reporting this.  From the error message above, it looks like there was a failure to download an external library needed - Boost.  Above, there's a reference to the file `/tmp/Rtmp64sUMd/file553b4faa5f21/boost_ep-prefix/src/boost_ep-stamp/boost_ep-download-*.log` which should contain more information - I don't suppose you'd be able to try again and send us the contents of that file?\r\n\r\nAlso, out of interest, what OS are you on?\r\n\r\nAlternatively...\r\n\r\nThis current installation above is trying to build libarrow (i.e. the Arrow C++ library) from source.  If you set the environment variable `LIBARROW_BINARY` to `TRUE`, it'll instead download a precompiled binary of libarrow (depending on your OS, but there are binaries for the vast majority of cases), which would avoid even having to worry about Boost."
        },
        {
            "created_at": "2022-08-30T15:25:16.355Z",
            "body": "***Note**: [Comment](https://issues.apache.org/jira/browse/ARROW-17497?focusedCommentId=17597938) by Philipp (p.r):*\nHi `[~thisisnic]`,\r\n\r\nthank you for your reply. My OS is Debian GNU/Linux 10 (buster).\r\n\r\nFollowing your suggestion, I tried to download the precompiled binary of libarrow. Is seems like there is no binary for my OS, see below. I will post the log files in as separate comment.\r\n```java\n\r\n// > Sys.getenv(\"LIBARROW_BINARY\")\r\n[1] \"TRUE\"\r\n> install.packages(\"arrow\")\r\nInstalliere Paket nach \u2018/home/*/R/x86_64-pc-linux-gnu-library/4.2\u2019\r\n(da \u2018lib\u2019 nicht spezifiziert)\r\nversuche URL 'https://cloud.r-project.org/src/contrib/arrow_9.0.0.tar.gz'\r\nContent type 'application/x-gzip' length 4900968 bytes (4.7 MB)\r\n==================================================\r\ndownloaded 4.7 MB\r\n\r\n* installing *source* package \u2018arrow\u2019 ...\r\n** Paket \u2018arrow\u2019 erfolgreich entpackt und MD5 Summen \u00fcberpr\u00fcft\r\n** using staged installation\r\n*** Found libcurl and openssl >= 1.0.2\r\nversuche URL 'https://apache.jfrog.io/artifactory/arrow/r/9.0.0/libarrow/bin/ubuntu-18.04/arrow-9.0.0.zip'\r\nError in download.file(from_url, to_file, quiet = hush) : \r\n  kann URL 'https://apache.jfrog.io/artifactory/arrow/r/9.0.0/libarrow/bin/ubuntu-18.04/arrow-9.0.0.zip' nicht \u00f6ffnen\r\n*** No libarrow binary found for version 9.0.0 (ubuntu-18.04)\r\n*** Found local C++ source: 'tools/cpp'\r\n*** Building libarrow from source\r\n    For build options and troubleshooting, see the install vignette:\r\n    https://cran.r-project.org/web/packages/arrow/vignettes/install.html\r\n*** Building with MAKEFLAGS= -j2 \r\n**** cmake: /usr/bin/cmake\r\n**** arrow with SOURCE_DIR='tools/cpp' BUILD_DIR='/home/*/private-fs04/R/sd-008_auto_tz_prod/log' DEST_DIR='libarrow/arrow-9.0.0' CMAKE='/usr/bin/cmake' EXTRA_CMAKE_FLAGS='' CC='gcc' CXX='g++ -std=gnu++11' LDFLAGS='-Wl,-z,relro' ARROW_S3='OFF' ARROW_GCS='OFF' ARROW_MIMALLOC='OFF' \r\n++ pwd\r\n+ : /tmp/RtmpUwyJJQ/R.INSTALL6f55305b382c/arrow\r\n+ : tools/cpp\r\n+ : /home/*/private-fs04/R/sd-008_auto_tz_prod/log\r\n+ : libarrow/arrow-9.0.0\r\n+ : /usr/bin/cmake\r\n++ cd tools/cpp\r\n++ pwd\r\n+ SOURCE_DIR=/tmp/RtmpUwyJJQ/R.INSTALL6f55305b382c/arrow/tools/cpp\r\n++ mkdir -p libarrow/arrow-9.0.0\r\n++ cd libarrow/arrow-9.0.0\r\n++ pwd\r\n+ DEST_DIR=/tmp/RtmpUwyJJQ/R.INSTALL6f55305b382c/arrow/libarrow/arrow-9.0.0\r\n+ '[' '' '!=' '' ']'\r\n+ '[' '' = false ']'\r\n+ ARROW_DEFAULT_PARAM=OFF\r\n+ mkdir -p /home/*/private-fs04/R/sd-008_auto_tz_prod/log\r\n+ pushd /home/*/private-fs04/R/sd-008_auto_tz_prod/log\r\n~/private-fs04/R/sd-008_auto_tz_prod/log /tmp/RtmpUwyJJQ/R.INSTALL6f55305b382c/arrow\r\n+ /usr/bin/cmake -DARROW_BOOST_USE_SHARED=OFF -DARROW_BUILD_TESTS=OFF -DARROW_BUILD_SHARED=OFF -DARROW_BUILD_STATIC=ON -DARROW_COMPUTE=ON -DARROW_CSV=ON -DARROW_DATASET=ON -DARROW_DEPENDENCY_SOURCE=AUTO -DAWSSDK_SOURCE= -DARROW_FILESYSTEM=ON -DARROW_GCS=OFF -DARROW_JEMALLOC=OFF -DARROW_MIMALLOC=OFF -DARROW_JSON=ON -DARROW_PARQUET=ON -DARROW_S3=OFF -DARROW_WITH_BROTLI=OFF -DARROW_WITH_BZ2=OFF -DARROW_WITH_LZ4=ON -DARROW_WITH_RE2=ON -DARROW_WITH_SNAPPY=ON -DARROW_WITH_UTF8PROC=ON -DARROW_WITH_ZLIB=OFF -DARROW_WITH_ZSTD=OFF -DARROW_VERBOSE_THIRDPARTY_BUILD=OFF -DCMAKE_BUILD_TYPE=Release -DCMAKE_INSTALL_LIBDIR=lib -DCMAKE_INSTALL_PREFIX=/tmp/RtmpUwyJJQ/R.INSTALL6f55305b382c/arrow/libarrow/arrow-9.0.0 -DCMAKE_EXPORT_NO_PACKAGE_REGISTRY=ON -DCMAKE_FIND_PACKAGE_NO_PACKAGE_REGISTRY=ON -DCMAKE_UNITY_BUILD=OFF -Dxsimd_SOURCE= -G 'Unix Makefiles' /tmp/RtmpUwyJJQ/R.INSTALL6f55305b382c/arrow/tools/cpp\r\nCMake Error: The source \"/tmp/RtmpUwyJJQ/R.INSTALL6f55305b382c/arrow/tools/cpp/CMakeLists.txt\" does not match the source \"/tmp/RtmpAw7akN/R.INSTALL66f76729afb8/arrow/tools/cpp/CMakeLists.txt\" used to generate cache.  Re-run cmake with a different source directory.\r\n**** Error building Arrow C++.  \r\n------------------------- NOTE ---------------------------\r\nThere was an issue preparing the Arrow C++ libraries.\r\nSee https://arrow.apache.org/docs/r/articles/install.html\r\n---------------------------------------------------------\r\nERROR: configuration failed for package \u2018arrow\u2019\r\n* removing \u2018/home/*/R/x86_64-pc-linux-gnu-library/4.2/arrow\u2019\r\nWarning in install.packages :\r\n  Installation des Pakets \u2018arrow\u2019 hatte Exit-Status ungleich 0\r\n\r\nDie heruntergeladenen Quellpakete sind in \r\n\t\u2018/tmp/RtmpXC0LYV/downloaded_packages\u2019 \n```"
        },
        {
            "created_at": "2022-08-30T15:34:35.309Z",
            "body": "***Note**: [Comment](https://issues.apache.org/jira/browse/ARROW-17497?focusedCommentId=17597943) by Philipp (p.r):*\nHi `[~thisisnic]`,\r\n\r\nhere is the content of the log file. Do you have any idea what is going wrong?\r\n```java\n\r\n// -- Downloading...\r\n\u00a0 \u00a0dst='/home/*/private-fs04/R/sd-008_auto_tz_prod/log/boost_ep-prefix/src/boost_1_75_0.tar.gz'\r\n\u00a0 \u00a0timeout='none'\r\n-- Using src='https://apache.jfrog.io/artifactory/arrow/thirdparty/7.0.0/boost_1_75_0.tar.gz'\r\n-- Using src='https://boostorg.jfrog.io/artifactory/main/release/1.75.0/source/boost_1_75_0.tar.gz'\r\n-- Using src='https://sourceforge.net/projects/boost/files/boost/1.75.0/boost_1_75_0.tar.gz'\r\n-- Retrying...\r\n-- Using src='https://apache.jfrog.io/artifactory/arrow/thirdparty/7.0.0/boost_1_75_0.tar.gz'\r\n-- Using src='https://boostorg.jfrog.io/artifactory/main/release/1.75.0/source/boost_1_75_0.tar.gz'\r\n-- Using src='https://sourceforge.net/projects/boost/files/boost/1.75.0/boost_1_75_0.tar.gz'\r\n-- Retry after 5 seconds (attempt #2) ...\r\n-- Using src='https://apache.jfrog.io/artifactory/arrow/thirdparty/7.0.0/boost_1_75_0.tar.gz'\r\n-- Using src='https://boostorg.jfrog.io/artifactory/main/release/1.75.0/source/boost_1_75_0.tar.gz'\r\n-- Using src='https://sourceforge.net/projects/boost/files/boost/1.75.0/boost_1_75_0.tar.gz'\r\n-- Retry after 5 seconds (attempt #3) ...\r\n-- Using src='https://apache.jfrog.io/artifactory/arrow/thirdparty/7.0.0/boost_1_75_0.tar.gz'\r\n-- Using src='https://boostorg.jfrog.io/artifactory/main/release/1.75.0/source/boost_1_75_0.tar.gz'\r\n-- Using src='https://sourceforge.net/projects/boost/files/boost/1.75.0/boost_1_75_0.tar.gz'\r\n-- Retry after 15 seconds (attempt #4) ...\r\n-- Using src='https://apache.jfrog.io/artifactory/arrow/thirdparty/7.0.0/boost_1_75_0.tar.gz'\r\n-- Using src='https://boostorg.jfrog.io/artifactory/main/release/1.75.0/source/boost_1_75_0.tar.gz'\r\n-- Using src='https://sourceforge.net/projects/boost/files/boost/1.75.0/boost_1_75_0.tar.gz'\r\n-- Retry after 60 seconds (attempt #5) ...\r\n-- Using src='https://apache.jfrog.io/artifactory/arrow/thirdparty/7.0.0/boost_1_75_0.tar.gz'\r\n-- Using src='https://boostorg.jfrog.io/artifactory/main/release/1.75.0/source/boost_1_75_0.tar.gz'\r\n-- Using src='https://sourceforge.net/projects/boost/files/boost/1.75.0/boost_1_75_0.tar.gz' \n```"
        },
        {
            "created_at": "2022-08-30T15:39:44.454Z",
            "body": "***Note**: [Comment](https://issues.apache.org/jira/browse/ARROW-17497?focusedCommentId=17597946) by Neal Richardson (npr):*\nGiven that both <https://apache.jfrog.io/artifactory/arrow/thirdparty/7.0.0/boost_1_75_0.tar.gz> and <https://apache.jfrog.io/artifactory/arrow/r/9.0.0/libarrow/bin/ubuntu-18.04/arrow-9.0.0.zip> cannot download, I wonder if your server/firewall is blocking traffic to some IPs."
        }
    ]
}