{
    "issue": {
        "title": "[JAVA][Flight] Flaky Flight java test",
        "body": "***Note**: This issue was originally created as [ARROW-4448](https://issues.apache.org/jira/browse/ARROW-4448). Please see the [migration documentation](https://gist.github.com/toddfarmer/12aa88361532d21902818a6044fda4c3) for further details.*\n\n### Original Issue Description:\nPull requests rebeased off of\u00a0 the laster master seem to pass so this is probably a flake:\u00a0<https://travis-ci.org/apache/arrow/jobs/487275065>\u00a0\u00a0\r\n\r\n\u00a0{{[INFO] Running org.apache.arrow.flight.TestBackPressure\r\n[ERROR] Tests run: 2, Failures: 0, Errors: 1, Skipped: 1, Time elapsed: 1.396 s <<< FAILURE! - in org.apache.arrow.flight.TestBackPressure\r\n[ERROR] ensureIndependentSteams(org.apache.arrow.flight.TestBackPressure)  Time elapsed: 1.394 s  <<< ERROR!\r\njava.lang.IllegalStateException: \r\nMemory was leaked by query. Memory leaked: (131072)\r\nAllocator(perf-server) 0/131072/589824/9223372036854775807 (res/actual/peak/limit)\r\n\tat org.apache.arrow.flight.TestBackPressure.ensureIndependentSteams(TestBackPressure.java:76)\r\n[INFO] \r\n[INFO] Results:\r\n[INFO] \r\n[ERROR] Errors: \r\n[ERROR]   TestBackPressure.ensureIndependentSteams:76 \u00bb IllegalState Memory was leaked b...\r\n[INFO] \r\n[ERROR] Tests run: 13, Failures: 0, Errors: 1, Skipped: 3\r\n[INFO] \r\n[INFO] ------------------------------------------------------------------------\r\n[INFO] Reactor Summary:\r\n[INFO] \r\n[INFO] Apache Arrow Java Root POM 0.13.0-SNAPSHOT ......... SUCCESS [  8.590 s]\r\n[INFO] Arrow Format ....................................... SUCCESS [  5.985 s]\r\n[INFO] Arrow Memory ....................................... SUCCESS [ 12.750 s]\r\n[INFO] Arrow Vectors ...................................... SUCCESS [01:13 min]\r\n[INFO] Arrow Tools ........................................ SUCCESS [ 15.462 s]\r\n[INFO] Arrow JDBC Adapter ................................. SUCCESS [ 11.906 s]\r\n[INFO] Arrow Plasma Client ................................ SUCCESS [  3.967 s]\r\n[INFO] Arrow Flight 0.13.0-SNAPSHOT ....................... FAILURE [ 18.237 s]\r\n[INFO] ------------------------------------------------------------------------\r\n[INFO] BUILD FAILURE\r\n[INFO] ------------------------------------------------------------------------\r\n[INFO] Total time: 02:30 min\r\n[INFO] Finished at: 2019-02-01T05:15:34Z\r\n[INFO] ------------------------------------------------------------------------\r\n[ERROR] Failed to execute goal org.apache.maven.plugins:maven-surefire-plugin:2.20:test (default-test) on project arrow-flight: There are test failures.\r\n[ERROR] \r\n[ERROR] Please refer to /home/travis/build/apache/arrow/java/flight/target/surefire-reports for the individual test results.\r\n[ERROR] Please refer to dump files (if any exist) [date]-jvmRun[N].dump, [date].dumpstream and [date]-jvmRun[N].dumpstream.\r\n[ERROR] -> [Help 1]\r\n[ERROR] \r\n[ERROR] To see the full stack trace of the errors, re-run Maven with the -e switch.\r\n[ERROR] Re-run Maven using the -X switch to enable full debug logging.\r\n[ERROR] \r\n[ERROR] For more information about the errors and possible solutions, please read the following articles:\r\n[ERROR] [Help 1] http://cwiki.apache.org/confluence/display/MAVEN/MojoFailureException\r\n[ERROR] \r\n[ERROR] After correcting the problems, you can resume the build with the command\r\n[ERROR]   mvn <goals> -rf :arrow-flight\r\n}}\r\n\u00a0\r\n\r\n\u00a0\r\n\r\n\u00a0",
        "created_at": "2019-02-01T07:55:00.000Z",
        "updated_at": "2019-03-05T02:16:15.000Z",
        "labels": [
            "Migrated from Jira",
            "Component: FlightRPC",
            "Component: Java",
            "Type: enhancement"
        ],
        "closed": true,
        "closed_at": "2019-03-05T02:16:15.000Z"
    },
    "comments": [
        {
            "created_at": "2019-02-01T13:49:57.641Z",
            "body": "***Note**: [Comment](https://issues.apache.org/jira/browse/ARROW-4448?focusedCommentId=16758314) by Wes McKinney (wesm):*\nThe Flight Java tests had been disabled in CI because they are flaky. There is some kind of memory teardown race condition that causes non-deterministic failures"
        },
        {
            "created_at": "2019-02-05T01:16:24.902Z",
            "body": "***Note**: [Comment](https://issues.apache.org/jira/browse/ARROW-4448?focusedCommentId=16760367) by Wes McKinney (wesm):*\nHit this a couple of times today. It seems to be worse during peak hours of the day suggesting it occurs when systems are under high load"
        },
        {
            "created_at": "2019-02-12T07:32:23.750Z",
            "body": "***Note**: [Comment](https://issues.apache.org/jira/browse/ARROW-4448?focusedCommentId=16765757) by Micah Kornfield (emkornfield@gmail.com):*\nHappened again: https://travis-ci.org/apache/arrow/jobs/491886996"
        },
        {
            "created_at": "2019-02-12T14:52:12.892Z",
            "body": "***Note**: [Comment](https://issues.apache.org/jira/browse/ARROW-4448?focusedCommentId=16766099) by Wes McKinney (wesm):*\nHas failed on me several times in the last week"
        },
        {
            "created_at": "2019-03-04T18:17:10.272Z",
            "body": "***Note**: [Comment](https://issues.apache.org/jira/browse/ARROW-4448?focusedCommentId=16783614) by Francois Saint-Jacques (fsaintjacques):*\nI tried to replicate locally with various method (lowering timeouts, forcing high system usage) without success. I will disable the test for now."
        },
        {
            "created_at": "2019-03-05T02:16:15.482Z",
            "body": "***Note**: [Comment](https://issues.apache.org/jira/browse/ARROW-4448?focusedCommentId=16783981) by Wes McKinney (wesm):*\nIssue resolved by pull request 3805\n<https://github.com/apache/arrow/pull/3805>"
        }
    ]
}