{
    "issue": {
        "title": "[Python][CI] Parquet tests failing in nightly build with Dask master",
        "body": "***Note**: This issue was originally created as [ARROW-11147](https://issues.apache.org/jira/browse/ARROW-11147). Please see the [migration documentation](https://gist.github.com/toddfarmer/12aa88361532d21902818a6044fda4c3) for further details.*\n\n### Original Issue Description:\n\u00a0\r\n\n|\u00a0|\r|\n|-|-|\n|\u00a0\r<br>FAILED opt/conda/envs/arrow/lib/python3.8/site-packages/dask/dataframe/io/tests/test_parquet.py::test_categorical[pyarrow-dataset-pyarrow-legacy] \r<br>FAILED opt/conda/envs/arrow/lib/python3.8/site-packages/dask/dataframe/io/tests/test_parquet.py::test_categorical[pyarrow-legacy-pyarrow-dataset] \r<br>FAILED opt/conda/envs/arrow/lib/python3.8/site-packages/dask/dataframe/io/tests/test_parquet.py::test_categorical[pyarrow-legacy-pyarrow-legacy]\r<br>FAILED opt/conda/envs/arrow/lib/python3.8/site-packages/dask/dataframe/io/tests/test_parquet.py::test_categorical[pyarrow-dataset-pyarrow-dataset]\r<br>= 4 failed, 365 passed, 290 skipped, 18 deselected, 2 xfailed, 25 warnings in 43.84s \u00a0|\r<br>cc `[~jorisvandenbossche]`|\n",
        "created_at": "2021-01-06T16:00:05.000Z",
        "updated_at": "2021-01-26T04:24:22.000Z",
        "labels": [
            "Migrated from Jira",
            "Component: CI",
            "Component: Python",
            "Type: bug"
        ],
        "closed": true,
        "closed_at": "2021-01-25T16:53:23.000Z"
    },
    "comments": [
        {
            "created_at": "2021-01-06T16:03:35.063Z",
            "body": "***Note**: [Comment](https://issues.apache.org/jira/browse/ARROW-11147?focusedCommentId=17259833) by Joris Van den Bossche (jorisvandenbossche):*\nSorry, I should have opened a JIRA about this, as I already have been looking at it. It's a dask problem: dask is not yet updated with the recent pandas 1.2.0 release, and we are installing that in our env for running those tests (quick fix to get rid of the \"failing\" build is to pin pandas to an older release, if we want. Or ignore this failure for now). \r\nThe dask  failures itself are being addressed at https://github.com/dask/dask/pull/6996"
        },
        {
            "created_at": "2021-01-06T16:07:11.829Z",
            "body": "***Note**: [Comment](https://issues.apache.org/jira/browse/ARROW-11147?focusedCommentId=17259835) by Joris Van den Bossche (jorisvandenbossche):*\nIt seems we already pin to pandas 0.25.3 in the conda-python-dask.dockerfile for dask \"latest\" (but so not for \"master\")"
        },
        {
            "created_at": "2021-01-06T16:09:40.238Z",
            "body": "***Note**: [Comment](https://issues.apache.org/jira/browse/ARROW-11147?focusedCommentId=17259838) by Andrew Wieteska (arw2019):*\nShall we pin to pandas-1.2 to get to green and switch back to pandas master when the dask PR goes through? (I can make a JIRA so we don't forget.)"
        },
        {
            "created_at": "2021-01-06T16:10:30.485Z",
            "body": "***Note**: [Comment](https://issues.apache.org/jira/browse/ARROW-11147?focusedCommentId=17259840) by Andrew Wieteska (arw2019):*\nIt seems we already pin to pandas 0.25.3 in the conda-python-dask.dockerfile for dask \"latest\" (but so not for \"master\")\r\n\u00a0\r\nOk then I'll go ahead and pin to 1.2 for dask-master\u00a0"
        },
        {
            "created_at": "2021-01-06T16:26:35.594Z",
            "body": "***Note**: [Comment](https://issues.apache.org/jira/browse/ARROW-11147?focusedCommentId=17259854) by Joris Van den Bossche (jorisvandenbossche):*\nIt will need to be an older pin, because it's 1.2.0 that is the problem "
        },
        {
            "created_at": "2021-01-06T16:28:07.636Z",
            "body": "***Note**: [Comment](https://issues.apache.org/jira/browse/ARROW-11147?focusedCommentId=17259856) by Joris Van den Bossche (jorisvandenbossche):*\nMaybe just pin to 0.25.3 for both master/latest, so the \"if\" check can be removed. And then afterwards we can update it to just use the latest pandas once this is fixed on the desk side (because I assume the pin to 0.25.3 is no longer needed for the reasons stated there: \"The Spark tests currently break with pandas >= 1.0\", I would assume this is fixed by now)"
        },
        {
            "created_at": "2021-01-25T16:53:23.191Z",
            "body": "***Note**: [Comment](https://issues.apache.org/jira/browse/ARROW-11147?focusedCommentId=17271526) by Joris Van den Bossche (jorisvandenbossche):*\nIssue resolved by pull request 9113\n<https://github.com/apache/arrow/pull/9113>"
        }
    ]
}