{
    "issue": {
        "title": "Python: Do not name modules like native ones (i.e. rename pyarrow.io)",
        "body": "***Note**: This issue was originally created as [ARROW-230](https://issues.apache.org/jira/browse/ARROW-230). Please see the [migration documentation](https://gist.github.com/toddfarmer/12aa88361532d21902818a6044fda4c3) for further details.*\n\n### Original Issue Description:\nAlthough you can rename it in imports, still weird stuff can happen.\n\nE.g. if you re-run make in the build directory (only happens probably if you change pyarrow's CMakeLists.txt and do not call it via setup.py) you will get the following error:\n\n```\n    -- Found Python lib /usr/lib/x86_64-linux-gnu/libpython2.7.so\n    CMake Error at cmake_modules/FindNumPy.cmake:62 (message):\n      NumPy import failure:\n\n      Traceback (most recent call last):\n\n        File \"<string>\", line 1, in <module>\n        File \"/home/uwe/.virtualenvs/pyarrow/local/lib/python2.7/site-packages/numpy/__init__.py\", line 180, in <module>\n          from . import add_newdocs\n        File \"/home/uwe/.virtualenvs/pyarrow/local/lib/python2.7/site-packages/numpy/add_newdocs.py\", line 13, in <module>\n          from numpy.lib import add_newdoc\n        File \"/home/uwe/.virtualenvs/pyarrow/local/lib/python2.7/site-packages/numpy/lib/__init__.py\", line 8, in <module>\n          from .type_check import *\n        File \"/home/uwe/.virtualenvs/pyarrow/local/lib/python2.7/site-packages/numpy/lib/type_check.py\", line 11, in <module>\n          import numpy.core.numeric as _nx\n        File \"/home/uwe/.virtualenvs/pyarrow/local/lib/python2.7/site-packages/numpy/core/__init__.py\", line 58, in <module>\n          from numpy.testing import Tester\n        File \"/home/uwe/.virtualenvs/pyarrow/local/lib/python2.7/site-packages/numpy/testing/__init__.py\", line 14, in <module>\n          from .utils import *\n        File \"/home/uwe/.virtualenvs/pyarrow/local/lib/python2.7/site-packages/numpy/testing/utils.py\", line 15, in <module>\n          from tempfile import mkdtemp\n        File \"/usr/lib/python2.7/tempfile.py\", line 32, in <module>\n          import io as _io\n\n      ImportError:\n      /home/uwe/Development/arrow/python/build/temp.linux-x86_64-2.7/./libpyarrow.so:\n      undefined symbol: pyarrow_ARRAY_API\n\n    Call Stack (most recent call first):\n      CMakeLists.txt:223 (find_package)\n```\n\nThe actual error message here is confusing but the basic problem is that here the wrong io module is imported. ",
        "created_at": "2016-06-28T07:30:39.000Z",
        "updated_at": "2017-02-13T16:34:42.000Z",
        "labels": [
            "Migrated from Jira",
            "Component: Python",
            "Type: bug"
        ],
        "closed": true,
        "closed_at": "2016-11-03T17:21:18.000Z"
    },
    "comments": [
        {
            "created_at": "2016-06-28T19:06:17.221Z",
            "body": "***Note**: [Comment](https://issues.apache.org/jira/browse/ARROW-230?focusedCommentId=15353545) by Wes McKinney (wesm):*\nGood point. No problems from me"
        },
        {
            "created_at": "2016-10-18T22:33:45.166Z",
            "body": "***Note**: [Comment](https://issues.apache.org/jira/browse/ARROW-230?focusedCommentId=15586886) by Jim Pivarski (jpivarski):*\nActually, I encounter this bug every time.\n\nI don't know how to get my Python environment to `setup.py build_ext --inplace` without encountering an `import io` that doesn't yield `undefined symbol: pyarrow_ARRAY_API`. Even if I clean the build directory and start over, I hit cases with an `import io` in `.local/lib/python2.7/site-packages/pkg_resources` or `numpy/lib/format.py`.\n\nUsing the 0.1.0 release.\n\nI was going to use pyarrow to explore the structure of the C++ API; everything else built correctly.\n"
        },
        {
            "created_at": "2016-10-19T03:06:52.169Z",
            "body": "***Note**: [Comment](https://issues.apache.org/jira/browse/ARROW-230?focusedCommentId=15587500) by Wes McKinney (wesm):*\nCan you provide a full log of what you're doing and how you're running into the problem? Remove your `python/build` directory first. I've never run into this problem. Note that pandas also has an `io` subpackage (https://github.com/pandas-dev/pandas/tree/master/pandas/io)."
        },
        {
            "created_at": "2016-10-19T12:44:54.252Z",
            "body": "***Note**: [Comment](https://issues.apache.org/jira/browse/ARROW-230?focusedCommentId=15588659) by Jim Pivarski (jpivarski):*\nI made sure my PYTHONPATH and LD_LIBRARY_PATH were blank, installed a new directory, compiled the C++ library from source, and then attempted to compile the Python library. I'm including a log of that process below with some of the early steps truncated (...) and the Python compilation completely untruncated. My prompt is a single percent (%).\n\n```\n% echo $PYTHONPATH  \n\n% echo $LD_LIBRARY_PATH  \n\n% export ARROW_HOME=/opt/apache-arrow-0.1.0/cpp/dist\n% cd /opt\n\n% tar -xzvf /tmp/downloads/apache-arrow-0.1.0.tar.gz\napache-arrow-0.1.0/\napache-arrow-0.1.0/.travis.yml\napache-arrow-0.1.0/LICENSE.txt\napache-arrow-0.1.0/NOTICE.txt\napache-arrow-0.1.0/README.md\n...\n\n% cd apache-arrow-0.1.0/cpp\n% source setup_build_env.sh\n+ set -e\n+++ dirname ./thirdparty/download_thirdparty.sh\n++ cd ./thirdparty\n++ pwd\n+ TP_DIR=/opt/apache-arrow-0.1.0/cpp/thirdparty\n+ source /opt/apache-arrow-0.1.0/cpp/thirdparty/versions.sh\n++ GTEST_VERSION=1.7.0\n...\n\n% mkdir release\n% cd release\n% cmake .. -DCMAKE_INSTALL_PREFIX:PATH=$ARROW_HOME\nclang-tidy not found                                                                           \nclang-format not found\nConfigured for DEBUG build (set with cmake -DCMAKE_BUILD_TYPE={release,debug,...})\n-- Build Type: DEBUG\nINFO Using built-in specs.\nCOLLECT_GCC=/usr/bin/c++\nCOLLECT_LTO_WRAPPER=/usr/lib/gcc/x86_64-linux-gnu/4.8/lto-wrapper\nTarget: x86_64-linux-gnu\n...\n-- Flatbuffers static library: /opt/apache-arrow-0.1.0/cpp/thirdparty/installed/lib/libflatbuffers.a\n-- Flatbuffers compiler: /opt/apache-arrow-0.1.0/cpp/thirdparty/installed/bin/flatc\n-- Configuring done\n-- Generating done\n-- Build files have been written to: /opt/apache-arrow-0.1.0/cpp/release\n\n% make unittest\nScanning dependencies of target metadata_fbs\n[  2%] Running flatc compiler on /opt/apache-arrow-0.1.0/format/Message.fbs;/opt/apache-arrow-0.1.0/format/File.fbs\n[  2%] Built target metadata_fbs\nScanning dependencies of target arrow_objlib\n[  4%] Building CXX object CMakeFiles/arrow_objlib.dir/src/arrow/array.cc.o\n[  6%] Building CXX object CMakeFiles/arrow_objlib.dir/src/arrow/builder.cc.o\n...\n17/18 Test #17: ipc-file-test ....................   Passed    0.12 sec\n      Start 18: ipc-metadata-test\n18/18 Test #18: ipc-metadata-test ................   Passed    0.12 sec\n\n100% tests passed, 0 tests failed out of 18\n\nLabel Time Summary:\nunittest    =   2.29 sec\n\nTotal Test time (real) =   2.31 sec\n[100%] Built target unittest\n\n% make install\n[  2%] Built target metadata_fbs\n[ 42%] Built target arrow_objlib\n[ 42%] Built target arrow_shared\n[ 42%] Built target arrow_static\n[ 44%] Built target arrow_test_main\n[ 46%] Built target array-test\n[ 48%] Built target column-test\n...\n-- Installing: /opt/apache-arrow-0.1.0/cpp/dist/include/arrow/types/union.h\n-- Installing: /opt/apache-arrow-0.1.0/cpp/dist/include/arrow/ipc/adapter.h\n-- Installing: /opt/apache-arrow-0.1.0/cpp/dist/include/arrow/ipc/file.h\n-- Installing: /opt/apache-arrow-0.1.0/cpp/dist/include/arrow/ipc/metadata.h\n-- Installing: /opt/apache-arrow-0.1.0/cpp/dist/lib/libarrow_ipc.so\n-- Removed runtime path from \"/opt/apache-arrow-0.1.0/cpp/dist/lib/libarrow_ipc.so\"\n\n% cd ../../python\n% tree $ARROW_HOME\n/opt/apache-arrow-0.1.0/cpp/dist\n|-- include\n|   `-- arrow\n|       |-- api.h\n|       |-- array.h\n|       |-- builder.h\n|       |-- column.h\n|       |-- io\n|       |   |-- file.h\n|       |   |-- hdfs.h\n|       |   |-- interfaces.h\n|       |   `-- memory.h\n|       |-- ipc\n|       |   |-- adapter.h\n|       |   |-- file.h\n|       |   `-- metadata.h\n|       |-- schema.h\n|       |-- table.h\n|       |-- test-util.h\n|       |-- type.h\n|       |-- types\n|       |   |-- collection.h\n|       |   |-- construct.h\n|       |   |-- datetime.h\n|       |   |-- decimal.h\n|       |   |-- json.h\n|       |   |-- list.h\n|       |   |-- primitive.h\n|       |   |-- string.h\n|       |   |-- struct.h\n|       |   `-- union.h\n|       `-- util\n|           |-- bit-util.h\n|           |-- buffer.h\n|           |-- logging.h\n|           |-- macros.h\n|           |-- memory-pool.h\n|           |-- random.h\n|           |-- status.h\n|           `-- visibility.h\n`-- lib\n    |-- libarrow.a\n    |-- libarrow.so\n    |-- libarrow_io.so\n    `-- libarrow_ipc.so\n\n7 directories, 37 files\n\n% python setup.py build_ext --inplace\n/home/pivarski/.local/lib/python2.7/site-packages/setuptools/dist.py:331: UserWarning: Normalizing '0.1.0dev' to '0.1.0.dev0'\n  normalized_version,\nrunning build_ext\ncreating build\ncreating build/temp.linux-x86_64-2.7\ncmake  -DPYTHON_EXECUTABLE=/usr/bin/python   /opt/apache-arrow-0.1.0/python\n-- The C compiler identification is GNU 4.8.4\n-- The CXX compiler identification is GNU 4.8.4\n-- Check for working C compiler: /usr/bin/cc\n-- Check for working C compiler: /usr/bin/cc -- works\n-- Detecting C compiler ABI info\n-- Detecting C compiler ABI info - done\n-- Check for working CXX compiler: /usr/bin/c++\n-- Check for working CXX compiler: /usr/bin/c++ -- works\n-- Detecting CXX compiler ABI info\n-- Detecting CXX compiler ABI info - done\nConfigured for DEBUG build (set with cmake -DCMAKE_BUILD_TYPE={release,debug,...})\nINFO Using built-in specs.\nCOLLECT_GCC=/usr/bin/c++\nCOLLECT_LTO_WRAPPER=/usr/lib/gcc/x86_64-linux-gnu/4.8/lto-wrapper\nTarget: x86_64-linux-gnu\nConfigured with: ../src/configure -v --with-pkgversion='Ubuntu 4.8.4-2ubuntu1~14.04.3' --with-bugurl=file:///usr/share/doc/gcc-4.8/README.Bugs --enable-languages=c,c++,java,go,d,fortran,objc,obj-c++ --prefix=/usr --program-suffix=-4.8 --enable-shared --enable-linker-build-id --libexecdir=/usr/lib --without-included-gettext --enable-threads=posix --with-gxx-include-dir=/usr/include/c++/4.8 --libdir=/usr/lib --enable-nls --with-sysroot=/ --enable-clocale=gnu --enable-libstdcxx-debug --enable-libstdcxx-time=yes --enable-gnu-unique-object --disable-libmudflap --enable-plugin --with-system-zlib --disable-browser-plugin --enable-java-awt=gtk --enable-gtk-cairo --with-java-home=/usr/lib/jvm/java-1.5.0-gcj-4.8-amd64/jre --enable-java-home --with-jvm-root-dir=/usr/lib/jvm/java-1.5.0-gcj-4.8-amd64 --with-jvm-jar-dir=/usr/lib/jvm-exports/java-1.5.0-gcj-4.8-amd64 --with-arch-directory=amd64 --with-ecj-jar=/usr/share/java/eclipse-ecj.jar --enable-objc-gc --enable-multiarch --disable-werror --with-arch-32=i686 --with-abi=m64 --with-multilib-list=m32,m64,mx32 --with-tune=generic --enable-checking=release --build=x86_64-linux-gnu --host=x86_64-linux-gnu --target=x86_64-linux-gnu\nThread model: posix\ngcc version 4.8.4 (Ubuntu 4.8.4-2ubuntu1~14.04.3) \n\nSelected compiler gcc 4.8.4\nUsing dynamic linking for DEBUG builds\ncollect2 version 4.8.4\n/usr/bin/ld --sysroot=/ --build-id --eh-frame-hdr -m elf_x86_64 --hash-style=gnu --as-needed -dynamic-linker /lib64/ld-linux-x86-64.so.2 -z relro /usr/lib/gcc/x86_64-linux-gnu/4.8/../../../x86_64-linux-gnu/crt1.o /usr/lib/gcc/x86_64-linux-gnu/4.8/../../../x86_64-linux-gnu/crti.o /usr/lib/gcc/x86_64-linux-gnu/4.8/crtbegin.o -L/usr/lib/gcc/x86_64-linux-gnu/4.8 -L/usr/lib/gcc/x86_64-linux-gnu/4.8/../../../x86_64-linux-gnu -L/usr/lib/gcc/x86_64-linux-gnu/4.8/../../../../lib -L/lib/x86_64-linux-gnu -L/lib/../lib -L/usr/lib/x86_64-linux-gnu -L/usr/lib/../lib -L/usr/lib/gcc/x86_64-linux-gnu/4.8/../../.. --version -lstdc++ -lm -lgcc_s -lgcc -lc -lgcc_s -lgcc /usr/lib/gcc/x86_64-linux-gnu/4.8/crtend.o /usr/lib/gcc/x86_64-linux-gnu/4.8/../../../x86_64-linux-gnu/crtn.o\nUsing ld linker\n-- Found PythonInterp: /usr/bin/python (found version \"2.7.6\") \n-- Searching for Python libs in /usr/lib64;/usr/lib;/usr/lib/python2.7/config-x86_64-linux-gnu\n-- Found Python lib /usr/lib/x86_64-linux-gnu/libpython2.7.so\n-- Found PythonLibs: /usr/lib/x86_64-linux-gnu/libpython2.7.so\n-- Found NumPy: version \"1.8.2\" /usr/lib/python2.7/dist-packages/numpy/core/include\n-- Found Cython: /home/pivarski/.local/bin/cython  \n-- Searching for Python libs in /usr/lib64;/usr/lib;/usr/lib/python2.7/config-x86_64-linux-gnu\n-- Found Python lib /usr/lib/x86_64-linux-gnu/libpython2.7.so\n-- Could not find the Parquet library. Looked in  system search paths.\n-- Found the Arrow core library: /opt/apache-arrow-0.1.0/cpp/dist/lib/libarrow.so\n-- Found the Arrow IO library: /opt/apache-arrow-0.1.0/cpp/dist/lib/libarrow_io.so\n-- Added shared library dependency arrow: /opt/apache-arrow-0.1.0/cpp/dist/lib/libarrow.so\n-- Added shared library dependency arrow_io: /opt/apache-arrow-0.1.0/cpp/dist/lib/libarrow_io.so\n-- Configuring done\n-- Generating done\n-- Build files have been written to: /opt/apache-arrow-0.1.0/python/build/temp.linux-x86_64-2.7\nmake VERBOSE=1\n/usr/bin/cmake -H/opt/apache-arrow-0.1.0/python -B/opt/apache-arrow-0.1.0/python/build/temp.linux-x86_64-2.7 --check-build-system CMakeFiles/Makefile.cmake 0\n/usr/bin/cmake -E cmake_progress_start /opt/apache-arrow-0.1.0/python/build/temp.linux-x86_64-2.7/CMakeFiles /opt/apache-arrow-0.1.0/python/build/temp.linux-x86_64-2.7/CMakeFiles/progress.marks\nmake -f CMakeFiles/Makefile2 all\nmake[1]: Entering directory `/opt/apache-arrow-0.1.0/python/build/temp.linux-x86_64-2.7'\nmake -f CMakeFiles/array_pyx.dir/build.make CMakeFiles/array_pyx.dir/depend\nmake[2]: Entering directory `/opt/apache-arrow-0.1.0/python/build/temp.linux-x86_64-2.7'\ncd /opt/apache-arrow-0.1.0/python/build/temp.linux-x86_64-2.7 && /usr/bin/cmake -E cmake_depends \"Unix Makefiles\" /opt/apache-arrow-0.1.0/python /opt/apache-arrow-0.1.0/python /opt/apache-arrow-0.1.0/python/build/temp.linux-x86_64-2.7 /opt/apache-arrow-0.1.0/python/build/temp.linux-x86_64-2.7 /opt/apache-arrow-0.1.0/python/build/temp.linux-x86_64-2.7/CMakeFiles/array_pyx.dir/DependInfo.cmake --color=\nDependee \"/opt/apache-arrow-0.1.0/python/build/temp.linux-x86_64-2.7/CMakeFiles/array_pyx.dir/DependInfo.cmake\" is newer than depender \"/opt/apache-arrow-0.1.0/python/build/temp.linux-x86_64-2.7/CMakeFiles/array_pyx.dir/depend.internal\".\nDependee \"/opt/apache-arrow-0.1.0/python/build/temp.linux-x86_64-2.7/CMakeFiles/CMakeDirectoryInformation.cmake\" is newer than depender \"/opt/apache-arrow-0.1.0/python/build/temp.linux-x86_64-2.7/CMakeFiles/array_pyx.dir/depend.internal\".\nScanning dependencies of target array_pyx\nmake[2]: Leaving directory `/opt/apache-arrow-0.1.0/python/build/temp.linux-x86_64-2.7'\nmake -f CMakeFiles/array_pyx.dir/build.make CMakeFiles/array_pyx.dir/build\nmake[2]: Entering directory `/opt/apache-arrow-0.1.0/python/build/temp.linux-x86_64-2.7'\n/usr/bin/cmake -E cmake_progress_report /opt/apache-arrow-0.1.0/python/build/temp.linux-x86_64-2.7/CMakeFiles 2\n[  4%] Compiling Cython CXX source for array...\n/home/pivarski/.local/bin/cython --cplus --output-file array.cxx /opt/apache-arrow-0.1.0/python/pyarrow/array.pyx\nmake[2]: Leaving directory `/opt/apache-arrow-0.1.0/python/build/temp.linux-x86_64-2.7'\n/usr/bin/cmake -E cmake_progress_report /opt/apache-arrow-0.1.0/python/build/temp.linux-x86_64-2.7/CMakeFiles  2\n[  4%] Built target array_pyx\nmake -f CMakeFiles/pyarrow.dir/build.make CMakeFiles/pyarrow.dir/depend\nmake[2]: Entering directory `/opt/apache-arrow-0.1.0/python/build/temp.linux-x86_64-2.7'\ncd /opt/apache-arrow-0.1.0/python/build/temp.linux-x86_64-2.7 && /usr/bin/cmake -E cmake_depends \"Unix Makefiles\" /opt/apache-arrow-0.1.0/python /opt/apache-arrow-0.1.0/python /opt/apache-arrow-0.1.0/python/build/temp.linux-x86_64-2.7 /opt/apache-arrow-0.1.0/python/build/temp.linux-x86_64-2.7 /opt/apache-arrow-0.1.0/python/build/temp.linux-x86_64-2.7/CMakeFiles/pyarrow.dir/DependInfo.cmake --color=\nDependee \"/opt/apache-arrow-0.1.0/python/build/temp.linux-x86_64-2.7/CMakeFiles/pyarrow.dir/DependInfo.cmake\" is newer than depender \"/opt/apache-arrow-0.1.0/python/build/temp.linux-x86_64-2.7/CMakeFiles/pyarrow.dir/depend.internal\".\nDependee \"/opt/apache-arrow-0.1.0/python/build/temp.linux-x86_64-2.7/CMakeFiles/CMakeDirectoryInformation.cmake\" is newer than depender \"/opt/apache-arrow-0.1.0/python/build/temp.linux-x86_64-2.7/CMakeFiles/pyarrow.dir/depend.internal\".\nScanning dependencies of target pyarrow\nmake[2]: Leaving directory `/opt/apache-arrow-0.1.0/python/build/temp.linux-x86_64-2.7'\nmake -f CMakeFiles/pyarrow.dir/build.make CMakeFiles/pyarrow.dir/build\nmake[2]: Entering directory `/opt/apache-arrow-0.1.0/python/build/temp.linux-x86_64-2.7'\n/usr/bin/cmake -E cmake_progress_report /opt/apache-arrow-0.1.0/python/build/temp.linux-x86_64-2.7/CMakeFiles 9\n[  9%] Building CXX object CMakeFiles/pyarrow.dir/src/pyarrow/common.cc.o\n/usr/bin/c++   -Dpyarrow_EXPORTS -std=c++11 -Wall -ggdb -O0 -g -fPIC -isystem /usr/lib/python2.7/dist-packages/numpy/core/include -isystem /usr/include/python2.7 -isystem /opt/apache-arrow-0.1.0/python/src -isystem /opt/apache-arrow-0.1.0/cpp/dist/include    -fPIC -o CMakeFiles/pyarrow.dir/src/pyarrow/common.cc.o -c /opt/apache-arrow-0.1.0/python/src/pyarrow/common.cc\n/usr/bin/cmake -E cmake_progress_report /opt/apache-arrow-0.1.0/python/build/temp.linux-x86_64-2.7/CMakeFiles 10\n[ 14%] Building CXX object CMakeFiles/pyarrow.dir/src/pyarrow/config.cc.o\n/usr/bin/c++   -Dpyarrow_EXPORTS -std=c++11 -Wall -ggdb -O0 -g -fPIC -isystem /usr/lib/python2.7/dist-packages/numpy/core/include -isystem /usr/include/python2.7 -isystem /opt/apache-arrow-0.1.0/python/src -isystem /opt/apache-arrow-0.1.0/cpp/dist/include    -fPIC -o CMakeFiles/pyarrow.dir/src/pyarrow/config.cc.o -c /opt/apache-arrow-0.1.0/python/src/pyarrow/config.cc\n/usr/bin/cmake -E cmake_progress_report /opt/apache-arrow-0.1.0/python/build/temp.linux-x86_64-2.7/CMakeFiles 11\n[ 19%] Building CXX object CMakeFiles/pyarrow.dir/src/pyarrow/helpers.cc.o\n/usr/bin/c++   -Dpyarrow_EXPORTS -std=c++11 -Wall -ggdb -O0 -g -fPIC -isystem /usr/lib/python2.7/dist-packages/numpy/core/include -isystem /usr/include/python2.7 -isystem /opt/apache-arrow-0.1.0/python/src -isystem /opt/apache-arrow-0.1.0/cpp/dist/include    -fPIC -o CMakeFiles/pyarrow.dir/src/pyarrow/helpers.cc.o -c /opt/apache-arrow-0.1.0/python/src/pyarrow/helpers.cc\n/usr/bin/cmake -E cmake_progress_report /opt/apache-arrow-0.1.0/python/build/temp.linux-x86_64-2.7/CMakeFiles 12\n[ 23%] Building CXX object CMakeFiles/pyarrow.dir/src/pyarrow/io.cc.o\n/usr/bin/c++   -Dpyarrow_EXPORTS -std=c++11 -Wall -ggdb -O0 -g -fPIC -isystem /usr/lib/python2.7/dist-packages/numpy/core/include -isystem /usr/include/python2.7 -isystem /opt/apache-arrow-0.1.0/python/src -isystem /opt/apache-arrow-0.1.0/cpp/dist/include    -fPIC -o CMakeFiles/pyarrow.dir/src/pyarrow/io.cc.o -c /opt/apache-arrow-0.1.0/python/src/pyarrow/io.cc\n/opt/apache-arrow-0.1.0/python/src/pyarrow/io.cc: In member function 'arrow::Status pyarrow::PythonFile::Close()':\n/opt/apache-arrow-0.1.0/python/src/pyarrow/io.cc:61:62: warning: deprecated conversion from string constant to 'char*' [-Wwrite-strings]\n   PyObject* result = PyObject_CallMethod(file_, \"close\", \"()\");\n                                                              ^\n/opt/apache-arrow-0.1.0/python/src/pyarrow/io.cc:61:62: warning: deprecated conversion from string constant to 'char*' [-Wwrite-strings]\n/opt/apache-arrow-0.1.0/python/src/pyarrow/io.cc: In member function 'arrow::Status pyarrow::PythonFile::Seek(int64_t, int)':\n/opt/apache-arrow-0.1.0/python/src/pyarrow/io.cc:69:81: warning: deprecated conversion from string constant to 'char*' [-Wwrite-strings]\n   PyObject* result = PyObject_CallMethod(file_, \"seek\", \"(ii)\", position, whence);\n                                                                                 ^\n/opt/apache-arrow-0.1.0/python/src/pyarrow/io.cc:69:81: warning: deprecated conversion from string constant to 'char*' [-Wwrite-strings]\n/opt/apache-arrow-0.1.0/python/src/pyarrow/io.cc: In member function 'arrow::Status pyarrow::PythonFile::Read(int64_t, PyObject**)':\n/opt/apache-arrow-0.1.0/python/src/pyarrow/io.cc:76:70: warning: deprecated conversion from string constant to 'char*' [-Wwrite-strings]\n   PyObject* result = PyObject_CallMethod(file_, \"read\", \"(i)\", nbytes);\n                                                                      ^\n/opt/apache-arrow-0.1.0/python/src/pyarrow/io.cc:76:70: warning: deprecated conversion from string constant to 'char*' [-Wwrite-strings]\n/opt/apache-arrow-0.1.0/python/src/pyarrow/io.cc: In member function 'arrow::Status pyarrow::PythonFile::Write(const uint8_t*, int64_t)':\n/opt/apache-arrow-0.1.0/python/src/pyarrow/io.cc:87:72: warning: deprecated conversion from string constant to 'char*' [-Wwrite-strings]\n   PyObject* result = PyObject_CallMethod(file_, \"write\", \"(O)\", py_data);\n                                                                        ^\n/opt/apache-arrow-0.1.0/python/src/pyarrow/io.cc:87:72: warning: deprecated conversion from string constant to 'char*' [-Wwrite-strings]\n/opt/apache-arrow-0.1.0/python/src/pyarrow/io.cc: In member function 'arrow::Status pyarrow::PythonFile::Tell(int64_t*)':\n/opt/apache-arrow-0.1.0/python/src/pyarrow/io.cc:95:61: warning: deprecated conversion from string constant to 'char*' [-Wwrite-strings]\n   PyObject* result = PyObject_CallMethod(file_, \"tell\", \"()\");\n                                                             ^\n/opt/apache-arrow-0.1.0/python/src/pyarrow/io.cc:95:61: warning: deprecated conversion from string constant to 'char*' [-Wwrite-strings]\n/usr/bin/cmake -E cmake_progress_report /opt/apache-arrow-0.1.0/python/build/temp.linux-x86_64-2.7/CMakeFiles 13\n[ 28%] Building CXX object CMakeFiles/pyarrow.dir/src/pyarrow/status.cc.o\n/usr/bin/c++   -Dpyarrow_EXPORTS -std=c++11 -Wall -ggdb -O0 -g -fPIC -isystem /usr/lib/python2.7/dist-packages/numpy/core/include -isystem /usr/include/python2.7 -isystem /opt/apache-arrow-0.1.0/python/src -isystem /opt/apache-arrow-0.1.0/cpp/dist/include    -fPIC -o CMakeFiles/pyarrow.dir/src/pyarrow/status.cc.o -c /opt/apache-arrow-0.1.0/python/src/pyarrow/status.cc\n/usr/bin/cmake -E cmake_progress_report /opt/apache-arrow-0.1.0/python/build/temp.linux-x86_64-2.7/CMakeFiles 14\n[ 33%] Building CXX object CMakeFiles/pyarrow.dir/src/pyarrow/adapters/builtin.cc.o\n/usr/bin/c++   -Dpyarrow_EXPORTS -std=c++11 -Wall -ggdb -O0 -g -fPIC -isystem /usr/lib/python2.7/dist-packages/numpy/core/include -isystem /usr/include/python2.7 -isystem /opt/apache-arrow-0.1.0/python/src -isystem /opt/apache-arrow-0.1.0/cpp/dist/include    -fPIC -o CMakeFiles/pyarrow.dir/src/pyarrow/adapters/builtin.cc.o -c /opt/apache-arrow-0.1.0/python/src/pyarrow/adapters/builtin.cc\n/usr/bin/cmake -E cmake_progress_report /opt/apache-arrow-0.1.0/python/build/temp.linux-x86_64-2.7/CMakeFiles 15\n[ 38%] Building CXX object CMakeFiles/pyarrow.dir/src/pyarrow/adapters/pandas.cc.o\n/usr/bin/c++   -Dpyarrow_EXPORTS -std=c++11 -Wall -ggdb -O0 -g -fPIC -isystem /usr/lib/python2.7/dist-packages/numpy/core/include -isystem /usr/include/python2.7 -isystem /opt/apache-arrow-0.1.0/python/src -isystem /opt/apache-arrow-0.1.0/cpp/dist/include    -fPIC -o CMakeFiles/pyarrow.dir/src/pyarrow/adapters/pandas.cc.o -c /opt/apache-arrow-0.1.0/python/src/pyarrow/adapters/pandas.cc\nLinking CXX shared library libpyarrow.so\n/usr/bin/cmake -E cmake_link_script CMakeFiles/pyarrow.dir/link.txt --verbose=1\n/usr/bin/c++  -fPIC  -std=c++11 -Wall -ggdb -O0 -g   -shared -Wl,-soname,libpyarrow.so -o libpyarrow.so CMakeFiles/pyarrow.dir/src/pyarrow/common.cc.o CMakeFiles/pyarrow.dir/src/pyarrow/config.cc.o CMakeFiles/pyarrow.dir/src/pyarrow/helpers.cc.o CMakeFiles/pyarrow.dir/src/pyarrow/io.cc.o CMakeFiles/pyarrow.dir/src/pyarrow/status.cc.o CMakeFiles/pyarrow.dir/src/pyarrow/adapters/builtin.cc.o CMakeFiles/pyarrow.dir/src/pyarrow/adapters/pandas.cc.o /opt/apache-arrow-0.1.0/cpp/dist/lib/libarrow.so /opt/apache-arrow-0.1.0/cpp/dist/lib/libarrow_io.so -Wl,-rpath,/opt/apache-arrow-0.1.0/cpp/dist/lib \nmake[2]: Leaving directory `/opt/apache-arrow-0.1.0/python/build/temp.linux-x86_64-2.7'\n/usr/bin/cmake -E cmake_progress_report /opt/apache-arrow-0.1.0/python/build/temp.linux-x86_64-2.7/CMakeFiles  9 10 11 12 13 14 15\n[ 38%] Built target pyarrow\nmake -f CMakeFiles/array.dir/build.make CMakeFiles/array.dir/depend\nmake[2]: Entering directory `/opt/apache-arrow-0.1.0/python/build/temp.linux-x86_64-2.7'\ncd /opt/apache-arrow-0.1.0/python/build/temp.linux-x86_64-2.7 && /usr/bin/cmake -E cmake_depends \"Unix Makefiles\" /opt/apache-arrow-0.1.0/python /opt/apache-arrow-0.1.0/python /opt/apache-arrow-0.1.0/python/build/temp.linux-x86_64-2.7 /opt/apache-arrow-0.1.0/python/build/temp.linux-x86_64-2.7 /opt/apache-arrow-0.1.0/python/build/temp.linux-x86_64-2.7/CMakeFiles/array.dir/DependInfo.cmake --color=\nDependee \"/opt/apache-arrow-0.1.0/python/build/temp.linux-x86_64-2.7/CMakeFiles/array.dir/DependInfo.cmake\" is newer than depender \"/opt/apache-arrow-0.1.0/python/build/temp.linux-x86_64-2.7/CMakeFiles/array.dir/depend.internal\".\nDependee \"/opt/apache-arrow-0.1.0/python/build/temp.linux-x86_64-2.7/CMakeFiles/CMakeDirectoryInformation.cmake\" is newer than depender \"/opt/apache-arrow-0.1.0/python/build/temp.linux-x86_64-2.7/CMakeFiles/array.dir/depend.internal\".\nScanning dependencies of target array\nmake[2]: Leaving directory `/opt/apache-arrow-0.1.0/python/build/temp.linux-x86_64-2.7'\nmake -f CMakeFiles/array.dir/build.make CMakeFiles/array.dir/build\nmake[2]: Entering directory `/opt/apache-arrow-0.1.0/python/build/temp.linux-x86_64-2.7'\n/usr/bin/cmake -E cmake_progress_report /opt/apache-arrow-0.1.0/python/build/temp.linux-x86_64-2.7/CMakeFiles 1\n[ 42%] Building CXX object CMakeFiles/array.dir/array.cxx.o\n/usr/bin/c++   -Darray_EXPORTS -std=c++11 -Wall -ggdb -O0 -g -fPIC -isystem /usr/lib/python2.7/dist-packages/numpy/core/include -isystem /usr/include/python2.7 -isystem /opt/apache-arrow-0.1.0/python/src -isystem /opt/apache-arrow-0.1.0/cpp/dist/include    -fPIC -Wno-unused-function -o CMakeFiles/array.dir/array.cxx.o -c /opt/apache-arrow-0.1.0/python/build/temp.linux-x86_64-2.7/array.cxx\nLinking CXX shared module array.so\n/usr/bin/cmake -E cmake_link_script CMakeFiles/array.dir/link.txt --verbose=1\n/usr/bin/c++  -fPIC  -std=c++11 -Wall -ggdb -O0 -g -Wl,-undefined,dynamic_lookup   -shared -Wl,-soname,array.so -o array.so CMakeFiles/array.dir/array.cxx.o libpyarrow.so /opt/apache-arrow-0.1.0/cpp/dist/lib/libarrow.so /opt/apache-arrow-0.1.0/cpp/dist/lib/libarrow_io.so -Wl,-rpath,\"\\$ORIGIN:/opt/apache-arrow-0.1.0/cpp/dist/lib\" \nmake[2]: Leaving directory `/opt/apache-arrow-0.1.0/python/build/temp.linux-x86_64-2.7'\n/usr/bin/cmake -E cmake_progress_report /opt/apache-arrow-0.1.0/python/build/temp.linux-x86_64-2.7/CMakeFiles  1\n[ 42%] Built target array\nmake -f CMakeFiles/config_pyx.dir/build.make CMakeFiles/config_pyx.dir/depend\nmake[2]: Entering directory `/opt/apache-arrow-0.1.0/python/build/temp.linux-x86_64-2.7'\ncd /opt/apache-arrow-0.1.0/python/build/temp.linux-x86_64-2.7 && /usr/bin/cmake -E cmake_depends \"Unix Makefiles\" /opt/apache-arrow-0.1.0/python /opt/apache-arrow-0.1.0/python /opt/apache-arrow-0.1.0/python/build/temp.linux-x86_64-2.7 /opt/apache-arrow-0.1.0/python/build/temp.linux-x86_64-2.7 /opt/apache-arrow-0.1.0/python/build/temp.linux-x86_64-2.7/CMakeFiles/config_pyx.dir/DependInfo.cmake --color=\nDependee \"/opt/apache-arrow-0.1.0/python/build/temp.linux-x86_64-2.7/CMakeFiles/config_pyx.dir/DependInfo.cmake\" is newer than depender \"/opt/apache-arrow-0.1.0/python/build/temp.linux-x86_64-2.7/CMakeFiles/config_pyx.dir/depend.internal\".\nDependee \"/opt/apache-arrow-0.1.0/python/build/temp.linux-x86_64-2.7/CMakeFiles/CMakeDirectoryInformation.cmake\" is newer than depender \"/opt/apache-arrow-0.1.0/python/build/temp.linux-x86_64-2.7/CMakeFiles/config_pyx.dir/depend.internal\".\nScanning dependencies of target config_pyx\nmake[2]: Leaving directory `/opt/apache-arrow-0.1.0/python/build/temp.linux-x86_64-2.7'\nmake -f CMakeFiles/config_pyx.dir/build.make CMakeFiles/config_pyx.dir/build\nmake[2]: Entering directory `/opt/apache-arrow-0.1.0/python/build/temp.linux-x86_64-2.7'\n/usr/bin/cmake -E cmake_progress_report /opt/apache-arrow-0.1.0/python/build/temp.linux-x86_64-2.7/CMakeFiles 4\n[ 47%] Compiling Cython CXX source for config...\n/home/pivarski/.local/bin/cython --cplus --output-file config.cxx /opt/apache-arrow-0.1.0/python/pyarrow/config.pyx\nmake[2]: Leaving directory `/opt/apache-arrow-0.1.0/python/build/temp.linux-x86_64-2.7'\n/usr/bin/cmake -E cmake_progress_report /opt/apache-arrow-0.1.0/python/build/temp.linux-x86_64-2.7/CMakeFiles  4\n[ 47%] Built target config_pyx\nmake -f CMakeFiles/config.dir/build.make CMakeFiles/config.dir/depend\nmake[2]: Entering directory `/opt/apache-arrow-0.1.0/python/build/temp.linux-x86_64-2.7'\ncd /opt/apache-arrow-0.1.0/python/build/temp.linux-x86_64-2.7 && /usr/bin/cmake -E cmake_depends \"Unix Makefiles\" /opt/apache-arrow-0.1.0/python /opt/apache-arrow-0.1.0/python /opt/apache-arrow-0.1.0/python/build/temp.linux-x86_64-2.7 /opt/apache-arrow-0.1.0/python/build/temp.linux-x86_64-2.7 /opt/apache-arrow-0.1.0/python/build/temp.linux-x86_64-2.7/CMakeFiles/config.dir/DependInfo.cmake --color=\nDependee \"/opt/apache-arrow-0.1.0/python/build/temp.linux-x86_64-2.7/CMakeFiles/config.dir/DependInfo.cmake\" is newer than depender \"/opt/apache-arrow-0.1.0/python/build/temp.linux-x86_64-2.7/CMakeFiles/config.dir/depend.internal\".\nDependee \"/opt/apache-arrow-0.1.0/python/build/temp.linux-x86_64-2.7/CMakeFiles/CMakeDirectoryInformation.cmake\" is newer than depender \"/opt/apache-arrow-0.1.0/python/build/temp.linux-x86_64-2.7/CMakeFiles/config.dir/depend.internal\".\nScanning dependencies of target config\nmake[2]: Leaving directory `/opt/apache-arrow-0.1.0/python/build/temp.linux-x86_64-2.7'\nmake -f CMakeFiles/config.dir/build.make CMakeFiles/config.dir/build\nmake[2]: Entering directory `/opt/apache-arrow-0.1.0/python/build/temp.linux-x86_64-2.7'\n/usr/bin/cmake -E cmake_progress_report /opt/apache-arrow-0.1.0/python/build/temp.linux-x86_64-2.7/CMakeFiles 3\n[ 52%] Building CXX object CMakeFiles/config.dir/config.cxx.o\n/usr/bin/c++   -Dconfig_EXPORTS -std=c++11 -Wall -ggdb -O0 -g -fPIC -isystem /usr/lib/python2.7/dist-packages/numpy/core/include -isystem /usr/include/python2.7 -isystem /opt/apache-arrow-0.1.0/python/src -isystem /opt/apache-arrow-0.1.0/cpp/dist/include    -fPIC -Wno-unused-function -o CMakeFiles/config.dir/config.cxx.o -c /opt/apache-arrow-0.1.0/python/build/temp.linux-x86_64-2.7/config.cxx\nLinking CXX shared module config.so\n/usr/bin/cmake -E cmake_link_script CMakeFiles/config.dir/link.txt --verbose=1\n/usr/bin/c++  -fPIC  -std=c++11 -Wall -ggdb -O0 -g -Wl,-undefined,dynamic_lookup   -shared -Wl,-soname,config.so -o config.so CMakeFiles/config.dir/config.cxx.o libpyarrow.so /opt/apache-arrow-0.1.0/cpp/dist/lib/libarrow.so /opt/apache-arrow-0.1.0/cpp/dist/lib/libarrow_io.so -Wl,-rpath,\"\\$ORIGIN:/opt/apache-arrow-0.1.0/cpp/dist/lib\" \nmake[2]: Leaving directory `/opt/apache-arrow-0.1.0/python/build/temp.linux-x86_64-2.7'\n/usr/bin/cmake -E cmake_progress_report /opt/apache-arrow-0.1.0/python/build/temp.linux-x86_64-2.7/CMakeFiles  3\n[ 52%] Built target config\nmake -f CMakeFiles/error_pyx.dir/build.make CMakeFiles/error_pyx.dir/depend\nmake[2]: Entering directory `/opt/apache-arrow-0.1.0/python/build/temp.linux-x86_64-2.7'\ncd /opt/apache-arrow-0.1.0/python/build/temp.linux-x86_64-2.7 && /usr/bin/cmake -E cmake_depends \"Unix Makefiles\" /opt/apache-arrow-0.1.0/python /opt/apache-arrow-0.1.0/python /opt/apache-arrow-0.1.0/python/build/temp.linux-x86_64-2.7 /opt/apache-arrow-0.1.0/python/build/temp.linux-x86_64-2.7 /opt/apache-arrow-0.1.0/python/build/temp.linux-x86_64-2.7/CMakeFiles/error_pyx.dir/DependInfo.cmake --color=\nDependee \"/opt/apache-arrow-0.1.0/python/build/temp.linux-x86_64-2.7/CMakeFiles/error_pyx.dir/DependInfo.cmake\" is newer than depender \"/opt/apache-arrow-0.1.0/python/build/temp.linux-x86_64-2.7/CMakeFiles/error_pyx.dir/depend.internal\".\nDependee \"/opt/apache-arrow-0.1.0/python/build/temp.linux-x86_64-2.7/CMakeFiles/CMakeDirectoryInformation.cmake\" is newer than depender \"/opt/apache-arrow-0.1.0/python/build/temp.linux-x86_64-2.7/CMakeFiles/error_pyx.dir/depend.internal\".\nScanning dependencies of target error_pyx\nmake[2]: Leaving directory `/opt/apache-arrow-0.1.0/python/build/temp.linux-x86_64-2.7'\nmake -f CMakeFiles/error_pyx.dir/build.make CMakeFiles/error_pyx.dir/build\nmake[2]: Entering directory `/opt/apache-arrow-0.1.0/python/build/temp.linux-x86_64-2.7'\n/usr/bin/cmake -E cmake_progress_report /opt/apache-arrow-0.1.0/python/build/temp.linux-x86_64-2.7/CMakeFiles 6\n[ 57%] Compiling Cython CXX source for error...\n/home/pivarski/.local/bin/cython --cplus --output-file error.cxx /opt/apache-arrow-0.1.0/python/pyarrow/error.pyx\nmake[2]: Leaving directory `/opt/apache-arrow-0.1.0/python/build/temp.linux-x86_64-2.7'\n/usr/bin/cmake -E cmake_progress_report /opt/apache-arrow-0.1.0/python/build/temp.linux-x86_64-2.7/CMakeFiles  6\n[ 57%] Built target error_pyx\nmake -f CMakeFiles/error.dir/build.make CMakeFiles/error.dir/depend\nmake[2]: Entering directory `/opt/apache-arrow-0.1.0/python/build/temp.linux-x86_64-2.7'\ncd /opt/apache-arrow-0.1.0/python/build/temp.linux-x86_64-2.7 && /usr/bin/cmake -E cmake_depends \"Unix Makefiles\" /opt/apache-arrow-0.1.0/python /opt/apache-arrow-0.1.0/python /opt/apache-arrow-0.1.0/python/build/temp.linux-x86_64-2.7 /opt/apache-arrow-0.1.0/python/build/temp.linux-x86_64-2.7 /opt/apache-arrow-0.1.0/python/build/temp.linux-x86_64-2.7/CMakeFiles/error.dir/DependInfo.cmake --color=\nDependee \"/opt/apache-arrow-0.1.0/python/build/temp.linux-x86_64-2.7/CMakeFiles/error.dir/DependInfo.cmake\" is newer than depender \"/opt/apache-arrow-0.1.0/python/build/temp.linux-x86_64-2.7/CMakeFiles/error.dir/depend.internal\".\nDependee \"/opt/apache-arrow-0.1.0/python/build/temp.linux-x86_64-2.7/CMakeFiles/CMakeDirectoryInformation.cmake\" is newer than depender \"/opt/apache-arrow-0.1.0/python/build/temp.linux-x86_64-2.7/CMakeFiles/error.dir/depend.internal\".\nScanning dependencies of target error\nmake[2]: Leaving directory `/opt/apache-arrow-0.1.0/python/build/temp.linux-x86_64-2.7'\nmake -f CMakeFiles/error.dir/build.make CMakeFiles/error.dir/build\nmake[2]: Entering directory `/opt/apache-arrow-0.1.0/python/build/temp.linux-x86_64-2.7'\n/usr/bin/cmake -E cmake_progress_report /opt/apache-arrow-0.1.0/python/build/temp.linux-x86_64-2.7/CMakeFiles 5\n[ 61%] Building CXX object CMakeFiles/error.dir/error.cxx.o\n/usr/bin/c++   -Derror_EXPORTS -std=c++11 -Wall -ggdb -O0 -g -fPIC -isystem /usr/lib/python2.7/dist-packages/numpy/core/include -isystem /usr/include/python2.7 -isystem /opt/apache-arrow-0.1.0/python/src -isystem /opt/apache-arrow-0.1.0/cpp/dist/include    -fPIC -Wno-unused-function -o CMakeFiles/error.dir/error.cxx.o -c /opt/apache-arrow-0.1.0/python/build/temp.linux-x86_64-2.7/error.cxx\nLinking CXX shared module error.so\n/usr/bin/cmake -E cmake_link_script CMakeFiles/error.dir/link.txt --verbose=1\n/usr/bin/c++  -fPIC  -std=c++11 -Wall -ggdb -O0 -g -Wl,-undefined,dynamic_lookup   -shared -Wl,-soname,error.so -o error.so CMakeFiles/error.dir/error.cxx.o libpyarrow.so /opt/apache-arrow-0.1.0/cpp/dist/lib/libarrow.so /opt/apache-arrow-0.1.0/cpp/dist/lib/libarrow_io.so -Wl,-rpath,\"\\$ORIGIN:/opt/apache-arrow-0.1.0/cpp/dist/lib\" \nmake[2]: Leaving directory `/opt/apache-arrow-0.1.0/python/build/temp.linux-x86_64-2.7'\n/usr/bin/cmake -E cmake_progress_report /opt/apache-arrow-0.1.0/python/build/temp.linux-x86_64-2.7/CMakeFiles  5\n[ 61%] Built target error\nmake -f CMakeFiles/io_pyx.dir/build.make CMakeFiles/io_pyx.dir/depend\nmake[2]: Entering directory `/opt/apache-arrow-0.1.0/python/build/temp.linux-x86_64-2.7'\ncd /opt/apache-arrow-0.1.0/python/build/temp.linux-x86_64-2.7 && /usr/bin/cmake -E cmake_depends \"Unix Makefiles\" /opt/apache-arrow-0.1.0/python /opt/apache-arrow-0.1.0/python /opt/apache-arrow-0.1.0/python/build/temp.linux-x86_64-2.7 /opt/apache-arrow-0.1.0/python/build/temp.linux-x86_64-2.7 /opt/apache-arrow-0.1.0/python/build/temp.linux-x86_64-2.7/CMakeFiles/io_pyx.dir/DependInfo.cmake --color=\nDependee \"/opt/apache-arrow-0.1.0/python/build/temp.linux-x86_64-2.7/CMakeFiles/io_pyx.dir/DependInfo.cmake\" is newer than depender \"/opt/apache-arrow-0.1.0/python/build/temp.linux-x86_64-2.7/CMakeFiles/io_pyx.dir/depend.internal\".\nDependee \"/opt/apache-arrow-0.1.0/python/build/temp.linux-x86_64-2.7/CMakeFiles/CMakeDirectoryInformation.cmake\" is newer than depender \"/opt/apache-arrow-0.1.0/python/build/temp.linux-x86_64-2.7/CMakeFiles/io_pyx.dir/depend.internal\".\nScanning dependencies of target io_pyx\nmake[2]: Leaving directory `/opt/apache-arrow-0.1.0/python/build/temp.linux-x86_64-2.7'\nmake -f CMakeFiles/io_pyx.dir/build.make CMakeFiles/io_pyx.dir/build\nmake[2]: Entering directory `/opt/apache-arrow-0.1.0/python/build/temp.linux-x86_64-2.7'\n/usr/bin/cmake -E cmake_progress_report /opt/apache-arrow-0.1.0/python/build/temp.linux-x86_64-2.7/CMakeFiles 8\n[ 66%] Compiling Cython CXX source for io...\n/home/pivarski/.local/bin/cython --cplus --output-file io.cxx /opt/apache-arrow-0.1.0/python/pyarrow/io.pyx\nmake[2]: Leaving directory `/opt/apache-arrow-0.1.0/python/build/temp.linux-x86_64-2.7'\n/usr/bin/cmake -E cmake_progress_report /opt/apache-arrow-0.1.0/python/build/temp.linux-x86_64-2.7/CMakeFiles  8\n[ 66%] Built target io_pyx\nmake -f CMakeFiles/io.dir/build.make CMakeFiles/io.dir/depend\nmake[2]: Entering directory `/opt/apache-arrow-0.1.0/python/build/temp.linux-x86_64-2.7'\ncd /opt/apache-arrow-0.1.0/python/build/temp.linux-x86_64-2.7 && /usr/bin/cmake -E cmake_depends \"Unix Makefiles\" /opt/apache-arrow-0.1.0/python /opt/apache-arrow-0.1.0/python /opt/apache-arrow-0.1.0/python/build/temp.linux-x86_64-2.7 /opt/apache-arrow-0.1.0/python/build/temp.linux-x86_64-2.7 /opt/apache-arrow-0.1.0/python/build/temp.linux-x86_64-2.7/CMakeFiles/io.dir/DependInfo.cmake --color=\nDependee \"/opt/apache-arrow-0.1.0/python/build/temp.linux-x86_64-2.7/CMakeFiles/io.dir/DependInfo.cmake\" is newer than depender \"/opt/apache-arrow-0.1.0/python/build/temp.linux-x86_64-2.7/CMakeFiles/io.dir/depend.internal\".\nDependee \"/opt/apache-arrow-0.1.0/python/build/temp.linux-x86_64-2.7/CMakeFiles/CMakeDirectoryInformation.cmake\" is newer than depender \"/opt/apache-arrow-0.1.0/python/build/temp.linux-x86_64-2.7/CMakeFiles/io.dir/depend.internal\".\nScanning dependencies of target io\nmake[2]: Leaving directory `/opt/apache-arrow-0.1.0/python/build/temp.linux-x86_64-2.7'\nmake -f CMakeFiles/io.dir/build.make CMakeFiles/io.dir/build\nmake[2]: Entering directory `/opt/apache-arrow-0.1.0/python/build/temp.linux-x86_64-2.7'\n/usr/bin/cmake -E cmake_progress_report /opt/apache-arrow-0.1.0/python/build/temp.linux-x86_64-2.7/CMakeFiles 7\n[ 71%] Building CXX object CMakeFiles/io.dir/io.cxx.o\n/usr/bin/c++   -Dio_EXPORTS -std=c++11 -Wall -ggdb -O0 -g -fPIC -isystem /usr/lib/python2.7/dist-packages/numpy/core/include -isystem /usr/include/python2.7 -isystem /opt/apache-arrow-0.1.0/python/src -isystem /opt/apache-arrow-0.1.0/cpp/dist/include    -fPIC -Wno-unused-function -o CMakeFiles/io.dir/io.cxx.o -c /opt/apache-arrow-0.1.0/python/build/temp.linux-x86_64-2.7/io.cxx\nLinking CXX shared module io.so\n/usr/bin/cmake -E cmake_link_script CMakeFiles/io.dir/link.txt --verbose=1\n/usr/bin/c++  -fPIC  -std=c++11 -Wall -ggdb -O0 -g -Wl,-undefined,dynamic_lookup   -shared -Wl,-soname,io.so -o io.so CMakeFiles/io.dir/io.cxx.o libpyarrow.so /opt/apache-arrow-0.1.0/cpp/dist/lib/libarrow.so /opt/apache-arrow-0.1.0/cpp/dist/lib/libarrow_io.so -Wl,-rpath,\"\\$ORIGIN:/opt/apache-arrow-0.1.0/cpp/dist/lib\" \nmake[2]: Leaving directory `/opt/apache-arrow-0.1.0/python/build/temp.linux-x86_64-2.7'\n/usr/bin/cmake -E cmake_progress_report /opt/apache-arrow-0.1.0/python/build/temp.linux-x86_64-2.7/CMakeFiles  7\n[ 71%] Built target io\nmake -f CMakeFiles/scalar_pyx.dir/build.make CMakeFiles/scalar_pyx.dir/depend\nmake[2]: Entering directory `/opt/apache-arrow-0.1.0/python/build/temp.linux-x86_64-2.7'\ncd /opt/apache-arrow-0.1.0/python/build/temp.linux-x86_64-2.7 && /usr/bin/cmake -E cmake_depends \"Unix Makefiles\" /opt/apache-arrow-0.1.0/python /opt/apache-arrow-0.1.0/python /opt/apache-arrow-0.1.0/python/build/temp.linux-x86_64-2.7 /opt/apache-arrow-0.1.0/python/build/temp.linux-x86_64-2.7 /opt/apache-arrow-0.1.0/python/build/temp.linux-x86_64-2.7/CMakeFiles/scalar_pyx.dir/DependInfo.cmake --color=\nDependee \"/opt/apache-arrow-0.1.0/python/build/temp.linux-x86_64-2.7/CMakeFiles/scalar_pyx.dir/DependInfo.cmake\" is newer than depender \"/opt/apache-arrow-0.1.0/python/build/temp.linux-x86_64-2.7/CMakeFiles/scalar_pyx.dir/depend.internal\".\nDependee \"/opt/apache-arrow-0.1.0/python/build/temp.linux-x86_64-2.7/CMakeFiles/CMakeDirectoryInformation.cmake\" is newer than depender \"/opt/apache-arrow-0.1.0/python/build/temp.linux-x86_64-2.7/CMakeFiles/scalar_pyx.dir/depend.internal\".\nScanning dependencies of target scalar_pyx\nmake[2]: Leaving directory `/opt/apache-arrow-0.1.0/python/build/temp.linux-x86_64-2.7'\nmake -f CMakeFiles/scalar_pyx.dir/build.make CMakeFiles/scalar_pyx.dir/build\nmake[2]: Entering directory `/opt/apache-arrow-0.1.0/python/build/temp.linux-x86_64-2.7'\n/usr/bin/cmake -E cmake_progress_report /opt/apache-arrow-0.1.0/python/build/temp.linux-x86_64-2.7/CMakeFiles 17\n[ 76%] Compiling Cython CXX source for scalar...\n/home/pivarski/.local/bin/cython --cplus --output-file scalar.cxx /opt/apache-arrow-0.1.0/python/pyarrow/scalar.pyx\nTraceback (most recent call last):\n  File \"/home/pivarski/.local/bin/cython\", line 6, in <module>\n    from pkg_resources import load_entry_point\n  File \"/home/pivarski/.local/lib/python2.7/site-packages/pkg_resources/__init__.py\", line 21, in <module>\n    import io\nImportError: /opt/apache-arrow-0.1.0/python/build/temp.linux-x86_64-2.7/libpyarrow.so: undefined symbol: pyarrow_ARRAY_API\nmake[2]: *** [CMakeFiles/scalar_pyx] Error 1\nmake[2]: Leaving directory `/opt/apache-arrow-0.1.0/python/build/temp.linux-x86_64-2.7'\nmake[1]: *** [CMakeFiles/scalar_pyx.dir/all] Error 2\nmake[1]: Leaving directory `/opt/apache-arrow-0.1.0/python/build/temp.linux-x86_64-2.7'\nmake: *** [all] Error 2\nerror: command 'make' failed with exit status 2\n```\n\nAnd just to show that the error message isn't literally true:\n\n```\n% nm /opt/apache-arrow-0.1.0/python/build/temp.linux-x86_64-2.7/libpyarrow.so | fgrep pyarrow_ARRAY_API\n                 U pyarrow_ARRAY_API\n```\n\n\n"
        },
        {
            "created_at": "2016-10-19T13:58:44.134Z",
            "body": "***Note**: [Comment](https://issues.apache.org/jira/browse/ARROW-230?focusedCommentId=15588843) by Wes McKinney (wesm):*\nThis problem is caused by setuptools because `bin/cython`, which has been munged by setuptools to import `pkg_resources` is being invoked in the same directory where the built shared libraries are being created. I don't think that renaming the module is the approriate fix, will require some tweaks to the way the Cython modules are being built in the CMakeLists.txt"
        },
        {
            "created_at": "2016-10-19T13:59:44.667Z",
            "body": "***Note**: [Comment](https://issues.apache.org/jira/browse/ARROW-230?focusedCommentId=15588846) by Wes McKinney (wesm):*\nNote that you can get up and running by setting up a conda environment (which shouldn't have this issue) instead of using system Python + setuptools/virtualenv"
        },
        {
            "created_at": "2016-10-19T21:59:11.061Z",
            "body": "***Note**: [Comment](https://issues.apache.org/jira/browse/ARROW-230?focusedCommentId=15589997) by Jim Pivarski (jpivarski):*\nI didn't have any luck with that, but it's a different issue, so I created it here: <https://issues.apache.org/jira/browse/ARROW-344>."
        },
        {
            "created_at": "2016-10-29T01:36:31.552Z",
            "body": "***Note**: [Comment](https://issues.apache.org/jira/browse/ARROW-230?focusedCommentId=15617170) by Wes McKinney (wesm):*\nThis problem should be fixed by https://github.com/apache/arrow/pull/187"
        },
        {
            "created_at": "2016-11-03T17:21:20.132Z",
            "body": "***Note**: [Comment](https://issues.apache.org/jira/browse/ARROW-230?focusedCommentId=15633528) by Wes McKinney (wesm):*\nResolved by https://github.com/apache/arrow/commit/d4148759a266d90dacd1ca2b7b7ff0df7e02578a"
        }
    ]
}