{
    "issue": {
        "title": "[Java] TestArrowReaderWriter.testFileFooterSizeOverflow causes a failure on s390x",
        "body": "***Note**: This issue was originally created as [ARROW-17112](https://issues.apache.org/jira/browse/ARROW-17112). Please see the [migration documentation](https://gist.github.com/toddfarmer/12aa88361532d21902818a6044fda4c3) for further details.*\n\n### Original Issue Description:\nOn big-endian plantform such as s390x, `TestArrowReaderWriter.testFileFooterSizeOverflow` causes a failure.\r\n\r\n```Java\n\r\n[INFO] Results:\r\n\r\n[INFO]\u00a0\r\n\r\n[ERROR] Failures:\u00a0\r\n\r\n[ERROR] \u00a0 TestArrowReaderWriter.testFileFooterSizeOverflow:913 expected:<...alid footer length: [2147483647]> but was:<...alid footer length: [-129]>\r\n\r\n[INFO]\u00a0\r\n\r\n[ERROR] Tests run: 610, Failures: 1, Errors: 0, Skipped: 4\r\n\r\n[INFO]\u00a0\r\n\r\n[INFO] ------------------------------------------------------------------------\r\n\r\n[INFO] Reactor Summary:\r\n\r\n[INFO]\u00a0\r\n\r\n[INFO] Apache Arrow Java Root POM 9.0.0-SNAPSHOT .......... SUCCESS [ \u00a02.182 s]\r\n\r\n[INFO] Arrow Format ....................................... SUCCESS [ \u00a00.995 s]\r\n\r\n[INFO] Arrow Memory ....................................... SUCCESS [ \u00a00.761 s]\r\n\r\n[INFO] Arrow Memory - Core ................................ SUCCESS [ \u00a01.582 s]\r\n\r\n[INFO] Arrow Memory - Unsafe .............................. SUCCESS [ \u00a01.600 s]\r\n\r\n[INFO] Arrow Memory - Netty ............................... SUCCESS [ \u00a01.966 s]\r\n\r\n[INFO] Arrow Vectors ...................................... FAILURE [ 16.779 s]\r\n\r\n[INFO] Arrow Compression .................................. SKIPPED\r\n\r\n[INFO] Arrow Tools ........................................ SKIPPED\r\n\r\n[INFO] Arrow JDBC Adapter ................................. SKIPPED\r\n\r\n[INFO] Arrow Plasma Client ................................ SUCCESS [ \u00a01.171 s]\r\n\r\n[INFO] Arrow Flight ....................................... SUCCESS [ \u00a00.741 s]\r\n\r\n[INFO] Arrow Flight Core .................................. SKIPPED\r\n\r\n[INFO] Arrow Flight GRPC .................................. SKIPPED\r\n\r\n[INFO] Arrow Flight SQL ................................... SKIPPED\r\n\r\n[INFO] Arrow Flight Integration Tests ..................... SKIPPED\r\n\r\n[INFO] Arrow AVRO Adapter ................................. SKIPPED\r\n\r\n[INFO] Arrow Algorithms ................................... SKIPPED\r\n\r\n[INFO] Arrow Performance Benchmarks 9.0.0-SNAPSHOT ........ SKIPPED\r\n\r\n[INFO] ------------------------------------------------------------------------\r\n\r\n[INFO] BUILD FAILURE\r\n\r\n[INFO] ------------------------------------------------------------------------\r\n\r\n[INFO] Total time: 23.584 s (Wall Clock)\r\n\r\n[INFO] Finished at: 2022-07-18T12:32:21Z\r\n\r\n[INFO] ------------------------------------------------------------------------\r\n\r\n[ERROR] Failed to execute goal org.apache.maven.plugins:maven-surefire-plugin:3.0.0-M3:test (default-test) on project arrow-vector: There are test failures.\r\n```",
        "created_at": "2022-07-18T17:57:13.000Z",
        "updated_at": "2022-07-19T11:41:46.000Z",
        "labels": [
            "Migrated from Jira",
            "Component: Java",
            "Type: bug"
        ],
        "closed": true,
        "closed_at": "2022-07-19T01:46:10.000Z"
    },
    "comments": [
        {
            "created_at": "2022-07-19T01:46:10.635Z",
            "body": "***Note**: [Comment](https://issues.apache.org/jira/browse/ARROW-17112?focusedCommentId=17568267) by Kouhei Sutou (kou):*\nIssue resolved by pull request 13638\n<https://github.com/apache/arrow/pull/13638>"
        }
    ]
}