{
    "issue": {
        "title": "[C++] arrow-utility-test and arrow-csv-test causes failures on a big-endian platform",
        "body": "***Note**: This issue was originally created as [ARROW-10610](https://issues.apache.org/jira/browse/ARROW-10610). Please see the [migration documentation](https://gist.github.com/toddfarmer/12aa88361532d21902818a6044fda4c3) for further details.*\n\n### Original Issue Description:\nAfter <https://github.com/apache/arrow/pull/8494>\u00a0has been merged, the following tests, which use `1eN` format, cause failures.\r\n\r\n```Java\n\r\n[ RUN      ] FloatingPointConversion.Basics\r\n/arrow/cpp/src/arrow/testing/gtest_util.cc:128: Failure\r\nFailed\r\n@@ -1, +1 @@\r\n--1e+30\r\n+0\r\n[  FAILED  ] FloatingPointConversion.Basics (3 ms)\r\n\r\n...\r\n\r\n[ RUN      ] StringConversion.ToFloat\r\n/arrow/cpp/src/arrow/util/value_parsing_test.cc:35: Failure\r\nExpected equality of these values:\r\n  out\r\n    Which is: 0\r\n  expected\r\n    Which is: -1e+20\r\nConversion failed for '-1e20'\r\n[  FAILED  ] StringConversion.ToFloat (0 ms)\r\n```\r\n",
        "created_at": "2020-11-16T08:55:29.000Z",
        "updated_at": "2020-11-23T17:45:13.000Z",
        "labels": [
            "Migrated from Jira",
            "Component: C++",
            "Type: bug"
        ],
        "closed": true,
        "closed_at": "2020-11-23T17:45:13.000Z"
    },
    "comments": [
        {
            "created_at": "2020-11-23T17:45:13.082Z",
            "body": "***Note**: [Comment](https://issues.apache.org/jira/browse/ARROW-10610?focusedCommentId=17237546) by Antoine Pitrou (apitrou):*\nIssue resolved by pull request 8747\n<https://github.com/apache/arrow/pull/8747>"
        }
    ]
}