{
    "issue": {
        "title": "[C++] cuda-test failure",
        "body": "***Note**: This issue was originally created as [ARROW-3879](https://issues.apache.org/jira/browse/ARROW-3879). Please see the [migration documentation](https://gist.github.com/toddfarmer/12aa88361532d21902818a6044fda4c3) for further details.*\n\n### Original Issue Description:\nThis seems to have started recently. Weirdly, the test passes if I run `cuda-test` directly:\r\n```Java\n\r\n$ ctest -V -R cuda\r\nUpdateCTestConfiguration  from :/home/antoine/arrow/cpp/build-test/DartConfiguration.tcl\r\nUpdateCTestConfiguration  from :/home/antoine/arrow/cpp/build-test/DartConfiguration.tcl\r\nTest project /home/antoine/arrow/cpp/build-test\r\nConstructing a list of tests\r\nDone constructing a list of tests\r\nUpdating test list for fixtures\r\nAdded 0 tests to meet fixture requirements\r\nChecking test dependency graph...\r\nChecking test dependency graph end\r\ntest 16\r\n    Start 16: cuda-test\r\n\r\n16: Test command: /home/antoine/arrow/cpp/build-support/run-test.sh \"/home/antoine/arrow/cpp/build-test\" \"test\" \"/home/antoine/arrow/cpp/build-test/debug//cuda-test\"\r\n16: Test timeout computed to be: 10000000\r\n16: Running cuda-test, redirecting output into /home/antoine/arrow/cpp/build-test/build/test-logs/cuda-test.txt (attempt 1/1)\r\n16: Running main() from gtest_main.cc\r\n16: [==========] Running 8 tests from 4 test cases.\r\n16: [----------] Global test environment set-up.\r\n16: [----------] 3 tests from TestCudaBuffer\r\n16: [ RUN      ] TestCudaBuffer.Allocate\r\n16: [       OK ] TestCudaBuffer.Allocate (59 ms)\r\n16: [ RUN      ] TestCudaBuffer.CopyFromHost\r\n16: [       OK ] TestCudaBuffer.CopyFromHost (0 ms)\r\n16: [ RUN      ] TestCudaBuffer.FromBuffer\r\n16: [       OK ] TestCudaBuffer.FromBuffer (1 ms)\r\n16: [----------] 3 tests from TestCudaBuffer (60 ms total)\r\n16: \r\n16: [----------] 3 tests from TestCudaBufferWriter\r\n16: [ RUN      ] TestCudaBufferWriter.UnbufferedWrites\r\n16: [       OK ] TestCudaBufferWriter.UnbufferedWrites (3 ms)\r\n16: [ RUN      ] TestCudaBufferWriter.BufferedWrites\r\n16: [       OK ] TestCudaBufferWriter.BufferedWrites (3 ms)\r\n16: [ RUN      ] TestCudaBufferWriter.EdgeCases\r\n16: [       OK ] TestCudaBufferWriter.EdgeCases (2 ms)\r\n16: [----------] 3 tests from TestCudaBufferWriter (8 ms total)\r\n16: \r\n16: [----------] 1 test from TestCudaBufferReader\r\n16: [ RUN      ] TestCudaBufferReader.Basics\r\n16: [       OK ] TestCudaBufferReader.Basics (0 ms)\r\n16: [----------] 1 test from TestCudaBufferReader (0 ms total)\r\n16: \r\n16: [----------] 1 test from TestCudaArrowIpc\r\n16: [ RUN      ] TestCudaArrowIpc.BasicWriteRead\r\n16: ../src/arrow/gpu/cuda-test.cc:331: Failure\r\n16: Failed\r\n16: 'ReadRecordBatch(batch->schema(), device_serialized, default_memory_pool(), &device_batch)' failed with Invalid: Message is length 0\r\n16: [  FAILED  ] TestCudaArrowIpc.BasicWriteRead (5 ms)\r\n16: [----------] 1 test from TestCudaArrowIpc (5 ms total)\r\n16: \r\n16: [----------] Global test environment tear-down\r\n16: [==========] 8 tests from 4 test cases ran. (73 ms total)\r\n16: [  PASSED  ] 7 tests.\r\n16: [  FAILED  ] 1 test, listed below:\r\n16: [  FAILED  ] TestCudaArrowIpc.BasicWriteRead\r\n16: \r\n16:  1 FAILED TEST\r\n16:   YOU HAVE 1 DISABLED TEST\r\n16: \r\n16: ~/arrow/cpp/build-test/src/arrow/gpu\r\n1/1 Test #16: cuda-test ........................***Failed    0.15 sec\r\n\r\n0% tests passed, 1 tests failed out of 1\r\n\r\nLabel Time Summary:\r\nunittest    =   0.15 sec*proc (1 test)\r\n\r\nTotal Test time (real) =   0.16 sec\r\n\r\nThe following tests FAILED:\r\n\t 16 - cuda-test (Failed)\r\nErrors while running CTest\r\n```\r\n",
        "created_at": "2018-11-26T13:21:26.000Z",
        "updated_at": "2018-12-17T16:07:35.000Z",
        "labels": [
            "Migrated from Jira",
            "Component: C++",
            "Component: GPU",
            "Type: bug"
        ],
        "closed": true,
        "closed_at": "2018-12-17T16:07:24.000Z"
    },
    "comments": [
        {
            "created_at": "2018-11-26T14:06:40.164Z",
            "body": "***Note**: [Comment](https://issues.apache.org/jira/browse/ARROW-3879?focusedCommentId=16698993) by Antoine Pitrou (apitrou):*\ncc `[~pearu]`"
        },
        {
            "created_at": "2018-12-07T09:37:30.559Z",
            "body": "***Note**: [Comment](https://issues.apache.org/jira/browse/ARROW-3879?focusedCommentId=16712542) by Antoine Pitrou (apitrou):*\nThere must have been something wrong in my build files. After I cleaned up the git working copy, I don't have this issue anymore."
        },
        {
            "created_at": "2018-12-17T13:50:26.690Z",
            "body": "***Note**: [Comment](https://issues.apache.org/jira/browse/ARROW-3879?focusedCommentId=16722994) by Antoine Pitrou (apitrou):*\nI'm having this again, reopening."
        },
        {
            "created_at": "2018-12-17T13:52:55.448Z",
            "body": "***Note**: [Comment](https://issues.apache.org/jira/browse/ARROW-3879?focusedCommentId=16722996) by Antoine Pitrou (apitrou):*\nI've determined that the test fails if I run it from the cmake build directory, not from a higher level directory:\r\n```Java\n\r\n$ ./debug/arrow-cuda-test \r\n[...]\r\n[----------] 1 test from TestCudaArrowIpc\r\n[ RUN      ] TestCudaArrowIpc.BasicWriteRead\r\n../src/arrow/gpu/cuda-test.cc:331: Failure\r\nFailed\r\n'ReadRecordBatch(batch->schema(), device_serialized, default_memory_pool(), &device_batch)' failed with Invalid: Message is length 0\r\n[  FAILED  ] TestCudaArrowIpc.BasicWriteRead (4 ms)\r\n[...]\r\n```\r\n\r\n```Java\n\r\n$ ./build-test/debug/arrow-cuda-test \r\n[...]\r\n[----------] 1 test from TestCudaArrowIpc\r\n[ RUN      ] TestCudaArrowIpc.BasicWriteRead\r\n[       OK ] TestCudaArrowIpc.BasicWriteRead (6 ms)\r\n[----------] 1 test from TestCudaArrowIpc (6 ms total)\r\n[...]\r\n```"
        },
        {
            "created_at": "2018-12-17T13:56:09.505Z",
            "body": "***Note**: [Comment](https://issues.apache.org/jira/browse/ARROW-3879?focusedCommentId=16722997) by Antoine Pitrou (apitrou):*\nAlso, it seems that passing an option can be enough to let the test pass:\r\n```Java\n\r\n$ ./debug/arrow-cuda-test --gtest_print_time=1\r\n[...]\r\n[----------] 1 test from TestCudaArrowIpc\r\n[ RUN      ] TestCudaArrowIpc.BasicWriteRead\r\n[       OK ] TestCudaArrowIpc.BasicWriteRead (5 ms)\r\n[----------] 1 test from TestCudaArrowIpc (5 ms total)\r\n[...]\r\n```\r\n"
        },
        {
            "created_at": "2018-12-17T16:07:24.270Z",
            "body": "***Note**: [Comment](https://issues.apache.org/jira/browse/ARROW-3879?focusedCommentId=16723113) by Wes McKinney (wesm):*\nIssue resolved by pull request 3200\n<https://github.com/apache/arrow/pull/3200>"
        }
    ]
}