{
    "issue": {
        "title": "[C++] Recursive ccache invocation error",
        "body": "***Note**: This issue was originally created as [ARROW-16016](https://issues.apache.org/jira/browse/ARROW-16016). Please see the [migration documentation](https://gist.github.com/toddfarmer/12aa88361532d21902818a6044fda4c3) for further details.*\n\n### Original Issue Description:\nWhen you try to enable ccache globally by setting the `CMAKE_CXX_COMPILER_LAUNCHER` environment variable to `ccache`, compiling Arrow can fail with the following errors:\r\n```Java\n\r\n[1/430] Building CXX object src/arrow/CMakeFiles/arrow_objlib.dir/array/array_base.cc.o\r\nFAILED: src/arrow/CMakeFiles/arrow_objlib.dir/array/array_base.cc.o \r\n/usr/bin/ccache ccache /usr/bin/clang++-10 -DARROW_EXPORTING -DARROW_HAVE_RUNTIME_AVX2 -DARROW_HAVE_RUNTIME_AVX512 -DARROW_HAVE_RUNTIME_BMI2 -DARROW_HAVE_RUNTIME_SSE4_2 -DARROW_HAVE_SSE4_2 -DARROW_HDFS -DARROW_JEMALLOC -DARROW_JEMALLOC_INCLUDE_DIR=\"\" -DARROW_MIMALLOC -DARROW_WITH_BACKTRACE -DARROW_WITH_BENCHMARKS_REFERENCE -DARROW_WITH_BROTLI -DARROW_WITH_BZ2 -DARROW_WITH_LZ4 -DARROW_WITH_RE2 -DARROW_WITH_SNAPPY -DARROW_WITH_TIMING_TESTS -DARROW_WITH_UTF8PROC -DARROW_WITH_ZLIB -DARROW_WITH_ZSTD -DURI_STATIC_BUILD -I/home/antoine/arrow/dev/cpp/build-release/src -I/home/antoine/arrow/dev/cpp/src -I/home/antoine/arrow/dev/cpp/src/generated -isystem /home/antoine/arrow/dev/cpp/thirdparty/flatbuffers/include -isystem /home/antoine/miniconda3/envs/pyarrow/include -isystem /home/antoine/arrow/dev/cpp/build-release/jemalloc_ep-prefix/src -isystem /home/antoine/arrow/dev/cpp/build-release/mimalloc_ep/src/mimalloc_ep/include/mimalloc-1.7 -isystem /home/antoine/arrow/dev/cpp/build-release/xsimd_ep/src/xsimd_ep-install/include -isystem /home/antoine/arrow/dev/cpp/thirdparty/hadoop/include -Qunused-arguments -fcolor-diagnostics  -Wall -Wextra -Wdocumentation -Wno-missing-braces -Wno-unused-parameter -Wno-constant-logical-operand -Wno-unknown-warning-option -Wno-pass-failed -msse4.2  -O2 -g -DNDEBUG -fPIC -std=c++11 -MD -MT src/arrow/CMakeFiles/arrow_objlib.dir/array/array_base.cc.o -MF src/arrow/CMakeFiles/arrow_objlib.dir/array/array_base.cc.o.d -o src/arrow/CMakeFiles/arrow_objlib.dir/array/array_base.cc.o -c /home/antoine/arrow/dev/cpp/src/arrow/array/array_base.cc\r\nccache: error: Recursive invocation (the name of the ccache binary must be \"ccache\")\r\n```\r\n\r\nI'm not sure what triggers this exactly because I get the issue with a certain build configuration and not another.",
        "created_at": "2022-03-24T08:00:48.000Z",
        "updated_at": "2022-03-28T18:11:44.000Z",
        "labels": [
            "Migrated from Jira",
            "Component: C++",
            "Type: bug"
        ],
        "closed": true,
        "closed_at": "2022-03-24T20:23:55.000Z"
    },
    "comments": [
        {
            "created_at": "2022-03-24T20:23:55.595Z",
            "body": "***Note**: [Comment](https://issues.apache.org/jira/browse/ARROW-16016?focusedCommentId=17512078) by Kouhei Sutou (kou):*\nIssue resolved by pull request 12703\n<https://github.com/apache/arrow/pull/12703>"
        }
    ]
}