{
    "issue": {
        "title": "[C++] static libgflags.a fails to link properly in gcc 4.x",
        "body": "***Note**: This issue was originally created as [ARROW-8700](https://issues.apache.org/jira/browse/ARROW-8700). Please see the [migration documentation](https://gist.github.com/toddfarmer/12aa88361532d21902818a6044fda4c3) for further details.*\n\n### Original Issue Description:\nI am seeing this with gcc 4.8 on Ubuntu 18.04\r\n\r\n```Java\n\r\n$ ninja\r\n[55/179] Linking CXX executable release/arrow-json-integration-test\r\nFAILED: release/arrow-json-integration-test \r\n: && /usr/bin/ccache /usr/bin/g++-4.8  -O3 -DNDEBUG  -Wall -Wno-attributes -msse4.2  -O3 -DNDEBUG  -rdynamic src/arrow/ipc/CMakeFiles/arrow-json-integration-test.dir/json_integration_test.cc.o  -o release/arrow-json-integration-test  -Wl,-rpath,/home/wesm/code/arrow/cpp/build-4.8/release release/libarrow_testing.so.18.0.0 release/libarrow.so.18.0.0 -ldl release//libgtest_main.so release//libgtest.so release//libgmock.so boost_ep-prefix/src/boost_ep/stage/lib/libboost_filesystem.a boost_ep-prefix/src/boost_ep/stage/lib/libboost_system.a -ldl ../bundled/gflags_ep-prefix/src/gflags_ep/lib/libgflags.a jemalloc_ep-prefix/src/jemalloc_ep/dist//lib/libjemalloc_pic.a -pthread -lrt -lpthread && :\r\nsrc/arrow/ipc/CMakeFiles/arrow-json-integration-test.dir/json_integration_test.cc.o: In function `_GLOBAL__sub_I__ZN3fLS11FLAGS_arrowE':\r\njson_integration_test.cc:(.text.startup+0x1cc): undefined reference to `google::FlagRegisterer::FlagRegisterer<std::string>(char const*, char const*, char const*, std::string*, std::string*)'\r\njson_integration_test.cc:(.text.startup+0x275): undefined reference to `google::FlagRegisterer::FlagRegisterer<std::string>(char const*, char const*, char const*, std::string*, std::string*)'\r\njson_integration_test.cc:(.text.startup+0x317): undefined reference to `google::FlagRegisterer::FlagRegisterer<std::string>(char const*, char const*, char const*, std::string*, std::string*)'\r\ncollect2: error: ld returned 1 exit status\r\n[88/179] Building CXX object src/arrow/ipc/CMakeFiles/arrow-ipc-read-write-test.dir/read_write_test.cc.o\r\nninja: build stopped: subcommand failed.\r\n```\r\n\r\nCMake invocation\r\n\r\n```Java\n\r\n$ cmake .. -GNinja -DARROW_GANDIVA=ON -DARROW_CSV=ON -DARROW_BUILD_TESTS=ON -DARROW_BUILD_BENCHMARKS=ON\r\n```",
        "created_at": "2020-05-05T00:25:34.000Z",
        "updated_at": "2020-05-05T00:37:42.000Z",
        "labels": [
            "Migrated from Jira",
            "Component: C++",
            "Type: bug"
        ],
        "closed": true,
        "closed_at": "2020-05-05T00:37:42.000Z"
    },
    "comments": [
        {
            "created_at": "2020-05-05T00:25:58.152Z",
            "body": "***Note**: [Comment](https://issues.apache.org/jira/browse/ARROW-8700?focusedCommentId=17099435) by Wes McKinney (wesm):*\nSeems possibly related to https://github.com/gflags/gflags/issues/203"
        },
        {
            "created_at": "2020-05-05T00:37:42.850Z",
            "body": "***Note**: [Comment](https://issues.apache.org/jira/browse/ARROW-8700?focusedCommentId=17099441) by Wes McKinney (wesm):*\nThis turned out to be a problem with my development environment"
        }
    ]
}