{
    "issue": {
        "title": "[Python][CI] Build with pandas master/nightly failure related to timedelta64 resolution",
        "body": "***Note**: This issue was originally created as [ARROW-18088](https://issues.apache.org/jira/browse/ARROW-18088). Please see the [migration documentation](https://gist.github.com/toddfarmer/12aa88361532d21902818a6044fda4c3) for further details.*\n\n### Original Issue Description:\nThe nightly python builds using the pandas development version are failing: https://github.com/ursacomputing/crossbow/actions/runs/3269767207/jobs/5377649455\r\n\r\nExample failure:\r\n\r\n```Java\n\r\n ____________________ test_parquet_2_0_roundtrip[None-True] _____________________\r\n\r\ntempdir = PosixPath('/tmp/pytest-of-root/pytest-0/test_parquet_2_0_roundtrip_Non0')\r\nchunk_size = None, use_legacy_dataset = True\r\n\r\n    @pytest.mark.pandas\r\n    @parametrize_legacy_dataset\r\n    @pytest.mark.parametrize('chunk_size', [None, 1000])\r\n    def test_parquet_2_0_roundtrip(tempdir, chunk_size, use_legacy_dataset):\r\n        df = alltypes_sample(size=10000, categorical=True)\r\n    \r\n        filename = tempdir / 'pandas_roundtrip.parquet'\r\n        arrow_table = pa.Table.from_pandas(df)\r\n        assert arrow_table.schema.pandas_metadata is not None\r\n    \r\n        _write_table(arrow_table, filename, version='2.6',\r\n                     coerce_timestamps='ms', chunk_size=chunk_size)\r\n        table_read = pq.read_pandas(\r\n            filename, use_legacy_dataset=use_legacy_dataset)\r\n        assert table_read.schema.pandas_metadata is not None\r\n    \r\n        read_metadata = table_read.schema.metadata\r\n        assert arrow_table.schema.metadata == read_metadata\r\n    \r\n        df_read = table_read.to_pandas()\r\n>       tm.assert_frame_equal(df, df_read)\r\nE       AssertionError: Attributes of DataFrame.iloc[:, 12] (column name=\"timedelta\") are different\r\nE       \r\nE       Attribute \"dtype\" are different\r\nE       [left]:  timedelta64[s]\r\nE       [right]: timedelta64[ns]\r\n\r\nopt/conda/envs/arrow/lib/python3.9/site-packages/pyarrow/tests/parquet/test_data_types.py:76: AssertionError\r\n```",
        "created_at": "2022-10-18T16:05:01.000Z",
        "updated_at": "2022-10-21T12:56:43.000Z",
        "labels": [
            "Migrated from Jira",
            "Component: Python",
            "Type: test"
        ],
        "closed": true,
        "closed_at": "2022-10-21T12:56:43.000Z"
    },
    "comments": [
        {
            "created_at": "2022-10-19T15:31:27.774Z",
            "body": "***Note**: [Comment](https://issues.apache.org/jira/browse/ARROW-18088?focusedCommentId=17620415) by Joris Van den Bossche (jorisvandenbossche):*\nIt's just a test fix, nothing crucial for 10.0, but it might be the easiest to tag this for 10.0 anyway, to have a greener build status? "
        },
        {
            "created_at": "2022-10-21T12:56:43.422Z",
            "body": "***Note**: [Comment](https://issues.apache.org/jira/browse/ARROW-18088?focusedCommentId=17622239) by Joris Van den Bossche (jorisvandenbossche):*\nIssue resolved by pull request 14460\n<https://github.com/apache/arrow/pull/14460>"
        }
    ]
}