{
    "issue": {
        "title": "[C++][Build] Cannot build with Parquet/Thrift support on CentOS 7",
        "body": "***Note**: This issue was originally created as [ARROW-14160](https://issues.apache.org/jira/browse/ARROW-14160). Please see the [migration documentation](https://gist.github.com/toddfarmer/12aa88361532d21902818a6044fda4c3) for further details.*\n\n### Original Issue Description:\nCannot compile the C++ library for Arrow 3.0.0 in CentOS 7. It breaks if I set `ARROW_PARQUET=ON`. It stops while trying to build `thrift_ep`\r\n\r\n\u00a0\r\n```java\n\r\n> scl enable devtoolset-3 \"cmake3 .. \\\r\n -DARROW_PARQUET=ON  \\\r\n -DARROW_WITH_LZ4=ON \\\r\n -DARROW_WITH_ZLIB=ON \\\r\n -DARROW_COMPUTE=ON \\\r\n -DCMAKE_CXX_COMPILER=/opt/rh/devtoolset-3/root/usr/bin/g++ \\\r\n -DCMAKE_C_COMPILER=/opt/rh/devtoolset-3/root/usr/bin/gcc \\\r\n -DCMAKE_INSTALL_PREFIX=/opt/apache-arrow\"\r\n...\r\napache-arrow-3.0.0/cpp/build> make\r\nScanning dependencies of target jemalloc_ep\r\n[ 1%] Creating directories for 'jemalloc_ep'\r\n[ 1%] Performing download step (download, verify and extract) for\r\n'jemalloc_ep'\r\n-- jemalloc_ep download command succeeded. See also\r\napache-arrow-3.0.0/cpp/build/jemalloc_ep-prefix/src/jemalloc_ep-stamp/jemalloc_ep-download-*.log\r\n[ 2%] Performing patch step for 'jemalloc_ep'\r\n[ 2%] No update step for 'jemalloc_ep'\r\n[ 2%] Performing configure step for 'jemalloc_ep'\r\n-- jemalloc_ep configure command succeeded. See also\r\napache-arrow-3.0.0/cpp/build/jemalloc_ep-prefix/src/jemalloc_ep-stamp/jemalloc_ep-configure-*.log\r\n[ 3%] Performing build step for 'jemalloc_ep'\r\n-- jemalloc_ep build command succeeded. See also\r\napache-arrow-3.0.0/cpp/build/jemalloc_ep-prefix/src/jemalloc_ep-stamp/jemalloc_ep-build-*.log\r\n[ 3%] Performing install step for 'jemalloc_ep'\r\n-- jemalloc_ep install command succeeded. See also\r\napache-arrow-3.0.0/cpp/build/jemalloc_ep-prefix/src/jemalloc_ep-stamp/jemalloc_ep-install-*.log\r\n[ 4%] Completed 'jemalloc_ep'\r\n[ 4%] Built target jemalloc_ep\r\nScanning dependencies of target boost_ep\r\n[ 4%] Creating directories for 'boost_ep'\r\n[ 5%] Performing download step (download, verify and extract) for\r\n'boost_ep'\r\n-- boost_ep download command succeeded. See also\r\napache-arrow-3.0.0/cpp/build/boost_ep-prefix/src/boost_ep-stamp/boost_ep-download-*.log\r\n[ 5%] No patch step for 'boost_ep'\r\n[ 5%] No update step for 'boost_ep'\r\n[ 6%] No configure step for 'boost_ep'\r\n[ 6%] No build step for 'boost_ep'\r\n[ 7%] No install step for 'boost_ep'\r\n[ 7%] Completed 'boost_ep'\r\n[ 7%] Built target boost_ep\r\nScanning dependencies of target thrift_ep\r\n[ 7%] Creating directories for 'thrift_ep'\r\n[ 7%] Performing download step (download, verify and extract) for\r\n'thrift_ep'\r\n-- thrift_ep download command succeeded. See also\r\napache-arrow-3.0.0/cpp/build/thrift_ep-prefix/src/thrift_ep-stamp/thrift_ep-download-*.log\r\n[ 7%] No patch step for 'thrift_ep'\r\n[ 8%] No update step for 'thrift_ep'\r\n[ 9%] Performing configure step for 'thrift_ep'\r\n-- thrift_ep configure command succeeded. See also\r\napache-arrow-3.0.0/cpp/build/thrift_ep-prefix/src/thrift_ep-stamp/thrift_ep-configure-*.log\r\n[ 9%] Performing build step for 'thrift_ep'\r\n-- thrift_ep build command succeeded. See also\r\napache-arrow-3.0.0/cpp/build/thrift_ep-prefix/src/thrift_ep-stamp/thrift_ep-build-*.log\r\n[ 10%] Performing install step for 'thrift_ep'\r\nCMake Error at\r\napache-arrow-3.0.0/cpp/build/thrift_ep-prefix/src/thrift_ep-stamp/thrift_ep-install-RELEASE.cmake:37\r\n(message):\r\n Command failed: 2\r\n'make' 'install'\r\nSee also\r\n\r\napache-arrow-3.0.0/cpp/build/thrift_ep-prefix/src/thrift_ep-stamp/thrift_ep-install-*.log\r\n\r\n-- stdout output is:\r\n-- stderr output is:\r\nmake[3]: *** No rule to make target `install'. Stop.\r\nCMake Error at\r\napache-arrow-3.0.0/cpp/build/thrift_ep-prefix/src/thrift_ep-stamp/thrift_ep-install-RELEASE.cmake:47\r\n(message):\r\n Stopping after outputting logs.\r\n\r\nmake[2]: *** [thrift_ep-prefix/src/thrift_ep-stamp/thrift_ep-install] Error\r\n1\r\nmake[1]: *** [CMakeFiles/thrift_ep.dir/all] Error 2\r\nmake: *** [all] Error 2\r\n\r\n> cat\r\napache-arrow-3.0.0/cpp/build/thrift_ep-prefix/src/thrift_ep-stamp/thrift_ep-install-*.log\r\nmake[3]: *** No rule to make target `install'. Stop.\r\n```\r\n\u00a0\r\n\r\n\u00a0",
        "created_at": "2021-09-29T00:57:14.000Z",
        "updated_at": "2022-07-12T14:04:26.000Z",
        "labels": [
            "Migrated from Jira",
            "Component: C++",
            "Component: Parquet",
            "Type: enhancement"
        ],
        "closed": false
    },
    "comments": [
        {
            "created_at": "2021-09-29T06:31:45.061Z",
            "body": "***Note**: [Comment](https://issues.apache.org/jira/browse/ARROW-14160?focusedCommentId=17421957) by Benson Muite (baksmj):*\nUnable to reproduce this error with current head of the repository commit\u00a0 defdc8108292243ce665d40c27e68a8d0600e20e on Cent OS 7 with devtoolset 10.\r\n\r\n\u00a0\r\n\r\nAlso tried <https://dlcdn.apache.org/arrow/arrow-3.0.0/apache-arrow-3.0.0.tar.gz> and do get the error for that release.\r\n\r\n\u00a0"
        },
        {
            "created_at": "2021-09-29T06:45:38.659Z",
            "body": "***Note**: [Comment](https://issues.apache.org/jira/browse/ARROW-14160?focusedCommentId=17421964) by Benson Muite (baksmj):*\nProbably fix can be applied to https://github.com/apache/arrow/tree/maint-3.0.x"
        },
        {
            "created_at": "2021-09-29T10:22:41.940Z",
            "body": "***Note**: [Comment](https://issues.apache.org/jira/browse/ARROW-14160?focusedCommentId=17422045) by Benson Muite (baksmj):*\nBoost is available at <font color=\"#000000\">https://github.com/boostorg/boost/archive/boost-1.71.0.tar.gz</font>\r\nRelease 3.0 is set to use Boost release 1.71.0\r\n\r\nbut the GitHub release requires obtaining further files:\r\n\r\n<https://github.com/boostorg/boost/issues/558>\r\n\r\nBoost releases have been moved from bintray to Jfrog\r\n\r\nhttps://www.boost.org/users/news/boost_has_moved_downloads_to_jfr.html"
        },
        {
            "created_at": "2021-09-29T10:41:06.833Z",
            "body": "***Note**: [Comment](https://issues.apache.org/jira/browse/ARROW-14160?focusedCommentId=17422053) by Benson Muite (baksmj):*\n`[~rvernica]` : Many of the tests fail due to configuratons that need to also be updated, but would be helpful to know if the fix in the pull request works for you."
        },
        {
            "created_at": "2021-09-29T10:57:52.427Z",
            "body": "***Note**: [Comment](https://issues.apache.org/jira/browse/ARROW-14160?focusedCommentId=17422057) by Benson Muite (baksmj):*\nWhen doing a debug build:\r\n\r\n<font color=\"#000000\">cmake .. -DARROW_PARQUET=ON -DARROW_WITH_LZ4=ON -DARROW_WITH_ZLIB=ON -DC</font>\r\nMAKE_BUILD_TYPE=Debug -DARROW_BUILD_TESTS=ON -DARROW_COMPUTE=ON\r\n\r\n\r\nthe following tests fail:\r\n\r\n \u00a0\u00a0\u00a0\u00a0\u00a0\u00a0\u00a0<font color=\"#b21818\">\u00a028 - arrow-ipc-read-write-test (Failed)</font> \r\n \u00a0\u00a0\u00a0\u00a0\u00a0\u00a0\u00a0<font color=\"#b21818\">\u00a031 - parquet-internals-test (Failed)</font> \r\n \u00a0\u00a0\u00a0\u00a0\u00a0\u00a0\u00a0<font color=\"#b21818\">\u00a032 - parquet-reader-test (Failed)</font> \r\n \u00a0\u00a0\u00a0\u00a0\u00a0\u00a0\u00a0<font color=\"#b21818\">\u00a034 - parquet-arrow-test (Failed)</font>"
        },
        {
            "created_at": "2021-09-29T11:17:56.452Z",
            "body": "***Note**: [Comment](https://issues.apache.org/jira/browse/ARROW-14160?focusedCommentId=17422064) by Benson Muite (baksmj):*\nNeed to get submodules and export paths:\r\n\r\n\u00a0\r\n```java\n\r\nyum update\r\nyum install gcc-c++ gcc bison flex git python3 make openssl-devel wget\r\nyum groupinstall \"Development tools\"\r\nyum install centos-release-scl \r\nyum install yum-config-manager \r\nyum install devtoolset-10\r\nscl enable devtoolset-10 bash\r\nwget https://github.com/Kitware/CMake/releases/download/v3.21.3/cmake-3.21.3.tar.gz\r\ntar -xf cmake-3.21.3.tar.gz \r\ncd cmake-3.21.3\r\nmkdir build\r\ncd build/\r\n../bootstrap --prefix=$HOME/cmake-3.21.3-install\r\nmake\r\nmake install\r\ncd ..\r\ncd ..\r\ngit clone https://github.com/bkmgit/arrow.git\r\ncd arrow\r\ngit checkout bkmgit-update-download-link-maint-3.0.x\r\ngit submodule init\r\ngit submodule update\r\nexport PARQUET_TEST_DATA=\"${PWD}/cpp/submodules/parquet-testing/data\"\r\nexport ARROW_TEST_DATA=\"${PWD}/testing/data\"\r\nmkdir cpp/build\r\ncd cpp/build\r\n$HOME/cmake-3.21.3-install/bin/cmake .. -DARROW_PARQUET=ON \\ \r\n-DARROW_WITH_LZ4=ON -DARROW_WITH_ZLIB=ON -DCMAKE_BUILD_TYPE=Debug \\\r\n-DARROW_BUILD_TESTS=ON -DARROW_COMPUTE=ON\r\nexport PATH=$HOME/cmake-3.21.3-install/bin:$PATH\r\nmake\r\nmake unittest\r\n\u00a0\r\n```\r\nThen get the following failing tests:\r\n\r\n \u00a0\u00a0\u00a0\u00a0\u00a0\u00a0<font color=\"#b21818\">\u00a0 31 - parquet-internals-test (Failed)</font> \r\n \u00a0\u00a0\u00a0\u00a0\u00a0\u00a0\u00a0<font color=\"#b21818\">\u00a032 - parquet-reader-test (Failed)</font> \r\n \u00a0\u00a0\u00a0\u00a0\u00a0\u00a0\u00a0<font color=\"#b21818\">\u00a034 - parquet-arrow-test (Failed)</font>"
        },
        {
            "created_at": "2021-09-29T18:34:48.525Z",
            "body": "***Note**: [Comment](https://issues.apache.org/jira/browse/ARROW-14160?focusedCommentId=17422319) by Benson Muite (baksmj):*\nThese tests also fail on Cent OS 8 on commit\u00a0<font color=\"#b26818\">8d2cda61427af350a1ff7e6abdd07515a5ed094d</font>\r\n Maybe am setting some environment variables incorrectly?\r\n\r\nAny reason you still need to use release 3.0.0 of Arrow?"
        },
        {
            "created_at": "2021-09-29T19:29:59.922Z",
            "body": "***Note**: [Comment](https://issues.apache.org/jira/browse/ARROW-14160?focusedCommentId=17422354) by Benson Muite (baksmj):*\nThe tests pass on Ubuntu 20.01, but it would be good to have other Linux distros in CI testing."
        },
        {
            "created_at": "2021-09-29T19:36:17.424Z",
            "body": "***Note**: [Comment](https://issues.apache.org/jira/browse/ARROW-14160?focusedCommentId=17422357) by Rares Vernica (rvernica):*\nThe master branch still has the wrong GitHub link <https://github.com/apache/arrow/blob/master/cpp/cmake_modules/ThirdpartyToolchain.cmake#L405>\r\n\r\nWe currently support Arrow 3.0.0. We have not tested with newer versions.\r\n\r\nYou can disable tests and see if the build succeeds.\r\n\r\nI was able to workaround this by commenting out line\r\n\r\n```java\n\r\n\"https://github.com/boostorg/boost/archive/boost-${ARROW_BOOST_BUILD_VERSION}.tar.gz\"\n```\r\nand then the next URL was used\r\n\r\n```java\n\r\n\"https://github.com/ursa-labs/thirdparty/releases/download/latest/boost_${ARROW_BOOST_BUILD_VERSION_UNDERSCORES}.tar.gz\"\n```\r\n\r\nthe build succeeded this way.\r\n\r\n\u00a0"
        },
        {
            "created_at": "2021-09-29T20:03:19.292Z",
            "body": "***Note**: [Comment](https://issues.apache.org/jira/browse/ARROW-14160?focusedCommentId=17422367) by Benson Muite (baksmj):*\nEven though it is less than a year old, 3.0.0 is unlikely to get much attention. The main change made can be viewed at:\r\n\r\n<https://github.com/apache/arrow/pull/11264/commits/2cfe05804f33cf4e98a7b975690a57f789768bfd>\r\n\r\nAfter this the build succeeds, but the questions is whether the failing tests have implications for real use of Parquet."
        },
        {
            "created_at": "2021-09-29T20:05:47.864Z",
            "body": "***Note**: [Comment](https://issues.apache.org/jira/browse/ARROW-14160?focusedCommentId=17422368) by Benson Muite (baksmj):*\nRelated issue https://issues.apache.org/jira/browse/ARROW-14178"
        },
        {
            "created_at": "2021-09-29T23:36:14.370Z",
            "body": "***Note**: [Comment](https://issues.apache.org/jira/browse/ARROW-14160?focusedCommentId=17422445) by Rares Vernica (rvernica):*\nThe fix on the Boost URL should be fine, but this issue is about compiling Thrift. I don't think that is fixed by the linked Pull Request."
        },
        {
            "created_at": "2022-07-12T14:04:26.759Z",
            "body": "***Note**: [Comment](https://issues.apache.org/jira/browse/ARROW-14160?focusedCommentId=17565614) by @toddfarmer:*\nThis issue was last updated over 90 days ago, which may be an indication it is no longer being actively worked. To better reflect the current state, the issue is being unassigned. Please feel free to re-take assignment of the issue if it is being actively worked, or if you plan to start that work soon."
        }
    ]
}