{
    "issue": {
        "title": "[Gandiva][Java] spurious failures in projector cache test",
        "body": "***Note**: This issue was originally created as [ARROW-4342](https://issues.apache.org/jira/browse/ARROW-4342). Please see the [migration documentation](https://gist.github.com/toddfarmer/12aa88361532d21902818a6044fda4c3) for further details.*\n\n### Original Issue Description:\n[ERROR] Tests run: 21, Failures: 1, Errors: 0, Skipped: 0, Time elapsed: 9.542 s <<< FAILURE! - in org.apache.arrow.gandiva.evaluator.ProjectorTest\r\n\r\n[ERROR] testMakeProjector(org.apache.arrow.gandiva.evaluator.ProjectorTest) Time elapsed: 0.079 s <<< FAILURE! java.lang.AssertionError at org.apache.arrow.gandiva.evaluator.ProjectorTest.testMakeProjector(ProjectorTest.java:164)",
        "created_at": "2019-01-23T18:54:45.000Z",
        "updated_at": "2019-01-25T15:35:40.000Z",
        "labels": [
            "Migrated from Jira",
            "Component: C++ - Gandiva",
            "Component: Java",
            "Type: bug"
        ],
        "closed": true,
        "closed_at": "2019-01-25T15:35:34.000Z"
    },
    "comments": [
        {
            "created_at": "2019-01-25T15:35:34.334Z",
            "body": "***Note**: [Comment](https://issues.apache.org/jira/browse/ARROW-4342?focusedCommentId=16752357) by Krisztian Szucs (kszucs):*\nIssue resolved by pull request 3485\n<https://github.com/apache/arrow/pull/3485>"
        }
    ]
}