{
    "issue": {
        "title": "[C++] gandiva-date_time_test failure on Windows",
        "body": "***Note**: This issue was originally created as [ARROW-5709](https://issues.apache.org/jira/browse/ARROW-5709). Please see the [migration documentation](https://gist.github.com/toddfarmer/12aa88361532d21902818a6044fda4c3) for further details.*\n\n### Original Issue Description:\nI get the following failure on Windows:\r\n```Java\n\r\nRunning main() from C:\\t\\arrow\\cpp\\build-release\\googletest_ep-prefix\\src\\googletest_ep\\googletest\\src\\gtest_main.cc\r\n[==========] Running 5 tests from 1 test case.\r\n[----------] Global test environment set-up.\r\n[----------] 5 tests from TestProjector\r\n[ RUN      ] TestProjector.TestIsNull\r\n[       OK ] TestProjector.TestIsNull (47 ms)\r\n[ RUN      ] TestProjector.TestDateTime\r\n..\\src\\gandiva\\tests\\date_time_test.cc(181): error: Value of: (exp_yy_from_date)->Equals(outputs.at(0), arrow::EqualOptions().nans_equal(true))\r\n  Actual: false\r\nExpected: true\r\nexpected array: [\r\n  2000,\r\n  1999,\r\n  2015,\r\n  2015\r\n] actual array: [\r\n  1970,\r\n  1970,\r\n  1970,\r\n  1970\r\n]\r\n..\\src\\gandiva\\tests\\date_time_test.cc(182): error: Value of: (exp_mm_from_date)->Equals(outputs.at(1), arrow::EqualOptions().nans_equal(true))\r\n  Actual: false\r\nExpected: true\r\nexpected array: [\r\n  1,\r\n  12,\r\n  6,\r\n  7\r\n] actual array: [\r\n  1,\r\n  1,\r\n  1,\r\n  1\r\n]\r\n..\\src\\gandiva\\tests\\date_time_test.cc(183): error: Value of: (exp_mm_from_ts)->Equals(outputs.at(2), arrow::EqualOptions().nans_equal(true))\r\n  Actual: false\r\nExpected: true\r\nexpected array: [\r\n  12,\r\n  1,\r\n  7,\r\n  6\r\n] actual array: [\r\n  1,\r\n  1,\r\n  1,\r\n  1\r\n]\r\n..\\src\\gandiva\\tests\\date_time_test.cc(184): error: Value of: (exp_dd_from_ts)->Equals(outputs.at(3), arrow::EqualOptions().nans_equal(true))\r\n  Actual: false\r\nExpected: true\r\nexpected array: [\r\n  31,\r\n  2,\r\n  1,\r\n  29\r\n] actual array: [\r\n  1,\r\n  1,\r\n  1,\r\n  1\r\n]\r\n[  FAILED  ] TestProjector.TestDateTime (62 ms)\r\n[ RUN      ] TestProjector.TestTime\r\n[       OK ] TestProjector.TestTime (31 ms)\r\n[ RUN      ] TestProjector.TestTimestampDiff\r\n..\\src\\gandiva\\tests\\date_time_test.cc(327): error: Value of: (exp_output.at(i))->Equals(outputs.at(i), arrow::EqualOptions().nans_equal(true))\r\n  Actual: false\r\nExpected: true\r\nexpected array: [\r\n  48996077,\r\n  -48996077,\r\n  0,\r\n  -82800\r\n] actual array: [\r\n  0,\r\n  0,\r\n  0,\r\n  0\r\n]\r\n..\\src\\gandiva\\tests\\date_time_test.cc(327): error: Value of: (exp_output.at(i))->Equals(outputs.at(i), arrow::EqualOptions().nans_equal(true))\r\n  Actual: false\r\nExpected: true\r\nexpected array: [\r\n  816601,\r\n  -816601,\r\n  0,\r\n  -1380\r\n] actual array: [\r\n  0,\r\n  0,\r\n  0,\r\n  0\r\n]\r\n..\\src\\gandiva\\tests\\date_time_test.cc(327): error: Value of: (exp_output.at(i))->Equals(outputs.at(i), arrow::EqualOptions().nans_equal(true))\r\n  Actual: false\r\nExpected: true\r\nexpected array: [\r\n  13610,\r\n  -13610,\r\n  0,\r\n  -23\r\n] actual array: [\r\n  0,\r\n  0,\r\n  0,\r\n  0\r\n]\r\n..\\src\\gandiva\\tests\\date_time_test.cc(327): error: Value of: (exp_output.at(i))->Equals(outputs.at(i), arrow::EqualOptions().nans_equal(true))\r\n  Actual: false\r\nExpected: true\r\nexpected array: [\r\n  567,\r\n  -567,\r\n  0,\r\n  0\r\n] actual array: [\r\n  0,\r\n  0,\r\n  0,\r\n  0\r\n]\r\n..\\src\\gandiva\\tests\\date_time_test.cc(327): error: Value of: (exp_output.at(i))->Equals(outputs.at(i), arrow::EqualOptions().nans_equal(true))\r\n  Actual: false\r\nExpected: true\r\nexpected array: [\r\n  81,\r\n  -81,\r\n  0,\r\n  0\r\n] actual array: [\r\n  0,\r\n  0,\r\n  0,\r\n  0\r\n]\r\n..\\src\\gandiva\\tests\\date_time_test.cc(327): error: Value of: (exp_output.at(i))->Equals(outputs.at(i), arrow::EqualOptions().nans_equal(true))\r\n  Actual: false\r\nExpected: true\r\nexpected array: [\r\n  18,\r\n  -18,\r\n  0,\r\n  0\r\n] actual array: [\r\n  0,\r\n  0,\r\n  0,\r\n  0\r\n]\r\n..\\src\\gandiva\\tests\\date_time_test.cc(327): error: Value of: (exp_output.at(i))->Equals(outputs.at(i), arrow::EqualOptions().nans_equal(true))\r\n  Actual: false\r\nExpected: true\r\nexpected array: [\r\n  6,\r\n  -6,\r\n  0,\r\n  0\r\n] actual array: [\r\n  0,\r\n  0,\r\n  0,\r\n  0\r\n]\r\n..\\src\\gandiva\\tests\\date_time_test.cc(327): error: Value of: (exp_output.at(i))->Equals(outputs.at(i), arrow::EqualOptions().nans_equal(true))\r\n  Actual: false\r\nExpected: true\r\nexpected array: [\r\n  1,\r\n  -1,\r\n  0,\r\n  0\r\n] actual array: [\r\n  0,\r\n  0,\r\n  0,\r\n  0\r\n]\r\n[  FAILED  ] TestProjector.TestTimestampDiff (204 ms)\r\n[ RUN      ] TestProjector.TestMonthsBetween\r\n..\\src\\gandiva\\tests\\date_time_test.cc(389): error: Value of: (exp_output)->Equals(outputs.at(0), arrow::EqualOptions().nans_equal(true))\r\n  Actual: false\r\nExpected: true\r\nexpected array: [\r\n  1,\r\n  -1,\r\n  1,\r\n  1\r\n] actual array: [\r\n  0,\r\n  0,\r\n  0,\r\n  0\r\n]\r\n[  FAILED  ] TestProjector.TestMonthsBetween (93 ms)\r\n[----------] 5 tests from TestProjector (437 ms total)\r\n\r\n[----------] Global test environment tear-down\r\n[==========] 5 tests from 1 test case ran. (437 ms total)\r\n[  PASSED  ] 2 tests.\r\n[  FAILED  ] 3 tests, listed below:\r\n[  FAILED  ] TestProjector.TestDateTime\r\n[  FAILED  ] TestProjector.TestTimestampDiff\r\n[  FAILED  ] TestProjector.TestMonthsBetween\r\n```\r\n",
        "created_at": "2019-06-24T14:56:54.000Z",
        "updated_at": "2019-06-24T22:27:21.000Z",
        "labels": [
            "Migrated from Jira",
            "Component: C++ - Gandiva",
            "Type: bug"
        ],
        "closed": true,
        "closed_at": "2019-06-24T22:27:05.000Z"
    },
    "comments": [
        {
            "created_at": "2019-06-24T22:27:05.187Z",
            "body": "***Note**: [Comment](https://issues.apache.org/jira/browse/ARROW-5709?focusedCommentId=16871838) by Wes McKinney (wesm):*\nIssue resolved by pull request 4678\n<https://github.com/apache/arrow/pull/4678>"
        }
    ]
}