{
    "issue": {
        "title": "[C++] Clang 13 build fails on unused var",
        "body": "***Note**: This issue was originally created as [ARROW-15603](https://issues.apache.org/jira/browse/ARROW-15603). Please see the [migration documentation](https://gist.github.com/toddfarmer/12aa88361532d21902818a6044fda4c3) for further details.*\n\n### Original Issue Description:\nJust a small issue. When I build with clang 13 I get the following error from a unused var warning:\r\n```java\n\r\n/Users/willjones/Documents/arrows/arrow/cpp/src/arrow/python/numpy_to_arrow.cc:791:13: error: variable 'n' set but not used [-Werror,-Wunused-but-set-variable]\r\n\u00a0 \u00a0 int64_t n = 0;\r\n\u00a0 \u00a0 \u00a0 \u00a0 \u00a0 \u00a0 ^\r\n/Users/willjones/Documents/arrows/arrow/cpp/src/arrow/python/numpy_to_arrow.cc:799:13: error: variable 'n' set but not used [-Werror,-Wunused-but-set-variable]\r\n\u00a0 \u00a0 int64_t n = 0;\r\n\u00a0 \u00a0 \u00a0 \u00a0 \u00a0 \u00a0 ^ \n```",
        "created_at": "2022-02-07T16:53:45.000Z",
        "updated_at": "2022-02-10T16:08:08.000Z",
        "labels": [
            "Migrated from Jira",
            "Component: C++",
            "Type: bug"
        ],
        "closed": true,
        "closed_at": "2022-02-07T18:38:05.000Z"
    },
    "comments": [
        {
            "created_at": "2022-02-07T18:38:05.740Z",
            "body": "***Note**: [Comment](https://issues.apache.org/jira/browse/ARROW-15603?focusedCommentId=17488335) by Antoine Pitrou (apitrou):*\nIssue resolved by pull request 12359\n<https://github.com/apache/arrow/pull/12359>"
        }
    ]
}