{
    "issue": {
        "title": "[Python] Cannot install via pip M1 Mac on Python 3.7",
        "body": "***Note**: This issue was originally created as [ARROW-15384](https://issues.apache.org/jira/browse/ARROW-15384). Please see the [migration documentation](https://gist.github.com/toddfarmer/12aa88361532d21902818a6044fda4c3) for further details.*\n\n### Original Issue Description:\nAfter running\u00a0\r\n```java\n\r\npip install --upgrade pip setuptools wheel\n```\r\ngetting error\r\n```java\n\r\nERROR: Command errored out with exit status 1:\r\n\u00a0 \u00a0command: /Users/martin.kerr/.pyenv/versions/3.7.12/envs/arrow/bin/python3.7 /private/var/folders/gr/nw76z8ss4551kfv0m751skm00000gp/T/pip-standalone-pip-o26otdgs/__env_pip__.zip/pip install --ignore-installed --no-user --prefix /private/var/folders/gr/nw76z8ss4551kfv0m751skm00000gp/T/pip-build-env-jv5z99dx/overlay --no-warn-script-location --no-binary :none: --only-binary :none: -i https://klaviyo-local:Bpdj9MBnY8MK9KdFWjZc@klaviyo.jfrog.io/artifactory/api/pypi/pypi/simple -- 'cython >= 0.29' 'numpy==1.16.6; python_version<'\"'\"'3.8'\"'\"'' 'numpy==1.17.3; python_version=='\"'\"'3.8'\"'\"'' 'numpy==1.19.4; python_version=='\"'\"'3.9'\"'\"'' 'numpy==1.21.3; python_version>'\"'\"'3.9'\"'\"'' 'setuptools < 58.5' setuptools_scm wheel\r\n\u00a0 \u00a0 \u00a0 \u00a0cwd: None\r\n\u00a0 Complete output (2423 lines):\r\n\u00a0 Looking in indexes: https://klaviyo-local:****@klaviyo.jfrog.io/artifactory/api/pypi/pypi/simple\r\n\u00a0 Ignoring numpy: markers 'python_version == \"3.8\"' don't match your environment\r\n\u00a0 Ignoring numpy: markers 'python_version == \"3.9\"' don't match your environment\r\n\u00a0 Ignoring numpy: markers 'python_version > \"3.9\"' don't match your environment\r\n\u00a0 Collecting cython>=0.29\r\n\u00a0 \u00a0 Downloading https://klaviyo.jfrog.io/artifactory/api/pypi/pypi/packages/packages/15/29/2abb8975ded365d55b9e14129cabdfb977255911c80d8709028eca5829cd/Cython-0.29.26-py2.py3-none-any.whl (983 kB)\r\n\u00a0 Collecting numpy==1.16.6\r\n\u00a0 \u00a0 Downloading https://klaviyo.jfrog.io/artifactory/api/pypi/pypi/packages/packages/b7/6f/24647f014eef9b67a24adfcbcd4f4928349b4a0f8393b3d7fe648d4d2de3/numpy-1.16.6.zip (5.1 MB)\r\n\u00a0 \u00a0 Preparing metadata (setup.py): started\r\n\u00a0 \u00a0 Preparing metadata (setup.py): finished with status 'done'\r\n\u00a0 Collecting setuptools<58.5\r\n\u00a0 \u00a0 Downloading https://klaviyo.jfrog.io/artifactory/api/pypi/pypi/packages/packages/a8/50/76fb9cfe521b531feecd932ab920cd6e32f6838527af7b34ef78d5f39a18/setuptools-58.4.0-py3-none-any.whl (946 kB)\r\n\u00a0 Collecting setuptools_scm\r\n\u00a0 \u00a0 Using cached https://klaviyo.jfrog.io/artifactory/api/pypi/pypi/packages/packages/e3/e5/c28b544051340e63e0d507eb893c9513d3a300e5e9183e2990518acbfe36/setuptools_scm-6.4.2-py3-none-any.whl (37 kB)\r\n\u00a0 Collecting wheel\r\n\u00a0 \u00a0 Using cached https://klaviyo.jfrog.io/artifactory/api/pypi/pypi/packages/packages/27/d6/003e593296a85fd6ed616ed962795b2f87709c3eee2bca4f6d0fe55c6d00/wheel-0.37.1-py2.py3-none-any.whl (35 kB)\r\n\u00a0 Collecting tomli>=1.0.0\r\n\u00a0 \u00a0 Using cached https://klaviyo.jfrog.io/artifactory/api/pypi/pypi/packages/packages/e2/9f/5e1557a57a7282f066351086e78f87289a3446c47b2cb5b8b2f614d8fe99/tomli-2.0.0-py3-none-any.whl (12 kB)\r\n\u00a0 Collecting packaging>=20.0\r\n\u00a0 \u00a0 Using cached https://klaviyo.jfrog.io/artifactory/api/pypi/pypi/packages/packages/05/8e/8de486cbd03baba4deef4142bd643a3e7bbe954a784dc1bb17142572d127/packaging-21.3-py3-none-any.whl (40 kB)\r\n\u00a0 Collecting pyparsing!=3.0.5,>=2.0.2\r\n\u00a0 \u00a0 Using cached https://klaviyo.jfrog.io/artifactory/api/pypi/pypi/packages/packages/a0/34/895006117f6fce0b4de045c87e154ee4a20c68ec0a4c9a36d900888fb6bc/pyparsing-3.0.6-py3-none-any.whl (97 kB)\r\n\u00a0 Building wheels for collected packages: numpy\r\n\u00a0 \u00a0 Building wheel for numpy (setup.py): started\r\n\u00a0 \u00a0 Building wheel for numpy (setup.py): finished with status 'error'\r\n\u00a0 \u00a0 ERROR: Command errored out with exit status 1:\r\n\u00a0 \u00a0 \u00a0command: /Users/martin.kerr/.pyenv/versions/3.7.12/envs/arrow/bin/python3.7 -u -c 'import io, os, sys, setuptools, tokenize; sys.argv[0] = '\"'\"'/private/var/folders/gr/nw76z8ss4551kfv0m751skm00000gp/T/pip-install-2setjrtr/numpy_b5d5a899e4f645928719ad1b55308377/setup.py'\"'\"'; __file__='\"'\"'/private/var/folders/gr/nw76z8ss4551kfv0m751skm00000gp/T/pip-install-2setjrtr/numpy_b5d5a899e4f645928719ad1b55308377/setup.py'\"'\"';f = getattr(tokenize, '\"'\"'open'\"'\"', open)(__file__) if os.path.exists(__file__) else io.StringIO('\"'\"'from setuptools import setup; setup()'\"'\"');code = f.read().replace('\"'\"'\\r\\n'\"'\"', '\"'\"'\\n'\"'\"');f.close();exec(compile(code, __file__, '\"'\"'exec'\"'\"'))' bdist_wheel -d /private/var/folders/gr/nw76z8ss4551kfv0m751skm00000gp/T/pip-wheel-71hon_fn\r\n\u00a0 \u00a0 \u00a0 \u00a0 \u00a0cwd: /private/var/folders/gr/nw76z8ss4551kfv0m751skm00000gp/T/pip-install-2setjrtr/numpy_b5d5a899e4f645928719ad1b55308377/\r\n\u00a0 \u00a0 Complete output (2293 lines):\r\n\u00a0 \u00a0 Running from numpy source directory.\r\n\u00a0 \u00a0 /bin/sh: svnversion: command not found\r\n\u00a0 \u00a0 non-existing path in 'numpy/distutils': 'site.cfg'\r\n\u00a0 \u00a0 /Users/martin.kerr/.pyenv/versions/3.7.12/envs/arrow/lib/python3.7/site-packages/setuptools/_distutils/dist.py:275: UserWarning: Unknown distribution option: 'define_macros'\r\n\u00a0 \u00a0 \u00a0 warnings.warn(msg)\r\n\u00a0 \u00a0 running bdist_wheel\r\n\u00a0 \u00a0 running build\r\n\u00a0 \u00a0 running config_cc\r\n\u00a0 \u00a0 running config_fc\r\n\u00a0 \u00a0 running build_src\r\n\u00a0 \u00a0 creating build\r\n\u00a0 \u00a0 creating build/src.macosx-12.0-arm64-3.7\r\n\u00a0 \u00a0 creating build/src.macosx-12.0-arm64-3.7/numpy\r\n\u00a0 \u00a0 creating build/src.macosx-12.0-arm64-3.7/numpy/distutils\r\n\u00a0 \u00a0 Could not locate executable gfortran\r\n\u00a0 \u00a0 Could not locate executable f95\r\n\u00a0 \u00a0 Could not locate executable f90\r\n\u00a0 \u00a0 Could not locate executable f77\r\n\u00a0 \u00a0 Could not locate executable xlf90\r\n\u00a0 \u00a0 Could not locate executable xlf\r\n\u00a0 \u00a0 Could not locate executable ifort\r\n\u00a0 \u00a0 Could not locate executable ifc\r\n\u00a0 \u00a0 Could not locate executable g77\r\n\u00a0 \u00a0 Could not locate executable g95\r\n\u00a0 \u00a0 Could not locate executable pgfortran\r\n\u00a0 \u00a0 don't know how to compile Fortran code on platform 'posix'\r\n\u00a0 \u00a0 clang: warning: argument unused during compilation: '-maltivec' [-Wunused-command-line-argument]\r\n\u00a0 \u00a0 clang: warning: argument unused during compilation: '-maltivec' [-Wunused-command-line-argument]\r\n\u00a0 \u00a0 clang: warning: argument unused during compilation: '-maltivec' [-Wunused-command-line-argument]\r\n\u00a0 \u00a0 clang: warning: argument unused during compilation: '-maltivec' [-Wunused-command-line-argument]\r\n\u00a0 \u00a0 _configtest.c:1:5: warning: incompatible redeclaration of library function 'exp' [-Wincompatible-library-redeclaration]\r\n\u00a0 \u00a0 int exp (void);\r\n\u00a0 \u00a0 \u00a0 \u00a0 ^\r\n\u00a0 \u00a0 _configtest.c:1:5: note: 'exp' is a builtin with type 'double (double)'\r\n\u00a0 \u00a0 1 warning generated.\r\n\u00a0 \u00a0 creating build/src.macosx-12.0-arm64-3.7/numpy/core\r\n\u00a0 \u00a0 creating build/src.macosx-12.0-arm64-3.7/numpy/core/src\r\n\u00a0 \u00a0 creating build/src.macosx-12.0-arm64-3.7/numpy/core/src/npymath\r\n\u00a0 \u00a0 creating build/src.macosx-12.0-arm64-3.7/numpy/core/src/common\r\n\u00a0 \u00a0 creating build/src.macosx-12.0-arm64-3.7/numpy/core/src/npysort\r\n\u00a0 \u00a0 clang: warning: argument unused during compilation: '-maltivec' [-Wunused-command-line-argument]\r\n\u00a0 \u00a0 clang: warning: argument unused during compilation: '-maltivec' [-Wunused-command-line-argument]\r\n\u00a0 \u00a0 clang: warning: argument unused during compilation: '-maltivec' [-Wunused-command-line-argument]\r\n\u00a0 \u00a0 clang: warning: argument unused during compilation: '-maltivec' [-Wunused-command-line-argument]\r\n\u00a0 \u00a0 _configtest.c:1:10: fatal error: 'endian.h' file not found\r\n\u00a0 \u00a0 #include <endian.h>\r\n\u00a0 \u00a0 \u00a0 \u00a0 \u00a0 \u00a0 \u00a0^~~~~~~~~~\r\n\u00a0 \u00a0 1 error generated.\r\n\u00a0 \u00a0 clang: warning: argument unused during compilation: '-maltivec' [-Wunused-command-line-argument]\r\n\u00a0 \u00a0 clang: warning: argument unused during compilation: '-maltivec' [-Wunused-command-line-argument]\r\n\u00a0 \u00a0 _configtest.c:1:10: fatal error: 'sys/endian.h' file not found\r\n\u00a0 \u00a0 #include <sys/endian.h>\r\n\u00a0 \u00a0 \u00a0 \u00a0 \u00a0 \u00a0 \u00a0^~~~~~~~~~~~~~\r\n...\r\n...\r\n...\r\nclang: error: the clang compiler does not support 'faltivec', please use -maltivec and include altivec.h explicitly\r\n\u00a0 \u00a0 \u00a0 clang: error: the clang compiler does not support 'faltivec', please use -maltivec and include altivec.h explicitly\r\n\u00a0 \u00a0 \u00a0 clang: error: the clang compiler does not support 'faltivec', please use -maltivec and include altivec.h explicitly\r\n\u00a0 \u00a0 \u00a0 clang: error: the clang compiler does not support 'faltivec', please use -maltivec and include altivec.h explicitly\r\n\u00a0 \u00a0 \u00a0 clang: error: the clang compiler does not support 'faltivec', please use -maltivec and include altivec.h explicitly\r\n\u00a0 \u00a0 \u00a0 clang: error: the clang compiler does not support 'faltivec', please use -maltivec and include altivec.h explicitly\r\n\u00a0 \u00a0 \u00a0 clang: error: the clang compiler does not support 'faltivec', please use -maltivec and include altivec.h explicitly\r\n\u00a0 \u00a0 \u00a0 clang: error: the clang compiler does not support 'faltivec', please use -maltivec and include altivec.h explicitly\r\n\u00a0 \u00a0 \u00a0 clang: error: the clang compiler does not support 'faltivec', please use -maltivec and include altivec.h explicitly\r\n\u00a0 \u00a0 \u00a0 clang: error: the clang compiler does not support 'faltivec', please use -maltivec and include altivec.h explicitly\r\n\u00a0 \u00a0 \u00a0 clang: error: the clang compiler does not support 'faltivec', please use -maltivec and include altivec.h explicitly\r\n\u00a0 \u00a0 \u00a0 clang: error: the clang compiler does not support 'faltivec', please use -maltivec and include altivec.h explicitly\r\n\u00a0 \u00a0 \u00a0 clang: error: the clang compiler does not support 'faltivec', please use -maltivec and include altivec.h explicitly\r\n\u00a0 \u00a0 \u00a0 clang: error: the clang compiler does not support 'faltivec', please use -maltivec and include altivec.h explicitly\r\n\u00a0 \u00a0 \u00a0 clang: error: the clang compiler does not support 'faltivec', please use -maltivec and include altivec.h explicitly\r\n\u00a0 \u00a0 \u00a0 clang: error: the clang compiler does not support 'faltivec', please use -maltivec and include altivec.h explicitly\r\n\u00a0 \u00a0 \u00a0 clang: error: the clang compiler does not support 'faltivec', please use -maltivec and include altivec.h explicitly\r\n\u00a0 \u00a0 \u00a0 clang: error: the clang compiler does not support 'faltivec', please use -maltivec and include altivec.h explicitly\r\n\u00a0 \u00a0 \u00a0 clang: error: the clang compiler does not support 'faltivec', please use -maltivec and include altivec.h explicitly\r\n\u00a0 \u00a0 \u00a0 clang: error: the clang compiler does not support 'faltivec', please use -maltivec and include altivec.h explicitly\r\n\u00a0 \u00a0 \u00a0 clang: error: the clang compiler does not support 'faltivec', please use -maltivec and include altivec.h explicitly\r\n\u00a0 \u00a0 \u00a0 clang: error: the clang compiler does not support 'faltivec', please use -maltivec and include altivec.h explicitly\r\n\u00a0 \u00a0 \u00a0 clang: error: the clang compiler does not support 'faltivec', please use -maltivec and include altivec.h explicitly\r\n\u00a0 \u00a0 \u00a0 error: Command \"clang -Wno-unused-result -Wsign-compare -Wunreachable-code -DNDEBUG -g -fwrapv -O3 -Wall -I/Library/Developer/CommandLineTools/SDKs/MacOSX.sdk/usr/include -I/Library/Developer/CommandLineTools/SDKs/MacOSX.sdk/usr/include -maltivec -I/opt/homebrew/opt/mysql@5.7/include -I/opt/homebrew/opt/zlib/include -I/opt/homebrew/opt/bzip2/include -I/opt/homebrew/opt/openssl@3/include -I/opt/homebrew/opt/libmemcached/include -I/opt/homebrew/opt/snappy/include -maltivec -DXMLSEC_NO_XKMS=1 -I/opt/homebrew/opt/mysql@5.7/include -I/opt/homebrew/opt/zlib/include -I/opt/homebrew/opt/bzip2/include -I/opt/homebrew/opt/openssl@3/include -I/opt/homebrew/opt/libmemcached/include -I/opt/homebrew/opt/snappy/include -DNPY_INTERNAL_BUILD=1 -DHAVE_NPY_CONFIG_H=1 -D_FILE_OFFSET_BITS=64 -D_LARGEFILE_SOURCE=1 -D_LARGEFILE64_SOURCE=1 -DNO_ATLAS_INFO=3 -DHAVE_CBLAS -Ibuild/src.macosx-12.0-arm64-3.7/numpy/core/src/umath -Ibuild/src.macosx-12.0-arm64-3.7/numpy/core/src/npymath -Ibuild/src.macosx-12.0-arm64-3.7/numpy/core/src/common -Inumpy/core/include -Ibuild/src.macosx-12.0-arm64-3.7/numpy/core/include/numpy -Inumpy/core/src/common -Inumpy/core/src -Inumpy/core -Inumpy/core/src/npymath -Inumpy/core/src/multiarray -Inumpy/core/src/umath -Inumpy/core/src/npysort -I/Users/martin.kerr/.pyenv/versions/3.7.12/envs/arrow/include -I/Users/martin.kerr/.pyenv/versions/3.7.12/include/python3.7m -Ibuild/src.macosx-12.0-arm64-3.7/numpy/core/src/common -Ibuild/src.macosx-12.0-arm64-3.7/numpy/core/src/npymath -Ibuild/src.macosx-12.0-arm64-3.7/numpy/core/src/common -Ibuild/src.macosx-12.0-arm64-3.7/numpy/core/src/npymath -c numpy/core/src/multiarray/array_assign_scalar.c -o build/temp.macosx-12.0-arm64-3.7/numpy/core/src/multiarray/array_assign_scalar.o -MMD -MF build/temp.macosx-12.0-arm64-3.7/numpy/core/src/multiarray/array_assign_scalar.o.d -faltivec -I/System/Library/Frameworks/vecLib.framework/Headers\" failed with exit status 1\r\n\u00a0 \u00a0 \u00a0 ----------------------------------------\r\n\u00a0 ERROR: Command errored out with exit status 1: /Users/martin.kerr/.pyenv/versions/3.7.12/envs/arrow/bin/python3.7 -u -c 'import io, os, sys, setuptools, tokenize; sys.argv[0] = '\"'\"'/private/var/folders/gr/nw76z8ss4551kfv0m751skm00000gp/T/pip-install-2setjrtr/numpy_b5d5a899e4f645928719ad1b55308377/setup.py'\"'\"'; __file__='\"'\"'/private/var/folders/gr/nw76z8ss4551kfv0m751skm00000gp/T/pip-install-2setjrtr/numpy_b5d5a899e4f645928719ad1b55308377/setup.py'\"'\"';f = getattr(tokenize, '\"'\"'open'\"'\"', open)(__file__) if os.path.exists(__file__) else io.StringIO('\"'\"'from setuptools import setup; setup()'\"'\"');code = f.read().replace('\"'\"'\\r\\n'\"'\"', '\"'\"'\\n'\"'\"');f.close();exec(compile(code, __file__, '\"'\"'exec'\"'\"'))' install --record /private/var/folders/gr/nw76z8ss4551kfv0m751skm00000gp/T/pip-record-ap1n91pl/install-record.txt --single-version-externally-managed --prefix /private/var/folders/gr/nw76z8ss4551kfv0m751skm00000gp/T/pip-build-env-jv5z99dx/overlay --compile --install-headers /private/var/folders/gr/nw76z8ss4551kfv0m751skm00000gp/T/pip-build-env-jv5z99dx/overlay/include/site/python3.7/numpy Check the logs for full command output.\r\n\u00a0 ----------------------------------------\r\nWARNING: Discarding https://klaviyo.jfrog.io/artifactory/api/pypi/pypi/packages/packages/38/c6/97a4133eea642155e7a73cb946d889cadc461a1e6b93f5627af9fdd7b3f3/pyarrow-6.0.1.tar.gz#sha256=423990d56cd8f12283b67367d48e142739b789085185018eb03d05087c3c8d43 (from https://klaviyo.jfrog.io/artifactory/api/pypi/pypi/simple/pyarrow/) (requires-python:>=3.6). Command errored out with exit status 1: /Users/martin.kerr/.pyenv/versions/3.7.12/envs/arrow/bin/python3.7 /private/var/folders/gr/nw76z8ss4551kfv0m751skm00000gp/T/pip-standalone-pip-o26otdgs/__env_pip__.zip/pip install --ignore-installed --no-user --prefix /private/var/folders/gr/nw76z8ss4551kfv0m751skm00000gp/T/pip-build-env-jv5z99dx/overlay --no-warn-script-location --no-binary :none: --only-binary :none: -i https://klaviyo-local:Bpdj9MBnY8MK9KdFWjZc@klaviyo.jfrog.io/artifactory/api/pypi/pypi/simple -- 'cython >= 0.29' 'numpy==1.16.6; python_version<'\"'\"'3.8'\"'\"'' 'numpy==1.17.3; python_version=='\"'\"'3.8'\"'\"'' 'numpy==1.19.4; python_version=='\"'\"'3.9'\"'\"'' 'numpy==1.21.3; python_version>'\"'\"'3.9'\"'\"'' 'setuptools < 58.5' setuptools_scm wheel Check the logs for full command output.\r\nERROR: Could not find a version that satisfies the requirement pyarrow==6.0.1 (from versions: 0.9.0, 0.10.0, 0.11.0, 0.11.1, 0.12.0, 0.12.1, 0.13.0, 0.14.0, 0.15.1, 0.16.0, 0.17.0, 0.17.1, 1.0.0, 1.0.1, 2.0.0, 3.0.0, 4.0.0, 4.0.1, 5.0.0, 6.0.0, 6.0.1)\r\nERROR: No matching distribution found for pyarrow==6.0.1\n```",
        "created_at": "2022-01-20T01:42:00.000Z",
        "updated_at": "2022-06-30T16:10:27.000Z",
        "labels": [
            "Migrated from Jira",
            "Component: Packaging",
            "Component: Python",
            "Type: bug"
        ],
        "closed": false
    },
    "comments": [
        {
            "created_at": "2022-01-20T01:46:37.342Z",
            "body": "***Note**: [Comment](https://issues.apache.org/jira/browse/ARROW-15384?focusedCommentId=17479055) by Rohit Pathak (rohitppathak):*\nLooking at [this ticket](https://issues.apache.org/jira/browse/ARROW-12122) and [this PR](https://github.com/apache/arrow/pull/10812), can we add a wheel for python 3.7 for M1 compatibility? Something [like this](https://github.com/apache/arrow/pull/12195)?"
        }
    ]
}