{
    "issue": {
        "title": "[C++] Building fails on Windows with gtest symbol issue",
        "body": "***Note**: This issue was originally created as [ARROW-5347](https://issues.apache.org/jira/browse/ARROW-5347). Please see the [migration documentation](https://gist.github.com/toddfarmer/12aa88361532d21902818a6044fda4c3) for further details.*\n\n### Original Issue Description:\nI get the following on my WIndows VM:\r\n```Java\n\r\ncompute-test.cc.obj : error LNK2001: unresolved external symbol \"class testing::\r\ninternal::Mutex testing::internal::g_gmock_mutex\" (?g_gmock_mutex@internal@testi\r\nng@@3VMutex@12@A)\r\nrelease\\arrow-compute-test.exe : fatal error LNK1120: 1 unresolved externals\r\n```\r\n\r\nIt's probably caused by something like https://github.com/google/googletest/issues/292 except that our CMake code already seems to handle this issue, so I'm not sure what happens.\r\n\r\nHere is my build script:\r\n```Java\n\r\ncmake -G \"Ninja\" -DCMAKE_BUILD_TYPE=Debug ^\r\n    -DARROW_USE_CLCACHE=ON ^\r\n    -DARROW_BOOST_USE_SHARED=OFF ^\r\n    -DBOOST_ROOT=C:\\boost_1_67_0 ^\r\n    -DARROW_DEPENDENCY_SOURCE=BUNDLED ^\r\n    -DARROW_PYTHON=OFF ^\r\n    -DARROW_PLASMA=OFF ^\r\n    -DARROW_BUILD_TESTS=ON ^\r\n    ..\r\ncmake --build . --config Debug\r\n```\r\n\r\nI'm using conda for dependencies.",
        "created_at": "2019-05-16T11:37:39.000Z",
        "updated_at": "2021-02-20T03:40:41.000Z",
        "labels": [
            "Migrated from Jira",
            "Component: C++",
            "Type: bug"
        ],
        "closed": true,
        "closed_at": "2021-02-20T03:40:41.000Z"
    },
    "comments": [
        {
            "created_at": "2019-05-16T11:38:00.386Z",
            "body": "***Note**: [Comment](https://issues.apache.org/jira/browse/ARROW-5347?focusedCommentId=16841239) by Antoine Pitrou (apitrou):*\n`[~xhochy]`"
        },
        {
            "created_at": "2019-05-16T14:56:05.252Z",
            "body": "***Note**: [Comment](https://issues.apache.org/jira/browse/ARROW-5347?focusedCommentId=16841433) by Wes McKinney (wesm):*\nYou have to pass `-DGTest_SOURCE=BUNDLED` when using conda on Windows \u2013 I'm not sure what's wrong with the conda-forge package. See https://github.com/apache/arrow/blob/master/docs/source/developers/cpp.rst#building-using-visual-studio-msvc-solution-files"
        },
        {
            "created_at": "2019-05-16T17:04:14.572Z",
            "body": "***Note**: [Comment](https://issues.apache.org/jira/browse/ARROW-5347?focusedCommentId=16841546) by Antoine Pitrou (apitrou):*\nThanks for the workaround!"
        }
    ]
}