{
    "issue": {
        "title": "[C++] Python 2.7: arrow_python_test failure",
        "body": "***Note**: This issue was originally created as [ARROW-6092](https://issues.apache.org/jira/browse/ARROW-6092). Please see the [migration documentation](https://gist.github.com/toddfarmer/12aa88361532d21902818a6044fda4c3) for further details.*\n\n### Original Issue Description:\nPlease check the attached test log \"arrow-python-test\"\r\n\r\nThe unit test was executed with python 2.7.13 version. I'm not sure this project would support the compatibility.\r\n\r\n\r\n\r\n[ RUN\u00a0 \u00a0 \u00a0 ] CheckPyError.TestStatus\r\n\r\n/Users/OpenSourceProject/arrow_repo/arrow/cpp/src/arrow/python/python-test.cc:94: Failure\r\n\r\nExpected equality of these values:\r\n\r\n\u00a0 detail->ToString()\r\n\r\n\u00a0 \u00a0 Which is: \"Python exception: exceptions.TypeError\"\r\n\r\n\u00a0 expected_detail\r\n\r\n\u00a0 \u00a0 Which is: \"Python exception: TypeError\"\r\n\r\n/Users/OpenSourceProject/arrow_repo/arrow/cpp/src/arrow/python/python-test.cc:94: Failure\r\n\r\nExpected equality of these values:\r\n\r\n\u00a0 detail->ToString()\r\n\r\n\u00a0 \u00a0 Which is: \"Python exception: exceptions.NotImplementedError\"\r\n\r\n\u00a0 expected_detail\r\n\r\n\u00a0 \u00a0 Which is: \"Python exception: NotImplementedError\"\r\n\r\n[\u00a0 FAILED\u00a0 ] CheckPyError.TestStatus (0 ms) \r\n\r\n[ RUN\u00a0 \u00a0 \u00a0 ] CheckPyError.TestStatusNoGIL\r\n\r\n/Users/OpenSourceProject/arrow_repo/arrow/cpp/src/arrow/python/python-test.cc:144: Failure\r\n\r\nExpected equality of these values:\r\n\r\n\u00a0 st.detail()->ToString()\r\n\r\n\u00a0 \u00a0 Which is: \"Python exception: exceptions.ZeroDivisionError\"\r\n\r\n\u00a0 \"Python exception: ZeroDivisionError\"\r\n\r\n[\u00a0 FAILED\u00a0 ] CheckPyError.TestStatusNoGIL (0 ms) \r\n\r\n[----------] 2 tests from CheckPyError (0 ms total)\r\n\r\n\u00a0\r\n\r\n[----------] 1 test from RestorePyError\r\n\r\n[ RUN\u00a0 \u00a0 \u00a0 ] RestorePyError.Basics\r\n\r\n/Users/OpenSourceProject/arrow_repo/arrow/cpp/src/arrow/python/python-test.cc:154: Failure\r\n\r\nExpected equality of these values:\r\n\r\n\u00a0 st.detail()->ToString()\r\n\r\n\u00a0 \u00a0 Which is: \"Python exception: exceptions.ZeroDivisionError\"",
        "created_at": "2019-08-01T07:27:54.000Z",
        "updated_at": "2019-08-21T13:37:53.000Z",
        "labels": [
            "Migrated from Jira",
            "Component: C++",
            "Component: Python",
            "Type: bug"
        ],
        "closed": true,
        "closed_at": "2019-08-21T13:37:51.000Z"
    },
    "comments": [
        {
            "created_at": "2019-08-01T09:28:31.224Z",
            "body": "***Note**: [Comment](https://issues.apache.org/jira/browse/ARROW-6092?focusedCommentId=16897915) by Antoine Pitrou (apitrou):*\nThanks for noticing. Looks like we're not running this test on Python 2.7 anymore. Note the failure is benign.\r\n\r\nAlso, by the way, we plan to stop supporting Python 2.7 after Arrow 1.0: see ARROW-5757"
        },
        {
            "created_at": "2019-08-21T13:37:51.737Z",
            "body": "***Note**: [Comment](https://issues.apache.org/jira/browse/ARROW-6092?focusedCommentId=16912293) by Wes McKinney (wesm):*\nIssue resolved by pull request 5145\n<https://github.com/apache/arrow/pull/5145>"
        }
    ]
}