{
    "issue": {
        "title": "[Python][Docker] Cannot build Pyarro on python38 docker image",
        "body": "***Note**: This issue was originally created as [ARROW-13123](https://issues.apache.org/jira/browse/ARROW-13123). Please see the [migration documentation](https://gist.github.com/toddfarmer/12aa88361532d21902818a6044fda4c3) for further details.*\n\n### Original Issue Description:\nHi all,\r\n\r\n\u00a0\r\n\r\nTrying to build pyarrow on a python38 docker image in order to build a aws-lambda layer.\u00a0\r\n\r\nI had success on doing this couple months back with the dockerfile attached. (Python37) but now getting the error either I try either python version below.\r\n```java\n\r\nFROM\u00a0lambci/lambda:build-python3.7\n```\r\n```java\n\r\nFROM\u00a0lambci/lambda:build-python3.8\n```\r\nwhich leads me to think that something else has changed.\u00a0\r\n```\n\r\n#8 6.648 Scanning dependencies of target boost_ep\r\n#8 6.657 [  0%] Creating directories for 'boost_ep'\r\n#8 6.689 [  1%] Performing download step (download, verify and extract) for 'boost_ep'\r\n#8 8.038 -- boost_ep download command succeeded.  See also /arrow/cpp/build/boost_ep-prefix/src/boost_ep-stamp/boost_ep-download-*.log\r\n#8 8.049 [  1%] No patch step for 'boost_ep'\r\n#8 8.060 [  1%] No update step for 'boost_ep'\r\n#8 8.071 [  2%] Performing configure step for 'boost_ep'\r\n#8 8.088 CMake Error at /arrow/cpp/build/boost_ep-prefix/src/boost_ep-stamp/boost_ep-configure-RELEASE.cmake:16 (message):\r\n#8 8.088   Command failed: 1\r\n#8 8.088\r\n#8 8.088    './bootstrap.sh' '--prefix=/arrow/cpp/build/boost_ep-prefix/src/boost_ep' '--with-libraries=filesystem,regex,system'\r\n#8 8.088\r\n#8 8.088   See also\r\n#8 8.088\r\n#8 8.088     /arrow/cpp/build/boost_ep-prefix/src/boost_ep-stamp/boost_ep-configure-*.log\r\n#8 8.088\r\n#8 8.088\r\n#8 8.089 make[2]: *** [boost_ep-prefix/src/boost_ep-stamp/boost_ep-configure] Error 1\r\n#8 8.089 make[1]: *** [CMakeFiles/boost_ep.dir/all] Error 2\r\n#8 8.090 make: *** [all] Error 2\n```\r\n```\n\r\nexecutor failed running [/bin/sh -c mkdir /arrow     && curl -o /tmp/apache-arrow.tar.gz -SL https://github.com/apache/arrow/archive/apache-arrow-${ARROW_VERSION}.tar.gz     && tar -xvf /tmp/apache-arrow.tar.gz -C /arrow --strip-components 1     && mkdir /arrow/dist     && export LD_LIBRARY_PATH=/dist/lib:$LD_LIBRARY_PATH     && mkdir -p /arrow/cpp/build     && cd /arrow/cpp/build     && cmake -DCMAKE_BUILD_TYPE=$ARROW_BUILD_TYPE     -DCMAKE_INSTALL_LIBDIR=lib     -DCMAKE_INSTALL_PREFIX=$ARROW_HOME     -DARROW_PARQUET=on     -DARROW_PYTHON=on     -DARROW_PLASMA=on  \r\n   -DARROW_WITH_SNAPPY=on     -DARROW_BUILD_TESTS=OFF     ..     && make     && make install]: exit code: 2\r\nThe terminal process \"C:\\WINDOWS\\System32\\cmd.exe /K C:\\tools\\cmder\\vendor\\bin\\vscode_init.cmd /d /c docker build --pull --rm -f \"Docker\\pyarrow\\Dockerfile\" -t pyarrow37:lambci-lambda \"Docker\\pyarrow\"\" terminated with exit code: 1.\n```\r\nNote: Dockerfile has plenty of commented out code. Output above corresponds to the non commented out code built attempt.\u00a0\r\n\r\n\u00a0\r\n\r\nThank you\r\n\r\nAlex\r\n\r\n\u00a0",
        "created_at": "2021-06-18T23:33:52.000Z",
        "updated_at": "2022-04-08T15:29:17.000Z",
        "labels": [
            "Migrated from Jira",
            "Component: Python",
            "Type: bug"
        ],
        "closed": false
    },
    "comments": [
        {
            "created_at": "2022-04-08T15:28:57.174Z",
            "body": "***Note**: [Comment](https://issues.apache.org/jira/browse/ARROW-13123?focusedCommentId=17519645) by Jacob Wujciak-Jens (assignUser):*\nHello `[~alexandrec]` is this still an issue for you?"
        }
    ]
}