{
    "issue": {
        "title": "[CI][C++] Mingw32 builds failing",
        "body": "***Note**: This issue was originally created as [ARROW-4744](https://issues.apache.org/jira/browse/ARROW-4744). Please see the [migration documentation](https://gist.github.com/toddfarmer/12aa88361532d21902818a6044fda4c3) for further details.*\n\n### Original Issue Description:\n<https://ci.appveyor.com/project/ApacheSoftwareFoundation/arrow/builds/22762420/job/4xuv4mpnwvmq5byf>\r\n\r\n\u00a0\r\nC:/projects/arrow/cpp/src/arrow/util/compression_snappy.cc: In member function 'virtual int64_t arrow::util::SnappyCodec::MaxCompressedLen(int64_t, const uint8_t\\*)':\r\n[385](https://ci.appveyor.com/project/ApacheSoftwareFoundation/arrow/builds/22762420/job/4xuv4mpnwvmq5byf#L385)C:/projects/arrow/cpp/src/arrow/util/compression_snappy.cc:76:47: error: conversion to 'size_t \\{aka unsigned int}' from 'int64_t \\{aka long long int}' may alter its value [-Werror=conversion]\r\n[386](https://ci.appveyor.com/project/ApacheSoftwareFoundation/arrow/builds/22762420/job/4xuv4mpnwvmq5byf#L386) return snappy::MaxCompressedLength(input_len);\r\n[387](https://ci.appveyor.com/project/ApacheSoftwareFoundation/arrow/builds/22762420/job/4xuv4mpnwvmq5byf#L387) ^\r\n[388](https://ci.appveyor.com/project/ApacheSoftwareFoundation/arrow/builds/22762420/job/4xuv4mpnwvmq5byf#L388)cc1plus.exe: all warnings being treated as errors\r\n[389](https://ci.appveyor.com/project/ApacheSoftwareFoundation/arrow/builds/22762420/job/4xuv4mpnwvmq5byf#L389)make[2]: \\*\\*\\* [src/arrow/CMakeFiles/arrow_objlib.dir/build.make:89: src/arrow/CMakeFiles/arrow_objlib.dir/util/compression_snappy.cc.obj] Error 1\r\n[390](https://ci.appveyor.com/project/ApacheSoftwareFoundation/arrow/builds/22762420/job/4xuv4mpnwvmq5byf#L390)make[2]: \\*\\*\\* Waiting for unfinished jobs....\r\n[391](https://ci.appveyor.com/project/ApacheSoftwareFoundation/arrow/builds/22762420/job/4xuv4mpnwvmq5byf#L391)C:/projects/arrow/cpp/src/arrow/util/compression_zstd.cc: In member function 'virtual int64_t arrow::util::ZSTDCodec::MaxCompressedLen(int64_t, const uint8_t\\*)':\r\n[392](https://ci.appveyor.com/project/ApacheSoftwareFoundation/arrow/builds/22762420/job/4xuv4mpnwvmq5byf#L392)C:/projects/arrow/cpp/src/arrow/util/compression_zstd.cc:232:38: error: conversion to 'size_t \\{aka unsigned int}' from 'int64_t \\{aka long long int}' may alter its value [-Werror=conversion]\r\n[393](https://ci.appveyor.com/project/ApacheSoftwareFoundation/arrow/builds/22762420/job/4xuv4mpnwvmq5byf#L393) return ZSTD_compressBound(input_len);\r\n[394](https://ci.appveyor.com/project/ApacheSoftwareFoundation/arrow/builds/22762420/job/4xuv4mpnwvmq5byf#L394) ^\r\n[395](https://ci.appveyor.com/project/ApacheSoftwareFoundation/arrow/builds/22762420/job/4xuv4mpnwvmq5byf#L395)cc1plus.exe: all warnings being treated as errors\r\n[396](https://ci.appveyor.com/project/ApacheSoftwareFoundation/arrow/builds/22762420/job/4xuv4mpnwvmq5byf#L396)make[2]: \\*\\*\\* [src/arrow/CMakeFiles/arrow_objlib.dir/build.make:63: src/arrow/CMakeFiles/arrow_objlib.dir/util/compression_zstd.cc.obj] Error 1\r\n[397](https://ci.appveyor.com/project/ApacheSoftwareFoundation/arrow/builds/22762420/job/4xuv4mpnwvmq5byf#L397)make[1]: \\*\\*\\* [CMakeFiles/Makefile2:1102: src/arrow/CMakeFiles/arrow_objlib.dir/all] Error 2\r\n[398](https://ci.appveyor.com/project/ApacheSoftwareFoundation/arrow/builds/22762420/job/4xuv4mpnwvmq5byf#L398)make[1]: \\*\\*\\* Waiting for unfinished jobs....\r\n[399](https://ci.appveyor.com/project/ApacheSoftwareFoundation/arrow/builds/22762420/job/4xuv4mpnwvmq5byf#L399)-- googletest_ep build command succeeded. See also C:/projects/arrow/cpp/build/googletest_ep-prefix/src/googletest_ep-stamp/googletest_ep-build-\\*.log\r\n[400](https://ci.appveyor.com/project/ApacheSoftwareFoundation/arrow/builds/22762420/job/4xuv4mpnwvmq5byf#L400)[ 13%] Performing install step for 'googletest_ep'\r\n[401](https://ci.appveyor.com/project/ApacheSoftwareFoundation/arrow/builds/22762420/job/4xuv4mpnwvmq5byf#L401)-- googletest_ep install command succeeded. See also C:/projects/arrow/cpp/build/googletest_ep-prefix/src/googletest_ep-stamp/googletest_ep-install-\\*.log\r\n[402](https://ci.appveyor.com/project/ApacheSoftwareFoundation/arrow/builds/22762420/job/4xuv4mpnwvmq5byf#L402)[ 13%] Completed 'googletest_ep'\r\n[403](https://ci.appveyor.com/project/ApacheSoftwareFoundation/arrow/builds/22762420/job/4xuv4mpnwvmq5byf#L403)[ 13%] Built target googletest_ep\r\n[404](https://ci.appveyor.com/project/ApacheSoftwareFoundation/arrow/builds/22762420/job/4xuv4mpnwvmq5byf#L404)make: \\*\\*\\* [Makefile:141: all] Error 2\r\n[405](https://ci.appveyor.com/project/ApacheSoftwareFoundation/arrow/builds/22762420/job/4xuv4mpnwvmq5byf#L405)\r\n[406](https://ci.appveyor.com/project/ApacheSoftwareFoundation/arrow/builds/22762420/job/4xuv4mpnwvmq5byf#L406)",
        "created_at": "2019-03-02T22:24:21.000Z",
        "updated_at": "2019-03-05T04:42:11.000Z",
        "labels": [
            "Migrated from Jira",
            "Component: C++",
            "Component: Continuous Integration",
            "Type: bug"
        ],
        "closed": true,
        "closed_at": "2019-03-03T06:00:48.000Z"
    },
    "comments": [
        {
            "created_at": "2019-03-03T06:00:48.435Z",
            "body": "***Note**: [Comment](https://issues.apache.org/jira/browse/ARROW-4744?focusedCommentId=16782607) by Kouhei Sutou (kou):*\nIssue resolved by pull request 3793\n<https://github.com/apache/arrow/pull/3793>"
        }
    ]
}