{
    "issue": {
        "title": "[R] Unable to Install on Manjaro Linux with gcc11",
        "body": "***Note**: This issue was originally created as [ARROW-13192](https://issues.apache.org/jira/browse/ARROW-13192). Please see the [migration documentation](https://gist.github.com/toddfarmer/12aa88361532d21902818a6044fda4c3) for further details.*\n\n### Original Issue Description:\nAttempting to install Arrow from R fails on Manjaro Linux. (Note that Manjaro is Arch-based, so any binaries for Arch should work just fine on Manjaro.) Here's the output of verbose:\r\n\r\n\u00a0\r\n\r\n```\r\n\r\nInstalling package into \u2018/home/lime/R/x86_64-pc-linux-gnu-library/4.1\u2019\r\n (as \u2018lib\u2019 is unspecified)\r\n trying URL 'https://mran.revolutionanalytics.com/snapshot/2021-02-26/src/contrib/arrow_3.0.0.tar.gz'\r\n Content type 'application/octet-stream' length 344814 bytes (336 KB)\r\n ==================================================\r\n downloaded 336 KB\r\n \\* installing **source** package \u2018arrow\u2019 ...\r\n \\*\\* package \u2018arrow\u2019 successfully unpacked and MD5 sums checked\r\n \\*\\* using staged installation\r\n \\*\\*\\* No C++ binaries found for manjarolinux-21\r\n \\*\\*\\* Successfully retrieved C++ source\r\n \\*\\*\\* Building C++ libraries\r\n \\*\\*\\*\\* arrow\r\n PKG_CFLAGS=-I/tmp/RtmpEJir6E/R.INSTALL911746e29c84b/arrow/libarrow/arrow-3.0.0/include -DARROW_R_WITH_ARROW\r\n PKG_LIBS=-larrow_dataset -lparquet -larrow\r\n \\*\\* libs\r\n g++ -std=gnu++11 -I\"/usr/include/R/\" -DNDEBUG -I/tmp/RtmpEJir6E/R.INSTALL911746e29c84b/warrow/libarrow/arrow-3.0.0/include -DARROW_R_WITH_ARROW -I'/home/lime/R/x86_64-pc-linux-gnu-library/4.1/cpp11/include' -D_FORTIFY_SOURCE=2 -fpic -march=x86-64 -mtune=generic -O2 -pipe -fno-plt -c array.cpp -o array.o\r\n g++ -std=gnu++11 -I\"/usr/include/R/\" -DNDEBUG -I/tmp/RtmpEJir6E/R.INSTALL911746e29c84b/arrow/libarrow/arrow-3.0.0/include -DARROW_R_WITH_ARROW -I'/home/lime/R/x86_64-pc-linux-gnu-library/4.1/cpp11/include' -D_FORTIFY_SOURCE=2 -fpic -march=x86-64 -mtune=generic -O2 -pipe -fno-plt -c array_from_vector.cpp -o array_from_vector.o\r\n g++ -std=gnu++11 -I\"/usr/include/R/\" -DNDEBUG -I/tmp/RtmpEJir6E/R.INSTALL911746e29c84b/arrow/libarrow/arrow-3.0.0/include -DARROW_R_WITH_ARROW -I'/home/lime/R/x86_64-pc-linux-gnu-library/4.1/cpp11/include' -D_FORTIFY_SOURCE=2 -fpic -march=x86-64 -mtune=generic -O2 -pipe -fno-plt -c array_to_vector.cpp -o array_to_vector.o\r\n g++ -std=gnu++11 -I\"/usr/include/R/\" -DNDEBUG -I/tmp/RtmpEJir6E/R.INSTALL911746e29c84b/arrow/libarrow/arrow-3.0.0/include -DARROW_R_WITH_ARROW -I'/home/lime/R/x86_64-pc-linux-gnu-library/4.1/cpp11/include' -D_FORTIFY_SOURCE=2 -fpic -march=x86-64 -mtune=generic -O2 -pipe -fno-plt -c arraydata.cpp -o arraydata.o\r\n g++ -std=gnu++11 -I\"/usr/include/R/\" -DNDEBUG -I/tmp/RtmpEJir6E/R.INSTALL911746e29c84b/arrow/libarrow/arrow-3.0.0/include -DARROW_R_WITH_ARROW -I'/home/lime/R/x86_64-pc-linux-gnu-library/4.1/cpp11/include' -D_FORTIFY_SOURCE=2 -fpic -march=x86-64 -mtune=generic -O2 -pipe -fno-plt -c arrowExports.cpp -o arrowExports.o\r\n g++ -std=gnu++11 -I\"/usr/include/R/\" -DNDEBUG -I/tmp/RtmpEJir6E/R.INSTALL911746e29c84b/arrow/libarrow/arrow-3.0.0/include -DARROW_R_WITH_ARROW -I'/home/lime/R/x86_64-pc-linux-gnu-library/4.1/cpp11/include' -D_FORTIFY_SOURCE=2 -fpic -march=x86-64 -mtune=generic -O2 -pipe -fno-plt -c buffer.cpp -o buffer.o\r\n g++ -std=gnu++11 -I\"/usr/include/R/\" -DNDEBUG -I/tmp/RtmpEJir6E/R.INSTALL911746e29c84b/arrow/libarrow/arrow-3.0.0/include -DARROW_R_WITH_ARROW -I'/home/lime/R/x86_64-pc-linux-gnu-library/4.1/cpp11/include' -D_FORTIFY_SOURCE=2 -fpic -march=x86-64 -mtune=generic -O2 -pipe -fno-plt -c chunkedarray.cpp -o chunkedarray.o\r\n g++ -std=gnu++11 -I\"/usr/include/R/\" -DNDEBUG -I/tmp/RtmpEJir6E/R.INSTALL911746e29c84b/arrow/libarrow/arrow-3.0.0/include -DARROW_R_WITH_ARROW -I'/home/lime/R/x86_64-pc-linux-gnu-library/4.1/cpp11/include' -D_FORTIFY_SOURCE=2 -fpic -march=x86-64 -mtune=generic -O2 -pipe -fno-plt -c compression.cpp -o compression.o\r\n g++ -std=gnu++11 -I\"/usr/include/R/\" -DNDEBUG -I/tmp/RtmpEJir6E/R.INSTALL911746e29c84b/arrow/libarrow/arrow-3.0.0/include -DARROW_R_WITH_ARROW -I'/home/lime/R/x86_64-pc-linux-gnu-library/4.1/cpp11/include' -D_FORTIFY_SOURCE=2 -fpic -march=x86-64 -mtune=generic -O2 -pipe -fno-plt -c compute.cpp -o compute.o\r\n g++ -std=gnu++11 -I\"/usr/include/R/\" -DNDEBUG -I/tmp/RtmpEJir6E/R.INSTALL911746e29c84b/arrow/libarrow/arrow-3.0.0/include -DARROW_R_WITH_ARROW -I'/home/lime/R/x86_64-pc-linux-gnu-library/4.1/cpp11/include' -D_FORTIFY_SOURCE=2 -fpic -march=x86-64 -mtune=generic -O2 -pipe -fno-plt -c csv.cpp -o csv.o\r\n g++ -std=gnu++11 -I\"/usr/include/R/\" -DNDEBUG -I/tmp/RtmpEJir6E/R.INSTALL911746e29c84b/arrow/libarrow/arrow-3.0.0/include -DARROW_R_WITH_ARROW -I'/home/lime/R/x86_64-pc-linux-gnu-library/4.1/cpp11/include' -D_FORTIFY_SOURCE=2 -fpic -march=x86-64 -mtune=generic -O2 -pipe -fno-plt -c dataset.cpp -o dataset.o\r\n g++ -std=gnu++11 -I\"/usr/include/R/\" -DNDEBUG -I/tmp/RtmpEJir6E/R.INSTALL911746e29c84b/arrow/libarrow/arrow-3.0.0/include -DARROW_R_WITH_ARROW -I'/home/lime/R/x86_64-pc-linux-gnu-library/4.1/cpp11/include' -D_FORTIFY_SOURCE=2 -fpic -march=x86-64 -mtune=generic -O2 -pipe -fno-plt -c datatype.cpp -o datatype.o\r\n g++ -std=gnu++11 -I\"/usr/include/R/\" -DNDEBUG -I/tmp/RtmpEJir6E/R.INSTALL911746e29c84b/arrow/libarrow/arrow-3.0.0/include -DARROW_R_WITH_ARROW -I'/home/lime/R/x86_64-pc-linux-gnu-library/4.1/cpp11/include' -D_FORTIFY_SOURCE=2 -fpic -march=x86-64 -mtune=generic -O2 -pipe -fno-plt -c expression.cpp -o expression.o\r\n g++ -std=gnu++11 -I\"/usr/include/R/\" -DNDEBUG -I/tmp/RtmpEJir6E/R.INSTALL911746e29c84b/arrow/libarrow/arrow-3.0.0/include -DARROW_R_WITH_ARROW -I'/home/lime/R/x86_64-pc-linux-gnu-library/4.1/cpp11/include' -D_FORTIFY_SOURCE=2 -fpic -march=x86-64 -mtune=generic -O2 -pipe -fno-plt -c feather.cpp -o feather.o\r\n g++ -std=gnu++11 -I\"/usr/include/R/\" -DNDEBUG -I/tmp/RtmpEJir6E/R.INSTALL911746e29c84b/arrow/libarrow/arrow-3.0.0/include -DARROW_R_WITH_ARROW -I'/home/lime/R/x86_64-pc-linux-gnu-library/4.1/cpp11/include' -D_FORTIFY_SOURCE=2 -fpic -march=x86-64 -mtune=generic -O2 -pipe -fno-plt -c field.cpp -o field.o\r\n g++ -std=gnu++11 -I\"/usr/include/R/\" -DNDEBUG -I/tmp/RtmpEJir6E/R.INSTALL911746e29c84b/arrow/libarrow/arrow-3.0.0/include -DARROW_R_WITH_ARROW -I'/home/lime/R/x86_64-pc-linux-gnu-library/4.1/cpp11/include' -D_FORTIFY_SOURCE=2 -fpic -march=x86-64 -mtune=generic -O2 -pipe -fno-plt -c filesystem.cpp -o filesystem.o\r\n g++ -std=gnu++11 -I\"/usr/include/R/\" -DNDEBUG -I/tmp/RtmpEJir6E/R.INSTALL911746e29c84b/arrow/libarrow/arrow-3.0.0/include -DARROW_R_WITH_ARROW -I'/home/lime/R/x86_64-pc-linux-gnu-library/4.1/cpp11/include' -D_FORTIFY_SOURCE=2 -fpic -march=x86-64 -mtune=generic -O2 -pipe -fno-plt -c imports.cpp -o imports.o\r\n g++ -std=gnu++11 -I\"/usr/include/R/\" -DNDEBUG -I/tmp/RtmpEJir6E/R.INSTALL911746e29c84b/arrow/libarrow/arrow-3.0.0/include -DARROW_R_WITH_ARROW -I'/home/lime/R/x86_64-pc-linux-gnu-library/4.1/cpp11/include' -D_FORTIFY_SOURCE=2 -fpic -march=x86-64 -mtune=generic -O2 -pipe -fno-plt -c io.cpp -o io.o\r\n g++ -std=gnu++11 -I\"/usr/include/R/\" -DNDEBUG -I/tmp/RtmpEJir6E/R.INSTALL911746e29c84b/arrow/libarrow/arrow-3.0.0/include -DARROW_R_WITH_ARROW -I'/home/lime/R/x86_64-pc-linux-gnu-library/4.1/cpp11/include' -D_FORTIFY_SOURCE=2 -fpic -march=x86-64 -mtune=generic -O2 -pipe -fno-plt -c json.cpp -o json.o\r\n g++ -std=gnu++11 -I\"/usr/include/R/\" -DNDEBUG -I/tmp/RtmpEJir6E/R.INSTALL911746e29c84b/arrow/libarrow/arrow-3.0.0/include -DARROW_R_WITH_ARROW -I'/home/lime/R/x86_64-pc-linux-gnu-library/4.1/cpp11/include' -D_FORTIFY_SOURCE=2 -fpic -march=x86-64 -mtune=generic -O2 -pipe -fno-plt -c memorypool.cpp -o memorypool.o\r\n g++ -std=gnu++11 -I\"/usr/include/R/\" -DNDEBUG -I/tmp/RtmpEJir6E/R.INSTALL911746e29c84b/arrow/libarrow/arrow-3.0.0/include -DARROW_R_WITH_ARROW -I'/home/lime/R/x86_64-pc-linux-gnu-library/4.1/cpp11/include' -D_FORTIFY_SOURCE=2 -fpic -march=x86-64 -mtune=generic -O2 -pipe -fno-plt -c message.cpp -o message.o\r\n g++ -std=gnu++11 -I\"/usr/include/R/\" -DNDEBUG -I/tmp/RtmpEJir6E/R.INSTALL911746e29c84b/arrow/libarrow/arrow-3.0.0/include -DARROW_R_WITH_ARROW -I'/home/lime/R/x86_64-pc-linux-gnu-library/4.1/cpp11/include' -D_FORTIFY_SOURCE=2 -fpic -march=x86-64 -mtune=generic -O2 -pipe -fno-plt -c parquet.cpp -o parquet.o\r\n g++ -std=gnu++11 -I\"/usr/include/R/\" -DNDEBUG -I/tmp/RtmpEJir6E/R.INSTALL911746e29c84b/arrow/libarrow/arrow-3.0.0/include -DARROW_R_WITH_ARROW -I'/home/lime/R/x86_64-pc-linux-gnu-library/4.1/cpp11/include' -D_FORTIFY_SOURCE=2 -fpic -march=x86-64 -mtune=generic -O2 -pipe -fno-plt -c py-to-r.cpp -o py-to-r.o\r\n g++ -std=gnu++11 -I\"/usr/include/R/\" -DNDEBUG -I/tmp/RtmpEJir6E/R.INSTALL911746e29c84b/arrow/libarrow/arrow-3.0.0/include -DARROW_R_WITH_ARROW -I'/home/lime/R/x86_64-pc-linux-gnu-library/4.1/cpp11/include' -D_FORTIFY_SOURCE=2 -fpic -march=x86-64 -mtune=generic -O2 -pipe -fno-plt -c recordbatch.cpp -o recordbatch.o\r\n g++ -std=gnu++11 -I\"/usr/include/R/\" -DNDEBUG -I/tmp/RtmpEJir6E/R.INSTALL911746e29c84b/arrow/libarrow/arrow-3.0.0/include -DARROW_R_WITH_ARROW -I'/home/lime/R/x86_64-pc-linux-gnu-library/4.1/cpp11/include' -D_FORTIFY_SOURCE=2 -fpic -march=x86-64 -mtune=generic -O2 -pipe -fno-plt -c recordbatchreader.cpp -o recordbatchreader.o\r\n g++ -std=gnu++11 -I\"/usr/include/R/\" -DNDEBUG -I/tmp/RtmpEJir6E/R.INSTALL911746e29c84b/arrow/libarrow/arrow-3.0.0/include -DARROW_R_WITH_ARROW -I'/home/lime/R/x86_64-pc-linux-gnu-library/4.1/cpp11/include' -D_FORTIFY_SOURCE=2 -fpic -march=x86-64 -mtune=generic -O2 -pipe -fno-plt -c recordbatchwriter.cpp -o recordbatchwriter.o\r\n g++ -std=gnu++11 -I\"/usr/include/R/\" -DNDEBUG -I/tmp/RtmpEJir6E/R.INSTALL911746e29c84b/arrow/libarrow/arrow-3.0.0/include -DARROW_R_WITH_ARROW -I'/home/lime/R/x86_64-pc-linux-gnu-library/4.1/cpp11/include' -D_FORTIFY_SOURCE=2 -fpic -march=x86-64 -mtune=generic -O2 -pipe -fno-plt -c scalar.cpp -o scalar.o\r\n g++ -std=gnu++11 -I\"/usr/include/R/\" -DNDEBUG -I/tmp/RtmpEJir6E/R.INSTALL911746e29c84b/arrow/libarrow/arrow-3.0.0/include -DARROW_R_WITH_ARROW -I'/home/lime/R/x86_64-pc-linux-gnu-library/4.1/cpp11/include' -D_FORTIFY_SOURCE=2 -fpic -march=x86-64 -mtune=generic -O2 -pipe -fno-plt -c schema.cpp -o schema.o\r\n g++ -std=gnu++11 -I\"/usr/include/R/\" -DNDEBUG -I/tmp/RtmpEJir6E/R.INSTALL911746e29c84b/arrow/libarrow/arrow-3.0.0/include -DARROW_R_WITH_ARROW -I'/home/lime/R/x86_64-pc-linux-gnu-library/4.1/cpp11/include' -D_FORTIFY_SOURCE=2 -fpic -march=x86-64 -mtune=generic -O2 -pipe -fno-plt -c symbols.cpp -o symbols.o\r\n g++ -std=gnu++11 -I\"/usr/include/R/\" -DNDEBUG -I/tmp/RtmpEJir6E/R.INSTALL911746e29c84b/arrow/libarrow/arrow-3.0.0/include -DARROW_R_WITH_ARROW -I'/home/lime/R/x86_64-pc-linux-gnu-library/4.1/cpp11/include' -D_FORTIFY_SOURCE=2 -fpic -march=x86-64 -mtune=generic -O2 -pipe -fno-plt -c table.cpp -o table.o\r\n g++ -std=gnu++11 -I\"/usr/include/R/\" -DNDEBUG -I/tmp/RtmpEJir6E/R.INSTALL911746e29c84b/arrow/libarrow/arrow-3.0.0/include -DARROW_R_WITH_ARROW -I'/home/lime/R/x86_64-pc-linux-gnu-library/4.1/cpp11/include' -D_FORTIFY_SOURCE=2 -fpic -march=x86-64 -mtune=generic -O2 -pipe -fno-plt -c threadpool.cpp -o threadpool.o\r\n g++ -std=gnu++11 -shared -L/usr/lib64/R/lib -Wl,~~O1,~~-sort-common,--as-needed,-z,relro,-z,now -o arrow.so array.o array_from_vector.o array_to_vector.o arraydata.o arrowExports.o buffer.o chunkedarray.o compression.o compute.o csv.o dataset.o datatype.o expression.o feather.o field.o filesystem.o imports.o io.o json.o memorypool.o message.o parquet.o py-to-r.o recordbatch.o recordbatchreader.o recordbatchwriter.o scalar.o schema.o symbols.o table.o threadpool.o -larrow_dataset -lparquet -larrow -L/usr/lib64/R/lib -lR\r\n installing to /home/lime/R/x86_64-pc-linux-gnu-library/4.1/00LOCK-arrow/00new/arrow/libs\r\n \\*\\* R\r\n \\*\\* inst\r\n \\*\\* byte-compile and prepare package for lazy loading\r\n \\*\\* help\r\n \\*\\*\\* installing help indices\r\n \\*\\* building package indices\r\n \\*\\* installing vignettes\r\n \\*\\* testing if installed package can be loaded from temporary location\r\n \\*\\* checking absolute paths in shared objects and dynamic libraries\r\n \\*\\* testing if installed package can be loaded from final location\r\n \\*\\* testing if installed package keeps a record of temporary installation path\r\n \\* DONE (arrow)\r\n\r\nThe downloaded source packages are in\r\n \u2018/tmp/RtmppYM4Sz/downloaded_packages\u2019\r\n\r\nAttaching package: \u2018arrow\u2019\r\n\r\nThe following object is masked from \u2018package:utils\u2019:\r\n\r\ntimestamp\r\n\r\n> write_parquet(example_loglik_array(), \"~/.julia/dev/JuLOOa/test\")\r\n Error in all_record_batches(dots) : \r\n Cannot call all_record_batches(). See <https://arrow.apache.org/docs/r/articles/install.html> for help installing Arrow C++ libraries. \r\n > install_arrow(verbose=TRUE)\r\n Installing package into \u2018/home/lime/R/x86_64-pc-linux-gnu-library/4.1\u2019\r\n (as \u2018lib\u2019 is unspecified)\r\n trying URL 'https://mran.revolutionanalytics.com/snapshot/2021-02-26/src/contrib/arrow_3.0.0.tar.gz'\r\n Content type 'application/octet-stream' length 344814 bytes (336 KB)\r\n ==================================================\r\n downloaded 336 KB\r\n \\* installing **source** package \u2018arrow\u2019 ...\r\n \\*\\* package \u2018arrow\u2019 successfully unpacked and MD5 sums checked\r\n \\*\\* using staged installation\r\n trying URL 'https://dl.bintray.com/ursalabs/arrow-r/libarrow/bin/manjarolinux-21/arrow-3.0.0.zip'\r\n Error in download.file(from_url, to_file, quiet = quietly) : \r\n cannot open URL 'https://dl.bintray.com/ursalabs/arrow-r/libarrow/bin/manjarolinux-21/arrow-3.0.0.zip'\r\n \\*\\*\\* No C++ binaries found for manjarolinux-21\r\n trying URL 'https://dl.bintray.com/ursalabs/arrow-r/libarrow/src/arrow-3.0.0.zip'\r\n Error in download.file(from_url, to_file, quiet = quietly) : \r\n cannot open URL 'https://dl.bintray.com/ursalabs/arrow-r/libarrow/src/arrow-3.0.0.zip'\r\n trying URL 'https://www.apache.org/dyn/closer.lua?action=download&filename=arrow/arrow-3.0.0/apache-arrow-3.0.0.tar.gz'\r\n Content type 'application/x-gzip' length 8200790 bytes (7.8 MB)\r\n ==================================================\r\n downloaded 7.8 MB\r\n\r\n \\* \r\n \\*\\* \r\n \\*\\*\\* Successfully retrieved C++ source\r\n \\*\\*\\* Building C++ libraries\r\n \\*\\*\\* Building with MAKEFLAGS= -j2\r\n \\*\\*\\*\\* arrow with SOURCE_DIR=\"/tmp/RtmpKCHvic/file92a88443e346b/apache-arrow-3.0.0/cpp\" BUILD_DIR=\"/tmp/RtmpKCHvic/file92a8867a73e1b\" DEST_DIR=\"libarrow/arrow-3.0.0\" CMAKE=\"/usr/bin/cmake\" CC=\"gcc\" CXX=\"g++ -std=gnu+11\" LDFLAGS=\"-Wl,~~O1,~~-sort-common,--as-needed,-z,relro,-z,now\" ARROW_S3=ON ARROW_MIMALLOC=ON\r\n + pwd\r\n + : /tmp/RtmplFBPlk/R.INSTALL92a7340ef4b51/arrow\r\n + : /tmp/RtmpKCHvic/file92a88443e346b/apache-arrow-3.0.0/cpp\r\n + : /tmp/RtmpKCHvic/file92a8867a73e1b\r\n + : libarrow/arrow-3.0.0\r\n + : /usr/bin/cmake\r\n ++ cd /tmp/RtmpKCHvic/file92a88443e346b/apache-arrow-3.0.0/cpp\r\n ++ pwd\r\n + SOURCE_DIR=/tmp/RtmpKCHvic/file92a88443e346b/apache-arrow-3.0.0/cpp\r\n ++ mkdir -p libarrow/arrow-3.0.0\r\n ++ cd libarrow/arrow-3.0.0\r\n ++ pwd\r\n + DEST_DIR=/tmp/RtmplFBPlk/R.INSTALL92a7340ef4b51/arrow/libarrow/arrow-3.0.0\r\n + '[' '' = '' ']'\r\n + which ninja\r\n + '[' FALSE = false ']'\r\n + ARROW_DEFAULT_PARAM=OFF\r\n + mkdir -p /tmp/RtmpKCHvic/file92a8867a73e1b\r\n + pushd /tmp/RtmpKCHvic/file92a8867a73e1b\r\n /tmp/RtmpKCHvic/file92a8867a73e1b /tmp/RtmplFBPlk/R.INSTALL92a7340ef4b51/arrow\r\n + /usr/bin/cmake -DARROW_BOOST_USE_SHARED=OFF -DARROW_BUILD_TESTS=OFF -DARROW_BUILD_SHARED=OFF -DARROW_BUILD_STATIC=ON -DARROW_COMPUTE=ON -DARROW_CSV=ON -DARROW_DATASET=ON -DARROW_DEPENDENCY_SOURCE=BUNDLED -DARROW_FILESYSTEM=ON -DARROW_JEMALLOC=ON -DARROW_MIMALLOC=ON -DARROW_JSON=ON -DARROW_PARQUET=ON -DARROW_S3=ON -DARROW_WITH_BROTLI=OFF -DARROW_WITH_BZ2=OFF -DARROW_WITH_LZ4=OFF -DARROW_WITH_SNAPPY=OFF -DARROW_WITH_UTF8PROC=OFF -DARROW_WITH_ZLIB=OFF -DARROW_WITH_ZSTD=OFF -DCMAKE_BUILD_TYPE=Release -DCMAKE_INSTALL_LIBDIR=lib -DCMAKE_INSTALL_PREFIX=/tmp/RtmplFBPlk/R.INSTALL92a7340ef4b51/arrow/libarrow/arrow-3.0.0 -DCMAKE_EXPORT_NO_PACKAGE_REGISTRY=ON -DCMAKE_FIND_PACKAGE_NO_PACKAGE_REGISTRY=ON -DCMAKE_UNITY_BUILD=ON -G 'Unix Makefiles' /tmp/RtmpKCHvic/file92a88443e346b/apache-arrow-3.0.0/cpp\r\n \u2013 Building using CMake version: 3.20.3\r\n \u2013 The C compiler identification is GNU 11.1.0\r\n \u2013 The CXX compiler identification is GNU 11.1.0\r\n \u2013 Detecting C compiler ABI info\r\n \u2013 Detecting C compiler ABI info - done\r\n \u2013 Check for working C compiler: /usr/bin/gcc - skipped\r\n \u2013 Detecting C compile features\r\n \u2013 Detecting C compile features - done\r\n \u2013 Detecting CXX compiler ABI info\r\n \u2013 Detecting CXX compiler ABI info - done\r\n \u2013 Check for working CXX compiler: /usr/bin/g++ - skipped\r\n \u2013 Detecting CXX compile features\r\n \u2013 Detecting CXX compile features - done\r\n \u2013 Arrow version: 3.0.0 (full: '3.0.0')\r\n \u2013 Arrow SO version: 300 (full: 300.0.0)\r\n \u2013 clang-tidy not found\r\n \u2013 clang-format not found\r\n \u2013 Could NOT find ClangTools (missing: CLANG_FORMAT_BIN CLANG_TIDY_BIN)\r\n \u2013 infer not found\r\n fatal: not a git repository (or any parent up to mount point /)\r\n Stopping at filesystem boundary (GIT_DISCOVERY_ACROSS_FILESYSTEM not set).\r\n \u2013 Found Python3: /usr/bin/python3.9 (found version \"3.9.5\") found components: Interpreter\r\n \u2013 Found cpplint executable at /tmp/RtmpKCHvic/file92a88443e346b/apache-arrow-3.0.0/cpp/build-support/cpplint.py\r\n \u2013 System processor: x86_64\r\n \u2013 Performing Test CXX_SUPPORTS_SSE4_2\r\n \u2013 Performing Test CXX_SUPPORTS_SSE4_2 - Success\r\n \u2013 Performing Test CXX_SUPPORTS_AVX2\r\n \u2013 Performing Test CXX_SUPPORTS_AVX2 - Success\r\n \u2013 Performing Test CXX_SUPPORTS_AVX512\r\n \u2013 Performing Test CXX_SUPPORTS_AVX512 - Success\r\n \u2013 Arrow build warning level: PRODUCTION\r\n Using ld linker\r\n Configured for RELEASE build (set with cmake -DCMAKE_BUILD_TYPE= \\{release,debug,...}\r\n)\r\n\r\n \u2013 Build Type: RELEASE\r\n \u2013 Using BUNDLED approach to find dependencies\r\n \u2013 ARROW_ABSL_BUILD_VERSION: 0f3bb466b868b523cf1dc9b2aaaed65c77b28862\r\n \u2013 ARROW_AWSSDK_BUILD_VERSION: 1.8.90\r\n \u2013 ARROW_AWS_CHECKSUMS_BUILD_VERSION: v0.1.5\r\n \u2013 ARROW_AWS_C_COMMON_BUILD_VERSION: v0.4.59\r\n \u2013 ARROW_AWS_C_EVENT_STREAM_BUILD_VERSION: v0.1.5\r\n \u2013 ARROW_BOOST_BUILD_VERSION: 1.71.0\r\n \u2013 ARROW_BROTLI_BUILD_VERSION: v1.0.7\r\n \u2013 ARROW_BZIP2_BUILD_VERSION: 1.0.8\r\n \u2013 ARROW_CARES_BUILD_VERSION: 1.16.1\r\n \u2013 ARROW_GBENCHMARK_BUILD_VERSION: v1.5.2\r\n \u2013 ARROW_GFLAGS_BUILD_VERSION: v2.2.2\r\n \u2013 ARROW_GLOG_BUILD_VERSION: v0.4.0\r\n \u2013 ARROW_GRPC_BUILD_VERSION: v1.33.2\r\n \u2013 ARROW_GTEST_BUILD_VERSION: 1.10.0\r\n \u2013 ARROW_JEMALLOC_BUILD_VERSION: 5.2.1\r\n \u2013 ARROW_LZ4_BUILD_VERSION: v1.9.2\r\n \u2013 ARROW_MIMALLOC_BUILD_VERSION: v1.6.4\r\n \u2013 ARROW_ORC_BUILD_VERSION: 1.6.2\r\n \u2013 ARROW_PROTOBUF_BUILD_VERSION: v3.13.0\r\n \u2013 ARROW_RAPIDJSON_BUILD_VERSION: 1a803826f1197b5e30703afe4b9c0e7dd48074f5\r\n \u2013 ARROW_RE2_BUILD_VERSION: 2019-08-01\r\n \u2013 ARROW_SNAPPY_BUILD_VERSION: 1.1.8\r\n \u2013 ARROW_THRIFT_BUILD_VERSION: 0.12.0\r\n \u2013 ARROW_THRIFT_BUILD_MD5_CHECKSUM: 3deebbb4d1ca77dd9c9e009a1ea02183\r\n \u2013 ARROW_UTF8PROC_BUILD_VERSION: v2.5.0\r\n \u2013 ARROW_ZLIB_BUILD_VERSION: 1.2.11\r\n \u2013 ARROW_ZSTD_BUILD_VERSION: v1.4.5\r\n \u2013 Looking for pthread.h\r\n \u2013 Looking for pthread.h - found\r\n \u2013 Performing Test CMAKE_HAVE_LIBC_PTHREAD\r\n \u2013 Performing Test CMAKE_HAVE_LIBC_PTHREAD - Failed\r\n \u2013 Check if compiler accepts ~~pthread\r\n -~~ Check if compiler accepts ~~pthread - yes\r\n -~~ Found Threads: TRUE\r\n \u2013 Looking for __SIZEOF_INT128__\r\n \u2013 Looking for __SIZEOF_INT128__ - found\r\n \u2013 Boost include dir: /tmp/RtmpKCHvic/file92a8867a73e1b/boost_ep-prefix/src/boost_ep\r\n \u2013 Boost libraries: boost_system_static;boost_filesystem_static\r\n \u2013 Found OpenSSL: /usr/lib/libcrypto.so (found suitable version \"1.1.1k\", minimum required is \"1.0.2\")\r\n \u2013 Found OpenSSL Crypto Library: /usr/lib/libcrypto.so\r\n \u2013 Building with OpenSSL (Version: 1.1.1k) support\r\n Building Apache Thrift from source\r\n \u2013 Building (vendored) jemalloc from source\r\n \u2013 Building (vendored) mimalloc from source\r\n \u2013 Building RapidJSON from source\r\n \u2013 Building ZLIB from source\r\n \u2013 Building RE2 from source\r\n \u2013 Found hdfs.h at: /tmp/RtmpKCHvic/file92a88443e346b/apache-arrow-3.0.0/cpp/thirdparty/hadoop/include/hdfs.h\r\n Building AWS C++ SDK from source\r\n \u2013 Found CURL: /usr/lib/libcurl.so (found version \"7.77.0\")\r\n \u2013 Found AWS SDK headers: /tmp/RtmpKCHvic/file92a8867a73e1b/awssdk_ep-install/include\r\n \u2013 Found AWS SDK libraries: aws-cpp-sdk-identity-management;aws-cpp-sdk-sts;aws-cpp-sdk-cognito-identity;aws-cpp-sdk-s3;aws-cpp-sdk-core;AWS::aws-c-event-stream;AWS::aws-checksums;AWS::aws-c-common\r\n \u2013 All bundled static libraries: thrift::thrift;jemalloc::jemalloc;mimalloc::mimalloc;ZLIB::ZLIB;re2::re2;aws-cpp-sdk-identity-management;aws-cpp-sdk-sts;aws-cpp-sdk-cognito-identity;aws-cpp-sdk-s3;aws-cpp-sdk-core;AWS::aws-c-event-stream;AWS::aws-checksums;AWS::aws-c-common\r\n \u2013 CMAKE_C_FLAGS: -O3 -DNDEBUG -Wall -fno-semantic-interposition ~~msse4.2\r\n -~~ CMAKE_CXX_FLAGS: -Wno-noexcept-type -Wno-subobject-linkage -fdiagnostics-color=always -O3 -DNDEBUG -Wall -fno-semantic-interposition ~~msse4.2\r\n -~~ Looking for backtrace\r\n \u2013 Looking for backtrace - found\r\n \u2013 backtrace facility detected in default set of libraries\r\n \u2013 Found Backtrace: /usr/include\r\n \u2013 Creating bundled static library target arrow_bundled_dependencies at /tmp/RtmpKCHvic/file92a8867a73e1b/release/libarrow_bundled_dependencies.a\r\n \u2013 ---------------------------------------------------------------------\r\n \u2013 Arrow version: 3.0.0\r\n \u2013 \r\n \u2013 Build configuration summary:\r\n \u2013 Generator: Unix Makefiles\r\n \u2013 Build type: RELEASE\r\n \u2013 Source directory: /tmp/RtmpKCHvic/file92a88443e346b/apache-arrow-3.0.0/cpp\r\n \u2013 Install prefix: /tmp/RtmplFBPlk/R.INSTALL92a7340ef4b51/arrow/libarrow/arrow-3.0.0\r\n \u2013 \r\n \u2013 Compile and link options:\r\n \u2013 \r\n \u2013 ARROW_CXXFLAGS=\"\" [default=\"\"]\r\n \u2013 Compiler flags to append when compiling Arrow\r\n \u2013 ARROW_BUILD_STATIC=ON [default=ON]\r\n \u2013 Build static libraries\r\n \u2013 ARROW_BUILD_SHARED=OFF [default=ON]\r\n \u2013 Build shared libraries\r\n \u2013 ARROW_PACKAGE_KIND=\"\" [default=\"\"]\r\n \u2013 Arbitrary string that identifies the kind of package\r\n \u2013 (for informational purposes)\r\n \u2013 ARROW_GIT_ID=\"\" [default=\"\"]\r\n \u2013 The Arrow git commit id (if any)\r\n \u2013 ARROW_GIT_DESCRIPTION=\"\" [default=\"\"]\r\n \u2013 The Arrow git commit description (if any)\r\n \u2013 ARROW_NO_DEPRECATED_API=OFF [default=OFF]\r\n \u2013 Exclude deprecated APIs from build\r\n \u2013 ARROW_USE_CCACHE=ON [default=ON]\r\n \u2013 Use ccache when compiling (if available)\r\n \u2013 ARROW_USE_LD_GOLD=OFF [default=OFF]\r\n \u2013 Use ld.gold for linking on Linux (if available)\r\n \u2013 ARROW_USE_PRECOMPILED_HEADERS=OFF [default=OFF]\r\n \u2013 Use precompiled headers when compiling\r\n \u2013 ARROW_SIMD_LEVEL=SSE4_2 [default=NONE\\|SSE4_2|AVX2|AVX512]\r\n \u2013 Compile-time SIMD optimization level\r\n \u2013 ARROW_RUNTIME_SIMD_LEVEL=MAX [default=NONE\\|SSE4_2|AVX2|AVX512|MAX]\r\n \u2013 Max runtime SIMD optimization level\r\n \u2013 ARROW_ARMV8_ARCH=armv8-a [default=armv8-a\\|armv8-a+crc+crypto]\r\n \u2013 Arm64 arch and extensions\r\n \u2013 ARROW_ALTIVEC=ON [default=ON]\r\n \u2013 Build with Altivec if compiler has support\r\n \u2013 ARROW_RPATH_ORIGIN=OFF [default=OFF]\r\n \u2013 Build Arrow libraries with RATH set to $ORIGIN\r\n \u2013 ARROW_INSTALL_NAME_RPATH=ON [default=ON]\r\n \u2013 Build Arrow libraries with install_name set to @rpath\r\n \u2013 ARROW_GGDB_DEBUG=ON [default=ON]\r\n \u2013 Pass ~~ggdb flag to debug builds\r\n -~~ \r\n \u2013 Test and benchmark options:\r\n \u2013 \r\n \u2013 ARROW_BUILD_EXAMPLES=OFF [default=OFF]\r\n \u2013 Build the Arrow examples\r\n \u2013 ARROW_BUILD_TESTS=OFF [default=OFF]\r\n \u2013 Build the Arrow googletest unit tests\r\n \u2013 ARROW_ENABLE_TIMING_TESTS=ON [default=ON]\r\n \u2013 Enable timing-sensitive tests\r\n \u2013 ARROW_BUILD_INTEGRATION=OFF [default=OFF]\r\n \u2013 Build the Arrow integration test executables\r\n \u2013 ARROW_BUILD_BENCHMARKS=OFF [default=OFF]\r\n \u2013 Build the Arrow micro benchmarks\r\n \u2013 ARROW_BUILD_BENCHMARKS_REFERENCE=OFF [default=OFF]\r\n \u2013 Build the Arrow micro reference benchmarks\r\n \u2013 ARROW_TEST_LINKAGE=static [default=shared\\|static]\r\n \u2013 Linkage of Arrow libraries with unit tests executables.\r\n \u2013 ARROW_FUZZING=OFF [default=OFF]\r\n \u2013 Build Arrow Fuzzing executables\r\n \u2013 ARROW_LARGE_MEMORY_TESTS=OFF [default=OFF]\r\n \u2013 Enable unit tests which use large memory\r\n \u2013 \r\n \u2013 Lint options:\r\n \u2013 \r\n \u2013 ARROW_ONLY_LINT=OFF [default=OFF]\r\n \u2013 Only define the lint and check-format targets\r\n \u2013 ARROW_VERBOSE_LINT=OFF [default=OFF]\r\n \u2013 If off, 'quiet' flags will be passed to linting tools\r\n \u2013 ARROW_GENERATE_COVERAGE=OFF [default=OFF]\r\n \u2013 Build with C++ code coverage enabled\r\n \u2013 \r\n \u2013 Checks options:\r\n \u2013 \r\n \u2013 ARROW_TEST_MEMCHECK=OFF [default=OFF]\r\n \u2013 Run the test suite using valgrind -~~tool=memcheck\r\n -~~ ARROW_USE_ASAN=OFF [default=OFF]\r\n \u2013 Enable Address Sanitizer checks\r\n \u2013 ARROW_USE_TSAN=OFF [default=OFF]\r\n \u2013 Enable Thread Sanitizer checks\r\n \u2013 ARROW_USE_UBSAN=OFF [default=OFF]\r\n \u2013 Enable Undefined Behavior sanitizer checks\r\n \u2013 \r\n \u2013 Project component options:\r\n \u2013 \r\n \u2013 ARROW_BUILD_UTILITIES=OFF [default=OFF]\r\n \u2013 Build Arrow commandline utilities\r\n \u2013 ARROW_COMPUTE=ON [default=OFF]\r\n \u2013 Build the Arrow Compute Modules\r\n \u2013 ARROW_CSV=ON [default=OFF]\r\n \u2013 Build the Arrow CSV Parser Module\r\n \u2013 ARROW_CUDA=OFF [default=OFF]\r\n \u2013 Build the Arrow CUDA extensions (requires CUDA toolkit)\r\n \u2013 ARROW_DATASET=ON [default=OFF]\r\n \u2013 Build the Arrow Dataset Modules\r\n \u2013 ARROW_FILESYSTEM=ON [default=OFF]\r\n \u2013 Build the Arrow Filesystem Layer\r\n \u2013 ARROW_FLIGHT=OFF [default=OFF]\r\n \u2013 Build the Arrow Flight RPC System (requires GRPC, Protocol Buffers)\r\n \u2013 ARROW_GANDIVA=OFF [default=OFF]\r\n \u2013 Build the Gandiva libraries\r\n \u2013 ARROW_HDFS=OFF [default=OFF]\r\n \u2013 Build the Arrow HDFS bridge\r\n \u2013 ARROW_HIVESERVER2=OFF [default=OFF]\r\n \u2013 Build the HiveServer2 client and Arrow adapter\r\n \u2013 ARROW_IPC=ON [default=ON]\r\n \u2013 Build the Arrow IPC extensions\r\n \u2013 ARROW_JEMALLOC=ON [default=ON]\r\n \u2013 Build the Arrow jemalloc-based allocator\r\n \u2013 ARROW_JNI=OFF [default=OFF]\r\n \u2013 Build the Arrow JNI lib\r\n \u2013 ARROW_JSON=ON [default=OFF]\r\n \u2013 Build Arrow with JSON support (requires RapidJSON)\r\n \u2013 ARROW_MIMALLOC=ON [default=OFF]\r\n \u2013 Build the Arrow mimalloc-based allocator\r\n \u2013 ARROW_PARQUET=ON [default=OFF]\r\n \u2013 Build the Parquet libraries\r\n \u2013 ARROW_ORC=OFF [default=OFF]\r\n \u2013 Build the Arrow ORC adapter\r\n \u2013 ARROW_PLASMA=OFF [default=OFF]\r\n \u2013 Build the plasma object store along with Arrow\r\n \u2013 ARROW_PLASMA_JAVA_CLIENT=OFF [default=OFF]\r\n \u2013 Build the plasma object store java client\r\n \u2013 ARROW_PYTHON=OFF [default=OFF]\r\n \u2013 Build the Arrow CPython extensions\r\n \u2013 ARROW_S3=ON [default=OFF]\r\n \u2013 Build Arrow with S3 support (requires the AWS SDK for C++)\r\n \u2013 ARROW_TENSORFLOW=OFF [default=OFF]\r\n \u2013 Build Arrow with TensorFlow support enabled\r\n \u2013 ARROW_TESTING=OFF [default=OFF]\r\n \u2013 Build the Arrow testing libraries\r\n \u2013 \r\n \u2013 Thirdparty toolchain options:\r\n \u2013 \r\n \u2013 ARROW_DEPENDENCY_SOURCE=BUNDLED [default=AUTO\\|BUNDLED|SYSTEM|CONDA|BREW]\r\n \u2013 Method to use for acquiring arrow's build dependencies\r\n \u2013 ARROW_VERBOSE_THIRDPARTY_BUILD=OFF [default=OFF]\r\n \u2013 Show output from ExternalProjects rather than just logging to files\r\n \u2013 ARROW_DEPENDENCY_USE_SHARED=ON [default=ON]\r\n \u2013 Link to shared libraries\r\n \u2013 ARROW_BOOST_USE_SHARED=OFF [default=ON]\r\n \u2013 Rely on boost shared libraries where relevant\r\n \u2013 ARROW_BROTLI_USE_SHARED=ON [default=ON]\r\n \u2013 Rely on Brotli shared libraries where relevant\r\n \u2013 ARROW_BZ2_USE_SHARED=ON [default=ON]\r\n \u2013 Rely on Bz2 shared libraries where relevant\r\n \u2013 ARROW_GFLAGS_USE_SHARED=ON [default=ON]\r\n \u2013 Rely on GFlags shared libraries where relevant\r\n \u2013 ARROW_GRPC_USE_SHARED=ON [default=ON]\r\n \u2013 Rely on gRPC shared libraries where relevant\r\n \u2013 ARROW_LZ4_USE_SHARED=ON [default=ON]\r\n \u2013 Rely on lz4 shared libraries where relevant\r\n \u2013 ARROW_OPENSSL_USE_SHARED=ON [default=ON]\r\n \u2013 Rely on OpenSSL shared libraries where relevant\r\n \u2013 ARROW_PROTOBUF_USE_SHARED=ON [default=ON]\r\n \u2013 Rely on Protocol Buffers shared libraries where relevant\r\n \u2013 ARROW_THRIFT_USE_SHARED=ON [default=ON]\r\n \u2013 Rely on thrift shared libraries where relevant\r\n \u2013 ARROW_UTF8PROC_USE_SHARED=ON [default=ON]\r\n \u2013 Rely on utf8proc shared libraries where relevant\r\n \u2013 ARROW_SNAPPY_USE_SHARED=ON [default=ON]\r\n \u2013 Rely on snappy shared libraries where relevant\r\n \u2013 ARROW_UTF8PROC_USE_SHARED=ON [default=ON]\r\n \u2013 Rely on utf8proc shared libraries where relevant\r\n \u2013 ARROW_ZSTD_USE_SHARED=ON [default=ON]\r\n \u2013 Rely on zstd shared libraries where relevant\r\n \u2013 ARROW_USE_GLOG=OFF [default=OFF]\r\n \u2013 Build libraries with glog support for pluggable logging\r\n \u2013 ARROW_WITH_BACKTRACE=ON [default=ON]\r\n \u2013 Build with backtrace support\r\n \u2013 ARROW_WITH_BROTLI=OFF [default=OFF]\r\n \u2013 Build with Brotli compression\r\n \u2013 ARROW_WITH_BZ2=OFF [default=OFF]\r\n \u2013 Build with BZ2 compression\r\n \u2013 ARROW_WITH_LZ4=OFF [default=OFF]\r\n \u2013 Build with lz4 compression\r\n \u2013 ARROW_WITH_SNAPPY=OFF [default=OFF]\r\n \u2013 Build with Snappy compression\r\n \u2013 ARROW_WITH_ZLIB=ON [default=OFF]\r\n \u2013 Build with zlib compression\r\n \u2013 ARROW_WITH_ZSTD=OFF [default=OFF]\r\n \u2013 Build with zstd compression\r\n \u2013 ARROW_WITH_UTF8PROC=OFF [default=ON]\r\n \u2013 Build with support for Unicode properties using the utf8proc library\r\n \u2013 (only used if ARROW_COMPUTE is ON)\r\n \u2013 ARROW_WITH_RE2=ON [default=ON]\r\n \u2013 Build with support for regular expressions using the re2 library\r\n \u2013 (only used if ARROW_COMPUTE or ARROW_GANDIVA is ON)\r\n \u2013 \r\n \u2013 Parquet options:\r\n \u2013 \r\n \u2013 PARQUET_MINIMAL_DEPENDENCY=OFF [default=OFF]\r\n \u2013 Depend only on Thirdparty headers to build libparquet.\r\n \u2013 Always OFF if building binaries\r\n \u2013 PARQUET_BUILD_EXECUTABLES=OFF [default=OFF]\r\n \u2013 Build the Parquet executable CLI tools. Requires static libraries to be built.\r\n \u2013 PARQUET_BUILD_EXAMPLES=OFF [default=OFF]\r\n \u2013 Build the Parquet examples. Requires static libraries to be built.\r\n \u2013 PARQUET_REQUIRE_ENCRYPTION=OFF [default=OFF]\r\n \u2013 Build support for encryption. Fail if OpenSSL is not found\r\n \u2013 \r\n \u2013 Gandiva options:\r\n \u2013 \r\n \u2013 ARROW_GANDIVA_JAVA=OFF [default=OFF]\r\n \u2013 Build the Gandiva JNI wrappers\r\n \u2013 ARROW_GANDIVA_STATIC_LIBSTDCPP=OFF [default=OFF]\r\n \u2013 Include -static-libstdc++ -static-libgcc when linking with\r\n \u2013 Gandiva static libraries\r\n \u2013 ARROW_GANDIVA_PC_CXX_FLAGS=\"\" [default=\"\"]\r\n \u2013 Compiler flags to append when pre-compiling Gandiva operations\r\n \u2013 \r\n \u2013 Advanced developer options:\r\n \u2013 \r\n \u2013 ARROW_EXTRA_ERROR_CONTEXT=OFF [default=OFF]\r\n \u2013 Compile with extra error context (line numbers, code)\r\n \u2013 ARROW_OPTIONAL_INSTALL=OFF [default=OFF]\r\n \u2013 If enabled install ONLY targets that have already been built. Please be\r\n \u2013 advised that if this is enabled 'install' will fail silently on components\r\n \u2013 that have not been built\r\n \u2013 Outputting build configuration summary to /tmp/RtmpKCHvic/file92a8867a73e1b/cmake_summary.json\r\n \u2013 Configuring done\r\n \u2013 Generating done\r\n \u2013 Build files have been written to: /tmp/RtmpKCHvic/file92a8867a73e1b\r\n + /usr/bin/cmake --build . --target install\r\n [ 2%] Creating directories for 'mimalloc_ep'\r\n [ 2%] Creating directories for 'jemalloc_ep'\r\n [ 3%] Performing download step (download, verify and extract) for 'mimalloc_ep'\r\n [ 3%] Performing download step (download, verify and extract) for 'jemalloc_ep'\r\n \u2013 Downloading...\r\n dst='/tmp/RtmpKCHvic/file92a8867a73e1b/mimalloc_ep-prefix/src/v1.6.4.tar.gz'\r\n timeout='none'\r\n inactivity timeout='none'\r\n \u2013 Using src='https://github.com/microsoft/mimalloc/archive/v1.6.4.tar.gz'\r\n \u2013 [download 100% complete]\r\n \u2013 jemalloc_ep download command succeeded. See also /tmp/RtmpKCHvic/file92a8867a73e1b/jemalloc_ep-prefix/src/jemalloc_ep-stamp/jemalloc_ep-download-\\*.log\r\n [ 3%] No update step for 'jemalloc_ep'\r\n [ 4%] Performing patch step for 'jemalloc_ep'\r\n [ 4%] Performing configure step for 'jemalloc_ep'\r\n \u2013 Downloading... done\r\n \u2013 extracting...\r\n src='/tmp/RtmpKCHvic/file92a8867a73e1b/mimalloc_ep-prefix/src/v1.6.4.tar.gz'\r\n dst='/tmp/RtmpKCHvic/file92a8867a73e1b/mimalloc_ep-prefix/src/mimalloc_ep'\r\n \u2013 extracting... [tar xfz]\r\n \u2013 extracting... [analysis]\r\n \u2013 extracting... [rename]\r\n \u2013 extracting... [clean up]\r\n \u2013 extracting... done\r\n [ 4%] No update step for 'mimalloc_ep'\r\n [ 5%] No patch step for 'mimalloc_ep'\r\n [ 6%] Performing configure step for 'mimalloc_ep'\r\n \u2013 The C compiler identification is GNU 11.1.0\r\n \u2013 The CXX compiler identification is GNU 11.1.0\r\n \u2013 Detecting C compiler ABI info\r\n \u2013 Detecting C compiler ABI info - done\r\n \u2013 Check for working C compiler: /usr/bin/gcc - skipped\r\n \u2013 Detecting C compile features\r\n \u2013 Detecting C compile features - done\r\n \u2013 Detecting CXX compiler ABI info\r\n \u2013 Detecting CXX compiler ABI info - done\r\n \u2013 Check for working CXX compiler: /usr/bin/g++ - skipped\r\n \u2013 Detecting CXX compile features\r\n \u2013 Detecting CXX compile features - done\r\n \u2013 \r\n \u2013 Library base name: mimalloc\r\n \u2013 Build type : release\r\n \u2013 Install directory: /tmp/RtmpKCHvic/file92a8867a73e1b/mimalloc_ep/src/mimalloc_ep/lib/mimalloc-1.6\r\n \u2013 Build targets : static\r\n \u2013 \r\n \u2013 Configuring done\r\n \u2013 Generating done\r\n CMake Warning:\r\n Manually-specified variables were not used by the project:\r\n\r\nCMAKE_EXPORT_NO_PACKAGE_REGISTRY\r\n CMAKE_FIND_PACKAGE_NO_PACKAGE_REGISTRY\r\n\r\n\u2013 Build files have been written to: /tmp/RtmpKCHvic/file92a8867a73e1b/mimalloc_ep-prefix/src/mimalloc_ep-build\r\n [ 7%] Performing build step for 'mimalloc_ep'\r\n [ 7%] Building C object CMakeFiles/mimalloc-static.dir/src/stats.c.o\r\n [ 14%] Building C object CMakeFiles/mimalloc-static.dir/src/random.c.o\r\n [ 21%] Building C object CMakeFiles/mimalloc-static.dir/src/os.c.o\r\n [ 28%] Building C object CMakeFiles/mimalloc-static.dir/src/arena.c.o\r\n [ 35%] Building C object CMakeFiles/mimalloc-static.dir/src/region.c.o\r\n [ 42%] Building C object CMakeFiles/mimalloc-static.dir/src/segment.c.o\r\n [ 50%] Building C object CMakeFiles/mimalloc-static.dir/src/page.c.o\r\n [ 57%] Building C object CMakeFiles/mimalloc-static.dir/src/alloc.c.o\r\n [ 64%] Building C object CMakeFiles/mimalloc-static.dir/src/alloc-aligned.c.o\r\n [ 71%] Building C object CMakeFiles/mimalloc-static.dir/src/alloc-posix.c.o\r\n [ 78%] Building C object CMakeFiles/mimalloc-static.dir/src/heap.c.o\r\n [ 85%] Building C object CMakeFiles/mimalloc-static.dir/src/options.c.o\r\n [ 92%] Building C object CMakeFiles/mimalloc-static.dir/src/init.c.o\r\n [100%] Linking C static library libmimalloc.a\r\n [100%] Built target mimalloc-static\r\n [ 8%] Performing install step for 'mimalloc_ep'\r\n Consolidate compiler generated dependencies of target mimalloc-static\r\n [100%] Built target mimalloc-static\r\n Install the project...\r\n \u2013 Install configuration: \"RELEASE\"\r\n \u2013 Installing: /tmp/RtmpKCHvic/file92a8867a73e1b/mimalloc_ep/src/mimalloc_ep/lib/mimalloc-1.6/libmimalloc.a\r\n \u2013 Installing: /tmp/RtmpKCHvic/file92a8867a73e1b/mimalloc_ep/src/mimalloc_ep/lib/mimalloc-1.6/include/mimalloc.h\r\n \u2013 Installing: /tmp/RtmpKCHvic/file92a8867a73e1b/mimalloc_ep/src/mimalloc_ep/lib/mimalloc-1.6/include/mimalloc-override.h\r\n \u2013 Installing: /tmp/RtmpKCHvic/file92a8867a73e1b/mimalloc_ep/src/mimalloc_ep/lib/mimalloc-1.6/include/mimalloc-new-delete.h\r\n \u2013 Installing: /tmp/RtmpKCHvic/file92a8867a73e1b/mimalloc_ep/src/mimalloc_ep/lib/mimalloc-1.6/cmake/mimalloc-config.cmake\r\n \u2013 Installing: /tmp/RtmpKCHvic/file92a8867a73e1b/mimalloc_ep/src/mimalloc_ep/lib/mimalloc-1.6/cmake/mimalloc-config-version.cmake\r\n [ 9%] Completed 'mimalloc_ep'\r\n [ 9%] Built target mimalloc_ep\r\n [ 10%] Creating directories for 'aws_c_common_ep'\r\n [ 11%] Performing download step (download, verify and extract) for 'aws_c_common_ep'\r\n \u2013 jemalloc_ep configure command succeeded. See also /tmp/RtmpKCHvic/file92a8867a73e1b/jemalloc_ep-prefix/src/jemalloc_ep-stamp/jemalloc_ep-configure-\\*.log\r\n [ 12%] Performing build step for 'jemalloc_ep'\r\n \u2013 aws_c_common_ep download command succeeded. See also /tmp/RtmpKCHvic/file92a8867a73e1b/aws_c_common_ep-prefix/src/aws_c_common_ep-stamp/aws_c_common_ep-download-\\*.log\r\n [ 12%] No update step for 'aws_c_common_ep'\r\n [ 13%] No patch step for 'aws_c_common_ep'\r\n [ 13%] Performing configure step for 'aws_c_common_ep'\r\n \u2013 aws_c_common_ep configure command succeeded. See also /tmp/RtmpKCHvic/file92a8867a73e1b/aws_c_common_ep-prefix/src/aws_c_common_ep-stamp/aws_c_common_ep-configure-\\*.log\r\n [ 14%] Performing build step for 'aws_c_common_ep'\r\n CMake Error at /tmp/RtmpKCHvic/file92a8867a73e1b/aws_c_common_ep-prefix/src/aws_c_common_ep-stamp/aws_c_common_ep-build-RELEASE.cmake:37 (message):\r\n Command failed: 2\r\n\r\n'make'\r\n\r\nSee also\r\n\r\n/tmp/RtmpKCHvic/file92a8867a73e1b/aws_c_common_ep-prefix/src/aws_c_common_ep-stamp/aws_c_common_ep-build-\\*.log\r\n\r\n\u2013 stdout output is:\r\n [ 0%] Building C object CMakeFiles/aws-c-common.dir/source/allocator.c.o\r\n [ 1%] Building C object CMakeFiles/aws-c-common.dir/source/allocator_sba.c.o\r\n [ 2%] Building C object CMakeFiles/aws-c-common.dir/source/arch/intel/asm/cpuid.c.o\r\n [ 3%] Building C object CMakeFiles/aws-c-common.dir/source/arch/intel/cpuid.c.o\r\n [ 4%] Building C object CMakeFiles/aws-c-common.dir/source/arch/intel/encoding_avx2.c.o\r\n [ 5%] Building C object CMakeFiles/aws-c-common.dir/source/array_list.c.o\r\n [ 6%] Building C object CMakeFiles/aws-c-common.dir/source/assert.c.o\r\n [ 7%] Building C object CMakeFiles/aws-c-common.dir/source/byte_buf.c.o\r\n [ 8%] Building C object CMakeFiles/aws-c-common.dir/source/cache.c.o\r\n [ 9%] Building C object CMakeFiles/aws-c-common.dir/source/codegen.c.o\r\n [ 10%] Building C object CMakeFiles/aws-c-common.dir/source/command_line_parser.c.o\r\n [ 11%] Building C object CMakeFiles/aws-c-common.dir/source/common.c.o\r\n [ 12%] Building C object CMakeFiles/aws-c-common.dir/source/condition_variable.c.o\r\n [ 13%] Building C object CMakeFiles/aws-c-common.dir/source/date_time.c.o\r\n [ 14%] Building C object CMakeFiles/aws-c-common.dir/source/device_random.c.o\r\n [ 14%] Building C object CMakeFiles/aws-c-common.dir/source/encoding.c.o\r\n [ 15%] Building C object CMakeFiles/aws-c-common.dir/source/error.c.o\r\n [ 16%] Building C object CMakeFiles/aws-c-common.dir/source/fifo_cache.c.o\r\n [ 17%] Building C object CMakeFiles/aws-c-common.dir/source/hash_table.c.o\r\n [ 18%] Building C object CMakeFiles/aws-c-common.dir/source/lifo_cache.c.o\r\n [ 19%] Building C object CMakeFiles/aws-c-common.dir/source/linked_hash_table.c.o\r\n [ 20%] Building C object CMakeFiles/aws-c-common.dir/source/log_channel.c.o\r\n [ 21%] Building C object CMakeFiles/aws-c-common.dir/source/log_formatter.c.o\r\n [ 22%] Building C object CMakeFiles/aws-c-common.dir/source/log_writer.c.o\r\n [ 23%] Building C object CMakeFiles/aws-c-common.dir/source/logging.c.o\r\n [ 24%] Building C object CMakeFiles/aws-c-common.dir/source/lru_cache.c.o\r\n [ 25%] Building C object CMakeFiles/aws-c-common.dir/source/math.c.o\r\n [ 26%] Building C object CMakeFiles/aws-c-common.dir/source/memtrace.c.o\r\n [ 27%] Building C object CMakeFiles/aws-c-common.dir/source/posix/clock.c.o\r\n [ 28%] Building C object CMakeFiles/aws-c-common.dir/source/posix/condition_variable.c.o\r\n [ 28%] Building C object CMakeFiles/aws-c-common.dir/source/posix/device_random.c.o\r\n [ 29%] Building C object CMakeFiles/aws-c-common.dir/source/posix/environment.c.o\r\n [ 30%] Building C object CMakeFiles/aws-c-common.dir/source/posix/mutex.c.o\r\n [ 31%] Building C object CMakeFiles/aws-c-common.dir/source/posix/process.c.o\r\n [ 32%] Building C object CMakeFiles/aws-c-common.dir/source/posix/rw_lock.c.o\r\n [ 33%] Building C object CMakeFiles/aws-c-common.dir/source/posix/system_info.c.o\r\n [ 34%] Building C object CMakeFiles/aws-c-common.dir/source/posix/thread.c.o\r\n [ 35%] Building C object CMakeFiles/aws-c-common.dir/source/posix/time.c.o\r\n [ 36%] Building C object CMakeFiles/aws-c-common.dir/source/priority_queue.c.o\r\n [ 37%] Building C object CMakeFiles/aws-c-common.dir/source/process_common.c.o\r\n [ 38%] Building C object CMakeFiles/aws-c-common.dir/source/ref_count.c.o\r\n [ 39%] Building C object CMakeFiles/aws-c-common.dir/source/resource_name.c.o\r\n [ 40%] Building C object CMakeFiles/aws-c-common.dir/source/ring_buffer.c.o\r\n [ 41%] Building C object CMakeFiles/aws-c-common.dir/source/statistics.c.o\r\n [ 42%] Building C object CMakeFiles/aws-c-common.dir/source/string.c.o\r\n [ 42%] Building C object CMakeFiles/aws-c-common.dir/source/task_scheduler.c.o\r\n [ 43%] Building C object CMakeFiles/aws-c-common.dir/source/uuid.c.o\r\n [ 44%] Building C object CMakeFiles/aws-c-common.dir/source/xml_parser.c.o\r\n [ 45%] Linking C static library libaws-c-common.a\r\n [ 45%] Built target aws-c-common\r\n [ 46%] Building C object tests/CMakeFiles/aws-c-common-tests.dir/test_runner.c.o\r\n [ 47%] Building C object tests/CMakeFiles/aws-c-common-tests.dir/alloc_test.c.o\r\n [ 48%] Building C object tests/CMakeFiles/aws-c-common-tests.dir/array_list_test.c.o\r\n [ 49%] Building C object tests/CMakeFiles/aws-c-common-tests.dir/atomics_test.c.o\r\n [ 50%] Building C object tests/CMakeFiles/aws-c-common-tests.dir/byte_buf_test.c.o\r\n\r\n\u2013 stderr output is:\r\n /tmp/RtmpKCHvic/file92a8867a73e1b/aws_c_common_ep-prefix/src/aws_c_common_ep/tests/byte_buf_test.c: In function \u2018s_test_buffer_advance\u2019:\r\n /tmp/RtmpKCHvic/file92a8867a73e1b/aws_c_common_ep-prefix/src/aws_c_common_ep/tests/byte_buf_test.c:228:35: error: \u2018arr\u2019 may be used uninitialized [-Werror=maybe-uninitialized]\r\n 228 | struct aws_byte_buf src_buf = aws_byte_buf_from_empty_array(arr, sizeof(arr));\r\n\n|^~~~~~~~~~~~~~~~~~~~~~~~~~~~~~~~~~~~~~~~~~~~~~~\r<br> In file included from /tmp/RtmpKCHvic/file92a8867a73e1b/aws_c_common_ep-prefix/src/aws_c_common_ep/tests/byte_buf_test.c:6:\r<br> /tmp/RtmpKCHvic/file92a8867a73e1b/aws_c_common_ep-prefix/src/aws_c_common_ep/include/aws/common/byte_buf.h:556:36: note: by argument 1 of type \u2018const void \\*\u2019 to \u2018aws_byte_buf_from_empty_array\u2019 declared here\r<br> 556|AWS_COMMON_API struct aws_byte_buf aws_byte_buf_from_empty_array(const void \\*bytes, size_t capacity);|\r|\n|-|-|-|\n|^~~~~~~~~~~~~~~~~~~~~~~~~~~~~\r<br> /tmp/RtmpKCHvic/file92a8867a73e1b/aws_c_common_ep-prefix/src/aws_c_common_ep/tests/byte_buf_test.c:227:13: note: \u2018arr\u2019 declared here\r<br> 227|uint8_t arr[16];|\r|\n|^~~\r<br> /tmp/RtmpKCHvic/file92a8867a73e1b/aws_c_common_ep-prefix/src/aws_c_common_ep/tests/byte_buf_test.c: In function \u2018s_test_byte_buf_write_to_capacity\u2019:\r<br> /tmp/RtmpKCHvic/file92a8867a73e1b/aws_c_common_ep-prefix/src/aws_c_common_ep/tests/byte_buf_test.c:551:31: error: \u2018buf_storage\u2019 may be used uninitialized [-Werror=maybe-uninitialized]\r<br> 551|struct aws_byte_buf buf = aws_byte_buf_from_empty_array(buf_storage, sizeof(buf_storage));|\r|\n|^~~~~~~~~~~~~~~~~~~~~~~~~~~~~~~~~~~~~~~~~~~~~~~~~~~~~~~~~~~~~~~\r<br> In file included from /tmp/RtmpKCHvic/file92a8867a73e1b/aws_c_common_ep-prefix/src/aws_c_common_ep/tests/byte_buf_test.c:6:\r<br> /tmp/RtmpKCHvic/file92a8867a73e1b/aws_c_common_ep-prefix/src/aws_c_common_ep/include/aws/common/byte_buf.h:556:36: note: by argument 1 of type \u2018const void \\*\u2019 to \u2018aws_byte_buf_from_empty_array\u2019 declared here\r<br> 556|AWS_COMMON_API struct aws_byte_buf aws_byte_buf_from_empty_array(const void \\*bytes, size_t capacity);|\r|\n|^~~~~~~~~~~~~~~~~~~~~~~~~~~~~\r<br> /tmp/RtmpKCHvic/file92a8867a73e1b/aws_c_common_ep-prefix/src/aws_c_common_ep/tests/byte_buf_test.c:550:13: note: \u2018buf_storage\u2019 declared here\r<br> 550|uint8_t buf_storage[5];|\r|\n|^~~~~~~~~~~\r<br> cc1: all warnings being treated as errors\r<br> make[5]: \\*\\*\\* [tests/CMakeFiles/aws-c-common-tests.dir/build.make:132: tests/CMakeFiles/aws-c-common-tests.dir/byte_buf_test.c.o] Error 1\r<br> make[4]: \\*\\*\\* [CMakeFiles/Makefile2:884: tests/CMakeFiles/aws-c-common-tests.dir/all] Error 2\r<br> make[3]: \\*\\*\\* [Makefile:146: all] Error 2|\r<br>\r<br>CMake Error at /tmp/RtmpKCHvic/file92a8867a73e1b/aws_c_common_ep-prefix/src/aws_c_common_ep-stamp/aws_c_common_ep-build-RELEASE.cmake:47 (message):\r<br> Stopping after outputting logs.\r<br>\r<br>make[2]: \\*\\*\\* [CMakeFiles/aws_c_common_ep.dir/build.make:86: aws_c_common_ep-prefix/src/aws_c_common_ep-stamp/aws_c_common_ep-build] Error 1\r<br> make[1]: \\*\\*\\* [CMakeFiles/Makefile2:1112: CMakeFiles/aws_c_common_ep.dir/all] Error 2\r<br> make[1]: \\*\\*\\* Waiting for unfinished jobs....\r<br> \u2013 jemalloc_ep build command succeeded. See also /tmp/RtmpKCHvic/file92a8867a73e1b/jemalloc_ep-prefix/src/jemalloc_ep-stamp/jemalloc_ep-build-\\*.log\r<br> [ 15%] Performing install step for 'jemalloc_ep'\r<br> \u2013 jemalloc_ep install command succeeded. See also /tmp/RtmpKCHvic/file92a8867a73e1b/jemalloc_ep-prefix/src/jemalloc_ep-stamp/jemalloc_ep-install-\\*.log\r<br> [ 16%] Completed 'jemalloc_ep'\r<br> [ 16%] Built target jemalloc_ep\r<br> make: \\*\\*\\* [Makefile:146: all] Error 2\r<br> /tmp/RtmplFBPlk/R.INSTALL92a7340ef4b51/arrow\r<br> + popd\r<br> PKG_CFLAGS=-I/tmp/RtmplFBPlk/R.INSTALL92a7340ef4b51/arrow/libarrow/arrow-3.0.0/include -DARROW_R_WITH_ARROW\r<br> PKG_LIBS=-larrow_dataset -lparquet -larrow\r<br> \\* \r<br> \\*\\* libs\r<br> g++ -std=gnu++11 -I\"/usr/include/R/\" -DNDEBUG -I/tmp/RtmplFBPlk/R.INSTALL92a7340ef4b51/arrow/libarrow/arrow-3.0.0/include -DARROW_R_WITH_ARROW -I'/home/lime/R/x86_64-pc-linux-gnu-library/4.1/cpp11/include' -D_FORTIFY_SOURCE=2 -fpic -march=x86-64 -mtune=generic -O2 -pipe -fno-plt -c array.cpp -o array.o\r<br> g++ -std=gnu++11 -I\"/usr/include/R/\" -DNDEBUG -I/tmp/RtmplFBPlk/R.INSTALL92a7340ef4b51/arrow/libarrow/arrow-3.0.0/include -DARROW_R_WITH_ARROW -I'/home/lime/R/x86_64-pc-linux-gnu-library/4.1/cpp11/include' -D_FORTIFY_SOURCE=2 -fpic -march=x86-64 -mtune=generic -O2 -pipe -fno-plt -c array_from_vector.cpp -o array_from_vector.o\r<br> g++ -std=gnu++11 -I\"/usr/include/R/\" -DNDEBUG -I/tmp/RtmplFBPlk/R.INSTALL92a7340ef4b51/arrow/libarrow/arrow-3.0.0/include -DARROW_R_WITH_ARROW -I'/home/lime/R/x86_64-pc-linux-gnu-library/4.1/cpp11/include' -D_FORTIFY_SOURCE=2 -fpic -march=x86-64 -mtune=generic -O2 -pipe -fno-plt -c array_to_vector.cpp -o array_to_vector.o\r<br> g++ -std=gnu++11 -I\"/usr/include/R/\" -DNDEBUG -I/tmp/RtmplFBPlk/R.INSTALL92a7340ef4b51/arrow/libarrow/arrow-3.0.0/include -DARROW_R_WITH_ARROW -I'/home/lime/R/x86_64-pc-linux-gnu-library/4.1/cpp11/include' -D_FORTIFY_SOURCE=2 -fpic -march=x86-64 -mtune=generic -O2 -pipe -fno-plt -c arraydata.cpp -o arraydata.o\r<br> g++ -std=gnu++11 -I\"/usr/include/R/\" -DNDEBUG -I/tmp/RtmplFBPlk/R.INSTALL92a7340ef4b51/arrow/libarrow/arrow-3.0.0/include -DARROW_R_WITH_ARROW -I'/home/lime/R/x86_64-pc-linux-gnu-library/4.1/cpp11/include' -D_FORTIFY_SOURCE=2 -fpic -march=x86-64 -mtune=generic -O2 -pipe -fno-plt -c arrowExports.cpp -o arrowExports.o\r<br> g++ -std=gnu++11 -I\"/usr/include/R/\" -DNDEBUG -I/tmp/RtmplFBPlk/R.INSTALL92a7340ef4b51/arrow/libarrow/arrow-3.0.0/include -DARROW_R_WITH_ARROW -I'/home/lime/R/x86_64-pc-linux-gnu-library/4.1/cpp11/include' -D_FORTIFY_SOURCE=2 -fpic -march=x86-64 -mtune=generic -O2 -pipe -fno-plt -c buffer.cpp -o buffer.o\r<br> g++ -std=gnu++11 -I\"/usr/include/R/\" -DNDEBUG -I/tmp/RtmplFBPlk/R.INSTALL92a7340ef4b51/arrow/libarrow/arrow-3.0.0/include -DARROW_R_WITH_ARROW -I'/home/lime/R/x86_64-pc-linux-gnu-library/4.1/cpp11/include' -D_FORTIFY_SOURCE=2 -fpic -march=x86-64 -mtune=generic -O2 -pipe -fno-plt -c chunkedarray.cpp -o chunkedarray.o\r<br> g++ -std=gnu++11 -I\"/usr/include/R/\" -DNDEBUG -I/tmp/RtmplFBPlk/R.INSTALL92a7340ef4b51/arrow/libarrow/arrow-3.0.0/include -DARROW_R_WITH_ARROW -I'/home/lime/R/x86_64-pc-linux-gnu-library/4.1/cpp11/include' -D_FORTIFY_SOURCE=2 -fpic -march=x86-64 -mtune=generic -O2 -pipe -fno-plt -c compression.cpp -o compression.o\r<br> g++ -std=gnu++11 -I\"/usr/include/R/\" -DNDEBUG -I/tmp/RtmplFBPlk/R.INSTALL92a7340ef4b51/arrow/libarrow/arrow-3.0.0/include -DARROW_R_WITH_ARROW -I'/home/lime/R/x86_64-pc-linux-gnu-library/4.1/cpp11/include' -D_FORTIFY_SOURCE=2 -fpic -march=x86-64 -mtune=generic -O2 -pipe -fno-plt -c compute.cpp -o compute.o\r<br> g++ -std=gnu++11 -I\"/usr/include/R/\" -DNDEBUG -I/tmp/RtmplFBPlk/R.INSTALL92a7340ef4b51/arrow/libarrow/arrow-3.0.0/include -DARROW_R_WITH_ARROW -I'/home/lime/R/x86_64-pc-linux-gnu-library/4.1/cpp11/include' -D_FORTIFY_SOURCE=2 -fpic -march=x86-64 -mtune=generic -O2 -pipe -fno-plt -c csv.cpp -o csv.o\r<br> g++ -std=gnu++11 -I\"/usr/include/R/\" -DNDEBUG -I/tmp/RtmplFBPlk/R.INSTALL92a7340ef4b51/arrow/libarrow/arrow-3.0.0/include -DARROW_R_WITH_ARROW -I'/home/lime/R/x86_64-pc-linux-gnu-library/4.1/cpp11/include' -D_FORTIFY_SOURCE=2 -fpic -march=x86-64 -mtune=generic -O2 -pipe -fno-plt -c dataset.cpp -o dataset.o\r<br> g++ -std=gnu++11 -I\"/usr/include/R/\" -DNDEBUG -I/tmp/RtmplFBPlk/R.INSTALL92a7340ef4b51/arrow/libarrow/arrow-3.0.0/include -DARROW_R_WITH_ARROW -I'/home/lime/R/x86_64-pc-linux-gnu-library/4.1/cpp11/include' -D_FORTIFY_SOURCE=2 -fpic -march=x86-64 -mtune=generic -O2 -pipe -fno-plt -c datatype.cpp -o datatype.o\r<br> g++ -std=gnu++11 -I\"/usr/include/R/\" -DNDEBUG -I/tmp/RtmplFBPlk/R.INSTALL92a7340ef4b51/arrow/libarrow/arrow-3.0.0/include -DARROW_R_WITH_ARROW -I'/home/lime/R/x86_64-pc-linux-gnu-library/4.1/cpp11/include' -D_FORTIFY_SOURCE=2 -fpic -march=x86-64 -mtune=generic -O2 -pipe -fno-plt -c expression.cpp -o expression.o\r<br> g++ -std=gnu++11 -I\"/usr/include/R/\" -DNDEBUG -I/tmp/RtmplFBPlk/R.INSTALL92a7340ef4b51/arrow/libarrow/arrow-3.0.0/include -DARROW_R_WITH_ARROW -I'/home/lime/R/x86_64-pc-linux-gnu-library/4.1/cpp11/include' -D_FORTIFY_SOURCE=2 -fpic -march=x86-64 -mtune=generic -O2 -pipe -fno-plt -c feather.cpp -o feather.o\r<br> g++ -std=gnu++11 -I\"/usr/include/R/\" -DNDEBUG -I/tmp/RtmplFBPlk/R.INSTALL92a7340ef4b51/arrow/libarrow/arrow-3.0.0/include -DARROW_R_WITH_ARROW -I'/home/lime/R/x86_64-pc-linux-gnu-library/4.1/cpp11/include' -D_FORTIFY_SOURCE=2 -fpic -march=x86-64 -mtune=generic -O2 -pipe -fno-plt -c field.cpp -o field.o\r<br> g++ -std=gnu++11 -I\"/usr/include/R/\" -DNDEBUG -I/tmp/RtmplFBPlk/R.INSTALL92a7340ef4b51/arrow/libarrow/arrow-3.0.0/include -DARROW_R_WITH_ARROW -I'/home/lime/R/x86_64-pc-linux-gnu-library/4.1/cpp11/include' -D_FORTIFY_SOURCE=2 -fpic -march=x86-64 -mtune=generic -O2 -pipe -fno-plt -c filesystem.cpp -o filesystem.o\r<br> g++ -std=gnu++11 -I\"/usr/include/R/\" -DNDEBUG -I/tmp/RtmplFBPlk/R.INSTALL92a7340ef4b51/arrow/libarrow/arrow-3.0.0/include -DARROW_R_WITH_ARROW -I'/home/lime/R/x86_64-pc-linux-gnu-library/4.1/cpp11/include' -D_FORTIFY_SOURCE=2 -fpic -march=x86-64 -mtune=generic -O2 -pipe -fno-plt -c imports.cpp -o imports.o\r<br> g++ -std=gnu++11 -I\"/usr/include/R/\" -DNDEBUG -I/tmp/RtmplFBPlk/R.INSTALL92a7340ef4b51/arrow/libarrow/arrow-3.0.0/include -DARROW_R_WITH_ARROW -I'/home/lime/R/x86_64-pc-linux-gnu-library/4.1/cpp11/include' -D_FORTIFY_SOURCE=2 -fpic -march=x86-64 -mtune=generic -O2 -pipe -fno-plt -c io.cpp -o io.o\r<br> g++ -std=gnu++11 -I\"/usr/include/R/\" -DNDEBUG -I/tmp/RtmplFBPlk/R.INSTALL92a7340ef4b51/arrow/libarrow/arrow-3.0.0/include -DARROW_R_WITH_ARROW -I'/home/lime/R/x86_64-pc-linux-gnu-library/4.1/cpp11/include' -D_FORTIFY_SOURCE=2 -fpic -march=x86-64 -mtune=generic -O2 -pipe -fno-plt -c json.cpp -o json.o\r<br> g++ -std=gnu++11 -I\"/usr/include/R/\" -DNDEBUG -I/tmp/RtmplFBPlk/R.INSTALL92a7340ef4b51/arrow/libarrow/arrow-3.0.0/include -DARROW_R_WITH_ARROW -I'/home/lime/R/x86_64-pc-linux-gnu-library/4.1/cpp11/include' -D_FORTIFY_SOURCE=2 -fpic -march=x86-64 -mtune=generic -O2 -pipe -fno-plt -c memorypool.cpp -o memorypool.o\r<br> g++ -std=gnu++11 -I\"/usr/include/R/\" -DNDEBUG -I/tmp/RtmplFBPlk/R.INSTALL92a7340ef4b51/arrow/libarrow/arrow-3.0.0/include -DARROW_R_WITH_ARROW -I'/home/lime/R/x86_64-pc-linux-gnu-library/4.1/cpp11/include' -D_FORTIFY_SOURCE=2 -fpic -march=x86-64 -mtune=generic -O2 -pipe -fno-plt -c message.cpp -o message.o\r<br> g++ -std=gnu++11 -I\"/usr/include/R/\" -DNDEBUG -I/tmp/RtmplFBPlk/R.INSTALL92a7340ef4b51/arrow/libarrow/arrow-3.0.0/include -DARROW_R_WITH_ARROW -I'/home/lime/R/x86_64-pc-linux-gnu-library/4.1/cpp11/include' -D_FORTIFY_SOURCE=2 -fpic -march=x86-64 -mtune=generic -O2 -pipe -fno-plt -c parquet.cpp -o parquet.o\r<br> g++ -std=gnu++11 -I\"/usr/include/R/\" -DNDEBUG -I/tmp/RtmplFBPlk/R.INSTALL92a7340ef4b51/arrow/libarrow/arrow-3.0.0/include -DARROW_R_WITH_ARROW -I'/home/lime/R/x86_64-pc-linux-gnu-library/4.1/cpp11/include' -D_FORTIFY_SOURCE=2 -fpic -march=x86-64 -mtune=generic -O2 -pipe -fno-plt -c py-to-r.cpp -o py-to-r.o\r<br> g++ -std=gnu++11 -I\"/usr/include/R/\" -DNDEBUG -I/tmp/RtmplFBPlk/R.INSTALL92a7340ef4b51/arrow/libarrow/arrow-3.0.0/include -DARROW_R_WITH_ARROW -I'/home/lime/R/x86_64-pc-linux-gnu-library/4.1/cpp11/include' -D_FORTIFY_SOURCE=2 -fpic -march=x86-64 -mtune=generic -O2 -pipe -fno-plt -c recordbatch.cpp -o recordbatch.o\r<br> g++ -std=gnu++11 -I\"/usr/include/R/\" -DNDEBUG -I/tmp/RtmplFBPlk/R.INSTALL92a7340ef4b51/arrow/libarrow/arrow-3.0.0/include -DARROW_R_WITH_ARROW -I'/home/lime/R/x86_64-pc-linux-gnu-library/4.1/cpp11/include' -D_FORTIFY_SOURCE=2 -fpic -march=x86-64 -mtune=generic -O2 -pipe -fno-plt -c recordbatchreader.cpp -o recordbatchreader.o\r<br> g++ -std=gnu++11 -I\"/usr/include/R/\" -DNDEBUG -I/tmp/RtmplFBPlk/R.INSTALL92a7340ef4b51/arrow/libarrow/arrow-3.0.0/include -DARROW_R_WITH_ARROW -I'/home/lime/R/x86_64-pc-linux-gnu-library/4.1/cpp11/include' -D_FORTIFY_SOURCE=2 -fpic -march=x86-64 -mtune=generic -O2 -pipe -fno-plt -c recordbatchwriter.cpp -o recordbatchwriter.o\r<br> g++ -std=gnu++11 -I\"/usr/include/R/\" -DNDEBUG -I/tmp/RtmplFBPlk/R.INSTALL92a7340ef4b51/arrow/libarrow/arrow-3.0.0/include -DARROW_R_WITH_ARROW -I'/home/lime/R/x86_64-pc-linux-gnu-library/4.1/cpp11/include' -D_FORTIFY_SOURCE=2 -fpic -march=x86-64 -mtune=generic -O2 -pipe -fno-plt -c scalar.cpp -o scalar.o\r<br> g++ -std=gnu++11 -I\"/usr/include/R/\" -DNDEBUG -I/tmp/RtmplFBPlk/R.INSTALL92a7340ef4b51/arrow/libarrow/arrow-3.0.0/include -DARROW_R_WITH_ARROW -I'/home/lime/R/x86_64-pc-linux-gnu-library/4.1/cpp11/include' -D_FORTIFY_SOURCE=2 -fpic -march=x86-64 -mtune=generic -O2 -pipe -fno-plt -c schema.cpp -o schema.o\r<br> g++ -std=gnu++11 -I\"/usr/include/R/\" -DNDEBUG -I/tmp/RtmplFBPlk/R.INSTALL92a7340ef4b51/arrow/libarrow/arrow-3.0.0/include -DARROW_R_WITH_ARROW -I'/home/lime/R/x86_64-pc-linux-gnu-library/4.1/cpp11/include' -D_FORTIFY_SOURCE=2 -fpic -march=x86-64 -mtune=generic -O2 -pipe -fno-plt -c symbols.cpp -o symbols.o\r<br> g++ -std=gnu++11 -I\"/usr/include/R/\" -DNDEBUG -I/tmp/RtmplFBPlk/R.INSTALL92a7340ef4b51/arrow/libarrow/arrow-3.0.0/include -DARROW_R_WITH_ARROW -I'/home/lime/R/x86_64-pc-linux-gnu-library/4.1/cpp11/include' -D_FORTIFY_SOURCE=2 -fpic -march=x86-64 -mtune=generic -O2 -pipe -fno-plt -c table.cpp -o table.o\r<br> g++ -std=gnu++11 -I\"/usr/include/R/\" -DNDEBUG -I/tmp/RtmplFBPlk/R.INSTALL92a7340ef4b51/arrow/libarrow/arrow-3.0.0/include -DARROW_R_WITH_ARROW -I'/home/lime/R/x86_64-pc-linux-gnu-library/4.1/cpp11/include' -D_FORTIFY_SOURCE=2 -fpic -march=x86-64 -mtune=generic -O2 -pipe -fno-plt -c threadpool.cpp -o threadpool.o\r<br> g++ -std=gnu++11 -shared -L/usr/lib64/R/lib -Wl,~~O1,~~-sort-common,--as-needed,-z,relro,-z,now -o arrow.so array.o array_from_vector.o array_to_vector.o arraydata.o arrowExports.o buffer.o chunkedarray.o compression.o compute.o csv.o dataset.o datatype.o expression.o feather.o field.o filesystem.o imports.o io.o json.o memorypool.o message.o parquet.o py-to-r.o recordbatch.o recordbatchreader.o recordbatchwriter.o scalar.o schema.o symbols.o table.o threadpool.o -larrow_dataset -lparquet -larrow -L/usr/lib64/R/lib -lR\r<br> installing to /home/lime/R/x86_64-pc-linux-gnu-library/4.1/00LOCK-arrow/00new/arrow/libs\r<br> \\*\\* R\r<br> \\*\\* inst\r<br> \\*\\* byte-compile and prepare package for lazy loading\r<br> \\*\\* help\r<br> \\*\\*\\* installing help indices\r<br> \\*\\* building package indices\r<br> \\*\\* installing vignettes\r<br> \\*\\* testing if installed package can be loaded from temporary location\r<br> \\*\\* checking absolute paths in shared objects and dynamic libraries\r<br> \\*\\* testing if installed package can be loaded from final location\r<br> \\*\\* testing if installed package keeps a record of temporary installation path\r<br> \\* DONE (arrow)\r<br>\r<br>The downloaded source packages are in\r<br> \u2018/tmp/RtmppYM4Sz/downloaded_packages\u2019\r<br>\r<br>Attaching package: \u2018arrow\u2019\r<br>\r<br>The following object is masked from \u2018package:utils\u2019:\r<br>\r<br>timestamp\r<br>\r<br>```|\n",
        "created_at": "2021-06-27T17:31:27.000Z",
        "updated_at": "2021-07-12T13:58:28.000Z",
        "labels": [
            "Migrated from Jira",
            "Component: R",
            "Type: bug"
        ],
        "closed": true,
        "closed_at": "2021-07-12T13:58:28.000Z"
    },
    "comments": [
        {
            "created_at": "2021-06-28T14:01:27.598Z",
            "body": "***Note**: [Comment](https://issues.apache.org/jira/browse/ARROW-13192?focusedCommentId=17370609) by Jonathan Keane (jonkeane):*\nHello, thank you for the very detailed report here, that really helps in figuring out what is going on.\r\n\r\nUltimately, it looks like the build process is failing while trying to install the AWS sdk dependency. I haven't seen this specific error in the past, but will try and get a docker container with this flavor of linux to re-create the issue.\r\n\r\nIn the mean time I did notice a few things that are a bit odd / might help with this:\r\n\r\n- It looks like you're using an MRAN snapshot from back when Arrow 3.0.0 was the released version \u2014 we've since had one major and one minor release (we're at 4.0.1). I would recommend trying to install the latest version if possible. We have bumped the required version number for that AWS sdk (from 1.8.90 in 3.0.0 to 1.8.133 in 4.0.0). This bump might resolve the build issue in this one dependency.\n  \n  If that first suggestion doesn't improve things, there are a few other possibilities that might get you unblocked (with varying levels of complication):\n- This particular dependency is only really necessary and will only be build if you enable the S3 features in Arrow. These are enabled by default when building with  `install_arrow()`. If you don't need to use S3 with arrow, you could try disabling those features:\n  {code:r}\n   Sys.setenv(\n        ARROW_S3=\"OFF\",\n1. these below are what minimal=false turns on, but feel free to trun any of these compression or memory allocators off that you don't need or want to build.\n         ARROW_JEMALLOC=\"ON\",\n         ARROW_WITH_BROTLI=\"ON\",\n         ARROW_WITH_BZ2=\"ON\",\n         ARROW_WITH_LZ4=\"ON\",\n         ARROW_WITH_SNAPPY=\"ON\",\n         ARROW_WITH_ZLIB=\"ON\",\n         ARROW_WITH_ZSTD=\"ON\"\n       )\n       arrow::install_arrow(verbose = TRUE, minimal = TRUE)\n   {code}\n- Alternatively, you could try building + installing the AWS sdk manually and if that succeeds arrow will pick it up (https://docs.aws.amazon.com/sdk-for-cpp/v1/developer-guide/setup-linux.html has some more information about that). Thought note you'll need to get the sdk version that matches the requirements for arrow (AWS SDK 1.8.90 for 3.0.0 and 1.8.133 for 4.0.0 and 4.0.1).\n"
        },
        {
            "created_at": "2021-06-28T15:40:00.786Z",
            "body": "***Note**: [Comment](https://issues.apache.org/jira/browse/ARROW-13192?focusedCommentId=17370668) by Jonathan Keane (jonkeane):*\nUsing an archlinux docker image I also reproduced this aws-sdk error when trying to build that from source (using their instructions):\r\n\r\n```Java\n\r\n[root@a9fff83e0a35 build]# cmake .. -DCMAKE_BUILD_TYPE=Debug\r\n-- Found Git: /usr/sbin/git (found version \"2.32.0\") \r\n-- TARGET_ARCH not specified; inferring host OS to be platform compilation target\r\n-- Building AWS libraries as shared objects\r\n-- Generating linux build config\r\n-- Building project version: 1.8.133\r\n-- The C compiler identification is GNU 11.1.0\r\n-- The CXX compiler identification is GNU 11.1.0\r\n-- Detecting C compiler ABI info\r\n-- Detecting C compiler ABI info - done\r\n-- Check for working C compiler: /usr/sbin/cc - skipped\r\n-- Detecting C compile features\r\n-- Detecting C compile features - done\r\n-- Detecting CXX compiler ABI info\r\n-- Detecting CXX compiler ABI info - done\r\n-- Check for working CXX compiler: /usr/sbin/c++ - skipped\r\n-- Detecting CXX compile features\r\n-- Detecting CXX compile features - done\r\n-- Configuring done\r\n-- Generating done\r\n-- Build files have been written to: /aws-sdk-cpp/build/.deps\r\n[  4%] Creating directories for 'AwsCCommon'\r\n[  8%] Performing download step (git clone) for 'AwsCCommon'\r\nCloning into 'AwsCCommon'...\r\nHEAD is now at fa67d3b IO handle ulimit stuff. (#637)\r\n[ 12%] No update step for 'AwsCCommon'\r\n[ 16%] No patch step for 'AwsCCommon'\r\n[ 20%] Performing configure step for 'AwsCCommon'\r\n-- The C compiler identification is GNU 11.1.0\r\n-- Detecting C compiler ABI info\r\n-- Detecting C compiler ABI info - done\r\n-- Check for working C compiler: /usr/sbin/cc - skipped\r\n-- Detecting C compile features\r\n-- Detecting C compile features - done\r\n-- Performing Test AWS_HAVE_GCC_OVERFLOW_MATH_EXTENSIONS\r\n-- Performing Test AWS_HAVE_GCC_OVERFLOW_MATH_EXTENSIONS - Success\r\n-- Performing Test AWS_HAVE_MSVC_MULX\r\n-- Performing Test AWS_HAVE_MSVC_MULX - Failed\r\n-- Performing Test AWS_HAVE_GCC_INLINE_ASM\r\n-- Performing Test AWS_HAVE_GCC_INLINE_ASM - Success\r\n-- Performing Test AWS_HAVE_EXECINFO\r\n-- Performing Test AWS_HAVE_EXECINFO - Success\r\n-- Performing Test HAVE_M_AVX2_FLAG\r\n-- Performing Test HAVE_M_AVX2_FLAG - Success\r\n-- Performing Test HAVE_AVX2_INTRINSICS\r\n-- Performing Test HAVE_AVX2_INTRINSICS - Success\r\n-- Performing Test HAVE_MM256_EXTRACT_EPI64\r\n-- Performing Test HAVE_MM256_EXTRACT_EPI64 - Success\r\n-- Performing Test HAVE_MAY_I_USE\r\n-- Performing Test HAVE_MAY_I_USE - Failed\r\n-- Performing Test HAVE_BUILTIN_CPU_SUPPORTS\r\n-- Performing Test HAVE_BUILTIN_CPU_SUPPORTS - Success\r\n-- Performing Test HAVE_MSVC_CPUIDEX\r\n-- Performing Test HAVE_MSVC_CPUIDEX - Failed\r\n-- Looking for pthread.h\r\n-- Looking for pthread.h - found\r\n-- Performing Test CMAKE_HAVE_LIBC_PTHREAD\r\n-- Performing Test CMAKE_HAVE_LIBC_PTHREAD - Failed\r\n-- Check if compiler accepts -pthread\r\n-- Check if compiler accepts -pthread - yes\r\n-- Found Threads: TRUE  \r\n-- Looking for stdint.h\r\n-- Looking for stdint.h - found\r\n-- Looking for stdbool.h\r\n-- Looking for stdbool.h - found\r\n-- Performing Test HAS_WGNU\r\n-- Performing Test HAS_WGNU - Failed\r\n-- Performing Test HAVE_SYSCONF\r\n-- Performing Test HAVE_SYSCONF - Success\r\n-- Performing Test HAS_SANITIZERS\r\n-- Performing Test HAS_SANITIZERS - Failed\r\n-- Building SIMD base64 decoder\r\n-- Packaging currently only supported on Fedora.\r\n-- Configuring done\r\n-- Generating done\r\n-- Build files have been written to: /aws-sdk-cpp/build/.deps/build/src/AwsCCommon-build\r\n[ 25%] Performing build step for 'AwsCCommon'\r\n[  0%] Building C object CMakeFiles/aws-c-common.dir/source/allocator.c.o\r\n[  1%] Building C object CMakeFiles/aws-c-common.dir/source/allocator_sba.c.o\r\n[  2%] Building C object CMakeFiles/aws-c-common.dir/source/array_list.c.o\r\n[  3%] Building C object CMakeFiles/aws-c-common.dir/source/assert.c.o\r\n[  4%] Building C object CMakeFiles/aws-c-common.dir/source/bigint.c.o\r\n[  5%] Building C object CMakeFiles/aws-c-common.dir/source/byte_buf.c.o\r\n[  6%] Building C object CMakeFiles/aws-c-common.dir/source/cache.c.o\r\n[  7%] Building C object CMakeFiles/aws-c-common.dir/source/codegen.c.o\r\n[  8%] Building C object CMakeFiles/aws-c-common.dir/source/command_line_parser.c.o\r\n[  9%] Building C object CMakeFiles/aws-c-common.dir/source/common.c.o\r\n[ 10%] Building C object CMakeFiles/aws-c-common.dir/source/condition_variable.c.o\r\n[ 11%] Building C object CMakeFiles/aws-c-common.dir/source/date_time.c.o\r\n[ 12%] Building C object CMakeFiles/aws-c-common.dir/source/device_random.c.o\r\n[ 13%] Building C object CMakeFiles/aws-c-common.dir/source/encoding.c.o\r\n[ 14%] Building C object CMakeFiles/aws-c-common.dir/source/error.c.o\r\n[ 15%] Building C object CMakeFiles/aws-c-common.dir/source/fifo_cache.c.o\r\n[ 16%] Building C object CMakeFiles/aws-c-common.dir/source/hash_table.c.o\r\n[ 17%] Building C object CMakeFiles/aws-c-common.dir/source/lifo_cache.c.o\r\n[ 18%] Building C object CMakeFiles/aws-c-common.dir/source/linked_hash_table.c.o\r\n[ 19%] Building C object CMakeFiles/aws-c-common.dir/source/log_channel.c.o\r\n[ 20%] Building C object CMakeFiles/aws-c-common.dir/source/log_formatter.c.o\r\n[ 21%] Building C object CMakeFiles/aws-c-common.dir/source/log_writer.c.o\r\n[ 22%] Building C object CMakeFiles/aws-c-common.dir/source/logging.c.o\r\n[ 23%] Building C object CMakeFiles/aws-c-common.dir/source/lru_cache.c.o\r\n[ 24%] Building C object CMakeFiles/aws-c-common.dir/source/math.c.o\r\n[ 25%] Building C object CMakeFiles/aws-c-common.dir/source/memtrace.c.o\r\n[ 26%] Building C object CMakeFiles/aws-c-common.dir/source/posix/clock.c.o\r\n[ 27%] Building C object CMakeFiles/aws-c-common.dir/source/posix/condition_variable.c.o\r\n[ 28%] Building C object CMakeFiles/aws-c-common.dir/source/posix/device_random.c.o\r\n[ 29%] Building C object CMakeFiles/aws-c-common.dir/source/posix/environment.c.o\r\n[ 30%] Building C object CMakeFiles/aws-c-common.dir/source/posix/mutex.c.o\r\n[ 31%] Building C object CMakeFiles/aws-c-common.dir/source/posix/process.c.o\r\n[ 32%] Building C object CMakeFiles/aws-c-common.dir/source/posix/rw_lock.c.o\r\n[ 33%] Building C object CMakeFiles/aws-c-common.dir/source/posix/system_info.c.o\r\n[ 33%] Building C object CMakeFiles/aws-c-common.dir/source/posix/thread.c.o\r\n[ 34%] Building C object CMakeFiles/aws-c-common.dir/source/posix/time.c.o\r\n[ 35%] Building C object CMakeFiles/aws-c-common.dir/source/priority_queue.c.o\r\n[ 36%] Building C object CMakeFiles/aws-c-common.dir/source/process_common.c.o\r\n[ 37%] Building C object CMakeFiles/aws-c-common.dir/source/resource_name.c.o\r\n[ 38%] Building C object CMakeFiles/aws-c-common.dir/source/ring_buffer.c.o\r\n[ 39%] Building C object CMakeFiles/aws-c-common.dir/source/statistics.c.o\r\n[ 40%] Building C object CMakeFiles/aws-c-common.dir/source/string.c.o\r\n[ 41%] Building C object CMakeFiles/aws-c-common.dir/source/task_scheduler.c.o\r\n[ 42%] Building C object CMakeFiles/aws-c-common.dir/source/uuid.c.o\r\n[ 43%] Building C object CMakeFiles/aws-c-common.dir/source/arch/cpuid.c.o\r\n[ 44%] Building C object CMakeFiles/aws-c-common.dir/source/arch/encoding_avx2.c.o\r\n[ 45%] Linking C shared library libaws-c-common.so\r\n[ 45%] Built target aws-c-common\r\n[ 46%] Building C object tests/CMakeFiles/aws-c-common-tests.dir/test_runner.c.o\r\n[ 47%] Building C object tests/CMakeFiles/aws-c-common-tests.dir/alloc_test.c.o\r\n[ 48%] Building C object tests/CMakeFiles/aws-c-common-tests.dir/array_list_test.c.o\r\n[ 49%] Building C object tests/CMakeFiles/aws-c-common-tests.dir/atomics_test.c.o\r\n[ 50%] Building C object tests/CMakeFiles/aws-c-common-tests.dir/bigint_test.c.o\r\n[ 51%] Building C object tests/CMakeFiles/aws-c-common-tests.dir/byte_buf_test.c.o\r\n/aws-sdk-cpp/build/.deps/build/src/AwsCCommon/tests/byte_buf_test.c: In function \u2018s_test_buffer_advance\u2019:\r\n/aws-sdk-cpp/build/.deps/build/src/AwsCCommon/tests/byte_buf_test.c:236:35: error: \u2018arr\u2019 may be used uninitialized [-Werror=maybe-uninitialized]\r\n  236 |     struct aws_byte_buf src_buf = aws_byte_buf_from_empty_array(arr, sizeof(arr));\r\n      |                                   ^~~~~~~~~~~~~~~~~~~~~~~~~~~~~~~~~~~~~~~~~~~~~~~\r\nIn file included from /aws-sdk-cpp/build/.deps/build/src/AwsCCommon/tests/byte_buf_test.c:16:\r\n/aws-sdk-cpp/build/.deps/build/src/AwsCCommon/include/aws/common/byte_buf.h:507:36: note: by argument 1 of type \u2018const void *\u2019 to \u2018aws_byte_buf_from_empty_array\u2019 declared here\r\n  507 | AWS_COMMON_API struct aws_byte_buf aws_byte_buf_from_empty_array(const void *bytes, size_t capacity);\r\n      |                                    ^~~~~~~~~~~~~~~~~~~~~~~~~~~~~\r\n/aws-sdk-cpp/build/.deps/build/src/AwsCCommon/tests/byte_buf_test.c:235:13: note: \u2018arr\u2019 declared here\r\n  235 |     uint8_t arr[16];\r\n      |             ^~~\r\ncc1: all warnings being treated as errors\r\nmake[5]: *** [tests/CMakeFiles/aws-c-common-tests.dir/build.make:146: tests/CMakeFiles/aws-c-common-tests.dir/byte_buf_test.c.o] Error 1\r\nmake[4]: *** [CMakeFiles/Makefile2:884: tests/CMakeFiles/aws-c-common-tests.dir/all] Error 2\r\nmake[3]: *** [Makefile:146: all] Error 2\r\nmake[2]: *** [CMakeFiles/AwsCCommon.dir/build.make:86: build/src/AwsCCommon-stamp/AwsCCommon-build] Error 2\r\nmake[1]: *** [CMakeFiles/Makefile2:140: CMakeFiles/AwsCCommon.dir/all] Error 2\r\nmake: *** [Makefile:91: all] Error 2\r\nCMake Error at CMakeLists.txt:224 (message):\r\n  Failed to build third-party libraries.\r\n\r\n\r\n-- Configuring incomplete, errors occurred!\r\n```\r\n\r\nWhen I went digging in their repo I came across [an issue with gcc11](https://github.com/aws/aws-sdk-cpp/issues/1635) which might be what's going on here. It looks like they already have (some of the necessary?) changes in place to resolve this (though we use a pinned version so we would need to upgrade to take advantage of that). What version of gcc are you using (you can tell which one with `$(R CMD config CXX11) --version`? If it's 11, is it possible to try downgrading your gcc to 9 or 10 and see if the problem persists?"
        },
        {
            "created_at": "2021-07-06T13:37:06.646Z",
            "body": "***Note**: [Comment](https://issues.apache.org/jira/browse/ARROW-13192?focusedCommentId=17375728) by Jonathan Keane (jonkeane):*\nAn update here: I've made ARROW-13241 to track bumping those aws SDK dependencies. As part of ARROW-13199 I've confirmed that arrow _does_ build on GCC 11 (so long as S3 support is turned off). Also as part of that ticket I updated the behavior so now one can set environment variables like `ARROW_S3=OFF LIBARROW_MINIMAL=FALSE` to get a maximal build, but with S3 still turned off. This should get you a working build of Arrow (albeit without S3 support). Would you mind confirming that that works?"
        },
        {
            "created_at": "2021-07-08T21:01:05.389Z",
            "body": "***Note**: [Comment](https://issues.apache.org/jira/browse/ARROW-13192?focusedCommentId=17377591) by Carlos Parada (ParadaCarleton):*\nI believe I've figured out the source of the problem \u2013 the binaries on the official Arch repositories are out of date:\r\n\r\n<https://archlinux.org/packages/community/x86_64/arrow/>"
        },
        {
            "created_at": "2021-07-12T13:58:00.270Z",
            "body": "***Note**: [Comment](https://issues.apache.org/jira/browse/ARROW-13192?focusedCommentId=17379192) by Jonathan Keane (jonkeane):*\nThanks for that extra info \u2014 I've created ARROW-13308 so that we can determine/work on how we want to support that. Archlinux isn't currently on [our list of officially supported distributions](https://arrow.apache.org/install/#c-and-glib-c-packages-for-debian-gnulinux-ubuntu-and-centos). \r\n\r\nThe other tickets above address (or will address when resolved) the other things we ran into, so I'm going to close this ticket for now and keep progress tracked on those individual tickets. If I missed something please let me know."
        }
    ]
}