{
    "issue": {
        "title": "[C++] Testing static build with substrait fails including substrait/plan.pb.h on arrow/cpp/src/arrow/engine/substrait/function_test.cc",
        "body": "***Note**: This issue was originally created as [ARROW-17494](https://issues.apache.org/jira/browse/ARROW-17494). Please see the [migration documentation](https://gist.github.com/toddfarmer/12aa88361532d21902818a6044fda4c3) for further details.*\n\n### Original Issue Description:\nSince this [PR](https://github.com/apache/arrow/commit/cdb5b2019f6723cb37127487c91daccbf9d238d4#diff-f1b481a43e2603bb2627180f6c5b684083714c39e7cddfed0d18be2371e78cb2) related to https://issues.apache.org/jira/browse/ARROW-15582 was merged the nightly build [test-ubuntu-18.04-cpp-static](https://github.com/ursacomputing/crossbow/runs/7942911808?check_suite_focus=true) has been failing with the following error:\r\n```java\n\r\n\u00a0FAILED: src/arrow/engine/CMakeFiles/arrow-substrait-substrait-test.dir/substrait/function_test.cc.o\u00a0\r\n/usr/bin/ccache /usr/bin/c++ \u00a0-DARROW_HAVE_RUNTIME_AVX2 -DARROW_HAVE_RUNTIME_AVX512 -DARROW_HAVE_RUNTIME_BMI2 -DARROW_HAVE_RUNTIME_SSE4_2 -DARROW_HAVE_SSE4_2 -DARROW_HDFS -DARROW_MIMALLOC -DARROW_NO_DEPRECATED_API -DARROW_WITH_BROTLI -DARROW_WITH_BZ2 -DARROW_WITH_LZ4 -DARROW_WITH_RE2 -DARROW_WITH_SNAPPY -DARROW_WITH_TIMING_TESTS -DARROW_WITH_UTF8PROC -DARROW_WITH_ZLIB -DARROW_WITH_ZSTD -DGMOCK_LINKED_AS_SHARED_LIBRARY=1 -DGTEST_LINKED_AS_SHARED_LIBRARY=1 -DURI_STATIC_BUILD -DUTF8PROC_STATIC -Isrc -I/arrow/cpp/src -I/arrow/cpp/src/generated -isystem /arrow/cpp/thirdparty/flatbuffers/include -isystem /arrow/cpp/thirdparty/hadoop/include -isystem orc_ep-install/include -isystem utf8proc_ep-install/include -isystem xsimd_ep/src/xsimd_ep-install/include -isystem googletest_ep-prefix/include -Wno-noexcept-type \u00a0-fdiagnostics-color=always -ggdb -O0 \u00a0-Wall -Wno-conversion -Wno-sign-conversion -Wunused-result -Werror -fno-semantic-interposition -msse4.2 \u00a0-g -fPIE \u00a0 -std=c++11 -MD -MT src/arrow/engine/CMakeFiles/arrow-substrait-substrait-test.dir/substrait/function_test.cc.o -MF src/arrow/engine/CMakeFiles/arrow-substrait-substrait-test.dir/substrait/function_test.cc.o.d -o src/arrow/engine/CMakeFiles/arrow-substrait-substrait-test.dir/substrait/function_test.cc.o -c /arrow/cpp/src/arrow/engine/substrait/function_test.cc\r\nIn file included from /arrow/cpp/src/arrow/engine/substrait/function_test.cc:30:0:\r\n/arrow/cpp/src/arrow/engine/substrait/plan_internal.h:26:10: fatal error: substrait/plan.pb.h: No such file or directory\r\n\u00a0#include \"substrait/plan.pb.h\" \u00a0// IWYU pragma: export\r\n\u00a0 \u00a0 \u00a0 \u00a0 \u00a0 ^~~~~~~~~~~~~~~~~~~~~\r\ncompilation terminated. \n```\r\nThis can be reproduced locally with:\r\n```java\n\r\n$ UBUNTU=18.04 docker-compose build ubuntu-cpp\r\n$ UBUNTU=18.04 docker-compose run -e ARROW_BUILD_SHARED=OFF -e ARROW_BUILD_STATIC=ON -e ARROW_TEST_LINKAGE=static --rm ubuntu-cpp\n```\r\n\u00a0",
        "created_at": "2022-08-22T10:53:04.000Z",
        "updated_at": "2022-08-23T23:22:34.000Z",
        "labels": [
            "Migrated from Jira",
            "Component: C++",
            "Type: bug"
        ],
        "closed": true,
        "closed_at": "2022-08-23T21:09:55.000Z"
    },
    "comments": [
        {
            "created_at": "2022-08-23T21:09:55.528Z",
            "body": "***Note**: [Comment](https://issues.apache.org/jira/browse/ARROW-17494?focusedCommentId=17583850) by Kouhei Sutou (kou):*\nIssue resolved by pull request 13939\n<https://github.com/apache/arrow/pull/13939>"
        }
    ]
}