{
    "issue": {
        "title": "[Python] Cannot install via pip M1 mac",
        "body": "***Note**: This issue was originally created as [ARROW-12122](https://issues.apache.org/jira/browse/ARROW-12122). Please see the [migration documentation](https://gist.github.com/toddfarmer/12aa88361532d21902818a6044fda4c3) for further details.*\n\n### Original Issue Description:\nwhen doing `pip install pyarrow --no-use-pep517`\r\n\r\n```\n\r\nCollecting pyarrow\r\n Using cached pyarrow-3.0.0.tar.gz (682 kB)\r\nRequirement already satisfied: numpy>=1.16.6 in /Users/bastienboutonnet/Library/Caches/pypoetry/virtualenvs/dbt-sugar-lJO0x__U-py3.8/lib/python3.8/site-packages (from pyarrow) (1.20.2)\r\nBuilding wheels for collected packages: pyarrow\r\n Building wheel for pyarrow (setup.py) ... error\r\n ERROR: Command errored out with exit status 1:\r\n command: /Users/bastienboutonnet/Library/Caches/pypoetry/virtualenvs/dbt-sugar-lJO0x__U-py3.8/bin/python -u -c 'import sys, setuptools, tokenize; sys.argv[0] = '\"'\"'/private/var/folders/v2/lfkghkc147j06_jd13v1f0yr0000gn/T/pip-install-ri2w315u/pyarrow_8d01252c437341798da24cfec11f603e/setup.py'\"'\"'; __file__='\"'\"'/private/var/folders/v2/lfkghkc147j06_jd13v1f0yr0000gn/T/pip-install-ri2w315u/pyarrow_8d01252c437341798da24cfec11f603e/setup.py'\"'\"';f=getattr(tokenize, '\"'\"'open'\"'\"', open)(__file__);code=f.read().replace('\"'\"'\\r\\n'\"'\"', '\"'\"'\\n'\"'\"');f.close();exec(compile(code, __file__, '\"'\"'exec'\"'\"'))' bdist_wheel -d /private/var/folders/v2/lfkghkc147j06_jd13v1f0yr0000gn/T/pip-wheel-vpkwqzyi\r\n cwd: /private/var/folders/v2/lfkghkc147j06_jd13v1f0yr0000gn/T/pip-install-ri2w315u/pyarrow_8d01252c437341798da24cfec11f603e/\r\n Complete output (238 lines):\r\n running bdist_wheel\r\n running build\r\n running build_py\r\n creating build\r\n creating build/lib.macosx-11.2-arm64-3.8\r\n creating build/lib.macosx-11.2-arm64-3.8/pyarrow\r\n copying pyarrow/orc.py -> build/lib.macosx-11.2-arm64-3.8/pyarrow\r\n copying pyarrow/_generated_version.py -> build/lib.macosx-11.2-arm64-3.8/pyarrow\r\n copying pyarrow/compat.py -> build/lib.macosx-11.2-arm64-3.8/pyarrow\r\n copying pyarrow/benchmark.py -> build/lib.macosx-11.2-arm64-3.8/pyarrow\r\n copying pyarrow/parquet.py -> build/lib.macosx-11.2-arm64-3.8/pyarrow\r\n copying pyarrow/ipc.py -> build/lib.macosx-11.2-arm64-3.8/pyarrow\r\n copying pyarrow/util.py -> build/lib.macosx-11.2-arm64-3.8/pyarrow\r\n copying pyarrow/flight.py -> build/lib.macosx-11.2-arm64-3.8/pyarrow\r\n copying pyarrow/cffi.py -> build/lib.macosx-11.2-arm64-3.8/pyarrow\r\n copying pyarrow/filesystem.py -> build/lib.macosx-11.2-arm64-3.8/pyarrow\r\n copying pyarrow/__init__.py -> build/lib.macosx-11.2-arm64-3.8/pyarrow\r\n copying pyarrow/plasma.py -> build/lib.macosx-11.2-arm64-3.8/pyarrow\r\n copying pyarrow/types.py -> build/lib.macosx-11.2-arm64-3.8/pyarrow\r\n copying pyarrow/dataset.py -> build/lib.macosx-11.2-arm64-3.8/pyarrow\r\n copying pyarrow/cuda.py -> build/lib.macosx-11.2-arm64-3.8/pyarrow\r\n copying pyarrow/feather.py -> build/lib.macosx-11.2-arm64-3.8/pyarrow\r\n copying pyarrow/pandas_compat.py -> build/lib.macosx-11.2-arm64-3.8/pyarrow\r\n copying pyarrow/fs.py -> build/lib.macosx-11.2-arm64-3.8/pyarrow\r\n copying pyarrow/csv.py -> build/lib.macosx-11.2-arm64-3.8/pyarrow\r\n copying pyarrow/jvm.py -> build/lib.macosx-11.2-arm64-3.8/pyarrow\r\n copying pyarrow/hdfs.py -> build/lib.macosx-11.2-arm64-3.8/pyarrow\r\n copying pyarrow/json.py -> build/lib.macosx-11.2-arm64-3.8/pyarrow\r\n copying pyarrow/serialization.py -> build/lib.macosx-11.2-arm64-3.8/pyarrow\r\n copying pyarrow/compute.py -> build/lib.macosx-11.2-arm64-3.8/pyarrow\r\n creating build/lib.macosx-11.2-arm64-3.8/pyarrow/tests\r\n copying pyarrow/tests/test_tensor.py -> build/lib.macosx-11.2-arm64-3.8/pyarrow/tests\r\n copying pyarrow/tests/test_ipc.py -> build/lib.macosx-11.2-arm64-3.8/pyarrow/tests\r\n copying pyarrow/tests/conftest.py -> build/lib.macosx-11.2-arm64-3.8/pyarrow/tests\r\n copying pyarrow/tests/test_convert_builtin.py -> build/lib.macosx-11.2-arm64-3.8/pyarrow/tests\r\n copying pyarrow/tests/test_misc.py -> build/lib.macosx-11.2-arm64-3.8/pyarrow/tests\r\n copying pyarrow/tests/test_gandiva.py -> build/lib.macosx-11.2-arm64-3.8/pyarrow/tests\r\n copying pyarrow/tests/strategies.py -> build/lib.macosx-11.2-arm64-3.8/pyarrow/tests\r\n copying pyarrow/tests/test_adhoc_memory_leak.py -> build/lib.macosx-11.2-arm64-3.8/pyarrow/tests\r\n copying pyarrow/tests/arrow_7980.py -> build/lib.macosx-11.2-arm64-3.8/pyarrow/tests\r\n copying pyarrow/tests/util.py -> build/lib.macosx-11.2-arm64-3.8/pyarrow/tests\r\n copying pyarrow/tests/test_orc.py -> build/lib.macosx-11.2-arm64-3.8/pyarrow/tests\r\n copying pyarrow/tests/test_table.py -> build/lib.macosx-11.2-arm64-3.8/pyarrow/tests\r\n copying pyarrow/tests/test_array.py -> build/lib.macosx-11.2-arm64-3.8/pyarrow/tests\r\n copying pyarrow/tests/test_deprecations.py -> build/lib.macosx-11.2-arm64-3.8/pyarrow/tests\r\n copying pyarrow/tests/test_serialization_deprecated.py -> build/lib.macosx-11.2-arm64-3.8/pyarrow/tests\r\n copying pyarrow/tests/__init__.py -> build/lib.macosx-11.2-arm64-3.8/pyarrow/tests\r\n copying pyarrow/tests/test_io.py -> build/lib.macosx-11.2-arm64-3.8/pyarrow/tests\r\n copying pyarrow/tests/test_cuda_numba_interop.py -> build/lib.macosx-11.2-arm64-3.8/pyarrow/tests\r\n copying pyarrow/tests/test_cffi.py -> build/lib.macosx-11.2-arm64-3.8/pyarrow/tests\r\n copying pyarrow/tests/test_schema.py -> build/lib.macosx-11.2-arm64-3.8/pyarrow/tests\r\n copying pyarrow/tests/test_jvm.py -> build/lib.macosx-11.2-arm64-3.8/pyarrow/tests\r\n copying pyarrow/tests/test_plasma_tf_op.py -> build/lib.macosx-11.2-arm64-3.8/pyarrow/tests\r\n copying pyarrow/tests/test_fs.py -> build/lib.macosx-11.2-arm64-3.8/pyarrow/tests\r\n copying pyarrow/tests/test_filesystem.py -> build/lib.macosx-11.2-arm64-3.8/pyarrow/tests\r\n copying pyarrow/tests/pandas_threaded_import.py -> build/lib.macosx-11.2-arm64-3.8/pyarrow/tests\r\n copying pyarrow/tests/pandas_examples.py -> build/lib.macosx-11.2-arm64-3.8/pyarrow/tests\r\n copying pyarrow/tests/test_cython.py -> build/lib.macosx-11.2-arm64-3.8/pyarrow/tests\r\n copying pyarrow/tests/test_sparse_tensor.py -> build/lib.macosx-11.2-arm64-3.8/pyarrow/tests\r\n copying pyarrow/tests/test_dataset.py -> build/lib.macosx-11.2-arm64-3.8/pyarrow/tests\r\n copying pyarrow/tests/test_builder.py -> build/lib.macosx-11.2-arm64-3.8/pyarrow/tests\r\n copying pyarrow/tests/test_cuda.py -> build/lib.macosx-11.2-arm64-3.8/pyarrow/tests\r\n copying pyarrow/tests/test_extension_type.py -> build/lib.macosx-11.2-arm64-3.8/pyarrow/tests\r\n copying pyarrow/tests/test_feather.py -> build/lib.macosx-11.2-arm64-3.8/pyarrow/tests\r\n copying pyarrow/tests/test_pandas.py -> build/lib.macosx-11.2-arm64-3.8/pyarrow/tests\r\n copying pyarrow/tests/test_memory.py -> build/lib.macosx-11.2-arm64-3.8/pyarrow/tests\r\n copying pyarrow/tests/test_flight.py -> build/lib.macosx-11.2-arm64-3.8/pyarrow/tests\r\n copying pyarrow/tests/test_json.py -> build/lib.macosx-11.2-arm64-3.8/pyarrow/tests\r\n copying pyarrow/tests/test_serialization.py -> build/lib.macosx-11.2-arm64-3.8/pyarrow/tests\r\n copying pyarrow/tests/test_compute.py -> build/lib.macosx-11.2-arm64-3.8/pyarrow/tests\r\n copying pyarrow/tests/test_hdfs.py -> build/lib.macosx-11.2-arm64-3.8/pyarrow/tests\r\n copying pyarrow/tests/deserialize_buffer.py -> build/lib.macosx-11.2-arm64-3.8/pyarrow/tests\r\n copying pyarrow/tests/test_strategies.py -> build/lib.macosx-11.2-arm64-3.8/pyarrow/tests\r\n copying pyarrow/tests/test_csv.py -> build/lib.macosx-11.2-arm64-3.8/pyarrow/tests\r\n copying pyarrow/tests/test_plasma.py -> build/lib.macosx-11.2-arm64-3.8/pyarrow/tests\r\n copying pyarrow/tests/test_scalars.py -> build/lib.macosx-11.2-arm64-3.8/pyarrow/tests\r\n copying pyarrow/tests/test_types.py -> build/lib.macosx-11.2-arm64-3.8/pyarrow/tests\r\n running egg_info\r\n writing pyarrow.egg-info/PKG-INFO\r\n writing dependency_links to pyarrow.egg-info/dependency_links.txt\r\n writing entry points to pyarrow.egg-info/entry_points.txt\r\n writing requirements to pyarrow.egg-info/requires.txt\r\n writing top-level names to pyarrow.egg-info/top_level.txt\r\n warning: Failed to find the configured license file '../LICENSE.txt'\r\n reading manifest file 'pyarrow.egg-info/SOURCES.txt'\r\n reading manifest template 'MANIFEST.in'\r\n warning: no files found matching '../LICENSE.txt'\r\n warning: no files found matching '../NOTICE.txt'\r\n warning: no previously-included files matching '*.so' found anywhere in distribution\r\n warning: no previously-included files matching '*.pyc' found anywhere in distribution\r\n warning: no previously-included files matching '*~' found anywhere in distribution\r\n warning: no previously-included files matching '#*' found anywhere in distribution\r\n warning: no previously-included files matching '.git*' found anywhere in distribution\r\n warning: no previously-included files matching '.DS_Store' found anywhere in distribution\r\n no previously-included directories found matching '.asv'\r\n writing manifest file 'pyarrow.egg-info/SOURCES.txt'\r\n copying pyarrow/__init__.pxd -> build/lib.macosx-11.2-arm64-3.8/pyarrow\r\n copying pyarrow/_compute.pxd -> build/lib.macosx-11.2-arm64-3.8/pyarrow\r\n copying pyarrow/_compute.pyx -> build/lib.macosx-11.2-arm64-3.8/pyarrow\r\n copying pyarrow/_csv.pxd -> build/lib.macosx-11.2-arm64-3.8/pyarrow\r\n copying pyarrow/_csv.pyx -> build/lib.macosx-11.2-arm64-3.8/pyarrow\r\n copying pyarrow/_cuda.pxd -> build/lib.macosx-11.2-arm64-3.8/pyarrow\r\n copying pyarrow/_cuda.pyx -> build/lib.macosx-11.2-arm64-3.8/pyarrow\r\n copying pyarrow/_dataset.pyx -> build/lib.macosx-11.2-arm64-3.8/pyarrow\r\n copying pyarrow/_flight.pyx -> build/lib.macosx-11.2-arm64-3.8/pyarrow\r\n copying pyarrow/_fs.pxd -> build/lib.macosx-11.2-arm64-3.8/pyarrow\r\n copying pyarrow/_fs.pyx -> build/lib.macosx-11.2-arm64-3.8/pyarrow\r\n copying pyarrow/_hdfs.pyx -> build/lib.macosx-11.2-arm64-3.8/pyarrow\r\n copying pyarrow/_json.pyx -> build/lib.macosx-11.2-arm64-3.8/pyarrow\r\n copying pyarrow/_orc.pxd -> build/lib.macosx-11.2-arm64-3.8/pyarrow\r\n copying pyarrow/_orc.pyx -> build/lib.macosx-11.2-arm64-3.8/pyarrow\r\n copying pyarrow/_parquet.pxd -> build/lib.macosx-11.2-arm64-3.8/pyarrow\r\n copying pyarrow/_parquet.pyx -> build/lib.macosx-11.2-arm64-3.8/pyarrow\r\n copying pyarrow/_plasma.pyx -> build/lib.macosx-11.2-arm64-3.8/pyarrow\r\n copying pyarrow/_s3fs.pyx -> build/lib.macosx-11.2-arm64-3.8/pyarrow\r\n copying pyarrow/array.pxi -> build/lib.macosx-11.2-arm64-3.8/pyarrow\r\n copying pyarrow/benchmark.pxi -> build/lib.macosx-11.2-arm64-3.8/pyarrow\r\n copying pyarrow/builder.pxi -> build/lib.macosx-11.2-arm64-3.8/pyarrow\r\n copying pyarrow/compat.pxi -> build/lib.macosx-11.2-arm64-3.8/pyarrow\r\n copying pyarrow/config.pxi -> build/lib.macosx-11.2-arm64-3.8/pyarrow\r\n copying pyarrow/error.pxi -> build/lib.macosx-11.2-arm64-3.8/pyarrow\r\n copying pyarrow/feather.pxi -> build/lib.macosx-11.2-arm64-3.8/pyarrow\r\n copying pyarrow/gandiva.pyx -> build/lib.macosx-11.2-arm64-3.8/pyarrow\r\n copying pyarrow/io-hdfs.pxi -> build/lib.macosx-11.2-arm64-3.8/pyarrow\r\n copying pyarrow/io.pxi -> build/lib.macosx-11.2-arm64-3.8/pyarrow\r\n copying pyarrow/ipc.pxi -> build/lib.macosx-11.2-arm64-3.8/pyarrow\r\n copying pyarrow/lib.pxd -> build/lib.macosx-11.2-arm64-3.8/pyarrow\r\n copying pyarrow/lib.pyx -> build/lib.macosx-11.2-arm64-3.8/pyarrow\r\n copying pyarrow/memory.pxi -> build/lib.macosx-11.2-arm64-3.8/pyarrow\r\n copying pyarrow/pandas-shim.pxi -> build/lib.macosx-11.2-arm64-3.8/pyarrow\r\n copying pyarrow/public-api.pxi -> build/lib.macosx-11.2-arm64-3.8/pyarrow\r\n copying pyarrow/scalar.pxi -> build/lib.macosx-11.2-arm64-3.8/pyarrow\r\n copying pyarrow/serialization.pxi -> build/lib.macosx-11.2-arm64-3.8/pyarrow\r\n copying pyarrow/table.pxi -> build/lib.macosx-11.2-arm64-3.8/pyarrow\r\n copying pyarrow/tensor.pxi -> build/lib.macosx-11.2-arm64-3.8/pyarrow\r\n copying pyarrow/types.pxi -> build/lib.macosx-11.2-arm64-3.8/pyarrow\r\n creating build/lib.macosx-11.2-arm64-3.8/pyarrow/includes\r\n copying pyarrow/includes/__init__.pxd -> build/lib.macosx-11.2-arm64-3.8/pyarrow/includes\r\n copying pyarrow/includes/common.pxd -> build/lib.macosx-11.2-arm64-3.8/pyarrow/includes\r\n copying pyarrow/includes/libarrow.pxd -> build/lib.macosx-11.2-arm64-3.8/pyarrow/includes\r\n copying pyarrow/includes/libarrow_cuda.pxd -> build/lib.macosx-11.2-arm64-3.8/pyarrow/includes\r\n copying pyarrow/includes/libarrow_dataset.pxd -> build/lib.macosx-11.2-arm64-3.8/pyarrow/includes\r\n copying pyarrow/includes/libarrow_flight.pxd -> build/lib.macosx-11.2-arm64-3.8/pyarrow/includes\r\n copying pyarrow/includes/libarrow_fs.pxd -> build/lib.macosx-11.2-arm64-3.8/pyarrow/includes\r\n copying pyarrow/includes/libgandiva.pxd -> build/lib.macosx-11.2-arm64-3.8/pyarrow/includes\r\n copying pyarrow/includes/libplasma.pxd -> build/lib.macosx-11.2-arm64-3.8/pyarrow/includes\r\n creating build/lib.macosx-11.2-arm64-3.8/pyarrow/tensorflow\r\n copying pyarrow/tensorflow/plasma_op.cc -> build/lib.macosx-11.2-arm64-3.8/pyarrow/tensorflow\r\n copying pyarrow/tests/pyarrow_cython_example.pyx -> build/lib.macosx-11.2-arm64-3.8/pyarrow/tests\r\n creating build/lib.macosx-11.2-arm64-3.8/pyarrow/tests/data\r\n creating build/lib.macosx-11.2-arm64-3.8/pyarrow/tests/data/feather\r\n copying pyarrow/tests/data/feather/v0.17.0.version=2-compression=lz4.feather -> build/lib.macosx-11.2-arm64-3.8/pyarrow/tests/data/feather\r\n creating build/lib.macosx-11.2-arm64-3.8/pyarrow/tests/data/orc\r\n copying pyarrow/tests/data/orc/README.md -> build/lib.macosx-11.2-arm64-3.8/pyarrow/tests/data/orc\r\n copying pyarrow/tests/data/orc/TestOrcFile.emptyFile.jsn.gz -> build/lib.macosx-11.2-arm64-3.8/pyarrow/tests/data/orc\r\n copying pyarrow/tests/data/orc/TestOrcFile.emptyFile.orc -> build/lib.macosx-11.2-arm64-3.8/pyarrow/tests/data/orc\r\n copying pyarrow/tests/data/orc/TestOrcFile.test1.jsn.gz -> build/lib.macosx-11.2-arm64-3.8/pyarrow/tests/data/orc\r\n copying pyarrow/tests/data/orc/TestOrcFile.test1.orc -> build/lib.macosx-11.2-arm64-3.8/pyarrow/tests/data/orc\r\n copying pyarrow/tests/data/orc/TestOrcFile.testDate1900.jsn.gz -> build/lib.macosx-11.2-arm64-3.8/pyarrow/tests/data/orc\r\n copying pyarrow/tests/data/orc/TestOrcFile.testDate1900.orc -> build/lib.macosx-11.2-arm64-3.8/pyarrow/tests/data/orc\r\n copying pyarrow/tests/data/orc/decimal.jsn.gz -> build/lib.macosx-11.2-arm64-3.8/pyarrow/tests/data/orc\r\n copying pyarrow/tests/data/orc/decimal.orc -> build/lib.macosx-11.2-arm64-3.8/pyarrow/tests/data/orc\r\n creating build/lib.macosx-11.2-arm64-3.8/pyarrow/tests/data/parquet\r\n copying pyarrow/tests/data/parquet/v0.7.1.all-named-index.parquet -> build/lib.macosx-11.2-arm64-3.8/pyarrow/tests/data/parquet\r\n copying pyarrow/tests/data/parquet/v0.7.1.column-metadata-handling.parquet -> build/lib.macosx-11.2-arm64-3.8/pyarrow/tests/data/parquet\r\n copying pyarrow/tests/data/parquet/v0.7.1.parquet -> build/lib.macosx-11.2-arm64-3.8/pyarrow/tests/data/parquet\r\n copying pyarrow/tests/data/parquet/v0.7.1.some-named-index.parquet -> build/lib.macosx-11.2-arm64-3.8/pyarrow/tests/data/parquet\r\n creating build/lib.macosx-11.2-arm64-3.8/pyarrow/tests/parquet\r\n copying pyarrow/tests/parquet/common.py -> build/lib.macosx-11.2-arm64-3.8/pyarrow/tests/parquet\r\n copying pyarrow/tests/parquet/conftest.py -> build/lib.macosx-11.2-arm64-3.8/pyarrow/tests/parquet\r\n copying pyarrow/tests/parquet/test_basic.py -> build/lib.macosx-11.2-arm64-3.8/pyarrow/tests/parquet\r\n copying pyarrow/tests/parquet/test_data_types.py -> build/lib.macosx-11.2-arm64-3.8/pyarrow/tests/parquet\r\n copying pyarrow/tests/parquet/test_dataset.py -> build/lib.macosx-11.2-arm64-3.8/pyarrow/tests/parquet\r\n copying pyarrow/tests/parquet/test_datetime.py -> build/lib.macosx-11.2-arm64-3.8/pyarrow/tests/parquet\r\n copying pyarrow/tests/parquet/test_metadata.py -> build/lib.macosx-11.2-arm64-3.8/pyarrow/tests/parquet\r\n copying pyarrow/tests/parquet/test_pandas.py -> build/lib.macosx-11.2-arm64-3.8/pyarrow/tests/parquet\r\n copying pyarrow/tests/parquet/test_parquet_file.py -> build/lib.macosx-11.2-arm64-3.8/pyarrow/tests/parquet\r\n copying pyarrow/tests/parquet/test_parquet_writer.py -> build/lib.macosx-11.2-arm64-3.8/pyarrow/tests/parquet\r\n running build_ext\r\n creating /private/var/folders/v2/lfkghkc147j06_jd13v1f0yr0000gn/T/pip-install-ri2w315u/pyarrow_8d01252c437341798da24cfec11f603e/build/temp.macosx-11.2-arm64-3.8\r\n -- Running cmake for pyarrow\r\n cmake -DPYTHON_EXECUTABLE=/Users/bastienboutonnet/Library/Caches/pypoetry/virtualenvs/dbt-sugar-lJO0x__U-py3.8/bin/python -DPython3_EXECUTABLE=/Users/bastienboutonnet/Library/Caches/pypoetry/virtualenvs/dbt-sugar-lJO0x__U-py3.8/bin/python -DPYARROW_BUILD_CUDA=off -DPYARROW_BUILD_FLIGHT=off -DPYARROW_BUILD_GANDIVA=off -DPYARROW_BUILD_DATASET=off -DPYARROW_BUILD_ORC=off -DPYARROW_BUILD_PARQUET=off -DPYARROW_BUILD_PLASMA=off -DPYARROW_BUILD_S3=off -DPYARROW_BUILD_HDFS=off -DPYARROW_USE_TENSORFLOW=off -DPYARROW_BUNDLE_ARROW_CPP=off -DPYARROW_BUNDLE_BOOST=off -DPYARROW_GENERATE_COVERAGE=off -DPYARROW_BOOST_USE_SHARED=on -DPYARROW_PARQUET_USE_SHARED=on -DCMAKE_BUILD_TYPE=release /private/var/folders/v2/lfkghkc147j06_jd13v1f0yr0000gn/T/pip-install-ri2w315u/pyarrow_8d01252c437341798da24cfec11f603e\r\n -- The C compiler identification is AppleClang 12.0.0.12000032\r\n -- The CXX compiler identification is AppleClang 12.0.0.12000032\r\n -- Detecting C compiler ABI info\r\n -- Detecting C compiler ABI info - done\r\n -- Check for working C compiler: /Library/Developer/CommandLineTools/usr/bin/cc - skipped\r\n -- Detecting C compile features\r\n -- Detecting C compile features - done\r\n -- Detecting CXX compiler ABI info\r\n -- Detecting CXX compiler ABI info - done\r\n -- Check for working CXX compiler: /Library/Developer/CommandLineTools/usr/bin/c++ - skipped\r\n -- Detecting CXX compile features\r\n -- Detecting CXX compile features - done\r\n -- System processor: x86_64\r\n -- Performing Test CXX_SUPPORTS_SSE4_2\r\n -- Performing Test CXX_SUPPORTS_SSE4_2 - Success\r\n -- Performing Test CXX_SUPPORTS_AVX2\r\n -- Performing Test CXX_SUPPORTS_AVX2 - Success\r\n -- Performing Test CXX_SUPPORTS_AVX512\r\n -- Performing Test CXX_SUPPORTS_AVX512 - Success\r\n -- Arrow build warning level: PRODUCTION\r\n Configured for RELEASE build (set with cmake -DCMAKE_BUILD_TYPE=\\{release,debug,...})\r\n -- Build Type: RELEASE\r\n -- Generator: Unix Makefiles\r\n -- Build output directory: /private/var/folders/v2/lfkghkc147j06_jd13v1f0yr0000gn/T/pip-install-ri2w315u/pyarrow_8d01252c437341798da24cfec11f603e/build/temp.macosx-11.2-arm64-3.8/release\r\n -- Found Python3: /Users/bastienboutonnet/Library/Caches/pypoetry/virtualenvs/dbt-sugar-lJO0x__U-py3.8/bin/python (found version \"3.8.7\") found components: Interpreter Development.Module NumPy\r\n -- Found Python3Alt: /Users/bastienboutonnet/Library/Caches/pypoetry/virtualenvs/dbt-sugar-lJO0x__U-py3.8/bin/python\r\n CMake Warning (dev) at /opt/homebrew/Cellar/cmake/3.20.0/share/cmake/Modules/FindPackageHandleStandardArgs.cmake:438 (message):\r\n The package name passed to `find_package_handle_standard_args` (PkgConfig)\r\n does not match the name of the calling package (Arrow). This can lead to\r\n problems in calling code that expects `find_package` result variables\r\n (e.g., `_FOUND`) to follow a certain pattern.\r\n Call Stack (most recent call first):\r\n /opt/homebrew/Cellar/cmake/3.20.0/share/cmake/Modules/FindPkgConfig.cmake:70 (find_package_handle_standard_args)\r\n cmake_modules/FindArrow.cmake:39 (include)\r\n cmake_modules/FindArrowPython.cmake:46 (find_package)\r\n CMakeLists.txt:214 (find_package)\r\n This warning is for project developers. Use -Wno-dev to suppress it.\r\n\r\n-- Found PkgConfig: /opt/homebrew/bin/pkg-config (found version \"0.29.2\")\r\n -- Could NOT find Arrow (missing: Arrow_DIR)\r\n -- Checking for module 'arrow'\r\n -- No package 'arrow' found\r\n CMake Error at /opt/homebrew/Cellar/cmake/3.20.0/share/cmake/Modules/FindPackageHandleStandardArgs.cmake:230 (message):\r\n Could NOT find Arrow (missing: ARROW_INCLUDE_DIR ARROW_LIB_DIR\r\n ARROW_FULL_SO_VERSION ARROW_SO_VERSION)\r\n Call Stack (most recent call first):\r\n /opt/homebrew/Cellar/cmake/3.20.0/share/cmake/Modules/FindPackageHandleStandardArgs.cmake:594 (_FPHSA_FAILURE_MESSAGE)\r\n cmake_modules/FindArrow.cmake:419 (find_package_handle_standard_args)\r\n cmake_modules/FindArrowPython.cmake:46 (find_package)\r\n CMakeLists.txt:214 (find_package)\r\n\r\n\r\n -- Configuring incomplete, errors occurred!\r\n See also \"/private/var/folders/v2/lfkghkc147j06_jd13v1f0yr0000gn/T/pip-install-ri2w315u/pyarrow_8d01252c437341798da24cfec11f603e/build/temp.macosx-11.2-arm64-3.8/CMakeFiles/CMakeOutput.log\".\r\n See also \"/private/var/folders/v2/lfkghkc147j06_jd13v1f0yr0000gn/T/pip-install-ri2w315u/pyarrow_8d01252c437341798da24cfec11f603e/build/temp.macosx-11.2-arm64-3.8/CMakeFiles/CMakeError.log\".\r\n error: command 'cmake' failed with exit status 1\r\n ----------------------------------------\r\n ERROR: Failed building wheel for pyarrow\r\n Running setup.py clean for pyarrow\r\nFailed to build pyarrow\r\nInstalling collected packages: pyarrow\r\n Running setup.py install for pyarrow ... error\r\n ERROR: Command errored out with exit status 1:\r\n command: /Users/bastienboutonnet/Library/Caches/pypoetry/virtualenvs/dbt-sugar-lJO0x__U-py3.8/bin/python -u -c 'import sys, setuptools, tokenize; sys.argv[0] = '\"'\"'/private/var/folders/v2/lfkghkc147j06_jd13v1f0yr0000gn/T/pip-install-ri2w315u/pyarrow_8d01252c437341798da24cfec11f603e/setup.py'\"'\"'; __file__='\"'\"'/private/var/folders/v2/lfkghkc147j06_jd13v1f0yr0000gn/T/pip-install-ri2w315u/pyarrow_8d01252c437341798da24cfec11f603e/setup.py'\"'\"';f=getattr(tokenize, '\"'\"'open'\"'\"', open)(__file__);code=f.read().replace('\"'\"'\\r\\n'\"'\"', '\"'\"'\\n'\"'\"');f.close();exec(compile(code, __file__, '\"'\"'exec'\"'\"'))' install --record /private/var/folders/v2/lfkghkc147j06_jd13v1f0yr0000gn/T/pip-record-3v1lx8h6/install-record.txt --single-version-externally-managed --compile --install-headers /Users/bastienboutonnet/Library/Caches/pypoetry/virtualenvs/dbt-sugar-lJO0x__U-py3.8/include/site/python3.8/pyarrow\r\n cwd: /private/var/folders/v2/lfkghkc147j06_jd13v1f0yr0000gn/T/pip-install-ri2w315u/pyarrow_8d01252c437341798da24cfec11f603e/\r\n Complete output (238 lines):\r\n running install\r\n running build\r\n running build_py\r\n creating build\r\n creating build/lib.macosx-11.2-arm64-3.8\r\n creating build/lib.macosx-11.2-arm64-3.8/pyarrow\r\n copying pyarrow/orc.py -> build/lib.macosx-11.2-arm64-3.8/pyarrow\r\n copying pyarrow/_generated_version.py -> build/lib.macosx-11.2-arm64-3.8/pyarrow\r\n copying pyarrow/compat.py -> build/lib.macosx-11.2-arm64-3.8/pyarrow\r\n copying pyarrow/benchmark.py -> build/lib.macosx-11.2-arm64-3.8/pyarrow\r\n copying pyarrow/parquet.py -> build/lib.macosx-11.2-arm64-3.8/pyarrow\r\n copying pyarrow/ipc.py -> build/lib.macosx-11.2-arm64-3.8/pyarrow\r\n copying pyarrow/util.py -> build/lib.macosx-11.2-arm64-3.8/pyarrow\r\n copying pyarrow/flight.py -> build/lib.macosx-11.2-arm64-3.8/pyarrow\r\n copying pyarrow/cffi.py -> build/lib.macosx-11.2-arm64-3.8/pyarrow\r\n copying pyarrow/filesystem.py -> build/lib.macosx-11.2-arm64-3.8/pyarrow\r\n copying pyarrow/__init__.py -> build/lib.macosx-11.2-arm64-3.8/pyarrow\r\n copying pyarrow/plasma.py -> build/lib.macosx-11.2-arm64-3.8/pyarrow\r\n copying pyarrow/types.py -> build/lib.macosx-11.2-arm64-3.8/pyarrow\r\n copying pyarrow/dataset.py -> build/lib.macosx-11.2-arm64-3.8/pyarrow\r\n copying pyarrow/cuda.py -> build/lib.macosx-11.2-arm64-3.8/pyarrow\r\n copying pyarrow/feather.py -> build/lib.macosx-11.2-arm64-3.8/pyarrow\r\n copying pyarrow/pandas_compat.py -> build/lib.macosx-11.2-arm64-3.8/pyarrow\r\n copying pyarrow/fs.py -> build/lib.macosx-11.2-arm64-3.8/pyarrow\r\n copying pyarrow/csv.py -> build/lib.macosx-11.2-arm64-3.8/pyarrow\r\n copying pyarrow/jvm.py -> build/lib.macosx-11.2-arm64-3.8/pyarrow\r\n copying pyarrow/hdfs.py -> build/lib.macosx-11.2-arm64-3.8/pyarrow\r\n copying pyarrow/json.py -> build/lib.macosx-11.2-arm64-3.8/pyarrow\r\n copying pyarrow/serialization.py -> build/lib.macosx-11.2-arm64-3.8/pyarrow\r\n copying pyarrow/compute.py -> build/lib.macosx-11.2-arm64-3.8/pyarrow\r\n creating build/lib.macosx-11.2-arm64-3.8/pyarrow/tests\r\n copying pyarrow/tests/test_tensor.py -> build/lib.macosx-11.2-arm64-3.8/pyarrow/tests\r\n copying pyarrow/tests/test_ipc.py -> build/lib.macosx-11.2-arm64-3.8/pyarrow/tests\r\n copying pyarrow/tests/conftest.py -> build/lib.macosx-11.2-arm64-3.8/pyarrow/tests\r\n copying pyarrow/tests/test_convert_builtin.py -> build/lib.macosx-11.2-arm64-3.8/pyarrow/tests\r\n copying pyarrow/tests/test_misc.py -> build/lib.macosx-11.2-arm64-3.8/pyarrow/tests\r\n copying pyarrow/tests/test_gandiva.py -> build/lib.macosx-11.2-arm64-3.8/pyarrow/tests\r\n copying pyarrow/tests/strategies.py -> build/lib.macosx-11.2-arm64-3.8/pyarrow/tests\r\n copying pyarrow/tests/test_adhoc_memory_leak.py -> build/lib.macosx-11.2-arm64-3.8/pyarrow/tests\r\n copying pyarrow/tests/arrow_7980.py -> build/lib.macosx-11.2-arm64-3.8/pyarrow/tests\r\n copying pyarrow/tests/util.py -> build/lib.macosx-11.2-arm64-3.8/pyarrow/tests\r\n copying pyarrow/tests/test_orc.py -> build/lib.macosx-11.2-arm64-3.8/pyarrow/tests\r\n copying pyarrow/tests/test_table.py -> build/lib.macosx-11.2-arm64-3.8/pyarrow/tests\r\n copying pyarrow/tests/test_array.py -> build/lib.macosx-11.2-arm64-3.8/pyarrow/tests\r\n copying pyarrow/tests/test_deprecations.py -> build/lib.macosx-11.2-arm64-3.8/pyarrow/tests\r\n copying pyarrow/tests/test_serialization_deprecated.py -> build/lib.macosx-11.2-arm64-3.8/pyarrow/tests\r\n copying pyarrow/tests/__init__.py -> build/lib.macosx-11.2-arm64-3.8/pyarrow/tests\r\n copying pyarrow/tests/test_io.py -> build/lib.macosx-11.2-arm64-3.8/pyarrow/tests\r\n copying pyarrow/tests/test_cuda_numba_interop.py -> build/lib.macosx-11.2-arm64-3.8/pyarrow/tests\r\n copying pyarrow/tests/test_cffi.py -> build/lib.macosx-11.2-arm64-3.8/pyarrow/tests\r\n copying pyarrow/tests/test_schema.py -> build/lib.macosx-11.2-arm64-3.8/pyarrow/tests\r\n copying pyarrow/tests/test_jvm.py -> build/lib.macosx-11.2-arm64-3.8/pyarrow/tests\r\n copying pyarrow/tests/test_plasma_tf_op.py -> build/lib.macosx-11.2-arm64-3.8/pyarrow/tests\r\n copying pyarrow/tests/test_fs.py -> build/lib.macosx-11.2-arm64-3.8/pyarrow/tests\r\n copying pyarrow/tests/test_filesystem.py -> build/lib.macosx-11.2-arm64-3.8/pyarrow/tests\r\n copying pyarrow/tests/pandas_threaded_import.py -> build/lib.macosx-11.2-arm64-3.8/pyarrow/tests\r\n copying pyarrow/tests/pandas_examples.py -> build/lib.macosx-11.2-arm64-3.8/pyarrow/tests\r\n copying pyarrow/tests/test_cython.py -> build/lib.macosx-11.2-arm64-3.8/pyarrow/tests\r\n copying pyarrow/tests/test_sparse_tensor.py -> build/lib.macosx-11.2-arm64-3.8/pyarrow/tests\r\n copying pyarrow/tests/test_dataset.py -> build/lib.macosx-11.2-arm64-3.8/pyarrow/tests\r\n copying pyarrow/tests/test_builder.py -> build/lib.macosx-11.2-arm64-3.8/pyarrow/tests\r\n copying pyarrow/tests/test_cuda.py -> build/lib.macosx-11.2-arm64-3.8/pyarrow/tests\r\n copying pyarrow/tests/test_extension_type.py -> build/lib.macosx-11.2-arm64-3.8/pyarrow/tests\r\n copying pyarrow/tests/test_feather.py -> build/lib.macosx-11.2-arm64-3.8/pyarrow/tests\r\n copying pyarrow/tests/test_pandas.py -> build/lib.macosx-11.2-arm64-3.8/pyarrow/tests\r\n copying pyarrow/tests/test_memory.py -> build/lib.macosx-11.2-arm64-3.8/pyarrow/tests\r\n copying pyarrow/tests/test_flight.py -> build/lib.macosx-11.2-arm64-3.8/pyarrow/tests\r\n copying pyarrow/tests/test_json.py -> build/lib.macosx-11.2-arm64-3.8/pyarrow/tests\r\n copying pyarrow/tests/test_serialization.py -> build/lib.macosx-11.2-arm64-3.8/pyarrow/tests\r\n copying pyarrow/tests/test_compute.py -> build/lib.macosx-11.2-arm64-3.8/pyarrow/tests\r\n copying pyarrow/tests/test_hdfs.py -> build/lib.macosx-11.2-arm64-3.8/pyarrow/tests\r\n copying pyarrow/tests/deserialize_buffer.py -> build/lib.macosx-11.2-arm64-3.8/pyarrow/tests\r\n copying pyarrow/tests/test_strategies.py -> build/lib.macosx-11.2-arm64-3.8/pyarrow/tests\r\n copying pyarrow/tests/test_csv.py -> build/lib.macosx-11.2-arm64-3.8/pyarrow/tests\r\n copying pyarrow/tests/test_plasma.py -> build/lib.macosx-11.2-arm64-3.8/pyarrow/tests\r\n copying pyarrow/tests/test_scalars.py -> build/lib.macosx-11.2-arm64-3.8/pyarrow/tests\r\n copying pyarrow/tests/test_types.py -> build/lib.macosx-11.2-arm64-3.8/pyarrow/tests\r\n running egg_info\r\n writing pyarrow.egg-info/PKG-INFO\r\n writing dependency_links to pyarrow.egg-info/dependency_links.txt\r\n writing entry points to pyarrow.egg-info/entry_points.txt\r\n writing requirements to pyarrow.egg-info/requires.txt\r\n writing top-level names to pyarrow.egg-info/top_level.txt\r\n warning: Failed to find the configured license file '../LICENSE.txt'\r\n reading manifest file 'pyarrow.egg-info/SOURCES.txt'\r\n reading manifest template 'MANIFEST.in'\r\n warning: no files found matching '../LICENSE.txt'\r\n warning: no files found matching '../NOTICE.txt'\r\n warning: no previously-included files matching '*.so' found anywhere in distribution\r\n warning: no previously-included files matching '*.pyc' found anywhere in distribution\r\n warning: no previously-included files matching '*~' found anywhere in distribution\r\n warning: no previously-included files matching '#*' found anywhere in distribution\r\n warning: no previously-included files matching '.git*' found anywhere in distribution\r\n warning: no previously-included files matching '.DS_Store' found anywhere in distribution\r\n no previously-included directories found matching '.asv'\r\n writing manifest file 'pyarrow.egg-info/SOURCES.txt'\r\n copying pyarrow/__init__.pxd -> build/lib.macosx-11.2-arm64-3.8/pyarrow\r\n copying pyarrow/_compute.pxd -> build/lib.macosx-11.2-arm64-3.8/pyarrow\r\n copying pyarrow/_compute.pyx -> build/lib.macosx-11.2-arm64-3.8/pyarrow\r\n copying pyarrow/_csv.pxd -> build/lib.macosx-11.2-arm64-3.8/pyarrow\r\n copying pyarrow/_csv.pyx -> build/lib.macosx-11.2-arm64-3.8/pyarrow\r\n copying pyarrow/_cuda.pxd -> build/lib.macosx-11.2-arm64-3.8/pyarrow\r\n copying pyarrow/_cuda.pyx -> build/lib.macosx-11.2-arm64-3.8/pyarrow\r\n copying pyarrow/_dataset.pyx -> build/lib.macosx-11.2-arm64-3.8/pyarrow\r\n copying pyarrow/_flight.pyx -> build/lib.macosx-11.2-arm64-3.8/pyarrow\r\n copying pyarrow/_fs.pxd -> build/lib.macosx-11.2-arm64-3.8/pyarrow\r\n copying pyarrow/_fs.pyx -> build/lib.macosx-11.2-arm64-3.8/pyarrow\r\n copying pyarrow/_hdfs.pyx -> build/lib.macosx-11.2-arm64-3.8/pyarrow\r\n copying pyarrow/_json.pyx -> build/lib.macosx-11.2-arm64-3.8/pyarrow\r\n copying pyarrow/_orc.pxd -> build/lib.macosx-11.2-arm64-3.8/pyarrow\r\n copying pyarrow/_orc.pyx -> build/lib.macosx-11.2-arm64-3.8/pyarrow\r\n copying pyarrow/_parquet.pxd -> build/lib.macosx-11.2-arm64-3.8/pyarrow\r\n copying pyarrow/_parquet.pyx -> build/lib.macosx-11.2-arm64-3.8/pyarrow\r\n copying pyarrow/_plasma.pyx -> build/lib.macosx-11.2-arm64-3.8/pyarrow\r\n copying pyarrow/_s3fs.pyx -> build/lib.macosx-11.2-arm64-3.8/pyarrow\r\n copying pyarrow/array.pxi -> build/lib.macosx-11.2-arm64-3.8/pyarrow\r\n copying pyarrow/benchmark.pxi -> build/lib.macosx-11.2-arm64-3.8/pyarrow\r\n copying pyarrow/builder.pxi -> build/lib.macosx-11.2-arm64-3.8/pyarrow\r\n copying pyarrow/compat.pxi -> build/lib.macosx-11.2-arm64-3.8/pyarrow\r\n copying pyarrow/config.pxi -> build/lib.macosx-11.2-arm64-3.8/pyarrow\r\n copying pyarrow/error.pxi -> build/lib.macosx-11.2-arm64-3.8/pyarrow\r\n copying pyarrow/feather.pxi -> build/lib.macosx-11.2-arm64-3.8/pyarrow\r\n copying pyarrow/gandiva.pyx -> build/lib.macosx-11.2-arm64-3.8/pyarrow\r\n copying pyarrow/io-hdfs.pxi -> build/lib.macosx-11.2-arm64-3.8/pyarrow\r\n copying pyarrow/io.pxi -> build/lib.macosx-11.2-arm64-3.8/pyarrow\r\n copying pyarrow/ipc.pxi -> build/lib.macosx-11.2-arm64-3.8/pyarrow\r\n copying pyarrow/lib.pxd -> build/lib.macosx-11.2-arm64-3.8/pyarrow\r\n copying pyarrow/lib.pyx -> build/lib.macosx-11.2-arm64-3.8/pyarrow\r\n copying pyarrow/memory.pxi -> build/lib.macosx-11.2-arm64-3.8/pyarrow\r\n copying pyarrow/pandas-shim.pxi -> build/lib.macosx-11.2-arm64-3.8/pyarrow\r\n copying pyarrow/public-api.pxi -> build/lib.macosx-11.2-arm64-3.8/pyarrow\r\n copying pyarrow/scalar.pxi -> build/lib.macosx-11.2-arm64-3.8/pyarrow\r\n copying pyarrow/serialization.pxi -> build/lib.macosx-11.2-arm64-3.8/pyarrow\r\n copying pyarrow/table.pxi -> build/lib.macosx-11.2-arm64-3.8/pyarrow\r\n copying pyarrow/tensor.pxi -> build/lib.macosx-11.2-arm64-3.8/pyarrow\r\n copying pyarrow/types.pxi -> build/lib.macosx-11.2-arm64-3.8/pyarrow\r\n creating build/lib.macosx-11.2-arm64-3.8/pyarrow/includes\r\n copying pyarrow/includes/__init__.pxd -> build/lib.macosx-11.2-arm64-3.8/pyarrow/includes\r\n copying pyarrow/includes/common.pxd -> build/lib.macosx-11.2-arm64-3.8/pyarrow/includes\r\n copying pyarrow/includes/libarrow.pxd -> build/lib.macosx-11.2-arm64-3.8/pyarrow/includes\r\n copying pyarrow/includes/libarrow_cuda.pxd -> build/lib.macosx-11.2-arm64-3.8/pyarrow/includes\r\n copying pyarrow/includes/libarrow_dataset.pxd -> build/lib.macosx-11.2-arm64-3.8/pyarrow/includes\r\n copying pyarrow/includes/libarrow_flight.pxd -> build/lib.macosx-11.2-arm64-3.8/pyarrow/includes\r\n copying pyarrow/includes/libarrow_fs.pxd -> build/lib.macosx-11.2-arm64-3.8/pyarrow/includes\r\n copying pyarrow/includes/libgandiva.pxd -> build/lib.macosx-11.2-arm64-3.8/pyarrow/includes\r\n copying pyarrow/includes/libplasma.pxd -> build/lib.macosx-11.2-arm64-3.8/pyarrow/includes\r\n creating build/lib.macosx-11.2-arm64-3.8/pyarrow/tensorflow\r\n copying pyarrow/tensorflow/plasma_op.cc -> build/lib.macosx-11.2-arm64-3.8/pyarrow/tensorflow\r\n copying pyarrow/tests/pyarrow_cython_example.pyx -> build/lib.macosx-11.2-arm64-3.8/pyarrow/tests\r\n creating build/lib.macosx-11.2-arm64-3.8/pyarrow/tests/data\r\n creating build/lib.macosx-11.2-arm64-3.8/pyarrow/tests/data/feather\r\n copying pyarrow/tests/data/feather/v0.17.0.version=2-compression=lz4.feather -> build/lib.macosx-11.2-arm64-3.8/pyarrow/tests/data/feather\r\n creating build/lib.macosx-11.2-arm64-3.8/pyarrow/tests/data/orc\r\n copying pyarrow/tests/data/orc/README.md -> build/lib.macosx-11.2-arm64-3.8/pyarrow/tests/data/orc\r\n copying pyarrow/tests/data/orc/TestOrcFile.emptyFile.jsn.gz -> build/lib.macosx-11.2-arm64-3.8/pyarrow/tests/data/orc\r\n copying pyarrow/tests/data/orc/TestOrcFile.emptyFile.orc -> build/lib.macosx-11.2-arm64-3.8/pyarrow/tests/data/orc\r\n copying pyarrow/tests/data/orc/TestOrcFile.test1.jsn.gz -> build/lib.macosx-11.2-arm64-3.8/pyarrow/tests/data/orc\r\n copying pyarrow/tests/data/orc/TestOrcFile.test1.orc -> build/lib.macosx-11.2-arm64-3.8/pyarrow/tests/data/orc\r\n copying pyarrow/tests/data/orc/TestOrcFile.testDate1900.jsn.gz -> build/lib.macosx-11.2-arm64-3.8/pyarrow/tests/data/orc\r\n copying pyarrow/tests/data/orc/TestOrcFile.testDate1900.orc -> build/lib.macosx-11.2-arm64-3.8/pyarrow/tests/data/orc\r\n copying pyarrow/tests/data/orc/decimal.jsn.gz -> build/lib.macosx-11.2-arm64-3.8/pyarrow/tests/data/orc\r\n copying pyarrow/tests/data/orc/decimal.orc -> build/lib.macosx-11.2-arm64-3.8/pyarrow/tests/data/orc\r\n creating build/lib.macosx-11.2-arm64-3.8/pyarrow/tests/data/parquet\r\n copying pyarrow/tests/data/parquet/v0.7.1.all-named-index.parquet -> build/lib.macosx-11.2-arm64-3.8/pyarrow/tests/data/parquet\r\n copying pyarrow/tests/data/parquet/v0.7.1.column-metadata-handling.parquet -> build/lib.macosx-11.2-arm64-3.8/pyarrow/tests/data/parquet\r\n copying pyarrow/tests/data/parquet/v0.7.1.parquet -> build/lib.macosx-11.2-arm64-3.8/pyarrow/tests/data/parquet\r\n copying pyarrow/tests/data/parquet/v0.7.1.some-named-index.parquet -> build/lib.macosx-11.2-arm64-3.8/pyarrow/tests/data/parquet\r\n creating build/lib.macosx-11.2-arm64-3.8/pyarrow/tests/parquet\r\n copying pyarrow/tests/parquet/common.py -> build/lib.macosx-11.2-arm64-3.8/pyarrow/tests/parquet\r\n copying pyarrow/tests/parquet/conftest.py -> build/lib.macosx-11.2-arm64-3.8/pyarrow/tests/parquet\r\n copying pyarrow/tests/parquet/test_basic.py -> build/lib.macosx-11.2-arm64-3.8/pyarrow/tests/parquet\r\n copying pyarrow/tests/parquet/test_data_types.py -> build/lib.macosx-11.2-arm64-3.8/pyarrow/tests/parquet\r\n copying pyarrow/tests/parquet/test_dataset.py -> build/lib.macosx-11.2-arm64-3.8/pyarrow/tests/parquet\r\n copying pyarrow/tests/parquet/test_datetime.py -> build/lib.macosx-11.2-arm64-3.8/pyarrow/tests/parquet\r\n copying pyarrow/tests/parquet/test_metadata.py -> build/lib.macosx-11.2-arm64-3.8/pyarrow/tests/parquet\r\n copying pyarrow/tests/parquet/test_pandas.py -> build/lib.macosx-11.2-arm64-3.8/pyarrow/tests/parquet\r\n copying pyarrow/tests/parquet/test_parquet_file.py -> build/lib.macosx-11.2-arm64-3.8/pyarrow/tests/parquet\r\n copying pyarrow/tests/parquet/test_parquet_writer.py -> build/lib.macosx-11.2-arm64-3.8/pyarrow/tests/parquet\r\n running build_ext\r\n creating /private/var/folders/v2/lfkghkc147j06_jd13v1f0yr0000gn/T/pip-install-ri2w315u/pyarrow_8d01252c437341798da24cfec11f603e/build/temp.macosx-11.2-arm64-3.8\r\n -- Running cmake for pyarrow\r\n cmake -DPYTHON_EXECUTABLE=/Users/bastienboutonnet/Library/Caches/pypoetry/virtualenvs/dbt-sugar-lJO0x__U-py3.8/bin/python -DPython3_EXECUTABLE=/Users/bastienboutonnet/Library/Caches/pypoetry/virtualenvs/dbt-sugar-lJO0x__U-py3.8/bin/python -DPYARROW_BUILD_CUDA=off -DPYARROW_BUILD_FLIGHT=off -DPYARROW_BUILD_GANDIVA=off -DPYARROW_BUILD_DATASET=off -DPYARROW_BUILD_ORC=off -DPYARROW_BUILD_PARQUET=off -DPYARROW_BUILD_PLASMA=off -DPYARROW_BUILD_S3=off -DPYARROW_BUILD_HDFS=off -DPYARROW_USE_TENSORFLOW=off -DPYARROW_BUNDLE_ARROW_CPP=off -DPYARROW_BUNDLE_BOOST=off -DPYARROW_GENERATE_COVERAGE=off -DPYARROW_BOOST_USE_SHARED=on -DPYARROW_PARQUET_USE_SHARED=on -DCMAKE_BUILD_TYPE=release /private/var/folders/v2/lfkghkc147j06_jd13v1f0yr0000gn/T/pip-install-ri2w315u/pyarrow_8d01252c437341798da24cfec11f603e\r\n -- The C compiler identification is AppleClang 12.0.0.12000032\r\n -- The CXX compiler identification is AppleClang 12.0.0.12000032\r\n -- Detecting C compiler ABI info\r\n -- Detecting C compiler ABI info - done\r\n -- Check for working C compiler: /Library/Developer/CommandLineTools/usr/bin/cc - skipped\r\n -- Detecting C compile features\r\n -- Detecting C compile features - done\r\n -- Detecting CXX compiler ABI info\r\n -- Detecting CXX compiler ABI info - done\r\n -- Check for working CXX compiler: /Library/Developer/CommandLineTools/usr/bin/c++ - skipped\r\n -- Detecting CXX compile features\r\n -- Detecting CXX compile features - done\r\n -- System processor: x86_64\r\n -- Performing Test CXX_SUPPORTS_SSE4_2\r\n -- Performing Test CXX_SUPPORTS_SSE4_2 - Success\r\n -- Performing Test CXX_SUPPORTS_AVX2\r\n -- Performing Test CXX_SUPPORTS_AVX2 - Success\r\n -- Performing Test CXX_SUPPORTS_AVX512\r\n -- Performing Test CXX_SUPPORTS_AVX512 - Success\r\n -- Arrow build warning level: PRODUCTION\r\n Configured for RELEASE build (set with cmake -DCMAKE_BUILD_TYPE=\\{release,debug,...})\r\n -- Build Type: RELEASE\r\n -- Generator: Unix Makefiles\r\n -- Build output directory: /private/var/folders/v2/lfkghkc147j06_jd13v1f0yr0000gn/T/pip-install-ri2w315u/pyarrow_8d01252c437341798da24cfec11f603e/build/temp.macosx-11.2-arm64-3.8/release\r\n -- Found Python3: /Users/bastienboutonnet/Library/Caches/pypoetry/virtualenvs/dbt-sugar-lJO0x__U-py3.8/bin/python (found version \"3.8.7\") found components: Interpreter Development.Module NumPy\r\n -- Found Python3Alt: /Users/bastienboutonnet/Library/Caches/pypoetry/virtualenvs/dbt-sugar-lJO0x__U-py3.8/bin/python\r\n CMake Warning (dev) at /opt/homebrew/Cellar/cmake/3.20.0/share/cmake/Modules/FindPackageHandleStandardArgs.cmake:438 (message):\r\n The package name passed to `find_package_handle_standard_args` (PkgConfig)\r\n does not match the name of the calling package (Arrow). This can lead to\r\n problems in calling code that expects `find_package` result variables\r\n (e.g., `_FOUND`) to follow a certain pattern.\r\n Call Stack (most recent call first):\r\n /opt/homebrew/Cellar/cmake/3.20.0/share/cmake/Modules/FindPkgConfig.cmake:70 (find_package_handle_standard_args)\r\n cmake_modules/FindArrow.cmake:39 (include)\r\n cmake_modules/FindArrowPython.cmake:46 (find_package)\r\n CMakeLists.txt:214 (find_package)\r\n This warning is for project developers. Use -Wno-dev to suppress it.\r\n\r\n-- Found PkgConfig: /opt/homebrew/bin/pkg-config (found version \"0.29.2\")\r\n -- Could NOT find Arrow (missing: Arrow_DIR)\r\n -- Checking for module 'arrow'\r\n -- No package 'arrow' found\r\n CMake Error at /opt/homebrew/Cellar/cmake/3.20.0/share/cmake/Modules/FindPackageHandleStandardArgs.cmake:230 (message):\r\n Could NOT find Arrow (missing: ARROW_INCLUDE_DIR ARROW_LIB_DIR\r\n ARROW_FULL_SO_VERSION ARROW_SO_VERSION)\r\n Call Stack (most recent call first):\r\n /opt/homebrew/Cellar/cmake/3.20.0/share/cmake/Modules/FindPackageHandleStandardArgs.cmake:594 (_FPHSA_FAILURE_MESSAGE)\r\n cmake_modules/FindArrow.cmake:419 (find_package_handle_standard_args)\r\n cmake_modules/FindArrowPython.cmake:46 (find_package)\r\n CMakeLists.txt:214 (find_package)\r\n\r\n\r\n -- Configuring incomplete, errors occurred!\r\n See also \"/private/var/folders/v2/lfkghkc147j06_jd13v1f0yr0000gn/T/pip-install-ri2w315u/pyarrow_8d01252c437341798da24cfec11f603e/build/temp.macosx-11.2-arm64-3.8/CMakeFiles/CMakeOutput.log\".\r\n See also \"/private/var/folders/v2/lfkghkc147j06_jd13v1f0yr0000gn/T/pip-install-ri2w315u/pyarrow_8d01252c437341798da24cfec11f603e/build/temp.macosx-11.2-arm64-3.8/CMakeFiles/CMakeError.log\".\r\n error: command 'cmake' failed with exit status 1\r\n ----------------------------------------\r\nERROR: Command errored out with exit status 1: /Users/bastienboutonnet/Library/Caches/pypoetry/virtualenvs/dbt-sugar-lJO0x__U-py3.8/bin/python -u -c 'import sys, setuptools, tokenize; sys.argv[0] = '\"'\"'/private/var/folders/v2/lfkghkc147j06_jd13v1f0yr0000gn/T/pip-install-ri2w315u/pyarrow_8d01252c437341798da24cfec11f603e/setup.py'\"'\"'; __file__='\"'\"'/private/var/folders/v2/lfkghkc147j06_jd13v1f0yr0000gn/T/pip-install-ri2w315u/pyarrow_8d01252c437341798da24cfec11f603e/setup.py'\"'\"';f=getattr(tokenize, '\"'\"'open'\"'\"', open)(__file__);code=f.read().replace('\"'\"'\\r\\n'\"'\"', '\"'\"'\\n'\"'\"');f.close();exec(compile(code, __file__, '\"'\"'exec'\"'\"'))' install --record /private/var/folders/v2/lfkghkc147j06_jd13v1f0yr0000gn/T/pip-record-3v1lx8h6/install-record.txt --single-version-externally-managed --compile --install-headers /Users/bastienboutonnet/Library/Caches/pypoetry/virtualenvs/dbt-sugar-lJO0x__U-py3.8/include/site/python3.8/pyarrow Check the logs for full command output.\r\n\r\n```\r\n\r\nCollecting pyarrow\r\n Using cached pyarrow-3.0.0.tar.gz (682 kB)\r\n Installing build dependencies ... done\r\n Getting requirements to build wheel ... done\r\n Preparing wheel metadata ... done\r\nRequirement already satisfied: numpy>=1.16.6 in /Users/bastienboutonnet/Library/Caches/pypoetry/virtualenvs/dbt-sugar-lJO0x__U-py3.8/lib/python3.8/site-packages (from pyarrow) (1.20.2)\r\nBuilding wheels for collected packages: pyarrow\r\n Building wheel for pyarrow (PEP 517) ... error\r\n ERROR: Command errored out with exit status 1:\r\n command: /Users/bastienboutonnet/Library/Caches/pypoetry/virtualenvs/dbt-sugar-lJO0x__U-py3.8/bin/python /Users/bastienboutonnet/Library/Caches/pypoetry/virtualenvs/dbt-sugar-lJO0x__U-py3.8/lib/python3.8/site-packages/pip/_vendor/pep517/_in_process.py build_wheel /var/folders/v2/lfkghkc147j06_jd13v1f0yr0000gn/T/tmp4ivpzkwx\r\n cwd: /private/var/folders/v2/lfkghkc147j06_jd13v1f0yr0000gn/T/pip-install-z3ryfnqh/pyarrow_d395c1dcc85c426193f3e23fcde85666\r\n Complete output (221 lines):\r\n running bdist_wheel\r\n running build\r\n running build_py\r\n creating build\r\n creating build/lib.macosx-11.2-arm64-3.8\r\n creating build/lib.macosx-11.2-arm64-3.8/pyarrow\r\n copying pyarrow/orc.py -> build/lib.macosx-11.2-arm64-3.8/pyarrow\r\n copying pyarrow/_generated_version.py -> build/lib.macosx-11.2-arm64-3.8/pyarrow\r\n copying pyarrow/compat.py -> build/lib.macosx-11.2-arm64-3.8/pyarrow\r\n copying pyarrow/benchmark.py -> build/lib.macosx-11.2-arm64-3.8/pyarrow\r\n copying pyarrow/parquet.py -> build/lib.macosx-11.2-arm64-3.8/pyarrow\r\n copying pyarrow/ipc.py -> build/lib.macosx-11.2-arm64-3.8/pyarrow\r\n copying pyarrow/util.py -> build/lib.macosx-11.2-arm64-3.8/pyarrow\r\n copying pyarrow/flight.py -> build/lib.macosx-11.2-arm64-3.8/pyarrow\r\n copying pyarrow/cffi.py -> build/lib.macosx-11.2-arm64-3.8/pyarrow\r\n copying pyarrow/filesystem.py -> build/lib.macosx-11.2-arm64-3.8/pyarrow\r\n copying pyarrow/__init__.py -> build/lib.macosx-11.2-arm64-3.8/pyarrow\r\n copying pyarrow/plasma.py -> build/lib.macosx-11.2-arm64-3.8/pyarrow\r\n copying pyarrow/types.py -> build/lib.macosx-11.2-arm64-3.8/pyarrow\r\n copying pyarrow/dataset.py -> build/lib.macosx-11.2-arm64-3.8/pyarrow\r\n copying pyarrow/cuda.py -> build/lib.macosx-11.2-arm64-3.8/pyarrow\r\n copying pyarrow/feather.py -> build/lib.macosx-11.2-arm64-3.8/pyarrow\r\n copying pyarrow/pandas_compat.py -> build/lib.macosx-11.2-arm64-3.8/pyarrow\r\n copying pyarrow/fs.py -> build/lib.macosx-11.2-arm64-3.8/pyarrow\r\n copying pyarrow/csv.py -> build/lib.macosx-11.2-arm64-3.8/pyarrow\r\n copying pyarrow/jvm.py -> build/lib.macosx-11.2-arm64-3.8/pyarrow\r\n copying pyarrow/hdfs.py -> build/lib.macosx-11.2-arm64-3.8/pyarrow\r\n copying pyarrow/json.py -> build/lib.macosx-11.2-arm64-3.8/pyarrow\r\n copying pyarrow/serialization.py -> build/lib.macosx-11.2-arm64-3.8/pyarrow\r\n copying pyarrow/compute.py -> build/lib.macosx-11.2-arm64-3.8/pyarrow\r\n creating build/lib.macosx-11.2-arm64-3.8/pyarrow/tests\r\n copying pyarrow/tests/test_tensor.py -> build/lib.macosx-11.2-arm64-3.8/pyarrow/tests\r\n copying pyarrow/tests/test_ipc.py -> build/lib.macosx-11.2-arm64-3.8/pyarrow/tests\r\n copying pyarrow/tests/conftest.py -> build/lib.macosx-11.2-arm64-3.8/pyarrow/tests\r\n copying pyarrow/tests/test_convert_builtin.py -> build/lib.macosx-11.2-arm64-3.8/pyarrow/tests\r\n copying pyarrow/tests/test_misc.py -> build/lib.macosx-11.2-arm64-3.8/pyarrow/tests\r\n copying pyarrow/tests/test_gandiva.py -> build/lib.macosx-11.2-arm64-3.8/pyarrow/tests\r\n copying pyarrow/tests/strategies.py -> build/lib.macosx-11.2-arm64-3.8/pyarrow/tests\r\n copying pyarrow/tests/test_adhoc_memory_leak.py -> build/lib.macosx-11.2-arm64-3.8/pyarrow/tests\r\n copying pyarrow/tests/arrow_7980.py -> build/lib.macosx-11.2-arm64-3.8/pyarrow/tests\r\n copying pyarrow/tests/util.py -> build/lib.macosx-11.2-arm64-3.8/pyarrow/tests\r\n copying pyarrow/tests/test_orc.py -> build/lib.macosx-11.2-arm64-3.8/pyarrow/tests\r\n copying pyarrow/tests/test_table.py -> build/lib.macosx-11.2-arm64-3.8/pyarrow/tests\r\n copying pyarrow/tests/test_array.py -> build/lib.macosx-11.2-arm64-3.8/pyarrow/tests\r\n copying pyarrow/tests/test_deprecations.py -> build/lib.macosx-11.2-arm64-3.8/pyarrow/tests\r\n copying pyarrow/tests/test_serialization_deprecated.py -> build/lib.macosx-11.2-arm64-3.8/pyarrow/tests\r\n copying pyarrow/tests/__init__.py -> build/lib.macosx-11.2-arm64-3.8/pyarrow/tests\r\n copying pyarrow/tests/test_io.py -> build/lib.macosx-11.2-arm64-3.8/pyarrow/tests\r\n copying pyarrow/tests/test_cuda_numba_interop.py -> build/lib.macosx-11.2-arm64-3.8/pyarrow/tests\r\n copying pyarrow/tests/test_cffi.py -> build/lib.macosx-11.2-arm64-3.8/pyarrow/tests\r\n copying pyarrow/tests/test_schema.py -> build/lib.macosx-11.2-arm64-3.8/pyarrow/tests\r\n copying pyarrow/tests/test_jvm.py -> build/lib.macosx-11.2-arm64-3.8/pyarrow/tests\r\n copying pyarrow/tests/test_plasma_tf_op.py -> build/lib.macosx-11.2-arm64-3.8/pyarrow/tests\r\n copying pyarrow/tests/test_fs.py -> build/lib.macosx-11.2-arm64-3.8/pyarrow/tests\r\n copying pyarrow/tests/test_filesystem.py -> build/lib.macosx-11.2-arm64-3.8/pyarrow/tests\r\n copying pyarrow/tests/pandas_threaded_import.py -> build/lib.macosx-11.2-arm64-3.8/pyarrow/tests\r\n copying pyarrow/tests/pandas_examples.py -> build/lib.macosx-11.2-arm64-3.8/pyarrow/tests\r\n copying pyarrow/tests/test_cython.py -> build/lib.macosx-11.2-arm64-3.8/pyarrow/tests\r\n copying pyarrow/tests/test_sparse_tensor.py -> build/lib.macosx-11.2-arm64-3.8/pyarrow/tests\r\n copying pyarrow/tests/test_dataset.py -> build/lib.macosx-11.2-arm64-3.8/pyarrow/tests\r\n copying pyarrow/tests/test_builder.py -> build/lib.macosx-11.2-arm64-3.8/pyarrow/tests\r\n copying pyarrow/tests/test_cuda.py -> build/lib.macosx-11.2-arm64-3.8/pyarrow/tests\r\n copying pyarrow/tests/test_extension_type.py -> build/lib.macosx-11.2-arm64-3.8/pyarrow/tests\r\n copying pyarrow/tests/test_feather.py -> build/lib.macosx-11.2-arm64-3.8/pyarrow/tests\r\n copying pyarrow/tests/test_pandas.py -> build/lib.macosx-11.2-arm64-3.8/pyarrow/tests\r\n copying pyarrow/tests/test_memory.py -> build/lib.macosx-11.2-arm64-3.8/pyarrow/tests\r\n copying pyarrow/tests/test_flight.py -> build/lib.macosx-11.2-arm64-3.8/pyarrow/tests\r\n copying pyarrow/tests/test_json.py -> build/lib.macosx-11.2-arm64-3.8/pyarrow/tests\r\n copying pyarrow/tests/test_serialization.py -> build/lib.macosx-11.2-arm64-3.8/pyarrow/tests\r\n copying pyarrow/tests/test_compute.py -> build/lib.macosx-11.2-arm64-3.8/pyarrow/tests\r\n copying pyarrow/tests/test_hdfs.py -> build/lib.macosx-11.2-arm64-3.8/pyarrow/tests\r\n copying pyarrow/tests/deserialize_buffer.py -> build/lib.macosx-11.2-arm64-3.8/pyarrow/tests\r\n copying pyarrow/tests/test_strategies.py -> build/lib.macosx-11.2-arm64-3.8/pyarrow/tests\r\n copying pyarrow/tests/test_csv.py -> build/lib.macosx-11.2-arm64-3.8/pyarrow/tests\r\n copying pyarrow/tests/test_plasma.py -> build/lib.macosx-11.2-arm64-3.8/pyarrow/tests\r\n copying pyarrow/tests/test_scalars.py -> build/lib.macosx-11.2-arm64-3.8/pyarrow/tests\r\n copying pyarrow/tests/test_types.py -> build/lib.macosx-11.2-arm64-3.8/pyarrow/tests\r\n running egg_info\r\n writing pyarrow.egg-info/PKG-INFO\r\n writing dependency_links to pyarrow.egg-info/dependency_links.txt\r\n writing entry points to pyarrow.egg-info/entry_points.txt\r\n writing requirements to pyarrow.egg-info/requires.txt\r\n writing top-level names to pyarrow.egg-info/top_level.txt\r\n warning: Failed to find the configured license file '../LICENSE.txt'\r\n reading manifest file 'pyarrow.egg-info/SOURCES.txt'\r\n reading manifest template 'MANIFEST.in'\r\n warning: no files found matching '../LICENSE.txt'\r\n warning: no files found matching '../NOTICE.txt'\r\n warning: no previously-included files matching '*.so' found anywhere in distribution\r\n warning: no previously-included files matching '*.pyc' found anywhere in distribution\r\n warning: no previously-included files matching '*~' found anywhere in distribution\r\n warning: no previously-included files matching '#*' found anywhere in distribution\r\n warning: no previously-included files matching '.git*' found anywhere in distribution\r\n warning: no previously-included files matching '.DS_Store' found anywhere in distribution\r\n no previously-included directories found matching '.asv'\r\n writing manifest file 'pyarrow.egg-info/SOURCES.txt'\r\n copying pyarrow/__init__.pxd -> build/lib.macosx-11.2-arm64-3.8/pyarrow\r\n copying pyarrow/_compute.pxd -> build/lib.macosx-11.2-arm64-3.8/pyarrow\r\n copying pyarrow/_compute.pyx -> build/lib.macosx-11.2-arm64-3.8/pyarrow\r\n copying pyarrow/_csv.pxd -> build/lib.macosx-11.2-arm64-3.8/pyarrow\r\n copying pyarrow/_csv.pyx -> build/lib.macosx-11.2-arm64-3.8/pyarrow\r\n copying pyarrow/_cuda.pxd -> build/lib.macosx-11.2-arm64-3.8/pyarrow\r\n copying pyarrow/_cuda.pyx -> build/lib.macosx-11.2-arm64-3.8/pyarrow\r\n copying pyarrow/_dataset.pyx -> build/lib.macosx-11.2-arm64-3.8/pyarrow\r\n copying pyarrow/_flight.pyx -> build/lib.macosx-11.2-arm64-3.8/pyarrow\r\n copying pyarrow/_fs.pxd -> build/lib.macosx-11.2-arm64-3.8/pyarrow\r\n copying pyarrow/_fs.pyx -> build/lib.macosx-11.2-arm64-3.8/pyarrow\r\n copying pyarrow/_hdfs.pyx -> build/lib.macosx-11.2-arm64-3.8/pyarrow\r\n copying pyarrow/_json.pyx -> build/lib.macosx-11.2-arm64-3.8/pyarrow\r\n copying pyarrow/_orc.pxd -> build/lib.macosx-11.2-arm64-3.8/pyarrow\r\n copying pyarrow/_orc.pyx -> build/lib.macosx-11.2-arm64-3.8/pyarrow\r\n copying pyarrow/_parquet.pxd -> build/lib.macosx-11.2-arm64-3.8/pyarrow\r\n copying pyarrow/_parquet.pyx -> build/lib.macosx-11.2-arm64-3.8/pyarrow\r\n copying pyarrow/_plasma.pyx -> build/lib.macosx-11.2-arm64-3.8/pyarrow\r\n copying pyarrow/_s3fs.pyx -> build/lib.macosx-11.2-arm64-3.8/pyarrow\r\n copying pyarrow/array.pxi -> build/lib.macosx-11.2-arm64-3.8/pyarrow\r\n copying pyarrow/benchmark.pxi -> build/lib.macosx-11.2-arm64-3.8/pyarrow\r\n copying pyarrow/builder.pxi -> build/lib.macosx-11.2-arm64-3.8/pyarrow\r\n copying pyarrow/compat.pxi -> build/lib.macosx-11.2-arm64-3.8/pyarrow\r\n copying pyarrow/config.pxi -> build/lib.macosx-11.2-arm64-3.8/pyarrow\r\n copying pyarrow/error.pxi -> build/lib.macosx-11.2-arm64-3.8/pyarrow\r\n copying pyarrow/feather.pxi -> build/lib.macosx-11.2-arm64-3.8/pyarrow\r\n copying pyarrow/gandiva.pyx -> build/lib.macosx-11.2-arm64-3.8/pyarrow\r\n copying pyarrow/io-hdfs.pxi -> build/lib.macosx-11.2-arm64-3.8/pyarrow\r\n copying pyarrow/io.pxi -> build/lib.macosx-11.2-arm64-3.8/pyarrow\r\n copying pyarrow/ipc.pxi -> build/lib.macosx-11.2-arm64-3.8/pyarrow\r\n copying pyarrow/lib.pxd -> build/lib.macosx-11.2-arm64-3.8/pyarrow\r\n copying pyarrow/lib.pyx -> build/lib.macosx-11.2-arm64-3.8/pyarrow\r\n copying pyarrow/memory.pxi -> build/lib.macosx-11.2-arm64-3.8/pyarrow\r\n copying pyarrow/pandas-shim.pxi -> build/lib.macosx-11.2-arm64-3.8/pyarrow\r\n copying pyarrow/public-api.pxi -> build/lib.macosx-11.2-arm64-3.8/pyarrow\r\n copying pyarrow/scalar.pxi -> build/lib.macosx-11.2-arm64-3.8/pyarrow\r\n copying pyarrow/serialization.pxi -> build/lib.macosx-11.2-arm64-3.8/pyarrow\r\n copying pyarrow/table.pxi -> build/lib.macosx-11.2-arm64-3.8/pyarrow\r\n copying pyarrow/tensor.pxi -> build/lib.macosx-11.2-arm64-3.8/pyarrow\r\n copying pyarrow/types.pxi -> build/lib.macosx-11.2-arm64-3.8/pyarrow\r\n creating build/lib.macosx-11.2-arm64-3.8/pyarrow/includes\r\n copying pyarrow/includes/__init__.pxd -> build/lib.macosx-11.2-arm64-3.8/pyarrow/includes\r\n copying pyarrow/includes/common.pxd -> build/lib.macosx-11.2-arm64-3.8/pyarrow/includes\r\n copying pyarrow/includes/libarrow.pxd -> build/lib.macosx-11.2-arm64-3.8/pyarrow/includes\r\n copying pyarrow/includes/libarrow_cuda.pxd -> build/lib.macosx-11.2-arm64-3.8/pyarrow/includes\r\n copying pyarrow/includes/libarrow_dataset.pxd -> build/lib.macosx-11.2-arm64-3.8/pyarrow/includes\r\n copying pyarrow/includes/libarrow_flight.pxd -> build/lib.macosx-11.2-arm64-3.8/pyarrow/includes\r\n copying pyarrow/includes/libarrow_fs.pxd -> build/lib.macosx-11.2-arm64-3.8/pyarrow/includes\r\n copying pyarrow/includes/libgandiva.pxd -> build/lib.macosx-11.2-arm64-3.8/pyarrow/includes\r\n copying pyarrow/includes/libplasma.pxd -> build/lib.macosx-11.2-arm64-3.8/pyarrow/includes\r\n creating build/lib.macosx-11.2-arm64-3.8/pyarrow/tensorflow\r\n copying pyarrow/tensorflow/plasma_op.cc -> build/lib.macosx-11.2-arm64-3.8/pyarrow/tensorflow\r\n copying pyarrow/tests/pyarrow_cython_example.pyx -> build/lib.macosx-11.2-arm64-3.8/pyarrow/tests\r\n creating build/lib.macosx-11.2-arm64-3.8/pyarrow/tests/data\r\n creating build/lib.macosx-11.2-arm64-3.8/pyarrow/tests/data/feather\r\n copying pyarrow/tests/data/feather/v0.17.0.version=2-compression=lz4.feather -> build/lib.macosx-11.2-arm64-3.8/pyarrow/tests/data/feather\r\n creating build/lib.macosx-11.2-arm64-3.8/pyarrow/tests/data/orc\r\n copying pyarrow/tests/data/orc/README.md -> build/lib.macosx-11.2-arm64-3.8/pyarrow/tests/data/orc\r\n copying pyarrow/tests/data/orc/TestOrcFile.emptyFile.jsn.gz -> build/lib.macosx-11.2-arm64-3.8/pyarrow/tests/data/orc\r\n copying pyarrow/tests/data/orc/TestOrcFile.emptyFile.orc -> build/lib.macosx-11.2-arm64-3.8/pyarrow/tests/data/orc\r\n copying pyarrow/tests/data/orc/TestOrcFile.test1.jsn.gz -> build/lib.macosx-11.2-arm64-3.8/pyarrow/tests/data/orc\r\n copying pyarrow/tests/data/orc/TestOrcFile.test1.orc -> build/lib.macosx-11.2-arm64-3.8/pyarrow/tests/data/orc\r\n copying pyarrow/tests/data/orc/TestOrcFile.testDate1900.jsn.gz -> build/lib.macosx-11.2-arm64-3.8/pyarrow/tests/data/orc\r\n copying pyarrow/tests/data/orc/TestOrcFile.testDate1900.orc -> build/lib.macosx-11.2-arm64-3.8/pyarrow/tests/data/orc\r\n copying pyarrow/tests/data/orc/decimal.jsn.gz -> build/lib.macosx-11.2-arm64-3.8/pyarrow/tests/data/orc\r\n copying pyarrow/tests/data/orc/decimal.orc -> build/lib.macosx-11.2-arm64-3.8/pyarrow/tests/data/orc\r\n creating build/lib.macosx-11.2-arm64-3.8/pyarrow/tests/data/parquet\r\n copying pyarrow/tests/data/parquet/v0.7.1.all-named-index.parquet -> build/lib.macosx-11.2-arm64-3.8/pyarrow/tests/data/parquet\r\n copying pyarrow/tests/data/parquet/v0.7.1.column-metadata-handling.parquet -> build/lib.macosx-11.2-arm64-3.8/pyarrow/tests/data/parquet\r\n copying pyarrow/tests/data/parquet/v0.7.1.parquet -> build/lib.macosx-11.2-arm64-3.8/pyarrow/tests/data/parquet\r\n copying pyarrow/tests/data/parquet/v0.7.1.some-named-index.parquet -> build/lib.macosx-11.2-arm64-3.8/pyarrow/tests/data/parquet\r\n creating build/lib.macosx-11.2-arm64-3.8/pyarrow/tests/parquet\r\n copying pyarrow/tests/parquet/common.py -> build/lib.macosx-11.2-arm64-3.8/pyarrow/tests/parquet\r\n copying pyarrow/tests/parquet/conftest.py -> build/lib.macosx-11.2-arm64-3.8/pyarrow/tests/parquet\r\n copying pyarrow/tests/parquet/test_basic.py -> build/lib.macosx-11.2-arm64-3.8/pyarrow/tests/parquet\r\n copying pyarrow/tests/parquet/test_data_types.py -> build/lib.macosx-11.2-arm64-3.8/pyarrow/tests/parquet\r\n copying pyarrow/tests/parquet/test_dataset.py -> build/lib.macosx-11.2-arm64-3.8/pyarrow/tests/parquet\r\n copying pyarrow/tests/parquet/test_datetime.py -> build/lib.macosx-11.2-arm64-3.8/pyarrow/tests/parquet\r\n copying pyarrow/tests/parquet/test_metadata.py -> build/lib.macosx-11.2-arm64-3.8/pyarrow/tests/parquet\r\n copying pyarrow/tests/parquet/test_pandas.py -> build/lib.macosx-11.2-arm64-3.8/pyarrow/tests/parquet\r\n copying pyarrow/tests/parquet/test_parquet_file.py -> build/lib.macosx-11.2-arm64-3.8/pyarrow/tests/parquet\r\n copying pyarrow/tests/parquet/test_parquet_writer.py -> build/lib.macosx-11.2-arm64-3.8/pyarrow/tests/parquet\r\n running build_ext\r\n creating /private/var/folders/v2/lfkghkc147j06_jd13v1f0yr0000gn/T/pip-install-z3ryfnqh/pyarrow_d395c1dcc85c426193f3e23fcde85666/build/temp.macosx-11.2-arm64-3.8\r\n -- Running cmake for pyarrow\r\n cmake -DPYTHON_EXECUTABLE=/Users/bastienboutonnet/Library/Caches/pypoetry/virtualenvs/dbt-sugar-lJO0x__U-py3.8/bin/python -DPython3_EXECUTABLE=/Users/bastienboutonnet/Library/Caches/pypoetry/virtualenvs/dbt-sugar-lJO0x__U-py3.8/bin/python -DPYARROW_BUILD_CUDA=off -DPYARROW_BUILD_FLIGHT=off -DPYARROW_BUILD_GANDIVA=off -DPYARROW_BUILD_DATASET=off -DPYARROW_BUILD_ORC=off -DPYARROW_BUILD_PARQUET=off -DPYARROW_BUILD_PLASMA=off -DPYARROW_BUILD_S3=off -DPYARROW_BUILD_HDFS=off -DPYARROW_USE_TENSORFLOW=off -DPYARROW_BUNDLE_ARROW_CPP=off -DPYARROW_BUNDLE_BOOST=off -DPYARROW_GENERATE_COVERAGE=off -DPYARROW_BOOST_USE_SHARED=on -DPYARROW_PARQUET_USE_SHARED=on -DCMAKE_BUILD_TYPE=release /private/var/folders/v2/lfkghkc147j06_jd13v1f0yr0000gn/T/pip-install-z3ryfnqh/pyarrow_d395c1dcc85c426193f3e23fcde85666\r\n -- The C compiler identification is AppleClang 12.0.0.12000032\r\n -- The CXX compiler identification is AppleClang 12.0.0.12000032\r\n -- Detecting C compiler ABI info\r\n -- Detecting C compiler ABI info - done\r\n -- Check for working C compiler: /Library/Developer/CommandLineTools/usr/bin/cc - skipped\r\n -- Detecting C compile features\r\n -- Detecting C compile features - done\r\n -- Detecting CXX compiler ABI info\r\n -- Detecting CXX compiler ABI info - done\r\n -- Check for working CXX compiler: /Library/Developer/CommandLineTools/usr/bin/c++ - skipped\r\n -- Detecting CXX compile features\r\n -- Detecting CXX compile features - done\r\n -- System processor: x86_64\r\n -- Performing Test CXX_SUPPORTS_SSE4_2\r\n -- Performing Test CXX_SUPPORTS_SSE4_2 - Success\r\n -- Performing Test CXX_SUPPORTS_AVX2\r\n -- Performing Test CXX_SUPPORTS_AVX2 - Success\r\n -- Performing Test CXX_SUPPORTS_AVX512\r\n -- Performing Test CXX_SUPPORTS_AVX512 - Success\r\n -- Arrow build warning level: PRODUCTION\r\n Configured for RELEASE build (set with cmake -DCMAKE_BUILD_TYPE=\\{release,debug,...})\r\n -- Build Type: RELEASE\r\n -- Generator: Unix Makefiles\r\n -- Build output directory: /private/var/folders/v2/lfkghkc147j06_jd13v1f0yr0000gn/T/pip-install-z3ryfnqh/pyarrow_d395c1dcc85c426193f3e23fcde85666/build/temp.macosx-11.2-arm64-3.8/release\r\n CMake Error at /opt/homebrew/Cellar/cmake/3.20.0/share/cmake/Modules/FindPackageHandleStandardArgs.cmake:230 (message):\r\n Could NOT find Python3 (missing: Python3_NumPy_INCLUDE_DIRS NumPy) (found\r\n version \"3.8.7\")\r\n Call Stack (most recent call first):\r\n /opt/homebrew/Cellar/cmake/3.20.0/share/cmake/Modules/FindPackageHandleStandardArgs.cmake:594 (_FPHSA_FAILURE_MESSAGE)\r\n /opt/homebrew/Cellar/cmake/3.20.0/share/cmake/Modules/FindPython/Support.cmake:3165 (find_package_handle_standard_args)\r\n /opt/homebrew/Cellar/cmake/3.20.0/share/cmake/Modules/FindPython3.cmake:485 (include)\r\n cmake_modules/FindPython3Alt.cmake:55 (find_package)\r\n CMakeLists.txt:200 (find_package)\r\n\r\n\r\n -- Configuring incomplete, errors occurred!\r\n See also \"/private/var/folders/v2/lfkghkc147j06_jd13v1f0yr0000gn/T/pip-install-z3ryfnqh/pyarrow_d395c1dcc85c426193f3e23fcde85666/build/temp.macosx-11.2-arm64-3.8/CMakeFiles/CMakeOutput.log\".\r\n See also \"/private/var/folders/v2/lfkghkc147j06_jd13v1f0yr0000gn/T/pip-install-z3ryfnqh/pyarrow_d395c1dcc85c426193f3e23fcde85666/build/temp.macosx-11.2-arm64-3.8/CMakeFiles/CMakeError.log\".\r\n error: command 'cmake' failed with exit status 1\r\n ----------------------------------------\r\n ERROR: Failed building wheel for pyarrow\r\nFailed to build pyarrow\r\nERROR: Could not build wheels for pyarrow which use PEP 517 and cannot be installed directly\r\n(dbt-sugar-lJO0x__U-py3.8) \u279c dbt-sugar git:(main) \u2717 pip install pyarrow --no-use-pep517\r\nCollecting pyarrow\r\n Using cached pyarrow-3.0.0.tar.gz (682 kB)\r\nRequirement already satisfied: numpy>=1.16.6 in /Users/bastienboutonnet/Library/Caches/pypoetry/virtualenvs/dbt-sugar-lJO0x__U-py3.8/lib/python3.8/site-packages (from pyarrow) (1.20.2)\r\nBuilding wheels for collected packages: pyarrow\r\n Building wheel for pyarrow (setup.py) ... error\r\n ERROR: Command errored out with exit status 1:\r\n command: /Users/bastienboutonnet/Library/Caches/pypoetry/virtualenvs/dbt-sugar-lJO0x__U-py3.8/bin/python -u -c 'import sys, setuptools, tokenize; sys.argv[0] = '\"'\"'/private/var/folders/v2/lfkghkc147j06_jd13v1f0yr0000gn/T/pip-install-ri2w315u/pyarrow_8d01252c437341798da24cfec11f603e/setup.py'\"'\"'; __file__='\"'\"'/private/var/folders/v2/lfkghkc147j06_jd13v1f0yr0000gn/T/pip-install-ri2w315u/pyarrow_8d01252c437341798da24cfec11f603e/setup.py'\"'\"';f=getattr(tokenize, '\"'\"'open'\"'\"', open)(__file__);code=f.read().replace('\"'\"'\\r\\n'\"'\"', '\"'\"'\\n'\"'\"');f.close();exec(compile(code, __file__, '\"'\"'exec'\"'\"'))' bdist_wheel -d /private/var/folders/v2/lfkghkc147j06_jd13v1f0yr0000gn/T/pip-wheel-vpkwqzyi\r\n cwd: /private/var/folders/v2/lfkghkc147j06_jd13v1f0yr0000gn/T/pip-install-ri2w315u/pyarrow_8d01252c437341798da24cfec11f603e/\r\n Complete output (238 lines):\r\n running bdist_wheel\r\n running build\r\n running build_py\r\n creating build\r\n creating build/lib.macosx-11.2-arm64-3.8\r\n creating build/lib.macosx-11.2-arm64-3.8/pyarrow\r\n copying pyarrow/orc.py -> build/lib.macosx-11.2-arm64-3.8/pyarrow\r\n copying pyarrow/_generated_version.py -> build/lib.macosx-11.2-arm64-3.8/pyarrow\r\n copying pyarrow/compat.py -> build/lib.macosx-11.2-arm64-3.8/pyarrow\r\n copying pyarrow/benchmark.py -> build/lib.macosx-11.2-arm64-3.8/pyarrow\r\n copying pyarrow/parquet.py -> build/lib.macosx-11.2-arm64-3.8/pyarrow\r\n copying pyarrow/ipc.py -> build/lib.macosx-11.2-arm64-3.8/pyarrow\r\n copying pyarrow/util.py -> build/lib.macosx-11.2-arm64-3.8/pyarrow\r\n copying pyarrow/flight.py -> build/lib.macosx-11.2-arm64-3.8/pyarrow\r\n copying pyarrow/cffi.py -> build/lib.macosx-11.2-arm64-3.8/pyarrow\r\n copying pyarrow/filesystem.py -> build/lib.macosx-11.2-arm64-3.8/pyarrow\r\n copying pyarrow/__init__.py -> build/lib.macosx-11.2-arm64-3.8/pyarrow\r\n copying pyarrow/plasma.py -> build/lib.macosx-11.2-arm64-3.8/pyarrow\r\n copying pyarrow/types.py -> build/lib.macosx-11.2-arm64-3.8/pyarrow\r\n copying pyarrow/dataset.py -> build/lib.macosx-11.2-arm64-3.8/pyarrow\r\n copying pyarrow/cuda.py -> build/lib.macosx-11.2-arm64-3.8/pyarrow\r\n copying pyarrow/feather.py -> build/lib.macosx-11.2-arm64-3.8/pyarrow\r\n copying pyarrow/pandas_compat.py -> build/lib.macosx-11.2-arm64-3.8/pyarrow\r\n copying pyarrow/fs.py -> build/lib.macosx-11.2-arm64-3.8/pyarrow\r\n copying pyarrow/csv.py -> build/lib.macosx-11.2-arm64-3.8/pyarrow\r\n copying pyarrow/jvm.py -> build/lib.macosx-11.2-arm64-3.8/pyarrow\r\n copying pyarrow/hdfs.py -> build/lib.macosx-11.2-arm64-3.8/pyarrow\r\n copying pyarrow/json.py -> build/lib.macosx-11.2-arm64-3.8/pyarrow\r\n copying pyarrow/serialization.py -> build/lib.macosx-11.2-arm64-3.8/pyarrow\r\n copying pyarrow/compute.py -> build/lib.macosx-11.2-arm64-3.8/pyarrow\r\n creating build/lib.macosx-11.2-arm64-3.8/pyarrow/tests\r\n copying pyarrow/tests/test_tensor.py -> build/lib.macosx-11.2-arm64-3.8/pyarrow/tests\r\n copying pyarrow/tests/test_ipc.py -> build/lib.macosx-11.2-arm64-3.8/pyarrow/tests\r\n copying pyarrow/tests/conftest.py -> build/lib.macosx-11.2-arm64-3.8/pyarrow/tests\r\n copying pyarrow/tests/test_convert_builtin.py -> build/lib.macosx-11.2-arm64-3.8/pyarrow/tests\r\n copying pyarrow/tests/test_misc.py -> build/lib.macosx-11.2-arm64-3.8/pyarrow/tests\r\n copying pyarrow/tests/test_gandiva.py -> build/lib.macosx-11.2-arm64-3.8/pyarrow/tests\r\n copying pyarrow/tests/strategies.py -> build/lib.macosx-11.2-arm64-3.8/pyarrow/tests\r\n copying pyarrow/tests/test_adhoc_memory_leak.py -> build/lib.macosx-11.2-arm64-3.8/pyarrow/tests\r\n copying pyarrow/tests/arrow_7980.py -> build/lib.macosx-11.2-arm64-3.8/pyarrow/tests\r\n copying pyarrow/tests/util.py -> build/lib.macosx-11.2-arm64-3.8/pyarrow/tests\r\n copying pyarrow/tests/test_orc.py -> build/lib.macosx-11.2-arm64-3.8/pyarrow/tests\r\n copying pyarrow/tests/test_table.py -> build/lib.macosx-11.2-arm64-3.8/pyarrow/tests\r\n copying pyarrow/tests/test_array.py -> build/lib.macosx-11.2-arm64-3.8/pyarrow/tests\r\n copying pyarrow/tests/test_deprecations.py -> build/lib.macosx-11.2-arm64-3.8/pyarrow/tests\r\n copying pyarrow/tests/test_serialization_deprecated.py -> build/lib.macosx-11.2-arm64-3.8/pyarrow/tests\r\n copying pyarrow/tests/__init__.py -> build/lib.macosx-11.2-arm64-3.8/pyarrow/tests\r\n copying pyarrow/tests/test_io.py -> build/lib.macosx-11.2-arm64-3.8/pyarrow/tests\r\n copying pyarrow/tests/test_cuda_numba_interop.py -> build/lib.macosx-11.2-arm64-3.8/pyarrow/tests\r\n copying pyarrow/tests/test_cffi.py -> build/lib.macosx-11.2-arm64-3.8/pyarrow/tests\r\n copying pyarrow/tests/test_schema.py -> build/lib.macosx-11.2-arm64-3.8/pyarrow/tests\r\n copying pyarrow/tests/test_jvm.py -> build/lib.macosx-11.2-arm64-3.8/pyarrow/tests\r\n copying pyarrow/tests/test_plasma_tf_op.py -> build/lib.macosx-11.2-arm64-3.8/pyarrow/tests\r\n copying pyarrow/tests/test_fs.py -> build/lib.macosx-11.2-arm64-3.8/pyarrow/tests\r\n copying pyarrow/tests/test_filesystem.py -> build/lib.macosx-11.2-arm64-3.8/pyarrow/tests\r\n copying pyarrow/tests/pandas_threaded_import.py -> build/lib.macosx-11.2-arm64-3.8/pyarrow/tests\r\n copying pyarrow/tests/pandas_examples.py -> build/lib.macosx-11.2-arm64-3.8/pyarrow/tests\r\n copying pyarrow/tests/test_cython.py -> build/lib.macosx-11.2-arm64-3.8/pyarrow/tests\r\n copying pyarrow/tests/test_sparse_tensor.py -> build/lib.macosx-11.2-arm64-3.8/pyarrow/tests\r\n copying pyarrow/tests/test_dataset.py -> build/lib.macosx-11.2-arm64-3.8/pyarrow/tests\r\n copying pyarrow/tests/test_builder.py -> build/lib.macosx-11.2-arm64-3.8/pyarrow/tests\r\n copying pyarrow/tests/test_cuda.py -> build/lib.macosx-11.2-arm64-3.8/pyarrow/tests\r\n copying pyarrow/tests/test_extension_type.py -> build/lib.macosx-11.2-arm64-3.8/pyarrow/tests\r\n copying pyarrow/tests/test_feather.py -> build/lib.macosx-11.2-arm64-3.8/pyarrow/tests\r\n copying pyarrow/tests/test_pandas.py -> build/lib.macosx-11.2-arm64-3.8/pyarrow/tests\r\n copying pyarrow/tests/test_memory.py -> build/lib.macosx-11.2-arm64-3.8/pyarrow/tests\r\n copying pyarrow/tests/test_flight.py -> build/lib.macosx-11.2-arm64-3.8/pyarrow/tests\r\n copying pyarrow/tests/test_json.py -> build/lib.macosx-11.2-arm64-3.8/pyarrow/tests\r\n copying pyarrow/tests/test_serialization.py -> build/lib.macosx-11.2-arm64-3.8/pyarrow/tests\r\n copying pyarrow/tests/test_compute.py -> build/lib.macosx-11.2-arm64-3.8/pyarrow/tests\r\n copying pyarrow/tests/test_hdfs.py -> build/lib.macosx-11.2-arm64-3.8/pyarrow/tests\r\n copying pyarrow/tests/deserialize_buffer.py -> build/lib.macosx-11.2-arm64-3.8/pyarrow/tests\r\n copying pyarrow/tests/test_strategies.py -> build/lib.macosx-11.2-arm64-3.8/pyarrow/tests\r\n copying pyarrow/tests/test_csv.py -> build/lib.macosx-11.2-arm64-3.8/pyarrow/tests\r\n copying pyarrow/tests/test_plasma.py -> build/lib.macosx-11.2-arm64-3.8/pyarrow/tests\r\n copying pyarrow/tests/test_scalars.py -> build/lib.macosx-11.2-arm64-3.8/pyarrow/tests\r\n copying pyarrow/tests/test_types.py -> build/lib.macosx-11.2-arm64-3.8/pyarrow/tests\r\n running egg_info\r\n writing pyarrow.egg-info/PKG-INFO\r\n writing dependency_links to pyarrow.egg-info/dependency_links.txt\r\n writing entry points to pyarrow.egg-info/entry_points.txt\r\n writing requirements to pyarrow.egg-info/requires.txt\r\n writing top-level names to pyarrow.egg-info/top_level.txt\r\n warning: Failed to find the configured license file '../LICENSE.txt'\r\n reading manifest file 'pyarrow.egg-info/SOURCES.txt'\r\n reading manifest template 'MANIFEST.in'\r\n warning: no files found matching '../LICENSE.txt'\r\n warning: no files found matching '../NOTICE.txt'\r\n warning: no previously-included files matching '*.so' found anywhere in distribution\r\n warning: no previously-included files matching '*.pyc' found anywhere in distribution\r\n warning: no previously-included files matching '*~' found anywhere in distribution\r\n warning: no previously-included files matching '#*' found anywhere in distribution\r\n warning: no previously-included files matching '.git*' found anywhere in distribution\r\n warning: no previously-included files matching '.DS_Store' found anywhere in distribution\r\n no previously-included directories found matching '.asv'\r\n writing manifest file 'pyarrow.egg-info/SOURCES.txt'\r\n copying pyarrow/__init__.pxd -> build/lib.macosx-11.2-arm64-3.8/pyarrow\r\n copying pyarrow/_compute.pxd -> build/lib.macosx-11.2-arm64-3.8/pyarrow\r\n copying pyarrow/_compute.pyx -> build/lib.macosx-11.2-arm64-3.8/pyarrow\r\n copying pyarrow/_csv.pxd -> build/lib.macosx-11.2-arm64-3.8/pyarrow\r\n copying pyarrow/_csv.pyx -> build/lib.macosx-11.2-arm64-3.8/pyarrow\r\n copying pyarrow/_cuda.pxd -> build/lib.macosx-11.2-arm64-3.8/pyarrow\r\n copying pyarrow/_cuda.pyx -> build/lib.macosx-11.2-arm64-3.8/pyarrow\r\n copying pyarrow/_dataset.pyx -> build/lib.macosx-11.2-arm64-3.8/pyarrow\r\n copying pyarrow/_flight.pyx -> build/lib.macosx-11.2-arm64-3.8/pyarrow\r\n copying pyarrow/_fs.pxd -> build/lib.macosx-11.2-arm64-3.8/pyarrow\r\n copying pyarrow/_fs.pyx -> build/lib.macosx-11.2-arm64-3.8/pyarrow\r\n copying pyarrow/_hdfs.pyx -> build/lib.macosx-11.2-arm64-3.8/pyarrow\r\n copying pyarrow/_json.pyx -> build/lib.macosx-11.2-arm64-3.8/pyarrow\r\n copying pyarrow/_orc.pxd -> build/lib.macosx-11.2-arm64-3.8/pyarrow\r\n copying pyarrow/_orc.pyx -> build/lib.macosx-11.2-arm64-3.8/pyarrow\r\n copying pyarrow/_parquet.pxd -> build/lib.macosx-11.2-arm64-3.8/pyarrow\r\n copying pyarrow/_parquet.pyx -> build/lib.macosx-11.2-arm64-3.8/pyarrow\r\n copying pyarrow/_plasma.pyx -> build/lib.macosx-11.2-arm64-3.8/pyarrow\r\n copying pyarrow/_s3fs.pyx -> build/lib.macosx-11.2-arm64-3.8/pyarrow\r\n copying pyarrow/array.pxi -> build/lib.macosx-11.2-arm64-3.8/pyarrow\r\n copying pyarrow/benchmark.pxi -> build/lib.macosx-11.2-arm64-3.8/pyarrow\r\n copying pyarrow/builder.pxi -> build/lib.macosx-11.2-arm64-3.8/pyarrow\r\n copying pyarrow/compat.pxi -> build/lib.macosx-11.2-arm64-3.8/pyarrow\r\n copying pyarrow/config.pxi -> build/lib.macosx-11.2-arm64-3.8/pyarrow\r\n copying pyarrow/error.pxi -> build/lib.macosx-11.2-arm64-3.8/pyarrow\r\n copying pyarrow/feather.pxi -> build/lib.macosx-11.2-arm64-3.8/pyarrow\r\n copying pyarrow/gandiva.pyx -> build/lib.macosx-11.2-arm64-3.8/pyarrow\r\n copying pyarrow/io-hdfs.pxi -> build/lib.macosx-11.2-arm64-3.8/pyarrow\r\n copying pyarrow/io.pxi -> build/lib.macosx-11.2-arm64-3.8/pyarrow\r\n copying pyarrow/ipc.pxi -> build/lib.macosx-11.2-arm64-3.8/pyarrow\r\n copying pyarrow/lib.pxd -> build/lib.macosx-11.2-arm64-3.8/pyarrow\r\n copying pyarrow/lib.pyx -> build/lib.macosx-11.2-arm64-3.8/pyarrow\r\n copying pyarrow/memory.pxi -> build/lib.macosx-11.2-arm64-3.8/pyarrow\r\n copying pyarrow/pandas-shim.pxi -> build/lib.macosx-11.2-arm64-3.8/pyarrow\r\n copying pyarrow/public-api.pxi -> build/lib.macosx-11.2-arm64-3.8/pyarrow\r\n copying pyarrow/scalar.pxi -> build/lib.macosx-11.2-arm64-3.8/pyarrow\r\n copying pyarrow/serialization.pxi -> build/lib.macosx-11.2-arm64-3.8/pyarrow\r\n copying pyarrow/table.pxi -> build/lib.macosx-11.2-arm64-3.8/pyarrow\r\n copying pyarrow/tensor.pxi -> build/lib.macosx-11.2-arm64-3.8/pyarrow\r\n copying pyarrow/types.pxi -> build/lib.macosx-11.2-arm64-3.8/pyarrow\r\n creating build/lib.macosx-11.2-arm64-3.8/pyarrow/includes\r\n copying pyarrow/includes/__init__.pxd -> build/lib.macosx-11.2-arm64-3.8/pyarrow/includes\r\n copying pyarrow/includes/common.pxd -> build/lib.macosx-11.2-arm64-3.8/pyarrow/includes\r\n copying pyarrow/includes/libarrow.pxd -> build/lib.macosx-11.2-arm64-3.8/pyarrow/includes\r\n copying pyarrow/includes/libarrow_cuda.pxd -> build/lib.macosx-11.2-arm64-3.8/pyarrow/includes\r\n copying pyarrow/includes/libarrow_dataset.pxd -> build/lib.macosx-11.2-arm64-3.8/pyarrow/includes\r\n copying pyarrow/includes/libarrow_flight.pxd -> build/lib.macosx-11.2-arm64-3.8/pyarrow/includes\r\n copying pyarrow/includes/libarrow_fs.pxd -> build/lib.macosx-11.2-arm64-3.8/pyarrow/includes\r\n copying pyarrow/includes/libgandiva.pxd -> build/lib.macosx-11.2-arm64-3.8/pyarrow/includes\r\n copying pyarrow/includes/libplasma.pxd -> build/lib.macosx-11.2-arm64-3.8/pyarrow/includes\r\n creating build/lib.macosx-11.2-arm64-3.8/pyarrow/tensorflow\r\n copying pyarrow/tensorflow/plasma_op.cc -> build/lib.macosx-11.2-arm64-3.8/pyarrow/tensorflow\r\n copying pyarrow/tests/pyarrow_cython_example.pyx -> build/lib.macosx-11.2-arm64-3.8/pyarrow/tests\r\n creating build/lib.macosx-11.2-arm64-3.8/pyarrow/tests/data\r\n creating build/lib.macosx-11.2-arm64-3.8/pyarrow/tests/data/feather\r\n copying pyarrow/tests/data/feather/v0.17.0.version=2-compression=lz4.feather -> build/lib.macosx-11.2-arm64-3.8/pyarrow/tests/data/feather\r\n creating build/lib.macosx-11.2-arm64-3.8/pyarrow/tests/data/orc\r\n copying pyarrow/tests/data/orc/README.md -> build/lib.macosx-11.2-arm64-3.8/pyarrow/tests/data/orc\r\n copying pyarrow/tests/data/orc/TestOrcFile.emptyFile.jsn.gz -> build/lib.macosx-11.2-arm64-3.8/pyarrow/tests/data/orc\r\n copying pyarrow/tests/data/orc/TestOrcFile.emptyFile.orc -> build/lib.macosx-11.2-arm64-3.8/pyarrow/tests/data/orc\r\n copying pyarrow/tests/data/orc/TestOrcFile.test1.jsn.gz -> build/lib.macosx-11.2-arm64-3.8/pyarrow/tests/data/orc\r\n copying pyarrow/tests/data/orc/TestOrcFile.test1.orc -> build/lib.macosx-11.2-arm64-3.8/pyarrow/tests/data/orc\r\n copying pyarrow/tests/data/orc/TestOrcFile.testDate1900.jsn.gz -> build/lib.macosx-11.2-arm64-3.8/pyarrow/tests/data/orc\r\n copying pyarrow/tests/data/orc/TestOrcFile.testDate1900.orc -> build/lib.macosx-11.2-arm64-3.8/pyarrow/tests/data/orc\r\n copying pyarrow/tests/data/orc/decimal.jsn.gz -> build/lib.macosx-11.2-arm64-3.8/pyarrow/tests/data/orc\r\n copying pyarrow/tests/data/orc/decimal.orc -> build/lib.macosx-11.2-arm64-3.8/pyarrow/tests/data/orc\r\n creating build/lib.macosx-11.2-arm64-3.8/pyarrow/tests/data/parquet\r\n copying pyarrow/tests/data/parquet/v0.7.1.all-named-index.parquet -> build/lib.macosx-11.2-arm64-3.8/pyarrow/tests/data/parquet\r\n copying pyarrow/tests/data/parquet/v0.7.1.column-metadata-handling.parquet -> build/lib.macosx-11.2-arm64-3.8/pyarrow/tests/data/parquet\r\n copying pyarrow/tests/data/parquet/v0.7.1.parquet -> build/lib.macosx-11.2-arm64-3.8/pyarrow/tests/data/parquet\r\n copying pyarrow/tests/data/parquet/v0.7.1.some-named-index.parquet -> build/lib.macosx-11.2-arm64-3.8/pyarrow/tests/data/parquet\r\n creating build/lib.macosx-11.2-arm64-3.8/pyarrow/tests/parquet\r\n copying pyarrow/tests/parquet/common.py -> build/lib.macosx-11.2-arm64-3.8/pyarrow/tests/parquet\r\n copying pyarrow/tests/parquet/conftest.py -> build/lib.macosx-11.2-arm64-3.8/pyarrow/tests/parquet\r\n copying pyarrow/tests/parquet/test_basic.py -> build/lib.macosx-11.2-arm64-3.8/pyarrow/tests/parquet\r\n copying pyarrow/tests/parquet/test_data_types.py -> build/lib.macosx-11.2-arm64-3.8/pyarrow/tests/parquet\r\n copying pyarrow/tests/parquet/test_dataset.py -> build/lib.macosx-11.2-arm64-3.8/pyarrow/tests/parquet\r\n copying pyarrow/tests/parquet/test_datetime.py -> build/lib.macosx-11.2-arm64-3.8/pyarrow/tests/parquet\r\n copying pyarrow/tests/parquet/test_metadata.py -> build/lib.macosx-11.2-arm64-3.8/pyarrow/tests/parquet\r\n copying pyarrow/tests/parquet/test_pandas.py -> build/lib.macosx-11.2-arm64-3.8/pyarrow/tests/parquet\r\n copying pyarrow/tests/parquet/test_parquet_file.py -> build/lib.macosx-11.2-arm64-3.8/pyarrow/tests/parquet\r\n copying pyarrow/tests/parquet/test_parquet_writer.py -> build/lib.macosx-11.2-arm64-3.8/pyarrow/tests/parquet\r\n running build_ext\r\n creating /private/var/folders/v2/lfkghkc147j06_jd13v1f0yr0000gn/T/pip-install-ri2w315u/pyarrow_8d01252c437341798da24cfec11f603e/build/temp.macosx-11.2-arm64-3.8\r\n -- Running cmake for pyarrow\r\n cmake -DPYTHON_EXECUTABLE=/Users/bastienboutonnet/Library/Caches/pypoetry/virtualenvs/dbt-sugar-lJO0x__U-py3.8/bin/python -DPython3_EXECUTABLE=/Users/bastienboutonnet/Library/Caches/pypoetry/virtualenvs/dbt-sugar-lJO0x__U-py3.8/bin/python -DPYARROW_BUILD_CUDA=off -DPYARROW_BUILD_FLIGHT=off -DPYARROW_BUILD_GANDIVA=off -DPYARROW_BUILD_DATASET=off -DPYARROW_BUILD_ORC=off -DPYARROW_BUILD_PARQUET=off -DPYARROW_BUILD_PLASMA=off -DPYARROW_BUILD_S3=off -DPYARROW_BUILD_HDFS=off -DPYARROW_USE_TENSORFLOW=off -DPYARROW_BUNDLE_ARROW_CPP=off -DPYARROW_BUNDLE_BOOST=off -DPYARROW_GENERATE_COVERAGE=off -DPYARROW_BOOST_USE_SHARED=on -DPYARROW_PARQUET_USE_SHARED=on -DCMAKE_BUILD_TYPE=release /private/var/folders/v2/lfkghkc147j06_jd13v1f0yr0000gn/T/pip-install-ri2w315u/pyarrow_8d01252c437341798da24cfec11f603e\r\n -- The C compiler identification is AppleClang 12.0.0.12000032\r\n -- The CXX compiler identification is AppleClang 12.0.0.12000032\r\n -- Detecting C compiler ABI info\r\n -- Detecting C compiler ABI info - done\r\n -- Check for working C compiler: /Library/Developer/CommandLineTools/usr/bin/cc - skipped\r\n -- Detecting C compile features\r\n -- Detecting C compile features - done\r\n -- Detecting CXX compiler ABI info\r\n -- Detecting CXX compiler ABI info - done\r\n -- Check for working CXX compiler: /Library/Developer/CommandLineTools/usr/bin/c++ - skipped\r\n -- Detecting CXX compile features\r\n -- Detecting CXX compile features - done\r\n -- System processor: x86_64\r\n -- Performing Test CXX_SUPPORTS_SSE4_2\r\n -- Performing Test CXX_SUPPORTS_SSE4_2 - Success\r\n -- Performing Test CXX_SUPPORTS_AVX2\r\n -- Performing Test CXX_SUPPORTS_AVX2 - Success\r\n -- Performing Test CXX_SUPPORTS_AVX512\r\n -- Performing Test CXX_SUPPORTS_AVX512 - Success\r\n -- Arrow build warning level: PRODUCTION\r\n Configured for RELEASE build (set with cmake -DCMAKE_BUILD_TYPE=\\{release,debug,...})\r\n -- Build Type: RELEASE\r\n -- Generator: Unix Makefiles\r\n -- Build output directory: /private/var/folders/v2/lfkghkc147j06_jd13v1f0yr0000gn/T/pip-install-ri2w315u/pyarrow_8d01252c437341798da24cfec11f603e/build/temp.macosx-11.2-arm64-3.8/release\r\n -- Found Python3: /Users/bastienboutonnet/Library/Caches/pypoetry/virtualenvs/dbt-sugar-lJO0x__U-py3.8/bin/python (found version \"3.8.7\") found components: Interpreter Development.Module NumPy\r\n -- Found Python3Alt: /Users/bastienboutonnet/Library/Caches/pypoetry/virtualenvs/dbt-sugar-lJO0x__U-py3.8/bin/python\r\n CMake Warning (dev) at /opt/homebrew/Cellar/cmake/3.20.0/share/cmake/Modules/FindPackageHandleStandardArgs.cmake:438 (message):\r\n The package name passed to `find_package_handle_standard_args` (PkgConfig)\r\n does not match the name of the calling package (Arrow). This can lead to\r\n problems in calling code that expects `find_package` result variables\r\n (e.g., `_FOUND`) to follow a certain pattern.\r\n Call Stack (most recent call first):\r\n /opt/homebrew/Cellar/cmake/3.20.0/share/cmake/Modules/FindPkgConfig.cmake:70 (find_package_handle_standard_args)\r\n cmake_modules/FindArrow.cmake:39 (include)\r\n cmake_modules/FindArrowPython.cmake:46 (find_package)\r\n CMakeLists.txt:214 (find_package)\r\n This warning is for project developers. Use -Wno-dev to suppress it.\r\n\r\n-- Found PkgConfig: /opt/homebrew/bin/pkg-config (found version \"0.29.2\")\r\n -- Could NOT find Arrow (missing: Arrow_DIR)\r\n -- Checking for module 'arrow'\r\n -- No package 'arrow' found\r\n CMake Error at /opt/homebrew/Cellar/cmake/3.20.0/share/cmake/Modules/FindPackageHandleStandardArgs.cmake:230 (message):\r\n Could NOT find Arrow (missing: ARROW_INCLUDE_DIR ARROW_LIB_DIR\r\n ARROW_FULL_SO_VERSION ARROW_SO_VERSION)\r\n Call Stack (most recent call first):\r\n /opt/homebrew/Cellar/cmake/3.20.0/share/cmake/Modules/FindPackageHandleStandardArgs.cmake:594 (_FPHSA_FAILURE_MESSAGE)\r\n cmake_modules/FindArrow.cmake:419 (find_package_handle_standard_args)\r\n cmake_modules/FindArrowPython.cmake:46 (find_package)\r\n CMakeLists.txt:214 (find_package)\r\n\r\n\r\n -- Configuring incomplete, errors occurred!\r\n See also \"/private/var/folders/v2/lfkghkc147j06_jd13v1f0yr0000gn/T/pip-install-ri2w315u/pyarrow_8d01252c437341798da24cfec11f603e/build/temp.macosx-11.2-arm64-3.8/CMakeFiles/CMakeOutput.log\".\r\n See also \"/private/var/folders/v2/lfkghkc147j06_jd13v1f0yr0000gn/T/pip-install-ri2w315u/pyarrow_8d01252c437341798da24cfec11f603e/build/temp.macosx-11.2-arm64-3.8/CMakeFiles/CMakeError.log\".\r\n error: command 'cmake' failed with exit status 1\r\n ----------------------------------------\r\n ERROR: Failed building wheel for pyarrow\r\n Running setup.py clean for pyarrow\r\nFailed to build pyarrow\r\nInstalling collected packages: pyarrow\r\n Running setup.py install for pyarrow ... error\r\n ERROR: Command errored out with exit status 1:\r\n command: /Users/bastienboutonnet/Library/Caches/pypoetry/virtualenvs/dbt-sugar-lJO0x__U-py3.8/bin/python -u -c 'import sys, setuptools, tokenize; sys.argv[0] = '\"'\"'/private/var/folders/v2/lfkghkc147j06_jd13v1f0yr0000gn/T/pip-install-ri2w315u/pyarrow_8d01252c437341798da24cfec11f603e/setup.py'\"'\"'; __file__='\"'\"'/private/var/folders/v2/lfkghkc147j06_jd13v1f0yr0000gn/T/pip-install-ri2w315u/pyarrow_8d01252c437341798da24cfec11f603e/setup.py'\"'\"';f=getattr(tokenize, '\"'\"'open'\"'\"', open)(__file__);code=f.read().replace('\"'\"'\\r\\n'\"'\"', '\"'\"'\\n'\"'\"');f.close();exec(compile(code, __file__, '\"'\"'exec'\"'\"'))' install --record /private/var/folders/v2/lfkghkc147j06_jd13v1f0yr0000gn/T/pip-record-3v1lx8h6/install-record.txt --single-version-externally-managed --compile --install-headers /Users/bastienboutonnet/Library/Caches/pypoetry/virtualenvs/dbt-sugar-lJO0x__U-py3.8/include/site/python3.8/pyarrow\r\n cwd: /private/var/folders/v2/lfkghkc147j06_jd13v1f0yr0000gn/T/pip-install-ri2w315u/pyarrow_8d01252c437341798da24cfec11f603e/\r\n Complete output (238 lines):\r\n running install\r\n running build\r\n running build_py\r\n creating build\r\n creating build/lib.macosx-11.2-arm64-3.8\r\n creating build/lib.macosx-11.2-arm64-3.8/pyarrow\r\n copying pyarrow/orc.py -> build/lib.macosx-11.2-arm64-3.8/pyarrow\r\n copying pyarrow/_generated_version.py -> build/lib.macosx-11.2-arm64-3.8/pyarrow\r\n copying pyarrow/compat.py -> build/lib.macosx-11.2-arm64-3.8/pyarrow\r\n copying pyarrow/benchmark.py -> build/lib.macosx-11.2-arm64-3.8/pyarrow\r\n copying pyarrow/parquet.py -> build/lib.macosx-11.2-arm64-3.8/pyarrow\r\n copying pyarrow/ipc.py -> build/lib.macosx-11.2-arm64-3.8/pyarrow\r\n copying pyarrow/util.py -> build/lib.macosx-11.2-arm64-3.8/pyarrow\r\n copying pyarrow/flight.py -> build/lib.macosx-11.2-arm64-3.8/pyarrow\r\n copying pyarrow/cffi.py -> build/lib.macosx-11.2-arm64-3.8/pyarrow\r\n copying pyarrow/filesystem.py -> build/lib.macosx-11.2-arm64-3.8/pyarrow\r\n copying pyarrow/__init__.py -> build/lib.macosx-11.2-arm64-3.8/pyarrow\r\n copying pyarrow/plasma.py -> build/lib.macosx-11.2-arm64-3.8/pyarrow\r\n copying pyarrow/types.py -> build/lib.macosx-11.2-arm64-3.8/pyarrow\r\n copying pyarrow/dataset.py -> build/lib.macosx-11.2-arm64-3.8/pyarrow\r\n copying pyarrow/cuda.py -> build/lib.macosx-11.2-arm64-3.8/pyarrow\r\n copying pyarrow/feather.py -> build/lib.macosx-11.2-arm64-3.8/pyarrow\r\n copying pyarrow/pandas_compat.py -> build/lib.macosx-11.2-arm64-3.8/pyarrow\r\n copying pyarrow/fs.py -> build/lib.macosx-11.2-arm64-3.8/pyarrow\r\n copying pyarrow/csv.py -> build/lib.macosx-11.2-arm64-3.8/pyarrow\r\n copying pyarrow/jvm.py -> build/lib.macosx-11.2-arm64-3.8/pyarrow\r\n copying pyarrow/hdfs.py -> build/lib.macosx-11.2-arm64-3.8/pyarrow\r\n copying pyarrow/json.py -> build/lib.macosx-11.2-arm64-3.8/pyarrow\r\n copying pyarrow/serialization.py -> build/lib.macosx-11.2-arm64-3.8/pyarrow\r\n copying pyarrow/compute.py -> build/lib.macosx-11.2-arm64-3.8/pyarrow\r\n creating build/lib.macosx-11.2-arm64-3.8/pyarrow/tests\r\n copying pyarrow/tests/test_tensor.py -> build/lib.macosx-11.2-arm64-3.8/pyarrow/tests\r\n copying pyarrow/tests/test_ipc.py -> build/lib.macosx-11.2-arm64-3.8/pyarrow/tests\r\n copying pyarrow/tests/conftest.py -> build/lib.macosx-11.2-arm64-3.8/pyarrow/tests\r\n copying pyarrow/tests/test_convert_builtin.py -> build/lib.macosx-11.2-arm64-3.8/pyarrow/tests\r\n copying pyarrow/tests/test_misc.py -> build/lib.macosx-11.2-arm64-3.8/pyarrow/tests\r\n copying pyarrow/tests/test_gandiva.py -> build/lib.macosx-11.2-arm64-3.8/pyarrow/tests\r\n copying pyarrow/tests/strategies.py -> build/lib.macosx-11.2-arm64-3.8/pyarrow/tests\r\n copying pyarrow/tests/test_adhoc_memory_leak.py -> build/lib.macosx-11.2-arm64-3.8/pyarrow/tests\r\n copying pyarrow/tests/arrow_7980.py -> build/lib.macosx-11.2-arm64-3.8/pyarrow/tests\r\n copying pyarrow/tests/util.py -> build/lib.macosx-11.2-arm64-3.8/pyarrow/tests\r\n copying pyarrow/tests/test_orc.py -> build/lib.macosx-11.2-arm64-3.8/pyarrow/tests\r\n copying pyarrow/tests/test_table.py -> build/lib.macosx-11.2-arm64-3.8/pyarrow/tests\r\n copying pyarrow/tests/test_array.py -> build/lib.macosx-11.2-arm64-3.8/pyarrow/tests\r\n copying pyarrow/tests/test_deprecations.py -> build/lib.macosx-11.2-arm64-3.8/pyarrow/tests\r\n copying pyarrow/tests/test_serialization_deprecated.py -> build/lib.macosx-11.2-arm64-3.8/pyarrow/tests\r\n copying pyarrow/tests/__init__.py -> build/lib.macosx-11.2-arm64-3.8/pyarrow/tests\r\n copying pyarrow/tests/test_io.py -> build/lib.macosx-11.2-arm64-3.8/pyarrow/tests\r\n copying pyarrow/tests/test_cuda_numba_interop.py -> build/lib.macosx-11.2-arm64-3.8/pyarrow/tests\r\n copying pyarrow/tests/test_cffi.py -> build/lib.macosx-11.2-arm64-3.8/pyarrow/tests\r\n copying pyarrow/tests/test_schema.py -> build/lib.macosx-11.2-arm64-3.8/pyarrow/tests\r\n copying pyarrow/tests/test_jvm.py -> build/lib.macosx-11.2-arm64-3.8/pyarrow/tests\r\n copying pyarrow/tests/test_plasma_tf_op.py -> build/lib.macosx-11.2-arm64-3.8/pyarrow/tests\r\n copying pyarrow/tests/test_fs.py -> build/lib.macosx-11.2-arm64-3.8/pyarrow/tests\r\n copying pyarrow/tests/test_filesystem.py -> build/lib.macosx-11.2-arm64-3.8/pyarrow/tests\r\n copying pyarrow/tests/pandas_threaded_import.py -> build/lib.macosx-11.2-arm64-3.8/pyarrow/tests\r\n copying pyarrow/tests/pandas_examples.py -> build/lib.macosx-11.2-arm64-3.8/pyarrow/tests\r\n copying pyarrow/tests/test_cython.py -> build/lib.macosx-11.2-arm64-3.8/pyarrow/tests\r\n copying pyarrow/tests/test_sparse_tensor.py -> build/lib.macosx-11.2-arm64-3.8/pyarrow/tests\r\n copying pyarrow/tests/test_dataset.py -> build/lib.macosx-11.2-arm64-3.8/pyarrow/tests\r\n copying pyarrow/tests/test_builder.py -> build/lib.macosx-11.2-arm64-3.8/pyarrow/tests\r\n copying pyarrow/tests/test_cuda.py -> build/lib.macosx-11.2-arm64-3.8/pyarrow/tests\r\n copying pyarrow/tests/test_extension_type.py -> build/lib.macosx-11.2-arm64-3.8/pyarrow/tests\r\n copying pyarrow/tests/test_feather.py -> build/lib.macosx-11.2-arm64-3.8/pyarrow/tests\r\n copying pyarrow/tests/test_pandas.py -> build/lib.macosx-11.2-arm64-3.8/pyarrow/tests\r\n copying pyarrow/tests/test_memory.py -> build/lib.macosx-11.2-arm64-3.8/pyarrow/tests\r\n copying pyarrow/tests/test_flight.py -> build/lib.macosx-11.2-arm64-3.8/pyarrow/tests\r\n copying pyarrow/tests/test_json.py -> build/lib.macosx-11.2-arm64-3.8/pyarrow/tests\r\n copying pyarrow/tests/test_serialization.py -> build/lib.macosx-11.2-arm64-3.8/pyarrow/tests\r\n copying pyarrow/tests/test_compute.py -> build/lib.macosx-11.2-arm64-3.8/pyarrow/tests\r\n copying pyarrow/tests/test_hdfs.py -> build/lib.macosx-11.2-arm64-3.8/pyarrow/tests\r\n copying pyarrow/tests/deserialize_buffer.py -> build/lib.macosx-11.2-arm64-3.8/pyarrow/tests\r\n copying pyarrow/tests/test_strategies.py -> build/lib.macosx-11.2-arm64-3.8/pyarrow/tests\r\n copying pyarrow/tests/test_csv.py -> build/lib.macosx-11.2-arm64-3.8/pyarrow/tests\r\n copying pyarrow/tests/test_plasma.py -> build/lib.macosx-11.2-arm64-3.8/pyarrow/tests\r\n copying pyarrow/tests/test_scalars.py -> build/lib.macosx-11.2-arm64-3.8/pyarrow/tests\r\n copying pyarrow/tests/test_types.py -> build/lib.macosx-11.2-arm64-3.8/pyarrow/tests\r\n running egg_info\r\n writing pyarrow.egg-info/PKG-INFO\r\n writing dependency_links to pyarrow.egg-info/dependency_links.txt\r\n writing entry points to pyarrow.egg-info/entry_points.txt\r\n writing requirements to pyarrow.egg-info/requires.txt\r\n writing top-level names to pyarrow.egg-info/top_level.txt\r\n warning: Failed to find the configured license file '../LICENSE.txt'\r\n reading manifest file 'pyarrow.egg-info/SOURCES.txt'\r\n reading manifest template 'MANIFEST.in'\r\n warning: no files found matching '../LICENSE.txt'\r\n warning: no files found matching '../NOTICE.txt'\r\n warning: no previously-included files matching '*.so' found anywhere in distribution\r\n warning: no previously-included files matching '*.pyc' found anywhere in distribution\r\n warning: no previously-included files matching '*~' found anywhere in distribution\r\n warning: no previously-included files matching '#*' found anywhere in distribution\r\n warning: no previously-included files matching '.git*' found anywhere in distribution\r\n warning: no previously-included files matching '.DS_Store' found anywhere in distribution\r\n no previously-included directories found matching '.asv'\r\n writing manifest file 'pyarrow.egg-info/SOURCES.txt'\r\n copying pyarrow/__init__.pxd -> build/lib.macosx-11.2-arm64-3.8/pyarrow\r\n copying pyarrow/_compute.pxd -> build/lib.macosx-11.2-arm64-3.8/pyarrow\r\n copying pyarrow/_compute.pyx -> build/lib.macosx-11.2-arm64-3.8/pyarrow\r\n copying pyarrow/_csv.pxd -> build/lib.macosx-11.2-arm64-3.8/pyarrow\r\n copying pyarrow/_csv.pyx -> build/lib.macosx-11.2-arm64-3.8/pyarrow\r\n copying pyarrow/_cuda.pxd -> build/lib.macosx-11.2-arm64-3.8/pyarrow\r\n copying pyarrow/_cuda.pyx -> build/lib.macosx-11.2-arm64-3.8/pyarrow\r\n copying pyarrow/_dataset.pyx -> build/lib.macosx-11.2-arm64-3.8/pyarrow\r\n copying pyarrow/_flight.pyx -> build/lib.macosx-11.2-arm64-3.8/pyarrow\r\n copying pyarrow/_fs.pxd -> build/lib.macosx-11.2-arm64-3.8/pyarrow\r\n copying pyarrow/_fs.pyx -> build/lib.macosx-11.2-arm64-3.8/pyarrow\r\n copying pyarrow/_hdfs.pyx -> build/lib.macosx-11.2-arm64-3.8/pyarrow\r\n copying pyarrow/_json.pyx -> build/lib.macosx-11.2-arm64-3.8/pyarrow\r\n copying pyarrow/_orc.pxd -> build/lib.macosx-11.2-arm64-3.8/pyarrow\r\n copying pyarrow/_orc.pyx -> build/lib.macosx-11.2-arm64-3.8/pyarrow\r\n copying pyarrow/_parquet.pxd -> build/lib.macosx-11.2-arm64-3.8/pyarrow\r\n copying pyarrow/_parquet.pyx -> build/lib.macosx-11.2-arm64-3.8/pyarrow\r\n copying pyarrow/_plasma.pyx -> build/lib.macosx-11.2-arm64-3.8/pyarrow\r\n copying pyarrow/_s3fs.pyx -> build/lib.macosx-11.2-arm64-3.8/pyarrow\r\n copying pyarrow/array.pxi -> build/lib.macosx-11.2-arm64-3.8/pyarrow\r\n copying pyarrow/benchmark.pxi -> build/lib.macosx-11.2-arm64-3.8/pyarrow\r\n copying pyarrow/builder.pxi -> build/lib.macosx-11.2-arm64-3.8/pyarrow\r\n copying pyarrow/compat.pxi -> build/lib.macosx-11.2-arm64-3.8/pyarrow\r\n copying pyarrow/config.pxi -> build/lib.macosx-11.2-arm64-3.8/pyarrow\r\n copying pyarrow/error.pxi -> build/lib.macosx-11.2-arm64-3.8/pyarrow\r\n copying pyarrow/feather.pxi -> build/lib.macosx-11.2-arm64-3.8/pyarrow\r\n copying pyarrow/gandiva.pyx -> build/lib.macosx-11.2-arm64-3.8/pyarrow\r\n copying pyarrow/io-hdfs.pxi -> build/lib.macosx-11.2-arm64-3.8/pyarrow\r\n copying pyarrow/io.pxi -> build/lib.macosx-11.2-arm64-3.8/pyarrow\r\n copying pyarrow/ipc.pxi -> build/lib.macosx-11.2-arm64-3.8/pyarrow\r\n copying pyarrow/lib.pxd -> build/lib.macosx-11.2-arm64-3.8/pyarrow\r\n copying pyarrow/lib.pyx -> build/lib.macosx-11.2-arm64-3.8/pyarrow\r\n copying pyarrow/memory.pxi -> build/lib.macosx-11.2-arm64-3.8/pyarrow\r\n copying pyarrow/pandas-shim.pxi -> build/lib.macosx-11.2-arm64-3.8/pyarrow\r\n copying pyarrow/public-api.pxi -> build/lib.macosx-11.2-arm64-3.8/pyarrow\r\n copying pyarrow/scalar.pxi -> build/lib.macosx-11.2-arm64-3.8/pyarrow\r\n copying pyarrow/serialization.pxi -> build/lib.macosx-11.2-arm64-3.8/pyarrow\r\n copying pyarrow/table.pxi -> build/lib.macosx-11.2-arm64-3.8/pyarrow\r\n copying pyarrow/tensor.pxi -> build/lib.macosx-11.2-arm64-3.8/pyarrow\r\n copying pyarrow/types.pxi -> build/lib.macosx-11.2-arm64-3.8/pyarrow\r\n creating build/lib.macosx-11.2-arm64-3.8/pyarrow/includes\r\n copying pyarrow/includes/__init__.pxd -> build/lib.macosx-11.2-arm64-3.8/pyarrow/includes\r\n copying pyarrow/includes/common.pxd -> build/lib.macosx-11.2-arm64-3.8/pyarrow/includes\r\n copying pyarrow/includes/libarrow.pxd -> build/lib.macosx-11.2-arm64-3.8/pyarrow/includes\r\n copying pyarrow/includes/libarrow_cuda.pxd -> build/lib.macosx-11.2-arm64-3.8/pyarrow/includes\r\n copying pyarrow/includes/libarrow_dataset.pxd -> build/lib.macosx-11.2-arm64-3.8/pyarrow/includes\r\n copying pyarrow/includes/libarrow_flight.pxd -> build/lib.macosx-11.2-arm64-3.8/pyarrow/includes\r\n copying pyarrow/includes/libarrow_fs.pxd -> build/lib.macosx-11.2-arm64-3.8/pyarrow/includes\r\n copying pyarrow/includes/libgandiva.pxd -> build/lib.macosx-11.2-arm64-3.8/pyarrow/includes\r\n copying pyarrow/includes/libplasma.pxd -> build/lib.macosx-11.2-arm64-3.8/pyarrow/includes\r\n creating build/lib.macosx-11.2-arm64-3.8/pyarrow/tensorflow\r\n copying pyarrow/tensorflow/plasma_op.cc -> build/lib.macosx-11.2-arm64-3.8/pyarrow/tensorflow\r\n copying pyarrow/tests/pyarrow_cython_example.pyx -> build/lib.macosx-11.2-arm64-3.8/pyarrow/tests\r\n creating build/lib.macosx-11.2-arm64-3.8/pyarrow/tests/data\r\n creating build/lib.macosx-11.2-arm64-3.8/pyarrow/tests/data/feather\r\n copying pyarrow/tests/data/feather/v0.17.0.version=2-compression=lz4.feather -> build/lib.macosx-11.2-arm64-3.8/pyarrow/tests/data/feather\r\n creating build/lib.macosx-11.2-arm64-3.8/pyarrow/tests/data/orc\r\n copying pyarrow/tests/data/orc/README.md -> build/lib.macosx-11.2-arm64-3.8/pyarrow/tests/data/orc\r\n copying pyarrow/tests/data/orc/TestOrcFile.emptyFile.jsn.gz -> build/lib.macosx-11.2-arm64-3.8/pyarrow/tests/data/orc\r\n copying pyarrow/tests/data/orc/TestOrcFile.emptyFile.orc -> build/lib.macosx-11.2-arm64-3.8/pyarrow/tests/data/orc\r\n copying pyarrow/tests/data/orc/TestOrcFile.test1.jsn.gz -> build/lib.macosx-11.2-arm64-3.8/pyarrow/tests/data/orc\r\n copying pyarrow/tests/data/orc/TestOrcFile.test1.orc -> build/lib.macosx-11.2-arm64-3.8/pyarrow/tests/data/orc\r\n copying pyarrow/tests/data/orc/TestOrcFile.testDate1900.jsn.gz -> build/lib.macosx-11.2-arm64-3.8/pyarrow/tests/data/orc\r\n copying pyarrow/tests/data/orc/TestOrcFile.testDate1900.orc -> build/lib.macosx-11.2-arm64-3.8/pyarrow/tests/data/orc\r\n copying pyarrow/tests/data/orc/decimal.jsn.gz -> build/lib.macosx-11.2-arm64-3.8/pyarrow/tests/data/orc\r\n copying pyarrow/tests/data/orc/decimal.orc -> build/lib.macosx-11.2-arm64-3.8/pyarrow/tests/data/orc\r\n creating build/lib.macosx-11.2-arm64-3.8/pyarrow/tests/data/parquet\r\n copying pyarrow/tests/data/parquet/v0.7.1.all-named-index.parquet -> build/lib.macosx-11.2-arm64-3.8/pyarrow/tests/data/parquet\r\n copying pyarrow/tests/data/parquet/v0.7.1.column-metadata-handling.parquet -> build/lib.macosx-11.2-arm64-3.8/pyarrow/tests/data/parquet\r\n copying pyarrow/tests/data/parquet/v0.7.1.parquet -> build/lib.macosx-11.2-arm64-3.8/pyarrow/tests/data/parquet\r\n copying pyarrow/tests/data/parquet/v0.7.1.some-named-index.parquet -> build/lib.macosx-11.2-arm64-3.8/pyarrow/tests/data/parquet\r\n creating build/lib.macosx-11.2-arm64-3.8/pyarrow/tests/parquet\r\n copying pyarrow/tests/parquet/common.py -> build/lib.macosx-11.2-arm64-3.8/pyarrow/tests/parquet\r\n copying pyarrow/tests/parquet/conftest.py -> build/lib.macosx-11.2-arm64-3.8/pyarrow/tests/parquet\r\n copying pyarrow/tests/parquet/test_basic.py -> build/lib.macosx-11.2-arm64-3.8/pyarrow/tests/parquet\r\n copying pyarrow/tests/parquet/test_data_types.py -> build/lib.macosx-11.2-arm64-3.8/pyarrow/tests/parquet\r\n copying pyarrow/tests/parquet/test_dataset.py -> build/lib.macosx-11.2-arm64-3.8/pyarrow/tests/parquet\r\n copying pyarrow/tests/parquet/test_datetime.py -> build/lib.macosx-11.2-arm64-3.8/pyarrow/tests/parquet\r\n copying pyarrow/tests/parquet/test_metadata.py -> build/lib.macosx-11.2-arm64-3.8/pyarrow/tests/parquet\r\n copying pyarrow/tests/parquet/test_pandas.py -> build/lib.macosx-11.2-arm64-3.8/pyarrow/tests/parquet\r\n copying pyarrow/tests/parquet/test_parquet_file.py -> build/lib.macosx-11.2-arm64-3.8/pyarrow/tests/parquet\r\n copying pyarrow/tests/parquet/test_parquet_writer.py -> build/lib.macosx-11.2-arm64-3.8/pyarrow/tests/parquet\r\n running build_ext\r\n creating /private/var/folders/v2/lfkghkc147j06_jd13v1f0yr0000gn/T/pip-install-ri2w315u/pyarrow_8d01252c437341798da24cfec11f603e/build/temp.macosx-11.2-arm64-3.8\r\n -- Running cmake for pyarrow\r\n cmake -DPYTHON_EXECUTABLE=/Users/bastienboutonnet/Library/Caches/pypoetry/virtualenvs/dbt-sugar-lJO0x__U-py3.8/bin/python -DPython3_EXECUTABLE=/Users/bastienboutonnet/Library/Caches/pypoetry/virtualenvs/dbt-sugar-lJO0x__U-py3.8/bin/python -DPYARROW_BUILD_CUDA=off -DPYARROW_BUILD_FLIGHT=off -DPYARROW_BUILD_GANDIVA=off -DPYARROW_BUILD_DATASET=off -DPYARROW_BUILD_ORC=off -DPYARROW_BUILD_PARQUET=off -DPYARROW_BUILD_PLASMA=off -DPYARROW_BUILD_S3=off -DPYARROW_BUILD_HDFS=off -DPYARROW_USE_TENSORFLOW=off -DPYARROW_BUNDLE_ARROW_CPP=off -DPYARROW_BUNDLE_BOOST=off -DPYARROW_GENERATE_COVERAGE=off -DPYARROW_BOOST_USE_SHARED=on -DPYARROW_PARQUET_USE_SHARED=on -DCMAKE_BUILD_TYPE=release /private/var/folders/v2/lfkghkc147j06_jd13v1f0yr0000gn/T/pip-install-ri2w315u/pyarrow_8d01252c437341798da24cfec11f603e\r\n -- The C compiler identification is AppleClang 12.0.0.12000032\r\n -- The CXX compiler identification is AppleClang 12.0.0.12000032\r\n -- Detecting C compiler ABI info\r\n -- Detecting C compiler ABI info - done\r\n -- Check for working C compiler: /Library/Developer/CommandLineTools/usr/bin/cc - skipped\r\n -- Detecting C compile features\r\n -- Detecting C compile features - done\r\n -- Detecting CXX compiler ABI info\r\n -- Detecting CXX compiler ABI info - done\r\n -- Check for working CXX compiler: /Library/Developer/CommandLineTools/usr/bin/c++ - skipped\r\n -- Detecting CXX compile features\r\n -- Detecting CXX compile features - done\r\n -- System processor: x86_64\r\n -- Performing Test CXX_SUPPORTS_SSE4_2\r\n -- Performing Test CXX_SUPPORTS_SSE4_2 - Success\r\n -- Performing Test CXX_SUPPORTS_AVX2\r\n -- Performing Test CXX_SUPPORTS_AVX2 - Success\r\n -- Performing Test CXX_SUPPORTS_AVX512\r\n -- Performing Test CXX_SUPPORTS_AVX512 - Success\r\n -- Arrow build warning level: PRODUCTION\r\n Configured for RELEASE build (set with cmake -DCMAKE_BUILD_TYPE=\\{release,debug,...})\r\n -- Build Type: RELEASE\r\n -- Generator: Unix Makefiles\r\n -- Build output directory: /private/var/folders/v2/lfkghkc147j06_jd13v1f0yr0000gn/T/pip-install-ri2w315u/pyarrow_8d01252c437341798da24cfec11f603e/build/temp.macosx-11.2-arm64-3.8/release\r\n -- Found Python3: /Users/bastienboutonnet/Library/Caches/pypoetry/virtualenvs/dbt-sugar-lJO0x__U-py3.8/bin/python (found version \"3.8.7\") found components: Interpreter Development.Module NumPy\r\n -- Found Python3Alt: /Users/bastienboutonnet/Library/Caches/pypoetry/virtualenvs/dbt-sugar-lJO0x__U-py3.8/bin/python\r\n CMake Warning (dev) at /opt/homebrew/Cellar/cmake/3.20.0/share/cmake/Modules/FindPackageHandleStandardArgs.cmake:438 (message):\r\n The package name passed to `find_package_handle_standard_args` (PkgConfig)\r\n does not match the name of the calling package (Arrow). This can lead to\r\n problems in calling code that expects `find_package` result variables\r\n (e.g., `_FOUND`) to follow a certain pattern.\r\n Call Stack (most recent call first):\r\n /opt/homebrew/Cellar/cmake/3.20.0/share/cmake/Modules/FindPkgConfig.cmake:70 (find_package_handle_standard_args)\r\n cmake_modules/FindArrow.cmake:39 (include)\r\n cmake_modules/FindArrowPython.cmake:46 (find_package)\r\n CMakeLists.txt:214 (find_package)\r\n This warning is for project developers. Use -Wno-dev to suppress it.\r\n\r\n-- Found PkgConfig: /opt/homebrew/bin/pkg-config (found version \"0.29.2\")\r\n -- Could NOT find Arrow (missing: Arrow_DIR)\r\n -- Checking for module 'arrow'\r\n -- No package 'arrow' found\r\n CMake Error at /opt/homebrew/Cellar/cmake/3.20.0/share/cmake/Modules/FindPackageHandleStandardArgs.cmake:230 (message):\r\n Could NOT find Arrow (missing: ARROW_INCLUDE_DIR ARROW_LIB_DIR\r\n ARROW_FULL_SO_VERSION ARROW_SO_VERSION)\r\n Call Stack (most recent call first):\r\n /opt/homebrew/Cellar/cmake/3.20.0/share/cmake/Modules/FindPackageHandleStandardArgs.cmake:594 (_FPHSA_FAILURE_MESSAGE)\r\n cmake_modules/FindArrow.cmake:419 (find_package_handle_standard_args)\r\n cmake_modules/FindArrowPython.cmake:46 (find_package)\r\n CMakeLists.txt:214 (find_package)\r\n\r\n\r\n -- Configuring incomplete, errors occurred!\r\n See also \"/private/var/folders/v2/lfkghkc147j06_jd13v1f0yr0000gn/T/pip-install-ri2w315u/pyarrow_8d01252c437341798da24cfec11f603e/build/temp.macosx-11.2-arm64-3.8/CMakeFiles/CMakeOutput.log\".\r\n See also \"/private/var/folders/v2/lfkghkc147j06_jd13v1f0yr0000gn/T/pip-install-ri2w315u/pyarrow_8d01252c437341798da24cfec11f603e/build/temp.macosx-11.2-arm64-3.8/CMakeFiles/CMakeError.log\".\r\n error: command 'cmake' failed with exit status 1\r\n ----------------------------------------\r\nERROR: Command errored out with exit status 1: /Users/bastienboutonnet/Library/Caches/pypoetry/virtualenvs/dbt-sugar-lJO0x__U-py3.8/bin/python -u -c 'import sys, setuptools, tokenize; sys.argv[0] = '\"'\"'/private/var/folders/v2/lfkghkc147j06_jd13v1f0yr0000gn/T/pip-install-ri2w315u/pyarrow_8d01252c437341798da24cfec11f603e/setup.py'\"'\"'; __file__='\"'\"'/private/var/folders/v2/lfkghkc147j06_jd13v1f0yr0000gn/T/pip-install-ri2w315u/pyarrow_8d01252c437341798da24cfec11f603e/setup.py'\"'\"';f=getattr(tokenize, '\"'\"'open'\"'\"', open)(__file__);code=f.read().replace('\"'\"'\\r\\n'\"'\"', '\"'\"'\\n'\"'\"');f.close();exec(compile(code, __file__, '\"'\"'exec'\"'\"'))' install --record /private/var/folders/v2/lfkghkc147j06_jd13v1f0yr0000gn/T/pip-record-3v1lx8h6/install-record.txt --single-version-externally-managed --compile --install-headers /Users/bastienboutonnet/Library/Caches/pypoetry/virtualenvs/dbt-sugar-lJO0x__U-py3.8/include/site/python3.8/pyarrow Check the logs for full command output.\r\n(dbt-sugar-lJO0x__U-py3.8) \u279c dbt-sugar git:(main) \u2717 pip install pyarrow\r\nCollecting pyarrow\r\n Using cached pyarrow-3.0.0.tar.gz (682 kB)\r\n Installing build dependencies ... done\r\n Getting requirements to build wheel ... done\r\n Preparing wheel metadata ... done\r\nRequirement already satisfied: numpy>=1.16.6 in /Users/bastienboutonnet/Library/Caches/pypoetry/virtualenvs/dbt-sugar-lJO0x__U-py3.8/lib/python3.8/site-packages (from pyarrow) (1.20.2)\r\nBuilding wheels for collected packages: pyarrow\r\n Building wheel for pyarrow (PEP 517) ... error\r\n ERROR: Command errored out with exit status 1:\r\n command: /Users/bastienboutonnet/Library/Caches/pypoetry/virtualenvs/dbt-sugar-lJO0x__U-py3.8/bin/python /Users/bastienboutonnet/Library/Caches/pypoetry/virtualenvs/dbt-sugar-lJO0x__U-py3.8/lib/python3.8/site-packages/pip/_vendor/pep517/_in_process.py build_wheel /var/folders/v2/lfkghkc147j06_jd13v1f0yr0000gn/T/tmpxo27vpzk\r\n cwd: /private/var/folders/v2/lfkghkc147j06_jd13v1f0yr0000gn/T/pip-install-plkkl5f5/pyarrow_b2ed3ad78f6c4bbf987e34238d2e63c4\r\n Complete output (221 lines):\r\n running bdist_wheel\r\n running build\r\n running build_py\r\n creating build\r\n creating build/lib.macosx-11.2-arm64-3.8\r\n creating build/lib.macosx-11.2-arm64-3.8/pyarrow\r\n copying pyarrow/orc.py -> build/lib.macosx-11.2-arm64-3.8/pyarrow\r\n copying pyarrow/_generated_version.py -> build/lib.macosx-11.2-arm64-3.8/pyarrow\r\n copying pyarrow/compat.py -> build/lib.macosx-11.2-arm64-3.8/pyarrow\r\n copying pyarrow/benchmark.py -> build/lib.macosx-11.2-arm64-3.8/pyarrow\r\n copying pyarrow/parquet.py -> build/lib.macosx-11.2-arm64-3.8/pyarrow\r\n copying pyarrow/ipc.py -> build/lib.macosx-11.2-arm64-3.8/pyarrow\r\n copying pyarrow/util.py -> build/lib.macosx-11.2-arm64-3.8/pyarrow\r\n copying pyarrow/flight.py -> build/lib.macosx-11.2-arm64-3.8/pyarrow\r\n copying pyarrow/cffi.py -> build/lib.macosx-11.2-arm64-3.8/pyarrow\r\n copying pyarrow/filesystem.py -> build/lib.macosx-11.2-arm64-3.8/pyarrow\r\n copying pyarrow/__init__.py -> build/lib.macosx-11.2-arm64-3.8/pyarrow\r\n copying pyarrow/plasma.py -> build/lib.macosx-11.2-arm64-3.8/pyarrow\r\n copying pyarrow/types.py -> build/lib.macosx-11.2-arm64-3.8/pyarrow\r\n copying pyarrow/dataset.py -> build/lib.macosx-11.2-arm64-3.8/pyarrow\r\n copying pyarrow/cuda.py -> build/lib.macosx-11.2-arm64-3.8/pyarrow\r\n copying pyarrow/feather.py -> build/lib.macosx-11.2-arm64-3.8/pyarrow\r\n copying pyarrow/pandas_compat.py -> build/lib.macosx-11.2-arm64-3.8/pyarrow\r\n copying pyarrow/fs.py -> build/lib.macosx-11.2-arm64-3.8/pyarrow\r\n copying pyarrow/csv.py -> build/lib.macosx-11.2-arm64-3.8/pyarrow\r\n copying pyarrow/jvm.py -> build/lib.macosx-11.2-arm64-3.8/pyarrow\r\n copying pyarrow/hdfs.py -> build/lib.macosx-11.2-arm64-3.8/pyarrow\r\n copying pyarrow/json.py -> build/lib.macosx-11.2-arm64-3.8/pyarrow\r\n copying pyarrow/serialization.py -> build/lib.macosx-11.2-arm64-3.8/pyarrow\r\n copying pyarrow/compute.py -> build/lib.macosx-11.2-arm64-3.8/pyarrow\r\n creating build/lib.macosx-11.2-arm64-3.8/pyarrow/tests\r\n copying pyarrow/tests/test_tensor.py -> build/lib.macosx-11.2-arm64-3.8/pyarrow/tests\r\n copying pyarrow/tests/test_ipc.py -> build/lib.macosx-11.2-arm64-3.8/pyarrow/tests\r\n copying pyarrow/tests/conftest.py -> build/lib.macosx-11.2-arm64-3.8/pyarrow/tests\r\n copying pyarrow/tests/test_convert_builtin.py -> build/lib.macosx-11.2-arm64-3.8/pyarrow/tests\r\n copying pyarrow/tests/test_misc.py -> build/lib.macosx-11.2-arm64-3.8/pyarrow/tests\r\n copying pyarrow/tests/test_gandiva.py -> build/lib.macosx-11.2-arm64-3.8/pyarrow/tests\r\n copying pyarrow/tests/strategies.py -> build/lib.macosx-11.2-arm64-3.8/pyarrow/tests\r\n copying pyarrow/tests/test_adhoc_memory_leak.py -> build/lib.macosx-11.2-arm64-3.8/pyarrow/tests\r\n copying pyarrow/tests/arrow_7980.py -> build/lib.macosx-11.2-arm64-3.8/pyarrow/tests\r\n copying pyarrow/tests/util.py -> build/lib.macosx-11.2-arm64-3.8/pyarrow/tests\r\n copying pyarrow/tests/test_orc.py -> build/lib.macosx-11.2-arm64-3.8/pyarrow/tests\r\n copying pyarrow/tests/test_table.py -> build/lib.macosx-11.2-arm64-3.8/pyarrow/tests\r\n copying pyarrow/tests/test_array.py -> build/lib.macosx-11.2-arm64-3.8/pyarrow/tests\r\n copying pyarrow/tests/test_deprecations.py -> build/lib.macosx-11.2-arm64-3.8/pyarrow/tests\r\n copying pyarrow/tests/test_serialization_deprecated.py -> build/lib.macosx-11.2-arm64-3.8/pyarrow/tests\r\n copying pyarrow/tests/__init__.py -> build/lib.macosx-11.2-arm64-3.8/pyarrow/tests\r\n copying pyarrow/tests/test_io.py -> build/lib.macosx-11.2-arm64-3.8/pyarrow/tests\r\n copying pyarrow/tests/test_cuda_numba_interop.py -> build/lib.macosx-11.2-arm64-3.8/pyarrow/tests\r\n copying pyarrow/tests/test_cffi.py -> build/lib.macosx-11.2-arm64-3.8/pyarrow/tests\r\n copying pyarrow/tests/test_schema.py -> build/lib.macosx-11.2-arm64-3.8/pyarrow/tests\r\n copying pyarrow/tests/test_jvm.py -> build/lib.macosx-11.2-arm64-3.8/pyarrow/tests\r\n copying pyarrow/tests/test_plasma_tf_op.py -> build/lib.macosx-11.2-arm64-3.8/pyarrow/tests\r\n copying pyarrow/tests/test_fs.py -> build/lib.macosx-11.2-arm64-3.8/pyarrow/tests\r\n copying pyarrow/tests/test_filesystem.py -> build/lib.macosx-11.2-arm64-3.8/pyarrow/tests\r\n copying pyarrow/tests/pandas_threaded_import.py -> build/lib.macosx-11.2-arm64-3.8/pyarrow/tests\r\n copying pyarrow/tests/pandas_examples.py -> build/lib.macosx-11.2-arm64-3.8/pyarrow/tests\r\n copying pyarrow/tests/test_cython.py -> build/lib.macosx-11.2-arm64-3.8/pyarrow/tests\r\n copying pyarrow/tests/test_sparse_tensor.py -> build/lib.macosx-11.2-arm64-3.8/pyarrow/tests\r\n copying pyarrow/tests/test_dataset.py -> build/lib.macosx-11.2-arm64-3.8/pyarrow/tests\r\n copying pyarrow/tests/test_builder.py -> build/lib.macosx-11.2-arm64-3.8/pyarrow/tests\r\n copying pyarrow/tests/test_cuda.py -> build/lib.macosx-11.2-arm64-3.8/pyarrow/tests\r\n copying pyarrow/tests/test_extension_type.py -> build/lib.macosx-11.2-arm64-3.8/pyarrow/tests\r\n copying pyarrow/tests/test_feather.py -> build/lib.macosx-11.2-arm64-3.8/pyarrow/tests\r\n copying pyarrow/tests/test_pandas.py -> build/lib.macosx-11.2-arm64-3.8/pyarrow/tests\r\n copying pyarrow/tests/test_memory.py -> build/lib.macosx-11.2-arm64-3.8/pyarrow/tests\r\n copying pyarrow/tests/test_flight.py -> build/lib.macosx-11.2-arm64-3.8/pyarrow/tests\r\n copying pyarrow/tests/test_json.py -> build/lib.macosx-11.2-arm64-3.8/pyarrow/tests\r\n copying pyarrow/tests/test_serialization.py -> build/lib.macosx-11.2-arm64-3.8/pyarrow/tests\r\n copying pyarrow/tests/test_compute.py -> build/lib.macosx-11.2-arm64-3.8/pyarrow/tests\r\n copying pyarrow/tests/test_hdfs.py -> build/lib.macosx-11.2-arm64-3.8/pyarrow/tests\r\n copying pyarrow/tests/deserialize_buffer.py -> build/lib.macosx-11.2-arm64-3.8/pyarrow/tests\r\n copying pyarrow/tests/test_strategies.py -> build/lib.macosx-11.2-arm64-3.8/pyarrow/tests\r\n copying pyarrow/tests/test_csv.py -> build/lib.macosx-11.2-arm64-3.8/pyarrow/tests\r\n copying pyarrow/tests/test_plasma.py -> build/lib.macosx-11.2-arm64-3.8/pyarrow/tests\r\n copying pyarrow/tests/test_scalars.py -> build/lib.macosx-11.2-arm64-3.8/pyarrow/tests\r\n copying pyarrow/tests/test_types.py -> build/lib.macosx-11.2-arm64-3.8/pyarrow/tests\r\n running egg_info\r\n writing pyarrow.egg-info/PKG-INFO\r\n writing dependency_links to pyarrow.egg-info/dependency_links.txt\r\n writing entry points to pyarrow.egg-info/entry_points.txt\r\n writing requirements to pyarrow.egg-info/requires.txt\r\n writing top-level names to pyarrow.egg-info/top_level.txt\r\n warning: Failed to find the configured license file '../LICENSE.txt'\r\n reading manifest file 'pyarrow.egg-info/SOURCES.txt'\r\n reading manifest template 'MANIFEST.in'\r\n warning: no files found matching '../LICENSE.txt'\r\n warning: no files found matching '../NOTICE.txt'\r\n warning: no previously-included files matching '*.so' found anywhere in distribution\r\n warning: no previously-included files matching '*.pyc' found anywhere in distribution\r\n warning: no previously-included files matching '*~' found anywhere in distribution\r\n warning: no previously-included files matching '#*' found anywhere in distribution\r\n warning: no previously-included files matching '.git*' found anywhere in distribution\r\n warning: no previously-included files matching '.DS_Store' found anywhere in distribution\r\n no previously-included directories found matching '.asv'\r\n writing manifest file 'pyarrow.egg-info/SOURCES.txt'\r\n copying pyarrow/__init__.pxd -> build/lib.macosx-11.2-arm64-3.8/pyarrow\r\n copying pyarrow/_compute.pxd -> build/lib.macosx-11.2-arm64-3.8/pyarrow\r\n copying pyarrow/_compute.pyx -> build/lib.macosx-11.2-arm64-3.8/pyarrow\r\n copying pyarrow/_csv.pxd -> build/lib.macosx-11.2-arm64-3.8/pyarrow\r\n copying pyarrow/_csv.pyx -> build/lib.macosx-11.2-arm64-3.8/pyarrow\r\n copying pyarrow/_cuda.pxd -> build/lib.macosx-11.2-arm64-3.8/pyarrow\r\n copying pyarrow/_cuda.pyx -> build/lib.macosx-11.2-arm64-3.8/pyarrow\r\n copying pyarrow/_dataset.pyx -> build/lib.macosx-11.2-arm64-3.8/pyarrow\r\n copying pyarrow/_flight.pyx -> build/lib.macosx-11.2-arm64-3.8/pyarrow\r\n copying pyarrow/_fs.pxd -> build/lib.macosx-11.2-arm64-3.8/pyarrow\r\n copying pyarrow/_fs.pyx -> build/lib.macosx-11.2-arm64-3.8/pyarrow\r\n copying pyarrow/_hdfs.pyx -> build/lib.macosx-11.2-arm64-3.8/pyarrow\r\n copying pyarrow/_json.pyx -> build/lib.macosx-11.2-arm64-3.8/pyarrow\r\n copying pyarrow/_orc.pxd -> build/lib.macosx-11.2-arm64-3.8/pyarrow\r\n copying pyarrow/_orc.pyx -> build/lib.macosx-11.2-arm64-3.8/pyarrow\r\n copying pyarrow/_parquet.pxd -> build/lib.macosx-11.2-arm64-3.8/pyarrow\r\n copying pyarrow/_parquet.pyx -> build/lib.macosx-11.2-arm64-3.8/pyarrow\r\n copying pyarrow/_plasma.pyx -> build/lib.macosx-11.2-arm64-3.8/pyarrow\r\n copying pyarrow/_s3fs.pyx -> build/lib.macosx-11.2-arm64-3.8/pyarrow\r\n copying pyarrow/array.pxi -> build/lib.macosx-11.2-arm64-3.8/pyarrow\r\n copying pyarrow/benchmark.pxi -> build/lib.macosx-11.2-arm64-3.8/pyarrow\r\n copying pyarrow/builder.pxi -> build/lib.macosx-11.2-arm64-3.8/pyarrow\r\n copying pyarrow/compat.pxi -> build/lib.macosx-11.2-arm64-3.8/pyarrow\r\n copying pyarrow/config.pxi -> build/lib.macosx-11.2-arm64-3.8/pyarrow\r\n copying pyarrow/error.pxi -> build/lib.macosx-11.2-arm64-3.8/pyarrow\r\n copying pyarrow/feather.pxi -> build/lib.macosx-11.2-arm64-3.8/pyarrow\r\n copying pyarrow/gandiva.pyx -> build/lib.macosx-11.2-arm64-3.8/pyarrow\r\n copying pyarrow/io-hdfs.pxi -> build/lib.macosx-11.2-arm64-3.8/pyarrow\r\n copying pyarrow/io.pxi -> build/lib.macosx-11.2-arm64-3.8/pyarrow\r\n copying pyarrow/ipc.pxi -> build/lib.macosx-11.2-arm64-3.8/pyarrow\r\n copying pyarrow/lib.pxd -> build/lib.macosx-11.2-arm64-3.8/pyarrow\r\n copying pyarrow/lib.pyx -> build/lib.macosx-11.2-arm64-3.8/pyarrow\r\n copying pyarrow/memory.pxi -> build/lib.macosx-11.2-arm64-3.8/pyarrow\r\n copying pyarrow/pandas-shim.pxi -> build/lib.macosx-11.2-arm64-3.8/pyarrow\r\n copying pyarrow/public-api.pxi -> build/lib.macosx-11.2-arm64-3.8/pyarrow\r\n copying pyarrow/scalar.pxi -> build/lib.macosx-11.2-arm64-3.8/pyarrow\r\n copying pyarrow/serialization.pxi -> build/lib.macosx-11.2-arm64-3.8/pyarrow\r\n copying pyarrow/table.pxi -> build/lib.macosx-11.2-arm64-3.8/pyarrow\r\n copying pyarrow/tensor.pxi -> build/lib.macosx-11.2-arm64-3.8/pyarrow\r\n copying pyarrow/types.pxi -> build/lib.macosx-11.2-arm64-3.8/pyarrow\r\n creating build/lib.macosx-11.2-arm64-3.8/pyarrow/includes\r\n copying pyarrow/includes/__init__.pxd -> build/lib.macosx-11.2-arm64-3.8/pyarrow/includes\r\n copying pyarrow/includes/common.pxd -> build/lib.macosx-11.2-arm64-3.8/pyarrow/includes\r\n copying pyarrow/includes/libarrow.pxd -> build/lib.macosx-11.2-arm64-3.8/pyarrow/includes\r\n copying pyarrow/includes/libarrow_cuda.pxd -> build/lib.macosx-11.2-arm64-3.8/pyarrow/includes\r\n copying pyarrow/includes/libarrow_dataset.pxd -> build/lib.macosx-11.2-arm64-3.8/pyarrow/includes\r\n copying pyarrow/includes/libarrow_flight.pxd -> build/lib.macosx-11.2-arm64-3.8/pyarrow/includes\r\n copying pyarrow/includes/libarrow_fs.pxd -> build/lib.macosx-11.2-arm64-3.8/pyarrow/includes\r\n copying pyarrow/includes/libgandiva.pxd -> build/lib.macosx-11.2-arm64-3.8/pyarrow/includes\r\n copying pyarrow/includes/libplasma.pxd -> build/lib.macosx-11.2-arm64-3.8/pyarrow/includes\r\n creating build/lib.macosx-11.2-arm64-3.8/pyarrow/tensorflow\r\n copying pyarrow/tensorflow/plasma_op.cc -> build/lib.macosx-11.2-arm64-3.8/pyarrow/tensorflow\r\n copying pyarrow/tests/pyarrow_cython_example.pyx -> build/lib.macosx-11.2-arm64-3.8/pyarrow/tests\r\n creating build/lib.macosx-11.2-arm64-3.8/pyarrow/tests/data\r\n creating build/lib.macosx-11.2-arm64-3.8/pyarrow/tests/data/feather\r\n copying pyarrow/tests/data/feather/v0.17.0.version=2-compression=lz4.feather -> build/lib.macosx-11.2-arm64-3.8/pyarrow/tests/data/feather\r\n creating build/lib.macosx-11.2-arm64-3.8/pyarrow/tests/data/orc\r\n copying pyarrow/tests/data/orc/README.md -> build/lib.macosx-11.2-arm64-3.8/pyarrow/tests/data/orc\r\n copying pyarrow/tests/data/orc/TestOrcFile.emptyFile.jsn.gz -> build/lib.macosx-11.2-arm64-3.8/pyarrow/tests/data/orc\r\n copying pyarrow/tests/data/orc/TestOrcFile.emptyFile.orc -> build/lib.macosx-11.2-arm64-3.8/pyarrow/tests/data/orc\r\n copying pyarrow/tests/data/orc/TestOrcFile.test1.jsn.gz -> build/lib.macosx-11.2-arm64-3.8/pyarrow/tests/data/orc\r\n copying pyarrow/tests/data/orc/TestOrcFile.test1.orc -> build/lib.macosx-11.2-arm64-3.8/pyarrow/tests/data/orc\r\n copying pyarrow/tests/data/orc/TestOrcFile.testDate1900.jsn.gz -> build/lib.macosx-11.2-arm64-3.8/pyarrow/tests/data/orc\r\n copying pyarrow/tests/data/orc/TestOrcFile.testDate1900.orc -> build/lib.macosx-11.2-arm64-3.8/pyarrow/tests/data/orc\r\n copying pyarrow/tests/data/orc/decimal.jsn.gz -> build/lib.macosx-11.2-arm64-3.8/pyarrow/tests/data/orc\r\n copying pyarrow/tests/data/orc/decimal.orc -> build/lib.macosx-11.2-arm64-3.8/pyarrow/tests/data/orc\r\n creating build/lib.macosx-11.2-arm64-3.8/pyarrow/tests/data/parquet\r\n copying pyarrow/tests/data/parquet/v0.7.1.all-named-index.parquet -> build/lib.macosx-11.2-arm64-3.8/pyarrow/tests/data/parquet\r\n copying pyarrow/tests/data/parquet/v0.7.1.column-metadata-handling.parquet -> build/lib.macosx-11.2-arm64-3.8/pyarrow/tests/data/parquet\r\n copying pyarrow/tests/data/parquet/v0.7.1.parquet -> build/lib.macosx-11.2-arm64-3.8/pyarrow/tests/data/parquet\r\n copying pyarrow/tests/data/parquet/v0.7.1.some-named-index.parquet -> build/lib.macosx-11.2-arm64-3.8/pyarrow/tests/data/parquet\r\n creating build/lib.macosx-11.2-arm64-3.8/pyarrow/tests/parquet\r\n copying pyarrow/tests/parquet/common.py -> build/lib.macosx-11.2-arm64-3.8/pyarrow/tests/parquet\r\n copying pyarrow/tests/parquet/conftest.py -> build/lib.macosx-11.2-arm64-3.8/pyarrow/tests/parquet\r\n copying pyarrow/tests/parquet/test_basic.py -> build/lib.macosx-11.2-arm64-3.8/pyarrow/tests/parquet\r\n copying pyarrow/tests/parquet/test_data_types.py -> build/lib.macosx-11.2-arm64-3.8/pyarrow/tests/parquet\r\n copying pyarrow/tests/parquet/test_dataset.py -> build/lib.macosx-11.2-arm64-3.8/pyarrow/tests/parquet\r\n copying pyarrow/tests/parquet/test_datetime.py -> build/lib.macosx-11.2-arm64-3.8/pyarrow/tests/parquet\r\n copying pyarrow/tests/parquet/test_metadata.py -> build/lib.macosx-11.2-arm64-3.8/pyarrow/tests/parquet\r\n copying pyarrow/tests/parquet/test_pandas.py -> build/lib.macosx-11.2-arm64-3.8/pyarrow/tests/parquet\r\n copying pyarrow/tests/parquet/test_parquet_file.py -> build/lib.macosx-11.2-arm64-3.8/pyarrow/tests/parquet\r\n copying pyarrow/tests/parquet/test_parquet_writer.py -> build/lib.macosx-11.2-arm64-3.8/pyarrow/tests/parquet\r\n running build_ext\r\n creating /private/var/folders/v2/lfkghkc147j06_jd13v1f0yr0000gn/T/pip-install-plkkl5f5/pyarrow_b2ed3ad78f6c4bbf987e34238d2e63c4/build/temp.macosx-11.2-arm64-3.8\r\n -- Running cmake for pyarrow\r\n cmake -DPYTHON_EXECUTABLE=/Users/bastienboutonnet/Library/Caches/pypoetry/virtualenvs/dbt-sugar-lJO0x__U-py3.8/bin/python -DPython3_EXECUTABLE=/Users/bastienboutonnet/Library/Caches/pypoetry/virtualenvs/dbt-sugar-lJO0x__U-py3.8/bin/python -DPYARROW_BUILD_CUDA=off -DPYARROW_BUILD_FLIGHT=off -DPYARROW_BUILD_GANDIVA=off -DPYARROW_BUILD_DATASET=off -DPYARROW_BUILD_ORC=off -DPYARROW_BUILD_PARQUET=off -DPYARROW_BUILD_PLASMA=off -DPYARROW_BUILD_S3=off -DPYARROW_BUILD_HDFS=off -DPYARROW_USE_TENSORFLOW=off -DPYARROW_BUNDLE_ARROW_CPP=off -DPYARROW_BUNDLE_BOOST=off -DPYARROW_GENERATE_COVERAGE=off -DPYARROW_BOOST_USE_SHARED=on -DPYARROW_PARQUET_USE_SHARED=on -DCMAKE_BUILD_TYPE=release /private/var/folders/v2/lfkghkc147j06_jd13v1f0yr0000gn/T/pip-install-plkkl5f5/pyarrow_b2ed3ad78f6c4bbf987e34238d2e63c4\r\n -- The C compiler identification is AppleClang 12.0.0.12000032\r\n -- The CXX compiler identification is AppleClang 12.0.0.12000032\r\n -- Detecting C compiler ABI info\r\n -- Detecting C compiler ABI info - done\r\n -- Check for working C compiler: /Library/Developer/CommandLineTools/usr/bin/cc - skipped\r\n -- Detecting C compile features\r\n -- Detecting C compile features - done\r\n -- Detecting CXX compiler ABI info\r\n -- Detecting CXX compiler ABI info - done\r\n -- Check for working CXX compiler: /Library/Developer/CommandLineTools/usr/bin/c++ - skipped\r\n -- Detecting CXX compile features\r\n -- Detecting CXX compile features - done\r\n -- System processor: x86_64\r\n -- Performing Test CXX_SUPPORTS_SSE4_2\r\n -- Performing Test CXX_SUPPORTS_SSE4_2 - Success\r\n -- Performing Test CXX_SUPPORTS_AVX2\r\n -- Performing Test CXX_SUPPORTS_AVX2 - Success\r\n -- Performing Test CXX_SUPPORTS_AVX512\r\n -- Performing Test CXX_SUPPORTS_AVX512 - Success\r\n -- Arrow build warning level: PRODUCTION\r\n Configured for RELEASE build (set with cmake -DCMAKE_BUILD_TYPE=\\{release,debug,...})\r\n -- Build Type: RELEASE\r\n -- Generator: Unix Makefiles\r\n -- Build output directory: /private/var/folders/v2/lfkghkc147j06_jd13v1f0yr0000gn/T/pip-install-plkkl5f5/pyarrow_b2ed3ad78f6c4bbf987e34238d2e63c4/build/temp.macosx-11.2-arm64-3.8/release\r\n CMake Error at /opt/homebrew/Cellar/cmake/3.20.0/share/cmake/Modules/FindPackageHandleStandardArgs.cmake:230 (message):\r\n Could NOT find Python3 (missing: Python3_NumPy_INCLUDE_DIRS NumPy) (found\r\n version \"3.8.7\")\r\n Call Stack (most recent call first):\r\n /opt/homebrew/Cellar/cmake/3.20.0/share/cmake/Modules/FindPackageHandleStandardArgs.cmake:594 (_FPHSA_FAILURE_MESSAGE)\r\n /opt/homebrew/Cellar/cmake/3.20.0/share/cmake/Modules/FindPython/Support.cmake:3165 (find_package_handle_standard_args)\r\n /opt/homebrew/Cellar/cmake/3.20.0/share/cmake/Modules/FindPython3.cmake:485 (include)\r\n cmake_modules/FindPython3Alt.cmake:55 (find_package)\r\n CMakeLists.txt:200 (find_package)\r\n\r\n\r\n -- Configuring incomplete, errors occurred!\r\n See also \"/private/var/folders/v2/lfkghkc147j06_jd13v1f0yr0000gn/T/pip-install-plkkl5f5/pyarrow_b2ed3ad78f6c4bbf987e34238d2e63c4/build/temp.macosx-11.2-arm64-3.8/CMakeFiles/CMakeOutput.log\".\r\n See also \"/private/var/folders/v2/lfkghkc147j06_jd13v1f0yr0000gn/T/pip-install-plkkl5f5/pyarrow_b2ed3ad78f6c4bbf987e34238d2e63c4/build/temp.macosx-11.2-arm64-3.8/CMakeFiles/CMakeError.log\".\r\n error: command 'cmake' failed with exit status 1\r\n ----------------------------------------\r\n ERROR: Failed building wheel for pyarrow\r\nFailed to build pyarrow\r\nERROR: Could not build wheels for pyarrow which use PEP 517 and cannot be installed directly\r\n\r\n```\r\n\r\n\u00a0\r\n\r\n\u00a0\r\n\r\nwhen doing `",
        "created_at": "2021-03-28T12:37:06.000Z",
        "updated_at": "2021-07-28T09:06:23.000Z",
        "labels": [
            "Migrated from Jira",
            "Component: Packaging",
            "Component: Python",
            "Type: bug"
        ],
        "closed": true,
        "closed_at": "2021-07-19T22:13:53.000Z"
    },
    "comments": [
        {
            "created_at": "2021-03-28T21:34:13.671Z",
            "body": "***Note**: [Comment](https://issues.apache.org/jira/browse/ARROW-12122?focusedCommentId=17310291) by Kouhei Sutou (kou):*\nWe'll provide wheel for arm64 macOS when we release a new version.\r\nWe'll release a new version next month.\r\nPlease wait for a while."
        },
        {
            "created_at": "2021-03-29T09:57:52.584Z",
            "body": "***Note**: [Comment](https://issues.apache.org/jira/browse/ARROW-12122?focusedCommentId=17310539) by Bastien Boutonnet (bastienboutonnet):*\nOh great to hear! I'll give it a while next month then :)\u00a0In the meantime I've installed it via conda and it seems to be ok."
        },
        {
            "created_at": "2021-03-29T20:16:02.423Z",
            "body": "***Note**: [Comment](https://issues.apache.org/jira/browse/ARROW-12122?focusedCommentId=17310961) by Kouhei Sutou (kou):*\nI close this."
        },
        {
            "created_at": "2021-03-29T20:27:49.208Z",
            "body": "***Note**: [Comment](https://issues.apache.org/jira/browse/ARROW-12122?focusedCommentId=17310965) by Kouhei Sutou (kou):*\nSorry. I misunderstood.\r\nWe've prepared arm64 wheel only for Linux. We didn't work on arm64 wheel for macOS.\r\n\r\nWe can work on it after we merge ARROW-12139. But we don't have CI environment for arm64 macOS..."
        },
        {
            "created_at": "2021-03-30T08:17:05.592Z",
            "body": "***Note**: [Comment](https://issues.apache.org/jira/browse/ARROW-12122?focusedCommentId=17311257) by Bastien Boutonnet (bastienboutonnet):*\n`[~kou]` \u00a0I see that's a shame. Could I help in any way?"
        },
        {
            "created_at": "2021-03-31T05:16:49.614Z",
            "body": "***Note**: [Comment](https://issues.apache.org/jira/browse/ARROW-12122?focusedCommentId=17312067) by Kouhei Sutou (kou):*\nThanks. Do you have knowledge to build arm64 wheel for macOS on GitHub Actions, Azure Pipelines, Drone Cloud and so on?"
        },
        {
            "created_at": "2021-03-31T07:04:45.966Z",
            "body": "***Note**: [Comment](https://issues.apache.org/jira/browse/ARROW-12122?focusedCommentId=17312129) by Uwe Korn (uwe):*\nhttps://github.com/matthew-brett/multibuild now support cross-compiling for Apple Silicon, we should be able to reuse the current macOS builds with a different target."
        },
        {
            "created_at": "2021-04-02T13:16:13.417Z",
            "body": "***Note**: [Comment](https://issues.apache.org/jira/browse/ARROW-12122?focusedCommentId=17313869) by Bastien Boutonnet (bastienboutonnet):*\nThat sounds like a good idea!"
        },
        {
            "created_at": "2021-04-13T02:27:45.434Z",
            "body": "***Note**: [Comment](https://issues.apache.org/jira/browse/ARROW-12122?focusedCommentId=17319823) by Kouhei Sutou (kou):*\nI tried it https://github.com/kou/arrow/tree/wheel-macos-arm64 but it doesn't work yet: https://github.com/kou/crossbow/runs/2318804043?check_suite_focus=true\r\n\r\nAnyone can continue this. I don't have enough time to work on this for now. (And I don't have enough spec macOS to work on this on local.)"
        },
        {
            "created_at": "2021-06-23T15:38:53.394Z",
            "body": "***Note**: [Comment](https://issues.apache.org/jira/browse/ARROW-12122?focusedCommentId=17368288) by Antoine Pitrou (apitrou):*\ncc `[~amol-]` . We will need to provide M1 wheels at some point."
        },
        {
            "created_at": "2021-07-02T15:54:56.267Z",
            "body": "***Note**: [Comment](https://issues.apache.org/jira/browse/ARROW-12122?focusedCommentId=17373624) by Krisztian Szucs (kszucs):*\nThanks `[~kou]`! I'll pick this up."
        },
        {
            "created_at": "2021-07-19T22:13:53.233Z",
            "body": "***Note**: [Comment](https://issues.apache.org/jira/browse/ARROW-12122?focusedCommentId=17383631) by Krisztian Szucs (kszucs):*\nResolved by commit https://github.com/apache/arrow/commit/ac050c6c583535c2f60063d8b341568b52170485"
        },
        {
            "created_at": "2021-07-27T09:18:55.921Z",
            "body": "***Note**: [Comment](https://issues.apache.org/jira/browse/ARROW-12122?focusedCommentId=17387917) by Dmitry Orlov (feakuru):*\nI see in the commit message that the wheel is only compiled for python3.9. Am I correct? If yes, can we expect pyarrow to be installable at all on macOS M1 for python3.8?"
        },
        {
            "created_at": "2021-07-27T16:40:24.655Z",
            "body": "***Note**: [Comment](https://issues.apache.org/jira/browse/ARROW-12122?focusedCommentId=17388172) by Krisztian Szucs (kszucs):*\nJust added support for it https://github.com/apache/arrow/commit/5b56cb57ec22cd6c136959a5c85381031bcc3344"
        },
        {
            "created_at": "2021-07-28T09:06:23.926Z",
            "body": "***Note**: [Comment](https://issues.apache.org/jira/browse/ARROW-12122?focusedCommentId=17388621) by Dmitry Orlov (feakuru):*\nthank you very much `[~kszucs]`! will this affect released versions or should we wait for a new release?"
        }
    ]
}