{
    "issue": {
        "title": "[C++] Dependency of Flight C++ sources on generated protobuf is not respected",
        "body": "***Note**: This issue was originally created as [ARROW-4585](https://issues.apache.org/jira/browse/ARROW-4585). Please see the [migration documentation](https://gist.github.com/toddfarmer/12aa88361532d21902818a6044fda4c3) for further details.*\n\n### Original Issue Description:\nSeems like we have a race condition somewhere as we frequently run into\r\n```java\n\r\n[82/273] Building CXX object src/arrow/flight/CMakeFiles/arrow_flight_testing_objlib.dir/test-util.cc.o\r\nFAILED: src/arrow/flight/CMakeFiles/arrow_flight_testing_objlib.dir/test-util.cc.o\r\n/usr/local/bin/ccache /Users/ukorn/miniconda3/envs/pyarrow-dev-2/bin/x86_64-apple-darwin13.4.0-clang++ -DARROW_JEMALLOC -DARROW_JEMALLOC_INCLUDE_DIR=/Users/ukorn/Development/arrow-repos-2/arrow/cpp/build/jemalloc_ep-prefix/src/jemalloc_ep/dist//include -DARROW_USE_GLOG -DARROW_USE_SIMD -DARROW_WITH_BROTLI -DARROW_WITH_LZ4 -DARROW_WITH_SNAPPY -DARROW_WITH_ZLIB -DARROW_WITH_ZSTD -Isrc -I../src -isystem /Users/ukorn/miniconda3/envs/pyarrow-dev-2/include -isystem gbenchmark_ep/src/gbenchmark_ep-install/include -isystem jemalloc_ep-prefix/src -isystem ../thirdparty/hadoop/include -isystem /Users/ukorn/miniconda3/envs/pyarrow-dev-2/include/thrift -march=core2 -mtune=haswell -mssse3 -ftree-vectorize -fPIC -fPIE -fstack-protector-strong -O2 -pipe -stdlib=libc++ -fvisibility-inlines-hidden -std=c++14 -fmessage-length=0 -Qunused-arguments -O3 -DNDEBUG -Wall -Wno-unknown-warning-option -msse4.2 -stdlib=libc++ -O3 -DNDEBUG -fPIC -std=gnu++11 -MD -MT src/arrow/flight/CMakeFiles/arrow_flight_testing_objlib.dir/test-util.cc.o -MF src/arrow/flight/CMakeFiles/arrow_flight_testing_objlib.dir/test-util.cc.o.d -o src/arrow/flight/CMakeFiles/arrow_flight_testing_objlib.dir/test-util.cc.o -c ../src/arrow/flight/test-util.cc\r\nIn file included from ../src/arrow/flight/test-util.cc:35:\r\nIn file included from ../src/arrow/flight/internal.h:29:\r\n../src/arrow/flight/protocol-internal.h:22:10: fatal error: 'arrow/flight/Flight.grpc.pb.h' file not found\r\n#include \"arrow/flight/Flight.grpc.pb.h\"\r\n^~~~~~~~~~~~~~~~~~~~~~~~~~~~~~~\r\n1 error generated.\r\n[87/273] Building CXX object src/arrow/python/CMakeFiles/arrow_python_objlib.dir/python_to_arrow.cc.o\r\nninja: build stopped: subcommand failed.\r\nninja 672,82s user 33,40s system 196% cpu 5:59,62 total\n```",
        "created_at": "2019-02-15T15:07:07.000Z",
        "updated_at": "2019-02-15T17:30:59.000Z",
        "labels": [
            "Migrated from Jira",
            "Component: C++",
            "Type: bug"
        ],
        "closed": true,
        "closed_at": "2019-02-15T16:01:05.000Z"
    },
    "comments": [
        {
            "created_at": "2019-02-15T16:01:05.977Z",
            "body": "***Note**: [Comment](https://issues.apache.org/jira/browse/ARROW-4585?focusedCommentId=16769456) by Wes McKinney (wesm):*\nIssue resolved by pull request 3658\n<https://github.com/apache/arrow/pull/3658>"
        }
    ]
}