{
    "issue": {
        "title": "[C++][Flight] Misleading CMake errors",
        "body": "***Note**: This issue was originally created as [ARROW-10286](https://issues.apache.org/jira/browse/ARROW-10286). Please see the [migration documentation](https://gist.github.com/toddfarmer/12aa88361532d21902818a6044fda4c3) for further details.*\n\n### Original Issue Description:\nWhen building Arrow, one can get errors such as the following\r\n\r\n```Java\n\r\n-- Build output: Change Dir: /home/antoine/arrow/dev/cpp/build-test/src/arrow/flight/try_compile/CMakeFiles/CMakeTmp\r\n\r\nRun Build Command(s):/usr/bin/ninja cmTC_cfc86 && [1/2] Building CXX object CMakeFiles/cmTC_cfc86.dir/check_tls_opts_132.cc.o\r\nFAILED: CMakeFiles/cmTC_cfc86.dir/check_tls_opts_132.cc.o \r\n/usr/bin/g++-9  -I/home/antoine/arrow/dev/cpp/thirdparty/flatbuffers/include -I/home/antoine/arrow/dev/cpp/build-test/jemalloc_ep-prefix/src -I/home/antoine/arrow/dev/cpp/build-test/mimalloc_ep/src/mimalloc_ep/lib/mimalloc-1.6/include -I/home/antoine/arrow/dev/cpp/thirdparty/hadoop/include -I/home/antoine/arrow/dev/cpp/build-test/src -I/home/antoine/arrow/dev/cpp/src -I/home/antoine/arrow/dev/cpp/src/generated -isystem /home/antoine/miniconda3/envs/pyarrow/include -Wno-noexcept-type  -fdiagnostics-color=always -fuse-ld=gold -ggdb -O0  -Wall -Wno-conversion -Wno-deprecated-declarations -Wno-sign-conversion -Wno-unused-variable  -fno-semantic-interposition -march=haswell -mavx2  -D_GLIBCXX_USE_CXX11_ABI=1 -D_GLIBCXX_USE_CXX11_ABI=1 -fno-omit-frame-pointer  -fPIE -std=c++11 -o CMakeFiles/cmTC_cfc86.dir/check_tls_opts_132.cc.o -c /home/antoine/arrow/dev/cpp/src/arrow/flight/try_compile/check_tls_opts_132.cc\r\n/home/antoine/arrow/dev/cpp/src/arrow/flight/try_compile/check_tls_opts_132.cc:28:31: error: 'TlsCredentialsOptions' in namespace 'grpc::experimental' does not name a type; did you mean 'AltsCredentialsOptions'?\r\n   28 |     const grpc::experimental::TlsCredentialsOptions* options) {\r\n      |                               ^~~~~~~~~~~~~~~~~~~~~\r\n      |                               AltsCredentialsOptions\r\n/home/antoine/arrow/dev/cpp/src/arrow/flight/try_compile/check_tls_opts_132.cc: In function 'grpc_tls_server_verification_option check(const int*)':\r\n/home/antoine/arrow/dev/cpp/src/arrow/flight/try_compile/check_tls_opts_132.cc:29:61: error: request for member 'server_verification_option' in '* options', which is of non-class type 'const int'\r\n   29 |   grpc_tls_server_verification_option server_opt = options->server_verification_option();\r\n      |                                                             ^~~~~~~~~~~~~~~~~~~~~~~~~~\r\nninja: build stopped: subcommand failed.\r\n\r\n\r\n```\r\n\r\nThere are two problems:\r\n1) this is displayed as an error, but it's not an actual error from the user's point of view (Arrow builds fine nevertheless)\r\n2) this is displayed each time when building, even if nothing needs rebuilding",
        "created_at": "2020-10-12T13:43:51.000Z",
        "updated_at": "2020-10-12T16:23:25.000Z",
        "labels": [
            "Migrated from Jira",
            "Component: C++",
            "Component: FlightRPC",
            "Type: bug"
        ],
        "closed": true,
        "closed_at": "2020-10-12T16:23:25.000Z"
    },
    "comments": [
        {
            "created_at": "2020-10-12T13:44:40.678Z",
            "body": "***Note**: [Comment](https://issues.apache.org/jira/browse/ARROW-10286?focusedCommentId=17212378) by Antoine Pitrou (apitrou):*\ncc `[~lidavidm]` `[~jduong]`"
        },
        {
            "created_at": "2020-10-12T16:23:25.584Z",
            "body": "***Note**: [Comment](https://issues.apache.org/jira/browse/ARROW-10286?focusedCommentId=17212483) by Antoine Pitrou (apitrou):*\nIssue resolved by pull request 8442\n<https://github.com/apache/arrow/pull/8442>"
        }
    ]
}