{
    "issue": {
        "title": "Compilation error on macOS with clang-802.0.42",
        "body": "***Note**: This issue was originally created as [ARROW-952](https://issues.apache.org/jira/browse/ARROW-952). Please see the [migration documentation](https://gist.github.com/toddfarmer/12aa88361532d21902818a6044fda4c3) for further details.*\n\n### Original Issue Description:\nCompiling commit 2c3e111d45c056d429cef312533c9f3f96b08ae8 of arrow with Apple LLVM version 8.1.0 gives the following error:\n\n```\nIn file included from /Users/istoica/src/ray/minicamp-may5-17/ray-1/src/numbuf/thirdparty/arrow/cpp/src/arrow/python/helpers.cc:20:\nIn file included from /Users/istoica/src/ray/minicamp-may5-17/ray-1/src/numbuf/thirdparty/arrow/cpp/src/arrow/util/decimal.h:24:\n/Applications/Xcode.app/Contents/Developer/Toolchains/XcodeDefault.xctoolchain/usr/bin/../include/c++/v1/regex:1216:29: error: \n      too many arguments provided to function-like macro invocation\n    __ct_->tolower(&__s[0], &__s[0] + __s.size());\n                            ^\n/Users/istoica/anaconda/include/python2.7/pyport.h:729:9: note: macro 'tolower'\n      defined here\n#define tolower(c) towlower(btowc(c))\n        ^\nIn file included from /Users/istoica/src/ray/minicamp-may5-17/ray-1/src/numbuf/thirdparty/arrow/cpp/src/arrow/python/helpers.cc:20:\nIn file included from /Users/istoica/src/ray/minicamp-may5-17/ray-1/src/numbuf/thirdparty/arrow/cpp/src/arrow/util/decimal.h:24:\n/Applications/Xcode.app/Contents/Developer/Toolchains/XcodeDefault.xctoolchain/usr/bin/../include/c++/v1/regex:1228:29: error: \n      too many arguments provided to function-like macro invocation\n    __ct_->tolower(&__s[0], &__s[0] + __s.size());\n                            ^\n/Users/istoica/anaconda/include/python2.7/pyport.h:729:9: note: macro 'tolower'\n      defined here\n#define tolower(c) towlower(btowc(c))\n        ^\nIn file included from /Users/istoica/src/ray/minicamp-may5-17/ray-1/src/numbuf/thirdparty/arrow/cpp/src/arrow/python/builtin_convert.cc:30:\n```\n\nIt is a similar problem to\nhttps://github.com/apache/arrow/commit/4d2ac871c9126ba431ebb193ea19bd5eb7ef8ab3",
        "created_at": "2017-05-05T20:37:30.000Z",
        "updated_at": "2017-05-17T19:42:06.000Z",
        "labels": [
            "Migrated from Jira",
            "Component: C++",
            "Type: bug"
        ],
        "closed": true,
        "closed_at": "2017-05-05T23:42:14.000Z"
    },
    "comments": [
        {
            "created_at": "2017-05-05T22:20:49.519Z",
            "body": "***Note**: [Comment](https://issues.apache.org/jira/browse/ARROW-952?focusedCommentId=15999050) by Philipp Moritz (pcmoritz):*\nTurns out the <regex> include was actually not needed at all, so just removing it fixes the problem."
        },
        {
            "created_at": "2017-05-05T23:42:14.345Z",
            "body": "***Note**: [Comment](https://issues.apache.org/jira/browse/ARROW-952?focusedCommentId=15999135) by Wes McKinney (wesm):*\nIssue resolved by pull request 643\n<https://github.com/apache/arrow/pull/643>"
        }
    ]
}