{
    "issue": {
        "title": "[CI] Nightly hdfs integration test job fails",
        "body": "***Note**: This issue was originally created as [ARROW-10175](https://issues.apache.org/jira/browse/ARROW-10175). Please see the [migration documentation](https://gist.github.com/toddfarmer/12aa88361532d21902818a6044fda4c3) for further details.*\n\n### Original Issue Description:\nTwo tests fail:\r\nhttps://github.com/ursa-labs/crossbow/runs/1204680589\r\n\r\n[removed bogus investigation]",
        "created_at": "2020-10-05T16:24:59.000Z",
        "updated_at": "2020-10-10T08:18:34.000Z",
        "labels": [
            "Migrated from Jira",
            "Component: Continuous Integration",
            "Component: Python",
            "Type: bug"
        ],
        "closed": true,
        "closed_at": "2020-10-09T15:25:33.000Z"
    },
    "comments": [
        {
            "created_at": "2020-10-05T16:31:50.969Z",
            "body": "***Note**: [Comment](https://issues.apache.org/jira/browse/ARROW-10175?focusedCommentId=17208171) by Antoine Pitrou (apitrou):*\nI'll take a look."
        },
        {
            "created_at": "2020-10-05T17:04:39.838Z",
            "body": "***Note**: [Comment](https://issues.apache.org/jira/browse/ARROW-10175?focusedCommentId=17208193) by Antoine Pitrou (apitrou):*\nI tried to reproduce and it didn't crash. Then I noticed it was using Python 3.6, and CI was using Python 3.7 (er... why not), and then it failed building:\r\n```java\n\r\n/arrow/ci/scripts/cpp_build.sh /arrow /build\r\n```\r\n\r\nSo it looks like the uploaded images are not up to date."
        },
        {
            "created_at": "2020-10-05T17:29:47.585Z",
            "body": "***Note**: [Comment](https://issues.apache.org/jira/browse/ARROW-10175?focusedCommentId=17208209) by Antoine Pitrou (apitrou):*\nOk, the issue description is really misleading. Your link points to a crash which doesn't exist anymore.\r\nInstead, the current builds don't crash, they fail two tests.\r\nhttps://github.com/ursa-labs/crossbow/runs/1204680589\r\n\r\nPlease don't use \"crash\" when there's no crash, because it's misleading."
        },
        {
            "created_at": "2020-10-08T18:24:42.099Z",
            "body": "***Note**: [Comment](https://issues.apache.org/jira/browse/ARROW-10175?focusedCommentId=17210379) by Neal Richardson (npr):*\nIn the link Antoine shared, \r\n\r\n```Java\n\r\nFAILED opt/conda/envs/arrow/lib/python3.7/site-packages/pyarrow/tests/test_hdfs.py::TestLibHdfs::test_read_multiple_parquet_files_with_uri\r\nFAILED opt/conda/envs/arrow/lib/python3.7/site-packages/pyarrow/tests/test_hdfs.py::TestLibHdfs::test_read_write_parquet_files_with_uri\r\n```\r\n\r\n`[~jorisvandenbossche]` can you take a look?"
        },
        {
            "created_at": "2020-10-09T13:50:47.290Z",
            "body": "***Note**: [Comment](https://issues.apache.org/jira/browse/ARROW-10175?focusedCommentId=17210982) by Joris Van den Bossche (jorisvandenbossche):*\nOK, needed to pass some `use_legacy_dataset=True`, because the default is now to use the dataset implemenation, which of course doesn't work when passing legacy filesystems.\r\n\r\nNow, the first error, which is reading from an URI and _not_ passing a legacy HadoopFileSystem object, seems a legitimate bug (because passing an URI should \"just\" use the new implementation):\r\n\r\n```Java\n\r\npyarrow.lib.ArrowInvalid: Path '/tmp/pyarrow-test-838/multi-parquet-uri-48569714efc74397816722c9c6723191/0.parquet' is not relative to '/user/root'\r\n```"
        },
        {
            "created_at": "2020-10-09T15:25:33.118Z",
            "body": "***Note**: [Comment](https://issues.apache.org/jira/browse/ARROW-10175?focusedCommentId=17211081) by Krisztian Szucs (kszucs):*\nIssue resolved by pull request 8413\n<https://github.com/apache/arrow/pull/8413>"
        },
        {
            "created_at": "2020-10-10T08:18:34.426Z",
            "body": "***Note**: [Comment](https://issues.apache.org/jira/browse/ARROW-10175?focusedCommentId=17211606) by Joris Van den Bossche (jorisvandenbossche):*\nI opened ARROW-10264 for the failing URI test (which I would think should work)"
        }
    ]
}