{
    "issue": {
        "title": "[Release] Build of ubuntu-docs is failing on thrift",
        "body": "***Note**: This issue was originally created as [ARROW-12915](https://issues.apache.org/jira/browse/ARROW-12915). Please see the [migration documentation](https://gist.github.com/toddfarmer/12aa88361532d21902818a6044fda4c3) for further details.*\n\n### Original Issue Description:\nWhen building the image, after the fix in ARROW-12909, the build fails with\r\n\r\n```java\n\r\n- Checking for module 'thrift'\r\n--   Found thrift, version 0.13.0\r\n-- Found Thrift: /usr/lib/x86_64-linux-gnu/libthrift.so (found suitable version \"0.13.0\", minimum required is \"0.11.0\")  \r\n-- Providing CMake module for Thrift\r\nCMake Error at /usr/share/cmake-3.16/Modules/FindPackageHandleStandardArgs.cmake:146 (message):\r\n  Could NOT find Protobuf: Found unsuitable version \"3.6.1\", but required is\r\n  at least \"3.7.0\" (found /usr/lib/x86_64-linux-gnu/libprotobuf.so;-pthread)\r\nCall Stack (most recent call first):\r\n  /usr/share/cmake-3.16/Modules/FindPackageHandleStandardArgs.cmake:391 (_FPHSA_FAILURE_MESSAGE)\r\n  /usr/share/cmake-3.16/Modules/FindProtobuf.cmake:624 (FIND_PACKAGE_HANDLE_STANDARD_ARGS)\r\n  cmake_modules/ThirdpartyToolchain.cmake:234 (find_package)\r\n  cmake_modules/ThirdpartyToolchain.cmake:1419 (resolve_dependency)\r\n  CMakeLists.txt:506 (include)\r\n```\r\n\r\n",
        "created_at": "2021-06-01T11:41:01.000Z",
        "updated_at": "2021-06-03T14:56:09.000Z",
        "labels": [
            "Migrated from Jira",
            "Component: Developer Tools",
            "Type: enhancement"
        ],
        "closed": true,
        "closed_at": "2021-06-03T14:56:09.000Z"
    },
    "comments": [
        {
            "created_at": "2021-06-02T15:52:56.661Z",
            "body": "***Note**: [Comment](https://issues.apache.org/jira/browse/ARROW-12915?focusedCommentId=17355814) by Jonathan Keane (jonkeane):*\nIssue resolved by pull request 10430\n<https://github.com/apache/arrow/pull/10430>"
        },
        {
            "created_at": "2021-06-03T05:00:20.198Z",
            "body": "***Note**: [Comment](https://issues.apache.org/jira/browse/ARROW-12915?focusedCommentId=17356160) by Jorge Leit\u00e3o (jorgecarleitao):*\nI am re-opening this as there is still an error :(\r\n\r\n```\r\n\u2013 Found Brotli: /usr/lib/x86_64-linux-gnu/libbrotlicommon.so  \r\n\u2013 Providing CMake module for Brotli\r\n\u2013 Found OpenSSL: /usr/lib/x86_64-linux-gnu/libcrypto.so (found suitable version \"1.1.1f\", minimum required is \"1.0.2\")  \r\n\u2013 Found OpenSSL Crypto Library: /usr/lib/x86_64-linux-gnu/libcrypto.so\r\n\u2013 Building with OpenSSL (Version: 1.1.1f) support\r\n\u2013 Checking for module 'thrift'\r\n\u2013   Found thrift, version 0.13.0\r\n\u2013 Found Thrift: /usr/lib/x86_64-linux-gnu/libthrift.so (found suitable version \"0.13.0\", minimum required is \"0.11.0\")  \r\n\u2013 Providing CMake module for Thrift\r\nCMake Error at /usr/share/cmake-3.16/Modules/FindPackageHandleStandardArgs.cmake:146 (message):\r\n  Could NOT find Protobuf: Found unsuitable version \"3.6.1\", but required is\r\n  at least \"3.7.0\" (found /usr/lib/x86_64-linux-gnu/libprotobuf.so;-pthread)\r\nCall Stack (most recent call first):\r\n  /usr/share/cmake-3.16/Modules/FindPackageHandleStandardArgs.cmake:391 (_FPHSA_FAILURE_MESSAGE)\r\n  /usr/share/cmake-3.16/Modules/FindProtobuf.cmake:624 (FIND_PACKAGE_HANDLE_STANDARD_ARGS)\r\n  cmake_modules/ThirdpartyToolchain.cmake:234 (find_package)\r\n  cmake_modules/ThirdpartyToolchain.cmake:1419 (resolve_dependency)\r\n  CMakeLists.txt:506 (include)\r\n\r\n\r\n\u2013 Configuring incomplete, errors occurred!\r\nSee also \"/build/cpp/CMakeFiles/CMakeOutput.log\".\r\nSee also \"/build/cpp/CMakeFiles/CMakeError.log\".\r\nERROR: 1\r\n```"
        },
        {
            "created_at": "2021-06-03T13:41:48.938Z",
            "body": "***Note**: [Comment](https://issues.apache.org/jira/browse/ARROW-12915?focusedCommentId=17356437) by Jonathan Keane (jonkeane):*\nThat's strange! How are you running the docker image? Have you tried with `--no-cache`? I've just run it locally and while it's not completed yet, it got past that point for me."
        },
        {
            "created_at": "2021-06-03T14:56:02.695Z",
            "body": "***Note**: [Comment](https://issues.apache.org/jira/browse/ARROW-12915?focusedCommentId=17356496) by Jorge Leit\u00e3o (jorgecarleitao):*\nYou are right; I was moving to apache-arrow-4.0.1 branch which did not have the patch."
        }
    ]
}