{
    "issue": {
        "title": "[Java] org.apache.arrow.flight.TestTls is failed via dev/release/00-prepare.sh",
        "body": "***Note**: This issue was originally created as [ARROW-5769](https://issues.apache.org/jira/browse/ARROW-5769). Please see the [migration documentation](https://gist.github.com/toddfarmer/12aa88361532d21902818a6044fda4c3) for further details.*\n\n### Original Issue Description:\nDetails:\r\n\r\n```\n\r\n[INFO] [INFO] Running org.apache.arrow.flight.TestTls\r\n[INFO] [ERROR] Tests run: 3, Failures: 0, Errors: 3, Skipped: 0, Time elapsed: 0.005 s <<< FAILURE! - in org.apache.arrow.flight.TestTls\r\n[INFO] [ERROR] connectTls(org.apache.arrow.flight.TestTls)  Time elapsed: 0.004 s  <<< ERROR!\r\n[INFO] java.lang.RuntimeException: java.io.FileNotFoundException: /home/kou/work/cpp/arrow.pravindra/java/flight/../../testing/data/flight/cert0.pem (No such file or directory)\r\n[INFO] \tat org.apache.arrow.flight.TestTls.lambda$test$3(TestTls.java:105)\r\n[INFO] \tat org.apache.arrow.flight.TestTls.test(TestTls.java:98)\r\n[INFO] \tat org.apache.arrow.flight.TestTls.connectTls(TestTls.java:44)\r\n[INFO] Caused by: java.io.FileNotFoundException: /home/kou/work/cpp/arrow.pravindra/java/flight/../../testing/data/flight/cert0.pem (No such file or directory)\r\n[INFO] \tat org.apache.arrow.flight.TestTls.lambda$test$3(TestTls.java:102)\r\n[INFO] \tat org.apache.arrow.flight.TestTls.test(TestTls.java:98)\r\n[INFO] \tat org.apache.arrow.flight.TestTls.connectTls(TestTls.java:44)\r\n[INFO] \r\n[INFO] [ERROR] rejectInvalidCert(org.apache.arrow.flight.TestTls)  Time elapsed: 0 s  <<< ERROR!\r\n[INFO] java.lang.Exception: Unexpected exception, expected<io.grpc.StatusRuntimeException> but was<java.lang.RuntimeException>\r\n[INFO] \tat org.apache.arrow.flight.TestTls.lambda$test$3(TestTls.java:105)\r\n[INFO] \tat org.apache.arrow.flight.TestTls.test(TestTls.java:98)\r\n[INFO] \tat org.apache.arrow.flight.TestTls.rejectInvalidCert(TestTls.java:62)\r\n[INFO] Caused by: java.io.FileNotFoundException: /home/kou/work/cpp/arrow.pravindra/java/flight/../../testing/data/flight/cert0.pem (No such file or directory)\r\n[INFO] \tat org.apache.arrow.flight.TestTls.lambda$test$3(TestTls.java:102)\r\n[INFO] \tat org.apache.arrow.flight.TestTls.test(TestTls.java:98)\r\n[INFO] \tat org.apache.arrow.flight.TestTls.rejectInvalidCert(TestTls.java:62)\r\n[INFO] \r\n[INFO] [ERROR] rejectHostname(org.apache.arrow.flight.TestTls)  Time elapsed: 0.001 s  <<< ERROR!\r\n[INFO] java.lang.Exception: Unexpected exception, expected<io.grpc.StatusRuntimeException> but was<java.lang.RuntimeException>\r\n[INFO] \tat org.apache.arrow.flight.TestTls.lambda$test$3(TestTls.java:105)\r\n[INFO] \tat org.apache.arrow.flight.TestTls.test(TestTls.java:98)\r\n[INFO] \tat org.apache.arrow.flight.TestTls.rejectHostname(TestTls.java:78)\r\n[INFO] Caused by: java.io.FileNotFoundException: /home/kou/work/cpp/arrow.pravindra/java/flight/../../testing/data/flight/cert0.pem (No such file or directory)\r\n[INFO] \tat org.apache.arrow.flight.TestTls.lambda$test$3(TestTls.java:102)\r\n[INFO] \tat org.apache.arrow.flight.TestTls.test(TestTls.java:98)\r\n[INFO] \tat org.apache.arrow.flight.TestTls.rejectHostname(TestTls.java:78)\r\n[INFO] \r\n[INFO] [INFO] Running org.apache.arrow.flight.TestServerOptions\r\n[INFO] [INFO] Tests run: 1, Failures: 0, Errors: 0, Skipped: 0, Time elapsed: 0.114 s - in org.apache.arrow.flight.TestServerOptions\r\n[INFO] [INFO] \r\n[INFO] [INFO] Results:\r\n[INFO] [INFO] \r\n[INFO] [ERROR] Errors: \r\n[INFO] [ERROR]   TestTls.connectTls:44->test:98->lambda$test$3:105 Runtime java.io.FileNotFound...\r\n[INFO] [ERROR]   TestTls.rejectHostname \u00bb  Unexpected exception, expected<io.grpc.StatusRuntime...\r\n[INFO] [ERROR]   TestTls.rejectInvalidCert \u00bb  Unexpected exception, expected<io.grpc.StatusRunt...\r\n[INFO] [INFO] \r\n[INFO] [ERROR] Tests run: 27, Failures: 0, Errors: 3, Skipped: 10\r\n```\r\n\r\nI'm not sure whether this is my environment problem or not.",
        "created_at": "2019-06-28T00:45:00.000Z",
        "updated_at": "2019-06-28T02:52:29.000Z",
        "labels": [
            "Migrated from Jira",
            "Component: Java",
            "Type: test"
        ],
        "closed": true,
        "closed_at": "2019-06-28T02:51:37.000Z"
    },
    "comments": [
        {
            "created_at": "2019-06-28T00:48:35.879Z",
            "body": "***Note**: [Comment](https://issues.apache.org/jira/browse/ARROW-5769?focusedCommentId=16874579) by Kouhei Sutou (kou):*\nMailing list thread: https://lists.apache.org/thread.html/aa23b3e39f9d93bccd8622ed0926ff093e041d17721754b7d9b193e1@%3Cdev.arrow.apache.org%3E"
        },
        {
            "created_at": "2019-06-28T00:57:21.261Z",
            "body": "***Note**: [Comment](https://issues.apache.org/jira/browse/ARROW-5769?focusedCommentId=16874581) by David Li (lidavidm):*\nDon't have access to my work computer, but this is because the Flight tests now need ARROW_TEST_DATA. Adding a line under SOURCE_DIR in 00-prepare.sh like this should work, so long as submodules are initialized and updated:\r\n\r\n`export ARROW_TEST_DATA=\"${SOURCE_DIR}/../../testing/data\"`"
        },
        {
            "created_at": "2019-06-28T01:01:13.158Z",
            "body": "***Note**: [Comment](https://issues.apache.org/jira/browse/ARROW-5769?focusedCommentId=16874585) by David Li (lidavidm):*\nActually looking at that again, it seems the environment variable is set and the path is right, but the file isn't there...are the submodules updated? (git submodule update)"
        },
        {
            "created_at": "2019-06-28T01:13:57.531Z",
            "body": "***Note**: [Comment](https://issues.apache.org/jira/browse/ARROW-5769?focusedCommentId=16874586) by Kouhei Sutou (kou):*\nThanks!\r\nI'll check it!"
        },
        {
            "created_at": "2019-06-28T02:51:37.233Z",
            "body": "***Note**: [Comment](https://issues.apache.org/jira/browse/ARROW-5769?focusedCommentId=16874606) by Kouhei Sutou (kou):*\nIssue resolved by pull request 4732\n<https://github.com/apache/arrow/pull/4732>"
        },
        {
            "created_at": "2019-06-28T02:52:29.943Z",
            "body": "***Note**: [Comment](https://issues.apache.org/jira/browse/ARROW-5769?focusedCommentId=16874608) by Kouhei Sutou (kou):*\nMissing test data is the problem. Thanks!"
        }
    ]
}