{
    "issue": {
        "title": "[CI] Intermittent npm failures",
        "body": "***Note**: This issue was originally created as [ARROW-2546](https://issues.apache.org/jira/browse/ARROW-2546). Please see the [migration documentation](https://gist.github.com/toddfarmer/12aa88361532d21902818a6044fda4c3) for further details.*\n\n### Original Issue Description:\nSee for example https://travis-ci.org/apache/arrow/jobs/375891278 .\r\n\r\n```Java\n\r\nnpm WARN deprecated gulp-util@3.0.8: gulp-util is deprecated - replace it, following the guidelines at https://medium.com/gulpjs/gulp-util-ca3b1f9f9ac5\r\nnpm WARN deprecated standard-format@1.6.10: standard-format is deprecated in favor of a built-in autofixer in 'standard'. Usage: standard --fix\r\nnpm WARN deprecated minimatch@2.0.10: Please update to minimatch 3.0.2 or higher to avoid a RegExp DoS issue\r\nnpm WARN tar ENOENT: no such file or directory, open '/home/travis/build/apache/arrow/js/node_modules/.staging/google-closure-compiler-2d7bab98/contrib/externs/maps/google_maps_api_v3_23.js'\r\nnpm WARN ajv-keywords@3.2.0 requires a peer of ajv@^6.0.0 but none is installed. You must install peer dependencies yourself.\r\nnpm WARN optional SKIPPING OPTIONAL DEPENDENCY: fsevents@1.2.3 (node_modules/fsevents):\r\nnpm WARN enoent SKIPPING OPTIONAL DEPENDENCY: ENOENT: no such file or directory, rename '/home/travis/build/apache/arrow/js/node_modules/.staging/fsevents-5f35bbaf/node_modules/abbrev' -> '/home/travis/build/apache/arrow/js/node_modules/.staging/abbrev-e214f964'\r\nnpm ERR! code EINTEGRITY\r\nnpm ERR! sha512-bqB1yS6o9TNA9ZC/MJxM0FZzPnZdtHj0xWK/IZ5khzVqdpGul/R/EIiHRgFXlwTD7PSIaYVnGKq1QgMCu2mnqw== integrity checksum failed when using sha512: wanted sha512-bqB1yS6o9TNA9ZC/MJxM0FZzPnZdtHj0xWK/IZ5khzVqdpGul/R/EIiHRgFXlwTD7PSIaYVnGKq1QgMCu2mnqw== but got sha512-kgTmj+eAwkxGNzcVy5l66pJ3Exmxgj4IdQQ5fK53JTbfThLZFQybsk64V8pq2MMKXcqkkU6/0gGHXKbURv065w==. (4688848 bytes)\r\nnpm ERR! A complete log of this run can be found in:\r\nnpm ERR!     /home/travis/.npm/_logs/2018-05-07T13_34_45_558Z-debug.log\r\n```",
        "created_at": "2018-05-07T14:50:21.000Z",
        "updated_at": "2019-03-01T23:47:48.000Z",
        "labels": [
            "Migrated from Jira",
            "Component: Continuous Integration",
            "Component: JavaScript",
            "Type: bug"
        ],
        "closed": true,
        "closed_at": "2018-05-07T21:46:11.000Z"
    },
    "comments": [
        {
            "created_at": "2018-05-07T19:09:20.976Z",
            "body": "***Note**: [Comment](https://issues.apache.org/jira/browse/ARROW-2546?focusedCommentId=16466333) by Uwe Korn (uwe):*\nAccording to <https://github.com/npm/npm/issues/16861#issuecomment-371256089,>\u00a0an `npm` update should fix things here."
        },
        {
            "created_at": "2018-05-07T21:46:11.482Z",
            "body": "***Note**: [Comment](https://issues.apache.org/jira/browse/ARROW-2546?focusedCommentId=16466511) by Brian Hulette (bhulette):*\nIssue resolved by pull request 2006\n<https://github.com/apache/arrow/pull/2006>"
        }
    ]
}