{
    "issue": {
        "title": "[C++][Compute] Failed to build compute tests on windows with msvc2015",
        "body": "***Note**: This issue was originally created as [ARROW-8238](https://issues.apache.org/jira/browse/ARROW-8238). Please see the [migration documentation](https://gist.github.com/toddfarmer/12aa88361532d21902818a6044fda4c3) for further details.*\n\n### Original Issue Description:\nBuild Arrow compute tests on Windows10 with MSVC2015:\r\n```bash\n\r\ncmake -GNinja -DCMAKE_BUILD_TYPE=Release -DARROW_COMPUTE=ON -DARROW_BUILD_TESTS=ON ..\r\n\r\nninja -j3\r\n```\r\n\r\nBuild failed with below message:\r\n```bash\n\r\n[311/405] Linking CXX executable release\\arrow-misc-test.exe\r\nFAILED: release/arrow-misc-test.exe\r\ncmd.exe /C \"cd . && C:\\Users\\yibcai01\\Miniconda3\\envs\\arrow-dev\\Library\\bin\\cmake.exe -E vs_link_exe --intdir=src\\arrow\\CMakeFiles\\arrow-misc-test.dir --rc=C:\\PROGRA~2\\WI3CF2~1\\8.1\\bin\\x64\\rc.exe --mt=C:\\PROGRA~2\\WI3CF2~1\\8.1\\bin\\x64\\mt.exe --manifests  -- C:\\PROGRA~2\\MICROS~1.0\\VC\\bin\\amd64\\link.exe /nologo src\\arrow\\CMakeFiles\\arrow-misc-test.dir\\memory_pool_test.cc.obj src\\arrow\\CMakeFiles\\arrow-misc-test.dir\\result_test.cc.obj src\\arrow\\CMakeFiles\\arrow-misc-test.dir\\pretty_print_test.cc.obj src\\arrow\\CMakeFiles\\arrow-misc-test.dir\\status_test.cc.obj  /out:release\\arrow-misc-test.exe /implib:release\\arrow-misc-test.lib /pdb:release\\arrow-misc-test.pdb /version:0.0  /machine:x64  /NODEFAULTLIB:LIBCMT /INCREMENTAL:NO /subsystem:console  release\\arrow_testing.lib  release\\arrow.lib  googletest_ep-prefix\\src\\googletest_ep\\lib\\gtest_main.lib  googletest_ep-prefix\\src\\googletest_ep\\lib\\gtest.lib  googletest_ep-prefix\\src\\googletest_ep\\lib\\gmock.lib  C:\\Users\\yibcai01\\Miniconda3\\envs\\arrow-dev\\Library\\lib\\boost_filesystem.lib  C:\\Users\\yibcai01\\Miniconda3\\envs\\arrow-dev\\Library\\lib\\boost_system.lib  Ws2_32.lib  kernel32.lib user32.lib gdi32.lib winspool.lib shell32.lib ole32.lib oleaut32.lib uuid.lib comdlg32.lib advapi32.lib && cd .\"\r\nLINK: command \"C:\\PROGRA~2\\MICROS~1.0\\VC\\bin\\amd64\\link.exe /nologo src\\arrow\\CMakeFiles\\arrow-misc-test.dir\\memory_pool_test.cc.obj src\\arrow\\CMakeFiles\\arrow-misc-test.dir\\result_test.cc.obj src\\arrow\\CMakeFiles\\arrow-misc-test.dir\\pretty_print_test.cc.obj src\\arrow\\CMakeFiles\\arrow-misc-test.dir\\status_test.cc.obj /out:release\\arrow-misc-test.exe /implib:release\\arrow-misc-test.lib /pdb:release\\arrow-misc-test.pdb /version:0.0 /machine:x64 /NODEFAULTLIB:LIBCMT /INCREMENTAL:NO /subsystem:console release\\arrow_testing.lib release\\arrow.lib googletest_ep-prefix\\src\\googletest_ep\\lib\\gtest_main.lib googletest_ep-prefix\\src\\googletest_ep\\lib\\gtest.lib googletest_ep-prefix\\src\\googletest_ep\\lib\\gmock.lib C:\\Users\\yibcai01\\Miniconda3\\envs\\arrow-dev\\Library\\lib\\boost_filesystem.lib C:\\Users\\yibcai01\\Miniconda3\\envs\\arrow-dev\\Library\\lib\\boost_system.lib Ws2_32.lib kernel32.lib user32.lib gdi32.lib winspool.lib shell32.lib ole32.lib oleaut32.lib uuid.lib comdlg32.lib advapi32.lib /MANIFEST /MANIFESTFILE:release\\arrow-misc-test.exe.manifest\" failed (exit code 1169) with the following output:\r\narrow_testing.lib(arrow_testing.dll) : error LNK2005: \"public: __cdecl std::vector<int,class std::allocator<int> >::vector<int,class std::allocator<int> >(class std::initializer_list<int>,class std::allocator<int> const &)\" (??0?$vector@HV?$allocator@H@std@@@std@@QEAA@V?$initializer_list@H@1@AEBV?$allocator@H@1@@Z) already defined in result_test.cc.obj\r\narrow_testing.lib(arrow_testing.dll) : error LNK2005: \"public: __cdecl std::vector<int,class std::allocator<int> >::~vector<int,class std::allocator<int> >(void)\" (??1?$vector@HV?$allocator@H@std@@@std@@QEAA@XZ) already defined in result_test.cc.obj\r\narrow_testing.lib(arrow_testing.dll) : error LNK2005: \"public: unsigned __int64 __cdecl std::vector<int,class std::allocator<int> >::size(void)const \" (?size@?$vector@HV?$allocator@H@std@@@std@@QEBA_KXZ) already defined in result_test.cc.obj\r\nrelease\\arrow-misc-test.exe : fatal error LNK1169: one or more multiply defined symbols found\r\n[313/405] Building CXX object src\\arrow\\CMakeFiles\\arrow-table-test.dir\\table_builder_test.cc.obj\r\nninja: build stopped: subcommand failed.\r\n```",
        "created_at": "2020-03-27T06:23:04.000Z",
        "updated_at": "2021-08-02T18:35:28.000Z",
        "labels": [
            "Migrated from Jira",
            "Component: C++",
            "Type: bug"
        ],
        "closed": true,
        "closed_at": "2020-03-31T15:27:01.000Z"
    },
    "comments": [
        {
            "created_at": "2020-03-27T09:29:39.628Z",
            "body": "***Note**: [Comment](https://issues.apache.org/jira/browse/ARROW-8238?focusedCommentId=17068473) by Antoine Pitrou (apitrou):*\nThis looks weird. Have you found a fix?"
        },
        {
            "created_at": "2020-03-27T09:55:31.000Z",
            "body": "***Note**: [Comment](https://issues.apache.org/jira/browse/ARROW-8238?focusedCommentId=17068490) by Yibo Cai (yibocai):*\n`[~apitrou]`, trying to nail down the issue bysimplified and manual link steps. Looks like symbol collisions.\r\n\r\nOne finding is this problem may be fixed(only through a simple test, not fully verified) by defining functions as static in all test sources. Will do more tests.\r\n\r\n<https://github.com/apache/arrow/blob/master/cpp/src/arrow/util/bit_util_test.cc#L52>"
        },
        {
            "created_at": "2020-03-27T10:04:18.398Z",
            "body": "***Note**: [Comment](https://issues.apache.org/jira/browse/ARROW-8238?focusedCommentId=17068495) by Yibo Cai (yibocai):*\nFor these local helper functions in unit test files, any reason we didn't define them as static?"
        },
        {
            "created_at": "2020-03-27T10:07:11.783Z",
            "body": "***Note**: [Comment](https://issues.apache.org/jira/browse/ARROW-8238?focusedCommentId=17068499) by Antoine Pitrou (apitrou):*\nI don't think that would make a difference, but you can try it out."
        },
        {
            "created_at": "2020-03-27T17:36:38.507Z",
            "body": "***Note**: [Comment](https://issues.apache.org/jira/browse/ARROW-8238?focusedCommentId=17068929) by Wes McKinney (wesm):*\nDefinitely weird since we build these tests in CI. If you are having a hard time figuring it out I can try to reproduce locally on my Windows 10 machine"
        },
        {
            "created_at": "2020-03-28T10:29:51.401Z",
            "body": "***Note**: [Comment](https://issues.apache.org/jira/browse/ARROW-8238?focusedCommentId=17069379) by Yibo Cai (yibocai):*\nI'm using static link as a temporary workaround \"-DARROW_TEST_LINKAGE=static\". It works for me now."
        },
        {
            "created_at": "2020-03-28T11:08:10.517Z",
            "body": "***Note**: [Comment](https://issues.apache.org/jira/browse/ARROW-8238?focusedCommentId=17069402) by Antoine Pitrou (apitrou):*\nIs this a ARM version of MSVC? Or do you get the error on x86? It is very weird to get linking errors on `std::vector<int>`..."
        },
        {
            "created_at": "2020-03-28T13:34:40.147Z",
            "body": "***Note**: [Comment](https://issues.apache.org/jira/browse/ARROW-8238?focusedCommentId=17069448) by Yibo Cai (yibocai):*\nI'm using x86 version.\r\n\r\nBlind try and error leads to below std::vector<int> in type.h looks related to this issue. It maybe useless or misleading.\r\n\r\nhttps://github.com/apache/arrow/blob/4e680c46ad5aa76ba1dc85574c4e96a51450364f/cpp/src/arrow/type.h#L1404"
        },
        {
            "created_at": "2020-03-28T13:36:21.181Z",
            "body": "***Note**: [Comment](https://issues.apache.org/jira/browse/ARROW-8238?focusedCommentId=17069449) by Antoine Pitrou (apitrou):*\nDid you try to refactor `FieldPath` to avoid inheriting from `vector`? The inheritance doesn't look useful.\r\n\r\n(also cc `[~bkietz]`)"
        },
        {
            "created_at": "2020-03-29T22:47:22.402Z",
            "body": "***Note**: [Comment](https://issues.apache.org/jira/browse/ARROW-8238?focusedCommentId=17070558) by Wes McKinney (wesm):*\nI agree, combining inheritance from an STL template combined with ARROW_EXPORT seems like a recipe for trouble"
        },
        {
            "created_at": "2020-03-30T01:59:30.030Z",
            "body": "***Note**: [Comment](https://issues.apache.org/jira/browse/ARROW-8238?focusedCommentId=17070635) by Yibo Cai (yibocai):*\nI will do a quick check. Maybe change inheritance to composition?"
        },
        {
            "created_at": "2020-03-30T04:43:00.320Z",
            "body": "***Note**: [Comment](https://issues.apache.org/jira/browse/ARROW-8238?focusedCommentId=17070686) by Yibo Cai (yibocai):*\nReplacing inheritance with composition does give me a clean build and successful unit tests. Will propose a patch.\r\n\r\nDiff:\u00a0[fieldpath.diff](fieldpath.diff)"
        },
        {
            "created_at": "2020-03-30T16:38:18.690Z",
            "body": "***Note**: [Comment](https://issues.apache.org/jira/browse/ARROW-8238?focusedCommentId=17071125) by Ben Kietzman (bkietz):*\n`[~yibocai]` Thanks, can you open a pull request?"
        },
        {
            "created_at": "2020-03-31T01:18:20.986Z",
            "body": "***Note**: [Comment](https://issues.apache.org/jira/browse/ARROW-8238?focusedCommentId=17071374) by Yibo Cai (yibocai):*\n`[~bkietz]`, sure, I'll open a pr today."
        },
        {
            "created_at": "2020-03-31T15:27:01.225Z",
            "body": "***Note**: [Comment](https://issues.apache.org/jira/browse/ARROW-8238?focusedCommentId=17071893) by Antoine Pitrou (apitrou):*\nIssue resolved by pull request 6775\n<https://github.com/apache/arrow/pull/6775>"
        }
    ]
}