{
    "issue": {
        "title": "[Cmake] Failures when building Arrow unittests from source",
        "body": "***Note**: This issue was originally created as [ARROW-10278](https://issues.apache.org/jira/browse/ARROW-10278). Please see the [migration documentation](https://gist.github.com/toddfarmer/12aa88361532d21902818a6044fda4c3) for further details.*\n\n### Original Issue Description:\nI've started to get errors while building the unit tests from source.\r\n\r\nFollowing the developer docs, I run this:\r\n\r\n\u00a0\r\n```java\n\r\ncd arrow/cpp/debug \r\ncmake -DCMAKE_BUILD_TYPE=Debug -DARROW_BUILD_TESTS=ON .. \r\nmake unittest\r\n```\r\nOn current master I get a number of failures:\r\n\r\n\u00a0\r\n```java\n\r\nThe following tests FAILED:\r\n 1 - arrow-array-test (Failed)\r\n 2 - arrow-buffer-test (Failed)\r\n 4 - arrow-misc-test (Failed)\r\n 6 - arrow-scalar-test (Failed)\r\n 7 - arrow-type-test (Failed)\r\n 8 - arrow-table-test (Failed)\r\n 9 - arrow-tensor-test (Failed)\r\n 10 - arrow-sparse-tensor-test (Failed)\r\n 11 - arrow-stl-test (Failed)\r\n 12 - arrow-json-integration-test (Failed)\r\n 13 - arrow-concatenate-test (Failed)\r\n 14 - arrow-diff-test (Failed)\r\n 15 - arrow-c-bridge-test (Failed)\r\n 17 - arrow-io-compressed-test (Failed)\r\n 19 - arrow-io-memory-test (Failed)\r\n 20 - arrow-utility-test (Failed)\r\n 21 - arrow-threading-utility-test (Failed)\r\n 23 - arrow-compute-scalar-test (Failed)\r\n 24 - arrow-compute-vector-test (Failed)\r\n 26 - arrow-feather-test (Failed)\r\n 27 - arrow-ipc-json-simple-test (Failed)\r\n 28 - arrow-ipc-read-write-test (Failed)\r\n 29 - arrow-ipc-tensor-test (Failed)\r\n 30 - arrow-json-test (Failed)\r\nErrors while running CTest\r\nmake[3]: *** [CMakeFiles/unittest.dir/build.make:76: CMakeFiles/unittest] Error 8\r\nmake[2]: *** [CMakeFiles/Makefile2:572: CMakeFiles/unittest.dir/all] Error 2\r\nmake[1]: *** [CMakeFiles/Makefile2:579: CMakeFiles/unittest.dir/rule] Error 2\r\nmake: *** [Makefile:246: unittest] Error 2\r\n\u00a0\r\n```\r\nScrolling up I see that these all fail with this message:\r\n\r\n\u00a0\r\n```java\n\r\n18/30 Test #23: arrow-compute-scalar-test ........***Failed 0.11 sec\r\nRunning arrow-compute-scalar-test, redirecting output into /home/andrew/git_repo/arrow/cpp/debug/build/test-logs/arrow-compute-scalar-test.txt (attempt 1/1)\r\n/home/andrew/git_repo/arrow/cpp/debug/debug/arrow-compute-scalar-test: symbol lookup error: /home/andrew/git_repo/arrow/cpp/debug/debug/arrow-compute-scalar-test: undefined symbol: _ZN5arrow6Status14AddContextLineEPKciS2_\r\ncat: /home/andrew/git_repo/arrow/cpp/debug/build/test-logs/arrow-compute-scalar-test.txt.raw: No such file or directory\r\n~/git_repo/arrow/cpp/debug/src/arrow/compute/kernels\r\n\u00a0\r\n```\r\nI appreciate any comments/ideas on how to fix this!\r\n \u00a0",
        "created_at": "2020-10-12T04:24:39.000Z",
        "updated_at": "2020-10-12T19:07:46.000Z",
        "labels": [
            "Migrated from Jira",
            "Component: C++",
            "Type: test"
        ],
        "closed": true,
        "closed_at": "2020-10-12T19:02:54.000Z"
    },
    "comments": [
        {
            "created_at": "2020-10-12T13:15:34.932Z",
            "body": "***Note**: [Comment](https://issues.apache.org/jira/browse/ARROW-10278?focusedCommentId=17212357) by Joris Van den Bossche (jorisvandenbossche):*\nI don't get any error on latest master running the compute tests locally. Are you sure that you did fully rebuilt arrow before running the tests? "
        },
        {
            "created_at": "2020-10-12T13:16:57.727Z",
            "body": "***Note**: [Comment](https://issues.apache.org/jira/browse/ARROW-10278?focusedCommentId=17212358) by Joris Van den Bossche (jorisvandenbossche):*\nThe error is related to the ARROW_EXTRA_ERROR_CONTEXT (do you have that turned on or off when building?)"
        },
        {
            "created_at": "2020-10-12T13:53:27.232Z",
            "body": "***Note**: [Comment](https://issues.apache.org/jira/browse/ARROW-10278?focusedCommentId=17212388) by Antoine Pitrou (apitrou):*\nJust like Joris, I don't get any errors when trying to reproduce. I suggest you wipe your CMake build directory and try again."
        },
        {
            "created_at": "2020-10-12T19:02:18.440Z",
            "body": "***Note**: [Comment](https://issues.apache.org/jira/browse/ARROW-10278?focusedCommentId=17212606) by Andrew Wieteska (arw2019):*\nI had\u00a0ARROW_EXTRA_ERROR_CONTEXT=ON before, then attempted to build with ARROW_EXTRA_ERROR_CONTEXT=OFF. Wiping the build directory as you suggested solved this.\r\n\r\nThanks so much\u00a0 `[~apitrou]` `[~jorisvandenbossche]`!"
        }
    ]
}