{
    "issue": {
        "title": "[C++] Use of gmock fails in compute/kernels/util-internal-test.cc ",
        "body": "***Note**: This issue was originally created as [ARROW-4869](https://issues.apache.org/jira/browse/ARROW-4869). Please see the [migration documentation](https://gist.github.com/toddfarmer/12aa88361532d21902818a6044fda4c3) for further details.*\n\n### Original Issue Description:\nOut of the box build with \r\n\r\n```Java\n\r\ncmake .. -DARROW_BUILD_TESTS=ON -DARROW_BUILD_BENCHMARKS=ON -DARROW_PARQUET=ON -DARROW_GANDIVA=ON -DARROW_FLIGHT=ON -DARROW_BOOST_VENDORED=ON\r\n```\r\n\r\n```Java\n\r\n[ 57%] Building CXX object src/arrow/ipc/CMakeFiles/arrow-ipc-json-simple-test.dir/json-simple-test.cc.o\r\n/home/wesm/code/arrow/cpp/src/arrow/compute/kernels/util-internal-test.cc:152:3: error: reference to non-static member function must be called; did you mean to call it with no arguments?\r\n  ((mock).gmock_out_type).InternalExpectedAt(\"/home/wesm/code/arrow/cpp/src/arrow/compute/kernels/util-internal-test.cc\", 152, \"mock\", \"out_type\").WillRepeatedly(Return(boolean()));\r\n  ^~~~~~~~~~~~~~~~~~~~~~~\r\n                         ()\r\n/home/wesm/code/arrow/cpp/src/arrow/compute/kernels/util-internal-test.cc:173:3: error: reference to non-static member function must be called; did you mean to call it with no arguments?\r\n  ((mock).gmock_out_type).InternalExpectedAt(\"/home/wesm/code/arrow/cpp/src/arrow/compute/kernels/util-internal-test.cc\", 173, \"mock\", \"out_type\").WillRepeatedly(Return(int32()));\r\n  ^~~~~~~~~~~~~~~~~~~~~~~\r\n                         ()\r\n/home/wesm/code/arrow/cpp/src/arrow/compute/kernels/util-internal-test.cc:192:3: error: reference to non-static member function must be called; did you mean to call it with no arguments?\r\n  ((mock).gmock_out_type).InternalExpectedAt(\"/home/wesm/code/arrow/cpp/src/arrow/compute/kernels/util-internal-test.cc\", 192, \"mock\", \"out_type\").WillRepeatedly(Return(boolean()));\r\n  ^~~~~~~~~~~~~~~~~~~~~~~\r\n                         ()\r\n/home/wesm/code/arrow/cpp/src/arrow/compute/kernels/util-internal-test.cc:213:3: error: reference to non-static member function must be called; did you mean to call it with no arguments?\r\n  ((mock).gmock_out_type).InternalExpectedAt(\"/home/wesm/code/arrow/cpp/src/arrow/compute/kernels/util-internal-test.cc\", 213, \"mock\", \"out_type\").WillRepeatedly(Return(int32()));\r\n  ^~~~~~~~~~~~~~~~~~~~~~~\r\n                         ()\r\n4 errors generated.\r\nmake[2]: *** [src/arrow/compute/kernels/CMakeFiles/arrow-compute-util-internal-test.dir/util-internal-test.cc.o] Error 1\r\nmake[1]: *** [src/arrow/compute/kernels/CMakeFiles/arrow-compute-util-internal-test.dir/all] Error 2\r\nmake[1]: *** Waiting for unfinished jobs....\r\n```",
        "created_at": "2019-03-14T13:36:24.000Z",
        "updated_at": "2019-03-19T07:46:45.000Z",
        "labels": [
            "Migrated from Jira",
            "Component: C++",
            "Type: bug"
        ],
        "closed": true,
        "closed_at": "2019-03-19T07:46:45.000Z"
    },
    "comments": [
        {
            "created_at": "2019-03-19T07:46:45.302Z",
            "body": "***Note**: [Comment](https://issues.apache.org/jira/browse/ARROW-4869?focusedCommentId=16795791) by Krisztian Szucs (kszucs):*\nIssue resolved by pull request 3969\n<https://github.com/apache/arrow/pull/3969>"
        }
    ]
}