{
    "issue": {
        "title": "[C++][Dataset] Static build is failed",
        "body": "***Note**: This issue was originally created as [ARROW-11229](https://issues.apache.org/jira/browse/ARROW-11229). Please see the [migration documentation](https://gist.github.com/toddfarmer/12aa88361532d21902818a6044fda4c3) for further details.*\n\n### Original Issue Description:\nThis is caused by ARROW-10322.\r\n\r\nhttps://app.circleci.com/pipelines/github/ursa-labs/crossbow/68346/workflows/fad0ef52-c3be-4193-806d-c1d39a58391b/jobs/14491\r\n\r\n```\n\r\n[469/638] Linking CXX executable debug/arrow-dataset-expression-testt.dir/level_conversion_test.cc.oKo.o.cc.oKKK\r\nFAILED: debug/arrow-dataset-expression-test \r\n: && /usr/bin/ccache /usr/bin/c++  -Wno-noexcept-type  -fdiagnostics-color=always -ggdb -O0  -Wall -Wno-conversion -Wno-deprecated-declarations -Wno-sign-conversion -Wno-unused-variable -Werror -fno-semantic-interposition -msse4.2  -g   src/arrow/dataset/CMakeFiles/arrow-dataset-expression-test.dir/expression_test.cc.o  -o debug/arrow-dataset-expression-test  -Wl,-rpath,/build/cpp/googletest_ep-prefix/lib debug/libarrow_testing.a debug/libarrow.a /usr/lib/x86_64-linux-gnu/libcrypto.so /usr/lib/x86_64-linux-gnu/libssl.so /usr/lib/x86_64-linux-gnu/libbrotlienc.so /usr/lib/x86_64-linux-gnu/libbrotlidec.so /usr/lib/x86_64-linux-gnu/libbrotlicommon.so orc_ep-install/lib/liborc.a /usr/lib/x86_64-linux-gnu/libprotobuf.so /usr/lib/x86_64-linux-gnu/libglog.so /usr/lib/x86_64-linux-gnu/libutf8proc.so /usr/lib/x86_64-linux-gnu/libre2.so -ldl /usr/lib/x86_64-linux-gnu/libboost_filesystem.so /usr/lib/x86_64-linux-gnu/libboost_system.so debug/libarrow_dataset.a debug/libarrow_testing.a debug/libarrow.a /usr/lib/x86_64-linux-gnu/libcrypto.so /usr/lib/x86_64-linux-gnu/libssl.so /usr/lib/x86_64-linux-gnu/libbrotlienc.so /usr/lib/x86_64-linux-gnu/libbrotlidec.so /usr/lib/x86_64-linux-gnu/libbrotlicommon.so orc_ep-install/lib/liborc.a /usr/lib/x86_64-linux-gnu/libprotobuf.so /usr/lib/x86_64-linux-gnu/libglog.so /usr/lib/x86_64-linux-gnu/libutf8proc.so /usr/lib/x86_64-linux-gnu/libre2.so -ldl googletest_ep-prefix/lib/libgtest_maind.so googletest_ep-prefix/lib/libgtestd.so googletest_ep-prefix/lib/libgmockd.so /usr/lib/x86_64-linux-gnu/libboost_filesystem.so /usr/lib/x86_64-linux-gnu/libboost_system.so debug/libparquet.a debug/libarrow.a /usr/lib/x86_64-linux-gnu/libssl.so /usr/lib/x86_64-linux-gnu/libcrypto.so /usr/lib/x86_64-linux-gnu/libbrotlienc.so /usr/lib/x86_64-linux-gnu/libbrotlidec.so /usr/lib/x86_64-linux-gnu/libbrotlicommon.so orc_ep-install/lib/liborc.a /usr/lib/x86_64-linux-gnu/libprotobuf.so /usr/lib/x86_64-linux-gnu/libglog.so /usr/lib/x86_64-linux-gnu/libutf8proc.so /usr/lib/x86_64-linux-gnu/libre2.so -ldl /usr/lib/x86_64-linux-gnu/libbz2.so /usr/lib/x86_64-linux-gnu/liblz4.so /usr/lib/x86_64-linux-gnu/libsnappy.so /usr/lib/x86_64-linux-gnu/libz.so /usr/lib/x86_64-linux-gnu/libzstd.so jemalloc_ep-prefix/src/jemalloc_ep/dist//lib/libjemalloc_pic.a -pthread -lrt thrift_ep-install/lib/libthriftd.a && :\r\ndebug/libarrow_dataset.a(expression.cc.o): In function `arrow::dataset::CallNotNull(arrow::dataset::Expression const&)':\r\n/arrow/cpp/src/arrow/dataset/expression_internal.h:37: multiple definition of `arrow::dataset::CallNotNull(arrow::dataset::Expression const&)'\r\nsrc/arrow/dataset/CMakeFiles/arrow-dataset-expression-test.dir/expression_test.cc.o:/arrow/cpp/src/arrow/dataset/expression_internal.h:37: first defined here\r\ncollect2: error: ld returned 1 exit status\r\n```",
        "created_at": "2021-01-12T22:25:21.000Z",
        "updated_at": "2021-01-13T10:32:56.000Z",
        "labels": [
            "Migrated from Jira",
            "Component: C++",
            "Type: bug"
        ],
        "closed": true,
        "closed_at": "2021-01-13T10:32:50.000Z"
    },
    "comments": [
        {
            "created_at": "2021-01-13T10:32:50.842Z",
            "body": "***Note**: [Comment](https://issues.apache.org/jira/browse/ARROW-11229?focusedCommentId=17264049) by Antoine Pitrou (apitrou):*\nIssue resolved by pull request 9180\n<https://github.com/apache/arrow/pull/9180>"
        }
    ]
}