{
    "issue": {
        "title": "[CI][C++] OSS-Fuzz build failure",
        "body": "***Note**: This issue was originally created as [ARROW-14554](https://issues.apache.org/jira/browse/ARROW-14554). Please see the [migration documentation](https://gist.github.com/toddfarmer/12aa88361532d21902818a6044fda4c3) for further details.*\n\n### Original Issue Description:\nThe OSS-Fuzz builds have been starting failing ~2 weeks ago due to the workaround for ARROW-14393.\r\n\r\nSee e.g. https://oss-fuzz-build-logs.storage.googleapis.com/log-cbfd2cc7-7e12-4994-a21b-47a86ad9e606.txt\r\n\r\n```Java\n\r\nStep #3 - \"compile-afl-address-x86_64\": [51/315] Performing build step for 'googletest_ep'\r\nStep #3 - \"compile-afl-address-x86_64\": FAILED: googletest_ep-prefix/src/googletest_ep-stamp/googletest_ep-build googletest_ep-prefix/lib/libgtest.so googletest_ep-prefix/lib/libgtest_main.so googletest_ep-prefix/lib/libgmock.so /work/googletest_ep-prefix/src/googletest_ep-stamp/googletest_ep-build /work/googletest_ep-prefix/lib/libgtest.so /work/googletest_ep-prefix/lib/libgtest_main.so /work/googletest_ep-prefix/lib/libgmock.so \r\nStep #3 - \"compile-afl-address-x86_64\": cd /work/googletest_ep-prefix/src/googletest_ep-build && /usr/local/bin/cmake -P /work/googletest_ep-prefix/src/googletest_ep-stamp/googletest_ep-build-RELEASE.cmake && /usr/local/bin/cmake -E touch /work/googletest_ep-prefix/src/googletest_ep-stamp/googletest_ep-build\r\nStep #3 - \"compile-afl-address-x86_64\": CMake Error at /work/googletest_ep-prefix/src/googletest_ep-stamp/googletest_ep-build-RELEASE.cmake:37 (message):\r\nStep #3 - \"compile-afl-address-x86_64\":   Command failed: 1\r\nStep #3 - \"compile-afl-address-x86_64\": \r\nStep #3 - \"compile-afl-address-x86_64\":    '/usr/local/bin/cmake' '--build' '.'\r\nStep #3 - \"compile-afl-address-x86_64\": \r\nStep #3 - \"compile-afl-address-x86_64\":   See also\r\nStep #3 - \"compile-afl-address-x86_64\": \r\nStep #3 - \"compile-afl-address-x86_64\":     /work/googletest_ep-prefix/src/googletest_ep-stamp/googletest_ep-build-*.log\r\nStep #3 - \"compile-afl-address-x86_64\": \r\nStep #3 - \"compile-afl-address-x86_64\": \r\nStep #3 - \"compile-afl-address-x86_64\": -- stdout output is:\r\nStep #3 - \"compile-afl-address-x86_64\": ...skipping to end...\r\nStep #3 - \"compile-afl-address-x86_64\": s.h:47:\r\nStep #3 - \"compile-afl-address-x86_64\": In file included from /work/googletest_ep-prefix/src/googletest_ep/googlemock/include/gmock/gmock-spec-builders.h:75:\r\nStep #3 - \"compile-afl-address-x86_64\": /work/googletest_ep-prefix/src/googletest_ep/googlemock/include/gmock/gmock-matchers.h:1506:3: error: definition of implicit copy constructor for 'FloatingEqMatcher<double>' is deprecated because it has a user-declared copy assignment operator [-Werror,-Wdeprecated-copy]\r\nStep #3 - \"compile-afl-address-x86_64\":   GTEST_DISALLOW_ASSIGN_(FloatingEqMatcher);\r\nStep #3 - \"compile-afl-address-x86_64\":   ^\r\nStep #3 - \"compile-afl-address-x86_64\": /work/googletest_ep-prefix/src/googletest_ep/googletest/include/gtest/internal/gtest-port.h:682:8: note: expanded from macro 'GTEST_DISALLOW_ASSIGN_'\r\nStep #3 - \"compile-afl-address-x86_64\":   void operator=(type const &) = delete\r\nStep #3 - \"compile-afl-address-x86_64\":        ^\r\nStep #3 - \"compile-afl-address-x86_64\": /work/googletest_ep-prefix/src/googletest_ep/googlemock/include/gmock/gmock-matchers.h:3632:10: note: in implicit copy constructor for 'testing::internal::FloatingEqMatcher<double>' first required here\r\nStep #3 - \"compile-afl-address-x86_64\":   return internal::FloatingEqMatcher<double>(rhs, false);\r\nStep #3 - \"compile-afl-address-x86_64\":          ^\r\n\r\n[etc.]\r\n```\r\n",
        "created_at": "2021-11-02T13:59:03.000Z",
        "updated_at": "2021-11-04T02:02:13.000Z",
        "labels": [
            "Migrated from Jira",
            "Component: C++",
            "Component: Continuous Integration",
            "Type: bug"
        ],
        "closed": true,
        "closed_at": "2021-11-03T15:48:01.000Z"
    },
    "comments": [
        {
            "created_at": "2021-11-03T15:48:01.233Z",
            "body": "***Note**: [Comment](https://issues.apache.org/jira/browse/ARROW-14554?focusedCommentId=17438160) by Krisztian Szucs (kszucs):*\nIssue resolved by pull request 11583\n<https://github.com/apache/arrow/pull/11583>"
        }
    ]
}