{
    "issue": {
        "title": "[C++][Python] Failed to build with g++ 4.8.5",
        "body": "***Note**: This issue was originally created as [ARROW-14369](https://issues.apache.org/jira/browse/ARROW-14369). Please see the [migration documentation](https://gist.github.com/toddfarmer/12aa88361532d21902818a6044fda4c3) for further details.*\n\n### Original Issue Description:\nCaused by ARROW-14217.\r\n\r\nhttps://github.com/ursacomputing/crossbow/runs/3928114316?check_suite_focus=true#step:8:913\r\n\r\n```\n\r\nFAILED: src/arrow/python/CMakeFiles/arrow_python_objlib.dir/helpers.cc.o \r\n/usr/lib64/ccache/c++  -DARROW_HAVE_RUNTIME_SSE4_2 -DARROW_HAVE_SSE4_2 -DARROW_HDFS -DARROW_JEMALLOC -DARROW_JEMALLOC_INCLUDE_DIR=\"\" -DARROW_PYTHON_EXPORTING -DARROW_WITH_BROTLI -DARROW_WITH_BZ2 -DARROW_WITH_LZ4 -DARROW_WITH_RE2 -DARROW_WITH_SNAPPY -DARROW_WITH_TIMING_TESTS -DARROW_WITH_UTF8PROC -DARROW_WITH_ZLIB -DARROW_WITH_ZSTD -DURI_STATIC_BUILD -DUTF8PROC_STATIC -Isrc -I../src -I../src/generated -isystem ../thirdparty/flatbuffers/include -isystem /usr/include/boost169 -isystem thrift_ep-install/include -isystem protobuf_ep-install/include -isystem jemalloc_ep-prefix/src -isystem xsimd_ep/src/xsimd_ep-install/include -isystem re2_ep-install/include -isystem utf8proc_ep-install/include -isystem ../thirdparty/hadoop/include -isystem orc_ep-install/include -isystem /usr/lib64/python3.6/site-packages/numpy/core/include -isystem /usr/include/python3.6m -O2 -g -pipe -Wall -Wp,-D_FORTIFY_SOURCE=2 -fexceptions -fstack-protector-strong --param=ssp-buffer-size=4 -grecord-gcc-switches   -m64 -mtune=generic -O3 -DNDEBUG  -Wall -Wno-attributes -msse4.2  -DNDEBUG -fPIC   -std=c++11 -MD -MT src/arrow/python/CMakeFiles/arrow_python_objlib.dir/helpers.cc.o -MF src/arrow/python/CMakeFiles/arrow_python_objlib.dir/helpers.cc.o.d -o src/arrow/python/CMakeFiles/arrow_python_objlib.dir/helpers.cc.o -c ../src/arrow/python/helpers.cc\r\n../src/arrow/python/helpers.cc: In function 'arrow::Result<arrow::py::OwnedRef> arrow::py::internal::{anonymous}::PyObjectToPyInt(PyObject*)':\r\n../src/arrow/python/helpers.cc:170:12: error: cannot bind 'arrow::py::OwnedRef' lvalue to 'arrow::py::OwnedRef&&'\r\n     return ref;\r\n            ^\r\nIn file included from ../src/arrow/type.h:30:0,\r\n                 from ../src/arrow/python/helpers.h:32,\r\n                 from ../src/arrow/python/helpers.cc:21:\r\n../src/arrow/result.h:177:3: error:   initializing argument 1 of 'arrow::Result<T>::Result(T&&) [with T = arrow::py::OwnedRef]'\r\n   Result(T&& value) noexcept {  // NOLINT(runtime/explicit)\r\n   ^\r\n../src/arrow/python/helpers.cc:180:12: error: cannot bind 'arrow::py::OwnedRef' lvalue to 'arrow::py::OwnedRef&&'\r\n     return ref;\r\n            ^\r\nIn file included from ../src/arrow/type.h:30:0,\r\n                 from ../src/arrow/python/helpers.h:32,\r\n                 from ../src/arrow/python/helpers.cc:21:\r\n../src/arrow/result.h:177:3: error:   initializing argument 1 of 'arrow::Result<T>::Result(T&&) [with T = arrow::py::OwnedRef]'\r\n   Result(T&& value) noexcept {  // NOLINT(runtime/explicit)\r\n   ^\r\n```",
        "created_at": "2021-10-19T00:24:22.000Z",
        "updated_at": "2021-10-19T07:36:39.000Z",
        "labels": [
            "Migrated from Jira",
            "Component: C++",
            "Component: Python",
            "Type: enhancement"
        ],
        "closed": true,
        "closed_at": "2021-10-19T04:41:18.000Z"
    },
    "comments": [
        {
            "created_at": "2021-10-19T04:41:18.149Z",
            "body": "***Note**: [Comment](https://issues.apache.org/jira/browse/ARROW-14369?focusedCommentId=17430306) by Kouhei Sutou (kou):*\nIssue resolved by pull request 11454\n<https://github.com/apache/arrow/pull/11454>"
        }
    ]
}