{
    "issue": {
        "title": "[CI][C++] test-ubuntu-18.04-cpp-static failing with linking error in arrow-io-hdfs-test",
        "body": "***Note**: This issue was originally created as [ARROW-7450](https://issues.apache.org/jira/browse/ARROW-7450). Please see the [migration documentation](https://gist.github.com/toddfarmer/12aa88361532d21902818a6044fda4c3) for further details.*\n\n### Original Issue Description:\nsee https://github.com/ursa-labs/crossbow/branches/all?query=nightly-2019-12-20-0-circle-test-ubuntu-18.04-cpp-static\r\n\r\n```Java\n\r\nFAILED: debug/arrow-io-hdfs-test\r\n: && /usr/bin/ccache /usr/bin/c++  -Wno-noexcept-type  -fdiagnostics-color=always -ggdb -O0  -Wall -Wno-conversion -Wno-sign-conversion -Wno-unused-variable -Werror -msse4.2  -g  -rdynamic src/arrow/io/CMakeFiles/arrow-io-hdfs-test.dir/hdfs_test.cc.o  -o debug/arrow-io-hdfs-test  -Wl,-rpath,/build/cpp/debug debug/libarrow_testing.a debug/libarrow.a /usr/lib/x86_64-linux-gnu/libcrypto.so /usr/lib/x86_64-linux-gnu/libssl.so /usr/lib/x86_64-linux-gnu/libbrotlienc.so /usr/lib/x86_64-linux-gnu/libbrotlidec.so /usr/lib/x86_64-linux-gnu/libbrotlicommon.so /usr/lib/x86_64-linux-gnu/libprotobuf.so orc_ep-install/lib/liborc.a /usr/lib/x86_64-linux-gnu/libglog.so -ldl debug//libgtest_maind.so debug//libgtestd.so debug//libgmockd.so /usr/lib/x86_64-linux-gnu/libcrypto.so /usr/lib/x86_64-linux-gnu/libbz2.so /usr/lib/x86_64-linux-gnu/liblz4.so /usr/lib/x86_64-linux-gnu/libsnappy.so.1.1.7 /usr/lib/x86_64-linux-gnu/libz.so /usr/lib/x86_64-linux-gnu/libzstd.so jemalloc_ep-prefix/src/jemalloc_ep/dist//lib/libjemalloc_pic.a -pthread -lrt && :\r\nsrc/arrow/io/CMakeFiles/arrow-io-hdfs-test.dir/hdfs_test.cc.o: In function `__static_initialization_and_destruction_0(int, int)':\r\n/usr/include/boost/system/error_code.hpp:206: undefined reference to `boost::system::generic_category()'\r\n/usr/include/boost/system/error_code.hpp:208: undefined reference to `boost::system::generic_category()'\r\n/usr/include/boost/system/error_code.hpp:210: undefined reference to `boost::system::system_category()'\r\nsrc/arrow/io/CMakeFiles/arrow-io-hdfs-test.dir/hdfs_test.cc.o: In function `boost::system::error_category::std_category::equivalent(int, std::error_condition const&) const':\r\n/usr/include/boost/system/error_code.hpp:656: undefined reference to `boost::system::generic_category()'\r\n/usr/include/boost/system/error_code.hpp:659: undefined reference to `boost::system::generic_category()'\r\nsrc/arrow/io/CMakeFiles/arrow-io-hdfs-test.dir/hdfs_test.cc.o: In function `boost::system::error_category::std_category::equivalent(std::error_code const&, int) const':\r\n/usr/include/boost/system/error_code.hpp:686: undefined reference to `boost::system::generic_category()'\r\n/usr/include/boost/system/error_code.hpp:689: undefined reference to `boost::system::generic_category()'\r\n/usr/include/boost/system/error_code.hpp:701: undefined reference to `boost::system::generic_category()'\r\nsrc/arrow/io/CMakeFiles/arrow-io-hdfs-test.dir/hdfs_test.cc.o: In function `boost::filesystem::operator/(boost::filesystem::path const&, boost::filesystem::path const&)':\r\n/usr/include/boost/filesystem/path.hpp:792: undefined reference to `boost::filesystem::path::operator/=(boost::filesystem::path const&)'\r\nsrc/arrow/io/CMakeFiles/arrow-io-hdfs-test.dir/hdfs_test.cc.o: In function `boost::filesystem::temp_directory_path()':\r\n/usr/include/boost/filesystem/operations.hpp:716: undefined reference to `boost::filesystem::detail::temp_directory_path(boost::system::error_code*)'\r\nsrc/arrow/io/CMakeFiles/arrow-io-hdfs-test.dir/hdfs_test.cc.o: In function `boost::filesystem::unique_path(boost::filesystem::path const&)':\r\n/usr/include/boost/filesystem/operations.hpp:723: undefined reference to `boost::filesystem::detail::unique_path(boost::filesystem::path const&, boost::system::error_code*)'\r\ncollect2: error: ld returned 1 exit status\r\n```\r\n\r\npossibly related to ARROW-6742",
        "created_at": "2019-12-20T14:35:09.000Z",
        "updated_at": "2020-01-07T00:06:09.000Z",
        "labels": [
            "Migrated from Jira",
            "Component: C++",
            "Type: bug"
        ],
        "closed": true,
        "closed_at": "2020-01-07T00:06:09.000Z"
    },
    "comments": [
        {
            "created_at": "2020-01-07T00:06:09.408Z",
            "body": "***Note**: [Comment](https://issues.apache.org/jira/browse/ARROW-7450?focusedCommentId=17009249) by Neal Richardson (npr):*\nIssue resolved by pull request 6130\n<https://github.com/apache/arrow/pull/6130>"
        }
    ]
}