{
    "issue": {
        "title": "[C++] Version up ORC to avoid compile errors",
        "body": "***Note**: This issue was originally created as [ARROW-7036](https://issues.apache.org/jira/browse/ARROW-7036). Please see the [migration documentation](https://gist.github.com/toddfarmer/12aa88361532d21902818a6044fda4c3) for further details.*\n\n### Original Issue Description:\nI encountered the compile errors due to `-Wshadow-field` like below:\r\n\r\n```\n\r\n[1/4] Building CXX object c++/src/CMakeFiles/orc.dir/Vector.cc.o\r\nFAILED: c++/src/CMakeFiles/orc.dir/Vector.cc.o\r\n/Applications/Xcode_11.1.app/Contents/Developer/Toolchains/XcodeDefault.xctoolchain/usr/bin/c++   -Ic++/include -I/Users/mrkn/src/github.com/apache/arrow/cpp/build.debug/orc_ep-prefix/src/orc_ep/c++/include -I/Users/mrkn/src/github.com/apa\r\nche/arrow/cpp/build.debug/orc_ep-prefix/src/orc_ep/c++/src -Ic++/src -isystem c++/libs/thirdparty/zlib_ep-install/include -isystem c++/libs/thirdparty/lz4_ep-install/include -Qunused-arguments -fcolor-diagnostics -ggdb -O0 -g -fPIC  -Wno-z\r\nero-as-null-pointer-constant -Wno-inconsistent-missing-destructor-override -Wno-error=undef -std=c++11 -Weverything -Wno-c++98-compat -Wno-missing-prototypes -Wno-c++98-compat-pedantic -Wno-padded -Wno-covered-switch-default -Wno-missing-n\r\noreturn -Wno-unknown-pragmas -Wno-gnu-zero-variadic-macro-arguments -Wconversion -Werror -std=c++11 -Weverything -Wno-c++98-compat -Wno-missing-prototypes -Wno-c++98-compat-pedantic -Wno-padded -Wno-covered-switch-default -Wno-missing-nore\r\nturn -Wno-unknown-pragmas -Wno-gnu-zero-variadic-macro-arguments -Wconversion -Werror -O0 -g -MD -MT c++/src/CMakeFiles/orc.dir/Vector.cc.o -MF c++/src/CMakeFiles/orc.dir/Vector.cc.o.d -o c++/src/CMakeFiles/orc.dir/Vector.cc.o -c /Users/mr\r\nkn/src/github.com/apache/arrow/cpp/build.debug/orc_ep-prefix/src/orc_ep/c++/src/Vector.cc\r\n/Users/mrkn/src/github.com/apache/arrow/cpp/build.debug/orc_ep-prefix/src/orc_ep/c++/src/Vector.cc:59:45: error: parameter 'capacity' shadows member inherited from type 'ColumnVectorBatch' [-Werror,-Wshadow-field]\r\n  LongVectorBatch::LongVectorBatch(uint64_t capacity, MemoryPool& pool\r\n                                            ^\r\n/Users/mrkn/src/github.com/apache/arrow/cpp/build.debug/orc_ep-prefix/src/orc_ep/c++/include/orc/Vector.hh:46:14: note: declared here\r\n    uint64_t capacity;\r\n             ^\r\n/Users/mrkn/src/github.com/apache/arrow/cpp/build.debug/orc_ep-prefix/src/orc_ep/c++/src/Vector.cc:87:49: error: parameter 'capacity' shadows member inherited from type 'ColumnVectorBatch' [-Werror,-Wshadow-field]\r\n  DoubleVectorBatch::DoubleVectorBatch(uint64_t capacity, MemoryPool& pool\r\n                                                ^\r\n/Users/mrkn/src/github.com/apache/arrow/cpp/build.debug/orc_ep-prefix/src/orc_ep/c++/include/orc/Vector.hh:46:14: note: declared here\r\n    uint64_t capacity;\r\n             ^\r\n/Users/mrkn/src/github.com/apache/arrow/cpp/build.debug/orc_ep-prefix/src/orc_ep/c++/src/Vector.cc:115:49: error: parameter 'capacity' shadows member inherited from type 'ColumnVectorBatch' [-Werror,-Wshadow-field]\r\n  StringVectorBatch::StringVectorBatch(uint64_t capacity, MemoryPool& pool\r\n                                                ^\r\n/Users/mrkn/src/github.com/apache/arrow/cpp/build.debug/orc_ep-prefix/src/orc_ep/c++/include/orc/Vector.hh:46:14: note: declared here\r\n    uint64_t capacity;\r\n             ^\r\n/Users/mrkn/src/github.com/apache/arrow/cpp/build.debug/orc_ep-prefix/src/orc_ep/c++/src/Vector.cc:407:55: error: parameter 'capacity' shadows member inherited from type 'ColumnVectorBatch' [-Werror,-Wshadow-field]\r\n  TimestampVectorBatch::TimestampVectorBatch(uint64_t capacity,\r\n                                                      ^\r\n/Users/mrkn/src/github.com/apache/arrow/cpp/build.debug/orc_ep-prefix/src/orc_ep/c++/include/orc/Vector.hh:46:14: note: declared here\r\n    uint64_t capacity;\r\n             ^\r\n4 errors generated.\r\n```\r\n\r\nUpgrading ORC to 1.5.7 will fix this errors.\r\n\r\nI used Xcode 11.1 on macOS Mojave.",
        "created_at": "2019-10-31T04:43:58.000Z",
        "updated_at": "2019-10-31T07:08:25.000Z",
        "labels": [
            "Migrated from Jira",
            "Component: C++",
            "Type: task"
        ],
        "closed": true,
        "closed_at": "2019-10-31T07:08:25.000Z"
    },
    "comments": [
        {
            "created_at": "2019-10-31T07:08:25.066Z",
            "body": "***Note**: [Comment](https://issues.apache.org/jira/browse/ARROW-7036?focusedCommentId=16963717) by Kouhei Sutou (kou):*\nIssue resolved by pull request 5762\n<https://github.com/apache/arrow/pull/5762>"
        }
    ]
}