{
    "issue": {
        "title": "[Release][Rust] arrow-testing is missing in verification script",
        "body": "***Note**: This issue was originally created as [ARROW-5048](https://issues.apache.org/jira/browse/ARROW-5048). Please see the [migration documentation](https://gist.github.com/toddfarmer/12aa88361532d21902818a6044fda4c3) for further details.*\n\n### Original Issue Description:\n```\n\r\nfailures:\r\n\r\n---- execution::projection::tests::project_first_column stdout ----\r\nthread 'execution::projection::tests::project_first_column' panicked at 'called `Result::unwrap()` on an `Err` value: Os { code: 2, kind: NotFound, message: \"No such file or directory\" }', src/libcore/result.rs:997:5\r\nnote: Run with `RUST_BACKTRACE=1` environment variable to display a backtrace.\r\n\r\n---- execution::aggregate::tests::max_f64_group_by_string stdout ----\r\nthread 'execution::aggregate::tests::max_f64_group_by_string' panicked at 'called `Result::unwrap()` on an `Err` value: Os { code: 2, kind: NotFound, message: \"No such file or directory\" }', src/libcore/result.rs:997:5\r\n\r\n---- execution::aggregate::tests::test_min_max_sum_f64_group_by_uint32 stdout ----\r\nthread 'execution::aggregate::tests::test_min_max_sum_f64_group_by_uint32' panicked at 'called `Result::unwrap()` on an `Err` value: Os { code: 2, kind: NotFound, message: \"No such file or directory\" }', src/libcore/result.rs:997:5\r\n\r\n---- execution::aggregate::tests::min_f64_group_by_string stdout ----\r\nthread 'execution::aggregate::tests::min_f64_group_by_string' panicked at 'called `Result::unwrap()` on an `Err` value: Os { code: 2, kind: NotFound, message: \"No such file or directory\" }', src/libcore/result.rs:997:5\r\n\r\n\r\nfailures:\r\n    execution::aggregate::tests::max_f64_group_by_string\r\n    execution::aggregate::tests::min_f64_group_by_string\r\n    execution::aggregate::tests::test_min_max_sum_f64_group_by_uint32\r\n    execution::projection::tests::project_first_column\r\n\r\ntest result: FAILED. 36 passed; 4 failed; 0 ignored; 0 measured; 0 filtered out\r\n\r\nerror: test failed, to rerun pass '-p datafusion --lib'\r\n```",
        "created_at": "2019-03-28T01:58:28.000Z",
        "updated_at": "2019-03-28T02:08:15.000Z",
        "labels": [
            "Migrated from Jira",
            "Component: Packaging",
            "Component: Rust",
            "Type: bug"
        ],
        "closed": true,
        "closed_at": "2019-03-28T02:08:08.000Z"
    },
    "comments": [
        {
            "created_at": "2019-03-28T02:08:08.200Z",
            "body": "***Note**: [Comment](https://issues.apache.org/jira/browse/ARROW-5048?focusedCommentId=16803538) by Kouhei Sutou (kou):*\nIssue resolved by pull request 4063\n<https://github.com/apache/arrow/pull/4063>"
        }
    ]
}