{
    "issue": {
        "title": "arrow header compiler error using nvcc",
        "body": "***Note**: This issue was originally created as [ARROW-8620](https://issues.apache.org/jira/browse/ARROW-8620). Please see the [migration documentation](https://gist.github.com/toddfarmer/12aa88361532d21902818a6044fda4c3) for further details.*\n\n### Original Issue Description:\nI am using arrow api form the document\r\nhttps://arrow.apache.org/docs/developers/cpp/building.html#system-setup\r\nit works find\r\nI combine my CUDA code with arrow header the error appears\r\nnvcc main.cu -o -larrow\r\nBoth my arrow code and CUDA code can compile correctly,put then together the error appears \r\n \r\n\r\n```java\n\r\n/usr/local/include/arrow/vendored/variant.hpp:2381:109: error: expansion pattern 'Dummy' contains no argument packs\r\n     template <bool Dummy = true,\r\n                                                                                                             \r\n/usr/local/include/arrow/vendored/variant.hpp:2381:278: error: template argument 3 is invalid\r\n     template <bool Dummy = true,\r\n                                                                                                                                                                                                                                                                                      \r\n/usr/local/include/arrow/vendored/variant.hpp:2381:316: error: expansion pattern 'Dummy' contains no argument packs\r\n     template <bool Dummy = true,\r\n                                                                                                                                                                                                                                                                                                                            \r\n/usr/local/include/arrow/vendored/variant.hpp:2381:491: error: template argument 2 is invalid\r\n     template <bool Dummy = true,\r\n                                                                                                                                                                                                                                                                                                                                                                                                                                                                                                           \r\n/usr/local/include/arrow/vendored/variant.hpp:2381:493: error: template argument 1 is invalid\r\n     template <bool Dummy = true,\r\n                                                                                                                                                                                                                                                                                                                                                                                                                                                                                                         \r\n/usr/local/include/arrow/vendored/variant.hpp:2381:493: error: template argument 2 is invalid\r\n/usr/local/include/arrow/vendored/variant.hpp:2381:507: error: template argument 1 is invalid\r\n     template <bool Dummy = true,\r\n```",
        "created_at": "2020-04-29T11:42:45.000Z",
        "updated_at": "2020-04-29T12:33:00.000Z",
        "labels": [
            "Migrated from Jira",
            "Component: C++",
            "Type: bug"
        ],
        "closed": true,
        "closed_at": "2020-04-29T12:33:00.000Z"
    },
    "comments": [
        {
            "created_at": "2020-04-29T12:33:00.577Z",
            "body": "***Note**: [Comment](https://issues.apache.org/jira/browse/ARROW-8620?focusedCommentId=17095412) by Wes McKinney (wesm):*\nDup of ARROW-8608"
        }
    ]
}