{
    "issue": {
        "title": "[Python] test_plasma.py fails (in test_plasma_list)",
        "body": "***Note**: This issue was originally created as [ARROW-3344](https://issues.apache.org/jira/browse/ARROW-3344). Please see the [migration documentation](https://gist.github.com/toddfarmer/12aa88361532d21902818a6044fda4c3) for further details.*\n\n### Original Issue Description:\nI routinely get the following failure in `test_plasma.py`:\r\n```Java\n\r\nTraceback (most recent call last):\r\n  File \"/home/antoine/arrow/python/pyarrow/tests/test_plasma.py\", line 825, in test_plasma_list\r\n    assert l3[v][\"ref_count\"] == 1\r\nAssertionError: assert 0 == 1\r\n-------------------------------- Captured stderr call ---------------------------------\r\n../src/plasma/store.cc:926: Allowing the Plasma store to use up to 0.1GB of memory.\r\n../src/plasma/store.cc:956: Starting object store with directory /dev/shm and huge page support disabled\r\n```\r\n\r\nI'm not sure whether there's something wrong in my setup (on Ubuntu 18.04, x86-64), or it's a genuine bug.",
        "created_at": "2018-09-27T12:58:23.000Z",
        "updated_at": "2019-05-30T18:16:16.000Z",
        "labels": [
            "Migrated from Jira",
            "Component: C++ - Plasma",
            "Component: Python",
            "Type: bug"
        ],
        "closed": true,
        "closed_at": "2019-05-30T18:15:20.000Z"
    },
    "comments": [
        {
            "created_at": "2018-09-27T13:04:55.228Z",
            "body": "***Note**: [Comment](https://issues.apache.org/jira/browse/ARROW-3344?focusedCommentId=16630374) by Wes McKinney (wesm):*\nI've seen this bug also. I wonder if there could be a zombie server?"
        },
        {
            "created_at": "2018-09-27T13:07:55.934Z",
            "body": "***Note**: [Comment](https://issues.apache.org/jira/browse/ARROW-3344?focusedCommentId=16630375) by Antoine Pitrou (apitrou):*\nI don't know. The test fails if I launch it alone as well, and I don't have a stale plasma process lying around."
        },
        {
            "created_at": "2018-11-13T20:30:08.257Z",
            "body": "***Note**: [Comment](https://issues.apache.org/jira/browse/ARROW-3344?focusedCommentId=16685711) by Wes McKinney (wesm):*\nThis bug is still present for me on Ubuntu 14.04\r\n\r\n```Java\n\r\npyarrow/tests/test_plasma.py::test_plasma_list FAILED                                                                                                                                   [ 83%]\r\n>>>>>>>>>>>>>>>>>>>>>>>>>>>>>>>>>>>>>>>>>>>>>>>>>>>>>>>>>>>>>>>>>>>>>>>>>>>>>>>>>>>>>>> captured stderr >>>>>>>>>>>>>>>>>>>>>>>>>>>>>>>>>>>>>>>>>>>>>>>>>>>>>>>>>>>>>>>>>>>>>>>>>>>>>>>>>>>>>>>\r\n../src/plasma/store.cc:1000: Allowing the Plasma store to use up to 0.1GB of memory.\r\n../src/plasma/store.cc:1030: Starting object store with directory /dev/shm and huge page support disabled\r\n>>>>>>>>>>>>>>>>>>>>>>>>>>>>>>>>>>>>>>>>>>>>>>>>>>>>>>>>>>>>>>>>>>>>>>>>>>>>>>>>>>>>>>>>>> traceback >>>>>>>>>>>>>>>>>>>>>>>>>>>>>>>>>>>>>>>>>>>>>>>>>>>>>>>>>>>>>>>>>>>>>>>>>>>>>>>>>>>>>>>>>>\r\n\r\n    @pytest.mark.plasma\r\n    def test_plasma_list():\r\n        import pyarrow.plasma as plasma\r\n    \r\n        with plasma.start_plasma_store(\r\n                plasma_store_memory=DEFAULT_PLASMA_STORE_MEMORY) \\\r\n                as (plasma_store_name, p):\r\n            plasma_client = plasma.connect(plasma_store_name, \"\", 0)\r\n    \r\n# Test sizes\r\n            u, _, _ = create_object(plasma_client, 11, metadata_size=7, seal=False)\r\n            l1 = plasma_client.list()\r\n            assert l1[u][\"data_size\"] == 11\r\n            assert l1[u][\"metadata_size\"] == 7\r\n    \r\n# Test ref_count\r\n            v = plasma_client.put(np.zeros(3))\r\n            l2 = plasma_client.list()\r\n# Ref count has already been released\r\n            assert l2[v][\"ref_count\"] == 0\r\n            a = plasma_client.get(v)\r\n            l3 = plasma_client.list()\r\n>           assert l3[v][\"ref_count\"] == 1\r\nE           assert 0 == 1\r\n\r\npyarrow/tests/test_plasma.py:966: AssertionError\r\n>>>>>>>>>>>>>>>>>>>>>>>>>>>>>>>>>>>>>>>>>>>>>>>>>>>>>>>>>>>>>>>>>>>>>>>>>>>>>>>>>>>>>>>> entering PDB >>>>>>>>>>>>>>>>>>>>>>>>>>>>>>>>>>>>>>>>>>>>>>>>>>>>>>>>>>>>>>>>>>>>>>>>>>>>>>>>>>>>>>>>>\r\n> /home/wesm/code/arrow/python/pyarrow/tests/test_plasma.py(966)test_plasma_list()\r\n-> assert l3[v][\"ref_count\"] == 1\r\n```"
        },
        {
            "created_at": "2018-12-19T16:18:23.728Z",
            "body": "***Note**: [Comment](https://issues.apache.org/jira/browse/ARROW-3344?focusedCommentId=16725152) by Wes McKinney (wesm):*\nI'm still getting this error 100% of the time on Ubuntu 14.04. Moving this to the 0.12 milestone and will dig in and see if I can understand how to fix"
        },
        {
            "created_at": "2019-05-30T18:15:20.177Z",
            "body": "***Note**: [Comment](https://issues.apache.org/jira/browse/ARROW-3344?focusedCommentId=16852162) by Antoine Pitrou (apitrou):*\nIssue resolved by pull request 4416\n<https://github.com/apache/arrow/pull/4416>"
        }
    ]
}