{
    "expand": "operations,versionedRepresentations,editmeta,changelog,renderedFields",
    "id": "13222163",
    "self": "https://issues.apache.org/jira/rest/api/2/issue/13222163",
    "key": "ARROW-4935",
    "fields": {
        "fixVersions": [],
        "resolution": {
            "self": "https://issues.apache.org/jira/rest/api/2/resolution/8",
            "id": "8",
            "description": "The described issue is not actually a problem - it is as designed.",
            "name": "Not A Problem"
        },
        "customfield_12312322": null,
        "customfield_12312323": null,
        "customfield_12312320": null,
        "customfield_12310420": "9223372036854775807",
        "customfield_12312321": null,
        "customfield_12312328": null,
        "customfield_12312329": null,
        "customfield_12312326": null,
        "customfield_12310300": null,
        "customfield_12312327": null,
        "customfield_12312324": null,
        "customfield_12312720": null,
        "customfield_12312325": null,
        "lastViewed": null,
        "priority": {
            "self": "https://issues.apache.org/jira/rest/api/2/priority/2",
            "iconUrl": "https://issues.apache.org/jira/images/icons/priorities/critical.svg",
            "name": "Critical",
            "id": "2"
        },
        "labels": [
            "build",
            "newbie"
        ],
        "customfield_12312333": null,
        "customfield_12312334": null,
        "customfield_12313422": "false",
        "customfield_12310310": "0.0",
        "customfield_12312331": null,
        "customfield_12312332": null,
        "aggregatetimeoriginalestimate": null,
        "timeestimate": null,
        "customfield_12312330": null,
        "versions": [
            {
                "self": "https://issues.apache.org/jira/rest/api/2/version/12344987",
                "id": "12344987",
                "name": "0.12.1",
                "archived": false,
                "released": true,
                "releaseDate": "2019-02-25"
            }
        ],
        "customfield_12311120": null,
        "customfield_12313826": null,
        "customfield_12312339": null,
        "issuelinks": [],
        "customfield_12313825": null,
        "assignee": null,
        "customfield_12312337": null,
        "customfield_12313823": null,
        "customfield_12312338": null,
        "customfield_12311920": null,
        "customfield_12313822": null,
        "customfield_12312335": null,
        "customfield_12313821": null,
        "customfield_12312336": null,
        "customfield_12313820": null,
        "status": {
            "self": "https://issues.apache.org/jira/rest/api/2/status/6",
            "description": "The issue is considered finished, the resolution is correct. Issues which are not closed can be reopened.",
            "iconUrl": "https://issues.apache.org/jira/images/icons/statuses/closed.png",
            "name": "Closed",
            "id": "6",
            "statusCategory": {
                "self": "https://issues.apache.org/jira/rest/api/2/statuscategory/3",
                "id": 3,
                "key": "done",
                "colorName": "green",
                "name": "Done"
            }
        },
        "components": [
            {
                "self": "https://issues.apache.org/jira/rest/api/2/component/12328935",
                "id": "12328935",
                "name": "C++"
            },
            {
                "self": "https://issues.apache.org/jira/rest/api/2/component/12328936",
                "id": "12328936",
                "name": "Python"
            }
        ],
        "customfield_12312026": null,
        "customfield_12312023": null,
        "customfield_12312024": null,
        "aggregatetimeestimate": null,
        "customfield_12312022": null,
        "customfield_12310921": null,
        "customfield_12310920": "9223372036854775807",
        "customfield_12312823": null,
        "creator": {
            "self": "https://issues.apache.org/jira/rest/api/2/user?username=hayesgb",
            "name": "hayesgb",
            "key": "hayesgb",
            "avatarUrls": {
                "48x48": "https://issues.apache.org/jira/secure/useravatar?avatarId=34060",
                "24x24": "https://issues.apache.org/jira/secure/useravatar?size=small&avatarId=34060",
                "16x16": "https://issues.apache.org/jira/secure/useravatar?size=xsmall&avatarId=34060",
                "32x32": "https://issues.apache.org/jira/secure/useravatar?size=medium&avatarId=34060"
            },
            "displayName": "Gregory Hayes",
            "active": true,
            "timeZone": "America/Chicago"
        },
        "subtasks": [],
        "reporter": {
            "self": "https://issues.apache.org/jira/rest/api/2/user?username=hayesgb",
            "name": "hayesgb",
            "key": "hayesgb",
            "avatarUrls": {
                "48x48": "https://issues.apache.org/jira/secure/useravatar?avatarId=34060",
                "24x24": "https://issues.apache.org/jira/secure/useravatar?size=small&avatarId=34060",
                "16x16": "https://issues.apache.org/jira/secure/useravatar?size=xsmall&avatarId=34060",
                "32x32": "https://issues.apache.org/jira/secure/useravatar?size=medium&avatarId=34060"
            },
            "displayName": "Gregory Hayes",
            "active": true,
            "timeZone": "America/Chicago"
        },
        "aggregateprogress": {
            "progress": 0,
            "total": 0
        },
        "customfield_12313520": null,
        "customfield_12310250": null,
        "progress": {
            "progress": 0,
            "total": 0
        },
        "customfield_12313924": null,
        "votes": {
            "self": "https://issues.apache.org/jira/rest/api/2/issue/ARROW-4935/votes",
            "votes": 0,
            "hasVoted": false
        },
        "customfield_12313920": null,
        "issuetype": {
            "self": "https://issues.apache.org/jira/rest/api/2/issuetype/1",
            "id": "1",
            "description": "A problem which impairs or prevents the functions of the product.",
            "iconUrl": "https://issues.apache.org/jira/secure/viewavatar?size=xsmall&avatarId=21133&avatarType=issuetype",
            "name": "Bug",
            "subtask": false,
            "avatarId": 21133
        },
        "timespent": null,
        "customfield_12314020": "{summaryBean=com.atlassian.jira.plugin.devstatus.rest.SummaryBean@1333e866[summary={pullrequest=com.atlassian.jira.plugin.devstatus.rest.SummaryItemBean@4654acea[overall=PullRequestOverallBean{stateCount=0, state='OPEN', details=PullRequestOverallDetails{openCount=0, mergedCount=0, declinedCount=0}},byInstanceType={}], build=com.atlassian.jira.plugin.devstatus.rest.SummaryItemBean@2fed3783[overall=com.atlassian.jira.plugin.devstatus.summary.beans.BuildOverallBean@4cbdfd68[failedBuildCount=0,successfulBuildCount=0,unknownBuildCount=0,count=0,lastUpdated=<null>,lastUpdatedTimestamp=<null>],byInstanceType={}], review=com.atlassian.jira.plugin.devstatus.rest.SummaryItemBean@3840a5cc[overall=com.atlassian.jira.plugin.devstatus.summary.beans.ReviewsOverallBean@17249ae8[stateCount=0,state=<null>,dueDate=<null>,overDue=false,count=0,lastUpdated=<null>,lastUpdatedTimestamp=<null>],byInstanceType={}], deployment-environment=com.atlassian.jira.plugin.devstatus.rest.SummaryItemBean@5133e6a0[overall=com.atlassian.jira.plugin.devstatus.summary.beans.DeploymentOverallBean@72c60753[topEnvironments=[],showProjects=false,successfulCount=0,count=0,lastUpdated=<null>,lastUpdatedTimestamp=<null>],byInstanceType={}], repository=com.atlassian.jira.plugin.devstatus.rest.SummaryItemBean@4f95b202[overall=com.atlassian.jira.plugin.devstatus.summary.beans.CommitOverallBean@7c5582c2[count=0,lastUpdated=<null>,lastUpdatedTimestamp=<null>],byInstanceType={}], branch=com.atlassian.jira.plugin.devstatus.rest.SummaryItemBean@329d7d0e[overall=com.atlassian.jira.plugin.devstatus.summary.beans.BranchOverallBean@70a31891[count=0,lastUpdated=<null>,lastUpdatedTimestamp=<null>],byInstanceType={}]},errors=[],configErrors=[]], devSummaryJson={\"cachedValue\":{\"errors\":[],\"configErrors\":[],\"summary\":{\"pullrequest\":{\"overall\":{\"count\":0,\"lastUpdated\":null,\"stateCount\":0,\"state\":\"OPEN\",\"details\":{\"openCount\":0,\"mergedCount\":0,\"declinedCount\":0,\"total\":0},\"open\":true},\"byInstanceType\":{}},\"build\":{\"overall\":{\"count\":0,\"lastUpdated\":null,\"failedBuildCount\":0,\"successfulBuildCount\":0,\"unknownBuildCount\":0},\"byInstanceType\":{}},\"review\":{\"overall\":{\"count\":0,\"lastUpdated\":null,\"stateCount\":0,\"state\":null,\"dueDate\":null,\"overDue\":false,\"completed\":false},\"byInstanceType\":{}},\"deployment-environment\":{\"overall\":{\"count\":0,\"lastUpdated\":null,\"topEnvironments\":[],\"showProjects\":false,\"successfulCount\":0},\"byInstanceType\":{}},\"repository\":{\"overall\":{\"count\":0,\"lastUpdated\":null},\"byInstanceType\":{}},\"branch\":{\"overall\":{\"count\":0,\"lastUpdated\":null},\"byInstanceType\":{}}}},\"isStale\":false}}",
        "customfield_12314141": null,
        "customfield_12314140": null,
        "project": {
            "self": "https://issues.apache.org/jira/rest/api/2/project/12319525",
            "id": "12319525",
            "key": "ARROW",
            "name": "Apache Arrow",
            "projectTypeKey": "software",
            "avatarUrls": {
                "48x48": "https://issues.apache.org/jira/secure/projectavatar?pid=12319525&avatarId=10011",
                "24x24": "https://issues.apache.org/jira/secure/projectavatar?size=small&pid=12319525&avatarId=10011",
                "16x16": "https://issues.apache.org/jira/secure/projectavatar?size=xsmall&pid=12319525&avatarId=10011",
                "32x32": "https://issues.apache.org/jira/secure/projectavatar?size=medium&pid=12319525&avatarId=10011"
            },
            "projectCategory": {
                "self": "https://issues.apache.org/jira/rest/api/2/projectCategory/13960",
                "id": "13960",
                "description": "Apache Arrow",
                "name": "Arrow"
            }
        },
        "aggregatetimespent": null,
        "customfield_12312520": null,
        "customfield_12312521": "Sat Aug 27 14:41:53 UTC 2022",
        "customfield_12314422": null,
        "customfield_12314421": null,
        "customfield_12314146": null,
        "customfield_12314420": null,
        "customfield_12314145": null,
        "customfield_12314144": null,
        "customfield_12314143": null,
        "resolutiondate": "2019-06-27T06:41:00.000+0000",
        "workratio": -1,
        "customfield_12312923": null,
        "customfield_12312920": null,
        "customfield_12312921": null,
        "watches": {
            "self": "https://issues.apache.org/jira/rest/api/2/issue/ARROW-4935/watchers",
            "watchCount": 4,
            "isWatching": true
        },
        "created": "2019-03-17T16:12:53.000+0000",
        "updated": "2022-08-27T14:41:53.000+0000",
        "timeoriginalestimate": null,
        "description": "My attempts to build pyarrow from source are failing. I've set up the conda environment using the instructions provided in the Develop instructions, and have tried this on both Debian and OSX. When I run CMAKE in debug mode on OSX, the output is:\r\n{code:java}\r\n-- Building using CMake version: 3.14.0\r\n-- Arrow version: 0.13.0 (full: '0.13.0-SNAPSHOT')\r\n-- clang-tidy not found\r\n-- clang-format not found\r\n-- infer found at /usr/local/bin/infer\r\n-- Using ccache: /usr/local/bin/ccache\r\n-- Found cpplint executable at /Users/Greg/documents/repos/arrow/cpp/build-support/cpplint.py\r\n-- Compiler command: env LANG=C /Applications/Xcode.app/Contents/Developer/Toolchains/XcodeDefault.xctoolchain/usr/bin/c++ -v\r\n-- Compiler version: Apple LLVM version 10.0.0 (clang-1000.11.45.5)\r\nTarget: x86_64-apple-darwin18.2.0\r\nThread model: posix\r\nInstalledDir: /Applications/Xcode.app/Contents/Developer/Toolchains/XcodeDefault.xctoolchain/usr/bin\r\n\r\n-- Compiler id: AppleClang\r\nSelected compiler clang 4.1.0svn\r\n-- Arrow build warning level: CHECKIN\r\nConfigured for DEBUG build (set with cmake -DCMAKE_BUILD_TYPE={release,debug,...})\r\n-- Build Type: DEBUG\r\n-- BOOST_VERSION: 1.67.0\r\n-- BROTLI_VERSION: v0.6.0\r\n-- CARES_VERSION: 1.15.0\r\n-- DOUBLE_CONVERSION_VERSION: v3.1.1\r\n-- FLATBUFFERS_VERSION: v1.10.0\r\n-- GBENCHMARK_VERSION: v1.4.1\r\n-- GFLAGS_VERSION: v2.2.0\r\n-- GLOG_VERSION: v0.3.5\r\n-- GRPC_VERSION: v1.18.0\r\n-- GTEST_VERSION: 1.8.1\r\n-- JEMALLOC_VERSION: 17c897976c60b0e6e4f4a365c751027244dada7a\r\n-- LZ4_VERSION: v1.8.3\r\n-- ORC_VERSION: 1.5.4\r\n-- PROTOBUF_VERSION: v3.6.1\r\n-- RAPIDJSON_VERSION: v1.1.0\r\n-- RE2_VERSION: 2018-10-01\r\n-- SNAPPY_VERSION: 1.1.3\r\n-- THRIFT_VERSION: 0.11.0\r\n-- ZLIB_VERSION: 1.2.8\r\n-- ZSTD_VERSION: v1.3.7\r\n-- Boost version: 1.68.0\r\n-- Found the following Boost libraries:\r\n--   regex\r\n--   system\r\n--   filesystem\r\n-- Boost include dir: /Users/Greg/anaconda3/envs/pyarrow-dev/include\r\n-- Boost libraries: /Users/Greg/anaconda3/envs/pyarrow-dev/lib/libboost_regex.dylib/Users/Greg/anaconda3/envs/pyarrow-dev/lib/libboost_system.dylib/Users/Greg/anaconda3/envs/pyarrow-dev/lib/libboost_filesystem.dylib\r\nAdded shared library dependency boost_system_shared: /Users/Greg/anaconda3/envs/pyarrow-dev/lib/libboost_system.dylib\r\nAdded shared library dependency boost_filesystem_shared: /Users/Greg/anaconda3/envs/pyarrow-dev/lib/libboost_filesystem.dylib\r\nAdded shared library dependency boost_regex_shared: /Users/Greg/anaconda3/envs/pyarrow-dev/lib/libboost_regex.dylib\r\nAdded static library dependency double-conversion_static: /Users/Greg/anaconda3/envs/pyarrow-dev/lib/libdouble-conversion.a\r\n-- double-conversion include dir: /Users/Greg/anaconda3/envs/pyarrow-dev/include\r\n-- double-conversion static library: /Users/Greg/anaconda3/envs/pyarrow-dev/lib/libdouble-conversion.a\r\n-- GFLAGS_HOME: /Users/Greg/anaconda3/envs/pyarrow-dev\r\n-- GFlags include dir: /Users/Greg/anaconda3/envs/pyarrow-dev/include\r\n-- GFlags static library: /Users/Greg/anaconda3/envs/pyarrow-dev/lib/libgflags.a\r\nAdded static library dependency gflags_static: /Users/Greg/anaconda3/envs/pyarrow-dev/lib/libgflags.a\r\n-- RapidJSON include dir: /Users/Greg/anaconda3/envs/pyarrow-dev/include\r\n-- Found the Flatbuffers library: /Users/Greg/anaconda3/envs/pyarrow-dev/lib/libflatbuffers.a\r\n-- Flatbuffers include dir: /Users/Greg/anaconda3/envs/pyarrow-dev/include\r\n-- Flatbuffers compiler: /Users/Greg/anaconda3/envs/pyarrow-dev/bin/flatc\r\nAdded static library dependency jemalloc_static: /Users/Greg/documents/repos/arrow/cpp/build/jemalloc_ep-prefix/src/jemalloc_ep/dist//lib/libjemalloc_pic.a\r\nAdded shared library dependency jemalloc_shared: /Users/Greg/documents/repos/arrow/cpp/build/jemalloc_ep-prefix/src/jemalloc_ep/dist//lib/libjemalloc.dylib\r\n-- Found hdfs.h at: /Users/Greg/documents/repos/arrow/cpp/thirdparty/hadoop/include/hdfs.h\r\n-- Found the ZLIB shared library: /Users/Greg/anaconda3/envs/pyarrow-dev/lib/libz.dylib\r\nAdded shared library dependency zlib_shared: /Users/Greg/anaconda3/envs/pyarrow-dev/lib/libz.dylib\r\n-- SNAPPY_HOME: /Users/Greg/anaconda3/envs/pyarrow-dev\r\n-- Found the Snappy library: /Users/Greg/anaconda3/envs/pyarrow-dev/lib/libsnappy.dylib\r\nAdded static library dependency snappy_static: /Users/Greg/anaconda3/envs/pyarrow-dev/lib/libsnappy.a\r\n-- Found the Brotli library: /Users/Greg/anaconda3/envs/pyarrow-dev/lib/libbrotlienc-static.a;/Users/Greg/anaconda3/envs/pyarrow-dev/lib/libbrotlidec-static.a;/Users/Greg/anaconda3/envs/pyarrow-dev/lib/libbrotlicommon-static.a\r\nAdded static library dependency brotli_enc_static: /Users/Greg/anaconda3/envs/pyarrow-dev/lib/libbrotlienc-static.a\r\nAdded static library dependency brotli_dec_static: /Users/Greg/anaconda3/envs/pyarrow-dev/lib/libbrotlidec-static.a\r\nAdded static library dependency brotli_common_static: /Users/Greg/anaconda3/envs/pyarrow-dev/lib/libbrotlicommon-static.a\r\nAdded static library dependency lz4_static: /Users/Greg/anaconda3/envs/pyarrow-dev/lib/liblz4.a\r\nAdded static library dependency zstd_static: /Users/Greg/anaconda3/envs/pyarrow-dev/lib/libzstd.a\r\n-- THRIFT_HOME: /Users/Greg/anaconda3/envs/pyarrow-dev\r\n-- Thrift version: 0.12.0\r\n-- Thrift include dir: /Users/Greg/anaconda3/envs/pyarrow-dev/include\r\n-- Thrift static library: /Users/Greg/anaconda3/envs/pyarrow-dev/lib/libthrift.a\r\n-- Thrift compiler: /Users/Greg/anaconda3/envs/pyarrow-dev/bin/thrift\r\n-- GLOG_HOME: /Users/Greg/anaconda3/envs/pyarrow-dev\r\n-- Found the GLog library: /Users/Greg/anaconda3/envs/pyarrow-dev/lib/libglog.dylib\r\n-- Glog include dir: /Users/Greg/anaconda3/envs/pyarrow-dev/include\r\n-- Glog static library: /Users/Greg/anaconda3/envs/pyarrow-dev/lib/libglog.a\r\nAdded static library dependency glog_static: /Users/Greg/anaconda3/envs/pyarrow-dev/lib/libglog.a\r\n-- CMAKE_C_FLAGS:  -Qunused-arguments -ggdb -O0   -Weverything -Wno-c++98-compat -Wno-c++98-compat-pedantic -Wno-deprecated -Wno-weak-vtables -Wno-padded -Wno-comma -Wno-unused-macros -Wno-unused-parameter -Wno-unused-template -Wno-undef -Wno-shadow -Wno-switch-enum -Wno-exit-time-destructors -Wno-global-constructors -Wno-weak-template-vtables -Wno-undefined-reinterpret-cast -Wno-implicit-fallthrough -Wno-unreachable-code-return -Wno-float-equal -Wno-missing-prototypes -Wno-documentation-unknown-command -Wno-old-style-cast -Wno-covered-switch-default -Wno-cast-align -Wno-vla-extension -Wno-shift-sign-overflow -Wno-used-but-marked-unused -Wno-missing-variable-declarations -Wno-gnu-zero-variadic-macro-arguments -Wconversion -Wno-sign-conversion -Wno-disabled-macro-expansion -Wno-format-nonliteral -Wno-missing-noreturn -Wno-gnu-folding-constant -Wno-reserved-id-macro -Wno-range-loop-analysis -Wno-double-promotion -Wno-undefined-func-template -Wno-zero-as-null-pointer-constant -Wno-unknown-warning-option -Werror -Wno-unknown-warning-option -msse4.2 -maltivec -stdlib=libc++\r\n-- CMAKE_CXX_FLAGS:   -Qunused-arguments -ggdb -O0  -Weverything -Wno-c++98-compat -Wno-c++98-compat-pedantic -Wno-deprecated -Wno-weak-vtables -Wno-padded -Wno-comma -Wno-unused-macros -Wno-unused-parameter -Wno-unused-template -Wno-undef -Wno-shadow -Wno-switch-enum -Wno-exit-time-destructors -Wno-global-constructors -Wno-weak-template-vtables -Wno-undefined-reinterpret-cast -Wno-implicit-fallthrough -Wno-unreachable-code-return -Wno-float-equal -Wno-missing-prototypes -Wno-documentation-unknown-command -Wno-old-style-cast -Wno-covered-switch-default -Wno-cast-align -Wno-vla-extension -Wno-shift-sign-overflow -Wno-used-but-marked-unused -Wno-missing-variable-declarations -Wno-gnu-zero-variadic-macro-arguments -Wconversion -Wno-sign-conversion -Wno-disabled-macro-expansion -Wno-format-nonliteral -Wno-missing-noreturn -Wno-gnu-folding-constant -Wno-reserved-id-macro -Wno-range-loop-analysis -Wno-double-promotion -Wno-undefined-func-template -Wno-zero-as-null-pointer-constant -Wno-unknown-warning-option -Werror -Wno-unknown-warning-option -msse4.2 -maltivec -stdlib=libc++ \r\n\r\n\r\n-- Configuring done\r\nCMake Warning (dev):\r\n  Policy CMP0068 is not set: RPATH settings on macOS do not affect\r\n  install_name.  Run \"cmake --help-policy CMP0068\" for policy details.  Use\r\n  the cmake_policy command to set the policy and suppress this warning.\r\n\r\n  For compatibility with older versions of CMake, the install_name fields for\r\n  the following targets are still affected by RPATH settings:\r\n\r\n   arrow_python_shared\r\n   arrow_shared\r\n   parquet_shared\r\n   plasma_shared\r\n\r\nThis warning is for project developers.  Use -Wno-dev to suppress it.\r\n\r\n-- Generating done\r\n-- Build files have been written to: /Users/Greg/documents/repos/arrow/cpp/build{code}\r\nAfter I run make -j4, the output is:\r\n{code:java}\r\n  0%] Built target metadata_fbs\r\n[  1%] Performing configure step for 'jemalloc_ep'\r\n[  2%] Built target parquet-thrift-deps\r\n[ 12%] Built target arrow_python_objlib\r\n[ 19%] Built target plasma_objlib\r\n[ 19%] Built target arrow_python_static\r\nCMake Error at /Users/Greg/documents/repos/arrow/cpp/build/jemalloc_ep-prefix/src/jemalloc_ep-stamp/jemalloc_ep-configure-DEBUG.cmake:49 (message):\r\n  Command failed: 1\r\n\r\n   './autogen.sh' 'AR=/Applications/Xcode.app/Contents/Developer/Toolchains/XcodeDefault.xctoolchain/usr/bin/ar' 'CC=/Applications/Xcode.app/Contents/Developer/Toolchains/XcodeDefault.xctoolchain/usr/bin/cc' '--prefix=/Users/Greg/documents/repos/arrow/cpp/build/jemalloc_ep-prefix/src/jemalloc_ep/dist/' '--with-jemalloc-prefix=je_arrow_' '--with-private-namespace=je_arrow_private_' '--disable-tls'\r\n\r\n  See also\r\n\r\n    /Users/Greg/documents/repos/arrow/cpp/build/jemalloc_ep-prefix/src/jemalloc_ep-stamp/jemalloc_ep-configure-*.log\r\n\r\n\r\nmake[2]: *** [jemalloc_ep-prefix/src/jemalloc_ep-stamp/jemalloc_ep-configure] Error 1\r\nmake[1]: *** [CMakeFiles/jemalloc_ep.dir/all] Error 2\r\nmake: *** [all] Error 2\r\n{code}\r\nAnd the output of the jemalloc log file is:\r\n{code:java}\r\nconfigure: error: in `/Users/Greg/documents/repos/arrow/cpp/build/jemalloc_ep-prefix/src/jemalloc_ep':\r\nconfigure: error: cannot run C compiled programs.\r\nIf you meant to cross compile, use `--host'.\r\nSee `config.log' for more details\r\nautoconf\r\n./configure --enable-autogen AR=/Applications/Xcode.app/Contents/Developer/Toolchains/XcodeDefault.xctoolchain/usr/bin/ar CC=/Applications/Xcode.app/Contents/Developer/Toolchains/XcodeDefault.xctoolchain/usr/bin/cc --prefix=/Users/Greg/documents/repos/arrow/cpp/build/jemalloc_ep-prefix/src/jemalloc_ep/dist/ --with-jemalloc-prefix=je_arrow_ --with-private-namespace=je_arrow_private_ --disable-tls\r\nchecking for xsltproc... /usr/bin/xsltproc\r\nchecking for gcc... /Applications/Xcode.app/Contents/Developer/Toolchains/XcodeDefault.xctoolchain/usr/bin/cc\r\nchecking whether the C compiler works... yes\r\nchecking for C compiler default output file name... a.out\r\nchecking for suffix of executables... \r\nchecking whether we are cross compiling... Error 0 in ./configure\r\n{code}\r\nAny help / guidance I can get is appreciated.",
        "customfield_10010": null,
        "customfield_12314523": null,
        "customfield_12314127": null,
        "customfield_12314522": null,
        "customfield_12314126": null,
        "customfield_12314521": null,
        "customfield_12314125": null,
        "customfield_12314520": null,
        "customfield_12314124": null,
        "customfield_12312340": null,
        "customfield_12314123": null,
        "customfield_12312341": null,
        "customfield_12312220": null,
        "customfield_12314122": null,
        "customfield_12314121": null,
        "customfield_12314120": null,
        "customfield_12314129": null,
        "customfield_12314524": null,
        "customfield_12314128": null,
        "summary": "[C++] Errors from jemalloc when building pyarrow from source on OSX and Debian",
        "customfield_12314130": null,
        "customfield_12310291": null,
        "customfield_12310290": null,
        "customfield_12314138": null,
        "customfield_12314137": null,
        "environment": "OSX, Debian, Python==3.6.7",
        "customfield_12314136": null,
        "customfield_12314135": null,
        "customfield_12311020": "https://github.com/apache/arrow/issues/3948",
        "customfield_12314134": null,
        "duedate": null,
        "customfield_12314132": null,
        "customfield_12314131": null,
        "customfield_12311820": "0|z00shs:",
        "customfield_12314139": null
    }
}