{
    "expand": "operations,versionedRepresentations,editmeta,changelog,renderedFields",
    "id": "13495565",
    "self": "https://issues.apache.org/jira/rest/api/2/issue/13495565",
    "key": "ARROW-18251",
    "fields": {
        "fixVersions": [
            {
                "self": "https://issues.apache.org/jira/rest/api/2/version/12352510",
                "id": "12352510",
                "description": "",
                "name": "10.0.1",
                "archived": false,
                "released": true,
                "releaseDate": "2022-11-22"
            },
            {
                "self": "https://issues.apache.org/jira/rest/api/2/version/12352360",
                "id": "12352360",
                "description": "",
                "name": "11.0.0",
                "archived": false,
                "released": false
            }
        ],
        "resolution": {
            "self": "https://issues.apache.org/jira/rest/api/2/resolution/1",
            "id": "1",
            "description": "A fix for this issue is checked into the tree and tested.",
            "name": "Fixed"
        },
        "customfield_12312322": null,
        "customfield_12312323": null,
        "customfield_12312320": null,
        "customfield_12310420": "9223372036854775807",
        "customfield_12312321": null,
        "customfield_12312328": null,
        "customfield_12312329": null,
        "customfield_12312326": null,
        "customfield_12310300": null,
        "customfield_12312327": null,
        "customfield_12312324": null,
        "customfield_12312720": null,
        "customfield_12312325": null,
        "lastViewed": null,
        "priority": {
            "self": "https://issues.apache.org/jira/rest/api/2/priority/2",
            "iconUrl": "https://issues.apache.org/jira/images/icons/priorities/critical.svg",
            "name": "Critical",
            "id": "2"
        },
        "labels": [
            "pull-request-available"
        ],
        "customfield_12312333": null,
        "customfield_12312334": null,
        "customfield_12313422": "false",
        "customfield_12310310": "0.0",
        "customfield_12312331": null,
        "customfield_12312332": null,
        "aggregatetimeoriginalestimate": null,
        "timeestimate": 0,
        "customfield_12312330": null,
        "versions": [],
        "customfield_12311120": null,
        "customfield_12313826": null,
        "customfield_12312339": null,
        "issuelinks": [],
        "customfield_12313825": null,
        "assignee": {
            "self": "https://issues.apache.org/jira/rest/api/2/user?username=raulcd",
            "name": "raulcd",
            "key": "JIRAUSER287560",
            "avatarUrls": {
                "48x48": "https://issues.apache.org/jira/secure/useravatar?avatarId=34050",
                "24x24": "https://issues.apache.org/jira/secure/useravatar?size=small&avatarId=34050",
                "16x16": "https://issues.apache.org/jira/secure/useravatar?size=xsmall&avatarId=34050",
                "32x32": "https://issues.apache.org/jira/secure/useravatar?size=medium&avatarId=34050"
            },
            "displayName": "Ra\u00fal Cumplido",
            "active": true,
            "timeZone": "Etc/UTC"
        },
        "customfield_12312337": null,
        "customfield_12313823": null,
        "customfield_12312338": null,
        "customfield_12311920": null,
        "customfield_12313822": null,
        "customfield_12312335": null,
        "customfield_12313821": null,
        "customfield_12312336": null,
        "customfield_12313820": null,
        "status": {
            "self": "https://issues.apache.org/jira/rest/api/2/status/5",
            "description": "A resolution has been taken, and it is awaiting verification by reporter. From here issues are either reopened, or are closed.",
            "iconUrl": "https://issues.apache.org/jira/images/icons/statuses/resolved.png",
            "name": "Resolved",
            "id": "5",
            "statusCategory": {
                "self": "https://issues.apache.org/jira/rest/api/2/statuscategory/3",
                "id": 3,
                "key": "done",
                "colorName": "green",
                "name": "Done"
            }
        },
        "components": [
            {
                "self": "https://issues.apache.org/jira/rest/api/2/component/12333244",
                "id": "12333244",
                "name": "Continuous Integration"
            },
            {
                "self": "https://issues.apache.org/jira/rest/api/2/component/12328936",
                "id": "12328936",
                "name": "Python"
            }
        ],
        "customfield_12312026": null,
        "customfield_12312023": null,
        "customfield_12312024": null,
        "aggregatetimeestimate": 0,
        "customfield_12312022": null,
        "customfield_12310921": null,
        "customfield_12310920": "9223372036854775807",
        "customfield_12312823": null,
        "creator": {
            "self": "https://issues.apache.org/jira/rest/api/2/user?username=raulcd",
            "name": "raulcd",
            "key": "JIRAUSER287560",
            "avatarUrls": {
                "48x48": "https://issues.apache.org/jira/secure/useravatar?avatarId=34050",
                "24x24": "https://issues.apache.org/jira/secure/useravatar?size=small&avatarId=34050",
                "16x16": "https://issues.apache.org/jira/secure/useravatar?size=xsmall&avatarId=34050",
                "32x32": "https://issues.apache.org/jira/secure/useravatar?size=medium&avatarId=34050"
            },
            "displayName": "Ra\u00fal Cumplido",
            "active": true,
            "timeZone": "Etc/UTC"
        },
        "subtasks": [],
        "reporter": {
            "self": "https://issues.apache.org/jira/rest/api/2/user?username=raulcd",
            "name": "raulcd",
            "key": "JIRAUSER287560",
            "avatarUrls": {
                "48x48": "https://issues.apache.org/jira/secure/useravatar?avatarId=34050",
                "24x24": "https://issues.apache.org/jira/secure/useravatar?size=small&avatarId=34050",
                "16x16": "https://issues.apache.org/jira/secure/useravatar?size=xsmall&avatarId=34050",
                "32x32": "https://issues.apache.org/jira/secure/useravatar?size=medium&avatarId=34050"
            },
            "displayName": "Ra\u00fal Cumplido",
            "active": true,
            "timeZone": "Etc/UTC"
        },
        "aggregateprogress": {
            "progress": 6600,
            "total": 6600,
            "percent": 100
        },
        "customfield_12313520": null,
        "customfield_12310250": null,
        "progress": {
            "progress": 6600,
            "total": 6600,
            "percent": 100
        },
        "customfield_12313924": null,
        "votes": {
            "self": "https://issues.apache.org/jira/rest/api/2/issue/ARROW-18251/votes",
            "votes": 0,
            "hasVoted": false
        },
        "customfield_12313920": null,
        "issuetype": {
            "self": "https://issues.apache.org/jira/rest/api/2/issuetype/1",
            "id": "1",
            "description": "A problem which impairs or prevents the functions of the product.",
            "iconUrl": "https://issues.apache.org/jira/secure/viewavatar?size=xsmall&avatarId=21133&avatarType=issuetype",
            "name": "Bug",
            "subtask": false,
            "avatarId": 21133
        },
        "timespent": 6600,
        "customfield_12314020": "{summaryBean=com.atlassian.jira.plugin.devstatus.rest.SummaryBean@7edf6644[summary={pullrequest=com.atlassian.jira.plugin.devstatus.rest.SummaryItemBean@1e668858[overall=PullRequestOverallBean{stateCount=0, state='OPEN', details=PullRequestOverallDetails{openCount=0, mergedCount=0, declinedCount=0}},byInstanceType={}], build=com.atlassian.jira.plugin.devstatus.rest.SummaryItemBean@46b0ec08[overall=com.atlassian.jira.plugin.devstatus.summary.beans.BuildOverallBean@6c3e98ce[failedBuildCount=0,successfulBuildCount=0,unknownBuildCount=0,count=0,lastUpdated=<null>,lastUpdatedTimestamp=<null>],byInstanceType={}], review=com.atlassian.jira.plugin.devstatus.rest.SummaryItemBean@215aa3a8[overall=com.atlassian.jira.plugin.devstatus.summary.beans.ReviewsOverallBean@2078d335[stateCount=0,state=<null>,dueDate=<null>,overDue=false,count=0,lastUpdated=<null>,lastUpdatedTimestamp=<null>],byInstanceType={}], deployment-environment=com.atlassian.jira.plugin.devstatus.rest.SummaryItemBean@61e9ab9e[overall=com.atlassian.jira.plugin.devstatus.summary.beans.DeploymentOverallBean@7989b785[topEnvironments=[],showProjects=false,successfulCount=0,count=0,lastUpdated=<null>,lastUpdatedTimestamp=<null>],byInstanceType={}], repository=com.atlassian.jira.plugin.devstatus.rest.SummaryItemBean@dba0cff[overall=com.atlassian.jira.plugin.devstatus.summary.beans.CommitOverallBean@6bbd8706[count=0,lastUpdated=<null>,lastUpdatedTimestamp=<null>],byInstanceType={}], branch=com.atlassian.jira.plugin.devstatus.rest.SummaryItemBean@472464b4[overall=com.atlassian.jira.plugin.devstatus.summary.beans.BranchOverallBean@73a5c64a[count=0,lastUpdated=<null>,lastUpdatedTimestamp=<null>],byInstanceType={}]},errors=[],configErrors=[]], devSummaryJson={\"cachedValue\":{\"errors\":[],\"configErrors\":[],\"summary\":{\"pullrequest\":{\"overall\":{\"count\":0,\"lastUpdated\":null,\"stateCount\":0,\"state\":\"OPEN\",\"details\":{\"openCount\":0,\"mergedCount\":0,\"declinedCount\":0,\"total\":0},\"open\":true},\"byInstanceType\":{}},\"build\":{\"overall\":{\"count\":0,\"lastUpdated\":null,\"failedBuildCount\":0,\"successfulBuildCount\":0,\"unknownBuildCount\":0},\"byInstanceType\":{}},\"review\":{\"overall\":{\"count\":0,\"lastUpdated\":null,\"stateCount\":0,\"state\":null,\"dueDate\":null,\"overDue\":false,\"completed\":false},\"byInstanceType\":{}},\"deployment-environment\":{\"overall\":{\"count\":0,\"lastUpdated\":null,\"topEnvironments\":[],\"showProjects\":false,\"successfulCount\":0},\"byInstanceType\":{}},\"repository\":{\"overall\":{\"count\":0,\"lastUpdated\":null},\"byInstanceType\":{}},\"branch\":{\"overall\":{\"count\":0,\"lastUpdated\":null},\"byInstanceType\":{}}}},\"isStale\":false}}",
        "customfield_12314141": null,
        "customfield_12314140": null,
        "project": {
            "self": "https://issues.apache.org/jira/rest/api/2/project/12319525",
            "id": "12319525",
            "key": "ARROW",
            "name": "Apache Arrow",
            "projectTypeKey": "software",
            "avatarUrls": {
                "48x48": "https://issues.apache.org/jira/secure/projectavatar?pid=12319525&avatarId=10011",
                "24x24": "https://issues.apache.org/jira/secure/projectavatar?size=small&pid=12319525&avatarId=10011",
                "16x16": "https://issues.apache.org/jira/secure/projectavatar?size=xsmall&pid=12319525&avatarId=10011",
                "32x32": "https://issues.apache.org/jira/secure/projectavatar?size=medium&pid=12319525&avatarId=10011"
            },
            "projectCategory": {
                "self": "https://issues.apache.org/jira/rest/api/2/projectCategory/13960",
                "id": "13960",
                "description": "Apache Arrow",
                "name": "Arrow"
            }
        },
        "aggregatetimespent": 6600,
        "customfield_12312520": null,
        "customfield_12312521": "Mon Nov 14 20:16:17 UTC 2022",
        "customfield_12314422": null,
        "customfield_12314421": null,
        "customfield_12314146": null,
        "customfield_12314420": null,
        "customfield_12314145": null,
        "customfield_12314144": null,
        "customfield_12314143": null,
        "resolutiondate": "2022-11-14T20:16:17.000+0000",
        "workratio": -1,
        "customfield_12312923": null,
        "customfield_12312920": null,
        "customfield_12312921": null,
        "watches": {
            "self": "https://issues.apache.org/jira/rest/api/2/issue/ARROW-18251/watchers",
            "watchCount": 2,
            "isWatching": false
        },
        "created": "2022-11-04T14:09:48.000+0000",
        "updated": "2022-11-14T22:43:25.000+0000",
        "timeoriginalestimate": null,
        "description": "Currently the job for AMD64 macOS 11 Python 3 is failing:\r\n[https://github.com/apache/arrow/actions/runs/3388587979/jobs/5630747309]\r\n\r\nwith:\r\n{code:java}\r\n\u00a0+ python3 -m pip install --no-deps --no-build-isolation -vv .\r\n~/work/arrow/arrow/python ~/work/arrow/arrow\r\nUsing pip 22.3 from /Library/Frameworks/Python.framework/Versions/3.11/lib/python3.11/site-packages/pip (python 3.11)\r\nNon-user install because site-packages writeable\r\nCreated temporary directory: /private/var/folders/24/8k48jl6d249_n_qfxwsl6xvm0000gn/T/pip-build-tracker-ib8gr4sw\r\nInitialized build tracking at /private/var/folders/24/8k48jl6d249_n_qfxwsl6xvm0000gn/T/pip-build-tracker-ib8gr4sw\r\nCreated build tracker: /private/var/folders/24/8k48jl6d249_n_qfxwsl6xvm0000gn/T/pip-build-tracker-ib8gr4sw\r\nEntered build tracker: /private/var/folders/24/8k48jl6d249_n_qfxwsl6xvm0000gn/T/pip-build-tracker-ib8gr4sw\r\nCreated temporary directory: /private/var/folders/24/8k48jl6d249_n_qfxwsl6xvm0000gn/T/pip-install-9ku2dtx5\r\nCreated temporary directory: /private/var/folders/24/8k48jl6d249_n_qfxwsl6xvm0000gn/T/pip-ephem-wheel-cache-za6jhm0e\r\nProcessing /Users/runner/work/arrow/arrow/python\r\n\u00a0 Added file:///Users/runner/work/arrow/arrow/python to build tracker '/private/var/folders/24/8k48jl6d249_n_qfxwsl6xvm0000gn/T/pip-build-tracker-ib8gr4sw'\r\n\u00a0 Created temporary directory: /private/var/folders/24/8k48jl6d249_n_qfxwsl6xvm0000gn/T/pip-modern-metadata-yqpsyw16\r\n\u00a0 Preparing metadata (pyproject.toml): started\r\n\u00a0 Running command Preparing metadata (pyproject.toml)\r\n\u00a0 running dist_info\r\n\u00a0 creating /private/var/folders/24/8k48jl6d249_n_qfxwsl6xvm0000gn/T/pip-modern-metadata-yqpsyw16/pyarrow.egg-info\r\n\u00a0 writing /private/var/folders/24/8k48jl6d249_n_qfxwsl6xvm0000gn/T/pip-modern-metadata-yqpsyw16/pyarrow.egg-info/PKG-INFO\r\n\u00a0 writing dependency_links to /private/var/folders/24/8k48jl6d249_n_qfxwsl6xvm0000gn/T/pip-modern-metadata-yqpsyw16/pyarrow.egg-info/dependency_links.txt\r\n\u00a0 writing entry points to /private/var/folders/24/8k48jl6d249_n_qfxwsl6xvm0000gn/T/pip-modern-metadata-yqpsyw16/pyarrow.egg-info/entry_points.txt\r\n\u00a0 writing requirements to /private/var/folders/24/8k48jl6d249_n_qfxwsl6xvm0000gn/T/pip-modern-metadata-yqpsyw16/pyarrow.egg-info/requires.txt\r\n\u00a0 writing top-level names to /private/var/folders/24/8k48jl6d249_n_qfxwsl6xvm0000gn/T/pip-modern-metadata-yqpsyw16/pyarrow.egg-info/top_level.txt\r\n\u00a0 writing manifest file '/private/var/folders/24/8k48jl6d249_n_qfxwsl6xvm0000gn/T/pip-modern-metadata-yqpsyw16/pyarrow.egg-info/SOURCES.txt'\r\n\u00a0 reading manifest template 'MANIFEST.in'\r\n\u00a0 warning: no previously-included files matching '*.so' found anywhere in distribution\r\n\u00a0 warning: no previously-included files matching '*.pyc' found anywhere in distribution\r\n\u00a0 warning: no previously-included files matching '*~' found anywhere in distribution\r\n\u00a0 warning: no previously-included files matching '#*' found anywhere in distribution\r\n\u00a0 warning: no previously-included files matching '.DS_Store' found anywhere in distribution\r\n\u00a0 no previously-included directories found matching '.asv'\r\n\u00a0 adding license file '../LICENSE.txt'\r\n\u00a0 adding license file '../NOTICE.txt'\r\n\u00a0 writing manifest file '/private/var/folders/24/8k48jl6d249_n_qfxwsl6xvm0000gn/T/pip-modern-metadata-yqpsyw16/pyarrow.egg-info/SOURCES.txt'\r\n\u00a0 creating '/private/var/folders/24/8k48jl6d249_n_qfxwsl6xvm0000gn/T/pip-modern-metadata-yqpsyw16/pyarrow-11.0.0.dev55+g8e3a1e1b7.dist-info'\r\n\u00a0 error: invalid command 'bdist_wheel'\r\n\u00a0 error: subprocess-exited-with-error\r\n\u00a0\u00a0\r\n\u00a0 \u00d7 Preparing metadata (pyproject.toml) did not run successfully.\r\n\u00a0 \u2502 exit code: 1\r\n\u00a0 \u2570\u2500> See above for output.\r\n\u00a0\u00a0\r\n\u00a0 note: This error originates from a subprocess, and is likely not a problem with pip.\r\n\u00a0 full command: /usr/local/bin/python3 /Library/Frameworks/Python.framework/Versions/3.11/lib/python3.11/site-packages/pip/_vendor/pep517/in_process/_in_process.py prepare_metadata_for_build_wheel /var/folders/24/8k48jl6d249_n_qfxwsl6xvm0000gn/T/tmpteb6e2qe\r\n\u00a0 cwd: /Users/runner/work/arrow/arrow/python\r\n\u00a0 Preparing metadata (pyproject.toml): finished with status 'error'\r\nerror: metadata-generation-failed\u00d7 Encountered error while generating package metadata.\r\n\u2570\u2500> See above for output.note: This is an issue with the package mentioned above, not pip.\r\nhint: See above for details.\r\nException information:\r\nTraceback (most recent call last):\r\n\u00a0 File \"/Library/Frameworks/Python.framework/Versions/3.11/lib/python3.11/site-packages/pip/_internal/operations/build/metadata.py\", line 35, in generate_metadata\r\n\u00a0 \u00a0 distinfo_dir = backend.prepare_metadata_for_build_wheel(metadata_dir)\r\n\u00a0 \u00a0 \u00a0 \u00a0 \u00a0 \u00a0 \u00a0 \u00a0 \u00a0 \u00a0^^^^^^^^^^^^^^^^^^^^^^^^^^^^^^^^^^^^^^^^^^^^^^^^^^^^^^\r\n\u00a0 File \"/Library/Frameworks/Python.framework/Versions/3.11/lib/python3.11/site-packages/pip/_internal/utils/misc.py\", line 706, in prepare_metadata_for_build_wheel\r\n\u00a0 \u00a0 return super().prepare_metadata_for_build_wheel(\r\n\u00a0 \u00a0 \u00a0 \u00a0 \u00a0 \u00a0^^^^^^^^^^^^^^^^^^^^^^^^^^^^^^^^^^^^^^^^^\r\n\u00a0 File \"/Library/Frameworks/Python.framework/Versions/3.11/lib/python3.11/site-packages/pip/_vendor/pep517/wrappers.py\", line 189, in prepare_metadata_for_build_wheel\r\n\u00a0 \u00a0 return self._call_hook('prepare_metadata_for_build_wheel', {\r\n\u00a0 \u00a0 \u00a0 \u00a0 \u00a0 \u00a0^^^^^^^^^^^^^^^^^^^^^^^^^^^^^^^^^^^^^^^^^^^^^^^^^^^^^\r\n\u00a0 File \"/Library/Frameworks/Python.framework/Versions/3.11/lib/python3.11/site-packages/pip/_vendor/pep517/wrappers.py\", line 309, in _call_hook\r\n\u00a0 \u00a0 self._subprocess_runner(\r\n\u00a0 File \"/Library/Frameworks/Python.framework/Versions/3.11/lib/python3.11/site-packages/pip/_internal/utils/subprocess.py\", line 252, in runner\r\n\u00a0 \u00a0 call_subprocess(\r\n\u00a0 File \"/Library/Frameworks/Python.framework/Versions/3.11/lib/python3.11/site-packages/pip/_internal/utils/subprocess.py\", line 224, in call_subprocess\r\n\u00a0 \u00a0 raise error\r\npip._internal.exceptions.InstallationSubprocessError: Preparing metadata (pyproject.toml) exited with 1The above exception was the direct cause of the following exception:Traceback (most recent call last):\r\n\u00a0 File \"/Library/Frameworks/Python.framework/Versions/3.11/lib/python3.11/site-packages/pip/_internal/cli/base_command.py\", line 160, in exc_logging_wrapper\r\n\u00a0 \u00a0 status = run_func(*args)\r\n\u00a0 \u00a0 \u00a0 \u00a0 \u00a0 \u00a0 \u00a0^^^^^^^^^^^^^^^\r\n\u00a0 File \"/Library/Frameworks/Python.framework/Versions/3.11/lib/python3.11/site-packages/pip/_internal/cli/req_command.py\", line 247, in wrapper\r\n\u00a0 \u00a0 return func(self, options, args)\r\n\u00a0 \u00a0 \u00a0 \u00a0 \u00a0 \u00a0^^^^^^^^^^^^^^^^^^^^^^^^^\r\n\u00a0 File \"/Library/Frameworks/Python.framework/Versions/3.11/lib/python3.11/site-packages/pip/_internal/commands/install.py\", line 400, in run\r\n\u00a0 \u00a0 requirement_set = resolver.resolve(\r\n\u00a0 \u00a0 \u00a0 \u00a0 \u00a0 \u00a0 \u00a0 \u00a0 \u00a0 \u00a0 \u00a0 ^^^^^^^^^^^^^^^^^\r\n\u00a0 File \"/Library/Frameworks/Python.framework/Versions/3.11/lib/python3.11/site-packages/pip/_internal/resolution/resolvelib/resolver.py\", line 73, in resolve\r\n\u00a0 \u00a0 collected = self.factory.collect_root_requirements(root_reqs)\r\n\u00a0 \u00a0 \u00a0 \u00a0 \u00a0 \u00a0 \u00a0 \u00a0 ^^^^^^^^^^^^^^^^^^^^^^^^^^^^^^^^^^^^^^^^^^^^^^^^^\r\n\u00a0 File \"/Library/Frameworks/Python.framework/Versions/3.11/lib/python3.11/site-packages/pip/_internal/resolution/resolvelib/factory.py\", line 491, in collect_root_requirements\r\n\u00a0 \u00a0 req = self._make_requirement_from_install_req(\r\n\u00a0 \u00a0 \u00a0 \u00a0 \u00a0 ^^^^^^^^^^^^^^^^^^^^^^^^^^^^^^^^^^^^^^^^\r\n\u00a0 File \"/Library/Frameworks/Python.framework/Versions/3.11/lib/python3.11/site-packages/pip/_internal/resolution/resolvelib/factory.py\", line 453, in _make_requirement_from_install_req\r\n\u00a0 \u00a0 cand = self._make_candidate_from_link(\r\n\u00a0 \u00a0 \u00a0 \u00a0 \u00a0 \u00a0^^^^^^^^^^^^^^^^^^^^^^^^^^^^^^^\r\n\u00a0 File \"/Library/Frameworks/Python.framework/Versions/3.11/lib/python3.11/site-packages/pip/_internal/resolution/resolvelib/factory.py\", line 206, in _make_candidate_from_link\r\n\u00a0 \u00a0 self._link_candidate_cache[link] = LinkCandidate(\r\n\u00a0 \u00a0 \u00a0 \u00a0 \u00a0 \u00a0 \u00a0 \u00a0 \u00a0 \u00a0 \u00a0 \u00a0 \u00a0 \u00a0 \u00a0 \u00a0 \u00a0 \u00a0 \u00a0 \u00a0^^^^^^^^^^^^^^\r\n\u00a0 File \"/Library/Frameworks/Python.framework/Versions/3.11/lib/python3.11/site-packages/pip/_internal/resolution/resolvelib/candidates.py\", line 297, in __init__\r\n\u00a0 \u00a0 super().__init__(\r\n\u00a0 File \"/Library/Frameworks/Python.framework/Versions/3.11/lib/python3.11/site-packages/pip/_internal/resolution/resolvelib/candidates.py\", line 162, in __init__\r\n\u00a0 \u00a0 self.dist = self._prepare()\r\n\u00a0 \u00a0 \u00a0 \u00a0 \u00a0 \u00a0 \u00a0 \u00a0 ^^^^^^^^^^^^^^^\r\n\u00a0 File \"/Library/Frameworks/Python.framework/Versions/3.11/lib/python3.11/site-packages/pip/_internal/resolution/resolvelib/candidates.py\", line 231, in _prepare\r\n\u00a0 \u00a0 dist = self._prepare_distribution()\r\n\u00a0 \u00a0 \u00a0 \u00a0 \u00a0 \u00a0^^^^^^^^^^^^^^^^^^^^^^^^^^^^\r\n\u00a0 File \"/Library/Frameworks/Python.framework/Versions/3.11/lib/python3.11/site-packages/pip/_internal/resolution/resolvelib/candidates.py\", line 308, in _prepare_distribution\r\n\u00a0 \u00a0 return preparer.prepare_linked_requirement(self._ireq, parallel_builds=True)\r\n\u00a0 \u00a0 \u00a0 \u00a0 \u00a0 \u00a0^^^^^^^^^^^^^^^^^^^^^^^^^^^^^^^^^^^^^^^^^^^^^^^^^^^^^^^^^^^^^^^^^^^^^\r\n\u00a0 File \"/Library/Frameworks/Python.framework/Versions/3.11/lib/python3.11/site-packages/pip/_internal/operations/prepare.py\", line 491, in prepare_linked_requirement\r\n\u00a0 \u00a0 return self._prepare_linked_requirement(req, parallel_builds)\r\n\u00a0 \u00a0 \u00a0 \u00a0 \u00a0 \u00a0^^^^^^^^^^^^^^^^^^^^^^^^^^^^^^^^^^^^^^^^^^^^^^^^^^^^^^\r\n\u00a0 File \"/Library/Frameworks/Python.framework/Versions/3.11/lib/python3.11/site-packages/pip/_internal/operations/prepare.py\", line 577, in _prepare_linked_requirement\r\n\u00a0 \u00a0 dist = _get_prepared_distribution(\r\n\u00a0 \u00a0 \u00a0 \u00a0 \u00a0 \u00a0^^^^^^^^^^^^^^^^^^^^^^^^^^^\r\n\u00a0 File \"/Library/Frameworks/Python.framework/Versions/3.11/lib/python3.11/site-packages/pip/_internal/operations/prepare.py\", line 69, in _get_prepared_distribution\r\n\u00a0 \u00a0 abstract_dist.prepare_distribution_metadata(\r\n\u00a0 File \"/Library/Frameworks/Python.framework/Versions/3.11/lib/python3.11/site-packages/pip/_internal/distributions/sdist.py\", line 61, in prepare_distribution_metadata\r\n\u00a0 \u00a0 self.req.prepare_metadata()\r\n\u00a0 File \"/Library/Frameworks/Python.framework/Versions/3.11/lib/python3.11/site-packages/pip/_internal/req/req_install.py\", line 535, in prepare_metadata\r\n\u00a0 \u00a0 self.metadata_directory = generate_metadata(\r\n\u00a0 \u00a0 \u00a0 \u00a0 \u00a0 \u00a0 \u00a0 \u00a0 \u00a0 \u00a0 \u00a0 \u00a0 \u00a0 \u00a0 \u00a0 ^^^^^^^^^^^^^^^^^^\r\n\u00a0 File \"/Library/Frameworks/Python.framework/Versions/3.11/lib/python3.11/site-packages/pip/_internal/operations/build/metadata.py\", line 37, in generate_metadata\r\n\u00a0 \u00a0 raise MetadataGenerationFailed(package_details=details) from error\r\npip._internal.exceptions.MetadataGenerationFailed: metadata generation failed\r\nRemote version of pip: 22.3\r\nLocal version of pip: \u00a022.3\r\nWas pip installed by pip? True\r\nRemoved file:///Users/runner/work/arrow/arrow/python from build tracker '/private/var/folders/24/8k48jl6d249_n_qfxwsl6xvm0000gn/T/pip-build-tracker-ib8gr4sw'\r\nRemoved build tracker: '/private/var/folders/24/8k48jl6d249_n_qfxwsl6xvm0000gn/T/pip-build-tracker-ib8gr4sw'\r\nError: Process completed with exit code 1. {code}\r\nI have tested if the problem was related with Python3.11 to setup Python 3.10 on the job, see:\r\n[https://github.com/apache/arrow/pull/14589]\r\n\r\nbut that's not the case so it requires more investigation.",
        "customfield_10010": null,
        "customfield_12314523": null,
        "customfield_12314127": null,
        "customfield_12314522": null,
        "customfield_12314126": null,
        "customfield_12314521": null,
        "customfield_12314125": null,
        "customfield_12314520": null,
        "customfield_12314124": null,
        "customfield_12312340": null,
        "customfield_12314123": null,
        "customfield_12312341": null,
        "customfield_12312220": null,
        "customfield_12314122": null,
        "customfield_12314121": null,
        "customfield_12314120": null,
        "customfield_12314129": null,
        "customfield_12314524": null,
        "customfield_12314128": null,
        "summary": "[CI][Python] AMD64 macOS 11 Python 3 job fails on master on pip install",
        "customfield_12314130": null,
        "customfield_12310291": null,
        "customfield_12310290": null,
        "customfield_12314138": null,
        "customfield_12314137": null,
        "environment": null,
        "customfield_12314136": null,
        "customfield_12314135": null,
        "customfield_12311020": null,
        "customfield_12314134": null,
        "duedate": null,
        "customfield_12314132": null,
        "customfield_12314131": null,
        "customfield_12311820": "0|z1ayb4:",
        "customfield_12314139": null
    }
}