{
    "expand": "operations,versionedRepresentations,editmeta,changelog,renderedFields",
    "id": "13432715",
    "self": "https://issues.apache.org/jira/rest/api/2/issue/13432715",
    "key": "ARROW-15874",
    "fields": {
        "fixVersions": [],
        "resolution": {
            "self": "https://issues.apache.org/jira/rest/api/2/resolution/10004",
            "id": "10004",
            "description": "Not A Bug",
            "name": "Not A Bug"
        },
        "customfield_12312322": null,
        "customfield_12312323": null,
        "customfield_12312320": null,
        "customfield_12310420": "9223372036854775807",
        "customfield_12312321": null,
        "customfield_12312328": null,
        "customfield_12312329": null,
        "customfield_12312326": null,
        "customfield_12310300": null,
        "customfield_12312327": null,
        "customfield_12312324": null,
        "customfield_12312720": null,
        "customfield_12312325": null,
        "lastViewed": null,
        "priority": {
            "self": "https://issues.apache.org/jira/rest/api/2/priority/3",
            "iconUrl": "https://issues.apache.org/jira/images/icons/priorities/major.svg",
            "name": "Major",
            "id": "3"
        },
        "labels": [
            "installation"
        ],
        "customfield_12312333": null,
        "customfield_12312334": null,
        "customfield_12313422": "false",
        "customfield_12310310": "0.0",
        "customfield_12312331": null,
        "customfield_12312332": null,
        "aggregatetimeoriginalestimate": null,
        "timeestimate": null,
        "customfield_12312330": null,
        "versions": [
            {
                "self": "https://issues.apache.org/jira/rest/api/2/version/12350591",
                "id": "12350591",
                "description": "",
                "name": "7.0.0",
                "archived": false,
                "released": true,
                "releaseDate": "2022-02-03"
            }
        ],
        "customfield_12311120": null,
        "customfield_12313826": null,
        "customfield_12312339": null,
        "issuelinks": [],
        "customfield_12313825": null,
        "assignee": null,
        "customfield_12312337": null,
        "customfield_12313823": null,
        "customfield_12312338": null,
        "customfield_12311920": null,
        "customfield_12313822": null,
        "customfield_12312335": null,
        "customfield_12313821": null,
        "customfield_12312336": null,
        "customfield_12313820": null,
        "status": {
            "self": "https://issues.apache.org/jira/rest/api/2/status/6",
            "description": "The issue is considered finished, the resolution is correct. Issues which are not closed can be reopened.",
            "iconUrl": "https://issues.apache.org/jira/images/icons/statuses/closed.png",
            "name": "Closed",
            "id": "6",
            "statusCategory": {
                "self": "https://issues.apache.org/jira/rest/api/2/statuscategory/3",
                "id": 3,
                "key": "done",
                "colorName": "green",
                "name": "Done"
            }
        },
        "components": [
            {
                "self": "https://issues.apache.org/jira/rest/api/2/component/12328935",
                "id": "12328935",
                "name": "C++"
            }
        ],
        "customfield_12312026": null,
        "customfield_12312023": null,
        "customfield_12312024": null,
        "aggregatetimeestimate": null,
        "customfield_12312022": null,
        "customfield_12310921": null,
        "customfield_12310920": "9223372036854775807",
        "customfield_12312823": null,
        "creator": {
            "self": "https://issues.apache.org/jira/rest/api/2/user?username=jiapei100",
            "name": "jiapei100",
            "key": "JIRAUSER286310",
            "avatarUrls": {
                "48x48": "https://issues.apache.org/jira/secure/useravatar?ownerId=JIRAUSER286310&avatarId=49624",
                "24x24": "https://issues.apache.org/jira/secure/useravatar?size=small&ownerId=JIRAUSER286310&avatarId=49624",
                "16x16": "https://issues.apache.org/jira/secure/useravatar?size=xsmall&ownerId=JIRAUSER286310&avatarId=49624",
                "32x32": "https://issues.apache.org/jira/secure/useravatar?size=medium&ownerId=JIRAUSER286310&avatarId=49624"
            },
            "displayName": "Pei Jia",
            "active": true,
            "timeZone": "America/Vancouver"
        },
        "subtasks": [],
        "reporter": {
            "self": "https://issues.apache.org/jira/rest/api/2/user?username=jiapei100",
            "name": "jiapei100",
            "key": "JIRAUSER286310",
            "avatarUrls": {
                "48x48": "https://issues.apache.org/jira/secure/useravatar?ownerId=JIRAUSER286310&avatarId=49624",
                "24x24": "https://issues.apache.org/jira/secure/useravatar?size=small&ownerId=JIRAUSER286310&avatarId=49624",
                "16x16": "https://issues.apache.org/jira/secure/useravatar?size=xsmall&ownerId=JIRAUSER286310&avatarId=49624",
                "32x32": "https://issues.apache.org/jira/secure/useravatar?size=medium&ownerId=JIRAUSER286310&avatarId=49624"
            },
            "displayName": "Pei Jia",
            "active": true,
            "timeZone": "America/Vancouver"
        },
        "aggregateprogress": {
            "progress": 0,
            "total": 0
        },
        "customfield_12313520": null,
        "customfield_12310250": null,
        "progress": {
            "progress": 0,
            "total": 0
        },
        "customfield_12313924": null,
        "votes": {
            "self": "https://issues.apache.org/jira/rest/api/2/issue/ARROW-15874/votes",
            "votes": 0,
            "hasVoted": false
        },
        "customfield_12313920": null,
        "issuetype": {
            "self": "https://issues.apache.org/jira/rest/api/2/issuetype/1",
            "id": "1",
            "description": "A problem which impairs or prevents the functions of the product.",
            "iconUrl": "https://issues.apache.org/jira/secure/viewavatar?size=xsmall&avatarId=21133&avatarType=issuetype",
            "name": "Bug",
            "subtask": false,
            "avatarId": 21133
        },
        "timespent": null,
        "customfield_12314020": "{summaryBean=com.atlassian.jira.plugin.devstatus.rest.SummaryBean@3dd5890c[summary={pullrequest=com.atlassian.jira.plugin.devstatus.rest.SummaryItemBean@47751a5d[overall=PullRequestOverallBean{stateCount=0, state='OPEN', details=PullRequestOverallDetails{openCount=0, mergedCount=0, declinedCount=0}},byInstanceType={}], build=com.atlassian.jira.plugin.devstatus.rest.SummaryItemBean@18b89ae7[overall=com.atlassian.jira.plugin.devstatus.summary.beans.BuildOverallBean@7770dc5f[failedBuildCount=0,successfulBuildCount=0,unknownBuildCount=0,count=0,lastUpdated=<null>,lastUpdatedTimestamp=<null>],byInstanceType={}], review=com.atlassian.jira.plugin.devstatus.rest.SummaryItemBean@a699fc[overall=com.atlassian.jira.plugin.devstatus.summary.beans.ReviewsOverallBean@2ec51b93[stateCount=0,state=<null>,dueDate=<null>,overDue=false,count=0,lastUpdated=<null>,lastUpdatedTimestamp=<null>],byInstanceType={}], deployment-environment=com.atlassian.jira.plugin.devstatus.rest.SummaryItemBean@72f6c30e[overall=com.atlassian.jira.plugin.devstatus.summary.beans.DeploymentOverallBean@3156b2b[topEnvironments=[],showProjects=false,successfulCount=0,count=0,lastUpdated=<null>,lastUpdatedTimestamp=<null>],byInstanceType={}], repository=com.atlassian.jira.plugin.devstatus.rest.SummaryItemBean@37486bcc[overall=com.atlassian.jira.plugin.devstatus.summary.beans.CommitOverallBean@31d7e735[count=0,lastUpdated=<null>,lastUpdatedTimestamp=<null>],byInstanceType={}], branch=com.atlassian.jira.plugin.devstatus.rest.SummaryItemBean@757dbcb2[overall=com.atlassian.jira.plugin.devstatus.summary.beans.BranchOverallBean@5d19cd05[count=0,lastUpdated=<null>,lastUpdatedTimestamp=<null>],byInstanceType={}]},errors=[],configErrors=[]], devSummaryJson={\"cachedValue\":{\"errors\":[],\"configErrors\":[],\"summary\":{\"pullrequest\":{\"overall\":{\"count\":0,\"lastUpdated\":null,\"stateCount\":0,\"state\":\"OPEN\",\"details\":{\"openCount\":0,\"mergedCount\":0,\"declinedCount\":0,\"total\":0},\"open\":true},\"byInstanceType\":{}},\"build\":{\"overall\":{\"count\":0,\"lastUpdated\":null,\"failedBuildCount\":0,\"successfulBuildCount\":0,\"unknownBuildCount\":0},\"byInstanceType\":{}},\"review\":{\"overall\":{\"count\":0,\"lastUpdated\":null,\"stateCount\":0,\"state\":null,\"dueDate\":null,\"overDue\":false,\"completed\":false},\"byInstanceType\":{}},\"deployment-environment\":{\"overall\":{\"count\":0,\"lastUpdated\":null,\"topEnvironments\":[],\"showProjects\":false,\"successfulCount\":0},\"byInstanceType\":{}},\"repository\":{\"overall\":{\"count\":0,\"lastUpdated\":null},\"byInstanceType\":{}},\"branch\":{\"overall\":{\"count\":0,\"lastUpdated\":null},\"byInstanceType\":{}}}},\"isStale\":false}}",
        "customfield_12314141": null,
        "customfield_12314140": null,
        "project": {
            "self": "https://issues.apache.org/jira/rest/api/2/project/12319525",
            "id": "12319525",
            "key": "ARROW",
            "name": "Apache Arrow",
            "projectTypeKey": "software",
            "avatarUrls": {
                "48x48": "https://issues.apache.org/jira/secure/projectavatar?pid=12319525&avatarId=10011",
                "24x24": "https://issues.apache.org/jira/secure/projectavatar?size=small&pid=12319525&avatarId=10011",
                "16x16": "https://issues.apache.org/jira/secure/projectavatar?size=xsmall&pid=12319525&avatarId=10011",
                "32x32": "https://issues.apache.org/jira/secure/projectavatar?size=medium&pid=12319525&avatarId=10011"
            },
            "projectCategory": {
                "self": "https://issues.apache.org/jira/rest/api/2/projectCategory/13960",
                "id": "13960",
                "description": "Apache Arrow",
                "name": "Arrow"
            }
        },
        "aggregatetimespent": null,
        "customfield_12312520": null,
        "customfield_12312521": "Thu Apr 14 08:15:09 UTC 2022",
        "customfield_12314422": null,
        "customfield_12314421": [
            "C++"
        ],
        "customfield_12314146": null,
        "customfield_12314420": null,
        "customfield_12314145": null,
        "customfield_12314144": null,
        "customfield_12314143": null,
        "resolutiondate": "2022-04-14T08:15:09.000+0000",
        "workratio": -1,
        "customfield_12312923": null,
        "customfield_12312920": null,
        "customfield_12312921": null,
        "watches": {
            "self": "https://issues.apache.org/jira/rest/api/2/issue/ARROW-15874/watchers",
            "watchCount": 2,
            "isWatching": false
        },
        "created": "2022-03-09T00:07:40.000+0000",
        "updated": "2022-04-14T08:15:09.000+0000",
        "timeoriginalestimate": null,
        "description": "{quote}[  3%] Building CXX object src/arrow/python/CMakeFiles/arrow_python_flight_objlib.dir/flight.cc.o\r\ncd ....../apache-arrow-7.0.0/cpp/build/src/xsimd_ep-build && /usr/local/bin/cmake -Dmake=make -P ....../apache-arrow-7.0.0/cpp/build/src/xsimd_ep-stamp/xsimd_ep-install-RELEASE.cmake\r\ncd ....../apache-arrow-7.0.0/cpp/build/src/arrow/python && /usr/bin/ccache /usr/local/bin/c++ -DARROW_HAVE_RUNTIME_AVX2 -DARROW_HAVE_RUNTIME_AVX512 -DARROW_HAVE_RUNTIME_BMI2 -DARROW_HAVE_RUNTIME_SSE4_2 -DARROW_HAVE_SSE4_2 -DARROW_HDFS -DARROW_JEMALLOC -DARROW_JEMALLOC_INCLUDE_DIR=\"\" -DARROW_PYFLIGHT_EXPORTING -DARROW_WITH_BROTLI -DARROW_WITH_BZ2 -DARROW_WITH_LZ4 -DARROW_WITH_RE2 -DARROW_WITH_SNAPPY -DARROW_WITH_TIMING_TESTS -DARROW_WITH_UTF8PROC -DARROW_WITH_ZLIB -DARROW_WITH_ZSTD -DURI_STATIC_BUILD -I....../apache-arrow-7.0.0/cpp/build/src -I....../apache-arrow-7.0.0/cpp/src -I....../apache-arrow-7.0.0/cpp/src/generated -isystem ....../apache-arrow-7.0.0/cpp/thirdparty/flatbuffers/include -isystem ....../apache-arrow-7.0.0/cpp/build/jemalloc_ep-prefix/src -isystem ....../apache-arrow-7.0.0/cpp/build/xsimd_ep/src/xsimd_ep-install/include -isystem ....../apache-arrow-7.0.0/cpp/thirdparty/hadoop/include -isystem /home/lvision/.local/lib/python3.8/site-packages/numpy/core/include -isystem /usr/include/python3.8 -Wno-noexcept-type  -fdiagnostics-color=always -O3 -DNDEBUG  -Wall -fno-semantic-interposition -msse4.2  -O3 -DNDEBUG -fPIC -std=c++11 -MD -MT src/arrow/python/CMakeFiles/arrow_python_flight_objlib.dir/flight.cc.o -MF CMakeFiles/arrow_python_flight_objlib.dir/flight.cc.o.d -o CMakeFiles/arrow_python_flight_objlib.dir/flight.cc.o -c ....../apache-arrow-7.0.0/cpp/src/arrow/python/flight.cc\r\nmake[2]: Leaving directory '....../apache-arrow-7.0.0/cpp/build'\r\nmake  -f src/plasma/CMakeFiles/plasma_objlib.dir/build.make src/plasma/CMakeFiles/plasma_objlib.dir/build\r\nIn file included from ....../apache-arrow-7.0.0/cpp/src/gandiva/precompiled/time.cc:18:\r\nIn file included from ....../apache-arrow-7.0.0/cpp/src/gandiva/precompiled/./epoch_time_point.h:21:\r\nIn file included from ....../apache-arrow-7.0.0/cpp/src/gandiva/precompiled/../../arrow/vendored/datetime/date.h:53:\r\nIn file included from /usr/lib/gcc/x86_64-linux-gnu/9/../../../../include/c++/9/ios:42:\r\n/usr/lib/gcc/x86_64-linux-gnu/9/../../../../include/c++/9/bits/ios_base.h:474:25: error: expected ';' at end of declaration list\r\n    typedef int io_state\r\n                        ^\r\n/usr/lib/gcc/x86_64-linux-gnu/9/../../../../include/c++/9/bits/ios_base.h:476:26: error: expected ';' at end of declaration list\r\n    typedef int open_mode\r\n                         ^\r\n/usr/lib/gcc/x86_64-linux-gnu/9/../../../../include/c++/9/bits/ios_base.h:478:25: error: expected ';' at end of declaration list\r\n    typedef int seek_dir\r\n                        ^\r\n/usr/lib/gcc/x86_64-linux-gnu/9/../../../../include/c++/9/bits/ios_base.h:481:37: error: expected ';' at end of declaration list\r\n    typedef std::streampos streampos\r\n                                    ^\r\n/usr/lib/gcc/x86_64-linux-gnu/9/../../../../include/c++/9/bits/ios_base.h:483:37: error: expected ';' at end of declaration list\r\n    typedef std::streamoff streamoff\r\n                                    ^\r\nIn file included from ....../apache-arrow-7.0.0/cpp/src/gandiva/precompiled/time.cc:18:\r\nIn file included from ....../apache-arrow-7.0.0/cpp/src/gandiva/precompiled/./epoch_time_point.h:21:\r\nIn file included from ....../apache-arrow-7.0.0/cpp/src/gandiva/precompiled/../../arrow/vendored/datetime/date.h:53:\r\nIn file included from /usr/lib/gcc/x86_64-linux-gnu/9/../../../../include/c++/9/ios:43:\r\n/usr/lib/gcc/x86_64-linux-gnu/9/../../../../include/c++/9/streambuf:789:35: error: expected parameter declarator\r\n      _GLIBCXX_DEPRECATED_SUGGEST(\"std::basic_streambuf::sbumpc\")\r\n                                  ^\r\n/usr/lib/gcc/x86_64-linux-gnu/9/../../../../include/c++/9/streambuf:789:35: error: expected ')'\r\n/usr/lib/gcc/x86_64-linux-gnu/9/../../../../include/c++/9/streambuf:789:34: note: to match this '('\r\n      _GLIBCXX_DEPRECATED_SUGGEST(\"std::basic_streambuf::sbumpc\")\r\n                                 ^\r\n/usr/lib/gcc/x86_64-linux-gnu/9/../../../../include/c++/9/streambuf:789:7: error: C++ requires a type specifier for all declarations\r\n      _GLIBCXX_DEPRECATED_SUGGEST(\"std::basic_streambuf::sbumpc\")\r\n      ^\r\n/usr/lib/gcc/x86_64-linux-gnu/9/../../../../include/c++/9/streambuf:789:66: error: expected ';' at end of declaration list\r\n      _GLIBCXX_DEPRECATED_SUGGEST(\"std::basic_streambuf::sbumpc\")\r\n                                                                 ^\r\n/usr/lib/gcc/x86_64-linux-gnu/9/../../../../include/c++/9/streambuf:835:5: error: out-of-line definition of 'basic_streambuf<_CharT, _Traits>' does not match any declaration in 'basic_streambuf<_CharT, _Traits>'\r\n    basic_streambuf(const basic_streambuf&) = default;\r\n    ^~~~~~~~~~~~~~~\r\nmake[2]: Entering directory '....../apache-arrow-7.0.0/cpp/build'\r\n[  3%] Building CXX object src/arrow/gpu/CMakeFiles/arrow_cuda_objlib.dir/cuda_internal.cc.o\r\ncd ....../apache-arrow-7.0.0/cpp/build/src/arrow/gpu && /usr/bin/ccache /usr/local/bin/c++ -DARROW_EXPORTING -DARROW_HAVE_RUNTIME_AVX2 -DARROW_HAVE_RUNTIME_AVX512 -DARROW_HAVE_RUNTIME_BMI2 -DARROW_HAVE_RUNTIME_SSE4_2 -DARROW_HAVE_SSE4_2 -DARROW_HDFS -DARROW_JEMALLOC -DARROW_JEMALLOC_INCLUDE_DIR=\"\" -DARROW_WITH_BROTLI -DARROW_WITH_BZ2 -DARROW_WITH_LZ4 -DARROW_WITH_RE2 -DARROW_WITH_SNAPPY -DARROW_WITH_TIMING_TESTS -DARROW_WITH_UTF8PROC -DARROW_WITH_ZLIB -DARROW_WITH_ZSTD -DURI_STATIC_BUILD -I....../apache-arrow-7.0.0/cpp/build/src -I....../apache-arrow-7.0.0/cpp/src -I....../apache-arrow-7.0.0/cpp/src/generated -isystem ....../apache-arrow-7.0.0/cpp/thirdparty/flatbuffers/include -isystem ....../apache-arrow-7.0.0/cpp/build/jemalloc_ep-prefix/src -isystem ....../apache-arrow-7.0.0/cpp/build/xsimd_ep/src/xsimd_ep-install/include -isystem ....../apache-arrow-7.0.0/cpp/thirdparty/hadoop/include -isystem /usr/local/cuda/include -Wno-noexcept-type  -fdiagnostics-color=always -O3 -DNDEBUG  -Wall -fno-semantic-interposition -msse4.2  -O3 -DNDEBUG -fPIC -std=c++11 -MD -MT src/arrow/gpu/CMakeFiles/arrow_cuda_objlib.dir/cuda_internal.cc.o -MF CMakeFiles/arrow_cuda_objlib.dir/cuda_internal.cc.o.d -o CMakeFiles/arrow_cuda_objlib.dir/cuda_internal.cc.o -c ....../apache-arrow-7.0.0/cpp/src/arrow/gpu/cuda_internal.cc\r\nIn file included from ....../apache-arrow-7.0.0/cpp/src/gandiva/precompiled/timestamp_arithmetic.cc:18:\r\nIn file included from ....../apache-arrow-7.0.0/cpp/src/gandiva/precompiled/./epoch_time_point.h:21:\r\nIn file included from ....../apache-arrow-7.0.0/cpp/src/gandiva/precompiled/../../arrow/vendored/datetime/date.h:53:\r\nIn file included from /usr/lib/gcc/x86_64-linux-gnu/9/../../../../include/c++/9/ios:42:\r\n/usr/lib/gcc/x86_64-linux-gnu/9/../../../../include/c++/9/bits/ios_base.h:474:25: error: expected ';' at end of declaration list\r\n    typedef int io_state\r\n                        ^\r\n/usr/lib/gcc/x86_64-linux-gnu/9/../../../../include/c++/9/bits/ios_base.h:476:26: error: expected ';' at end of declaration list\r\n    typedef int open_mode\r\n                         ^\r\n/usr/lib/gcc/x86_64-linux-gnu/9/../../../../include/c++/9/bits/ios_base.h:478:25: error: expected ';' at end of declaration list\r\n    typedef int seek_dir\r\n                        ^\r\n/usr/lib/gcc/x86_64-linux-gnu/9/../../../../include/c++/9/bits/ios_base.h:481:37: error: expected ';' at end of declaration list\r\n    typedef std::streampos streampos\r\n                                    ^\r\n/usr/lib/gcc/x86_64-linux-gnu/9/../../../../include/c++/9/bits/ios_base.h:483:37: error: expected ';' at end of declaration list\r\n    typedef std::streamoff streamoff\r\n                                    ^\r\nIn file included from ....../apache-arrow-7.0.0/cpp/src/gandiva/precompiled/timestamp_arithmetic.cc:18:\r\nIn file included from ....../apache-arrow-7.0.0/cpp/src/gandiva/precompiled/./epoch_time_point.h:21:\r\nIn file included from ....../apache-arrow-7.0.0/cpp/src/gandiva/precompiled/../../arrow/vendored/datetime/date.h:53:\r\nIn file included from /usr/lib/gcc/x86_64-linux-gnu/9/../../../../include/c++/9/ios:43:\r\n/usr/lib/gcc/x86_64-linux-gnu/9/../../../../include/c++/9/streambuf:789:35: error: expected parameter declarator\r\n      _GLIBCXX_DEPRECATED_SUGGEST(\"std::basic_streambuf::sbumpc\")\r\n                                  ^\r\n/usr/lib/gcc/x86_64-linux-gnu/9/../../../../include/c++/9/streambuf:789:35: error: expected ')'\r\n/usr/lib/gcc/x86_64-linux-gnu/9/../../../../include/c++/9/streambuf:789:34: note: to match this '('\r\n      _GLIBCXX_DEPRECATED_SUGGEST(\"std::basic_streambuf::sbumpc\")\r\n                                 ^\r\n/usr/lib/gcc/x86_64-linux-gnu/9/../../../../include/c++/9/streambuf:789:7: error: C++ requires a type specifier for all declarations\r\n      _GLIBCXX_DEPRECATED_SUGGEST(\"std::basic_streambuf::sbumpc\")\r\n      ^\r\n/usr/lib/gcc/x86_64-linux-gnu/9/../../../../include/c++/9/streambuf:789:66: error: expected ';' at end of declaration list\r\n      _GLIBCXX_DEPRECATED_SUGGEST(\"std::basic_streambuf::sbumpc\")\r\n                                                                 ^\r\n/usr/lib/gcc/x86_64-linux-gnu/9/../../../../include/c++/9/streambuf:835:5: error: out-of-line definition of 'basic_streambuf<_CharT, _Traits>' does not match any declaration in 'basic_streambuf<_CharT, _Traits>'\r\n    basic_streambuf(const basic_streambuf&) = default;\r\n    ^~~~~~~~~~~~~~~\r\n[  4%] Building CXX object src/plasma/CMakeFiles/plasma_objlib.dir/client.cc.o\r\ncd ....../apache-arrow-7.0.0/cpp/build/src/plasma && /usr/bin/ccache /usr/local/bin/c++ -DARROW_EXPORTING -DARROW_HAVE_RUNTIME_AVX2 -DARROW_HAVE_RUNTIME_AVX512 -DARROW_HAVE_RUNTIME_BMI2 -DARROW_HAVE_RUNTIME_SSE4_2 -DARROW_HAVE_SSE4_2 -DARROW_JEMALLOC -DARROW_JEMALLOC_INCLUDE_DIR=\"\" -DARROW_WITH_RE2 -DARROW_WITH_TIMING_TESTS -DARROW_WITH_UTF8PROC -DPLASMA_CUDA -I....../apache-arrow-7.0.0/cpp/build/src -I....../apache-arrow-7.0.0/cpp/src -I....../apache-arrow-7.0.0/cpp/src/generated -isystem ....../apache-arrow-7.0.0/cpp/thirdparty/flatbuffers/include -isystem ....../apache-arrow-7.0.0/cpp/build/jemalloc_ep-prefix/src -isystem ....../apache-arrow-7.0.0/cpp/build/xsimd_ep/src/xsimd_ep-install/include -isystem ....../apache-arrow-7.0.0/cpp/thirdparty/hadoop/include -Wno-noexcept-type  -fdiagnostics-color=always -O3 -DNDEBUG  -Wall -fno-semantic-interposition -msse4.2  -fPIC -O3 -DNDEBUG -fPIC -std=c++11 -MD -MT src/plasma/CMakeFiles/plasma_objlib.dir/client.cc.o -MF CMakeFiles/plasma_objlib.dir/client.cc.o.d -o CMakeFiles/plasma_objlib.dir/client.cc.o -c ....../apache-arrow-7.0.0/cpp/src/plasma/client.cc\r\nIn file included from ....../apache-arrow-7.0.0/cpp/src/arrow/util/basic_decimal.cc:26:\r\nIn file included from /usr/lib/gcc/x86_64-linux-gnu/9/../../../../include/c++/9/iomanip:40:\r\n/usr/lib/gcc/x86_64-linux-gnu/9/../../../../include/c++/9/bits/ios_base.h:474:25: error: expected ';' at end of declaration list\r\n    typedef int io_state\r\n                        ^\r\n/usr/lib/gcc/x86_64-linux-gnu/9/../../../../include/c++/9/bits/ios_base.h:476:26: error: expected ';' at end of declaration list\r\n    typedef int open_mode\r\n                         ^\r\n/usr/lib/gcc/x86_64-linux-gnu/9/../../../../include/c++/9/bits/ios_base.h:478:25: error: expected ';' at end of declaration list\r\n    typedef int seek_dir\r\n                        ^\r\n/usr/lib/gcc/x86_64-linux-gnu/9/../../../../include/c++/9/bits/ios_base.h:481:37: error: expected ';' at end of declaration list\r\n    typedef std::streampos streampos\r\n                                    ^\r\n/usr/lib/gcc/x86_64-linux-gnu/9/../../../../include/c++/9/bits/ios_base.h:483:37: error: expected ';' at end of declaration list\r\n    typedef std::streamoff streamoff\r\n                                    ^\r\nIn file included from ....../apache-arrow-7.0.0/cpp/src/gandiva/precompiled/extended_math_ops.cc:23:\r\nIn file included from ....../apache-arrow-7.0.0/cpp/src/gandiva/precompiled/decimal_ops.h:22:\r\nIn file included from ....../apache-arrow-7.0.0/cpp/src/gandiva/basic_decimal_scalar.h:23:\r\nIn file included from ....../apache-arrow-7.0.0/cpp/src/arrow/util/decimal.h:26:\r\nIn file included from ....../apache-arrow-7.0.0/cpp/src/arrow/result.h:27:\r\nIn file included from ....../apache-arrow-7.0.0/cpp/src/arrow/status.h:25:\r\nIn file included from ....../apache-arrow-7.0.0/cpp/src/arrow/util/string_builder.h:21:\r\nIn file included from /usr/lib/gcc/x86_64-linux-gnu/9/../../../../include/c++/9/ostream:38:\r\nIn file included from /usr/lib/gcc/x86_64-linux-gnu/9/../../../../include/c++/9/ios:42:\r\n/usr/lib/gcc/x86_64-linux-gnu/9/../../../../include/c++/9/bits/ios_base.h:474:25: error: expected ';' at end of declaration list\r\n    typedef int io_state\r\n                        ^\r\n/usr/lib/gcc/x86_64-linux-gnu/9/../../../../include/c++/9/bits/ios_base.h:476:26: error: expected ';' at end of declaration list\r\n    typedef int open_mode\r\n                         ^\r\n/usr/lib/gcc/x86_64-linux-gnu/9/../../../../include/c++/9/bits/ios_base.h:478:25: error: expected ';' at end of declaration list\r\n    typedef int seek_dir\r\n                        ^\r\n/usr/lib/gcc/x86_64-linux-gnu/9/../../../../include/c++/9/bits/ios_base.h:481:37: error: expected ';' at end of declaration list\r\n    typedef std::streampos streampos\r\n                                    ^\r\n/usr/lib/gcc/x86_64-linux-gnu/9/../../../../include/c++/9/bits/ios_base.h:483:37: error: expected ';' at end of declaration list\r\n    typedef std::streamoff streamoff\r\n                                    ^\r\nIn file included from ....../apache-arrow-7.0.0/cpp/src/arrow/util/basic_decimal.cc:26:\r\nIn file included from /usr/lib/gcc/x86_64-linux-gnu/9/../../../../include/c++/9/iomanip:43:\r\nIn file included from /usr/lib/gcc/x86_64-linux-gnu/9/../../../../include/c++/9/locale:40:\r\nIn file included from /usr/lib/gcc/x86_64-linux-gnu/9/../../../../include/c++/9/bits/locale_facets.h:44:\r\n/usr/lib/gcc/x86_64-linux-gnu/9/../../../../include/c++/9/streambuf:789:35: error: expected parameter declarator\r\nIn file included from       _GLIBCXX_DEPRECATED_SUGGEST(\"std::basic_streambuf::sbumpc\")....../apache-arrow-7.0.0/cpp/src/gandiva/precompiled/decimal_ops.cc\r\n:20                                  ^:\r\n\r\nIn file included from ....../apache-arrow-7.0.0/cpp/src/gandiva/precompiled/decimal_ops.h:22/usr/lib/gcc/x86_64-linux-gnu/9/../../../../include/c++/9/streambuf:\r\n:In file included from 789....../apache-arrow-7.0.0/cpp/src/gandiva/basic_decimal_scalar.h::3523::\r\n In file included from ....../apache-arrow-7.0.0/cpp/src/arrow/util/decimal.h:error26: :\r\nIn file included from ....../apache-arrow-7.0.0/cpp/src/arrow/result.hexpected ')':27\r\n:\r\nIn file included from /usr/lib/gcc/x86_64-linux-gnu/9/../../../../include/c++/9/streambuf....../apache-arrow-7.0.0/cpp/src/arrow/status.h::78925::\r\n34In file included from :....../apache-arrow-7.0.0/cpp/src/arrow/util/string_builder.h :21:\r\nnoteIn file included from : /usr/lib/gcc/x86_64-linux-gnu/9/../../../../include/c++/9/ostream:to match this '('38:\r\n\r\nIn file included from /usr/lib/gcc/x86_64-linux-gnu/9/../../../../include/c++/9/ios:42:\r\n/usr/lib/gcc/x86_64-linux-gnu/9/../../../../include/c++/9/bits/ios_base.h:      _GLIBCXX_DEPRECATED_SUGGEST(\"std::basic_streambuf::sbumpc\")474\r\n:25                                 ^:\r\n error: /usr/lib/gcc/x86_64-linux-gnu/9/../../../../include/c++/9/streambufexpected ';' at end of declaration list:789\r\n:7: error:     typedef int io_stateC++ requires a type specifier for all declarations\r\n\r\n                        ^\r\n      _GLIBCXX_DEPRECATED_SUGGEST(\"std::basic_streambuf::sbumpc\")\r\n      ^\r\n/usr/lib/gcc/x86_64-linux-gnu/9/../../../../include/c++/9/bits/ios_base.h:476:26: error: expected ';' at end of declaration list\r\n    typedef int open_mode\r\n                         ^\r\n/usr/lib/gcc/x86_64-linux-gnu/9/../../../../include/c++/9/streambuf:789:66: error: expected ';' at end of declaration list\r\n/usr/lib/gcc/x86_64-linux-gnu/9/../../../../include/c++/9/bits/ios_base.h:478:25:       _GLIBCXX_DEPRECATED_SUGGEST(\"std::basic_streambuf::sbumpc\")\r\nerror:                                                                  ^\r\nexpected ';' at end of declaration list\r\n    typedef int seek_dir\r\n                        ^\r\n/usr/lib/gcc/x86_64-linux-gnu/9/../../../../include/c++/9/bits/ios_base.h:481:37: error: expected ';' at end of declaration list\r\n    typedef std::streampos streampos\r\n                                    ^\r\n/usr/lib/gcc/x86_64-linux-gnu/9/../../../../include/c++/9/bits/ios_base.h:483:37: error: expected ';' at end of declaration list\r\n    typedef std::streamoff streamoff\r\n                                    ^\r\nIn file included from ....../apache-arrow-7.0.0/cpp/src/gandiva/precompiled/decimal_wrapper.cc:18:\r\nIn file included from ....../apache-arrow-7.0.0/cpp/src/gandiva/precompiled/decimal_ops.h:22:\r\nIn file included from ....../apache-arrow-7.0.0/cpp/src/gandiva/basic_decimal_scalar.h:23:\r\nIn file included from ....../apache-arrow-7.0.0/cpp/src/arrow/util/decimal.h:26:\r\nIn file included from ....../apache-arrow-7.0.0/cpp/src/arrow/result.h:27:\r\nIn file included from ....../apache-arrow-7.0.0/cpp/src/arrow/status.h:25:\r\nIn file included from ....../apache-arrow-7.0.0/cpp/src/arrow/util/string_builder.h:21:\r\nIn file included from /usr/lib/gcc/x86_64-linux-gnu/9/../../../../include/c++/9/ostream:38:\r\nIn file included from /usr/lib/gcc/x86_64-linux-gnu/9/../../../../include/c++/9/ios:42:\r\n/usr/lib/gcc/x86_64-linux-gnu/9/../../../../include/c++/9/bits/ios_base.h:474:25: error: expected ';' at end of declaration list\r\n    typedef int io_state\r\n                        ^\r\n/usr/lib/gcc/x86_64-linux-gnu/9/../../../../include/c++/9/streambuf:835:5: error: out-of-line definition of 'basic_streambuf<_CharT, _Traits>' does not match any declaration in 'basic_streambuf<_CharT, _Traits>'\r\n    basic_streambuf(const basic_streambuf&) = default;\r\n/usr/lib/gcc/x86_64-linux-gnu/9/../../../../include/c++/9/bits/ios_base.h:    ^~~~~~~~~~~~~~~476\r\n:26: error: expected ';' at end of declaration list\r\n    typedef int open_mode\r\n                         ^\r\n/usr/lib/gcc/x86_64-linux-gnu/9/../../../../include/c++/9/bits/ios_base.h:478:25: error: expected ';' at end of declaration list\r\n    typedef int seek_dir\r\n                        ^\r\n/usr/lib/gcc/x86_64-linux-gnu/9/../../../../include/c++/9/bits/ios_base.h:481:37: error: expected ';' at end of declaration list\r\n    typedef std::streampos streampos\r\n                                    ^\r\n/usr/lib/gcc/x86_64-linux-gnu/9/../../../../include/c++/9/bits/ios_base.h:483:37: error: expected ';' at end of declaration list\r\nIn file included from     typedef std::streamoff streamoff....../apache-arrow-7.0.0/cpp/src/gandiva/precompiled/extended_math_ops.cc\r\n:23                                    ^:\r\n\r\nIn file included from ....../apache-arrow-7.0.0/cpp/src/gandiva/precompiled/decimal_ops.h:22:\r\nIn file included from ....../apache-arrow-7.0.0/cpp/src/gandiva/basic_decimal_scalar.h:23:\r\nIn file included from ....../apache-arrow-7.0.0/cpp/src/arrow/util/decimal.h:26:\r\nIn file included from ....../apache-arrow-7.0.0/cpp/src/arrow/result.h:27:\r\nIn file included from ....../apache-arrow-7.0.0/cpp/src/arrow/status.h:25:\r\nIn file included from ....../apache-arrow-7.0.0/cpp/src/arrow/util/string_builder.h:21:\r\nIn file included from /usr/lib/gcc/x86_64-linux-gnu/9/../../../../include/c++/9/ostream:38:\r\nIn file included from /usr/lib/gcc/x86_64-linux-gnu/9/../../../../include/c++/9/ios:43:\r\n/usr/lib/gcc/x86_64-linux-gnu/9/../../../../include/c++/9/streambuf:789:35: error: expected parameter declarator\r\n      _GLIBCXX_DEPRECATED_SUGGEST(\"std::basic_streambuf::sbumpc\")\r\n                                  ^\r\n/usr/lib/gcc/x86_64-linux-gnu/9/../../../../include/c++/9/streambuf:789:35: error: expected ')'\r\n/usr/lib/gcc/x86_64-linux-gnu/9/../../../../include/c++/9/streambuf:789:34: note: to match this '('\r\n      _GLIBCXX_DEPRECATED_SUGGEST(\"std::basic_streambuf::sbumpc\")\r\n                                 ^\r\n/usr/lib/gcc/x86_64-linux-gnu/9/../../../../include/c++/9/streambuf:789:7: error: C++ requires a type specifier for all declarations\r\n      _GLIBCXX_DEPRECATED_SUGGEST(\"std::basic_streambuf::sbumpc\")\r\n      ^\r\n/usr/lib/gcc/x86_64-linux-gnu/9/../../../../include/c++/9/streambuf:789:66: error: expected ';' at end of declaration list\r\n      _GLIBCXX_DEPRECATED_SUGGEST(\"std::basic_streambuf::sbumpc\")\r\n                                                                 ^\r\n/usr/lib/gcc/x86_64-linux-gnu/9/../../../../include/c++/9/streambuf:835:5: error: out-of-line definition of 'basic_streambuf<_CharT, _Traits>' does not match any declaration in 'basic_streambuf<_CharT, _Traits>'\r\n    basic_streambuf(const basic_streambuf&) = default;\r\n    ^~~~~~~~~~~~~~~\r\nIn file included from ....../apache-arrow-7.0.0/cpp/src/gandiva/precompiled/decimal_ops.cc:20:\r\nIn file included from ....../apache-arrow-7.0.0/cpp/src/gandiva/precompiled/decimal_ops.h:22:\r\nIn file included from ....../apache-arrow-7.0.0/cpp/src/gandiva/basic_decimal_scalar.h:23:\r\nIn file included from ....../apache-arrow-7.0.0/cpp/src/arrow/util/decimal.h:26:\r\nIn file included from ....../apache-arrow-7.0.0/cpp/src/arrow/result.h:27:\r\nIn file included from ....../apache-arrow-7.0.0/cpp/src/arrow/status.h:25:\r\nIn file included from ....../apache-arrow-7.0.0/cpp/src/arrow/util/string_builder.h:21:\r\nIn file included from /usr/lib/gcc/x86_64-linux-gnu/9/../../../../include/c++/9/ostream:38:\r\nIn file included from /usr/lib/gcc/x86_64-linux-gnu/9/../../../../include/c++/9/ios:43:\r\n/usr/lib/gcc/x86_64-linux-gnu/9/../../../../include/c++/9/streambuf:789:35: error: expected parameter declarator\r\n      _GLIBCXX_DEPRECATED_SUGGEST(\"std::basic_streambuf::sbumpc\")\r\n                                  ^\r\n/usr/lib/gcc/x86_64-linux-gnu/9/../../../../include/c++/9/streambuf:789:35: error: expected ')'\r\n/usr/lib/gcc/x86_64-linux-gnu/9/../../../../include/c++/9/streambuf:789:34: note: to match this '('\r\n      _GLIBCXX_DEPRECATED_SUGGEST(\"std::basic_streambuf::sbumpc\")\r\n                                 ^\r\n/usr/lib/gcc/x86_64-linux-gnu/9/../../../../include/c++/9/streambuf:789:7: error: C++ requires a type specifier for all declarations\r\n      _GLIBCXX_DEPRECATED_SUGGEST(\"std::basic_streambuf::sbumpc\")\r\n      ^\r\n/usr/lib/gcc/x86_64-linux-gnu/9/../../../../include/c++/9/streambuf:789:66: error: expected ';' at end of declaration list\r\n      _GLIBCXX_DEPRECATED_SUGGEST(\"std::basic_streambuf::sbumpc\")\r\n                                                                 ^\r\nIn file included from ....../apache-arrow-7.0.0/cpp/src/gandiva/precompiled/decimal_wrapper.cc:18:\r\nIn file included from ....../apache-arrow-7.0.0/cpp/src/gandiva/precompiled/decimal_ops.h:22:\r\nIn file included from ....../apache-arrow-7.0.0/cpp/src/gandiva/basic_decimal_scalar.h:23:\r\nIn file included from ....../apache-arrow-7.0.0/cpp/src/arrow/util/decimal.h:26:\r\nIn file included from ....../apache-arrow-7.0.0/cpp/src/arrow/result.h:27:\r\nIn file included from ....../apache-arrow-7.0.0/cpp/src/arrow/status.h:25:\r\nIn file included from ....../apache-arrow-7.0.0/cpp/src/arrow/util/string_builder.h:21:\r\nIn file included from /usr/lib/gcc/x86_64-linux-gnu/9/../../../../include/c++/9/ostream:38:\r\nIn file included from /usr/lib/gcc/x86_64-linux-gnu/9/../../../../include/c++/9/ios:43:\r\n/usr/lib/gcc/x86_64-linux-gnu/9/../../../../include/c++/9/streambuf:789:35: error: expected parameter declarator\r\n      _GLIBCXX_DEPRECATED_SUGGEST(\"std::basic_streambuf::sbumpc\")\r\n                                  ^\r\n/usr/lib/gcc/x86_64-linux-gnu/9/../../../../include/c++/9/streambuf:/usr/lib/gcc/x86_64-linux-gnu/9/../../../../include/c++/9/streambuf789::83535::5 : error: error: expected ')'out-of-line definition of 'basic_streambuf<_CharT, _Traits>' does not match any declaration in 'basic_streambuf<_CharT, _Traits>'\r\n\r\n/usr/lib/gcc/x86_64-linux-gnu/9/../../../../include/c++/9/streambuf:789:34:     basic_streambuf(const basic_streambuf&) = default;\r\nnote    ^~~~~~~~~~~~~~~: \r\nto match this '('\r\n      _GLIBCXX_DEPRECATED_SUGGEST(\"std::basic_streambuf::sbumpc\")\r\n                                 ^\r\n/usr/lib/gcc/x86_64-linux-gnu/9/../../../../include/c++/9/streambuf:789:7: error: C++ requires a type specifier for all declarations\r\n      _GLIBCXX_DEPRECATED_SUGGEST(\"std::basic_streambuf::sbumpc\")\r\n      ^\r\n/usr/lib/gcc/x86_64-linux-gnu/9/../../../../include/c++/9/streambuf:789:66: error: expected ';' at end of declaration list\r\n      _GLIBCXX_DEPRECATED_SUGGEST(\"std::basic_streambuf::sbumpc\")\r\n                                                                 ^\r\n/usr/lib/gcc/x86_64-linux-gnu/9/../../../../include/c++/9/streambuf:835:5: error: out-of-line definition of 'basic_streambuf<_CharT, _Traits>' does not match any declaration in 'basic_streambuf<_CharT, _Traits>'\r\n    basic_streambuf(const basic_streambuf&) = default;\r\n    ^~~~~~~~~~~~~~~\r\nIn file included from ....../apache-arrow-7.0.0/cpp/src/gandiva/precompiled/string_ops.cc:20:\r\nIn file included from ....../apache-arrow-7.0.0/cpp/src/arrow/util/value_parsing.h:31:\r\nIn file included from ....../apache-arrow-7.0.0/cpp/src/arrow/type.h:30:\r\nIn file included from ....../apache-arrow-7.0.0/cpp/src/arrow/result.h:27:\r\nIn file included from ....../apache-arrow-7.0.0/cpp/src/arrow/status.h:25:\r\nIn file included from ....../apache-arrow-7.0.0/cpp/src/arrow/util/string_builder.h:21:\r\nIn file included from /usr/lib/gcc/x86_64-linux-gnu/9/../../../../include/c++/9/ostream:38:\r\nIn file included from /usr/lib/gcc/x86_64-linux-gnu/9/../../../../include/c++/9/ios:42:\r\n/usr/lib/gcc/x86_64-linux-gnu/9/../../../../include/c++/9/bits/ios_base.h:474:25: error: expected ';' at end of declaration list\r\n    typedef int io_state\r\n                        ^\r\n/usr/lib/gcc/x86_64-linux-gnu/9/../../../../include/c++/9/bits/ios_base.h:476:26: error: expected ';' at end of declaration list\r\n    typedef int open_mode\r\n                         ^\r\n/usr/lib/gcc/x86_64-linux-gnu/9/../../../../include/c++/9/bits/ios_base.h:478:25: error: expected ';' at end of declaration list\r\n    typedef int seek_dir\r\n                        ^\r\n/usr/lib/gcc/x86_64-linux-gnu/9/../../../../include/c++/9/bits/ios_base.h:481:37: error: expected ';' at end of declaration list\r\n    typedef std::streampos streampos\r\n                                    ^\r\n/usr/lib/gcc/x86_64-linux-gnu/9/../../../../include/c++/9/bits/ios_base.h:483:37: error: expected ';' at end of declaration list\r\n    typedef std::streamoff streamoff\r\n                                    ^\r\nIn file included from ....../apache-arrow-7.0.0/cpp/src/gandiva/precompiled/string_ops.cc:20:\r\nIn file included from ....../apache-arrow-7.0.0/cpp/src/arrow/util/value_parsing.h:31:\r\nIn file included from ....../apache-arrow-7.0.0/cpp/src/arrow/type.h:30:\r\nIn file included from ....../apache-arrow-7.0.0/cpp/src/arrow/result.h:27:\r\nIn file included from ....../apache-arrow-7.0.0/cpp/src/arrow/status.h:25:\r\nIn file included from ....../apache-arrow-7.0.0/cpp/src/arrow/util/string_builder.h:21:\r\nIn file included from /usr/lib/gcc/x86_64-linux-gnu/9/../../../../include/c++/9/ostream:38:\r\nIn file included from /usr/lib/gcc/x86_64-linux-gnu/9/../../../../include/c++/9/ios:43:\r\n/usr/lib/gcc/x86_64-linux-gnu/9/../../../../include/c++/9/streambuf:789:35: error: expected parameter declarator\r\n      _GLIBCXX_DEPRECATED_SUGGEST(\"std::basic_streambuf::sbumpc\")\r\n                                  ^\r\n/usr/lib/gcc/x86_64-linux-gnu/9/../../../../include/c++/9/streambuf:789:35: error: expected ')'\r\n/usr/lib/gcc/x86_64-linux-gnu/9/../../../../include/c++/9/streambuf:789:34: note: to match this '('\r\n      _GLIBCXX_DEPRECATED_SUGGEST(\"std::basic_streambuf::sbumpc\")\r\n                                 ^\r\n/usr/lib/gcc/x86_64-linux-gnu/9/../../../../include/c++/9/streambuf:789:7: error: C++ requires a type specifier for all declarations\r\n      _GLIBCXX_DEPRECATED_SUGGEST(\"std::basic_streambuf::sbumpc\")\r\n      ^\r\n/usr/lib/gcc/x86_64-linux-gnu/9/../../../../include/c++/9/streambuf:789:66: error: expected ';' at end of declaration list\r\n      _GLIBCXX_DEPRECATED_SUGGEST(\"std::basic_streambuf::sbumpc\")\r\n                                                                 ^\r\n/usr/lib/gcc/x86_64-linux-gnu/9/../../../../include/c++/9/streambuf:835:5: error: out-of-line definition of 'basic_streambuf<_CharT, _Traits>' does not match any declaration in 'basic_streambuf<_CharT, _Traits>'\r\n    basic_streambuf(const basic_streambuf&) = default;\r\n    ^~~~~~~~~~~~~~~\r\n[  4%] Building CXX object src/arrow/gpu/CMakeFiles/arrow_cuda_objlib.dir/cuda_memory.cc.o\r\n{quote}",
        "customfield_10010": null,
        "customfield_12314523": null,
        "customfield_12314127": null,
        "customfield_12314522": null,
        "customfield_12314126": null,
        "customfield_12314521": null,
        "customfield_12314125": null,
        "customfield_12314520": null,
        "customfield_12314124": null,
        "customfield_12312340": null,
        "customfield_12314123": null,
        "customfield_12312341": null,
        "customfield_12312220": null,
        "customfield_12314122": null,
        "customfield_12314121": null,
        "customfield_12314120": null,
        "customfield_12314129": null,
        "customfield_12314524": null,
        "customfield_12314128": null,
        "summary": "[C++] Fail to build Apache Arror cpp from source",
        "customfield_12314130": null,
        "customfield_12310291": null,
        "customfield_12310290": null,
        "customfield_12314138": null,
        "customfield_12314137": null,
        "environment": "\u279c  ~ lsb_release -a\r\nNo LSB modules are available.\r\nDistributor ID:\tUbuntu\r\nDescription:\tUbuntu 20.04.4 LTS\r\nRelease:\t20.04\r\nCodename:\tfocal\r\n\u279c  ~ uname -r\r\n5.13.0-30-generic\r\n\u279c  ~ gcc --version\r\ngcc (GCC) 10.3.1 20210627\r\nCopyright (C) 2020 Free Software Foundation, Inc.\r\nThis is free software; see the source for copying conditions.  There is NO\r\nwarranty; not even for MERCHANTABILITY or FITNESS FOR A PARTICULAR PURPOSE.\r\n",
        "customfield_12314136": null,
        "customfield_12314135": null,
        "customfield_12311020": null,
        "customfield_12314134": null,
        "duedate": null,
        "customfield_12314132": null,
        "customfield_12314131": null,
        "customfield_12311820": "0|z10ars:",
        "customfield_12314139": null
    }
}