{
    "expand": "operations,versionedRepresentations,editmeta,changelog,renderedFields",
    "id": "13189752",
    "self": "https://issues.apache.org/jira/rest/api/2/issue/13189752",
    "key": "ARROW-3447",
    "fields": {
        "fixVersions": [],
        "resolution": {
            "self": "https://issues.apache.org/jira/rest/api/2/resolution/1",
            "id": "1",
            "description": "A fix for this issue is checked into the tree and tested.",
            "name": "Fixed"
        },
        "customfield_12312322": null,
        "customfield_12312323": null,
        "customfield_12312320": null,
        "customfield_12310420": "9223372036854775807",
        "customfield_12312321": null,
        "customfield_12312328": null,
        "customfield_12312329": null,
        "customfield_12312326": null,
        "customfield_12310300": null,
        "customfield_12312327": null,
        "customfield_12312324": null,
        "customfield_12312720": null,
        "customfield_12312325": null,
        "lastViewed": null,
        "priority": {
            "self": "https://issues.apache.org/jira/rest/api/2/priority/3",
            "iconUrl": "https://issues.apache.org/jira/images/icons/priorities/major.svg",
            "name": "Major",
            "id": "3"
        },
        "labels": [],
        "customfield_12312333": null,
        "customfield_12312334": null,
        "customfield_12313422": "false",
        "customfield_12310310": "0.0",
        "customfield_12312331": null,
        "customfield_12312332": null,
        "aggregatetimeoriginalestimate": null,
        "timeestimate": null,
        "customfield_12312330": null,
        "versions": [],
        "customfield_12311120": null,
        "customfield_12313826": null,
        "customfield_12312339": null,
        "issuelinks": [],
        "customfield_12313825": null,
        "assignee": null,
        "customfield_12312337": null,
        "customfield_12313823": null,
        "customfield_12312338": null,
        "customfield_12311920": null,
        "customfield_12313822": null,
        "customfield_12312335": null,
        "customfield_12313821": null,
        "customfield_12312336": null,
        "customfield_12313820": null,
        "status": {
            "self": "https://issues.apache.org/jira/rest/api/2/status/6",
            "description": "The issue is considered finished, the resolution is correct. Issues which are not closed can be reopened.",
            "iconUrl": "https://issues.apache.org/jira/images/icons/statuses/closed.png",
            "name": "Closed",
            "id": "6",
            "statusCategory": {
                "self": "https://issues.apache.org/jira/rest/api/2/statuscategory/3",
                "id": 3,
                "key": "done",
                "colorName": "green",
                "name": "Done"
            }
        },
        "components": [
            {
                "self": "https://issues.apache.org/jira/rest/api/2/component/12328936",
                "id": "12328936",
                "name": "Python"
            }
        ],
        "customfield_12312026": null,
        "customfield_12312023": null,
        "customfield_12312024": null,
        "aggregatetimeestimate": null,
        "customfield_12312022": null,
        "customfield_12310921": null,
        "customfield_12310920": "9223372036854775807",
        "customfield_12312823": null,
        "creator": {
            "self": "https://issues.apache.org/jira/rest/api/2/user?username=MSeal",
            "name": "MSeal",
            "key": "mseal",
            "avatarUrls": {
                "48x48": "https://issues.apache.org/jira/secure/useravatar?avatarId=10452",
                "24x24": "https://issues.apache.org/jira/secure/useravatar?size=small&avatarId=10452",
                "16x16": "https://issues.apache.org/jira/secure/useravatar?size=xsmall&avatarId=10452",
                "32x32": "https://issues.apache.org/jira/secure/useravatar?size=medium&avatarId=10452"
            },
            "displayName": "Matthew Seal",
            "active": true,
            "timeZone": "America/Los_Angeles"
        },
        "subtasks": [],
        "reporter": {
            "self": "https://issues.apache.org/jira/rest/api/2/user?username=MSeal",
            "name": "MSeal",
            "key": "mseal",
            "avatarUrls": {
                "48x48": "https://issues.apache.org/jira/secure/useravatar?avatarId=10452",
                "24x24": "https://issues.apache.org/jira/secure/useravatar?size=small&avatarId=10452",
                "16x16": "https://issues.apache.org/jira/secure/useravatar?size=xsmall&avatarId=10452",
                "32x32": "https://issues.apache.org/jira/secure/useravatar?size=medium&avatarId=10452"
            },
            "displayName": "Matthew Seal",
            "active": true,
            "timeZone": "America/Los_Angeles"
        },
        "aggregateprogress": {
            "progress": 0,
            "total": 0
        },
        "customfield_12313520": null,
        "customfield_12310250": null,
        "progress": {
            "progress": 0,
            "total": 0
        },
        "customfield_12313924": null,
        "votes": {
            "self": "https://issues.apache.org/jira/rest/api/2/issue/ARROW-3447/votes",
            "votes": 0,
            "hasVoted": false
        },
        "worklog": {
            "startAt": 0,
            "maxResults": 20,
            "total": 0,
            "worklogs": []
        },
        "customfield_12313920": null,
        "issuetype": {
            "self": "https://issues.apache.org/jira/rest/api/2/issuetype/1",
            "id": "1",
            "description": "A problem which impairs or prevents the functions of the product.",
            "iconUrl": "https://issues.apache.org/jira/secure/viewavatar?size=xsmall&avatarId=21133&avatarType=issuetype",
            "name": "Bug",
            "subtask": false,
            "avatarId": 21133
        },
        "timespent": null,
        "customfield_12314020": "{summaryBean=com.atlassian.jira.plugin.devstatus.rest.SummaryBean@7b96a8bb[summary={pullrequest=com.atlassian.jira.plugin.devstatus.rest.SummaryItemBean@1ccb898e[overall=PullRequestOverallBean{stateCount=0, state='OPEN', details=PullRequestOverallDetails{openCount=0, mergedCount=0, declinedCount=0}},byInstanceType={}], build=com.atlassian.jira.plugin.devstatus.rest.SummaryItemBean@415603b1[overall=com.atlassian.jira.plugin.devstatus.summary.beans.BuildOverallBean@11165ec[failedBuildCount=0,successfulBuildCount=0,unknownBuildCount=0,count=0,lastUpdated=<null>,lastUpdatedTimestamp=<null>],byInstanceType={}], review=com.atlassian.jira.plugin.devstatus.rest.SummaryItemBean@4337b2ad[overall=com.atlassian.jira.plugin.devstatus.summary.beans.ReviewsOverallBean@1122d461[stateCount=0,state=<null>,dueDate=<null>,overDue=false,count=0,lastUpdated=<null>,lastUpdatedTimestamp=<null>],byInstanceType={}], deployment-environment=com.atlassian.jira.plugin.devstatus.rest.SummaryItemBean@6018067f[overall=com.atlassian.jira.plugin.devstatus.summary.beans.DeploymentOverallBean@6aac2195[topEnvironments=[],showProjects=false,successfulCount=0,count=0,lastUpdated=<null>,lastUpdatedTimestamp=<null>],byInstanceType={}], repository=com.atlassian.jira.plugin.devstatus.rest.SummaryItemBean@147054b7[overall=com.atlassian.jira.plugin.devstatus.summary.beans.CommitOverallBean@13760b84[count=0,lastUpdated=<null>,lastUpdatedTimestamp=<null>],byInstanceType={}], branch=com.atlassian.jira.plugin.devstatus.rest.SummaryItemBean@337dcc6b[overall=com.atlassian.jira.plugin.devstatus.summary.beans.BranchOverallBean@38d6f318[count=0,lastUpdated=<null>,lastUpdatedTimestamp=<null>],byInstanceType={}]},errors=[],configErrors=[]], devSummaryJson={\"cachedValue\":{\"errors\":[],\"configErrors\":[],\"summary\":{\"pullrequest\":{\"overall\":{\"count\":0,\"lastUpdated\":null,\"stateCount\":0,\"state\":\"OPEN\",\"details\":{\"openCount\":0,\"mergedCount\":0,\"declinedCount\":0,\"total\":0},\"open\":true},\"byInstanceType\":{}},\"build\":{\"overall\":{\"count\":0,\"lastUpdated\":null,\"failedBuildCount\":0,\"successfulBuildCount\":0,\"unknownBuildCount\":0},\"byInstanceType\":{}},\"review\":{\"overall\":{\"count\":0,\"lastUpdated\":null,\"stateCount\":0,\"state\":null,\"dueDate\":null,\"overDue\":false,\"completed\":false},\"byInstanceType\":{}},\"deployment-environment\":{\"overall\":{\"count\":0,\"lastUpdated\":null,\"topEnvironments\":[],\"showProjects\":false,\"successfulCount\":0},\"byInstanceType\":{}},\"repository\":{\"overall\":{\"count\":0,\"lastUpdated\":null},\"byInstanceType\":{}},\"branch\":{\"overall\":{\"count\":0,\"lastUpdated\":null},\"byInstanceType\":{}}}},\"isStale\":false}}",
        "customfield_12314141": null,
        "customfield_12314140": null,
        "project": {
            "self": "https://issues.apache.org/jira/rest/api/2/project/12319525",
            "id": "12319525",
            "key": "ARROW",
            "name": "Apache Arrow",
            "projectTypeKey": "software",
            "avatarUrls": {
                "48x48": "https://issues.apache.org/jira/secure/projectavatar?pid=12319525&avatarId=10011",
                "24x24": "https://issues.apache.org/jira/secure/projectavatar?size=small&pid=12319525&avatarId=10011",
                "16x16": "https://issues.apache.org/jira/secure/projectavatar?size=xsmall&pid=12319525&avatarId=10011",
                "32x32": "https://issues.apache.org/jira/secure/projectavatar?size=medium&pid=12319525&avatarId=10011"
            },
            "projectCategory": {
                "self": "https://issues.apache.org/jira/rest/api/2/projectCategory/13960",
                "id": "13960",
                "description": "Apache Arrow",
                "name": "Arrow"
            }
        },
        "aggregatetimespent": null,
        "customfield_12312520": null,
        "customfield_12312521": "Mon Oct 15 16:27:58 UTC 2018",
        "customfield_12314422": null,
        "customfield_12314421": null,
        "customfield_12314146": null,
        "customfield_12314420": null,
        "customfield_12314145": null,
        "customfield_12314144": null,
        "customfield_12314143": null,
        "resolutiondate": "2018-10-15T16:28:07.000+0000",
        "workratio": -1,
        "customfield_12312923": null,
        "customfield_12312920": null,
        "customfield_12312921": null,
        "watches": {
            "self": "https://issues.apache.org/jira/rest/api/2/issue/ARROW-3447/watchers",
            "watchCount": 3,
            "isWatching": false
        },
        "created": "2018-10-05T17:17:28.000+0000",
        "updated": "2018-10-15T16:28:07.000+0000",
        "timeoriginalestimate": null,
        "description": "I ran into an issue on Travis around building pyarrow on python 3.7 and was able to reproduce it on my local machine. It seems like the manylinux builds for other versions of python don't require cython and install without issue. But python 3.7 throws fits. I followed installation instructions on\u00a0[https://arrow.apache.org/install/]\u00a0to install the C++ and GLib bindings just in case, but no luck. I also followed up on a variety of earlier issue threads but most either claim this is fixed now or never resolved the user issues.\r\n\r\nAny suggestions on if this is a pyarrow or environment issue? Here's the command output from a fresh 3.7 virtualenv, post arrow C++ install and with Cython included.\r\n{code:java}\r\nI ran into an issue on Travis around building pyarrow on python 3.7 and was able to reproduce it on my local machine. It seems like the manylinux builds for other versions of python don't require cython and install without issue. But python 3.7 throws fits. I followed installation instructions on\u00a0https://arrow.apache.org/install/\u00a0to install the C++ and GLib bindings just in case, but no luck. I also followed up on a variety of earlier issue threads but most either claim this is fixed now or never resolved the user issues.\r\n\r\nAny suggestions on if this is a pyarrow or environment issue? Here's the command output from a fresh 3.7 virtualenv, post arrow C++ install and with Cython included.\r\n\r\n10:44:32 mseal ~/Workspace (venv:.py37local)  \r\n$ pip install pyarrow\r\nLooking in indexes: https://smartiproxy.mgmt.netflix.net/pypi\r\nCollecting pyarrow\r\n  Using cached https://smartiproxy.mgmt.netflix.net/pypi/packages/pypi-public/pyarrow/pyarrow-0.10.0.tar.gz\r\n    Complete output from command python setup.py egg_info:\r\n    Traceback (most recent call last):\r\n      File \"<string>\", line 1, in <module>\r\n      File \"/tmp/pip-install-4nqipach/pyarrow/setup.py\", line 29, in <module>\r\n        from Cython.Distutils import build_ext as _build_ext\r\n    ModuleNotFoundError: No module named 'Cython'\r\n    \r\n    ----------------------------------------\r\nCommand \"python setup.py egg_info\" failed with error code 1 in /tmp/pip-install-4nqipach/pyarrow/\r\n10:44:42 mseal ~/Workspace (venv:.py37local)  \r\n$ pip install cython\r\nLooking in indexes: https://smartiproxy.mgmt.netflix.net/pypi\r\nCollecting cython\r\n  Using cached https://smartiproxy.mgmt.netflix.net/pypi/packages/pypi-public/cython/Cython-0.28.5-cp37-cp37m-manylinux1_x86_64.whl\r\nInstalling collected packages: cython\r\nSuccessfully installed cython-0.28.5\r\n10:44:48 mseal ~/Workspace (venv:.py37local)  \r\n$ pip install pyarrow\r\nLooking in indexes: https://smartiproxy.mgmt.netflix.net/pypi\r\nCollecting pyarrow\r\n  Using cached https://smartiproxy.mgmt.netflix.net/pypi/packages/pypi-public/pyarrow/pyarrow-0.10.0.tar.gz\r\nRequirement already satisfied: numpy>=1.10 in /home/mseal/.py37local/lib/python3.7/site-packages (from pyarrow) (1.15.0)\r\nRequirement already satisfied: six>=1.0.0 in /home/mseal/.py37local/lib/python3.7/site-packages (from pyarrow) (1.11.0)\r\nBuilding wheels for collected packages: pyarrow\r\n  Running setup.py bdist_wheel for pyarrow ... error\r\n  Complete output from command /home/mseal/.py37local/bin/python3.7 -u -c \"import setuptools, tokenize;__file__='/tmp/pip-install-egupyzqv/pyarrow/setup.py';f=getattr(tokenize, 'open', open)(__file__);code=f.read().replace('\\r\\n', '\\n');f.close();exec(compile(code, __file__, 'exec'))\" bdist_wheel -d /tmp/pip-wheel-tkbu2kaa --python-tag cp37:\r\n  running bdist_wheel\r\n  running build\r\n  running build_py\r\n  creating build\r\n  creating build/lib.linux-x86_64-3.7\r\n  creating build/lib.linux-x86_64-3.7/pyarrow\r\n  copying pyarrow/compat.py -> build/lib.linux-x86_64-3.7/pyarrow\r\n  copying pyarrow/jvm.py -> build/lib.linux-x86_64-3.7/pyarrow\r\n  copying pyarrow/orc.py -> build/lib.linux-x86_64-3.7/pyarrow\r\n  copying pyarrow/feather.py -> build/lib.linux-x86_64-3.7/pyarrow\r\n  copying pyarrow/parquet.py -> build/lib.linux-x86_64-3.7/pyarrow\r\n  copying pyarrow/formatting.py -> build/lib.linux-x86_64-3.7/pyarrow\r\n  copying pyarrow/serialization.py -> build/lib.linux-x86_64-3.7/pyarrow\r\n  copying pyarrow/filesystem.py -> build/lib.linux-x86_64-3.7/pyarrow\r\n  copying pyarrow/benchmark.py -> build/lib.linux-x86_64-3.7/pyarrow\r\n  copying pyarrow/types.py -> build/lib.linux-x86_64-3.7/pyarrow\r\n  copying pyarrow/util.py -> build/lib.linux-x86_64-3.7/pyarrow\r\n  copying pyarrow/hdfs.py -> build/lib.linux-x86_64-3.7/pyarrow\r\n  copying pyarrow/plasma.py -> build/lib.linux-x86_64-3.7/pyarrow\r\n  copying pyarrow/ipc.py -> build/lib.linux-x86_64-3.7/pyarrow\r\n  copying pyarrow/pandas_compat.py -> build/lib.linux-x86_64-3.7/pyarrow\r\n  copying pyarrow/__init__.py -> build/lib.linux-x86_64-3.7/pyarrow\r\n  creating build/lib.linux-x86_64-3.7/pyarrow/tests\r\n  copying pyarrow/tests/test_tensor.py -> build/lib.linux-x86_64-3.7/pyarrow/tests\r\n  copying pyarrow/tests/test_misc.py -> build/lib.linux-x86_64-3.7/pyarrow/tests\r\n  copying pyarrow/tests/test_hdfs.py -> build/lib.linux-x86_64-3.7/pyarrow/tests\r\n  copying pyarrow/tests/pandas_examples.py -> build/lib.linux-x86_64-3.7/pyarrow/tests\r\n  copying pyarrow/tests/test_plasma_tf_op.py -> build/lib.linux-x86_64-3.7/pyarrow/tests\r\n  copying pyarrow/tests/test_convert_builtin.py -> build/lib.linux-x86_64-3.7/pyarrow/tests\r\n  copying pyarrow/tests/deserialize_buffer.py -> build/lib.linux-x86_64-3.7/pyarrow/tests\r\n  copying pyarrow/tests/test_array.py -> build/lib.linux-x86_64-3.7/pyarrow/tests\r\n  copying pyarrow/tests/test_feather.py -> build/lib.linux-x86_64-3.7/pyarrow/tests\r\n  copying pyarrow/tests/test_serialization.py -> build/lib.linux-x86_64-3.7/pyarrow/tests\r\n  copying pyarrow/tests/test_convert_pandas.py -> build/lib.linux-x86_64-3.7/pyarrow/tests\r\n  copying pyarrow/tests/test_table.py -> build/lib.linux-x86_64-3.7/pyarrow/tests\r\n  copying pyarrow/tests/test_types.py -> build/lib.linux-x86_64-3.7/pyarrow/tests\r\n  copying pyarrow/tests/test_plasma.py -> build/lib.linux-x86_64-3.7/pyarrow/tests\r\n  copying pyarrow/tests/test_jvm.py -> build/lib.linux-x86_64-3.7/pyarrow/tests\r\n  copying pyarrow/tests/conftest.py -> build/lib.linux-x86_64-3.7/pyarrow/tests\r\n  copying pyarrow/tests/test_builder.py -> build/lib.linux-x86_64-3.7/pyarrow/tests\r\n  copying pyarrow/tests/test_scalars.py -> build/lib.linux-x86_64-3.7/pyarrow/tests\r\n  copying pyarrow/tests/util.py -> build/lib.linux-x86_64-3.7/pyarrow/tests\r\n  copying pyarrow/tests/test_ipc.py -> build/lib.linux-x86_64-3.7/pyarrow/tests\r\n  copying pyarrow/tests/test_cython.py -> build/lib.linux-x86_64-3.7/pyarrow/tests\r\n  copying pyarrow/tests/test_io.py -> build/lib.linux-x86_64-3.7/pyarrow/tests\r\n  copying pyarrow/tests/test_deprecations.py -> build/lib.linux-x86_64-3.7/pyarrow/tests\r\n  copying pyarrow/tests/test_parquet.py -> build/lib.linux-x86_64-3.7/pyarrow/tests\r\n  copying pyarrow/tests/test_schema.py -> build/lib.linux-x86_64-3.7/pyarrow/tests\r\n  copying pyarrow/tests/__init__.py -> build/lib.linux-x86_64-3.7/pyarrow/tests\r\n  running egg_info\r\n  writing pyarrow.egg-info/PKG-INFO\r\n  writing dependency_links to pyarrow.egg-info/dependency_links.txt\r\n  writing entry points to pyarrow.egg-info/entry_points.txt\r\n  writing requirements to pyarrow.egg-info/requires.txt\r\n  writing top-level names to pyarrow.egg-info/top_level.txt\r\n  reading manifest file 'pyarrow.egg-info/SOURCES.txt'\r\n  reading manifest template 'MANIFEST.in'\r\n  warning: no previously-included files matching '*.so' found anywhere in distribution\r\n  warning: no previously-included files matching '*.pyc' found anywhere in distribution\r\n  warning: no previously-included files matching '*~' found anywhere in distribution\r\n  warning: no previously-included files matching '#*' found anywhere in distribution\r\n  warning: no previously-included files matching '.git*' found anywhere in distribution\r\n  warning: no previously-included files matching '.DS_Store' found anywhere in distribution\r\n  writing manifest file 'pyarrow.egg-info/SOURCES.txt'\r\n  copying pyarrow/__init__.pxd -> build/lib.linux-x86_64-3.7/pyarrow\r\n  copying pyarrow/_orc.cpp -> build/lib.linux-x86_64-3.7/pyarrow\r\n  copying pyarrow/_orc.pxd -> build/lib.linux-x86_64-3.7/pyarrow\r\n  copying pyarrow/_orc.pyx -> build/lib.linux-x86_64-3.7/pyarrow\r\n  copying pyarrow/_parquet.cpp -> build/lib.linux-x86_64-3.7/pyarrow\r\n  copying pyarrow/_parquet.pxd -> build/lib.linux-x86_64-3.7/pyarrow\r\n  copying pyarrow/_parquet.pyx -> build/lib.linux-x86_64-3.7/pyarrow\r\n  copying pyarrow/_plasma.cpp -> build/lib.linux-x86_64-3.7/pyarrow\r\n  copying pyarrow/_plasma.pyx -> build/lib.linux-x86_64-3.7/pyarrow\r\n  copying pyarrow/array.pxi -> build/lib.linux-x86_64-3.7/pyarrow\r\n  copying pyarrow/benchmark.pxi -> build/lib.linux-x86_64-3.7/pyarrow\r\n  copying pyarrow/builder.pxi -> build/lib.linux-x86_64-3.7/pyarrow\r\n  copying pyarrow/error.pxi -> build/lib.linux-x86_64-3.7/pyarrow\r\n  copying pyarrow/feather.pxi -> build/lib.linux-x86_64-3.7/pyarrow\r\n  copying pyarrow/io-hdfs.pxi -> build/lib.linux-x86_64-3.7/pyarrow\r\n  copying pyarrow/io.pxi -> build/lib.linux-x86_64-3.7/pyarrow\r\n  copying pyarrow/ipc.pxi -> build/lib.linux-x86_64-3.7/pyarrow\r\n  copying pyarrow/lib.cpp -> build/lib.linux-x86_64-3.7/pyarrow\r\n  copying pyarrow/lib.pxd -> build/lib.linux-x86_64-3.7/pyarrow\r\n  copying pyarrow/lib.pyx -> build/lib.linux-x86_64-3.7/pyarrow\r\n  copying pyarrow/lib_api.h -> build/lib.linux-x86_64-3.7/pyarrow\r\n  copying pyarrow/memory.pxi -> build/lib.linux-x86_64-3.7/pyarrow\r\n  copying pyarrow/plasma_store -> build/lib.linux-x86_64-3.7/pyarrow\r\n  copying pyarrow/public-api.pxi -> build/lib.linux-x86_64-3.7/pyarrow\r\n  copying pyarrow/scalar.pxi -> build/lib.linux-x86_64-3.7/pyarrow\r\n  copying pyarrow/serialization.pxi -> build/lib.linux-x86_64-3.7/pyarrow\r\n  copying pyarrow/table.pxi -> build/lib.linux-x86_64-3.7/pyarrow\r\n  copying pyarrow/types.pxi -> build/lib.linux-x86_64-3.7/pyarrow\r\n  creating build/lib.linux-x86_64-3.7/pyarrow/include\r\n  creating build/lib.linux-x86_64-3.7/pyarrow/include/arrow\r\n  copying pyarrow/include/arrow/allocator.h -> build/lib.linux-x86_64-3.7/pyarrow/include/arrow\r\n  copying pyarrow/include/arrow/api.h -> build/lib.linux-x86_64-3.7/pyarrow/include/arrow\r\n  copying pyarrow/include/arrow/array.h -> build/lib.linux-x86_64-3.7/pyarrow/include/arrow\r\n  copying pyarrow/include/arrow/buffer.h -> build/lib.linux-x86_64-3.7/pyarrow/include/arrow\r\n  copying pyarrow/include/arrow/builder.h -> build/lib.linux-x86_64-3.7/pyarrow/include/arrow\r\n  copying pyarrow/include/arrow/compare.h -> build/lib.linux-x86_64-3.7/pyarrow/include/arrow\r\n  copying pyarrow/include/arrow/memory_pool.h -> build/lib.linux-x86_64-3.7/pyarrow/include/arrow\r\n  copying pyarrow/include/arrow/pretty_print.h -> build/lib.linux-x86_64-3.7/pyarrow/include/arrow\r\n  copying pyarrow/include/arrow/record_batch.h -> build/lib.linux-x86_64-3.7/pyarrow/include/arrow\r\n  copying pyarrow/include/arrow/status.h -> build/lib.linux-x86_64-3.7/pyarrow/include/arrow\r\n  copying pyarrow/include/arrow/stl.h -> build/lib.linux-x86_64-3.7/pyarrow/include/arrow\r\n  copying pyarrow/include/arrow/table.h -> build/lib.linux-x86_64-3.7/pyarrow/include/arrow\r\n  copying pyarrow/include/arrow/table_builder.h -> build/lib.linux-x86_64-3.7/pyarrow/include/arrow\r\n  copying pyarrow/include/arrow/tensor.h -> build/lib.linux-x86_64-3.7/pyarrow/include/arrow\r\n  copying pyarrow/include/arrow/test-util.h -> build/lib.linux-x86_64-3.7/pyarrow/include/arrow\r\n  copying pyarrow/include/arrow/type.h -> build/lib.linux-x86_64-3.7/pyarrow/include/arrow\r\n  copying pyarrow/include/arrow/type_fwd.h -> build/lib.linux-x86_64-3.7/pyarrow/include/arrow\r\n  copying pyarrow/include/arrow/type_traits.h -> build/lib.linux-x86_64-3.7/pyarrow/include/arrow\r\n  copying pyarrow/include/arrow/visitor.h -> build/lib.linux-x86_64-3.7/pyarrow/include/arrow\r\n  copying pyarrow/include/arrow/visitor_inline.h -> build/lib.linux-x86_64-3.7/pyarrow/include/arrow\r\n  creating build/lib.linux-x86_64-3.7/pyarrow/include/arrow/adapters\r\n  creating build/lib.linux-x86_64-3.7/pyarrow/include/arrow/adapters/orc\r\n  copying pyarrow/include/arrow/adapters/orc/adapter.h -> build/lib.linux-x86_64-3.7/pyarrow/include/arrow/adapters/orc\r\n  creating build/lib.linux-x86_64-3.7/pyarrow/include/arrow/adapters/tensorflow\r\n  copying pyarrow/include/arrow/adapters/tensorflow/convert.h -> build/lib.linux-x86_64-3.7/pyarrow/include/arrow/adapters/tensorflow\r\n  creating build/lib.linux-x86_64-3.7/pyarrow/include/arrow/compute\r\n  copying pyarrow/include/arrow/compute/api.h -> build/lib.linux-x86_64-3.7/pyarrow/include/arrow/compute\r\n  copying pyarrow/include/arrow/compute/context.h -> build/lib.linux-x86_64-3.7/pyarrow/include/arrow/compute\r\n  copying pyarrow/include/arrow/compute/kernel.h -> build/lib.linux-x86_64-3.7/pyarrow/include/arrow/compute\r\n  creating build/lib.linux-x86_64-3.7/pyarrow/include/arrow/compute/kernels\r\n  copying pyarrow/include/arrow/compute/kernels/cast.h -> build/lib.linux-x86_64-3.7/pyarrow/include/arrow/compute/kernels\r\n  copying pyarrow/include/arrow/compute/kernels/hash.h -> build/lib.linux-x86_64-3.7/pyarrow/include/arrow/compute/kernels\r\n  creating build/lib.linux-x86_64-3.7/pyarrow/include/arrow/io\r\n  copying pyarrow/include/arrow/io/api.h -> build/lib.linux-x86_64-3.7/pyarrow/include/arrow/io\r\n  copying pyarrow/include/arrow/io/buffered.h -> build/lib.linux-x86_64-3.7/pyarrow/include/arrow/io\r\n  copying pyarrow/include/arrow/io/file.h -> build/lib.linux-x86_64-3.7/pyarrow/include/arrow/io\r\n  copying pyarrow/include/arrow/io/hdfs.h -> build/lib.linux-x86_64-3.7/pyarrow/include/arrow/io\r\n  copying pyarrow/include/arrow/io/interfaces.h -> build/lib.linux-x86_64-3.7/pyarrow/include/arrow/io\r\n  copying pyarrow/include/arrow/io/memory.h -> build/lib.linux-x86_64-3.7/pyarrow/include/arrow/io\r\n  creating build/lib.linux-x86_64-3.7/pyarrow/include/arrow/ipc\r\n  copying pyarrow/include/arrow/ipc/api.h -> build/lib.linux-x86_64-3.7/pyarrow/include/arrow/ipc\r\n  copying pyarrow/include/arrow/ipc/dictionary.h -> build/lib.linux-x86_64-3.7/pyarrow/include/arrow/ipc\r\n  copying pyarrow/include/arrow/ipc/feather.h -> build/lib.linux-x86_64-3.7/pyarrow/include/arrow/ipc\r\n  copying pyarrow/include/arrow/ipc/json.h -> build/lib.linux-x86_64-3.7/pyarrow/include/arrow/ipc\r\n  copying pyarrow/include/arrow/ipc/message.h -> build/lib.linux-x86_64-3.7/pyarrow/include/arrow/ipc\r\n  copying pyarrow/include/arrow/ipc/reader.h -> build/lib.linux-x86_64-3.7/pyarrow/include/arrow/ipc\r\n  copying pyarrow/include/arrow/ipc/writer.h -> build/lib.linux-x86_64-3.7/pyarrow/include/arrow/ipc\r\n  creating build/lib.linux-x86_64-3.7/pyarrow/include/arrow/python\r\n  copying pyarrow/include/arrow/python/api.h -> build/lib.linux-x86_64-3.7/pyarrow/include/arrow/python\r\n  copying pyarrow/include/arrow/python/arrow_to_pandas.h -> build/lib.linux-x86_64-3.7/pyarrow/include/arrow/python\r\n  copying pyarrow/include/arrow/python/arrow_to_python.h -> build/lib.linux-x86_64-3.7/pyarrow/include/arrow/python\r\n  copying pyarrow/include/arrow/python/benchmark.h -> build/lib.linux-x86_64-3.7/pyarrow/include/arrow/python\r\n  copying pyarrow/include/arrow/python/builtin_convert.h -> build/lib.linux-x86_64-3.7/pyarrow/include/arrow/python\r\n  copying pyarrow/include/arrow/python/common.h -> build/lib.linux-x86_64-3.7/pyarrow/include/arrow/python\r\n  copying pyarrow/include/arrow/python/config.h -> build/lib.linux-x86_64-3.7/pyarrow/include/arrow/python\r\n  copying pyarrow/include/arrow/python/decimal.h -> build/lib.linux-x86_64-3.7/pyarrow/include/arrow/python\r\n  copying pyarrow/include/arrow/python/helpers.h -> build/lib.linux-x86_64-3.7/pyarrow/include/arrow/python\r\n  copying pyarrow/include/arrow/python/init.h -> build/lib.linux-x86_64-3.7/pyarrow/include/arrow/python\r\n  copying pyarrow/include/arrow/python/io.h -> build/lib.linux-x86_64-3.7/pyarrow/include/arrow/python\r\n  copying pyarrow/include/arrow/python/iterators.h -> build/lib.linux-x86_64-3.7/pyarrow/include/arrow/python\r\n  copying pyarrow/include/arrow/python/numpy_convert.h -> build/lib.linux-x86_64-3.7/pyarrow/include/arrow/python\r\n  copying pyarrow/include/arrow/python/numpy_interop.h -> build/lib.linux-x86_64-3.7/pyarrow/include/arrow/python\r\n  copying pyarrow/include/arrow/python/numpy_to_arrow.h -> build/lib.linux-x86_64-3.7/pyarrow/include/arrow/python\r\n  copying pyarrow/include/arrow/python/platform.h -> build/lib.linux-x86_64-3.7/pyarrow/include/arrow/python\r\n  copying pyarrow/include/arrow/python/pyarrow.h -> build/lib.linux-x86_64-3.7/pyarrow/include/arrow/python\r\n  copying pyarrow/include/arrow/python/python_to_arrow.h -> build/lib.linux-x86_64-3.7/pyarrow/include/arrow/python\r\n  copying pyarrow/include/arrow/python/type_traits.h -> build/lib.linux-x86_64-3.7/pyarrow/include/arrow/python\r\n  creating build/lib.linux-x86_64-3.7/pyarrow/include/arrow/util\r\n  copying pyarrow/include/arrow/util/bit-stream-utils.h -> build/lib.linux-x86_64-3.7/pyarrow/include/arrow/util\r\n  copying pyarrow/include/arrow/util/bit-util.h -> build/lib.linux-x86_64-3.7/pyarrow/include/arrow/util\r\n  copying pyarrow/include/arrow/util/bpacking.h -> build/lib.linux-x86_64-3.7/pyarrow/include/arrow/util\r\n  copying pyarrow/include/arrow/util/checked_cast.h -> build/lib.linux-x86_64-3.7/pyarrow/include/arrow/util\r\n  copying pyarrow/include/arrow/util/compiler-util.h -> build/lib.linux-x86_64-3.7/pyarrow/include/arrow/util\r\n  copying pyarrow/include/arrow/util/compression.h -> build/lib.linux-x86_64-3.7/pyarrow/include/arrow/util\r\n  copying pyarrow/include/arrow/util/compression_brotli.h -> build/lib.linux-x86_64-3.7/pyarrow/include/arrow/util\r\n  copying pyarrow/include/arrow/util/compression_lz4.h -> build/lib.linux-x86_64-3.7/pyarrow/include/arrow/util\r\n  copying pyarrow/include/arrow/util/compression_snappy.h -> build/lib.linux-x86_64-3.7/pyarrow/include/arrow/util\r\n  copying pyarrow/include/arrow/util/compression_zlib.h -> build/lib.linux-x86_64-3.7/pyarrow/include/arrow/util\r\n  copying pyarrow/include/arrow/util/compression_zstd.h -> build/lib.linux-x86_64-3.7/pyarrow/include/arrow/util\r\n  copying pyarrow/include/arrow/util/cpu-info.h -> build/lib.linux-x86_64-3.7/pyarrow/include/arrow/util\r\n  copying pyarrow/include/arrow/util/decimal.h -> build/lib.linux-x86_64-3.7/pyarrow/include/arrow/util\r\n  copying pyarrow/include/arrow/util/hash-util.h -> build/lib.linux-x86_64-3.7/pyarrow/include/arrow/util\r\n  copying pyarrow/include/arrow/util/hash.h -> build/lib.linux-x86_64-3.7/pyarrow/include/arrow/util\r\n  copying pyarrow/include/arrow/util/io-util.h -> build/lib.linux-x86_64-3.7/pyarrow/include/arrow/util\r\n  copying pyarrow/include/arrow/util/key_value_metadata.h -> build/lib.linux-x86_64-3.7/pyarrow/include/arrow/util\r\n  copying pyarrow/include/arrow/util/lazy.h -> build/lib.linux-x86_64-3.7/pyarrow/include/arrow/util\r\n  copying pyarrow/include/arrow/util/logging.h -> build/lib.linux-x86_64-3.7/pyarrow/include/arrow/util\r\n  copying pyarrow/include/arrow/util/macros.h -> build/lib.linux-x86_64-3.7/pyarrow/include/arrow/util\r\n  copying pyarrow/include/arrow/util/memory.h -> build/lib.linux-x86_64-3.7/pyarrow/include/arrow/util\r\n  copying pyarrow/include/arrow/util/optional.h -> build/lib.linux-x86_64-3.7/pyarrow/include/arrow/util\r\n  copying pyarrow/include/arrow/util/parallel.h -> build/lib.linux-x86_64-3.7/pyarrow/include/arrow/util\r\n  copying pyarrow/include/arrow/util/recursive_wrapper.h -> build/lib.linux-x86_64-3.7/pyarrow/include/arrow/util\r\n  copying pyarrow/include/arrow/util/rle-encoding.h -> build/lib.linux-x86_64-3.7/pyarrow/include/arrow/util\r\n  copying pyarrow/include/arrow/util/sse-util.h -> build/lib.linux-x86_64-3.7/pyarrow/include/arrow/util\r\n  copying pyarrow/include/arrow/util/stl.h -> build/lib.linux-x86_64-3.7/pyarrow/include/arrow/util\r\n  copying pyarrow/include/arrow/util/string.h -> build/lib.linux-x86_64-3.7/pyarrow/include/arrow/util\r\n  copying pyarrow/include/arrow/util/thread-pool.h -> build/lib.linux-x86_64-3.7/pyarrow/include/arrow/util\r\n  copying pyarrow/include/arrow/util/type_traits.h -> build/lib.linux-x86_64-3.7/pyarrow/include/arrow/util\r\n  copying pyarrow/include/arrow/util/variant.h -> build/lib.linux-x86_64-3.7/pyarrow/include/arrow/util\r\n  copying pyarrow/include/arrow/util/variant_cast.h -> build/lib.linux-x86_64-3.7/pyarrow/include/arrow/util\r\n  copying pyarrow/include/arrow/util/variant_io.h -> build/lib.linux-x86_64-3.7/pyarrow/include/arrow/util\r\n  copying pyarrow/include/arrow/util/variant_visitor.h -> build/lib.linux-x86_64-3.7/pyarrow/include/arrow/util\r\n  copying pyarrow/include/arrow/util/visibility.h -> build/lib.linux-x86_64-3.7/pyarrow/include/arrow/util\r\n  creating build/lib.linux-x86_64-3.7/pyarrow/include/arrow/util/variant\r\n  copying pyarrow/include/arrow/util/variant/optional.h -> build/lib.linux-x86_64-3.7/pyarrow/include/arrow/util/variant\r\n  copying pyarrow/include/arrow/util/variant/recursive_wrapper.h -> build/lib.linux-x86_64-3.7/pyarrow/include/arrow/util/variant\r\n  copying pyarrow/include/arrow/util/variant/variant_cast.h -> build/lib.linux-x86_64-3.7/pyarrow/include/arrow/util/variant\r\n  copying pyarrow/include/arrow/util/variant/variant_io.h -> build/lib.linux-x86_64-3.7/pyarrow/include/arrow/util/variant\r\n  copying pyarrow/include/arrow/util/variant/variant_visitor.h -> build/lib.linux-x86_64-3.7/pyarrow/include/arrow/util/variant\r\n  creating build/lib.linux-x86_64-3.7/pyarrow/includes\r\n  copying pyarrow/includes/__init__.pxd -> build/lib.linux-x86_64-3.7/pyarrow/includes\r\n  copying pyarrow/includes/common.pxd -> build/lib.linux-x86_64-3.7/pyarrow/includes\r\n  copying pyarrow/includes/libarrow.pxd -> build/lib.linux-x86_64-3.7/pyarrow/includes\r\n  creating build/lib.linux-x86_64-3.7/pyarrow/tensorflow\r\n  copying pyarrow/tensorflow/build.sh -> build/lib.linux-x86_64-3.7/pyarrow/tensorflow\r\n  copying pyarrow/tensorflow/plasma_op.cc -> build/lib.linux-x86_64-3.7/pyarrow/tensorflow\r\n  copying pyarrow/tests/pyarrow_cython_example.pyx -> build/lib.linux-x86_64-3.7/pyarrow/tests\r\n  creating build/lib.linux-x86_64-3.7/pyarrow/tests/data\r\n  copying pyarrow/tests/data/v0.7.1.all-named-index.parquet -> build/lib.linux-x86_64-3.7/pyarrow/tests/data\r\n  copying pyarrow/tests/data/v0.7.1.column-metadata-handling.parquet -> build/lib.linux-x86_64-3.7/pyarrow/tests/data\r\n  copying pyarrow/tests/data/v0.7.1.parquet -> build/lib.linux-x86_64-3.7/pyarrow/tests/data\r\n  copying pyarrow/tests/data/v0.7.1.some-named-index.parquet -> build/lib.linux-x86_64-3.7/pyarrow/tests/data\r\n  running build_ext\r\n  creating build/temp.linux-x86_64-3.7\r\n  -- Runnning cmake for pyarrow\r\n  cmake -DPYTHON_EXECUTABLE=/home/mseal/.py37local/bin/python3.7  -DPYARROW_BOOST_USE_SHARED=on -DCMAKE_BUILD_TYPE=release /tmp/pip-install-egupyzqv/pyarrow\r\n  -- The C compiler identification is GNU 7.2.0\r\n  -- The CXX compiler identification is GNU 7.2.0\r\n  -- Check for working C compiler: /usr/bin/cc\r\n  -- Check for working C compiler: /usr/bin/cc -- works\r\n  -- Detecting C compiler ABI info\r\n  -- Detecting C compiler ABI info - done\r\n  -- Detecting C compile features\r\n  -- Detecting C compile features - done\r\n  -- Check for working CXX compiler: /usr/bin/c++\r\n  -- Check for working CXX compiler: /usr/bin/c++ -- works\r\n  -- Detecting CXX compiler ABI info\r\n  -- Detecting CXX compiler ABI info - done\r\n  -- Detecting CXX compile features\r\n  -- Detecting CXX compile features - done\r\n  INFOCompiler command: /usr/bin/c++\r\n  INFOCompiler version: Using built-in specs.\r\n  COLLECT_GCC=/usr/bin/c++\r\n  COLLECT_LTO_WRAPPER=/usr/lib/gcc/x86_64-linux-gnu/7/lto-wrapper\r\n  OFFLOAD_TARGET_NAMES=nvptx-none\r\n  OFFLOAD_TARGET_DEFAULT=1\r\n  Target: x86_64-linux-gnu\r\n  Configured with: ../src/configure -v --with-pkgversion='Ubuntu 7.2.0-8ubuntu3.2' --with-bugurl=file:///usr/share/doc/gcc-7/README.Bugs --enable-languages=c,ada,c++,go,brig,d,fortran,objc,obj-c++ --prefix=/usr --with-gcc-major-version-only --program-suffix=-7 --program-prefix=x86_64-linux-gnu- --enable-shared --enable-linker-build-id --libexecdir=/usr/lib --without-included-gettext --enable-threads=posix --libdir=/usr/lib --enable-nls --with-sysroot=/ --enable-clocale=gnu --enable-libstdcxx-debug --enable-libstdcxx-time=yes --with-default-libstdcxx-abi=new --enable-gnu-unique-object --disable-vtable-verify --enable-libmpx --enable-plugin --enable-default-pie --with-system-zlib --with-target-system-zlib --enable-objc-gc=auto --enable-multiarch --disable-werror --with-arch-32=i686 --with-abi=m64 --with-multilib-list=m32,m64,mx32 --enable-multilib --with-tune=generic --enable-offload-targets=nvptx-none --without-cuda-driver --enable-checking=release --build=x86_64-linux-gnu --host=x86_64-linux-gnu --target=x86_64-linux-gnu\r\n  Thread model: posix\r\n  gcc version 7.2.0 (Ubuntu 7.2.0-8ubuntu3.2)\r\n  \r\n  INFOCompiler id: GNU\r\n  Selected compiler gcc 7.2.0\r\n  -- Performing Test CXX_SUPPORTS_SSE3\r\n  -- Performing Test CXX_SUPPORTS_SSE3 - Success\r\n  -- Performing Test CXX_SUPPORTS_ALTIVEC\r\n  -- Performing Test CXX_SUPPORTS_ALTIVEC - Failed\r\n  Configured for RELEASE build (set with cmake -DCMAKE_BUILD_TYPE={release,debug,...})\r\n  -- Build Type: RELEASE\r\n  -- Build output directory: /tmp/pip-install-egupyzqv/pyarrow/build/temp.linux-x86_64-3.7/release\r\n  -- Found PythonInterp: /home/mseal/.py37local/bin/python3.7 (found version \"3.7\")\r\n  -- Searching for Python libs in /home/mseal/.py37local/lib64;/home/mseal/.py37local/lib;/usr/lib/python3.7/config-3.7m-x86_64-linux-gnu\r\n  -- Looking for python3.7m\r\n  -- Found Python lib /usr/lib/python3.7/config-3.7m-x86_64-linux-gnu/libpython3.7m.so\r\n  -- Found PythonLibs: /usr/lib/python3.7/config-3.7m-x86_64-linux-gnu/libpython3.7m.so\r\n  -- Found NumPy: version \"1.15.0\" /home/mseal/.py37local/lib/python3.7/site-packages/numpy/core/include\r\n  -- Searching for Python libs in /home/mseal/.py37local/lib64;/home/mseal/.py37local/lib;/usr/lib/python3.7/config-3.7m-x86_64-linux-gnu\r\n  -- Looking for python3.7m\r\n  -- Found Python lib /usr/lib/python3.7/config-3.7m-x86_64-linux-gnu/libpython3.7m.so\r\n  -- Found PkgConfig: /usr/bin/pkg-config (found version \"0.29.1\")\r\n  -- Checking for module 'arrow'\r\n  --   Found arrow, version 0.9.0\r\n  -- Arrow SO and ABI version: 0\r\n  -- Arrow full SO version:\r\n  -- Found the Arrow core library: /usr/lib/x86_64-linux-gnu/libarrow.so\r\n  -- Found the Arrow Python library: ARROW_PYTHON_LIB_PATH-NOTFOUND\r\n  Added shared library dependency arrow: /usr/lib/x86_64-linux-gnu/libarrow.so\r\n  Added shared library dependency arrow_python: /usr/lib/x86_64-linux-gnu/libarrow_python.so\r\n  -- Configuring done\r\n  -- Generating done\r\n  -- Build files have been written to: /tmp/pip-install-egupyzqv/pyarrow/build/temp.linux-x86_64-3.7\r\n  -- Finished cmake for pyarrow\r\n  -- Running cmake --build for pyarrow\r\n  cmake --build . --config release --\r\n  Scanning dependencies of target lib_pyx\r\n  [ 33%] Compiling Cython CXX source for lib...\r\n  CMakeFiles/lib_pyx.dir/build.make:57: recipe for target 'CMakeFiles/lib_pyx' failed\r\n  make[2]: *** [CMakeFiles/lib_pyx] Segmentation fault\r\n  CMakeFiles/Makefile2:67: recipe for target 'CMakeFiles/lib_pyx.dir/all' failed\r\n  make[1]: *** [CMakeFiles/lib_pyx.dir/all] Error 2\r\n  Makefile:83: recipe for target 'all' failed\r\n  make: *** [all] Error 2\r\n  error: command 'cmake' failed with exit status 2\r\n  \r\n  ----------------------------------------\r\n  Failed building wheel for pyarrow\r\n  Running setup.py clean for pyarrow\r\nFailed to build pyarrow\r\nInstalling collected packages: pyarrow\r\n  Running setup.py install for pyarrow ... error\r\n    Complete output from command /home/mseal/.py37local/bin/python3.7 -u -c \"import setuptools, tokenize;__file__='/tmp/pip-install-egupyzqv/pyarrow/setup.py';f=getattr(tokenize, 'open', open)(__file__);code=f.read().replace('\\r\\n', '\\n');f.close();exec(compile(code, __file__, 'exec'))\" install --record /tmp/pip-record-8k2toj2l/install-record.txt --single-version-externally-managed --compile --install-headers /home/mseal/.py37local/include/site/python3.7/pyarrow:\r\n    running install\r\n    running build\r\n    running build_py\r\n    creating build\r\n    creating build/lib.linux-x86_64-3.7\r\n    creating build/lib.linux-x86_64-3.7/pyarrow\r\n    copying pyarrow/compat.py -> build/lib.linux-x86_64-3.7/pyarrow\r\n    copying pyarrow/jvm.py -> build/lib.linux-x86_64-3.7/pyarrow\r\n    copying pyarrow/orc.py -> build/lib.linux-x86_64-3.7/pyarrow\r\n    copying pyarrow/feather.py -> build/lib.linux-x86_64-3.7/pyarrow\r\n    copying pyarrow/parquet.py -> build/lib.linux-x86_64-3.7/pyarrow\r\n    copying pyarrow/formatting.py -> build/lib.linux-x86_64-3.7/pyarrow\r\n    copying pyarrow/serialization.py -> build/lib.linux-x86_64-3.7/pyarrow\r\n    copying pyarrow/filesystem.py -> build/lib.linux-x86_64-3.7/pyarrow\r\n    copying pyarrow/benchmark.py -> build/lib.linux-x86_64-3.7/pyarrow\r\n    copying pyarrow/types.py -> build/lib.linux-x86_64-3.7/pyarrow\r\n    copying pyarrow/util.py -> build/lib.linux-x86_64-3.7/pyarrow\r\n    copying pyarrow/hdfs.py -> build/lib.linux-x86_64-3.7/pyarrow\r\n    copying pyarrow/plasma.py -> build/lib.linux-x86_64-3.7/pyarrow\r\n    copying pyarrow/ipc.py -> build/lib.linux-x86_64-3.7/pyarrow\r\n    copying pyarrow/pandas_compat.py -> build/lib.linux-x86_64-3.7/pyarrow\r\n    copying pyarrow/__init__.py -> build/lib.linux-x86_64-3.7/pyarrow\r\n    creating build/lib.linux-x86_64-3.7/pyarrow/tests\r\n    copying pyarrow/tests/test_tensor.py -> build/lib.linux-x86_64-3.7/pyarrow/tests\r\n    copying pyarrow/tests/test_misc.py -> build/lib.linux-x86_64-3.7/pyarrow/tests\r\n    copying pyarrow/tests/test_hdfs.py -> build/lib.linux-x86_64-3.7/pyarrow/tests\r\n    copying pyarrow/tests/pandas_examples.py -> build/lib.linux-x86_64-3.7/pyarrow/tests\r\n    copying pyarrow/tests/test_plasma_tf_op.py -> build/lib.linux-x86_64-3.7/pyarrow/tests\r\n    copying pyarrow/tests/test_convert_builtin.py -> build/lib.linux-x86_64-3.7/pyarrow/tests\r\n    copying pyarrow/tests/deserialize_buffer.py -> build/lib.linux-x86_64-3.7/pyarrow/tests\r\n    copying pyarrow/tests/test_array.py -> build/lib.linux-x86_64-3.7/pyarrow/tests\r\n    copying pyarrow/tests/test_feather.py -> build/lib.linux-x86_64-3.7/pyarrow/tests\r\n    copying pyarrow/tests/test_serialization.py -> build/lib.linux-x86_64-3.7/pyarrow/tests\r\n    copying pyarrow/tests/test_convert_pandas.py -> build/lib.linux-x86_64-3.7/pyarrow/tests\r\n    copying pyarrow/tests/test_table.py -> build/lib.linux-x86_64-3.7/pyarrow/tests\r\n    copying pyarrow/tests/test_types.py -> build/lib.linux-x86_64-3.7/pyarrow/tests\r\n    copying pyarrow/tests/test_plasma.py -> build/lib.linux-x86_64-3.7/pyarrow/tests\r\n    copying pyarrow/tests/test_jvm.py -> build/lib.linux-x86_64-3.7/pyarrow/tests\r\n    copying pyarrow/tests/conftest.py -> build/lib.linux-x86_64-3.7/pyarrow/tests\r\n    copying pyarrow/tests/test_builder.py -> build/lib.linux-x86_64-3.7/pyarrow/tests\r\n    copying pyarrow/tests/test_scalars.py -> build/lib.linux-x86_64-3.7/pyarrow/tests\r\n    copying pyarrow/tests/util.py -> build/lib.linux-x86_64-3.7/pyarrow/tests\r\n    copying pyarrow/tests/test_ipc.py -> build/lib.linux-x86_64-3.7/pyarrow/tests\r\n    copying pyarrow/tests/test_cython.py -> build/lib.linux-x86_64-3.7/pyarrow/tests\r\n    copying pyarrow/tests/test_io.py -> build/lib.linux-x86_64-3.7/pyarrow/tests\r\n    copying pyarrow/tests/test_deprecations.py -> build/lib.linux-x86_64-3.7/pyarrow/tests\r\n    copying pyarrow/tests/test_parquet.py -> build/lib.linux-x86_64-3.7/pyarrow/tests\r\n    copying pyarrow/tests/test_schema.py -> build/lib.linux-x86_64-3.7/pyarrow/tests\r\n    copying pyarrow/tests/__init__.py -> build/lib.linux-x86_64-3.7/pyarrow/tests\r\n    running egg_info\r\n    writing pyarrow.egg-info/PKG-INFO\r\n    writing dependency_links to pyarrow.egg-info/dependency_links.txt\r\n    writing entry points to pyarrow.egg-info/entry_points.txt\r\n    writing requirements to pyarrow.egg-info/requires.txt\r\n    writing top-level names to pyarrow.egg-info/top_level.txt\r\n    reading manifest file 'pyarrow.egg-info/SOURCES.txt'\r\n    reading manifest template 'MANIFEST.in'\r\n    warning: no previously-included files matching '*.so' found anywhere in distribution\r\n    warning: no previously-included files matching '*.pyc' found anywhere in distribution\r\n    warning: no previously-included files matching '*~' found anywhere in distribution\r\n    warning: no previously-included files matching '#*' found anywhere in distribution\r\n    warning: no previously-included files matching '.git*' found anywhere in distribution\r\n    warning: no previously-included files matching '.DS_Store' found anywhere in distribution\r\n    writing manifest file 'pyarrow.egg-info/SOURCES.txt'\r\n    copying pyarrow/__init__.pxd -> build/lib.linux-x86_64-3.7/pyarrow\r\n    copying pyarrow/_orc.cpp -> build/lib.linux-x86_64-3.7/pyarrow\r\n    copying pyarrow/_orc.pxd -> build/lib.linux-x86_64-3.7/pyarrow\r\n    copying pyarrow/_orc.pyx -> build/lib.linux-x86_64-3.7/pyarrow\r\n    copying pyarrow/_parquet.cpp -> build/lib.linux-x86_64-3.7/pyarrow\r\n    copying pyarrow/_parquet.pxd -> build/lib.linux-x86_64-3.7/pyarrow\r\n    copying pyarrow/_parquet.pyx -> build/lib.linux-x86_64-3.7/pyarrow\r\n    copying pyarrow/_plasma.cpp -> build/lib.linux-x86_64-3.7/pyarrow\r\n    copying pyarrow/_plasma.pyx -> build/lib.linux-x86_64-3.7/pyarrow\r\n    copying pyarrow/array.pxi -> build/lib.linux-x86_64-3.7/pyarrow\r\n    copying pyarrow/benchmark.pxi -> build/lib.linux-x86_64-3.7/pyarrow\r\n    copying pyarrow/builder.pxi -> build/lib.linux-x86_64-3.7/pyarrow\r\n    copying pyarrow/error.pxi -> build/lib.linux-x86_64-3.7/pyarrow\r\n    copying pyarrow/feather.pxi -> build/lib.linux-x86_64-3.7/pyarrow\r\n    copying pyarrow/io-hdfs.pxi -> build/lib.linux-x86_64-3.7/pyarrow\r\n    copying pyarrow/io.pxi -> build/lib.linux-x86_64-3.7/pyarrow\r\n    copying pyarrow/ipc.pxi -> build/lib.linux-x86_64-3.7/pyarrow\r\n    copying pyarrow/lib.cpp -> build/lib.linux-x86_64-3.7/pyarrow\r\n    copying pyarrow/lib.pxd -> build/lib.linux-x86_64-3.7/pyarrow\r\n    copying pyarrow/lib.pyx -> build/lib.linux-x86_64-3.7/pyarrow\r\n    copying pyarrow/lib_api.h -> build/lib.linux-x86_64-3.7/pyarrow\r\n    copying pyarrow/memory.pxi -> build/lib.linux-x86_64-3.7/pyarrow\r\n    copying pyarrow/plasma_store -> build/lib.linux-x86_64-3.7/pyarrow\r\n    copying pyarrow/public-api.pxi -> build/lib.linux-x86_64-3.7/pyarrow\r\n    copying pyarrow/scalar.pxi -> build/lib.linux-x86_64-3.7/pyarrow\r\n    copying pyarrow/serialization.pxi -> build/lib.linux-x86_64-3.7/pyarrow\r\n    copying pyarrow/table.pxi -> build/lib.linux-x86_64-3.7/pyarrow\r\n    copying pyarrow/types.pxi -> build/lib.linux-x86_64-3.7/pyarrow\r\n    creating build/lib.linux-x86_64-3.7/pyarrow/include\r\n    creating build/lib.linux-x86_64-3.7/pyarrow/include/arrow\r\n    copying pyarrow/include/arrow/allocator.h -> build/lib.linux-x86_64-3.7/pyarrow/include/arrow\r\n    copying pyarrow/include/arrow/api.h -> build/lib.linux-x86_64-3.7/pyarrow/include/arrow\r\n    copying pyarrow/include/arrow/array.h -> build/lib.linux-x86_64-3.7/pyarrow/include/arrow\r\n    copying pyarrow/include/arrow/buffer.h -> build/lib.linux-x86_64-3.7/pyarrow/include/arrow\r\n    copying pyarrow/include/arrow/builder.h -> build/lib.linux-x86_64-3.7/pyarrow/include/arrow\r\n    copying pyarrow/include/arrow/compare.h -> build/lib.linux-x86_64-3.7/pyarrow/include/arrow\r\n    copying pyarrow/include/arrow/memory_pool.h -> build/lib.linux-x86_64-3.7/pyarrow/include/arrow\r\n    copying pyarrow/include/arrow/pretty_print.h -> build/lib.linux-x86_64-3.7/pyarrow/include/arrow\r\n    copying pyarrow/include/arrow/record_batch.h -> build/lib.linux-x86_64-3.7/pyarrow/include/arrow\r\n    copying pyarrow/include/arrow/status.h -> build/lib.linux-x86_64-3.7/pyarrow/include/arrow\r\n    copying pyarrow/include/arrow/stl.h -> build/lib.linux-x86_64-3.7/pyarrow/include/arrow\r\n    copying pyarrow/include/arrow/table.h -> build/lib.linux-x86_64-3.7/pyarrow/include/arrow\r\n    copying pyarrow/include/arrow/table_builder.h -> build/lib.linux-x86_64-3.7/pyarrow/include/arrow\r\n    copying pyarrow/include/arrow/tensor.h -> build/lib.linux-x86_64-3.7/pyarrow/include/arrow\r\n    copying pyarrow/include/arrow/test-util.h -> build/lib.linux-x86_64-3.7/pyarrow/include/arrow\r\n    copying pyarrow/include/arrow/type.h -> build/lib.linux-x86_64-3.7/pyarrow/include/arrow\r\n    copying pyarrow/include/arrow/type_fwd.h -> build/lib.linux-x86_64-3.7/pyarrow/include/arrow\r\n    copying pyarrow/include/arrow/type_traits.h -> build/lib.linux-x86_64-3.7/pyarrow/include/arrow\r\n    copying pyarrow/include/arrow/visitor.h -> build/lib.linux-x86_64-3.7/pyarrow/include/arrow\r\n    copying pyarrow/include/arrow/visitor_inline.h -> build/lib.linux-x86_64-3.7/pyarrow/include/arrow\r\n    creating build/lib.linux-x86_64-3.7/pyarrow/include/arrow/adapters\r\n    creating build/lib.linux-x86_64-3.7/pyarrow/include/arrow/adapters/orc\r\n    copying pyarrow/include/arrow/adapters/orc/adapter.h -> build/lib.linux-x86_64-3.7/pyarrow/include/arrow/adapters/orc\r\n    creating build/lib.linux-x86_64-3.7/pyarrow/include/arrow/adapters/tensorflow\r\n    copying pyarrow/include/arrow/adapters/tensorflow/convert.h -> build/lib.linux-x86_64-3.7/pyarrow/include/arrow/adapters/tensorflow\r\n    creating build/lib.linux-x86_64-3.7/pyarrow/include/arrow/compute\r\n    copying pyarrow/include/arrow/compute/api.h -> build/lib.linux-x86_64-3.7/pyarrow/include/arrow/compute\r\n    copying pyarrow/include/arrow/compute/context.h -> build/lib.linux-x86_64-3.7/pyarrow/include/arrow/compute\r\n    copying pyarrow/include/arrow/compute/kernel.h -> build/lib.linux-x86_64-3.7/pyarrow/include/arrow/compute\r\n    creating build/lib.linux-x86_64-3.7/pyarrow/include/arrow/compute/kernels\r\n    copying pyarrow/include/arrow/compute/kernels/cast.h -> build/lib.linux-x86_64-3.7/pyarrow/include/arrow/compute/kernels\r\n    copying pyarrow/include/arrow/compute/kernels/hash.h -> build/lib.linux-x86_64-3.7/pyarrow/include/arrow/compute/kernels\r\n    creating build/lib.linux-x86_64-3.7/pyarrow/include/arrow/io\r\n    copying pyarrow/include/arrow/io/api.h -> build/lib.linux-x86_64-3.7/pyarrow/include/arrow/io\r\n    copying pyarrow/include/arrow/io/buffered.h -> build/lib.linux-x86_64-3.7/pyarrow/include/arrow/io\r\n    copying pyarrow/include/arrow/io/file.h -> build/lib.linux-x86_64-3.7/pyarrow/include/arrow/io\r\n    copying pyarrow/include/arrow/io/hdfs.h -> build/lib.linux-x86_64-3.7/pyarrow/include/arrow/io\r\n    copying pyarrow/include/arrow/io/interfaces.h -> build/lib.linux-x86_64-3.7/pyarrow/include/arrow/io\r\n    copying pyarrow/include/arrow/io/memory.h -> build/lib.linux-x86_64-3.7/pyarrow/include/arrow/io\r\n    creating build/lib.linux-x86_64-3.7/pyarrow/include/arrow/ipc\r\n    copying pyarrow/include/arrow/ipc/api.h -> build/lib.linux-x86_64-3.7/pyarrow/include/arrow/ipc\r\n    copying pyarrow/include/arrow/ipc/dictionary.h -> build/lib.linux-x86_64-3.7/pyarrow/include/arrow/ipc\r\n    copying pyarrow/include/arrow/ipc/feather.h -> build/lib.linux-x86_64-3.7/pyarrow/include/arrow/ipc\r\n    copying pyarrow/include/arrow/ipc/json.h -> build/lib.linux-x86_64-3.7/pyarrow/include/arrow/ipc\r\n    copying pyarrow/include/arrow/ipc/message.h -> build/lib.linux-x86_64-3.7/pyarrow/include/arrow/ipc\r\n    copying pyarrow/include/arrow/ipc/reader.h -> build/lib.linux-x86_64-3.7/pyarrow/include/arrow/ipc\r\n    copying pyarrow/include/arrow/ipc/writer.h -> build/lib.linux-x86_64-3.7/pyarrow/include/arrow/ipc\r\n    creating build/lib.linux-x86_64-3.7/pyarrow/include/arrow/python\r\n    copying pyarrow/include/arrow/python/api.h -> build/lib.linux-x86_64-3.7/pyarrow/include/arrow/python\r\n    copying pyarrow/include/arrow/python/arrow_to_pandas.h -> build/lib.linux-x86_64-3.7/pyarrow/include/arrow/python\r\n    copying pyarrow/include/arrow/python/arrow_to_python.h -> build/lib.linux-x86_64-3.7/pyarrow/include/arrow/python\r\n    copying pyarrow/include/arrow/python/benchmark.h -> build/lib.linux-x86_64-3.7/pyarrow/include/arrow/python\r\n    copying pyarrow/include/arrow/python/builtin_convert.h -> build/lib.linux-x86_64-3.7/pyarrow/include/arrow/python\r\n    copying pyarrow/include/arrow/python/common.h -> build/lib.linux-x86_64-3.7/pyarrow/include/arrow/python\r\n    copying pyarrow/include/arrow/python/config.h -> build/lib.linux-x86_64-3.7/pyarrow/include/arrow/python\r\n    copying pyarrow/include/arrow/python/decimal.h -> build/lib.linux-x86_64-3.7/pyarrow/include/arrow/python\r\n    copying pyarrow/include/arrow/python/helpers.h -> build/lib.linux-x86_64-3.7/pyarrow/include/arrow/python\r\n    copying pyarrow/include/arrow/python/init.h -> build/lib.linux-x86_64-3.7/pyarrow/include/arrow/python\r\n    copying pyarrow/include/arrow/python/io.h -> build/lib.linux-x86_64-3.7/pyarrow/include/arrow/python\r\n    copying pyarrow/include/arrow/python/iterators.h -> build/lib.linux-x86_64-3.7/pyarrow/include/arrow/python\r\n    copying pyarrow/include/arrow/python/numpy_convert.h -> build/lib.linux-x86_64-3.7/pyarrow/include/arrow/python\r\n    copying pyarrow/include/arrow/python/numpy_interop.h -> build/lib.linux-x86_64-3.7/pyarrow/include/arrow/python\r\n    copying pyarrow/include/arrow/python/numpy_to_arrow.h -> build/lib.linux-x86_64-3.7/pyarrow/include/arrow/python\r\n    copying pyarrow/include/arrow/python/platform.h -> build/lib.linux-x86_64-3.7/pyarrow/include/arrow/python\r\n    copying pyarrow/include/arrow/python/pyarrow.h -> build/lib.linux-x86_64-3.7/pyarrow/include/arrow/python\r\n    copying pyarrow/include/arrow/python/python_to_arrow.h -> build/lib.linux-x86_64-3.7/pyarrow/include/arrow/python\r\n    copying pyarrow/include/arrow/python/type_traits.h -> build/lib.linux-x86_64-3.7/pyarrow/include/arrow/python\r\n    creating build/lib.linux-x86_64-3.7/pyarrow/include/arrow/util\r\n    copying pyarrow/include/arrow/util/bit-stream-utils.h -> build/lib.linux-x86_64-3.7/pyarrow/include/arrow/util\r\n    copying pyarrow/include/arrow/util/bit-util.h -> build/lib.linux-x86_64-3.7/pyarrow/include/arrow/util\r\n    copying pyarrow/include/arrow/util/bpacking.h -> build/lib.linux-x86_64-3.7/pyarrow/include/arrow/util\r\n    copying pyarrow/include/arrow/util/checked_cast.h -> build/lib.linux-x86_64-3.7/pyarrow/include/arrow/util\r\n    copying pyarrow/include/arrow/util/compiler-util.h -> build/lib.linux-x86_64-3.7/pyarrow/include/arrow/util\r\n    copying pyarrow/include/arrow/util/compression.h -> build/lib.linux-x86_64-3.7/pyarrow/include/arrow/util\r\n    copying pyarrow/include/arrow/util/compression_brotli.h -> build/lib.linux-x86_64-3.7/pyarrow/include/arrow/util\r\n    copying pyarrow/include/arrow/util/compression_lz4.h -> build/lib.linux-x86_64-3.7/pyarrow/include/arrow/util\r\n    copying pyarrow/include/arrow/util/compression_snappy.h -> build/lib.linux-x86_64-3.7/pyarrow/include/arrow/util\r\n    copying pyarrow/include/arrow/util/compression_zlib.h -> build/lib.linux-x86_64-3.7/pyarrow/include/arrow/util\r\n    copying pyarrow/include/arrow/util/compression_zstd.h -> build/lib.linux-x86_64-3.7/pyarrow/include/arrow/util\r\n    copying pyarrow/include/arrow/util/cpu-info.h -> build/lib.linux-x86_64-3.7/pyarrow/include/arrow/util\r\n    copying pyarrow/include/arrow/util/decimal.h -> build/lib.linux-x86_64-3.7/pyarrow/include/arrow/util\r\n    copying pyarrow/include/arrow/util/hash-util.h -> build/lib.linux-x86_64-3.7/pyarrow/include/arrow/util\r\n    copying pyarrow/include/arrow/util/hash.h -> build/lib.linux-x86_64-3.7/pyarrow/include/arrow/util\r\n    copying pyarrow/include/arrow/util/io-util.h -> build/lib.linux-x86_64-3.7/pyarrow/include/arrow/util\r\n    copying pyarrow/include/arrow/util/key_value_metadata.h -> build/lib.linux-x86_64-3.7/pyarrow/include/arrow/util\r\n    copying pyarrow/include/arrow/util/lazy.h -> build/lib.linux-x86_64-3.7/pyarrow/include/arrow/util\r\n    copying pyarrow/include/arrow/util/logging.h -> build/lib.linux-x86_64-3.7/pyarrow/include/arrow/util\r\n    copying pyarrow/include/arrow/util/macros.h -> build/lib.linux-x86_64-3.7/pyarrow/include/arrow/util\r\n    copying pyarrow/include/arrow/util/memory.h -> build/lib.linux-x86_64-3.7/pyarrow/include/arrow/util\r\n    copying pyarrow/include/arrow/util/optional.h -> build/lib.linux-x86_64-3.7/pyarrow/include/arrow/util\r\n    copying pyarrow/include/arrow/util/parallel.h -> build/lib.linux-x86_64-3.7/pyarrow/include/arrow/util\r\n    copying pyarrow/include/arrow/util/recursive_wrapper.h -> build/lib.linux-x86_64-3.7/pyarrow/include/arrow/util\r\n    copying pyarrow/include/arrow/util/rle-encoding.h -> build/lib.linux-x86_64-3.7/pyarrow/include/arrow/util\r\n    copying pyarrow/include/arrow/util/sse-util.h -> build/lib.linux-x86_64-3.7/pyarrow/include/arrow/util\r\n    copying pyarrow/include/arrow/util/stl.h -> build/lib.linux-x86_64-3.7/pyarrow/include/arrow/util\r\n    copying pyarrow/include/arrow/util/string.h -> build/lib.linux-x86_64-3.7/pyarrow/include/arrow/util\r\n    copying pyarrow/include/arrow/util/thread-pool.h -> build/lib.linux-x86_64-3.7/pyarrow/include/arrow/util\r\n    copying pyarrow/include/arrow/util/type_traits.h -> build/lib.linux-x86_64-3.7/pyarrow/include/arrow/util\r\n    copying pyarrow/include/arrow/util/variant.h -> build/lib.linux-x86_64-3.7/pyarrow/include/arrow/util\r\n    copying pyarrow/include/arrow/util/variant_cast.h -> build/lib.linux-x86_64-3.7/pyarrow/include/arrow/util\r\n    copying pyarrow/include/arrow/util/variant_io.h -> build/lib.linux-x86_64-3.7/pyarrow/include/arrow/util\r\n    copying pyarrow/include/arrow/util/variant_visitor.h -> build/lib.linux-x86_64-3.7/pyarrow/include/arrow/util\r\n    copying pyarrow/include/arrow/util/visibility.h -> build/lib.linux-x86_64-3.7/pyarrow/include/arrow/util\r\n    creating build/lib.linux-x86_64-3.7/pyarrow/include/arrow/util/variant\r\n    copying pyarrow/include/arrow/util/variant/optional.h -> build/lib.linux-x86_64-3.7/pyarrow/include/arrow/util/variant\r\n    copying pyarrow/include/arrow/util/variant/recursive_wrapper.h -> build/lib.linux-x86_64-3.7/pyarrow/include/arrow/util/variant\r\n    copying pyarrow/include/arrow/util/variant/variant_cast.h -> build/lib.linux-x86_64-3.7/pyarrow/include/arrow/util/variant\r\n    copying pyarrow/include/arrow/util/variant/variant_io.h -> build/lib.linux-x86_64-3.7/pyarrow/include/arrow/util/variant\r\n    copying pyarrow/include/arrow/util/variant/variant_visitor.h -> build/lib.linux-x86_64-3.7/pyarrow/include/arrow/util/variant\r\n    creating build/lib.linux-x86_64-3.7/pyarrow/includes\r\n    copying pyarrow/includes/__init__.pxd -> build/lib.linux-x86_64-3.7/pyarrow/includes\r\n    copying pyarrow/includes/common.pxd -> build/lib.linux-x86_64-3.7/pyarrow/includes\r\n    copying pyarrow/includes/libarrow.pxd -> build/lib.linux-x86_64-3.7/pyarrow/includes\r\n    creating build/lib.linux-x86_64-3.7/pyarrow/tensorflow\r\n    copying pyarrow/tensorflow/build.sh -> build/lib.linux-x86_64-3.7/pyarrow/tensorflow\r\n    copying pyarrow/tensorflow/plasma_op.cc -> build/lib.linux-x86_64-3.7/pyarrow/tensorflow\r\n    copying pyarrow/tests/pyarrow_cython_example.pyx -> build/lib.linux-x86_64-3.7/pyarrow/tests\r\n    creating build/lib.linux-x86_64-3.7/pyarrow/tests/data\r\n    copying pyarrow/tests/data/v0.7.1.all-named-index.parquet -> build/lib.linux-x86_64-3.7/pyarrow/tests/data\r\n    copying pyarrow/tests/data/v0.7.1.column-metadata-handling.parquet -> build/lib.linux-x86_64-3.7/pyarrow/tests/data\r\n    copying pyarrow/tests/data/v0.7.1.parquet -> build/lib.linux-x86_64-3.7/pyarrow/tests/data\r\n    copying pyarrow/tests/data/v0.7.1.some-named-index.parquet -> build/lib.linux-x86_64-3.7/pyarrow/tests/data\r\n    running build_ext\r\n    creating build/temp.linux-x86_64-3.7\r\n    -- Runnning cmake for pyarrow\r\n    cmake -DPYTHON_EXECUTABLE=/home/mseal/.py37local/bin/python3.7  -DPYARROW_BOOST_USE_SHARED=on -DCMAKE_BUILD_TYPE=release /tmp/pip-install-egupyzqv/pyarrow\r\n    -- The C compiler identification is GNU 7.2.0\r\n    -- The CXX compiler identification is GNU 7.2.0\r\n    -- Check for working C compiler: /usr/bin/cc\r\n    -- Check for working C compiler: /usr/bin/cc -- works\r\n    -- Detecting C compiler ABI info\r\n    -- Detecting C compiler ABI info - done\r\n    -- Detecting C compile features\r\n    -- Detecting C compile features - done\r\n    -- Check for working CXX compiler: /usr/bin/c++\r\n    -- Check for working CXX compiler: /usr/bin/c++ -- works\r\n    -- Detecting CXX compiler ABI info\r\n    -- Detecting CXX compiler ABI info - done\r\n    -- Detecting CXX compile features\r\n    -- Detecting CXX compile features - done\r\n    INFOCompiler command: /usr/bin/c++\r\n    INFOCompiler version: Using built-in specs.\r\n    COLLECT_GCC=/usr/bin/c++\r\n    COLLECT_LTO_WRAPPER=/usr/lib/gcc/x86_64-linux-gnu/7/lto-wrapper\r\n    OFFLOAD_TARGET_NAMES=nvptx-none\r\n    OFFLOAD_TARGET_DEFAULT=1\r\n    Target: x86_64-linux-gnu\r\n    Configured with: ../src/configure -v --with-pkgversion='Ubuntu 7.2.0-8ubuntu3.2' --with-bugurl=file:///usr/share/doc/gcc-7/README.Bugs --enable-languages=c,ada,c++,go,brig,d,fortran,objc,obj-c++ --prefix=/usr --with-gcc-major-version-only --program-suffix=-7 --program-prefix=x86_64-linux-gnu- --enable-shared --enable-linker-build-id --libexecdir=/usr/lib --without-included-gettext --enable-threads=posix --libdir=/usr/lib --enable-nls --with-sysroot=/ --enable-clocale=gnu --enable-libstdcxx-debug --enable-libstdcxx-time=yes --with-default-libstdcxx-abi=new --enable-gnu-unique-object --disable-vtable-verify --enable-libmpx --enable-plugin --enable-default-pie --with-system-zlib --with-target-system-zlib --enable-objc-gc=auto --enable-multiarch --disable-werror --with-arch-32=i686 --with-abi=m64 --with-multilib-list=m32,m64,mx32 --enable-multilib --with-tune=generic --enable-offload-targets=nvptx-none --without-cuda-driver --enable-checking=release --build=x86_64-linux-gnu --host=x86_64-linux-gnu --target=x86_64-linux-gnu\r\n    Thread model: posix\r\n    gcc version 7.2.0 (Ubuntu 7.2.0-8ubuntu3.2)\r\n    \r\n    INFOCompiler id: GNU\r\n    Selected compiler gcc 7.2.0\r\n    -- Performing Test CXX_SUPPORTS_SSE3\r\n    -- Performing Test CXX_SUPPORTS_SSE3 - Success\r\n    -- Performing Test CXX_SUPPORTS_ALTIVEC\r\n    -- Performing Test CXX_SUPPORTS_ALTIVEC - Failed\r\n    Configured for RELEASE build (set with cmake -DCMAKE_BUILD_TYPE={release,debug,...})\r\n    -- Build Type: RELEASE\r\n    -- Build output directory: /tmp/pip-install-egupyzqv/pyarrow/build/temp.linux-x86_64-3.7/release\r\n    -- Found PythonInterp: /home/mseal/.py37local/bin/python3.7 (found version \"3.7\")\r\n    -- Searching for Python libs in /home/mseal/.py37local/lib64;/home/mseal/.py37local/lib;/usr/lib/python3.7/config-3.7m-x86_64-linux-gnu\r\n    -- Looking for python3.7m\r\n    -- Found Python lib /usr/lib/python3.7/config-3.7m-x86_64-linux-gnu/libpython3.7m.so\r\n    -- Found PythonLibs: /usr/lib/python3.7/config-3.7m-x86_64-linux-gnu/libpython3.7m.so\r\n    -- Found NumPy: version \"1.15.0\" /home/mseal/.py37local/lib/python3.7/site-packages/numpy/core/include\r\n    -- Searching for Python libs in /home/mseal/.py37local/lib64;/home/mseal/.py37local/lib;/usr/lib/python3.7/config-3.7m-x86_64-linux-gnu\r\n    -- Looking for python3.7m\r\n    -- Found Python lib /usr/lib/python3.7/config-3.7m-x86_64-linux-gnu/libpython3.7m.so\r\n    -- Found PkgConfig: /usr/bin/pkg-config (found version \"0.29.1\")\r\n    -- Checking for module 'arrow'\r\n    --   Found arrow, version 0.9.0\r\n    -- Arrow SO and ABI version: 0\r\n    -- Arrow full SO version:\r\n    -- Found the Arrow core library: /usr/lib/x86_64-linux-gnu/libarrow.so\r\n    -- Found the Arrow Python library: ARROW_PYTHON_LIB_PATH-NOTFOUND\r\n    Added shared library dependency arrow: /usr/lib/x86_64-linux-gnu/libarrow.so\r\n    Added shared library dependency arrow_python: /usr/lib/x86_64-linux-gnu/libarrow_python.so\r\n    -- Configuring done\r\n    -- Generating done\r\n    -- Build files have been written to: /tmp/pip-install-egupyzqv/pyarrow/build/temp.linux-x86_64-3.7\r\n    -- Finished cmake for pyarrow\r\n    -- Running cmake --build for pyarrow\r\n    cmake --build . --config release --\r\n    Scanning dependencies of target lib_pyx\r\n    [ 33%] Compiling Cython CXX source for lib...\r\n    CMakeFiles/lib_pyx.dir/build.make:57: recipe for target 'CMakeFiles/lib_pyx' failed\r\n    make[2]: *** [CMakeFiles/lib_pyx] Segmentation fault\r\n    CMakeFiles/Makefile2:67: recipe for target 'CMakeFiles/lib_pyx.dir/all' failed\r\n    make[1]: *** [CMakeFiles/lib_pyx.dir/all] Error 2\r\n    Makefile:83: recipe for target 'all' failed\r\n    make: *** [all] Error 2\r\n    error: command 'cmake' failed with exit status 2\r\n    \r\n    ----------------------------------------\r\nCommand \"/home/mseal/.py37local/bin/python3.7 -u -c \"import setuptools, tokenize;__file__='/tmp/pip-install-egupyzqv/pyarrow/setup.py';f=getattr(tokenize, 'open', open)(__file__);code=f.read().replace('\\r\\n', '\\n');f.close();exec(compile(code, __file__, 'exec'))\" install --record /tmp/pip-record-8k2toj2l/install-record.txt --single-version-externally-managed --compile --install-headers /home/mseal/.py37local/include/site/python3.7/pyarrow\" failed with error code 1 in /tmp/pip-install-egupyzqv/pyarrow/\r\n{code}",
        "customfield_10010": null,
        "timetracking": {},
        "customfield_12314523": null,
        "customfield_12314127": null,
        "customfield_12314522": null,
        "customfield_12314126": null,
        "customfield_12314521": null,
        "customfield_12314125": null,
        "customfield_12314520": null,
        "customfield_12314124": null,
        "attachment": [],
        "customfield_12312340": null,
        "customfield_12314123": null,
        "customfield_12312341": null,
        "customfield_12312220": null,
        "customfield_12314122": null,
        "customfield_12314121": null,
        "customfield_12314120": null,
        "customfield_12314129": null,
        "customfield_12314524": null,
        "customfield_12314128": null,
        "summary": "[Python] Arrow 0.10 on Python 3.7 install failure on Ubuntu 17.10",
        "customfield_12314130": null,
        "customfield_12310291": null,
        "customfield_12310290": null,
        "customfield_12314138": null,
        "customfield_12314137": null,
        "environment": null,
        "customfield_12314136": null,
        "customfield_12314135": null,
        "customfield_12311020": null,
        "customfield_12314134": null,
        "duedate": null,
        "customfield_12314132": null,
        "customfield_12314131": null,
        "comment": {
            "comments": [
                {
                    "self": "https://issues.apache.org/jira/rest/api/2/issue/13189752/comment/16640102",
                    "id": "16640102",
                    "author": {
                        "self": "https://issues.apache.org/jira/rest/api/2/user?username=MSeal",
                        "name": "MSeal",
                        "key": "mseal",
                        "avatarUrls": {
                            "48x48": "https://issues.apache.org/jira/secure/useravatar?avatarId=10452",
                            "24x24": "https://issues.apache.org/jira/secure/useravatar?size=small&avatarId=10452",
                            "16x16": "https://issues.apache.org/jira/secure/useravatar?size=xsmall&avatarId=10452",
                            "32x32": "https://issues.apache.org/jira/secure/useravatar?size=medium&avatarId=10452"
                        },
                        "displayName": "Matthew Seal",
                        "active": true,
                        "timeZone": "America/Los_Angeles"
                    },
                    "body": "It was suggested in [https://github.com/apache/arrow/issues/2708]\u00a0that this is resolved in the upcoming 0.11 release",
                    "updateAuthor": {
                        "self": "https://issues.apache.org/jira/rest/api/2/user?username=MSeal",
                        "name": "MSeal",
                        "key": "mseal",
                        "avatarUrls": {
                            "48x48": "https://issues.apache.org/jira/secure/useravatar?avatarId=10452",
                            "24x24": "https://issues.apache.org/jira/secure/useravatar?size=small&avatarId=10452",
                            "16x16": "https://issues.apache.org/jira/secure/useravatar?size=xsmall&avatarId=10452",
                            "32x32": "https://issues.apache.org/jira/secure/useravatar?size=medium&avatarId=10452"
                        },
                        "displayName": "Matthew Seal",
                        "active": true,
                        "timeZone": "America/Los_Angeles"
                    },
                    "created": "2018-10-05T17:19:31.551+0000",
                    "updated": "2018-10-05T17:19:43.730+0000"
                },
                {
                    "self": "https://issues.apache.org/jira/rest/api/2/issue/13189752/comment/16642029",
                    "id": "16642029",
                    "author": {
                        "self": "https://issues.apache.org/jira/rest/api/2/user?username=apitrou",
                        "name": "apitrou",
                        "key": "pitrou",
                        "avatarUrls": {
                            "48x48": "https://issues.apache.org/jira/secure/useravatar?ownerId=pitrou&avatarId=35049",
                            "24x24": "https://issues.apache.org/jira/secure/useravatar?size=small&ownerId=pitrou&avatarId=35049",
                            "16x16": "https://issues.apache.org/jira/secure/useravatar?size=xsmall&ownerId=pitrou&avatarId=35049",
                            "32x32": "https://issues.apache.org/jira/secure/useravatar?size=medium&ownerId=pitrou&avatarId=35049"
                        },
                        "displayName": "Antoine Pitrou",
                        "active": true,
                        "timeZone": "Europe/Paris"
                    },
                    "body": "I think this is simply because no binary wheel was produced for Python 3.7, so it's trying to compile from source, and you need Cython installed to compile from source (you probably need many other dependencies too, unless you already compiled Arrow C++ yourself, so we should really upload a Python 3.7 binary wheel to make your life easier).\r\n\r\ncc'ing [~wesmckinn], [~kou]",
                    "updateAuthor": {
                        "self": "https://issues.apache.org/jira/rest/api/2/user?username=apitrou",
                        "name": "apitrou",
                        "key": "pitrou",
                        "avatarUrls": {
                            "48x48": "https://issues.apache.org/jira/secure/useravatar?ownerId=pitrou&avatarId=35049",
                            "24x24": "https://issues.apache.org/jira/secure/useravatar?size=small&ownerId=pitrou&avatarId=35049",
                            "16x16": "https://issues.apache.org/jira/secure/useravatar?size=xsmall&ownerId=pitrou&avatarId=35049",
                            "32x32": "https://issues.apache.org/jira/secure/useravatar?size=medium&ownerId=pitrou&avatarId=35049"
                        },
                        "displayName": "Antoine Pitrou",
                        "active": true,
                        "timeZone": "Europe/Paris"
                    },
                    "created": "2018-10-08T15:43:13.785+0000",
                    "updated": "2018-10-08T15:43:13.785+0000"
                },
                {
                    "self": "https://issues.apache.org/jira/rest/api/2/issue/13189752/comment/16642703",
                    "id": "16642703",
                    "author": {
                        "self": "https://issues.apache.org/jira/rest/api/2/user?username=kou",
                        "name": "kou",
                        "key": "kou",
                        "avatarUrls": {
                            "48x48": "https://issues.apache.org/jira/secure/useravatar?ownerId=kou&avatarId=30762",
                            "24x24": "https://issues.apache.org/jira/secure/useravatar?size=small&ownerId=kou&avatarId=30762",
                            "16x16": "https://issues.apache.org/jira/secure/useravatar?size=xsmall&ownerId=kou&avatarId=30762",
                            "32x32": "https://issues.apache.org/jira/secure/useravatar?size=medium&ownerId=kou&avatarId=30762"
                        },
                        "displayName": "Kouhei Sutou",
                        "active": true,
                        "timeZone": "Asia/Tokyo"
                    },
                    "body": "Missing Cython dependency should be fixed in Apache Arrow 0.11.0: [https://github.com/apache/arrow/pull/2508]\r\n\r\n\u00a0\r\n\r\nWe can't use deb packages for Python 3.7. Because deb packages are built for the system Python 3. You will be able to resolve {{ARROW_PYTHON_LIB_PATH-NOTFOUND}} by installing {{libarrow-python-dev}} package but it doesn't work because Python version difference.\r\n\r\n\u00a0\r\n\r\nSo you need to build Apache Arrow from source with {{-DARROW_PYTHON=ON}} option.\r\n\r\n\u00a0\r\n\r\nAnyway, it's better that we provide wheels for Python 3.7. I've created a JIRA ticket for this: https://issues.apache.org/jira/browse/ARROW-3468",
                    "updateAuthor": {
                        "self": "https://issues.apache.org/jira/rest/api/2/user?username=kou",
                        "name": "kou",
                        "key": "kou",
                        "avatarUrls": {
                            "48x48": "https://issues.apache.org/jira/secure/useravatar?ownerId=kou&avatarId=30762",
                            "24x24": "https://issues.apache.org/jira/secure/useravatar?size=small&ownerId=kou&avatarId=30762",
                            "16x16": "https://issues.apache.org/jira/secure/useravatar?size=xsmall&ownerId=kou&avatarId=30762",
                            "32x32": "https://issues.apache.org/jira/secure/useravatar?size=medium&ownerId=kou&avatarId=30762"
                        },
                        "displayName": "Kouhei Sutou",
                        "active": true,
                        "timeZone": "Asia/Tokyo"
                    },
                    "created": "2018-10-09T02:24:56.876+0000",
                    "updated": "2018-10-09T02:24:56.876+0000"
                },
                {
                    "self": "https://issues.apache.org/jira/rest/api/2/issue/13189752/comment/16650446",
                    "id": "16650446",
                    "author": {
                        "self": "https://issues.apache.org/jira/rest/api/2/user?username=MSeal",
                        "name": "MSeal",
                        "key": "mseal",
                        "avatarUrls": {
                            "48x48": "https://issues.apache.org/jira/secure/useravatar?avatarId=10452",
                            "24x24": "https://issues.apache.org/jira/secure/useravatar?size=small&avatarId=10452",
                            "16x16": "https://issues.apache.org/jira/secure/useravatar?size=xsmall&avatarId=10452",
                            "32x32": "https://issues.apache.org/jira/secure/useravatar?size=medium&avatarId=10452"
                        },
                        "displayName": "Matthew Seal",
                        "active": true,
                        "timeZone": "America/Los_Angeles"
                    },
                    "body": "Provided wheels are working now. Thank you for addressing the issue :)",
                    "updateAuthor": {
                        "self": "https://issues.apache.org/jira/rest/api/2/user?username=MSeal",
                        "name": "MSeal",
                        "key": "mseal",
                        "avatarUrls": {
                            "48x48": "https://issues.apache.org/jira/secure/useravatar?avatarId=10452",
                            "24x24": "https://issues.apache.org/jira/secure/useravatar?size=small&avatarId=10452",
                            "16x16": "https://issues.apache.org/jira/secure/useravatar?size=xsmall&avatarId=10452",
                            "32x32": "https://issues.apache.org/jira/secure/useravatar?size=medium&avatarId=10452"
                        },
                        "displayName": "Matthew Seal",
                        "active": true,
                        "timeZone": "America/Los_Angeles"
                    },
                    "created": "2018-10-15T16:27:58.995+0000",
                    "updated": "2018-10-15T16:27:58.995+0000"
                }
            ],
            "maxResults": 4,
            "total": 4,
            "startAt": 0
        },
        "customfield_12311820": "0|i3yvxb:",
        "customfield_12314139": null
    }
}