{
    "expand": "operations,versionedRepresentations,editmeta,changelog,renderedFields",
    "id": "13374310",
    "self": "https://issues.apache.org/jira/rest/api/2/issue/13374310",
    "key": "ARROW-12503",
    "fields": {
        "fixVersions": [
            {
                "self": "https://issues.apache.org/jira/rest/api/2/version/12349983",
                "id": "12349983",
                "description": "",
                "name": "5.0.0",
                "archived": false,
                "released": true,
                "releaseDate": "2021-07-28"
            }
        ],
        "resolution": {
            "self": "https://issues.apache.org/jira/rest/api/2/resolution/1",
            "id": "1",
            "description": "A fix for this issue is checked into the tree and tested.",
            "name": "Fixed"
        },
        "customfield_12312322": null,
        "customfield_12312323": null,
        "customfield_12312320": null,
        "customfield_12310420": "9223372036854775807",
        "customfield_12312321": null,
        "customfield_12312328": null,
        "customfield_12312329": null,
        "customfield_12312326": null,
        "customfield_12310300": null,
        "customfield_12312327": null,
        "customfield_12312324": null,
        "customfield_12312720": null,
        "customfield_12312325": null,
        "lastViewed": null,
        "priority": {
            "self": "https://issues.apache.org/jira/rest/api/2/priority/3",
            "iconUrl": "https://issues.apache.org/jira/images/icons/priorities/major.svg",
            "name": "Major",
            "id": "3"
        },
        "labels": [
            "pull-request-available"
        ],
        "customfield_12312333": null,
        "customfield_12312334": null,
        "customfield_12313422": "false",
        "customfield_12310310": "1.0",
        "customfield_12312331": null,
        "customfield_12312332": null,
        "aggregatetimeoriginalestimate": null,
        "timeestimate": 0,
        "customfield_12312330": null,
        "versions": [],
        "customfield_12311120": null,
        "customfield_12313826": null,
        "customfield_12312339": null,
        "issuelinks": [],
        "customfield_12313825": null,
        "assignee": {
            "self": "https://issues.apache.org/jira/rest/api/2/user?username=kou",
            "name": "kou",
            "key": "kou",
            "avatarUrls": {
                "48x48": "https://issues.apache.org/jira/secure/useravatar?ownerId=kou&avatarId=30762",
                "24x24": "https://issues.apache.org/jira/secure/useravatar?size=small&ownerId=kou&avatarId=30762",
                "16x16": "https://issues.apache.org/jira/secure/useravatar?size=xsmall&ownerId=kou&avatarId=30762",
                "32x32": "https://issues.apache.org/jira/secure/useravatar?size=medium&ownerId=kou&avatarId=30762"
            },
            "displayName": "Kouhei Sutou",
            "active": true,
            "timeZone": "Asia/Tokyo"
        },
        "customfield_12312337": null,
        "customfield_12313823": null,
        "customfield_12312338": null,
        "customfield_12311920": null,
        "customfield_12313822": null,
        "customfield_12312335": null,
        "customfield_12313821": null,
        "customfield_12312336": null,
        "customfield_12313820": null,
        "status": {
            "self": "https://issues.apache.org/jira/rest/api/2/status/5",
            "description": "A resolution has been taken, and it is awaiting verification by reporter. From here issues are either reopened, or are closed.",
            "iconUrl": "https://issues.apache.org/jira/images/icons/statuses/resolved.png",
            "name": "Resolved",
            "id": "5",
            "statusCategory": {
                "self": "https://issues.apache.org/jira/rest/api/2/statuscategory/3",
                "id": 3,
                "key": "done",
                "colorName": "green",
                "name": "Done"
            }
        },
        "components": [
            {
                "self": "https://issues.apache.org/jira/rest/api/2/component/12328935",
                "id": "12328935",
                "name": "C++"
            }
        ],
        "customfield_12312026": null,
        "customfield_12312023": null,
        "customfield_12312024": null,
        "aggregatetimeestimate": 0,
        "customfield_12312022": null,
        "customfield_12310921": null,
        "customfield_12310920": "9223372036854775807",
        "customfield_12312823": null,
        "creator": {
            "self": "https://issues.apache.org/jira/rest/api/2/user?username=bers",
            "name": "bers",
            "key": "bers",
            "avatarUrls": {
                "48x48": "https://issues.apache.org/jira/secure/useravatar?avatarId=10452",
                "24x24": "https://issues.apache.org/jira/secure/useravatar?size=small&avatarId=10452",
                "16x16": "https://issues.apache.org/jira/secure/useravatar?size=xsmall&avatarId=10452",
                "32x32": "https://issues.apache.org/jira/secure/useravatar?size=medium&avatarId=10452"
            },
            "displayName": "bers",
            "active": true,
            "timeZone": "Europe/Berlin"
        },
        "subtasks": [],
        "reporter": {
            "self": "https://issues.apache.org/jira/rest/api/2/user?username=bers",
            "name": "bers",
            "key": "bers",
            "avatarUrls": {
                "48x48": "https://issues.apache.org/jira/secure/useravatar?avatarId=10452",
                "24x24": "https://issues.apache.org/jira/secure/useravatar?size=small&avatarId=10452",
                "16x16": "https://issues.apache.org/jira/secure/useravatar?size=xsmall&avatarId=10452",
                "32x32": "https://issues.apache.org/jira/secure/useravatar?size=medium&avatarId=10452"
            },
            "displayName": "bers",
            "active": true,
            "timeZone": "Europe/Berlin"
        },
        "aggregateprogress": {
            "progress": 1800,
            "total": 1800,
            "percent": 100
        },
        "customfield_12313520": null,
        "customfield_12310250": null,
        "progress": {
            "progress": 1800,
            "total": 1800,
            "percent": 100
        },
        "customfield_12313924": null,
        "votes": {
            "self": "https://issues.apache.org/jira/rest/api/2/issue/ARROW-12503/votes",
            "votes": 0,
            "hasVoted": false
        },
        "customfield_12313920": null,
        "issuetype": {
            "self": "https://issues.apache.org/jira/rest/api/2/issuetype/1",
            "id": "1",
            "description": "A problem which impairs or prevents the functions of the product.",
            "iconUrl": "https://issues.apache.org/jira/secure/viewavatar?size=xsmall&avatarId=21133&avatarType=issuetype",
            "name": "Bug",
            "subtask": false,
            "avatarId": 21133
        },
        "timespent": 1800,
        "customfield_12314020": "{summaryBean=com.atlassian.jira.plugin.devstatus.rest.SummaryBean@194d1c7[summary={pullrequest=com.atlassian.jira.plugin.devstatus.rest.SummaryItemBean@6198a46f[overall=PullRequestOverallBean{stateCount=0, state='OPEN', details=PullRequestOverallDetails{openCount=0, mergedCount=0, declinedCount=0}},byInstanceType={}], build=com.atlassian.jira.plugin.devstatus.rest.SummaryItemBean@9970139[overall=com.atlassian.jira.plugin.devstatus.summary.beans.BuildOverallBean@2d8877b8[failedBuildCount=0,successfulBuildCount=0,unknownBuildCount=0,count=0,lastUpdated=<null>,lastUpdatedTimestamp=<null>],byInstanceType={}], review=com.atlassian.jira.plugin.devstatus.rest.SummaryItemBean@77a54333[overall=com.atlassian.jira.plugin.devstatus.summary.beans.ReviewsOverallBean@e48ae72[stateCount=0,state=<null>,dueDate=<null>,overDue=false,count=0,lastUpdated=<null>,lastUpdatedTimestamp=<null>],byInstanceType={}], deployment-environment=com.atlassian.jira.plugin.devstatus.rest.SummaryItemBean@3fe7e84b[overall=com.atlassian.jira.plugin.devstatus.summary.beans.DeploymentOverallBean@51bc7db8[topEnvironments=[],showProjects=false,successfulCount=0,count=0,lastUpdated=<null>,lastUpdatedTimestamp=<null>],byInstanceType={}], repository=com.atlassian.jira.plugin.devstatus.rest.SummaryItemBean@cdd0067[overall=com.atlassian.jira.plugin.devstatus.summary.beans.CommitOverallBean@472d04b0[count=0,lastUpdated=<null>,lastUpdatedTimestamp=<null>],byInstanceType={}], branch=com.atlassian.jira.plugin.devstatus.rest.SummaryItemBean@470809ae[overall=com.atlassian.jira.plugin.devstatus.summary.beans.BranchOverallBean@756bed4a[count=0,lastUpdated=<null>,lastUpdatedTimestamp=<null>],byInstanceType={}]},errors=[],configErrors=[]], devSummaryJson={\"cachedValue\":{\"errors\":[],\"configErrors\":[],\"summary\":{\"pullrequest\":{\"overall\":{\"count\":0,\"lastUpdated\":null,\"stateCount\":0,\"state\":\"OPEN\",\"details\":{\"openCount\":0,\"mergedCount\":0,\"declinedCount\":0,\"total\":0},\"open\":true},\"byInstanceType\":{}},\"build\":{\"overall\":{\"count\":0,\"lastUpdated\":null,\"failedBuildCount\":0,\"successfulBuildCount\":0,\"unknownBuildCount\":0},\"byInstanceType\":{}},\"review\":{\"overall\":{\"count\":0,\"lastUpdated\":null,\"stateCount\":0,\"state\":null,\"dueDate\":null,\"overDue\":false,\"completed\":false},\"byInstanceType\":{}},\"deployment-environment\":{\"overall\":{\"count\":0,\"lastUpdated\":null,\"topEnvironments\":[],\"showProjects\":false,\"successfulCount\":0},\"byInstanceType\":{}},\"repository\":{\"overall\":{\"count\":0,\"lastUpdated\":null},\"byInstanceType\":{}},\"branch\":{\"overall\":{\"count\":0,\"lastUpdated\":null},\"byInstanceType\":{}}}},\"isStale\":false}}",
        "customfield_12314141": null,
        "customfield_12314140": null,
        "project": {
            "self": "https://issues.apache.org/jira/rest/api/2/project/12319525",
            "id": "12319525",
            "key": "ARROW",
            "name": "Apache Arrow",
            "projectTypeKey": "software",
            "avatarUrls": {
                "48x48": "https://issues.apache.org/jira/secure/projectavatar?pid=12319525&avatarId=10011",
                "24x24": "https://issues.apache.org/jira/secure/projectavatar?size=small&pid=12319525&avatarId=10011",
                "16x16": "https://issues.apache.org/jira/secure/projectavatar?size=xsmall&pid=12319525&avatarId=10011",
                "32x32": "https://issues.apache.org/jira/secure/projectavatar?size=medium&pid=12319525&avatarId=10011"
            },
            "projectCategory": {
                "self": "https://issues.apache.org/jira/rest/api/2/projectCategory/13960",
                "id": "13960",
                "description": "Apache Arrow",
                "name": "Arrow"
            }
        },
        "aggregatetimespent": 1800,
        "customfield_12312520": null,
        "customfield_12312521": "Fri Apr 23 16:01:19 UTC 2021",
        "customfield_12314422": null,
        "customfield_12314421": null,
        "customfield_12314146": null,
        "customfield_12314420": null,
        "customfield_12314145": null,
        "customfield_12314144": null,
        "customfield_12314143": null,
        "resolutiondate": "2021-04-23T16:01:19.000+0000",
        "workratio": -1,
        "customfield_12312923": null,
        "customfield_12312920": null,
        "customfield_12312921": null,
        "watches": {
            "self": "https://issues.apache.org/jira/rest/api/2/issue/ARROW-12503/watchers",
            "watchCount": 4,
            "isWatching": false
        },
        "created": "2021-04-22T07:22:46.000+0000",
        "updated": "2021-04-23T16:01:23.000+0000",
        "timeoriginalestimate": null,
        "description": "I have checked [https://arrow.apache.org/docs/r/articles/install.html#package-installed-without-c-dependencies|https://arrow.apache.org/docs/r/articles/install.html#package-installed-without-c-dependencies,]\u00a0and that none of the known issues apply to me.\r\n\r\nSo then it's telling me to issue `[arrow::install_arrow(verbose = TRUE)|https://arrow.apache.org/docs/r/reference/install_arrow.html]`, which I did. Here's the output:\r\n\r\n\u00a0\r\n----\r\n\u00a0\r\n\r\n\r\n{code}\r\n> arrow::install_arrow(verbose = TRUE)\r\n Installing package into \u2018/data2/bers/opt/R/4.0/library\u2019\r\n (as \u2018lib\u2019 is unspecified)\r\n trying URL 'https://cran.r-project.org/src/contrib/arrow_3.0.0.tar.gz'\r\n Content type 'application/x-gzip' length 344814 bytes (336 KB)\r\n ==================================================\r\n downloaded 336 KB\r\n * installing *source* package \u2018arrow\u2019 ...\r\n ** package \u2018arrow\u2019 successfully unpacked and MD5 sums checked\r\n ** using staged installation\r\n trying URL 'https://dl.bintray.com/ursalabs/arrow-r/libarrow/bin/opensuse-15/arrow-3.0.0.zip'\r\n Error in download.file(from_url, to_file, quiet = quietly) : \r\n cannot open URL 'https://dl.bintray.com/ursalabs/arrow-r/libarrow/bin/opensuse-15/arrow-3.0.0.zip'\r\n *** No C++ binaries found for opensuse-15\r\n trying URL 'https://dl.bintray.com/ursalabs/arrow-r/libarrow/src/arrow-3.0.0.zip'\r\n Error in download.file(from_url, to_file, quiet = quietly) : \r\n cannot open URL 'https://dl.bintray.com/ursalabs/arrow-r/libarrow/src/arrow-3.0.0.zip'\r\n trying URL 'https://www.apache.org/dyn/closer.lua?action=download&filename=arrow/arrow-3.0.0/apache-arrow-3.0.0.tar.gz'\r\n Content type 'application/x-gzip' length 8200790 bytes (7.8 MB)\r\n ==================================================\r\n downloaded 7.8 MB\r\n\r\n * \r\n ** \r\n *** Successfully retrieved C++ source\r\n *** Building C++ libraries\r\n *** Building with MAKEFLAGS= -j2\r\n **** arrow with SOURCE_DIR=\"/tmp/RtmpOXZGhl/file156868fe52ec/apache-arrow-3.0.0/cpp\" BUILD_DIR=\"/tmp/RtmpOXZGhl/file1568178b21a6\" DEST_DIR=\"libarrow/arrow-3.0.0\" CMAKE=\"/data2/bers/opt/cmake/bin/cmake\" CC=\"gcc\" CXX=\"g++ -std=gnu++11\" LDFLAGS=\"-L/usr/local/lib64\" ARROW_S3=ON ARROW_MIMALLOC=ON\r\n ++ pwd\r\n + : /tmp/RtmppXbaGR/R.INSTALL155322509007/arrow\r\n + : /tmp/RtmpOXZGhl/file156868fe52ec/apache-arrow-3.0.0/cpp\r\n + : /tmp/RtmpOXZGhl/file1568178b21a6\r\n + : libarrow/arrow-3.0.0\r\n + : /data2/bers/opt/cmake/bin/cmake\r\n ++ cd /tmp/RtmpOXZGhl/file156868fe52ec/apache-arrow-3.0.0/cpp\r\n ++ pwd\r\n + SOURCE_DIR=/tmp/RtmpOXZGhl/file156868fe52ec/apache-arrow-3.0.0/cpp\r\n ++ mkdir -p libarrow/arrow-3.0.0\r\n ++ cd libarrow/arrow-3.0.0\r\n ++ pwd\r\n + DEST_DIR=/tmp/RtmppXbaGR/R.INSTALL155322509007/arrow/libarrow/arrow-3.0.0\r\n + '[' '' = '' ']'\r\n + which ninja\r\n + '[' FALSE = false ']'\r\n + ARROW_DEFAULT_PARAM=OFF\r\n + mkdir -p /tmp/RtmpOXZGhl/file1568178b21a6\r\n + pushd /tmp/RtmpOXZGhl/file1568178b21a6\r\n /tmp/RtmpOXZGhl/file1568178b21a6 /tmp/RtmppXbaGR/R.INSTALL155322509007/arrow\r\n + /data2/bers/opt/cmake/bin/cmake -DARROW_BOOST_USE_SHARED=OFF -DARROW_BUILD_TESTS=OFF -DARROW_BUILD_SHARED=OFF -DARROW_BUILD_STATIC=ON -DARROW_COMPUTE=ON -DARROW_CSV=ON -DARROW_DATASET=ON -DARROW_DEPENDENCY_SOURCE=BUNDLED -DARROW_FILESYSTEM=ON -DARROW_JEMALLOC=ON -DARROW_MIMALLOC=ON -DARROW_JSON=ON -DARROW_PARQUET=ON -DARROW_S3=ON -DARROW_WITH_BROTLI=OFF -DARROW_WITH_BZ2=OFF -DARROW_WITH_LZ4=OFF -DARROW_WITH_SNAPPY=OFF -DARROW_WITH_UTF8PROC=OFF -DARROW_WITH_ZLIB=OFF -DARROW_WITH_ZSTD=OFF -DCMAKE_BUILD_TYPE=Release -DCMAKE_INSTALL_LIBDIR=lib -DCMAKE_INSTALL_PREFIX=/tmp/RtmppXbaGR/R.INSTALL155322509007/arrow/libarrow/arrow-3.0.0 -DCMAKE_EXPORT_NO_PACKAGE_REGISTRY=ON -DCMAKE_FIND_PACKAGE_NO_PACKAGE_REGISTRY=ON -DCMAKE_UNITY_BUILD=ON -G 'Unix Makefiles' /tmp/RtmpOXZGhl/file156868fe52ec/apache-arrow-3.0.0/cpp\r\n -- Building using CMake version: 3.19.5\r\n -- The C compiler identification is GNU 7.5.0\r\n -- The CXX compiler identification is GNU 7.5.0\r\n -- Detecting C compiler ABI info\r\n -- Detecting C compiler ABI info - done\r\n -- Check for working C compiler: /usr/bin/gcc - skipped\r\n -- Detecting C compile features\r\n -- Detecting C compile features - done\r\n -- Detecting CXX compiler ABI info\r\n -- Detecting CXX compiler ABI info - done\r\n -- Check for working CXX compiler: /usr/bin/g++ - skipped\r\n -- Detecting CXX compile features\r\n -- Detecting CXX compile features - done\r\n -- Arrow version: 3.0.0 (full: '3.0.0')\r\n -- Arrow SO version: 300 (full: 300.0.0)\r\n -- clang-tidy not found\r\n -- clang-format not found\r\n -- Could NOT find ClangTools (missing: CLANG_FORMAT_BIN CLANG_TIDY_BIN)\r\n -- infer not found\r\n fatal: not a git repository (or any of the parent directories): .git\r\n -- Could NOT find Python3 (missing: Python3_EXECUTABLE Interpreter)\r\n Reason given by package: \r\n Interpreter: Cannot use the interpreter \"/data2/bers/opt/pyenv/shims/python3.9\"\r\n\r\n\u2013 Found cpplint executable at /tmp/RtmpOXZGhl/file156868fe52ec/apache-arrow-3.0.0/cpp/build-support/cpplint.py\r\n \u2013 System processor: x86_64\r\n \u2013 Performing Test CXX_SUPPORTS_SSE4_2\r\n \u2013 Performing Test CXX_SUPPORTS_SSE4_2 - Success\r\n \u2013 Performing Test CXX_SUPPORTS_AVX2\r\n \u2013 Performing Test CXX_SUPPORTS_AVX2 - Success\r\n \u2013 Performing Test CXX_SUPPORTS_AVX512\r\n \u2013 Performing Test CXX_SUPPORTS_AVX512 - Success\r\n \u2013 Arrow build warning level: PRODUCTION\r\n Using ld linker\r\n Configured for RELEASE build (set with cmake -DCMAKE_BUILD_TYPE=\\{release,debug,...})\r\n \u2013 Build Type: RELEASE\r\n \u2013 Using BUNDLED approach to find dependencies\r\n \u2013 ARROW_ABSL_BUILD_VERSION: 0f3bb466b868b523cf1dc9b2aaaed65c77b28862\r\n \u2013 ARROW_AWSSDK_BUILD_VERSION: 1.8.90\r\n \u2013 ARROW_AWS_CHECKSUMS_BUILD_VERSION: v0.1.5\r\n \u2013 ARROW_AWS_C_COMMON_BUILD_VERSION: v0.4.59\r\n \u2013 ARROW_AWS_C_EVENT_STREAM_BUILD_VERSION: v0.1.5\r\n \u2013 ARROW_BOOST_BUILD_VERSION: 1.71.0\r\n \u2013 ARROW_BROTLI_BUILD_VERSION: v1.0.7\r\n \u2013 ARROW_BZIP2_BUILD_VERSION: 1.0.8\r\n \u2013 ARROW_CARES_BUILD_VERSION: 1.16.1\r\n \u2013 ARROW_GBENCHMARK_BUILD_VERSION: v1.5.2\r\n \u2013 ARROW_GFLAGS_BUILD_VERSION: v2.2.2\r\n \u2013 ARROW_GLOG_BUILD_VERSION: v0.4.0\r\n \u2013 ARROW_GRPC_BUILD_VERSION: v1.33.2\r\n \u2013 ARROW_GTEST_BUILD_VERSION: 1.10.0\r\n \u2013 ARROW_JEMALLOC_BUILD_VERSION: 5.2.1\r\n \u2013 ARROW_LZ4_BUILD_VERSION: v1.9.2\r\n \u2013 ARROW_MIMALLOC_BUILD_VERSION: v1.6.4\r\n \u2013 ARROW_ORC_BUILD_VERSION: 1.6.2\r\n \u2013 ARROW_PROTOBUF_BUILD_VERSION: v3.13.0\r\n \u2013 ARROW_RAPIDJSON_BUILD_VERSION: 1a803826f1197b5e30703afe4b9c0e7dd48074f5\r\n \u2013 ARROW_RE2_BUILD_VERSION: 2019-08-01\r\n \u2013 ARROW_SNAPPY_BUILD_VERSION: 1.1.8\r\n \u2013 ARROW_THRIFT_BUILD_VERSION: 0.12.0\r\n \u2013 ARROW_THRIFT_BUILD_MD5_CHECKSUM: 3deebbb4d1ca77dd9c9e009a1ea02183\r\n \u2013 ARROW_UTF8PROC_BUILD_VERSION: v2.5.0\r\n \u2013 ARROW_ZLIB_BUILD_VERSION: 1.2.11\r\n \u2013 ARROW_ZSTD_BUILD_VERSION: v1.4.5\r\n \u2013 Looking for pthread.h\r\n \u2013 Looking for pthread.h - found\r\n \u2013 Performing Test CMAKE_HAVE_LIBC_PTHREAD\r\n \u2013 Performing Test CMAKE_HAVE_LIBC_PTHREAD - Failed\r\n \u2013 Check if compiler accepts -pthread\r\n \u2013 Check if compiler accepts -pthread - yes\r\n \u2013 Found Threads: TRUE \r\n \u2013 Looking for __SIZEOF_INT128__\r\n \u2013 Looking for __SIZEOF_INT128__ - found\r\n \u2013 Boost include dir: /tmp/RtmpOXZGhl/file1568178b21a6/boost_ep-prefix/src/boost_ep\r\n \u2013 Boost libraries: boost_system_static;boost_filesystem_static\r\n \u2013 Found OpenSSL: /usr/lib64/libcrypto.so (found suitable version \"1.1.1d\", minimum required is \"1.0.2\") \r\n \u2013 Found OpenSSL Crypto Library: /usr/lib64/libcrypto.so\r\n \u2013 Building with OpenSSL (Version: 1.1.1d) support\r\n Building Apache Thrift from source\r\n \u2013 Building (vendored) jemalloc from source\r\n \u2013 Building (vendored) mimalloc from source\r\n \u2013 Building RapidJSON from source\r\n \u2013 Building ZLIB from source\r\n \u2013 Building RE2 from source\r\n \u2013 Found hdfs.h at: /tmp/RtmpOXZGhl/file156868fe52ec/apache-arrow-3.0.0/cpp/thirdparty/hadoop/include/hdfs.h\r\n Building AWS C++ SDK from source\r\n \u2013 Found CURL: /usr/lib64/libcurl.so (found version \"7.72.0\") \r\n \u2013 Found AWS SDK headers: /tmp/RtmpOXZGhl/file1568178b21a6/awssdk_ep-install/include\r\n \u2013 Found AWS SDK libraries: aws-cpp-sdk-identity-management;aws-cpp-sdk-sts;aws-cpp-sdk-cognito-identity;aws-cpp-sdk-s3;aws-cpp-sdk-core;AWS::aws-c-event-stream;AWS::aws-checksums;AWS::aws-c-common\r\n \u2013 All bundled static libraries: thrift::thrift;jemalloc::jemalloc;mimalloc::mimalloc;ZLIB::ZLIB;re2::re2;aws-cpp-sdk-identity-management;aws-cpp-sdk-sts;aws-cpp-sdk-cognito-identity;aws-cpp-sdk-s3;aws-cpp-sdk-core;AWS::aws-c-event-stream;AWS::aws-checksums;AWS::aws-c-common\r\n \u2013 CMAKE_C_FLAGS: -O3 -DNDEBUG -Wall -fno-semantic-interposition -msse4.2 \r\n \u2013 CMAKE_CXX_FLAGS: -Wno-noexcept-type -Wno-subobject-linkage -fdiagnostics-color=always -O3 -DNDEBUG -Wall -fno-semantic-interposition -msse4.2 \r\n \u2013 Looking for backtrace\r\n \u2013 Looking for backtrace - found\r\n \u2013 backtrace facility detected in default set of libraries\r\n \u2013 Found Backtrace: /usr/include \r\n \u2013 Creating bundled static library target arrow_bundled_dependencies at /tmp/RtmpOXZGhl/file1568178b21a6/release/libarrow_bundled_dependencies.a\r\n \u2013 ---------------------------------------------------------------------\r\n \u2013 Arrow version: 3.0.0\r\n \u2013 \r\n \u2013 Build configuration summary:\r\n \u2013 Generator: Unix Makefiles\r\n \u2013 Build type: RELEASE\r\n \u2013 Source directory: /tmp/RtmpOXZGhl/file156868fe52ec/apache-arrow-3.0.0/cpp\r\n \u2013 Install prefix: /tmp/RtmppXbaGR/R.INSTALL155322509007/arrow/libarrow/arrow-3.0.0\r\n \u2013 \r\n \u2013 Compile and link options:\r\n \u2013 \r\n \u2013 ARROW_CXXFLAGS=\"\" [default=\"\"]\r\n \u2013 Compiler flags to append when compiling Arrow\r\n \u2013 ARROW_BUILD_STATIC=ON [default=ON]\r\n \u2013 Build static libraries\r\n \u2013 ARROW_BUILD_SHARED=OFF [default=ON]\r\n \u2013 Build shared libraries\r\n \u2013 ARROW_PACKAGE_KIND=\"\" [default=\"\"]\r\n \u2013 Arbitrary string that identifies the kind of package\r\n \u2013 (for informational purposes)\r\n \u2013 ARROW_GIT_ID=\"\" [default=\"\"]\r\n \u2013 The Arrow git commit id (if any)\r\n \u2013 ARROW_GIT_DESCRIPTION=\"\" [default=\"\"]\r\n \u2013 The Arrow git commit description (if any)\r\n \u2013 ARROW_NO_DEPRECATED_API=OFF [default=OFF]\r\n \u2013 Exclude deprecated APIs from build\r\n \u2013 ARROW_USE_CCACHE=ON [default=ON]\r\n \u2013 Use ccache when compiling (if available)\r\n \u2013 ARROW_USE_LD_GOLD=OFF [default=OFF]\r\n \u2013 Use ld.gold for linking on Linux (if available)\r\n \u2013 ARROW_USE_PRECOMPILED_HEADERS=OFF [default=OFF]\r\n \u2013 Use precompiled headers when compiling\r\n \u2013 ARROW_SIMD_LEVEL=SSE4_2 [default=NONE|SSE4_2|AVX2|AVX512]\r\n \u2013 Compile-time SIMD optimization level\r\n \u2013 ARROW_RUNTIME_SIMD_LEVEL=MAX [default=NONE|SSE4_2|AVX2|AVX512|MAX]\r\n \u2013 Max runtime SIMD optimization level\r\n \u2013 ARROW_ARMV8_ARCH=armv8-a [default=armv8-a|armv8-a+crc+crypto]\r\n \u2013 Arm64 arch and extensions\r\n \u2013 ARROW_ALTIVEC=ON [default=ON]\r\n \u2013 Build with Altivec if compiler has support\r\n \u2013 ARROW_RPATH_ORIGIN=OFF [default=OFF]\r\n \u2013 Build Arrow libraries with RATH set to $ORIGIN\r\n \u2013 ARROW_INSTALL_NAME_RPATH=ON [default=ON]\r\n \u2013 Build Arrow libraries with install_name set to @rpath\r\n \u2013 ARROW_GGDB_DEBUG=ON [default=ON]\r\n \u2013 Pass -ggdb flag to debug builds\r\n \u2013 \r\n \u2013 Test and benchmark options:\r\n \u2013 \r\n \u2013 ARROW_BUILD_EXAMPLES=OFF [default=OFF]\r\n \u2013 Build the Arrow examples\r\n \u2013 ARROW_BUILD_TESTS=OFF [default=OFF]\r\n \u2013 Build the Arrow googletest unit tests\r\n \u2013 ARROW_ENABLE_TIMING_TESTS=ON [default=ON]\r\n \u2013 Enable timing-sensitive tests\r\n \u2013 ARROW_BUILD_INTEGRATION=OFF [default=OFF]\r\n \u2013 Build the Arrow integration test executables\r\n \u2013 ARROW_BUILD_BENCHMARKS=OFF [default=OFF]\r\n \u2013 Build the Arrow micro benchmarks\r\n \u2013 ARROW_BUILD_BENCHMARKS_REFERENCE=OFF [default=OFF]\r\n \u2013 Build the Arrow micro reference benchmarks\r\n \u2013 ARROW_TEST_LINKAGE=static [default=shared|static]\r\n \u2013 Linkage of Arrow libraries with unit tests executables.\r\n \u2013 ARROW_FUZZING=OFF [default=OFF]\r\n \u2013 Build Arrow Fuzzing executables\r\n \u2013 ARROW_LARGE_MEMORY_TESTS=OFF [default=OFF]\r\n \u2013 Enable unit tests which use large memory\r\n \u2013 \r\n \u2013 Lint options:\r\n \u2013 \r\n \u2013 ARROW_ONLY_LINT=OFF [default=OFF]\r\n \u2013 Only define the lint and check-format targets\r\n \u2013 ARROW_VERBOSE_LINT=OFF [default=OFF]\r\n \u2013 If off, 'quiet' flags will be passed to linting tools\r\n \u2013 ARROW_GENERATE_COVERAGE=OFF [default=OFF]\r\n \u2013 Build with C++ code coverage enabled\r\n \u2013 \r\n \u2013 Checks options:\r\n \u2013 \r\n \u2013 ARROW_TEST_MEMCHECK=OFF [default=OFF]\r\n \u2013 Run the test suite using valgrind --tool=memcheck\r\n \u2013 ARROW_USE_ASAN=OFF [default=OFF]\r\n \u2013 Enable Address Sanitizer checks\r\n \u2013 ARROW_USE_TSAN=OFF [default=OFF]\r\n \u2013 Enable Thread Sanitizer checks\r\n \u2013 ARROW_USE_UBSAN=OFF [default=OFF]\r\n \u2013 Enable Undefined Behavior sanitizer checks\r\n \u2013 \r\n \u2013 Project component options:\r\n \u2013 \r\n \u2013 ARROW_BUILD_UTILITIES=OFF [default=OFF]\r\n \u2013 Build Arrow commandline utilities\r\n \u2013 ARROW_COMPUTE=ON [default=OFF]\r\n \u2013 Build the Arrow Compute Modules\r\n \u2013 ARROW_CSV=ON [default=OFF]\r\n \u2013 Build the Arrow CSV Parser Module\r\n \u2013 ARROW_CUDA=OFF [default=OFF]\r\n \u2013 Build the Arrow CUDA extensions (requires CUDA toolkit)\r\n \u2013 ARROW_DATASET=ON [default=OFF]\r\n \u2013 Build the Arrow Dataset Modules\r\n \u2013 ARROW_FILESYSTEM=ON [default=OFF]\r\n \u2013 Build the Arrow Filesystem Layer\r\n \u2013 ARROW_FLIGHT=OFF [default=OFF]\r\n \u2013 Build the Arrow Flight RPC System (requires GRPC, Protocol Buffers)\r\n \u2013 ARROW_GANDIVA=OFF [default=OFF]\r\n \u2013 Build the Gandiva libraries\r\n \u2013 ARROW_HDFS=OFF [default=OFF]\r\n \u2013 Build the Arrow HDFS bridge\r\n \u2013 ARROW_HIVESERVER2=OFF [default=OFF]\r\n \u2013 Build the HiveServer2 client and Arrow adapter\r\n \u2013 ARROW_IPC=ON [default=ON]\r\n \u2013 Build the Arrow IPC extensions\r\n \u2013 ARROW_JEMALLOC=ON [default=ON]\r\n \u2013 Build the Arrow jemalloc-based allocator\r\n \u2013 ARROW_JNI=OFF [default=OFF]\r\n \u2013 Build the Arrow JNI lib\r\n \u2013 ARROW_JSON=ON [default=OFF]\r\n \u2013 Build Arrow with JSON support (requires RapidJSON)\r\n \u2013 ARROW_MIMALLOC=ON [default=OFF]\r\n \u2013 Build the Arrow mimalloc-based allocator\r\n \u2013 ARROW_PARQUET=ON [default=OFF]\r\n \u2013 Build the Parquet libraries\r\n \u2013 ARROW_ORC=OFF [default=OFF]\r\n \u2013 Build the Arrow ORC adapter\r\n \u2013 ARROW_PLASMA=OFF [default=OFF]\r\n \u2013 Build the plasma object store along with Arrow\r\n \u2013 ARROW_PLASMA_JAVA_CLIENT=OFF [default=OFF]\r\n \u2013 Build the plasma object store java client\r\n \u2013 ARROW_PYTHON=OFF [default=OFF]\r\n \u2013 Build the Arrow CPython extensions\r\n \u2013 ARROW_S3=ON [default=OFF]\r\n \u2013 Build Arrow with S3 support (requires the AWS SDK for C++)\r\n \u2013 ARROW_TENSORFLOW=OFF [default=OFF]\r\n \u2013 Build Arrow with TensorFlow support enabled\r\n \u2013 ARROW_TESTING=OFF [default=OFF]\r\n \u2013 Build the Arrow testing libraries\r\n \u2013 \r\n \u2013 Thirdparty toolchain options:\r\n \u2013 \r\n \u2013 ARROW_DEPENDENCY_SOURCE=BUNDLED [default=AUTO|BUNDLED|SYSTEM|CONDA|BREW]\r\n \u2013 Method to use for acquiring arrow's build dependencies\r\n \u2013 ARROW_VERBOSE_THIRDPARTY_BUILD=OFF [default=OFF]\r\n \u2013 Show output from ExternalProjects rather than just logging to files\r\n \u2013 ARROW_DEPENDENCY_USE_SHARED=ON [default=ON]\r\n \u2013 Link to shared libraries\r\n \u2013 ARROW_BOOST_USE_SHARED=OFF [default=ON]\r\n \u2013 Rely on boost shared libraries where relevant\r\n \u2013 ARROW_BROTLI_USE_SHARED=ON [default=ON]\r\n \u2013 Rely on Brotli shared libraries where relevant\r\n \u2013 ARROW_BZ2_USE_SHARED=ON [default=ON]\r\n \u2013 Rely on Bz2 shared libraries where relevant\r\n \u2013 ARROW_GFLAGS_USE_SHARED=ON [default=ON]\r\n \u2013 Rely on GFlags shared libraries where relevant\r\n \u2013 ARROW_GRPC_USE_SHARED=ON [default=ON]\r\n \u2013 Rely on gRPC shared libraries where relevant\r\n \u2013 ARROW_LZ4_USE_SHARED=ON [default=ON]\r\n \u2013 Rely on lz4 shared libraries where relevant\r\n \u2013 ARROW_OPENSSL_USE_SHARED=ON [default=ON]\r\n \u2013 Rely on OpenSSL shared libraries where relevant\r\n \u2013 ARROW_PROTOBUF_USE_SHARED=ON [default=ON]\r\n \u2013 Rely on Protocol Buffers shared libraries where relevant\r\n \u2013 ARROW_THRIFT_USE_SHARED=ON [default=ON]\r\n \u2013 Rely on thrift shared libraries where relevant\r\n \u2013 ARROW_UTF8PROC_USE_SHARED=ON [default=ON]\r\n \u2013 Rely on utf8proc shared libraries where relevant\r\n \u2013 ARROW_SNAPPY_USE_SHARED=ON [default=ON]\r\n \u2013 Rely on snappy shared libraries where relevant\r\n \u2013 ARROW_UTF8PROC_USE_SHARED=ON [default=ON]\r\n \u2013 Rely on utf8proc shared libraries where relevant\r\n \u2013 ARROW_ZSTD_USE_SHARED=ON [default=ON]\r\n \u2013 Rely on zstd shared libraries where relevant\r\n \u2013 ARROW_USE_GLOG=OFF [default=OFF]\r\n \u2013 Build libraries with glog support for pluggable logging\r\n \u2013 ARROW_WITH_BACKTRACE=ON [default=ON]\r\n \u2013 Build with backtrace support\r\n \u2013 ARROW_WITH_BROTLI=OFF [default=OFF]\r\n \u2013 Build with Brotli compression\r\n \u2013 ARROW_WITH_BZ2=OFF [default=OFF]\r\n \u2013 Build with BZ2 compression\r\n \u2013 ARROW_WITH_LZ4=OFF [default=OFF]\r\n \u2013 Build with lz4 compression\r\n \u2013 ARROW_WITH_SNAPPY=OFF [default=OFF]\r\n \u2013 Build with Snappy compression\r\n \u2013 ARROW_WITH_ZLIB=ON [default=OFF]\r\n \u2013 Build with zlib compression\r\n \u2013 ARROW_WITH_ZSTD=OFF [default=OFF]\r\n \u2013 Build with zstd compression\r\n \u2013 ARROW_WITH_UTF8PROC=OFF [default=ON]\r\n \u2013 Build with support for Unicode properties using the utf8proc library\r\n \u2013 (only used if ARROW_COMPUTE is ON)\r\n \u2013 ARROW_WITH_RE2=ON [default=ON]\r\n \u2013 Build with support for regular expressions using the re2 library\r\n \u2013 (only used if ARROW_COMPUTE or ARROW_GANDIVA is ON)\r\n \u2013 \r\n \u2013 Parquet options:\r\n \u2013 \r\n \u2013 PARQUET_MINIMAL_DEPENDENCY=OFF [default=OFF]\r\n \u2013 Depend only on Thirdparty headers to build libparquet.\r\n \u2013 Always OFF if building binaries\r\n \u2013 PARQUET_BUILD_EXECUTABLES=OFF [default=OFF]\r\n \u2013 Build the Parquet executable CLI tools. Requires static libraries to be built.\r\n \u2013 PARQUET_BUILD_EXAMPLES=OFF [default=OFF]\r\n \u2013 Build the Parquet examples. Requires static libraries to be built.\r\n \u2013 PARQUET_REQUIRE_ENCRYPTION=OFF [default=OFF]\r\n \u2013 Build support for encryption. Fail if OpenSSL is not found\r\n \u2013 \r\n \u2013 Gandiva options:\r\n \u2013 \r\n \u2013 ARROW_GANDIVA_JAVA=OFF [default=OFF]\r\n \u2013 Build the Gandiva JNI wrappers\r\n \u2013 ARROW_GANDIVA_STATIC_LIBSTDCPP=OFF [default=OFF]\r\n \u2013 Include -static-libstdc++ -static-libgcc when linking with\r\n \u2013 Gandiva static libraries\r\n \u2013 ARROW_GANDIVA_PC_CXX_FLAGS=\"\" [default=\"\"]\r\n \u2013 Compiler flags to append when pre-compiling Gandiva operations\r\n \u2013 \r\n \u2013 Advanced developer options:\r\n \u2013 \r\n \u2013 ARROW_EXTRA_ERROR_CONTEXT=OFF [default=OFF]\r\n \u2013 Compile with extra error context (line numbers, code)\r\n \u2013 ARROW_OPTIONAL_INSTALL=OFF [default=OFF]\r\n \u2013 If enabled install ONLY targets that have already been built. Please be\r\n \u2013 advised that if this is enabled 'install' will fail silently on components\r\n \u2013 that have not been built\r\n \u2013 Outputting build configuration summary to /tmp/RtmpOXZGhl/file1568178b21a6/cmake_summary.json\r\n \u2013 Configuring done\r\n \u2013 Generating done\r\n \u2013 Build files have been written to: /tmp/RtmpOXZGhl/file1568178b21a6\r\n + /data2/bers/opt/cmake/bin/cmake --build . --target install\r\n Scanning dependencies of target jemalloc_ep\r\n Scanning dependencies of target boost_ep\r\n [ 0%] Creating directories for 'jemalloc_ep'\r\n [ 1%] Creating directories for 'boost_ep'\r\n [ 2%] Performing download step (download, verify and extract) for 'jemalloc_ep'\r\n [ 3%] Performing download step (download, verify and extract) for 'boost_ep'\r\n \u2013 jemalloc_ep download command succeeded. See also /tmp/RtmpOXZGhl/file1568178b21a6/jemalloc_ep-prefix/src/jemalloc_ep-stamp/jemalloc_ep-download-*.log\r\n [ 4%] No update step for 'jemalloc_ep'\r\n [ 5%] Performing patch step for 'jemalloc_ep'\r\n [ 6%] Performing configure step for 'jemalloc_ep'\r\n \u2013 boost_ep download command succeeded. See also /tmp/RtmpOXZGhl/file1568178b21a6/boost_ep-prefix/src/boost_ep-stamp/boost_ep-download-*.log\r\n [ 7%] No update step for 'boost_ep'\r\n [ 8%] No patch step for 'boost_ep'\r\n [ 8%] No configure step for 'boost_ep'\r\n [ 9%] No build step for 'boost_ep'\r\n [ 9%] No install step for 'boost_ep'\r\n [ 10%] Completed 'boost_ep'\r\n [ 10%] Built target boost_ep\r\n Scanning dependencies of target rapidjson_ep\r\n [ 11%] Creating directories for 'rapidjson_ep'\r\n [ 12%] Performing download step (download, verify and extract) for 'rapidjson_ep'\r\n \u2013 rapidjson_ep download command succeeded. See also /tmp/RtmpOXZGhl/file1568178b21a6/src/rapidjson_ep-stamp/rapidjson_ep-download-*.log\r\n [ 13%] No update step for 'rapidjson_ep'\r\n [ 13%] No patch step for 'rapidjson_ep'\r\n [ 14%] Performing configure step for 'rapidjson_ep'\r\n \u2013 rapidjson_ep configure command succeeded. See also /tmp/RtmpOXZGhl/file1568178b21a6/src/rapidjson_ep-stamp/rapidjson_ep-configure-*.log\r\n [ 15%] Performing build step for 'rapidjson_ep'\r\n \u2013 rapidjson_ep build command succeeded. See also /tmp/RtmpOXZGhl/file1568178b21a6/src/rapidjson_ep-stamp/rapidjson_ep-build-*.log\r\n [ 16%] Performing install step for 'rapidjson_ep'\r\n \u2013 rapidjson_ep install command succeeded. See also /tmp/RtmpOXZGhl/file1568178b21a6/src/rapidjson_ep-stamp/rapidjson_ep-install-*.log\r\n [ 16%] Completed 'rapidjson_ep'\r\n [ 16%] Built target rapidjson_ep\r\n Scanning dependencies of target aws_c_common_ep\r\n [ 16%] Creating directories for 'aws_c_common_ep'\r\n [ 17%] Performing download step (download, verify and extract) for 'aws_c_common_ep'\r\n \u2013 aws_c_common_ep download command succeeded. See also /tmp/RtmpOXZGhl/file1568178b21a6/aws_c_common_ep-prefix/src/aws_c_common_ep-stamp/aws_c_common_ep-download-*.log\r\n [ 18%] No update step for 'aws_c_common_ep'\r\n [ 19%] No patch step for 'aws_c_common_ep'\r\n [ 20%] Performing configure step for 'aws_c_common_ep'\r\n \u2013 aws_c_common_ep configure command succeeded. See also /tmp/RtmpOXZGhl/file1568178b21a6/aws_c_common_ep-prefix/src/aws_c_common_ep-stamp/aws_c_common_ep-configure-*.log\r\n [ 20%] Performing build step for 'aws_c_common_ep'\r\n \u2013 jemalloc_ep configure command succeeded. See also /tmp/RtmpOXZGhl/file1568178b21a6/jemalloc_ep-prefix/src/jemalloc_ep-stamp/jemalloc_ep-configure-*.log\r\n [ 20%] Performing build step for 'jemalloc_ep'\r\n \u2013 aws_c_common_ep build command succeeded. See also /tmp/RtmpOXZGhl/file1568178b21a6/aws_c_common_ep-prefix/src/aws_c_common_ep-stamp/aws_c_common_ep-build-*.log\r\n [ 21%] Performing install step for 'aws_c_common_ep'\r\n \u2013 aws_c_common_ep install command succeeded. See also /tmp/RtmpOXZGhl/file1568178b21a6/aws_c_common_ep-prefix/src/aws_c_common_ep-stamp/aws_c_common_ep-install-*.log\r\n [ 22%] Completed 'aws_c_common_ep'\r\n [ 22%] Built target aws_c_common_ep\r\n Scanning dependencies of target aws_checksums_ep\r\n [ 23%] Creating directories for 'aws_checksums_ep'\r\n [ 24%] Performing download step (download, verify and extract) for 'aws_checksums_ep'\r\n \u2013 aws_checksums_ep download command succeeded. See also /tmp/RtmpOXZGhl/file1568178b21a6/aws_checksums_ep-prefix/src/aws_checksums_ep-stamp/aws_checksums_ep-download-*.log\r\n [ 24%] No update step for 'aws_checksums_ep'\r\n [ 25%] No patch step for 'aws_checksums_ep'\r\n [ 26%] Performing configure step for 'aws_checksums_ep'\r\n \u2013 aws_checksums_ep configure command succeeded. See also /tmp/RtmpOXZGhl/file1568178b21a6/aws_checksums_ep-prefix/src/aws_checksums_ep-stamp/aws_checksums_ep-configure-*.log\r\n [ 27%] Performing build step for 'aws_checksums_ep'\r\n \u2013 aws_checksums_ep build command succeeded. See also /tmp/RtmpOXZGhl/file1568178b21a6/aws_checksums_ep-prefix/src/aws_checksums_ep-stamp/aws_checksums_ep-build-*.log\r\n [ 28%] Performing install step for 'aws_checksums_ep'\r\n \u2013 aws_checksums_ep install command succeeded. See also /tmp/RtmpOXZGhl/file1568178b21a6/aws_checksums_ep-prefix/src/aws_checksums_ep-stamp/aws_checksums_ep-install-*.log\r\n [ 29%] Completed 'aws_checksums_ep'\r\n [ 29%] Built target aws_checksums_ep\r\n Scanning dependencies of target zlib_ep\r\n [ 30%] Creating directories for 'zlib_ep'\r\n [ 30%] Performing download step (download, verify and extract) for 'zlib_ep'\r\n \u2013 zlib_ep download command succeeded. See also /tmp/RtmpOXZGhl/file1568178b21a6/zlib_ep-prefix/src/zlib_ep-stamp/zlib_ep-download-*.log\r\n [ 31%] No update step for 'zlib_ep'\r\n [ 32%] No patch step for 'zlib_ep'\r\n [ 33%] Performing configure step for 'zlib_ep'\r\n \u2013 zlib_ep configure command succeeded. See also /tmp/RtmpOXZGhl/file1568178b21a6/zlib_ep-prefix/src/zlib_ep-stamp/zlib_ep-configure-*.log\r\n [ 34%] Performing build step for 'zlib_ep'\r\n \u2013 zlib_ep build command succeeded. See also /tmp/RtmpOXZGhl/file1568178b21a6/zlib_ep-prefix/src/zlib_ep-stamp/zlib_ep-build-*.log\r\n [ 35%] Performing install step for 'zlib_ep'\r\n \u2013 zlib_ep install command succeeded. See also /tmp/RtmpOXZGhl/file1568178b21a6/zlib_ep-prefix/src/zlib_ep-stamp/zlib_ep-install-*.log\r\n [ 36%] Completed 'zlib_ep'\r\n [ 36%] Built target zlib_ep\r\n Scanning dependencies of target mimalloc_ep\r\n [ 37%] Creating directories for 'mimalloc_ep'\r\n [ 37%] Performing download step (download, verify and extract) for 'mimalloc_ep'\r\n \u2013 Downloading...\r\n dst='/tmp/RtmpOXZGhl/file1568178b21a6/mimalloc_ep-prefix/src/v1.6.4.tar.gz'\r\n timeout='none'\r\n inactivity timeout='none'\r\n \u2013 Using src='https://github.com/microsoft/mimalloc/archive/v1.6.4.tar.gz'\r\n \u2013 [download 100% complete]\r\n \u2013 [download 1% complete]\r\n \u2013 [download 6% complete]\r\n \u2013 [download 14% complete]\r\n \u2013 [download 30% complete]\r\n \u2013 [download 52% complete]\r\n \u2013 [download 64% complete]\r\n \u2013 [download 85% complete]\r\n \u2013 [download 100% complete]\r\n \u2013 Downloading... done\r\n \u2013 extracting...\r\n src='/tmp/RtmpOXZGhl/file1568178b21a6/mimalloc_ep-prefix/src/v1.6.4.tar.gz'\r\n dst='/tmp/RtmpOXZGhl/file1568178b21a6/mimalloc_ep-prefix/src/mimalloc_ep'\r\n \u2013 extracting... [tar xfz]\r\n \u2013 extracting... [analysis]\r\n \u2013 extracting... [rename]\r\n \u2013 extracting... [clean up]\r\n \u2013 extracting... done\r\n [ 38%] No update step for 'mimalloc_ep'\r\n [ 39%] No patch step for 'mimalloc_ep'\r\n [ 40%] Performing configure step for 'mimalloc_ep'\r\n \u2013 The C compiler identification is GNU 7.5.0\r\n \u2013 The CXX compiler identification is GNU 7.5.0\r\n \u2013 Detecting C compiler ABI info\r\n \u2013 Detecting C compiler ABI info - done\r\n \u2013 Check for working C compiler: /usr/bin/gcc - skipped\r\n \u2013 Detecting C compile features\r\n \u2013 Detecting C compile features - done\r\n \u2013 Detecting CXX compiler ABI info\r\n \u2013 Detecting CXX compiler ABI info - done\r\n \u2013 Check for working CXX compiler: /usr/bin/g++ - skipped\r\n \u2013 Detecting CXX compile features\r\n \u2013 Detecting CXX compile features - done\r\n \u2013 \r\n \u2013 Library base name: mimalloc\r\n \u2013 Build type : release\r\n \u2013 Install directory: /tmp/RtmpOXZGhl/file1568178b21a6/mimalloc_ep/src/mimalloc_ep/lib/mimalloc-1.6\r\n \u2013 Build targets : static\r\n \u2013 \r\n \u2013 Configuring done\r\n \u2013 Generating done\r\n CMake Warning:\r\n Manually-specified variables were not used by the project:\r\n\r\nCMAKE_EXPORT_NO_PACKAGE_REGISTRY\r\n CMAKE_FIND_PACKAGE_NO_PACKAGE_REGISTRY\r\n\r\n\u2013 Build files have been written to: /tmp/RtmpOXZGhl/file1568178b21a6/mimalloc_ep-prefix/src/mimalloc_ep-build\r\n [ 40%] Performing build step for 'mimalloc_ep'\r\n Scanning dependencies of target mimalloc-static\r\n [ 7%] Building C object CMakeFiles/mimalloc-static.dir/src/stats.c.o\r\n [ 14%] Building C object CMakeFiles/mimalloc-static.dir/src/random.c.o\r\n [ 21%] Building C object CMakeFiles/mimalloc-static.dir/src/os.c.o\r\n [ 28%] Building C object CMakeFiles/mimalloc-static.dir/src/arena.c.o\r\n [ 35%] Building C object CMakeFiles/mimalloc-static.dir/src/region.c.o\r\n [ 42%] Building C object CMakeFiles/mimalloc-static.dir/src/segment.c.o\r\n [ 50%] Building C object CMakeFiles/mimalloc-static.dir/src/page.c.o\r\n [ 57%] Building C object CMakeFiles/mimalloc-static.dir/src/alloc.c.o\r\n [ 64%] Building C object CMakeFiles/mimalloc-static.dir/src/alloc-aligned.c.o\r\n [ 71%] Building C object CMakeFiles/mimalloc-static.dir/src/alloc-posix.c.o\r\n [ 78%] Building C object CMakeFiles/mimalloc-static.dir/src/heap.c.o\r\n [ 85%] Building C object CMakeFiles/mimalloc-static.dir/src/options.c.o\r\n [ 92%] Building C object CMakeFiles/mimalloc-static.dir/src/init.c.o\r\n [100%] Linking C static library libmimalloc.a\r\n [100%] Built target mimalloc-static\r\n [ 41%] Performing install step for 'mimalloc_ep'\r\n [100%] Built target mimalloc-static\r\n Install the project...\r\n \u2013 Install configuration: \"RELEASE\"\r\n \u2013 Installing: /tmp/RtmpOXZGhl/file1568178b21a6/mimalloc_ep/src/mimalloc_ep/lib/mimalloc-1.6/libmimalloc.a\r\n \u2013 Installing: /tmp/RtmpOXZGhl/file1568178b21a6/mimalloc_ep/src/mimalloc_ep/lib/mimalloc-1.6/include/mimalloc.h\r\n \u2013 Installing: /tmp/RtmpOXZGhl/file1568178b21a6/mimalloc_ep/src/mimalloc_ep/lib/mimalloc-1.6/include/mimalloc-override.h\r\n \u2013 Installing: /tmp/RtmpOXZGhl/file1568178b21a6/mimalloc_ep/src/mimalloc_ep/lib/mimalloc-1.6/include/mimalloc-new-delete.h\r\n \u2013 Installing: /tmp/RtmpOXZGhl/file1568178b21a6/mimalloc_ep/src/mimalloc_ep/lib/mimalloc-1.6/cmake/mimalloc-config.cmake\r\n \u2013 Installing: /tmp/RtmpOXZGhl/file1568178b21a6/mimalloc_ep/src/mimalloc_ep/lib/mimalloc-1.6/cmake/mimalloc-config-version.cmake\r\n [ 42%] Completed 'mimalloc_ep'\r\n [ 42%] Built target mimalloc_ep\r\n Scanning dependencies of target re2_ep\r\n [ 43%] Creating directories for 're2_ep'\r\n [ 44%] Performing download step (download, verify and extract) for 're2_ep'\r\n \u2013 re2_ep download command succeeded. See also /tmp/RtmpOXZGhl/file1568178b21a6/re2_ep-prefix/src/re2_ep-stamp/re2_ep-download-*.log\r\n [ 45%] No update step for 're2_ep'\r\n [ 46%] No patch step for 're2_ep'\r\n [ 46%] Performing configure step for 're2_ep'\r\n \u2013 re2_ep configure command succeeded. See also /tmp/RtmpOXZGhl/file1568178b21a6/re2_ep-prefix/src/re2_ep-stamp/re2_ep-configure-*.log\r\n [ 47%] Performing build step for 're2_ep'\r\n \u2013 jemalloc_ep build command succeeded. See also /tmp/RtmpOXZGhl/file1568178b21a6/jemalloc_ep-prefix/src/jemalloc_ep-stamp/jemalloc_ep-build-*.log\r\n [ 48%] Performing install step for 'jemalloc_ep'\r\n \u2013 jemalloc_ep install command succeeded. See also /tmp/RtmpOXZGhl/file1568178b21a6/jemalloc_ep-prefix/src/jemalloc_ep-stamp/jemalloc_ep-install-*.log\r\n [ 49%] Completed 'jemalloc_ep'\r\n [ 49%] Built target jemalloc_ep\r\n Scanning dependencies of target arrow_dataset_objlib\r\n [ 50%] Building CXX object src/arrow/dataset/CMakeFiles/arrow_dataset_objlib.dir/Unity/unity_1_cxx.cxx.o\r\n [ 51%] Building CXX object src/arrow/dataset/CMakeFiles/arrow_dataset_objlib.dir/Unity/unity_0_cxx.cxx.o\r\n \u2013 re2_ep build command succeeded. See also /tmp/RtmpOXZGhl/file1568178b21a6/re2_ep-prefix/src/re2_ep-stamp/re2_ep-build-*.log\r\n [ 51%] Performing install step for 're2_ep'\r\n \u2013 re2_ep install command succeeded. See also /tmp/RtmpOXZGhl/file1568178b21a6/re2_ep-prefix/src/re2_ep-stamp/re2_ep-install-*.log\r\n [ 52%] Completed 're2_ep'\r\n [ 52%] Built target re2_ep\r\n Scanning dependencies of target thrift_ep\r\n [ 52%] Creating directories for 'thrift_ep'\r\n [ 53%] Performing download step (download, verify and extract) for 'thrift_ep'\r\n \u2013 thrift_ep download command succeeded. See also /tmp/RtmpOXZGhl/file1568178b21a6/thrift_ep-prefix/src/thrift_ep-stamp/thrift_ep-download-*.log\r\n [ 54%] No update step for 'thrift_ep'\r\n [ 55%] No patch step for 'thrift_ep'\r\n [ 56%] Performing configure step for 'thrift_ep'\r\n [ 56%] Built target arrow_dataset_objlib\r\n Scanning dependencies of target aws_c_event_stream_ep\r\n [ 57%] Creating directories for 'aws_c_event_stream_ep'\r\n [ 57%] Performing download step (download, verify and extract) for 'aws_c_event_stream_ep'\r\n \u2013 aws_c_event_stream_ep download command succeeded. See also /tmp/RtmpOXZGhl/file1568178b21a6/aws_c_event_stream_ep-prefix/src/aws_c_event_stream_ep-stamp/aws_c_event_stream_ep-download-*.log\r\n [ 58%] No update step for 'aws_c_event_stream_ep'\r\n [ 59%] No patch step for 'aws_c_event_stream_ep'\r\n [ 60%] Performing configure step for 'aws_c_event_stream_ep'\r\n \u2013 aws_c_event_stream_ep configure command succeeded. See also /tmp/RtmpOXZGhl/file1568178b21a6/aws_c_event_stream_ep-prefix/src/aws_c_event_stream_ep-stamp/aws_c_event_stream_ep-configure-*.log\r\n [ 60%] Performing build step for 'aws_c_event_stream_ep'\r\n \u2013 aws_c_event_stream_ep build command succeeded. See also /tmp/RtmpOXZGhl/file1568178b21a6/aws_c_event_stream_ep-prefix/src/aws_c_event_stream_ep-stamp/aws_c_event_stream_ep-build-*.log\r\n [ 61%] Performing install step for 'aws_c_event_stream_ep'\r\n \u2013 aws_c_event_stream_ep install command succeeded. See also /tmp/RtmpOXZGhl/file1568178b21a6/aws_c_event_stream_ep-prefix/src/aws_c_event_stream_ep-stamp/aws_c_event_stream_ep-install-*.log\r\n [ 62%] Completed 'aws_c_event_stream_ep'\r\n [ 62%] Built target aws_c_event_stream_ep\r\n Scanning dependencies of target awssdk_ep\r\n [ 63%] Creating directories for 'awssdk_ep'\r\n [ 64%] Performing download step (download, verify and extract) for 'awssdk_ep'\r\n \u2013 thrift_ep configure command succeeded. See also /tmp/RtmpOXZGhl/file1568178b21a6/thrift_ep-prefix/src/thrift_ep-stamp/thrift_ep-configure-*.log\r\n [ 64%] Performing build step for 'thrift_ep'\r\n \u2013 awssdk_ep download command succeeded. See also /tmp/RtmpOXZGhl/file1568178b21a6/awssdk_ep-prefix/src/awssdk_ep-stamp/awssdk_ep-download-*.log\r\n [ 65%] No update step for 'awssdk_ep'\r\n [ 65%] No patch step for 'awssdk_ep'\r\n [ 66%] Performing configure step for 'awssdk_ep'\r\n \u2013 awssdk_ep configure command succeeded. See also /tmp/RtmpOXZGhl/file1568178b21a6/awssdk_ep-prefix/src/awssdk_ep-stamp/awssdk_ep-configure-*.log\r\n [ 67%] Performing build step for 'awssdk_ep'\r\n \u2013 thrift_ep build command succeeded. See also /tmp/RtmpOXZGhl/file1568178b21a6/thrift_ep-prefix/src/thrift_ep-stamp/thrift_ep-build-*.log\r\n [ 68%] Performing install step for 'thrift_ep'\r\n \u2013 thrift_ep install command succeeded. See also /tmp/RtmpOXZGhl/file1568178b21a6/thrift_ep-prefix/src/thrift_ep-stamp/thrift_ep-install-*.log\r\n [ 69%] Completed 'thrift_ep'\r\n [ 69%] Built target thrift_ep\r\n \u2013 awssdk_ep build command succeeded. See also /tmp/RtmpOXZGhl/file1568178b21a6/awssdk_ep-prefix/src/awssdk_ep-stamp/awssdk_ep-build-*.log\r\n [ 70%] Performing install step for 'awssdk_ep'\r\n \u2013 awssdk_ep install command succeeded. See also /tmp/RtmpOXZGhl/file1568178b21a6/awssdk_ep-prefix/src/awssdk_ep-stamp/awssdk_ep-install-*.log\r\n [ 70%] Completed 'awssdk_ep'\r\n [ 70%] Built target awssdk_ep\r\n Scanning dependencies of target toolchain\r\n Scanning dependencies of target arrow_bundled_dependencies\r\n [ 70%] Built target toolchain\r\n [ 70%] Bundling /tmp/RtmpOXZGhl/file1568178b21a6/release/libarrow_bundled_dependencies.a\r\n Scanning dependencies of target arrow_dependencies\r\n /usr/bin/ar: /tmp/RtmpOXZGhl/file1568178b21a6/jemalloc_ep-prefix/src/jemalloc_ep/dist//lib/libjemalloc_pic.a: No such file or directory\r\n make[2]: *** [src/arrow/CMakeFiles/arrow_bundled_dependencies.dir/build.make:80: release/libarrow_bundled_dependencies.a] Error 9\r\n make[1]: *** [CMakeFiles/Makefile2:1388: src/arrow/CMakeFiles/arrow_bundled_dependencies.dir/all] Error 2\r\n make[1]: *** Waiting for unfinished jobs....\r\n [ 70%] Built target arrow_dependencies\r\n gmake: *** [Makefile:160: all] Error 2\r\n + popd\r\n /tmp/RtmppXbaGR/R.INSTALL155322509007/arrow\r\n ------------------------- NOTE ---------------------------\r\n See [https://arrow.apache.org/docs/r/articles/install.html]\r\n for help installing Arrow C++ libraries\r\n ---------------------------------------------------------\r\n * \r\n ** libs\r\n g++ -std=gnu++11 -I\"/usr/lib64/R/include\" -DNDEBUG -I'/data2/bers/opt/R/4.0/library/cpp11/include' -I/usr/local/include -fpic -fmessage-length=0 -grecord-gcc-switches -O2 -Wall -D_FORTIFY_SOURCE=2 -fstack-protector-strong -funwind-tables -fasynchronous-unwind-tables -fstack-clash-protection -c array.cpp -o array.o\r\n g++ -std=gnu++11 -I\"/usr/lib64/R/include\" -DNDEBUG -I'/data2/bers/opt/R/4.0/library/cpp11/include' -I/usr/local/include -fpic -fmessage-length=0 -grecord-gcc-switches -O2 -Wall -D_FORTIFY_SOURCE=2 -fstack-protector-strong -funwind-tables -fasynchronous-unwind-tables -fstack-clash-protection -c array_from_vector.cpp -o array_from_vector.o\r\n g++ -std=gnu++11 -I\"/usr/lib64/R/include\" -DNDEBUG -I'/data2/bers/opt/R/4.0/library/cpp11/include' -I/usr/local/include -fpic -fmessage-length=0 -grecord-gcc-switches -O2 -Wall -D_FORTIFY_SOURCE=2 -fstack-protector-strong -funwind-tables -fasynchronous-unwind-tables -fstack-clash-protection -c array_to_vector.cpp -o array_to_vector.o\r\n g++ -std=gnu++11 -I\"/usr/lib64/R/include\" -DNDEBUG -I'/data2/bers/opt/R/4.0/library/cpp11/include' -I/usr/local/include -fpic -fmessage-length=0 -grecord-gcc-switches -O2 -Wall -D_FORTIFY_SOURCE=2 -fstack-protector-strong -funwind-tables -fasynchronous-unwind-tables -fstack-clash-protection -c arraydata.cpp -o arraydata.o\r\n g++ -std=gnu++11 -I\"/usr/lib64/R/include\" -DNDEBUG -I'/data2/bers/opt/R/4.0/library/cpp11/include' -I/usr/local/include -fpic -fmessage-length=0 -grecord-gcc-switches -O2 -Wall -D_FORTIFY_SOURCE=2 -fstack-protector-strong -funwind-tables -fasynchronous-unwind-tables -fstack-clash-protection -c arrowExports.cpp -o arrowExports.o\r\n g++ -std=gnu++11 -I\"/usr/lib64/R/include\" -DNDEBUG -I'/data2/bers/opt/R/4.0/library/cpp11/include' -I/usr/local/include -fpic -fmessage-length=0 -grecord-gcc-switches -O2 -Wall -D_FORTIFY_SOURCE=2 -fstack-protector-strong -funwind-tables -fasynchronous-unwind-tables -fstack-clash-protection -c buffer.cpp -o buffer.o\r\n g++ -std=gnu++11 -I\"/usr/lib64/R/include\" -DNDEBUG -I'/data2/bers/opt/R/4.0/library/cpp11/include' -I/usr/local/include -fpic -fmessage-length=0 -grecord-gcc-switches -O2 -Wall -D_FORTIFY_SOURCE=2 -fstack-protector-strong -funwind-tables -fasynchronous-unwind-tables -fstack-clash-protection -c chunkedarray.cpp -o chunkedarray.o\r\n g++ -std=gnu++11 -I\"/usr/lib64/R/include\" -DNDEBUG -I'/data2/bers/opt/R/4.0/library/cpp11/include' -I/usr/local/include -fpic -fmessage-length=0 -grecord-gcc-switches -O2 -Wall -D_FORTIFY_SOURCE=2 -fstack-protector-strong -funwind-tables -fasynchronous-unwind-tables -fstack-clash-protection -c compression.cpp -o compression.o\r\n g++ -std=gnu++11 -I\"/usr/lib64/R/include\" -DNDEBUG -I'/data2/bers/opt/R/4.0/library/cpp11/include' -I/usr/local/include -fpic -fmessage-length=0 -grecord-gcc-switches -O2 -Wall -D_FORTIFY_SOURCE=2 -fstack-protector-strong -funwind-tables -fasynchronous-unwind-tables -fstack-clash-protection -c compute.cpp -o compute.o\r\n g++ -std=gnu++11 -I\"/usr/lib64/R/include\" -DNDEBUG -I'/data2/bers/opt/R/4.0/library/cpp11/include' -I/usr/local/include -fpic -fmessage-length=0 -grecord-gcc-switches -O2 -Wall -D_FORTIFY_SOURCE=2 -fstack-protector-strong -funwind-tables -fasynchronous-unwind-tables -fstack-clash-protection -c csv.cpp -o csv.o\r\n g++ -std=gnu++11 -I\"/usr/lib64/R/include\" -DNDEBUG -I'/data2/bers/opt/R/4.0/library/cpp11/include' -I/usr/local/include -fpic -fmessage-length=0 -grecord-gcc-switches -O2 -Wall -D_FORTIFY_SOURCE=2 -fstack-protector-strong -funwind-tables -fasynchronous-unwind-tables -fstack-clash-protection -c dataset.cpp -o dataset.o\r\n g++ -std=gnu++11 -I\"/usr/lib64/R/include\" -DNDEBUG -I'/data2/bers/opt/R/4.0/library/cpp11/include' -I/usr/local/include -fpic -fmessage-length=0 -grecord-gcc-switches -O2 -Wall -D_FORTIFY_SOURCE=2 -fstack-protector-strong -funwind-tables -fasynchronous-unwind-tables -fstack-clash-protection -c datatype.cpp -o datatype.o\r\n g++ -std=gnu++11 -I\"/usr/lib64/R/include\" -DNDEBUG -I'/data2/bers/opt/R/4.0/library/cpp11/include' -I/usr/local/include -fpic -fmessage-length=0 -grecord-gcc-switches -O2 -Wall -D_FORTIFY_SOURCE=2 -fstack-protector-strong -funwind-tables -fasynchronous-unwind-tables -fstack-clash-protection -c expression.cpp -o expression.o\r\n g++ -std=gnu++11 -I\"/usr/lib64/R/include\" -DNDEBUG -I'/data2/bers/opt/R/4.0/library/cpp11/include' -I/usr/local/include -fpic -fmessage-length=0 -grecord-gcc-switches -O2 -Wall -D_FORTIFY_SOURCE=2 -fstack-protector-strong -funwind-tables -fasynchronous-unwind-tables -fstack-clash-protection -c feather.cpp -o feather.o\r\n g++ -std=gnu++11 -I\"/usr/lib64/R/include\" -DNDEBUG -I'/data2/bers/opt/R/4.0/library/cpp11/include' -I/usr/local/include -fpic -fmessage-length=0 -grecord-gcc-switches -O2 -Wall -D_FORTIFY_SOURCE=2 -fstack-protector-strong -funwind-tables -fasynchronous-unwind-tables -fstack-clash-protection -c field.cpp -o field.o\r\n g++ -std=gnu++11 -I\"/usr/lib64/R/include\" -DNDEBUG -I'/data2/bers/opt/R/4.0/library/cpp11/include' -I/usr/local/include -fpic -fmessage-length=0 -grecord-gcc-switches -O2 -Wall -D_FORTIFY_SOURCE=2 -fstack-protector-strong -funwind-tables -fasynchronous-unwind-tables -fstack-clash-protection -c filesystem.cpp -o filesystem.o\r\n g++ -std=gnu++11 -I\"/usr/lib64/R/include\" -DNDEBUG -I'/data2/bers/opt/R/4.0/library/cpp11/include' -I/usr/local/include -fpic -fmessage-length=0 -grecord-gcc-switches -O2 -Wall -D_FORTIFY_SOURCE=2 -fstack-protector-strong -funwind-tables -fasynchronous-unwind-tables -fstack-clash-protection -c imports.cpp -o imports.o\r\n g++ -std=gnu++11 -I\"/usr/lib64/R/include\" -DNDEBUG -I'/data2/bers/opt/R/4.0/library/cpp11/include' -I/usr/local/include -fpic -fmessage-length=0 -grecord-gcc-switches -O2 -Wall -D_FORTIFY_SOURCE=2 -fstack-protector-strong -funwind-tables -fasynchronous-unwind-tables -fstack-clash-protection -c io.cpp -o io.o\r\n g++ -std=gnu++11 -I\"/usr/lib64/R/include\" -DNDEBUG -I'/data2/bers/opt/R/4.0/library/cpp11/include' -I/usr/local/include -fpic -fmessage-length=0 -grecord-gcc-switches -O2 -Wall -D_FORTIFY_SOURCE=2 -fstack-protector-strong -funwind-tables -fasynchronous-unwind-tables -fstack-clash-protection -c json.cpp -o json.o\r\n g++ -std=gnu++11 -I\"/usr/lib64/R/include\" -DNDEBUG -I'/data2/bers/opt/R/4.0/library/cpp11/include' -I/usr/local/include -fpic -fmessage-length=0 -grecord-gcc-switches -O2 -Wall -D_FORTIFY_SOURCE=2 -fstack-protector-strong -funwind-tables -fasynchronous-unwind-tables -fstack-clash-protection -c memorypool.cpp -o memorypool.o\r\n g++ -std=gnu++11 -I\"/usr/lib64/R/include\" -DNDEBUG -I'/data2/bers/opt/R/4.0/library/cpp11/include' -I/usr/local/include -fpic -fmessage-length=0 -grecord-gcc-switches -O2 -Wall -D_FORTIFY_SOURCE=2 -fstack-protector-strong -funwind-tables -fasynchronous-unwind-tables -fstack-clash-protection -c message.cpp -o message.o\r\n g++ -std=gnu++11 -I\"/usr/lib64/R/include\" -DNDEBUG -I'/data2/bers/opt/R/4.0/library/cpp11/include' -I/usr/local/include -fpic -fmessage-length=0 -grecord-gcc-switches -O2 -Wall -D_FORTIFY_SOURCE=2 -fstack-protector-strong -funwind-tables -fasynchronous-unwind-tables -fstack-clash-protection -c parquet.cpp -o parquet.o\r\n g++ -std=gnu++11 -I\"/usr/lib64/R/include\" -DNDEBUG -I'/data2/bers/opt/R/4.0/library/cpp11/include' -I/usr/local/include -fpic -fmessage-length=0 -grecord-gcc-switches -O2 -Wall -D_FORTIFY_SOURCE=2 -fstack-protector-strong -funwind-tables -fasynchronous-unwind-tables -fstack-clash-protection -c py-to-r.cpp -o py-to-r.o\r\n g++ -std=gnu++11 -I\"/usr/lib64/R/include\" -DNDEBUG -I'/data2/bers/opt/R/4.0/library/cpp11/include' -I/usr/local/include -fpic -fmessage-length=0 -grecord-gcc-switches -O2 -Wall -D_FORTIFY_SOURCE=2 -fstack-protector-strong -funwind-tables -fasynchronous-unwind-tables -fstack-clash-protection -c recordbatch.cpp -o recordbatch.o\r\n g++ -std=gnu++11 -I\"/usr/lib64/R/include\" -DNDEBUG -I'/data2/bers/opt/R/4.0/library/cpp11/include' -I/usr/local/include -fpic -fmessage-length=0 -grecord-gcc-switches -O2 -Wall -D_FORTIFY_SOURCE=2 -fstack-protector-strong -funwind-tables -fasynchronous-unwind-tables -fstack-clash-protection -c recordbatchreader.cpp -o recordbatchreader.o\r\n g++ -std=gnu++11 -I\"/usr/lib64/R/include\" -DNDEBUG -I'/data2/bers/opt/R/4.0/library/cpp11/include' -I/usr/local/include -fpic -fmessage-length=0 -grecord-gcc-switches -O2 -Wall -D_FORTIFY_SOURCE=2 -fstack-protector-strong -funwind-tables -fasynchronous-unwind-tables -fstack-clash-protection -c recordbatchwriter.cpp -o recordbatchwriter.o\r\n g++ -std=gnu++11 -I\"/usr/lib64/R/include\" -DNDEBUG -I'/data2/bers/opt/R/4.0/library/cpp11/include' -I/usr/local/include -fpic -fmessage-length=0 -grecord-gcc-switches -O2 -Wall -D_FORTIFY_SOURCE=2 -fstack-protector-strong -funwind-tables -fasynchronous-unwind-tables -fstack-clash-protection -c scalar.cpp -o scalar.o\r\n g++ -std=gnu++11 -I\"/usr/lib64/R/include\" -DNDEBUG -I'/data2/bers/opt/R/4.0/library/cpp11/include' -I/usr/local/include -fpic -fmessage-length=0 -grecord-gcc-switches -O2 -Wall -D_FORTIFY_SOURCE=2 -fstack-protector-strong -funwind-tables -fasynchronous-unwind-tables -fstack-clash-protection -c schema.cpp -o schema.o\r\n g++ -std=gnu++11 -I\"/usr/lib64/R/include\" -DNDEBUG -I'/data2/bers/opt/R/4.0/library/cpp11/include' -I/usr/local/include -fpic -fmessage-length=0 -grecord-gcc-switches -O2 -Wall -D_FORTIFY_SOURCE=2 -fstack-protector-strong -funwind-tables -fasynchronous-unwind-tables -fstack-clash-protection -c symbols.cpp -o symbols.o\r\n g++ -std=gnu++11 -I\"/usr/lib64/R/include\" -DNDEBUG -I'/data2/bers/opt/R/4.0/library/cpp11/include' -I/usr/local/include -fpic -fmessage-length=0 -grecord-gcc-switches -O2 -Wall -D_FORTIFY_SOURCE=2 -fstack-protector-strong -funwind-tables -fasynchronous-unwind-tables -fstack-clash-protection -c table.cpp -o table.o\r\n g++ -std=gnu++11 -I\"/usr/lib64/R/include\" -DNDEBUG -I'/data2/bers/opt/R/4.0/library/cpp11/include' -I/usr/local/include -fpic -fmessage-length=0 -grecord-gcc-switches -O2 -Wall -D_FORTIFY_SOURCE=2 -fstack-protector-strong -funwind-tables -fasynchronous-unwind-tables -fstack-clash-protection -c threadpool.cpp -o threadpool.o\r\n g++ -std=gnu++11 -shared -L/usr/lib64/R/lib -L/usr/local/lib64 -o arrow.so array.o array_from_vector.o array_to_vector.o arraydata.o arrowExports.o buffer.o chunkedarray.o compression.o compute.o csv.o dataset.o datatype.o expression.o feather.o field.o filesystem.o imports.o io.o json.o memorypool.o message.o parquet.o py-to-r.o recordbatch.o recordbatchreader.o recordbatchwriter.o scalar.o schema.o symbols.o table.o threadpool.o -L/usr/lib64/R/lib -lR\r\n installing to /data2/bers/opt/R/4.0/library/00LOCK-arrow/00new/arrow/libs\r\n ** R\r\n ** inst\r\n ** byte-compile and prepare package for lazy loading\r\n ** help\r\n *** installing help indices\r\n ** building package indices\r\n ** installing vignettes\r\n ** testing if installed package can be loaded from temporary location\r\n ** checking absolute paths in shared objects and dynamic libraries\r\n ** testing if installed package can be loaded from final location\r\n ** testing if installed package keeps a record of temporary installation path\r\n * DONE (arrow)\r\n{code}\r\n",
        "customfield_10010": null,
        "customfield_12314523": null,
        "customfield_12314127": null,
        "customfield_12314522": null,
        "customfield_12314126": null,
        "customfield_12314521": null,
        "customfield_12314125": null,
        "customfield_12314520": null,
        "customfield_12314124": null,
        "customfield_12312340": null,
        "customfield_12314123": null,
        "customfield_12312341": null,
        "customfield_12312220": null,
        "customfield_12314122": null,
        "customfield_12314121": null,
        "customfield_12314120": null,
        "customfield_12314129": null,
        "customfield_12314524": null,
        "customfield_12314128": null,
        "summary": "[C++] Ensure using \"lib/\" for jemalloc's library directory",
        "customfield_12314130": null,
        "customfield_12310291": null,
        "customfield_12310290": null,
        "customfield_12314138": null,
        "customfield_12314137": null,
        "environment": "R4.0.5\r\nopenSUSE Leap 15.2",
        "customfield_12314136": null,
        "customfield_12314135": null,
        "customfield_12311020": null,
        "customfield_12314134": null,
        "duedate": null,
        "customfield_12314132": null,
        "customfield_12314131": null,
        "customfield_12311820": "0|z0qbow:",
        "customfield_12314139": null
    }
}