{
    "expand": "operations,versionedRepresentations,editmeta,changelog,renderedFields",
    "id": "13499132",
    "self": "https://issues.apache.org/jira/rest/api/2/issue/13499132",
    "key": "ARROW-18277",
    "fields": {
        "fixVersions": [],
        "resolution": null,
        "customfield_12312322": null,
        "customfield_12312323": null,
        "customfield_12312320": null,
        "customfield_12310420": "9223372036854775807",
        "customfield_12312321": null,
        "customfield_12312328": null,
        "customfield_12312329": null,
        "customfield_12312326": null,
        "customfield_12310300": null,
        "customfield_12312327": null,
        "customfield_12312324": null,
        "customfield_12312720": null,
        "customfield_12312325": null,
        "lastViewed": null,
        "priority": {
            "self": "https://issues.apache.org/jira/rest/api/2/priority/4",
            "iconUrl": "https://issues.apache.org/jira/images/icons/priorities/minor.svg",
            "name": "Minor",
            "id": "4"
        },
        "labels": [],
        "customfield_12312333": null,
        "customfield_12312334": null,
        "customfield_12313422": "false",
        "customfield_12310310": "0.0",
        "customfield_12312331": null,
        "customfield_12312332": null,
        "aggregatetimeoriginalestimate": null,
        "timeestimate": null,
        "customfield_12312330": null,
        "versions": [],
        "customfield_12311120": null,
        "customfield_12313826": null,
        "customfield_12312339": null,
        "issuelinks": [],
        "customfield_12313825": null,
        "assignee": null,
        "customfield_12312337": null,
        "customfield_12313823": null,
        "customfield_12312338": null,
        "customfield_12311920": null,
        "customfield_12313822": null,
        "customfield_12312335": null,
        "customfield_12313821": null,
        "customfield_12312336": null,
        "customfield_12313820": null,
        "status": {
            "self": "https://issues.apache.org/jira/rest/api/2/status/1",
            "description": "The issue is open and ready for the assignee to start work on it.",
            "iconUrl": "https://issues.apache.org/jira/images/icons/statuses/open.png",
            "name": "Open",
            "id": "1",
            "statusCategory": {
                "self": "https://issues.apache.org/jira/rest/api/2/statuscategory/2",
                "id": 2,
                "key": "new",
                "colorName": "blue-gray",
                "name": "To Do"
            }
        },
        "components": [
            {
                "self": "https://issues.apache.org/jira/rest/api/2/component/12333008",
                "id": "12333008",
                "name": "R"
            }
        ],
        "customfield_12312026": null,
        "customfield_12312023": null,
        "customfield_12312024": null,
        "aggregatetimeestimate": null,
        "customfield_12312022": null,
        "customfield_12310921": null,
        "customfield_12310920": "9223372036854775807",
        "customfield_12312823": null,
        "creator": {
            "self": "https://issues.apache.org/jira/rest/api/2/user?username=Sweetnam",
            "name": "Sweetnam",
            "key": "JIRAUSER298155",
            "avatarUrls": {
                "48x48": "https://issues.apache.org/jira/secure/useravatar?avatarId=10452",
                "24x24": "https://issues.apache.org/jira/secure/useravatar?size=small&avatarId=10452",
                "16x16": "https://issues.apache.org/jira/secure/useravatar?size=xsmall&avatarId=10452",
                "32x32": "https://issues.apache.org/jira/secure/useravatar?size=medium&avatarId=10452"
            },
            "displayName": "Connor",
            "active": true,
            "timeZone": "America/Los_Angeles"
        },
        "subtasks": [],
        "reporter": {
            "self": "https://issues.apache.org/jira/rest/api/2/user?username=Sweetnam",
            "name": "Sweetnam",
            "key": "JIRAUSER298155",
            "avatarUrls": {
                "48x48": "https://issues.apache.org/jira/secure/useravatar?avatarId=10452",
                "24x24": "https://issues.apache.org/jira/secure/useravatar?size=small&avatarId=10452",
                "16x16": "https://issues.apache.org/jira/secure/useravatar?size=xsmall&avatarId=10452",
                "32x32": "https://issues.apache.org/jira/secure/useravatar?size=medium&avatarId=10452"
            },
            "displayName": "Connor",
            "active": true,
            "timeZone": "America/Los_Angeles"
        },
        "aggregateprogress": {
            "progress": 0,
            "total": 0
        },
        "customfield_12313520": null,
        "customfield_12310250": null,
        "progress": {
            "progress": 0,
            "total": 0
        },
        "customfield_12313924": null,
        "votes": {
            "self": "https://issues.apache.org/jira/rest/api/2/issue/ARROW-18277/votes",
            "votes": 0,
            "hasVoted": false
        },
        "worklog": {
            "startAt": 0,
            "maxResults": 20,
            "total": 0,
            "worklogs": []
        },
        "customfield_12313920": null,
        "issuetype": {
            "self": "https://issues.apache.org/jira/rest/api/2/issuetype/1",
            "id": "1",
            "description": "A problem which impairs or prevents the functions of the product.",
            "iconUrl": "https://issues.apache.org/jira/secure/viewavatar?size=xsmall&avatarId=21133&avatarType=issuetype",
            "name": "Bug",
            "subtask": false,
            "avatarId": 21133
        },
        "timespent": null,
        "customfield_12314020": "{summaryBean=com.atlassian.jira.plugin.devstatus.rest.SummaryBean@d73e329[summary={pullrequest=com.atlassian.jira.plugin.devstatus.rest.SummaryItemBean@5b93630a[overall=PullRequestOverallBean{stateCount=0, state='OPEN', details=PullRequestOverallDetails{openCount=0, mergedCount=0, declinedCount=0}},byInstanceType={}], build=com.atlassian.jira.plugin.devstatus.rest.SummaryItemBean@6da403d6[overall=com.atlassian.jira.plugin.devstatus.summary.beans.BuildOverallBean@2d6fa65b[failedBuildCount=0,successfulBuildCount=0,unknownBuildCount=0,count=0,lastUpdated=<null>,lastUpdatedTimestamp=<null>],byInstanceType={}], review=com.atlassian.jira.plugin.devstatus.rest.SummaryItemBean@21717432[overall=com.atlassian.jira.plugin.devstatus.summary.beans.ReviewsOverallBean@3859e416[stateCount=0,state=<null>,dueDate=<null>,overDue=false,count=0,lastUpdated=<null>,lastUpdatedTimestamp=<null>],byInstanceType={}], deployment-environment=com.atlassian.jira.plugin.devstatus.rest.SummaryItemBean@752eea78[overall=com.atlassian.jira.plugin.devstatus.summary.beans.DeploymentOverallBean@25a3d7f8[topEnvironments=[],showProjects=false,successfulCount=0,count=0,lastUpdated=<null>,lastUpdatedTimestamp=<null>],byInstanceType={}], repository=com.atlassian.jira.plugin.devstatus.rest.SummaryItemBean@fd9e79a[overall=com.atlassian.jira.plugin.devstatus.summary.beans.CommitOverallBean@7857db23[count=0,lastUpdated=<null>,lastUpdatedTimestamp=<null>],byInstanceType={}], branch=com.atlassian.jira.plugin.devstatus.rest.SummaryItemBean@7aa8837b[overall=com.atlassian.jira.plugin.devstatus.summary.beans.BranchOverallBean@418f97c1[count=0,lastUpdated=<null>,lastUpdatedTimestamp=<null>],byInstanceType={}]},errors=[],configErrors=[]], devSummaryJson={\"cachedValue\":{\"errors\":[],\"configErrors\":[],\"summary\":{\"pullrequest\":{\"overall\":{\"count\":0,\"lastUpdated\":null,\"stateCount\":0,\"state\":\"OPEN\",\"details\":{\"openCount\":0,\"mergedCount\":0,\"declinedCount\":0,\"total\":0},\"open\":true},\"byInstanceType\":{}},\"build\":{\"overall\":{\"count\":0,\"lastUpdated\":null,\"failedBuildCount\":0,\"successfulBuildCount\":0,\"unknownBuildCount\":0},\"byInstanceType\":{}},\"review\":{\"overall\":{\"count\":0,\"lastUpdated\":null,\"stateCount\":0,\"state\":null,\"dueDate\":null,\"overDue\":false,\"completed\":false},\"byInstanceType\":{}},\"deployment-environment\":{\"overall\":{\"count\":0,\"lastUpdated\":null,\"topEnvironments\":[],\"showProjects\":false,\"successfulCount\":0},\"byInstanceType\":{}},\"repository\":{\"overall\":{\"count\":0,\"lastUpdated\":null},\"byInstanceType\":{}},\"branch\":{\"overall\":{\"count\":0,\"lastUpdated\":null},\"byInstanceType\":{}}}},\"isStale\":false}}",
        "customfield_12314141": null,
        "customfield_12314140": null,
        "project": {
            "self": "https://issues.apache.org/jira/rest/api/2/project/12319525",
            "id": "12319525",
            "key": "ARROW",
            "name": "Apache Arrow",
            "projectTypeKey": "software",
            "avatarUrls": {
                "48x48": "https://issues.apache.org/jira/secure/projectavatar?pid=12319525&avatarId=10011",
                "24x24": "https://issues.apache.org/jira/secure/projectavatar?size=small&pid=12319525&avatarId=10011",
                "16x16": "https://issues.apache.org/jira/secure/projectavatar?size=xsmall&pid=12319525&avatarId=10011",
                "32x32": "https://issues.apache.org/jira/secure/projectavatar?size=medium&pid=12319525&avatarId=10011"
            },
            "projectCategory": {
                "self": "https://issues.apache.org/jira/rest/api/2/projectCategory/13960",
                "id": "13960",
                "description": "Apache Arrow",
                "name": "Arrow"
            }
        },
        "aggregatetimespent": null,
        "customfield_12312520": null,
        "customfield_12312521": "Tue Nov 15 16:23:53 UTC 2022",
        "customfield_12314422": null,
        "customfield_12314421": null,
        "customfield_12314146": null,
        "customfield_12314420": null,
        "customfield_12314145": null,
        "customfield_12314144": null,
        "customfield_12314143": null,
        "resolutiondate": null,
        "workratio": -1,
        "customfield_12312923": null,
        "customfield_12312920": null,
        "customfield_12312921": null,
        "watches": {
            "self": "https://issues.apache.org/jira/rest/api/2/issue/ARROW-18277/watchers",
            "watchCount": 4,
            "isWatching": false
        },
        "created": "2022-11-08T02:09:44.000+0000",
        "updated": "2022-11-15T16:24:11.000+0000",
        "timeoriginalestimate": null,
        "description": "Hello! Following the instructions on [https://arrow.apache.org/docs/r/articles/install.html] I am filing this ticket for help installing R's arrow package on RStudio. Output below\r\n\r\n\u00a0\r\n{code:java}\r\n> Sys.setenv(ARROW_R_DEV=TRUE)\r\n> install.packages(\"arrow\")\r\nInstalling package into \u2018/var/lib/rstudio-server/local/site-library\u2019\r\n(as \u2018lib\u2019 is unspecified)\r\ntrying URL 'https://cran.rstudio.com/src/contrib/arrow_10.0.0.tar.gz'\r\nContent type 'application/x-gzip' length 4843530 bytes (4.6 MB)\r\n==================================================\r\ndownloaded 4.6 MB* installing *source* package \u2018arrow\u2019 ...\r\n** package \u2018arrow\u2019 successfully unpacked and MD5 sums checked\r\n** using staged installation\r\n*** Found local C++ source: 'tools/cpp'\r\n*** Building libarrow from source\r\n\u00a0 \u00a0 For build options and troubleshooting, see the install vignette:\r\n\u00a0 \u00a0 https://cran.r-project.org/web/packages/arrow/vignettes/install.html\r\n*** Building with MAKEFLAGS= -j2\u00a0\r\n**** cmake\r\ntrying URL 'https://github.com/Kitware/CMake/releases/download/v3.21.4/cmake-3.21.4-linux-x86_64.tar.gz'\r\nContent type 'application/octet-stream' length 44684259 bytes (42.6 MB)\r\n==================================================\r\ndownloaded 42.6 MB**** arrow with SOURCE_DIR='tools/cpp' BUILD_DIR='/tmp/RtmpRnb6XO/file4484b64e7cde3' DEST_DIR='libarrow/arrow-10.0.0' CMAKE='/tmp/RtmpRnb6XO/file4484b4c7f3eba/cmake-3.21.4-linux-x86_64/bin/cmake' EXTRA_CMAKE_FLAGS='' CC='/usr/bin/gcc -fPIC' CXX='/usr/bin/g++ -fPIC -std=c++17' LDFLAGS='-L/usr/local/lib' ARROW_S3='OFF' ARROW_GCS='OFF'\u00a0\r\n++ pwd\r\n+ : /tmp/RtmpppnJl6/R.INSTALL448006afb2688/arrow\r\n+ : tools/cpp\r\n+ : /tmp/RtmpRnb6XO/file4484b64e7cde3\r\n+ : libarrow/arrow-10.0.0\r\n+ : /tmp/RtmpRnb6XO/file4484b4c7f3eba/cmake-3.21.4-linux-x86_64/bin/cmake\r\n++ cd tools/cpp\r\n++ pwd\r\n+ SOURCE_DIR=/tmp/RtmpppnJl6/R.INSTALL448006afb2688/arrow/tools/cpp\r\n++ mkdir -p libarrow/arrow-10.0.0\r\n++ cd libarrow/arrow-10.0.0\r\n++ pwd\r\n+ DEST_DIR=/tmp/RtmpppnJl6/R.INSTALL448006afb2688/arrow/libarrow/arrow-10.0.0\r\n++ nproc\r\n+ : 16\r\n+ '[' '' '!=' '' ']'\r\n+ '[' '' = false ']'\r\n+ ARROW_DEFAULT_PARAM=OFF\r\n+ mkdir -p /tmp/RtmpRnb6XO/file4484b64e7cde3\r\n+ pushd /tmp/RtmpRnb6XO/file4484b64e7cde3\r\n/tmp/RtmpRnb6XO/file4484b64e7cde3 /tmp/RtmpppnJl6/R.INSTALL448006afb2688/arrow\r\n+ /tmp/RtmpRnb6XO/file4484b4c7f3eba/cmake-3.21.4-linux-x86_64/bin/cmake -DARROW_BOOST_USE_SHARED=OFF -DARROW_BUILD_TESTS=OFF -DARROW_BUILD_SHARED=OFF -DARROW_BUILD_STATIC=ON -DARROW_COMPUTE=ON -DARROW_CSV=ON -DARROW_DATASET=ON -DARROW_DEPENDENCY_SOURCE=AUTO -DAWSSDK_SOURCE= -DARROW_FILESYSTEM=ON -DARROW_GCS=OFF -DARROW_JEMALLOC=OFF -DARROW_MIMALLOC=ON -DARROW_JSON=ON -DARROW_PARQUET=ON -DARROW_S3=OFF -DARROW_WITH_BROTLI=OFF -DARROW_WITH_BZ2=OFF -DARROW_WITH_LZ4=ON -DARROW_WITH_RE2=ON -DARROW_WITH_SNAPPY=ON -DARROW_WITH_UTF8PROC=ON -DARROW_WITH_ZLIB=OFF -DARROW_WITH_ZSTD=OFF -DARROW_VERBOSE_THIRDPARTY_BUILD=OFF -DCMAKE_BUILD_TYPE=Release -DCMAKE_FIND_DEBUG_MODE=OFF -DCMAKE_INSTALL_LIBDIR=lib -DCMAKE_INSTALL_PREFIX=/tmp/RtmpppnJl6/R.INSTALL448006afb2688/arrow/libarrow/arrow-10.0.0 -DCMAKE_EXPORT_NO_PACKAGE_REGISTRY=ON -DCMAKE_FIND_PACKAGE_NO_PACKAGE_REGISTRY=ON -DCMAKE_UNITY_BUILD=OFF -Dxsimd_SOURCE= -Dzstd_SOURCE= -G 'Unix Makefiles' /tmp/RtmpppnJl6/R.INSTALL448006afb2688/arrow/tools/cpp\r\n-- Building using CMake version: 3.21.4\r\n-- The C compiler identification is GNU 6.3.0\r\n-- The CXX compiler identification is GNU 6.3.0\r\n-- Detecting C compiler ABI info\r\n-- Detecting C compiler ABI info - done\r\n-- Check for working C compiler: /usr/bin/gcc - skipped\r\n-- Detecting C compile features\r\n-- Detecting C compile features - done\r\n-- Detecting CXX compiler ABI info\r\n-- Detecting CXX compiler ABI info - done\r\n-- Check for working CXX compiler: /usr/bin/g++ - skipped\r\n-- Detecting CXX compile features\r\n-- Detecting CXX compile features - done\r\n-- Arrow version: 10.0.0 (full: '10.0.0')\r\n-- Arrow SO version: 1000 (full: 1000.0.0)\r\n-- clang-tidy 14 not found\r\n-- clang-format 14 not found\r\n-- Could NOT find ClangTools (missing: CLANG_FORMAT_BIN CLANG_TIDY_BIN)\u00a0\r\n-- infer not found\r\n-- Found Python3: /usr/local/bin/python3.9 (found version \"3.9.4\") found components: Interpreter\u00a0\r\n-- Found cpplint executable at /tmp/RtmpppnJl6/R.INSTALL448006afb2688/arrow/tools/cpp/build-support/cpplint.py\r\n-- System processor: x86_64\r\n-- Performing Test CXX_SUPPORTS_SSE4_2\r\n-- Performing Test CXX_SUPPORTS_SSE4_2 - Success\r\n-- Performing Test CXX_SUPPORTS_AVX2\r\n-- Performing Test CXX_SUPPORTS_AVX2 - Success\r\n-- Performing Test CXX_SUPPORTS_AVX512\r\n-- Performing Test CXX_SUPPORTS_AVX512 - Success\r\n-- Arrow build warning level: PRODUCTION\r\n-- Using ld linker\r\n-- Configured for RELEASE build (set with cmake -DCMAKE_BUILD_TYPE={release,debug,...})\r\n-- Build Type: RELEASE\r\n-- Performing Test CXX_LINKER_SUPPORTS_VERSION_SCRIPT\r\n-- Performing Test CXX_LINKER_SUPPORTS_VERSION_SCRIPT - Success\r\n-- Using AUTO approach to find dependencies\r\n-- ARROW_ABSL_BUILD_VERSION: 20211102.0\r\n-- ARROW_ABSL_BUILD_SHA256_CHECKSUM: dcf71b9cba8dc0ca9940c4b316a0c796be8fab42b070bb6b7cab62b48f0e66c4\r\n-- ARROW_AWSSDK_BUILD_VERSION: 1.8.133\r\n-- ARROW_AWSSDK_BUILD_SHA256_CHECKSUM: d6c495bc06be5e21dac716571305d77437e7cfd62a2226b8fe48d9ab5785a8d6\r\n-- ARROW_AWS_CHECKSUMS_BUILD_VERSION: v0.1.12\r\n-- ARROW_AWS_CHECKSUMS_BUILD_SHA256_CHECKSUM: 394723034b81cc7cd528401775bc7aca2b12c7471c92350c80a0e2fb9d2909fe\r\n-- ARROW_AWS_C_COMMON_BUILD_VERSION: v0.6.9\r\n-- ARROW_AWS_C_COMMON_BUILD_SHA256_CHECKSUM: 928a3e36f24d1ee46f9eec360ec5cebfe8b9b8994fe39d4fa74ff51aebb12717\r\n-- ARROW_AWS_C_EVENT_STREAM_BUILD_VERSION: v0.1.5\r\n-- ARROW_AWS_C_EVENT_STREAM_BUILD_SHA256_CHECKSUM: f1b423a487b5d6dca118bfc0d0c6cc596dc476b282258a3228e73a8f730422d4\r\n-- ARROW_BOOST_BUILD_VERSION: 1.75.0\r\n-- ARROW_BOOST_BUILD_SHA256_CHECKSUM: 267e04a7c0bfe85daf796dedc789c3a27a76707e1c968f0a2a87bb96331e2b61\r\n-- ARROW_BROTLI_BUILD_VERSION: v1.0.9\r\n-- ARROW_BROTLI_BUILD_SHA256_CHECKSUM: f9e8d81d0405ba66d181529af42a3354f838c939095ff99930da6aa9cdf6fe46\r\n-- ARROW_BZIP2_BUILD_VERSION: 1.0.8\r\n-- ARROW_BZIP2_BUILD_SHA256_CHECKSUM: ab5a03176ee106d3f0fa90e381da478ddae405918153cca248e682cd0c4a2269\r\n-- ARROW_CARES_BUILD_VERSION: 1.17.2\r\n-- ARROW_CARES_BUILD_SHA256_CHECKSUM: 4803c844ce20ce510ef0eb83f8ea41fa24ecaae9d280c468c582d2bb25b3913d\r\n-- ARROW_CRC32C_BUILD_VERSION: 1.1.2\r\n-- ARROW_CRC32C_BUILD_SHA256_CHECKSUM: ac07840513072b7fcebda6e821068aa04889018f24e10e46181068fb214d7e56\r\n-- ARROW_GBENCHMARK_BUILD_VERSION: v1.6.0\r\n-- ARROW_GBENCHMARK_BUILD_SHA256_CHECKSUM: 1f71c72ce08d2c1310011ea6436b31e39ccab8c2db94186d26657d41747c85d6\r\n-- ARROW_GFLAGS_BUILD_VERSION: v2.2.2\r\n-- ARROW_GFLAGS_BUILD_SHA256_CHECKSUM: 34af2f15cf7367513b352bdcd2493ab14ce43692d2dcd9dfc499492966c64dcf\r\n-- ARROW_GLOG_BUILD_VERSION: v0.5.0\r\n-- ARROW_GLOG_BUILD_SHA256_CHECKSUM: eede71f28371bf39aa69b45de23b329d37214016e2055269b3b5e7cfd40b59f5\r\n-- ARROW_GOOGLE_CLOUD_CPP_BUILD_VERSION: v1.42.0\r\n-- ARROW_GOOGLE_CLOUD_CPP_BUILD_SHA256_CHECKSUM: c06ae9aededbb8aa217a6d2453754daa40b815f9a4004bc4f2d2d215c79828aa\r\n-- ARROW_GRPC_BUILD_VERSION: v1.46.3\r\n-- ARROW_GRPC_BUILD_SHA256_CHECKSUM: d6cbf22cb5007af71b61c6be316a79397469c58c82a942552a62e708bce60964\r\n-- ARROW_GTEST_BUILD_VERSION: 1.11.0\r\n-- ARROW_GTEST_BUILD_SHA256_CHECKSUM: b4870bf121ff7795ba20d20bcdd8627b8e088f2d1dab299a031c1034eddc93d5\r\n-- ARROW_JEMALLOC_BUILD_VERSION: 5.3.0\r\n-- ARROW_JEMALLOC_BUILD_SHA256_CHECKSUM: 2db82d1e7119df3e71b7640219b6dfe84789bc0537983c3b7ac4f7189aecfeaa\r\n-- ARROW_LZ4_BUILD_VERSION: v1.9.4\r\n-- ARROW_LZ4_BUILD_SHA256_CHECKSUM: 0b0e3aa07c8c063ddf40b082bdf7e37a1562bda40a0ff5272957f3e987e0e54b\r\n-- ARROW_MIMALLOC_BUILD_VERSION: v2.0.6\r\n-- ARROW_MIMALLOC_BUILD_SHA256_CHECKSUM: 9f05c94cc2b017ed13698834ac2a3567b6339a8bde27640df5a1581d49d05ce5\r\n-- ARROW_NLOHMANN_JSON_BUILD_VERSION: v3.10.5\r\n-- ARROW_NLOHMANN_JSON_BUILD_SHA256_CHECKSUM: 5daca6ca216495edf89d167f808d1d03c4a4d929cef7da5e10f135ae1540c7e4\r\n-- ARROW_OPENTELEMETRY_BUILD_VERSION: v1.4.1\r\n-- ARROW_OPENTELEMETRY_BUILD_SHA256_CHECKSUM: 301b1ab74a664723560f46c29f228360aff1e2d63e930b963755ea077ae67524\r\n-- ARROW_OPENTELEMETRY_PROTO_BUILD_VERSION: v0.17.0\r\n-- ARROW_OPENTELEMETRY_PROTO_BUILD_SHA256_CHECKSUM: f269fbcb30e17b03caa1decd231ce826e59d7651c0f71c3b28eb5140b4bb5412\r\n-- ARROW_ORC_BUILD_VERSION: 1.8.0\r\n-- ARROW_ORC_BUILD_SHA256_CHECKSUM: 859d78bfded98405c32ccb2847b565a57bcc53f473a74087c1f750aeb5932e62\r\n-- ARROW_PROTOBUF_BUILD_VERSION: v21.3\r\n-- ARROW_PROTOBUF_BUILD_SHA256_CHECKSUM: 2f723218f6cb709ae4cdc4fb5ed56a5951fc5d466f0128ce4c946b8c78c8c49f\r\n-- ARROW_RAPIDJSON_BUILD_VERSION: 232389d4f1012dddec4ef84861face2d2ba85709\r\n-- ARROW_RAPIDJSON_BUILD_SHA256_CHECKSUM: b9290a9a6d444c8e049bd589ab804e0ccf2b05dc5984a19ed5ae75d090064806\r\n-- ARROW_RE2_BUILD_VERSION: 2022-06-01\r\n-- ARROW_RE2_BUILD_SHA256_CHECKSUM: f89c61410a072e5cbcf8c27e3a778da7d6fd2f2b5b1445cd4f4508bee946ab0f\r\n-- ARROW_SNAPPY_BUILD_VERSION: 1.1.9\r\n-- ARROW_SNAPPY_BUILD_SHA256_CHECKSUM: 75c1fbb3d618dd3a0483bff0e26d0a92b495bbe5059c8b4f1c962b478b6e06e7\r\n-- ARROW_SNAPPY_OLD_BUILD_VERSION: 1.1.8\r\n-- ARROW_SNAPPY_OLD_BUILD_SHA256_CHECKSUM: 16b677f07832a612b0836178db7f374e414f94657c138e6993cbfc5dcc58651f\r\n-- ARROW_SUBSTRAIT_BUILD_VERSION: v0.6.0\r\n-- ARROW_SUBSTRAIT_BUILD_SHA256_CHECKSUM: 7b8583b9684477e9027f417bbfb4febb8acfeb01923dcaa7cf0fd3f921d69c88\r\n-- ARROW_THRIFT_BUILD_VERSION: 0.16.0\r\n-- ARROW_THRIFT_BUILD_SHA256_CHECKSUM: f460b5c1ca30d8918ff95ea3eb6291b3951cf518553566088f3f2be8981f6209\r\n-- ARROW_UCX_BUILD_VERSION: 1.12.1\r\n-- ARROW_UCX_BUILD_SHA256_CHECKSUM: 9bef31aed0e28bf1973d28d74d9ac4f8926c43ca3b7010bd22a084e164e31b71\r\n-- ARROW_UTF8PROC_BUILD_VERSION: v2.7.0\r\n-- ARROW_UTF8PROC_BUILD_SHA256_CHECKSUM: 4bb121e297293c0fd55f08f83afab6d35d48f0af4ecc07523ad8ec99aa2b12a1\r\n-- ARROW_XSIMD_BUILD_VERSION: 9.0.1\r\n-- ARROW_XSIMD_BUILD_SHA256_CHECKSUM: b1bb5f92167fd3a4f25749db0be7e61ed37e0a5d943490f3accdcd2cd2918cc0\r\n-- ARROW_ZLIB_BUILD_VERSION: 1.2.13\r\n-- ARROW_ZLIB_BUILD_SHA256_CHECKSUM: b3a24de97a8fdbc835b9833169501030b8977031bcb54b3b3ac13740f846ab30\r\n-- ARROW_ZSTD_BUILD_VERSION: v1.5.2\r\n-- ARROW_ZSTD_BUILD_SHA256_CHECKSUM: f7de13462f7a82c29ab865820149e778cbfe01087b3a55b5332707abf9db4a6e\r\n-- Looking for pthread.h\r\n-- Looking for pthread.h - found\r\n-- Performing Test CMAKE_HAVE_LIBC_PTHREAD\r\n-- Performing Test CMAKE_HAVE_LIBC_PTHREAD - Failed\r\n-- Check if compiler accepts -pthread\r\n-- Check if compiler accepts -pthread - yes\r\n-- Found Threads: TRUE \u00a0\r\n-- Looking for _M_ARM64\r\n-- Looking for _M_ARM64 - not found\r\n-- Looking for __SIZEOF_INT128__\r\n-- Looking for __SIZEOF_INT128__ - found\r\n-- Found Boost: /usr/include (found suitable version \"1.62.0\", minimum required is \"1.58\") \u00a0\r\n-- Boost include dir: /usr/include\r\nCMake Warning at cmake_modules/FindSnappyAlt.cmake:29 (find_package):\r\n\u00a0 By not providing \"FindSnappy.cmake\" in CMAKE_MODULE_PATH this project has\r\n\u00a0 asked CMake to find a package configuration file provided by \"Snappy\", but\r\n\u00a0 CMake did not find one.\u00a0 Could not find a package configuration file provided by \"Snappy\" with any\r\n\u00a0 of the following names:\u00a0 \u00a0 SnappyConfig.cmake\r\n\u00a0 \u00a0 snappy-config.cmake\u00a0 Add the installation prefix of \"Snappy\" to CMAKE_PREFIX_PATH or set\r\n\u00a0 \"Snappy_DIR\" to a directory containing one of the above files. \u00a0If \"Snappy\"\r\n\u00a0 provides a separate development package or SDK, be sure it has been\r\n\u00a0 installed.\r\nCall Stack (most recent call first):\r\n\u00a0 cmake_modules/ThirdpartyToolchain.cmake:261 (find_package)\r\n\u00a0 cmake_modules/ThirdpartyToolchain.cmake:1164 (resolve_dependency)\r\n\u00a0 CMakeLists.txt:496 (include)\r\n-- Could NOT find SnappyAlt (missing: Snappy_LIB Snappy_INCLUDE_DIR)\u00a0\r\n-- Building snappy from source\r\n-- Building without OpenSSL support. Minimum OpenSSL version 1.0.2 required.\r\n-- Checking for module 'thrift'\r\n-- \u00a0 No package 'thrift' found\r\n-- Could NOT find Thrift: Found unsuitable version \"\", but required is at least \"0.11.0\" (found THRIFT_LIB-NOTFOUND)\r\n-- Building Apache Thrift from source\r\n-- Building (vendored) mimalloc from source\r\nCMake Warning at cmake_modules/FindRapidJSONAlt.cmake:29 (find_package):\r\n\u00a0 By not providing \"FindRapidJSON.cmake\" in CMAKE_MODULE_PATH this project\r\n\u00a0 has asked CMake to find a package configuration file provided by\r\n\u00a0 \"RapidJSON\", but CMake did not find one.\u00a0 Could not find a package configuration file provided by \"RapidJSON\"\r\n\u00a0 (requested version 1.1.0) with any of the following names:\u00a0 \u00a0 RapidJSONConfig.cmake\r\n\u00a0 \u00a0 rapidjson-config.cmake\u00a0 Add the installation prefix of \"RapidJSON\" to CMAKE_PREFIX_PATH or set\r\n\u00a0 \"RapidJSON_DIR\" to a directory containing one of the above files. \u00a0If\r\n\u00a0 \"RapidJSON\" provides a separate development package or SDK, be sure it has\r\n\u00a0 been installed.\r\nCall Stack (most recent call first):\r\n\u00a0 cmake_modules/ThirdpartyToolchain.cmake:261 (find_package)\r\n\u00a0 cmake_modules/ThirdpartyToolchain.cmake:2188 (resolve_dependency)\r\n\u00a0 CMakeLists.txt:496 (include)\r\n-- Could NOT find RapidJSONAlt (missing: RAPIDJSON_INCLUDE_DIR) (Required is at least version \"1.1.0\")\r\n-- Building RapidJSON from source\r\nCMake Warning at cmake_modules/ThirdpartyToolchain.cmake:261 (find_package):\r\n\u00a0 By not providing \"Findxsimd.cmake\" in CMAKE_MODULE_PATH this project has\r\n\u00a0 asked CMake to find a package configuration file provided by \"xsimd\", but\r\n\u00a0 CMake did not find one.\u00a0 Could not find a package configuration file provided by \"xsimd\" with any of\r\n\u00a0 the following names:\u00a0 \u00a0 xsimdConfig.cmake\r\n\u00a0 \u00a0 xsimd-config.cmake\u00a0 Add the installation prefix of \"xsimd\" to CMAKE_PREFIX_PATH or set\r\n\u00a0 \"xsimd_DIR\" to a directory containing one of the above files. \u00a0If \"xsimd\"\r\n\u00a0 provides a separate development package or SDK, be sure it has been\r\n\u00a0 installed.\r\nCall Stack (most recent call first):\r\n\u00a0 cmake_modules/ThirdpartyToolchain.cmake:2245 (resolve_dependency)\r\n\u00a0 CMakeLists.txt:496 (include)\r\n-- Building xsimd from source\r\nCMake Warning at cmake_modules/Findlz4Alt.cmake:29 (find_package):\r\n\u00a0 By not providing \"Findlz4.cmake\" in CMAKE_MODULE_PATH this project has\r\n\u00a0 asked CMake to find a package configuration file provided by \"lz4\", but\r\n\u00a0 CMake did not find one.\u00a0 Could not find a package configuration file provided by \"lz4\" with any of\r\n\u00a0 the following names:\u00a0 \u00a0 lz4Config.cmake\r\n\u00a0 \u00a0 lz4-config.cmake\u00a0 Add the installation prefix of \"lz4\" to CMAKE_PREFIX_PATH or set \"lz4_DIR\"\r\n\u00a0 to a directory containing one of the above files. \u00a0If \"lz4\" provides a\r\n\u00a0 separate development package or SDK, be sure it has been installed.\r\nCall Stack (most recent call first):\r\n\u00a0 cmake_modules/ThirdpartyToolchain.cmake:261 (find_package)\r\n\u00a0 cmake_modules/ThirdpartyToolchain.cmake:2348 (resolve_dependency)\r\n\u00a0 CMakeLists.txt:496 (include)\r\n-- Checking for module 'liblz4'\r\n-- \u00a0 No package 'liblz4' found\r\n-- Could NOT find lz4Alt (missing: LZ4_LIB LZ4_INCLUDE_DIR)\u00a0\r\n-- Building LZ4 from source\r\nCMake Warning at cmake_modules/Findre2Alt.cmake:29 (find_package):\r\n\u00a0 By not providing \"Findre2.cmake\" in CMAKE_MODULE_PATH this project has\r\n\u00a0 asked CMake to find a package configuration file provided by \"re2\", but\r\n\u00a0 CMake did not find one.\u00a0 Could not find a package configuration file provided by \"re2\" with any of\r\n\u00a0 the following names:\u00a0 \u00a0 re2Config.cmake\r\n\u00a0 \u00a0 re2-config.cmake\u00a0 Add the installation prefix of \"re2\" to CMAKE_PREFIX_PATH or set \"re2_DIR\"\r\n\u00a0 to a directory containing one of the above files. \u00a0If \"re2\" provides a\r\n\u00a0 separate development package or SDK, be sure it has been installed.\r\nCall Stack (most recent call first):\r\n\u00a0 cmake_modules/ThirdpartyToolchain.cmake:261 (find_package)\r\n\u00a0 cmake_modules/ThirdpartyToolchain.cmake:2480 (resolve_dependency)\r\n\u00a0 CMakeLists.txt:496 (include)\r\n-- Checking for module 're2'\r\n-- \u00a0 No package 're2' found\r\n-- Could NOT find re2Alt (missing: RE2_LIB RE2_INCLUDE_DIR)\u00a0\r\n-- Building RE2 from source\r\n-- Could NOT find utf8proc: Found unsuitable version \"\", but required is at least \"2.2.0\" (found utf8proc_LIB-NOTFOUND)\r\n-- Building utf8proc from source\r\n-- Found hdfs.h at: /tmp/RtmpppnJl6/R.INSTALL448006afb2688/arrow/tools/cpp/thirdparty/hadoop/include/hdfs.h\r\n-- All bundled static libraries: Snappy::snappy-static;thrift::thrift;mimalloc::mimalloc;LZ4::lz4;re2::re2;utf8proc::utf8proc\r\n-- CMAKE_C_FLAGS: \u00a0-O2 -DNDEBUG -ftree-vectorize \u00a0-Wall -fno-semantic-interposition -msse4.2\u00a0\r\n-- CMAKE_CXX_FLAGS: \u00a0 -fdiagnostics-color=always -O2 -DNDEBUG -ftree-vectorize \u00a0-Wall -fno-semantic-interposition -msse4.2\u00a0\r\n-- Creating bundled static library target arrow_bundled_dependencies at /tmp/RtmpRnb6XO/file4484b64e7cde3/release/libarrow_bundled_dependencies.a\r\n-- Looking for backtrace\r\n-- Looking for backtrace - found\r\n-- backtrace facility detected in default set of libraries\r\n-- Found Backtrace: /usr/include \u00a0\r\n-- ---------------------------------------------------------------------\r\n-- Arrow version: \u00a0 \u00a0 \u00a0 \u00a0 \u00a0 \u00a0 \u00a0 \u00a0 \u00a0 \u00a0 \u00a0 \u00a0 \u00a0 \u00a0 \u00a0 \u00a0 10.0.0\r\n--\u00a0\r\n-- Build configuration summary:\r\n-- \u00a0 Generator: Unix Makefiles\r\n-- \u00a0 Build type: RELEASE\r\n-- \u00a0 Source directory: /tmp/RtmpppnJl6/R.INSTALL448006afb2688/arrow/tools/cpp\r\n-- \u00a0 Install prefix: /tmp/RtmpppnJl6/R.INSTALL448006afb2688/arrow/libarrow/arrow-10.0.0\r\n--\u00a0\r\n-- Compile and link options:\r\n--\u00a0\r\n-- \u00a0 ARROW_CXXFLAGS=\"\" [default=\"\"]\r\n-- \u00a0 \u00a0 \u00a0 Compiler flags to append when compiling Arrow\r\n-- \u00a0 ARROW_BUILD_STATIC=ON [default=ON]\r\n-- \u00a0 \u00a0 \u00a0 Build static libraries\r\n-- \u00a0 ARROW_BUILD_SHARED=OFF [default=ON]\r\n-- \u00a0 \u00a0 \u00a0 Build shared libraries\r\n-- \u00a0 ARROW_PACKAGE_KIND=\"\" [default=\"\"]\r\n-- \u00a0 \u00a0 \u00a0 Arbitrary string that identifies the kind of package\r\n-- \u00a0 \u00a0 \u00a0 (for informational purposes)\r\n-- \u00a0 ARROW_GIT_ID=\"\" [default=\"\"]\r\n-- \u00a0 \u00a0 \u00a0 The Arrow git commit id (if any)\r\n-- \u00a0 ARROW_GIT_DESCRIPTION=\"\" [default=\"\"]\r\n-- \u00a0 \u00a0 \u00a0 The Arrow git commit description (if any)\r\n-- \u00a0 ARROW_NO_DEPRECATED_API=OFF [default=OFF]\r\n-- \u00a0 \u00a0 \u00a0 Exclude deprecated APIs from build\r\n-- \u00a0 ARROW_POSITION_INDEPENDENT_CODE=ON [default=ON]\r\n-- \u00a0 \u00a0 \u00a0 Whether to create position-independent target\r\n-- \u00a0 ARROW_USE_CCACHE=ON [default=ON]\r\n-- \u00a0 \u00a0 \u00a0 Use ccache when compiling (if available)\r\n-- \u00a0 ARROW_USE_SCCACHE=ON [default=ON]\r\n-- \u00a0 \u00a0 \u00a0 Use sccache when compiling (if available),\r\n-- \u00a0 \u00a0 \u00a0 takes precedence over ccache if a storage backend is configured\r\n-- \u00a0 ARROW_USE_LD_GOLD=OFF [default=OFF]\r\n-- \u00a0 \u00a0 \u00a0 Use ld.gold for linking on Linux (if available)\r\n-- \u00a0 ARROW_USE_PRECOMPILED_HEADERS=OFF [default=OFF]\r\n-- \u00a0 \u00a0 \u00a0 Use precompiled headers when compiling\r\n-- \u00a0 ARROW_SIMD_LEVEL=SSE4_2 [default=NONE|SSE4_2|AVX2|AVX512|NEON|DEFAULT]\r\n-- \u00a0 \u00a0 \u00a0 Compile-time SIMD optimization level\r\n-- \u00a0 ARROW_RUNTIME_SIMD_LEVEL=MAX [default=NONE|SSE4_2|AVX2|AVX512|MAX]\r\n-- \u00a0 \u00a0 \u00a0 Max runtime SIMD optimization level\r\n-- \u00a0 ARROW_ARMV8_ARCH=armv8-a [default=armv8-a|armv8-a+crc+crypto]\r\n-- \u00a0 \u00a0 \u00a0 Arm64 arch and extensions\r\n-- \u00a0 ARROW_ALTIVEC=ON [default=ON]\r\n-- \u00a0 \u00a0 \u00a0 Build with Altivec if compiler has support\r\n-- \u00a0 ARROW_RPATH_ORIGIN=OFF [default=OFF]\r\n-- \u00a0 \u00a0 \u00a0 Build Arrow libraries with RATH set to $ORIGIN\r\n-- \u00a0 ARROW_INSTALL_NAME_RPATH=ON [default=ON]\r\n-- \u00a0 \u00a0 \u00a0 Build Arrow libraries with install_name set to @rpath\r\n-- \u00a0 ARROW_GGDB_DEBUG=ON [default=ON]\r\n-- \u00a0 \u00a0 \u00a0 Pass -ggdb flag to debug builds\r\n-- \u00a0 ARROW_WITH_MUSL=OFF [default=OFF]\r\n-- \u00a0 \u00a0 \u00a0 Whether the system libc is musl or not\r\n--\u00a0\r\n-- Test and benchmark options:\r\n--\u00a0\r\n-- \u00a0 ARROW_BUILD_EXAMPLES=OFF [default=OFF]\r\n-- \u00a0 \u00a0 \u00a0 Build the Arrow examples\r\n-- \u00a0 ARROW_BUILD_TESTS=OFF [default=OFF]\r\n-- \u00a0 \u00a0 \u00a0 Build the Arrow googletest unit tests\r\n-- \u00a0 ARROW_ENABLE_TIMING_TESTS=ON [default=ON]\r\n-- \u00a0 \u00a0 \u00a0 Enable timing-sensitive tests\r\n-- \u00a0 ARROW_BUILD_INTEGRATION=OFF [default=OFF]\r\n-- \u00a0 \u00a0 \u00a0 Build the Arrow integration test executables\r\n-- \u00a0 ARROW_BUILD_BENCHMARKS=OFF [default=OFF]\r\n-- \u00a0 \u00a0 \u00a0 Build the Arrow micro benchmarks\r\n-- \u00a0 ARROW_BUILD_BENCHMARKS_REFERENCE=OFF [default=OFF]\r\n-- \u00a0 \u00a0 \u00a0 Build the Arrow micro reference benchmarks\r\n-- \u00a0 ARROW_BUILD_OPENMP_BENCHMARKS=OFF [default=OFF]\r\n-- \u00a0 \u00a0 \u00a0 Build the Arrow benchmarks that rely on OpenMP\r\n-- \u00a0 ARROW_BUILD_DETAILED_BENCHMARKS=OFF [default=OFF]\r\n-- \u00a0 \u00a0 \u00a0 Build benchmarks that do a longer exploration of performance\r\n-- \u00a0 ARROW_TEST_LINKAGE=static [default=shared|static]\r\n-- \u00a0 \u00a0 \u00a0 Linkage of Arrow libraries with unit tests executables.\r\n-- \u00a0 ARROW_FUZZING=OFF [default=OFF]\r\n-- \u00a0 \u00a0 \u00a0 Build Arrow Fuzzing executables\r\n-- \u00a0 ARROW_LARGE_MEMORY_TESTS=OFF [default=OFF]\r\n-- \u00a0 \u00a0 \u00a0 Enable unit tests which use large memory\r\n--\u00a0\r\n-- Lint options:\r\n--\u00a0\r\n-- \u00a0 ARROW_ONLY_LINT=OFF [default=OFF]\r\n-- \u00a0 \u00a0 \u00a0 Only define the lint and check-format targets\r\n-- \u00a0 ARROW_VERBOSE_LINT=OFF [default=OFF]\r\n-- \u00a0 \u00a0 \u00a0 If off, 'quiet' flags will be passed to linting tools\r\n-- \u00a0 ARROW_GENERATE_COVERAGE=OFF [default=OFF]\r\n-- \u00a0 \u00a0 \u00a0 Build with C++ code coverage enabled\r\n--\u00a0\r\n-- Checks options:\r\n--\u00a0\r\n-- \u00a0 ARROW_TEST_MEMCHECK=OFF [default=OFF]\r\n-- \u00a0 \u00a0 \u00a0 Run the test suite using valgrind --tool=memcheck\r\n-- \u00a0 ARROW_USE_ASAN=OFF [default=OFF]\r\n-- \u00a0 \u00a0 \u00a0 Enable Address Sanitizer checks\r\n-- \u00a0 ARROW_USE_TSAN=OFF [default=OFF]\r\n-- \u00a0 \u00a0 \u00a0 Enable Thread Sanitizer checks\r\n-- \u00a0 ARROW_USE_UBSAN=OFF [default=OFF]\r\n-- \u00a0 \u00a0 \u00a0 Enable Undefined Behavior sanitizer checks\r\n--\u00a0\r\n-- Project component options:\r\n--\u00a0\r\n-- \u00a0 ARROW_BUILD_UTILITIES=OFF [default=OFF]\r\n-- \u00a0 \u00a0 \u00a0 Build Arrow commandline utilities\r\n-- \u00a0 ARROW_COMPUTE=ON [default=OFF]\r\n-- \u00a0 \u00a0 \u00a0 Build the Arrow Compute Modules\r\n-- \u00a0 ARROW_CSV=ON [default=OFF]\r\n-- \u00a0 \u00a0 \u00a0 Build the Arrow CSV Parser Module\r\n-- \u00a0 ARROW_CUDA=OFF [default=OFF]\r\n-- \u00a0 \u00a0 \u00a0 Build the Arrow CUDA extensions (requires CUDA toolkit)\r\n-- \u00a0 ARROW_DATASET=ON [default=OFF]\r\n-- \u00a0 \u00a0 \u00a0 Build the Arrow Dataset Modules\r\n-- \u00a0 ARROW_FILESYSTEM=ON [default=OFF]\r\n-- \u00a0 \u00a0 \u00a0 Build the Arrow Filesystem Layer\r\n-- \u00a0 ARROW_FLIGHT=OFF [default=OFF]\r\n-- \u00a0 \u00a0 \u00a0 Build the Arrow Flight RPC System (requires GRPC, Protocol Buffers)\r\n-- \u00a0 ARROW_FLIGHT_SQL=OFF [default=OFF]\r\n-- \u00a0 \u00a0 \u00a0 Build the Arrow Flight SQL extension\r\n-- \u00a0 ARROW_GANDIVA=OFF [default=OFF]\r\n-- \u00a0 \u00a0 \u00a0 Build the Gandiva libraries\r\n-- \u00a0 ARROW_GCS=OFF [default=OFF]\r\n-- \u00a0 \u00a0 \u00a0 Build Arrow with GCS support (requires the GCloud SDK for C++)\r\n-- \u00a0 ARROW_HDFS=OFF [default=OFF]\r\n-- \u00a0 \u00a0 \u00a0 Build the Arrow HDFS bridge\r\n-- \u00a0 ARROW_IPC=ON [default=ON]\r\n-- \u00a0 \u00a0 \u00a0 Build the Arrow IPC extensions\r\n-- \u00a0 ARROW_JEMALLOC=OFF [default=ON]\r\n-- \u00a0 \u00a0 \u00a0 Build the Arrow jemalloc-based allocator\r\n-- \u00a0 ARROW_JSON=ON [default=OFF]\r\n-- \u00a0 \u00a0 \u00a0 Build Arrow with JSON support (requires RapidJSON)\r\n-- \u00a0 ARROW_MIMALLOC=ON [default=OFF]\r\n-- \u00a0 \u00a0 \u00a0 Build the Arrow mimalloc-based allocator\r\n-- \u00a0 ARROW_PARQUET=ON [default=OFF]\r\n-- \u00a0 \u00a0 \u00a0 Build the Parquet libraries\r\n-- \u00a0 ARROW_ORC=OFF [default=OFF]\r\n-- \u00a0 \u00a0 \u00a0 Build the Arrow ORC adapter\r\n-- \u00a0 ARROW_PLASMA=OFF [default=OFF]\r\n-- \u00a0 \u00a0 \u00a0 Build the plasma object store along with Arrow\r\n-- \u00a0 ARROW_PYTHON=OFF [default=OFF]\r\n-- \u00a0 \u00a0 \u00a0 Build some components needed by PyArrow.\r\n-- \u00a0 \u00a0 \u00a0 (This is a deprecated option. Use CMake presets instead.)\r\n-- \u00a0 ARROW_S3=OFF [default=OFF]\r\n-- \u00a0 \u00a0 \u00a0 Build Arrow with S3 support (requires the AWS SDK for C++)\r\n-- \u00a0 ARROW_SKYHOOK=OFF [default=OFF]\r\n-- \u00a0 \u00a0 \u00a0 Build the Skyhook libraries\r\n-- \u00a0 ARROW_SUBSTRAIT=OFF [default=OFF]\r\n-- \u00a0 \u00a0 \u00a0 Build the Arrow Substrait Consumer Module\r\n-- \u00a0 ARROW_TENSORFLOW=OFF [default=OFF]\r\n-- \u00a0 \u00a0 \u00a0 Build Arrow with TensorFlow support enabled\r\n-- \u00a0 ARROW_TESTING=OFF [default=OFF]\r\n-- \u00a0 \u00a0 \u00a0 Build the Arrow testing libraries\r\n--\u00a0\r\n-- Thirdparty toolchain options:\r\n--\u00a0\r\n-- \u00a0 ARROW_DEPENDENCY_SOURCE=AUTO [default=AUTO|BUNDLED|SYSTEM|CONDA|VCPKG|BREW]\r\n-- \u00a0 \u00a0 \u00a0 Method to use for acquiring arrow's build dependencies\r\n-- \u00a0 ARROW_VERBOSE_THIRDPARTY_BUILD=OFF [default=OFF]\r\n-- \u00a0 \u00a0 \u00a0 Show output from ExternalProjects rather than just logging to files\r\n-- \u00a0 ARROW_DEPENDENCY_USE_SHARED=ON [default=ON]\r\n-- \u00a0 \u00a0 \u00a0 Link to shared libraries\r\n-- \u00a0 ARROW_BOOST_USE_SHARED=OFF [default=ON]\r\n-- \u00a0 \u00a0 \u00a0 Rely on Boost shared libraries where relevant\r\n-- \u00a0 ARROW_BROTLI_USE_SHARED=ON [default=ON]\r\n-- \u00a0 \u00a0 \u00a0 Rely on Brotli shared libraries where relevant\r\n-- \u00a0 ARROW_BZ2_USE_SHARED=ON [default=ON]\r\n-- \u00a0 \u00a0 \u00a0 Rely on Bz2 shared libraries where relevant\r\n-- \u00a0 ARROW_GFLAGS_USE_SHARED=ON [default=ON]\r\n-- \u00a0 \u00a0 \u00a0 Rely on GFlags shared libraries where relevant\r\n-- \u00a0 ARROW_GRPC_USE_SHARED=ON [default=ON]\r\n-- \u00a0 \u00a0 \u00a0 Rely on gRPC shared libraries where relevant\r\n-- \u00a0 ARROW_JEMALLOC_USE_SHARED=ON [default=ON]\r\n-- \u00a0 \u00a0 \u00a0 Rely on jemalloc shared libraries where relevant\r\n-- \u00a0 ARROW_LZ4_USE_SHARED=ON [default=ON]\r\n-- \u00a0 \u00a0 \u00a0 Rely on lz4 shared libraries where relevant\r\n-- \u00a0 ARROW_OPENSSL_USE_SHARED=ON [default=ON]\r\n-- \u00a0 \u00a0 \u00a0 Rely on OpenSSL shared libraries where relevant\r\n-- \u00a0 ARROW_PROTOBUF_USE_SHARED=ON [default=ON]\r\n-- \u00a0 \u00a0 \u00a0 Rely on Protocol Buffers shared libraries where relevant\r\n-- \u00a0 ARROW_SNAPPY_USE_SHARED=ON [default=ON]\r\n-- \u00a0 \u00a0 \u00a0 Rely on snappy shared libraries where relevant\r\n-- \u00a0 ARROW_THRIFT_USE_SHARED=ON [default=ON]\r\n-- \u00a0 \u00a0 \u00a0 Rely on thrift shared libraries where relevant\r\n-- \u00a0 ARROW_UTF8PROC_USE_SHARED=ON [default=ON]\r\n-- \u00a0 \u00a0 \u00a0 Rely on utf8proc shared libraries where relevant\r\n-- \u00a0 ARROW_ZSTD_USE_SHARED=ON [default=ON]\r\n-- \u00a0 \u00a0 \u00a0 Rely on zstd shared libraries where relevant\r\n-- \u00a0 ARROW_USE_GLOG=OFF [default=OFF]\r\n-- \u00a0 \u00a0 \u00a0 Build libraries with glog support for pluggable logging\r\n-- \u00a0 ARROW_WITH_BACKTRACE=ON [default=ON]\r\n-- \u00a0 \u00a0 \u00a0 Build with backtrace support\r\n-- \u00a0 ARROW_WITH_OPENTELEMETRY=OFF [default=OFF]\r\n-- \u00a0 \u00a0 \u00a0 Build libraries with OpenTelemetry support for distributed tracing\r\n-- \u00a0 ARROW_WITH_BROTLI=OFF [default=OFF]\r\n-- \u00a0 \u00a0 \u00a0 Build with Brotli compression\r\n-- \u00a0 ARROW_WITH_BZ2=OFF [default=OFF]\r\n-- \u00a0 \u00a0 \u00a0 Build with BZ2 compression\r\n-- \u00a0 ARROW_WITH_LZ4=ON [default=OFF]\r\n-- \u00a0 \u00a0 \u00a0 Build with lz4 compression\r\n-- \u00a0 ARROW_WITH_SNAPPY=ON [default=OFF]\r\n-- \u00a0 \u00a0 \u00a0 Build with Snappy compression\r\n-- \u00a0 ARROW_WITH_ZLIB=OFF [default=OFF]\r\n-- \u00a0 \u00a0 \u00a0 Build with zlib compression\r\n-- \u00a0 ARROW_WITH_ZSTD=OFF [default=OFF]\r\n-- \u00a0 \u00a0 \u00a0 Build with zstd compression\r\n-- \u00a0 ARROW_WITH_UCX=OFF [default=OFF]\r\n-- \u00a0 \u00a0 \u00a0 Build with UCX transport for Arrow Flight\r\n-- \u00a0 \u00a0 \u00a0 (only used if ARROW_FLIGHT is ON)\r\n-- \u00a0 ARROW_WITH_UTF8PROC=ON [default=ON]\r\n-- \u00a0 \u00a0 \u00a0 Build with support for Unicode properties using the utf8proc library\r\n-- \u00a0 \u00a0 \u00a0 (only used if ARROW_COMPUTE is ON or ARROW_GANDIVA is ON)\r\n-- \u00a0 ARROW_WITH_RE2=ON [default=ON]\r\n-- \u00a0 \u00a0 \u00a0 Build with support for regular expressions using the re2 library\r\n-- \u00a0 \u00a0 \u00a0 (only used if ARROW_COMPUTE or ARROW_GANDIVA is ON)\r\n--\u00a0\r\n-- Parquet options:\r\n--\u00a0\r\n-- \u00a0 PARQUET_MINIMAL_DEPENDENCY=OFF [default=OFF]\r\n-- \u00a0 \u00a0 \u00a0 Depend only on Thirdparty headers to build libparquet.\r\n-- \u00a0 \u00a0 \u00a0 Always OFF if building binaries\r\n-- \u00a0 PARQUET_BUILD_EXECUTABLES=OFF [default=OFF]\r\n-- \u00a0 \u00a0 \u00a0 Build the Parquet executable CLI tools. Requires static libraries to be built.\r\n-- \u00a0 PARQUET_BUILD_EXAMPLES=OFF [default=OFF]\r\n-- \u00a0 \u00a0 \u00a0 Build the Parquet examples. Requires static libraries to be built.\r\n-- \u00a0 PARQUET_REQUIRE_ENCRYPTION=OFF [default=OFF]\r\n-- \u00a0 \u00a0 \u00a0 Build support for encryption. Fail if OpenSSL is not found\r\n--\u00a0\r\n-- Gandiva options:\r\n--\u00a0\r\n-- \u00a0 ARROW_GANDIVA_STATIC_LIBSTDCPP=OFF [default=OFF]\r\n-- \u00a0 \u00a0 \u00a0 Include -static-libstdc++ -static-libgcc when linking with\r\n-- \u00a0 \u00a0 \u00a0 Gandiva static libraries\r\n-- \u00a0 ARROW_GANDIVA_PC_CXX_FLAGS=\"\" [default=\"\"]\r\n-- \u00a0 \u00a0 \u00a0 Compiler flags to append when pre-compiling Gandiva operations\r\n--\u00a0\r\n-- Advanced developer options:\r\n--\u00a0\r\n-- \u00a0 ARROW_EXTRA_ERROR_CONTEXT=OFF [default=OFF]\r\n-- \u00a0 \u00a0 \u00a0 Compile with extra error context (line numbers, code)\r\n-- \u00a0 ARROW_OPTIONAL_INSTALL=OFF [default=OFF]\r\n-- \u00a0 \u00a0 \u00a0 If enabled install ONLY targets that have already been built. Please be\r\n-- \u00a0 \u00a0 \u00a0 advised that if this is enabled 'install' will fail silently on components\r\n-- \u00a0 \u00a0 \u00a0 that have not been built\r\n-- \u00a0 Outputting build configuration summary to /tmp/RtmpRnb6XO/file4484b64e7cde3/cmake_summary.json\r\n-- Configuring done\r\n-- Generating done\r\n-- Build files have been written to: /tmp/RtmpRnb6XO/file4484b64e7cde3\r\n+ /tmp/RtmpRnb6XO/file4484b4c7f3eba/cmake-3.21.4-linux-x86_64/bin/cmake --build . --target install -- -j 16\r\n[ \u00a00%] Creating directories for 'thrift_ep'\r\n[ \u00a00%] Creating directories for 'snappy_ep'\r\n[ \u00a00%] Creating directories for 'rapidjson_ep'\r\n[ \u00a00%] Creating directories for 'mimalloc_ep'\r\n[ \u00a00%] Creating directories for 'xsimd_ep'\r\n[ \u00a00%] Creating directories for 'lz4_ep'\r\n[ \u00a01%] Creating directories for 're2_ep'\r\n[ \u00a02%] Creating directories for 'utf8proc_ep'\r\n[ \u00a02%] Performing download step (download, verify and extract) for 'snappy_ep'\r\n[ \u00a02%] Performing download step (download, verify and extract) for 'rapidjson_ep'\r\n[ \u00a03%] Performing download step (download, verify and extract) for 'thrift_ep'\r\n[ \u00a04%] Performing download step (download, verify and extract) for 'mimalloc_ep'\r\n[ \u00a04%] Performing download step (download, verify and extract) for 'xsimd_ep'\r\n[ \u00a04%] Performing download step (download, verify and extract) for 're2_ep'\r\n[ \u00a04%] Performing download step (download, verify and extract) for 'lz4_ep'\r\n[ \u00a04%] Performing download step (download, verify and extract) for 'utf8proc_ep'\r\n-- Downloading...\r\n\u00a0 \u00a0dst='/tmp/RtmpRnb6XO/file4484b64e7cde3/mimalloc_ep-prefix/src/v2.0.6.tar.gz'\r\n\u00a0 \u00a0timeout='none'\r\n\u00a0 \u00a0inactivity timeout='none'\r\n-- Using src='https://github.com/microsoft/mimalloc/archive/v2.0.6.tar.gz'\r\n-- [download 1% complete]\r\n-- [download 4% complete]\r\n-- [download 8% complete]\r\n-- utf8proc_ep download command succeeded. \u00a0See also /tmp/RtmpRnb6XO/file4484b64e7cde3/utf8proc_ep-prefix/src/utf8proc_ep-stamp/utf8proc_ep-download-*.log\r\n[ \u00a04%] No update step for 'utf8proc_ep'\r\n-- [download 18% complete]\r\n-- xsimd_ep download command succeeded. \u00a0See also /tmp/RtmpRnb6XO/file4484b64e7cde3/src/xsimd_ep-stamp/xsimd_ep-download-*.log\r\n[ \u00a04%] No patch step for 'utf8proc_ep'\r\n[ \u00a05%] No update step for 'xsimd_ep'\r\n-- [download 19% complete]\r\n-- [download 31% complete]\r\n-- [download 38% complete]\r\n[ \u00a06%] Performing configure step for 'utf8proc_ep'\r\n[ \u00a06%] No patch step for 'xsimd_ep'\r\n-- [download 39% complete]\r\n[ \u00a06%] Performing configure step for 'xsimd_ep'\r\n-- [download 52% complete]\r\n-- [download 64% complete]\r\n-- [download 76% complete]\r\n-- [download 78% complete]\r\n-- [download 79% complete]\r\n-- [download 92% complete]\r\n-- [download 100% complete]\r\n-- verifying file...\r\n\u00a0 \u00a0 \u00a0 \u00a0file='/tmp/RtmpRnb6XO/file4484b64e7cde3/mimalloc_ep-prefix/src/v2.0.6.tar.gz'\r\n-- re2_ep download command succeeded. \u00a0See also /tmp/RtmpRnb6XO/file4484b64e7cde3/re2_ep-prefix/src/re2_ep-stamp/re2_ep-download-*.log\r\n-- Downloading... done\r\n[ \u00a06%] No update step for 're2_ep'\r\n-- extracting...\r\n\u00a0 \u00a0 \u00a0src='/tmp/RtmpRnb6XO/file4484b64e7cde3/mimalloc_ep-prefix/src/v2.0.6.tar.gz'\r\n\u00a0 \u00a0 \u00a0dst='/tmp/RtmpRnb6XO/file4484b64e7cde3/mimalloc_ep-prefix/src/mimalloc_ep'\r\n-- extracting... [tar xfz]\r\n[ \u00a06%] No patch step for 're2_ep'\r\n-- lz4_ep download command succeeded. \u00a0See also /tmp/RtmpRnb6XO/file4484b64e7cde3/lz4_ep-prefix/src/lz4_ep-stamp/lz4_ep-download-*.log\r\n[ \u00a06%] Performing configure step for 're2_ep'\r\n[ \u00a06%] No update step for 'lz4_ep'\r\n[ \u00a06%] No patch step for 'lz4_ep'\r\n-- snappy_ep download command succeeded. \u00a0See also /tmp/RtmpRnb6XO/file4484b64e7cde3/snappy_ep-prefix/src/snappy_ep-stamp/snappy_ep-download-*.log\r\n[ \u00a06%] Performing configure step for 'lz4_ep'\r\n[ \u00a07%] No update step for 'snappy_ep'\r\n-- extracting... [analysis]\r\n-- extracting... [rename]\r\n-- extracting... [clean up]\r\n-- extracting... done\r\n[ \u00a07%] No patch step for 'snappy_ep'\r\n[ \u00a08%] No update step for 'mimalloc_ep'\r\n[ \u00a08%] Performing configure step for 'snappy_ep'\r\n[ \u00a08%] No patch step for 'mimalloc_ep'\r\n[ \u00a08%] Performing configure step for 'mimalloc_ep'\r\n-- The C compiler identification is GNU 6.3.0\r\n-- utf8proc_ep configure command succeeded. \u00a0See also /tmp/RtmpRnb6XO/file4484b64e7cde3/utf8proc_ep-prefix/src/utf8proc_ep-stamp/utf8proc_ep-configure-*.log\r\n[ \u00a08%] Performing build step for 'utf8proc_ep'\r\n-- rapidjson_ep download command succeeded. \u00a0See also /tmp/RtmpRnb6XO/file4484b64e7cde3/src/rapidjson_ep-stamp/rapidjson_ep-download-*.log\r\n[ \u00a08%] No update step for 'rapidjson_ep'\r\n[ \u00a09%] No patch step for 'rapidjson_ep'\r\n-- The CXX compiler identification is GNU 6.3.0\r\n[ 10%] Performing configure step for 'rapidjson_ep'\r\n-- Detecting C compiler ABI info\r\n-- Detecting C compiler ABI info - done\r\n-- Check for working C compiler: /usr/bin/gcc - skipped\r\n-- Detecting C compile features\r\n-- Detecting C compile features - done\r\n-- Detecting CXX compiler ABI info\r\n-- xsimd_ep configure command succeeded. \u00a0See also /tmp/RtmpRnb6XO/file4484b64e7cde3/src/xsimd_ep-stamp/xsimd_ep-configure-*.log\r\n[ 11%] Performing build step for 'xsimd_ep'\r\n-- xsimd_ep build command succeeded. \u00a0See also /tmp/RtmpRnb6XO/file4484b64e7cde3/src/xsimd_ep-stamp/xsimd_ep-build-*.log\r\n[ 12%] Performing install step for 'xsimd_ep'\r\n-- Detecting CXX compiler ABI info - done\r\n-- xsimd_ep install command succeeded. \u00a0See also /tmp/RtmpRnb6XO/file4484b64e7cde3/src/xsimd_ep-stamp/xsimd_ep-install-*.log\r\n[ 12%] Completed 'xsimd_ep'\r\n-- Check for working CXX compiler: /usr/bin/g++ - skipped\r\n-- Detecting CXX compile features\r\n-- Detecting CXX compile features - done\r\n--\u00a0\r\n[ 12%] Built target xsimd_ep\r\n--\u00a0\r\n-- Library base name: mimalloc\r\n-- Version \u00a0 \u00a0 \u00a0 \u00a0 \u00a0: 2.0\r\n-- Build type \u00a0 \u00a0 \u00a0 : release\r\n-- C Compiler \u00a0 \u00a0 \u00a0 : /usr/bin/gcc\r\n-- Compiler flags \u00a0 : -Wall;-Wextra;-Wno-unknown-pragmas;-fvisibility=hidden;-Wstrict-prototypes;-ftls-model=local-dynamic\r\n-- Compiler defines :\u00a0\r\n-- Link libraries \u00a0 : /usr/lib/x86_64-linux-gnu/libpthread.so;/usr/lib/x86_64-linux-gnu/librt.so\r\n-- Build targets \u00a0 \u00a0: static\r\n--\u00a0\r\n-- Configuring done\r\n-- Generating done\r\nCMake Warning:\r\n\u00a0 Manually-specified variables were not used by the project:\u00a0 \u00a0 CMAKE_EXPORT_NO_PACKAGE_REGISTRY\r\n\u00a0 \u00a0 CMAKE_FIND_PACKAGE_NO_PACKAGE_REGISTRY\r\n-- Build files have been written to: /tmp/RtmpRnb6XO/file4484b64e7cde3/mimalloc_ep-prefix/src/mimalloc_ep-build\r\n[ 12%] Performing build step for 'mimalloc_ep'\r\n-- rapidjson_ep configure command succeeded. \u00a0See also /tmp/RtmpRnb6XO/file4484b64e7cde3/src/rapidjson_ep-stamp/rapidjson_ep-configure-*.log\r\n[ 12%] Performing build step for 'rapidjson_ep'\r\n[ \u00a06%] Building C object CMakeFiles/mimalloc-static.dir/src/stats.c.o\r\n[ 13%] Building C object CMakeFiles/mimalloc-static.dir/src/random.c.o\r\n[ 20%] Building C object CMakeFiles/mimalloc-static.dir/src/os.c.o\r\n[ 26%] Building C object CMakeFiles/mimalloc-static.dir/src/arena.c.o\r\n[ 33%] Building C object CMakeFiles/mimalloc-static.dir/src/bitmap.c.o\r\n[ 46%] Building C object CMakeFiles/mimalloc-static.dir/src/segment-cache.c.o\r\n[ 46%] Building C object CMakeFiles/mimalloc-static.dir/src/segment.c.o\r\n[ 53%] Building C object CMakeFiles/mimalloc-static.dir/src/alloc.c.o\r\n[ 60%] Building C object CMakeFiles/mimalloc-static.dir/src/page.c.o\r\n[ 66%] Building C object CMakeFiles/mimalloc-static.dir/src/alloc-aligned.c.o\r\n-- rapidjson_ep build command succeeded. \u00a0See also /tmp/RtmpRnb6XO/file4484b64e7cde3/src/rapidjson_ep-stamp/rapidjson_ep-build-*.log\r\n[ 12%] Performing install step for 'rapidjson_ep'\r\n-- rapidjson_ep install command succeeded. \u00a0See also /tmp/RtmpRnb6XO/file4484b64e7cde3/src/rapidjson_ep-stamp/rapidjson_ep-install-*.log\r\n[ 12%] Completed 'rapidjson_ep'\r\n[ 12%] Built target rapidjson_ep\r\n[ 73%] Building C object CMakeFiles/mimalloc-static.dir/src/alloc-posix.c.o\r\n[ 80%] Building C object CMakeFiles/mimalloc-static.dir/src/heap.c.o\r\n[ 86%] Building C object CMakeFiles/mimalloc-static.dir/src/options.c.o\r\n[ 93%] Building C object CMakeFiles/mimalloc-static.dir/src/init.c.o\r\n-- re2_ep configure command succeeded. \u00a0See also /tmp/RtmpRnb6XO/file4484b64e7cde3/re2_ep-prefix/src/re2_ep-stamp/re2_ep-configure-*.log\r\n[ 13%] Performing build step for 're2_ep'\r\n-- utf8proc_ep build command succeeded. \u00a0See also /tmp/RtmpRnb6XO/file4484b64e7cde3/utf8proc_ep-prefix/src/utf8proc_ep-stamp/utf8proc_ep-build-*.log\r\n[ 13%] Performing install step for 'utf8proc_ep'\r\n-- utf8proc_ep install command succeeded. \u00a0See also /tmp/RtmpRnb6XO/file4484b64e7cde3/utf8proc_ep-prefix/src/utf8proc_ep-stamp/utf8proc_ep-install-*.log\r\n[ 13%] Completed 'utf8proc_ep'\r\n[ 13%] Built target utf8proc_ep\r\n-- lz4_ep configure command succeeded. \u00a0See also /tmp/RtmpRnb6XO/file4484b64e7cde3/lz4_ep-prefix/src/lz4_ep-stamp/lz4_ep-configure-*.log\r\n[ 14%] Performing build step for 'lz4_ep'\r\n[100%] Linking C static library libmimalloc.a\r\n[100%] Built target mimalloc-static\r\n[ 14%] Performing install step for 'mimalloc_ep'\r\nConsolidate compiler generated dependencies of target mimalloc-static\r\n[100%] Built target mimalloc-static\r\nInstall the project...\r\n-- Install configuration: \"RELEASE\"\r\n-- Installing: /tmp/RtmpRnb6XO/file4484b64e7cde3/mimalloc_ep/src/mimalloc_ep/lib/mimalloc-2.0/libmimalloc.a\r\n-- Installing: /tmp/RtmpRnb6XO/file4484b64e7cde3/mimalloc_ep/src/mimalloc_ep/lib/cmake/mimalloc-2.0/mimalloc.cmake\r\n-- Installing: /tmp/RtmpRnb6XO/file4484b64e7cde3/mimalloc_ep/src/mimalloc_ep/lib/cmake/mimalloc-2.0/mimalloc-release.cmake\r\n-- Installing: /tmp/RtmpRnb6XO/file4484b64e7cde3/mimalloc_ep/src/mimalloc_ep/include/mimalloc-2.0/mimalloc.h\r\n-- Installing: /tmp/RtmpRnb6XO/file4484b64e7cde3/mimalloc_ep/src/mimalloc_ep/include/mimalloc-2.0/mimalloc-override.h\r\n-- Installing: /tmp/RtmpRnb6XO/file4484b64e7cde3/mimalloc_ep/src/mimalloc_ep/include/mimalloc-2.0/mimalloc-new-delete.h\r\n-- Installing: /tmp/RtmpRnb6XO/file4484b64e7cde3/mimalloc_ep/src/mimalloc_ep/lib/cmake/mimalloc-2.0/mimalloc-config.cmake\r\n-- Installing: /tmp/RtmpRnb6XO/file4484b64e7cde3/mimalloc_ep/src/mimalloc_ep/lib/cmake/mimalloc-2.0/mimalloc-config-version.cmake\r\n[ 15%] Completed 'mimalloc_ep'\r\n[ 15%] Built target mimalloc_ep\r\n-- thrift_ep download command succeeded. \u00a0See also /tmp/RtmpRnb6XO/file4484b64e7cde3/thrift_ep-prefix/src/thrift_ep-stamp/thrift_ep-download-*.log\r\n[ 15%] No update step for 'thrift_ep'\r\n[ 16%] No patch step for 'thrift_ep'\r\n[ 16%] Performing configure step for 'thrift_ep'\r\n-- snappy_ep configure command succeeded. \u00a0See also /tmp/RtmpRnb6XO/file4484b64e7cde3/snappy_ep-prefix/src/snappy_ep-stamp/snappy_ep-configure-*.log\r\n[ 16%] Performing build step for 'snappy_ep'\r\n-- snappy_ep build command succeeded. \u00a0See also /tmp/RtmpRnb6XO/file4484b64e7cde3/snappy_ep-prefix/src/snappy_ep-stamp/snappy_ep-build-*.log\r\n[ 17%] Performing install step for 'snappy_ep'\r\n-- snappy_ep install command succeeded. \u00a0See also /tmp/RtmpRnb6XO/file4484b64e7cde3/snappy_ep-prefix/src/snappy_ep-stamp/snappy_ep-install-*.log\r\n[ 18%] Completed 'snappy_ep'\r\n[ 18%] Built target snappy_ep\r\n-- lz4_ep build command succeeded. \u00a0See also /tmp/RtmpRnb6XO/file4484b64e7cde3/lz4_ep-prefix/src/lz4_ep-stamp/lz4_ep-build-*.log\r\n[ 19%] Performing install step for 'lz4_ep'\r\n-- lz4_ep install command succeeded. \u00a0See also /tmp/RtmpRnb6XO/file4484b64e7cde3/lz4_ep-prefix/src/lz4_ep-stamp/lz4_ep-install-*.log\r\n[ 19%] Completed 'lz4_ep'\r\n[ 19%] Built target lz4_ep\r\n-- thrift_ep configure command succeeded. \u00a0See also /tmp/RtmpRnb6XO/file4484b64e7cde3/thrift_ep-prefix/src/thrift_ep-stamp/thrift_ep-configure-*.log\r\n[ 19%] Performing build step for 'thrift_ep'\r\n-- thrift_ep build command succeeded. \u00a0See also /tmp/RtmpRnb6XO/file4484b64e7cde3/thrift_ep-prefix/src/thrift_ep-stamp/thrift_ep-build-*.log\r\n[ 19%] Performing install step for 'thrift_ep'\r\n-- thrift_ep install command succeeded. \u00a0See also /tmp/RtmpRnb6XO/file4484b64e7cde3/thrift_ep-prefix/src/thrift_ep-stamp/thrift_ep-install-*.log\r\n[ 19%] Completed 'thrift_ep'\r\n[ 19%] Built target thrift_ep\r\n-- re2_ep build command succeeded. \u00a0See also /tmp/RtmpRnb6XO/file4484b64e7cde3/re2_ep-prefix/src/re2_ep-stamp/re2_ep-build-*.log\r\n[ 19%] Performing install step for 're2_ep'\r\n-- re2_ep install command succeeded. \u00a0See also /tmp/RtmpRnb6XO/file4484b64e7cde3/re2_ep-prefix/src/re2_ep-stamp/re2_ep-install-*.log\r\n[ 19%] Completed 're2_ep'\r\n[ 19%] Built target re2_ep\r\n[ 19%] Built target toolchain\r\n[ 19%] Bundling /tmp/RtmpRnb6XO/file4484b64e7cde3/release/libarrow_bundled_dependencies.a\r\n[ 19%] Built target arrow_dependencies\r\n[ 19%] Built target arrow_bundled_dependencies_merge\r\n[ 19%] Building CXX object src/arrow/CMakeFiles/arrow_objlib.dir/array/array_base.cc.o\r\n[ 19%] Building CXX object src/arrow/CMakeFiles/arrow_objlib.dir/array/array_binary.cc.o\r\n[ 19%] Building CXX object src/arrow/CMakeFiles/arrow_objlib.dir/array/array_decimal.cc.o\r\n[ 20%] Building CXX object src/arrow/CMakeFiles/arrow_objlib.dir/array/array_nested.cc.o\r\n[ 20%] Building CXX object src/arrow/CMakeFiles/arrow_objlib.dir/array/array_dict.cc.o\r\n[ 20%] Building CXX object src/arrow/CMakeFiles/arrow_objlib.dir/array/array_primitive.cc.o\r\n[ 21%] Building CXX object src/arrow/CMakeFiles/arrow_objlib.dir/array/builder_adaptive.cc.o\r\n[ 21%] Building CXX object src/arrow/CMakeFiles/arrow_objlib.dir/array/builder_base.cc.o\r\n[ 21%] Building CXX object src/arrow/CMakeFiles/arrow_objlib.dir/array/builder_binary.cc.o\r\n[ 21%] Building CXX object src/arrow/CMakeFiles/arrow_objlib.dir/array/builder_decimal.cc.o\r\n[ 22%] Building CXX object src/arrow/CMakeFiles/arrow_objlib.dir/array/builder_dict.cc.o\r\n[ 22%] Building CXX object src/arrow/CMakeFiles/arrow_objlib.dir/array/builder_nested.cc.o\r\n[ 22%] Building CXX object src/arrow/CMakeFiles/arrow_objlib.dir/array/builder_primitive.cc.o\r\n[ 23%] Building CXX object src/arrow/CMakeFiles/arrow_objlib.dir/array/builder_union.cc.o\r\n[ 23%] Building CXX object src/arrow/CMakeFiles/arrow_objlib.dir/array/concatenate.cc.o\r\n[ 23%] Building CXX object src/arrow/CMakeFiles/arrow_objlib.dir/array/data.cc.o\r\nIn file included from /tmp/RtmpppnJl6/R.INSTALL448006afb2688/arrow/tools/cpp/src/arrow/array/array_binary.cc:18:0\r\n/tmp/RtmpppnJl6/R.INSTALL448006afb2688/arrow/tools/cpp/src/arrow/array/array_binary.h:26:23:fatal error: g_view: No such file or directory\r\n\u00a0#include <string_view>\r\n\u00a0 \u00a0 \u00a0 \u00a0 \u00a0 \u00a0 \u00a0 \u00a0 \u00a0 \u00a0 \u00a0 \u00a0^\r\ncompilation terminated.\r\nIn file included from /tmp/RtmpppnJl6/R.INSTALL448006afb2688/arrow/tools/cpp/src/arrow/array/array_decimal.h:24:0\r\n\u00a0 \u00a0 \u00a0 \u00a0 \u00a0 \u00a0 \u00a0 \u00a0 \u00a0from /tmp/RtmpppnJl6/R.INSTALL448006afb2688/arrow/tools/cpp/src/arrow/array/array_decimal.cc:18\r\n/tmp/RtmpppnJl6/R.INSTALL448006afb2688/arrow/tools/cpp/src/arrow/array/array_binary.h:26:23:fatal error: g_view: No such file or directory\r\n\u00a0#include <string_view>\r\n\u00a0 \u00a0 \u00a0 \u00a0 \u00a0 \u00a0 \u00a0 \u00a0 \u00a0 \u00a0 \u00a0 \u00a0^\r\ncompilation terminated.\r\nsrc/arrow/CMakeFiles/arrow_objlib.dir/build.make:89: recipe for target 'src/arrow/CMakeFiles/arrow_objlib.dir/array/array_binary.cc.o' failed\r\nmake[2]: *** [src/arrow/CMakeFiles/arrow_objlib.dir/array/array_binary.cc.o] Error 1\r\nmake[2]: *** Waiting for unfinished jobs....\r\nsrc/arrow/CMakeFiles/arrow_objlib.dir/build.make:103: recipe for target 'src/arrow/CMakeFiles/arrow_objlib.dir/array/array_decimal.cc.o' failed\r\nmake[2]: *** [src/arrow/CMakeFiles/arrow_objlib.dir/array/array_decimal.cc.o] Error 1\r\nIn file included from /tmp/RtmpppnJl6/R.INSTALL448006afb2688/arrow/tools/cpp/src/arrow/array/array_decimal.h:24:0\r\n\u00a0 \u00a0 \u00a0 \u00a0 \u00a0 \u00a0 \u00a0 \u00a0 \u00a0from /tmp/RtmpppnJl6/R.INSTALL448006afb2688/arrow/tools/cpp/src/arrow/array/builder_decimal.h:22\r\n\u00a0 \u00a0 \u00a0 \u00a0 \u00a0 \u00a0 \u00a0 \u00a0 \u00a0from /tmp/RtmpppnJl6/R.INSTALL448006afb2688/arrow/tools/cpp/src/arrow/array/builder_decimal.cc:18\r\n/tmp/RtmpppnJl6/R.INSTALL448006afb2688/arrow/tools/cpp/src/arrow/array/array_binary.h:26:23:fatal error: g_view: No such file or directory\r\n\u00a0#include <string_view>\r\n\u00a0 \u00a0 \u00a0 \u00a0 \u00a0 \u00a0 \u00a0 \u00a0 \u00a0 \u00a0 \u00a0 \u00a0^\r\ncompilation terminated.\r\nsrc/arrow/CMakeFiles/arrow_objlib.dir/build.make:201: recipe for target 'src/arrow/CMakeFiles/arrow_objlib.dir/array/builder_decimal.cc.o' failed\r\nmake[2]: *** [src/arrow/CMakeFiles/arrow_objlib.dir/array/builder_decimal.cc.o] Error 1\r\nIn file included from /tmp/RtmpppnJl6/R.INSTALL448006afb2688/arrow/tools/cpp/src/arrow/array/data.h:26:0\r\n\u00a0 \u00a0 \u00a0 \u00a0 \u00a0 \u00a0 \u00a0 \u00a0 \u00a0from /tmp/RtmpppnJl6/R.INSTALL448006afb2688/arrow/tools/cpp/src/arrow/array/array_base.h:26\r\n\u00a0 \u00a0 \u00a0 \u00a0 \u00a0 \u00a0 \u00a0 \u00a0 \u00a0from /tmp/RtmpppnJl6/R.INSTALL448006afb2688/arrow/tools/cpp/src/arrow/array/array_nested.h:29\r\n\u00a0 \u00a0 \u00a0 \u00a0 \u00a0 \u00a0 \u00a0 \u00a0 \u00a0from /tmp/RtmpppnJl6/R.INSTALL448006afb2688/arrow/tools/cpp/src/arrow/array/array_nested.cc:18\r\n/tmp/RtmpppnJl6/R.INSTALL448006afb2688/arrow/tools/cpp/src/arrow/buffer.h:24:23:fatal error: g_view: No such file or directory\r\n\u00a0#include <string_view>\r\n\u00a0 \u00a0 \u00a0 \u00a0 \u00a0 \u00a0 \u00a0 \u00a0 \u00a0 \u00a0 \u00a0 \u00a0^\r\ncompilation terminated.\r\nIn file included from /tmp/RtmpppnJl6/R.INSTALL448006afb2688/arrow/tools/cpp/src/arrow/array/builder_binary.cc:18:0\r\n/tmp/RtmpppnJl6/R.INSTALL448006afb2688/arrow/tools/cpp/src/arrow/array/builder_binary.h:28:23:fatal error: g_view: No such file or directory\r\n\u00a0#include <string_view>\r\n\u00a0 \u00a0 \u00a0 \u00a0 \u00a0 \u00a0 \u00a0 \u00a0 \u00a0 \u00a0 \u00a0 \u00a0^\r\ncompilation terminated.\r\nIn file included from /tmp/RtmpppnJl6/R.INSTALL448006afb2688/arrow/tools/cpp/src/arrow/array/data.h:26:0\r\n\u00a0 \u00a0 \u00a0 \u00a0 \u00a0 \u00a0 \u00a0 \u00a0 \u00a0from /tmp/RtmpppnJl6/R.INSTALL448006afb2688/arrow/tools/cpp/src/arrow/array/array_base.h:26\r\n\u00a0 \u00a0 \u00a0 \u00a0 \u00a0 \u00a0 \u00a0 \u00a0 \u00a0from /tmp/RtmpppnJl6/R.INSTALL448006afb2688/arrow/tools/cpp/src/arrow/array/array_base.cc:18\r\n/tmp/RtmpppnJl6/R.INSTALL448006afb2688/arrow/tools/cpp/src/arrow/buffer.h:24:23:fatal error: string_view: No such file or directory\r\n\u00a0#include <string_view>\r\n\u00a0 \u00a0 \u00a0 \u00a0 \u00a0 \u00a0 \u00a0 \u00a0 \u00a0 \u00a0 \u00a0 \u00a0^\r\ncompilation terminated.\r\nsrc/arrow/CMakeFiles/arrow_objlib.dir/build.make:131: recipe for target 'src/arrow/CMakeFiles/arrow_objlib.dir/array/array_nested.cc.o' failed\r\nmake[2]: *** [src/arrow/CMakeFiles/arrow_objlib.dir/array/array_nested.cc.o] Error 1\r\nsrc/arrow/CMakeFiles/arrow_objlib.dir/build.make:187: recipe for target 'src/arrow/CMakeFiles/arrow_objlib.dir/array/builder_binary.cc.o' failed\r\nmake[2]: *** [src/arrow/CMakeFiles/arrow_objlib.dir/array/builder_binary.cc.o] Error 1\r\nmake[2]: *** [src/arrow/CMakeFiles/arrow_objlib.dir/array/array_base.cc.o] Error 1\r\nsrc/arrow/CMakeFiles/arrow_objlib.dir/build.make:75: recipe for target 'src/arrow/CMakeFiles/arrow_objlib.dir/array/array_base.cc.o' failed\r\nIn file included from /tmp/RtmpppnJl6/R.INSTALL448006afb2688/arrow/tools/cpp/src/arrow/array/data.h:26:0\r\n\u00a0 \u00a0 \u00a0 \u00a0 \u00a0 \u00a0 \u00a0 \u00a0 \u00a0from /tmp/RtmpppnJl6/R.INSTALL448006afb2688/arrow/tools/cpp/src/arrow/array/array_base.h:26\r\n\u00a0 \u00a0 \u00a0 \u00a0 \u00a0 \u00a0 \u00a0 \u00a0 \u00a0from /tmp/RtmpppnJl6/R.INSTALL448006afb2688/arrow/tools/cpp/src/arrow/array/array_primitive.h:26\r\n\u00a0 \u00a0 \u00a0 \u00a0 \u00a0 \u00a0 \u00a0 \u00a0 \u00a0from /tmp/RtmpppnJl6/R.INSTALL448006afb2688/arrow/tools/cpp/src/arrow/array/array_primitive.cc:18\r\n/tmp/RtmpppnJl6/R.INSTALL448006afb2688/arrow/tools/cpp/src/arrow/buffer.h:24:23:fatal error: g_view: No such file or directory\r\n\u00a0#include <string_view>\r\n\u00a0 \u00a0 \u00a0 \u00a0 \u00a0 \u00a0 \u00a0 \u00a0 \u00a0 \u00a0 \u00a0 \u00a0^\r\ncompilation terminated.\r\nsrc/arrow/CMakeFiles/arrow_objlib.dir/build.make:145: recipe for target 'src/arrow/CMakeFiles/arrow_objlib.dir/array/array_primitive.cc.o' failed\r\nmake[2]: *** [src/arrow/CMakeFiles/arrow_objlib.dir/array/array_primitive.cc.o] Error 1\r\nIn file included from /tmp/RtmpppnJl6/R.INSTALL448006afb2688/arrow/tools/cpp/src/arrow/array/data.h:26:0\r\n\u00a0 \u00a0 \u00a0 \u00a0 \u00a0 \u00a0 \u00a0 \u00a0 \u00a0from /tmp/RtmpppnJl6/R.INSTALL448006afb2688/arrow/tools/cpp/src/arrow/array/array_base.h:26\r\n\u00a0 \u00a0 \u00a0 \u00a0 \u00a0 \u00a0 \u00a0 \u00a0 \u00a0from /tmp/RtmpppnJl6/R.INSTALL448006afb2688/arrow/tools/cpp/src/arrow/array/array_nested.h:29\r\n\u00a0 \u00a0 \u00a0 \u00a0 \u00a0 \u00a0 \u00a0 \u00a0 \u00a0from /tmp/RtmpppnJl6/R.INSTALL448006afb2688/arrow/tools/cpp/src/arrow/array/builder_nested.h:26\r\n\u00a0 \u00a0 \u00a0 \u00a0 \u00a0 \u00a0 \u00a0 \u00a0 \u00a0from /tmp/RtmpppnJl6/R.INSTALL448006afb2688/arrow/tools/cpp/src/arrow/array/builder_nested.cc:18\r\n/tmp/RtmpppnJl6/R.INSTALL448006afb2688/arrow/tools/cpp/src/arrow/buffer.h:24:23:fatal error: g_view: No such file or directory\r\n\u00a0#include <string_view>\r\n\u00a0 \u00a0 \u00a0 \u00a0 \u00a0 \u00a0 \u00a0 \u00a0 \u00a0 \u00a0 \u00a0 \u00a0^\r\ncompilation terminated.\r\nIn file included from /tmp/RtmpppnJl6/R.INSTALL448006afb2688/arrow/tools/cpp/src/arrow/array/data.h:26:0\r\n\u00a0 \u00a0 \u00a0 \u00a0 \u00a0 \u00a0 \u00a0 \u00a0 \u00a0from /tmp/RtmpppnJl6/R.INSTALL448006afb2688/arrow/tools/cpp/src/arrow/array/array_base.h:26\r\n\u00a0 \u00a0 \u00a0 \u00a0 \u00a0 \u00a0 \u00a0 \u00a0 \u00a0from /tmp/RtmpppnJl6/R.INSTALL448006afb2688/arrow/tools/cpp/src/arrow/array/array_nested.h:29\r\n\u00a0 \u00a0 \u00a0 \u00a0 \u00a0 \u00a0 \u00a0 \u00a0 \u00a0from /tmp/RtmpppnJl6/R.INSTALL448006afb2688/arrow/tools/cpp/src/arrow/array/builder_union.h:25\r\n\u00a0 \u00a0 \u00a0 \u00a0 \u00a0 \u00a0 \u00a0 \u00a0 \u00a0from /tmp/RtmpppnJl6/R.INSTALL448006afb2688/arrow/tools/cpp/src/arrow/array/builder_union.cc:18\r\n/tmp/RtmpppnJl6/R.INSTALL448006afb2688/arrow/tools/cpp/src/arrow/buffer.h:24:23:fatal error: g_view: No such file or directory\r\n\u00a0#include <string_view>\r\n\u00a0 \u00a0 \u00a0 \u00a0 \u00a0 \u00a0 \u00a0 \u00a0 \u00a0 \u00a0 \u00a0 \u00a0^\r\ncompilation terminated.\r\nIn file included from /tmp/RtmpppnJl6/R.INSTALL448006afb2688/arrow/tools/cpp/src/arrow/array/data.h:26:0\r\n\u00a0 \u00a0 \u00a0 \u00a0 \u00a0 \u00a0 \u00a0 \u00a0 \u00a0from /tmp/RtmpppnJl6/R.INSTALL448006afb2688/arrow/tools/cpp/src/arrow/array/array_base.h:26\r\n\u00a0 \u00a0 \u00a0 \u00a0 \u00a0 \u00a0 \u00a0 \u00a0 \u00a0from /tmp/RtmpppnJl6/R.INSTALL448006afb2688/arrow/tools/cpp/src/arrow/array/builder_base.h:27\r\n\u00a0 \u00a0 \u00a0 \u00a0 \u00a0 \u00a0 \u00a0 \u00a0 \u00a0from /tmp/RtmpppnJl6/R.INSTALL448006afb2688/arrow/tools/cpp/src/arrow/array/builder_base.cc:18\r\n/tmp/RtmpppnJl6/R.INSTALL448006afb2688/arrow/tools/cpp/src/arrow/buffer.h:24:23:fatal error: g_view: No such file or directory\r\n\u00a0#include <string_view>\r\n\u00a0 \u00a0 \u00a0 \u00a0 \u00a0 \u00a0 \u00a0 \u00a0 \u00a0 \u00a0 \u00a0 \u00a0^\r\ncompilation terminated.\r\nIn file included from /tmp/RtmpppnJl6/R.INSTALL448006afb2688/arrow/tools/cpp/src/arrow/array/data.h:26:0\r\n\u00a0 \u00a0 \u00a0 \u00a0 \u00a0 \u00a0 \u00a0 \u00a0 \u00a0from /tmp/RtmpppnJl6/R.INSTALL448006afb2688/arrow/tools/cpp/src/arrow/array/array_base.h:26\r\n\u00a0 \u00a0 \u00a0 \u00a0 \u00a0 \u00a0 \u00a0 \u00a0 \u00a0from /tmp/RtmpppnJl6/R.INSTALL448006afb2688/arrow/tools/cpp/src/arrow/array/array_dict.h:23\r\n\u00a0 \u00a0 \u00a0 \u00a0 \u00a0 \u00a0 \u00a0 \u00a0 \u00a0from /tmp/RtmpppnJl6/R.INSTALL448006afb2688/arrow/tools/cpp/src/arrow/array/array_dict.cc:18\r\n/tmp/RtmpppnJl6/R.INSTALL448006afb2688/arrow/tools/cpp/src/arrow/buffer.h:24:23:fatal error: g_view: No such file or directory\r\n\u00a0#include <string_view>\r\n\u00a0 \u00a0 \u00a0 \u00a0 \u00a0 \u00a0 \u00a0 \u00a0 \u00a0 \u00a0 \u00a0 \u00a0^\r\ncompilation terminated.\r\nIn file included from /tmp/RtmpppnJl6/R.INSTALL448006afb2688/arrow/tools/cpp/src/arrow/array/data.h:26:0\r\n\u00a0 \u00a0 \u00a0 \u00a0 \u00a0 \u00a0 \u00a0 \u00a0 \u00a0from /tmp/RtmpppnJl6/R.INSTALL448006afb2688/arrow/tools/cpp/src/arrow/array/data.cc:18\r\n/tmp/RtmpppnJl6/R.INSTALL448006afb2688/arrow/tools/cpp/src/arrow/buffer.h:24:23:fatal error: g_view: No such file or directory\r\n\u00a0#include <string_view>\r\n\u00a0 \u00a0 \u00a0 \u00a0 \u00a0 \u00a0 \u00a0 \u00a0 \u00a0 \u00a0 \u00a0 \u00a0^\r\ncompilation terminated.\r\nIn file included from /tmp/RtmpppnJl6/R.INSTALL448006afb2688/arrow/tools/cpp/src/arrow/array/data.h:26:0\r\n\u00a0 \u00a0 \u00a0 \u00a0 \u00a0 \u00a0 \u00a0 \u00a0 \u00a0from /tmp/RtmpppnJl6/R.INSTALL448006afb2688/arrow/tools/cpp/src/arrow/array/array_base.h:26\r\n\u00a0 \u00a0 \u00a0 \u00a0 \u00a0 \u00a0 \u00a0 \u00a0 \u00a0from /tmp/RtmpppnJl6/R.INSTALL448006afb2688/arrow/tools/cpp/src/arrow/array/builder_dict.h:25\r\n\u00a0 \u00a0 \u00a0 \u00a0 \u00a0 \u00a0 \u00a0 \u00a0 \u00a0from /tmp/RtmpppnJl6/R.INSTALL448006afb2688/arrow/tools/cpp/src/arrow/array/builder_dict.cc:18\r\n/tmp/RtmpppnJl6/R.INSTALL448006afb2688/arrow/tools/cpp/src/arrow/buffer.h:24:23:fatal error: g_view: No such file or directory\r\n\u00a0#include <string_view>\r\n\u00a0 \u00a0 \u00a0 \u00a0 \u00a0 \u00a0 \u00a0 \u00a0 \u00a0 \u00a0 \u00a0 \u00a0^\r\ncompilation terminated.\r\nsrc/arrow/CMakeFiles/arrow_objlib.dir/build.make:229: recipe for target 'src/arrow/CMakeFiles/arrow_objlib.dir/array/builder_nested.cc.o' failed\r\nmake[2]: *** [src/arrow/CMakeFiles/arrow_objlib.dir/array/builder_nested.cc.o] Error 1\r\nsrc/arrow/CMakeFiles/arrow_objlib.dir/build.make:173: recipe for target 'src/arrow/CMakeFiles/arrow_objlib.dir/array/builder_base.cc.o' failed\r\nmake[2]: *** [src/arrow/CMakeFiles/arrow_objlib.dir/array/builder_base.cc.o] Error 1\r\nsrc/arrow/CMakeFiles/arrow_objlib.dir/build.make:117: recipe for target 'src/arrow/CMakeFiles/arrow_objlib.dir/array/array_dict.cc.o' failed\r\nsrc/arrow/CMakeFiles/arrow_objlib.dir/build.make:257: recipe for target 'src/arrow/CMakeFiles/arrow_objlib.dir/array/builder_union.cc.o' failed\r\nmake[2]: *** [src/arrow/CMakeFiles/arrow_objlib.dir/array/array_dict.cc.o] Error 1\r\nmake[2]: *** [src/arrow/CMakeFiles/arrow_objlib.dir/array/builder_union.cc.o] Error 1\r\nIn file included from /tmp/RtmpppnJl6/R.INSTALL448006afb2688/arrow/tools/cpp/src/arrow/array/data.h:26:0\r\n\u00a0 \u00a0 \u00a0 \u00a0 \u00a0 \u00a0 \u00a0 \u00a0 \u00a0from /tmp/RtmpppnJl6/R.INSTALL448006afb2688/arrow/tools/cpp/src/arrow/array/array_base.h:26\r\n\u00a0 \u00a0 \u00a0 \u00a0 \u00a0 \u00a0 \u00a0 \u00a0 \u00a0from /tmp/RtmpppnJl6/R.INSTALL448006afb2688/arrow/tools/cpp/src/arrow/array/builder_base.h:27\r\n\u00a0 \u00a0 \u00a0 \u00a0 \u00a0 \u00a0 \u00a0 \u00a0 \u00a0from /tmp/RtmpppnJl6/R.INSTALL448006afb2688/arrow/tools/cpp/src/arrow/array/builder_primitive.h:24\r\n\u00a0 \u00a0 \u00a0 \u00a0 \u00a0 \u00a0 \u00a0 \u00a0 \u00a0from /tmp/RtmpppnJl6/R.INSTALL448006afb2688/arrow/tools/cpp/src/arrow/array/builder_primitive.cc:18\r\n/tmp/RtmpppnJl6/R.INSTALL448006afb2688/arrow/tools/cpp/src/arrow/buffer.h:24:23:fatal error: g_view: No such file or directory\r\n\u00a0#include <string_view>\r\n\u00a0 \u00a0 \u00a0 \u00a0 \u00a0 \u00a0 \u00a0 \u00a0 \u00a0 \u00a0 \u00a0 \u00a0^\r\ncompilation terminated.\r\nsrc/arrow/CMakeFiles/arrow_objlib.dir/build.make:285: recipe for target 'src/arrow/CMakeFiles/arrow_objlib.dir/array/data.cc.o' failed\r\nsrc/arrow/CMakeFiles/arrow_objlib.dir/build.make:215: recipe for target 'src/arrow/CMakeFiles/arrow_objlib.dir/array/builder_dict.cc.o' failed\r\nmake[2]: *** [src/arrow/CMakeFiles/arrow_objlib.dir/array/data.cc.o] Error 1\r\nmake[2]: *** [src/arrow/CMakeFiles/arrow_objlib.dir/array/builder_dict.cc.o] Error 1\r\nsrc/arrow/CMakeFiles/arrow_objlib.dir/build.make:243: recipe for target 'src/arrow/CMakeFiles/arrow_objlib.dir/array/builder_primitive.cc.o' failed\r\nmake[2]: *** [src/arrow/CMakeFiles/arrow_objlib.dir/array/builder_primitive.cc.o] Error 1\r\nIn file included from /tmp/RtmpppnJl6/R.INSTALL448006afb2688/arrow/tools/cpp/src/arrow/array/data.h:26:0\r\n\u00a0 \u00a0 \u00a0 \u00a0 \u00a0 \u00a0 \u00a0 \u00a0 \u00a0from /tmp/RtmpppnJl6/R.INSTALL448006afb2688/arrow/tools/cpp/src/arrow/array/array_base.h:26\r\n\u00a0 \u00a0 \u00a0 \u00a0 \u00a0 \u00a0 \u00a0 \u00a0 \u00a0from /tmp/RtmpppnJl6/R.INSTALL448006afb2688/arrow/tools/cpp/src/arrow/array/builder_base.h:27\r\n\u00a0 \u00a0 \u00a0 \u00a0 \u00a0 \u00a0 \u00a0 \u00a0 \u00a0from /tmp/RtmpppnJl6/R.INSTALL448006afb2688/arrow/tools/cpp/src/arrow/array/builder_adaptive.h:25,\r\n\u00a0 \u00a0 \u00a0 \u00a0 \u00a0 \u00a0 \u00a0 \u00a0 \u00a0from /tmp/RtmpppnJl6/R.INSTALL448006afb2688/arrow/tools/cpp/src/arrow/array/builder_adaptive.cc:18\r\n/tmp/RtmpppnJl6/R.INSTALL448006afb2688/arrow/tools/cpp/src/arrow/buffer.h:24:23:fatal error: g_view: No such file or directory\r\n\u00a0#include <string_view>\r\n\u00a0 \u00a0 \u00a0 \u00a0 \u00a0 \u00a0 \u00a0 \u00a0 \u00a0 \u00a0 \u00a0 \u00a0^\r\ncompilation terminated.\r\nsrc/arrow/CMakeFiles/arrow_objlib.dir/build.make:159: recipe for target 'src/arrow/CMakeFiles/arrow_objlib.dir/array/builder_adaptive.cc.o' failed\r\nmake[2]: *** [src/arrow/CMakeFiles/arrow_objlib.dir/array/builder_adaptive.cc.o] Error 1\r\nIn file included from /tmp/RtmpppnJl6/R.INSTALL448006afb2688/arrow/tools/cpp/src/arrow/array/data.h:26:0\r\n\u00a0 \u00a0 \u00a0 \u00a0 \u00a0 \u00a0 \u00a0 \u00a0 \u00a0from /tmp/RtmpppnJl6/R.INSTALL448006afb2688/arrow/tools/cpp/src/arrow/array/array_base.h:26\r\n\u00a0 \u00a0 \u00a0 \u00a0 \u00a0 \u00a0 \u00a0 \u00a0 \u00a0from /tmp/RtmpppnJl6/R.INSTALL448006afb2688/arrow/tools/cpp/src/arrow/array.h:37\r\n\u00a0 \u00a0 \u00a0 \u00a0 \u00a0 \u00a0 \u00a0 \u00a0 \u00a0from /tmp/RtmpppnJl6/R.INSTALL448006afb2688/arrow/tools/cpp/src/arrow/array/concatenate.cc:28\r\n/tmp/RtmpppnJl6/R.INSTALL448006afb2688/arrow/tools/cpp/src/arrow/buffer.h:24:23:fatal error: g_view: No such file or directory\r\n\u00a0#include <string_view>\r\n\u00a0 \u00a0 \u00a0 \u00a0 \u00a0 \u00a0 \u00a0 \u00a0 \u00a0 \u00a0 \u00a0 \u00a0^\r\ncompilation terminated.\r\nsrc/arrow/CMakeFiles/arrow_objlib.dir/build.make:271: recipe for target 'src/arrow/CMakeFiles/arrow_objlib.dir/array/concatenate.cc.o' failed\r\nmake[2]: *** [src/arrow/CMakeFiles/arrow_objlib.dir/array/concatenate.cc.o] Error 1\r\nmake[1]: *** [src/arrow/CMakeFiles/arrow_objlib.dir/all] Error 2\r\nCMakeFiles/Makefile2:1275: recipe for target 'src/arrow/CMakeFiles/arrow_objlib.dir/all' failed\r\nMakefile:145: recipe for target 'all' failed\r\nmake: *** [all] Error 2\r\n**** Error building Arrow C++. \u00a0\r\n------------------------- NOTE ---------------------------\r\nThere was an issue preparing the Arrow C++ libraries.\r\nSee https://arrow.apache.org/docs/r/articles/install.html\r\n---------------------------------------------------------\r\nERROR: configuration failed for package \u2018arrow\u2019\r\n* removing \u2018/var/lib/rstudio-server/local/site-library/arrow\u2019\r\nWarning in install.packages :\r\n\u00a0 installation of package \u2018arrow\u2019 had non-zero exit statusThe downloaded source packages are in\r\n\u00a0 \u00a0 \u2018/tmp/RtmpSON7Wv/downloaded_packages\u2019{code}\r\nThank you for the help in advance!",
        "customfield_10010": null,
        "timetracking": {},
        "customfield_12314523": null,
        "customfield_12314127": null,
        "customfield_12314522": null,
        "customfield_12314126": null,
        "customfield_12314521": null,
        "customfield_12314125": null,
        "customfield_12314520": null,
        "customfield_12314124": null,
        "attachment": [],
        "customfield_12312340": null,
        "customfield_12314123": null,
        "customfield_12312341": null,
        "customfield_12312220": null,
        "customfield_12314122": null,
        "customfield_12314121": null,
        "customfield_12314120": null,
        "customfield_12314129": null,
        "customfield_12314524": null,
        "customfield_12314128": null,
        "summary": "[R] Unable to install R's arrow on RStudio",
        "customfield_12314130": null,
        "customfield_12310291": null,
        "customfield_12310290": null,
        "customfield_12314138": null,
        "customfield_12314137": null,
        "environment": null,
        "customfield_12314136": null,
        "customfield_12314135": null,
        "customfield_12311020": null,
        "customfield_12314134": null,
        "duedate": null,
        "customfield_12314132": null,
        "customfield_12314131": null,
        "comment": {
            "comments": [
                {
                    "self": "https://issues.apache.org/jira/rest/api/2/issue/13499132/comment/17633834",
                    "id": "17633834",
                    "author": {
                        "self": "https://issues.apache.org/jira/rest/api/2/user?username=paleolimbot",
                        "name": "paleolimbot",
                        "key": "paleolimbot",
                        "avatarUrls": {
                            "48x48": "https://issues.apache.org/jira/secure/useravatar?ownerId=paleolimbot&avatarId=47795",
                            "24x24": "https://issues.apache.org/jira/secure/useravatar?size=small&ownerId=paleolimbot&avatarId=47795",
                            "16x16": "https://issues.apache.org/jira/secure/useravatar?size=xsmall&ownerId=paleolimbot&avatarId=47795",
                            "32x32": "https://issues.apache.org/jira/secure/useravatar?size=medium&ownerId=paleolimbot&avatarId=47795"
                        },
                        "displayName": "Dewey Dunnington",
                        "active": true,
                        "timeZone": "America/Halifax"
                    },
                    "body": "Thanks for reporting! You wouldn't happen to be on CentOS7, would you? We recently moved to C++17, for which there isn't support on the default compiler for that platform.",
                    "updateAuthor": {
                        "self": "https://issues.apache.org/jira/rest/api/2/user?username=paleolimbot",
                        "name": "paleolimbot",
                        "key": "paleolimbot",
                        "avatarUrls": {
                            "48x48": "https://issues.apache.org/jira/secure/useravatar?ownerId=paleolimbot&avatarId=47795",
                            "24x24": "https://issues.apache.org/jira/secure/useravatar?size=small&ownerId=paleolimbot&avatarId=47795",
                            "16x16": "https://issues.apache.org/jira/secure/useravatar?size=xsmall&ownerId=paleolimbot&avatarId=47795",
                            "32x32": "https://issues.apache.org/jira/secure/useravatar?size=medium&ownerId=paleolimbot&avatarId=47795"
                        },
                        "displayName": "Dewey Dunnington",
                        "active": true,
                        "timeZone": "America/Halifax"
                    },
                    "created": "2022-11-14T14:33:48.088+0000",
                    "updated": "2022-11-14T14:33:48.088+0000"
                },
                {
                    "self": "https://issues.apache.org/jira/rest/api/2/issue/13499132/comment/17633958",
                    "id": "17633958",
                    "author": {
                        "self": "https://issues.apache.org/jira/rest/api/2/user?username=Sweetnam",
                        "name": "Sweetnam",
                        "key": "JIRAUSER298155",
                        "avatarUrls": {
                            "48x48": "https://issues.apache.org/jira/secure/useravatar?avatarId=10452",
                            "24x24": "https://issues.apache.org/jira/secure/useravatar?size=small&avatarId=10452",
                            "16x16": "https://issues.apache.org/jira/secure/useravatar?size=xsmall&avatarId=10452",
                            "32x32": "https://issues.apache.org/jira/secure/useravatar?size=medium&avatarId=10452"
                        },
                        "displayName": "Connor",
                        "active": true,
                        "timeZone": "America/Los_Angeles"
                    },
                    "body": "We are not, we are running Debian:\u00a0\r\n{code:java}\r\nDistributor ID: Debian\r\nDescription: \u00a0 \u00a0Debian GNU/Linux 9.13 (stretch)\r\nRelease: \u00a0 \u00a0 \u00a0 \u00a09.13\r\nCodename: \u00a0 \u00a0 \u00a0 stretch {code}",
                    "updateAuthor": {
                        "self": "https://issues.apache.org/jira/rest/api/2/user?username=Sweetnam",
                        "name": "Sweetnam",
                        "key": "JIRAUSER298155",
                        "avatarUrls": {
                            "48x48": "https://issues.apache.org/jira/secure/useravatar?avatarId=10452",
                            "24x24": "https://issues.apache.org/jira/secure/useravatar?size=small&avatarId=10452",
                            "16x16": "https://issues.apache.org/jira/secure/useravatar?size=xsmall&avatarId=10452",
                            "32x32": "https://issues.apache.org/jira/secure/useravatar?size=medium&avatarId=10452"
                        },
                        "displayName": "Connor",
                        "active": true,
                        "timeZone": "America/Los_Angeles"
                    },
                    "created": "2022-11-14T17:26:36.745+0000",
                    "updated": "2022-11-14T17:26:36.745+0000"
                },
                {
                    "self": "https://issues.apache.org/jira/rest/api/2/issue/13499132/comment/17633984",
                    "id": "17633984",
                    "author": {
                        "self": "https://issues.apache.org/jira/rest/api/2/user?username=npr",
                        "name": "npr",
                        "key": "npr",
                        "avatarUrls": {
                            "48x48": "https://issues.apache.org/jira/secure/useravatar?avatarId=34045",
                            "24x24": "https://issues.apache.org/jira/secure/useravatar?size=small&avatarId=34045",
                            "16x16": "https://issues.apache.org/jira/secure/useravatar?size=xsmall&avatarId=34045",
                            "32x32": "https://issues.apache.org/jira/secure/useravatar?size=medium&avatarId=34045"
                        },
                        "displayName": "Neal Richardson",
                        "active": true,
                        "timeZone": "America/Los_Angeles"
                    },
                    "body": "It's the same issue, your compiler (gcc 6.3) is apparently too old. string_view is part of C++17. [~apitrou] would it be worth having cmake test for the existence of string_view and/or other features and erroring informatively if they're not available, just to make it clear what the issue is in circumstances like these?\r\n\r\nA workaround is to install a newer compiler. https://arrow.apache.org/docs/r/articles/install.html#compilers describes how to do this on CentOS 7; you'd want something similar. \r\n\r\nIncidentally, Debian stretch is EOL and is no longer receiving security updates: https://www.debian.org/releases/stretch/ If you are able to upgrade, it would be a good idea. ",
                    "updateAuthor": {
                        "self": "https://issues.apache.org/jira/rest/api/2/user?username=npr",
                        "name": "npr",
                        "key": "npr",
                        "avatarUrls": {
                            "48x48": "https://issues.apache.org/jira/secure/useravatar?avatarId=34045",
                            "24x24": "https://issues.apache.org/jira/secure/useravatar?size=small&avatarId=34045",
                            "16x16": "https://issues.apache.org/jira/secure/useravatar?size=xsmall&avatarId=34045",
                            "32x32": "https://issues.apache.org/jira/secure/useravatar?size=medium&avatarId=34045"
                        },
                        "displayName": "Neal Richardson",
                        "active": true,
                        "timeZone": "America/Los_Angeles"
                    },
                    "created": "2022-11-14T18:11:56.826+0000",
                    "updated": "2022-11-14T18:11:56.826+0000"
                },
                {
                    "self": "https://issues.apache.org/jira/rest/api/2/issue/13499132/comment/17633993",
                    "id": "17633993",
                    "author": {
                        "self": "https://issues.apache.org/jira/rest/api/2/user?username=Sweetnam",
                        "name": "Sweetnam",
                        "key": "JIRAUSER298155",
                        "avatarUrls": {
                            "48x48": "https://issues.apache.org/jira/secure/useravatar?avatarId=10452",
                            "24x24": "https://issues.apache.org/jira/secure/useravatar?size=small&avatarId=10452",
                            "16x16": "https://issues.apache.org/jira/secure/useravatar?size=xsmall&avatarId=10452",
                            "32x32": "https://issues.apache.org/jira/secure/useravatar?size=medium&avatarId=10452"
                        },
                        "displayName": "Connor",
                        "active": true,
                        "timeZone": "America/Los_Angeles"
                    },
                    "body": "Ah thank you for that explanation and suggestion, I'll work with the internal team's at my company to get both of those updated.\u00a0",
                    "updateAuthor": {
                        "self": "https://issues.apache.org/jira/rest/api/2/user?username=Sweetnam",
                        "name": "Sweetnam",
                        "key": "JIRAUSER298155",
                        "avatarUrls": {
                            "48x48": "https://issues.apache.org/jira/secure/useravatar?avatarId=10452",
                            "24x24": "https://issues.apache.org/jira/secure/useravatar?size=small&avatarId=10452",
                            "16x16": "https://issues.apache.org/jira/secure/useravatar?size=xsmall&avatarId=10452",
                            "32x32": "https://issues.apache.org/jira/secure/useravatar?size=medium&avatarId=10452"
                        },
                        "displayName": "Connor",
                        "active": true,
                        "timeZone": "America/Los_Angeles"
                    },
                    "created": "2022-11-14T18:34:32.310+0000",
                    "updated": "2022-11-14T18:34:32.310+0000"
                },
                {
                    "self": "https://issues.apache.org/jira/rest/api/2/issue/13499132/comment/17634432",
                    "id": "17634432",
                    "author": {
                        "self": "https://issues.apache.org/jira/rest/api/2/user?username=apitrou",
                        "name": "apitrou",
                        "key": "pitrou",
                        "avatarUrls": {
                            "48x48": "https://issues.apache.org/jira/secure/useravatar?ownerId=pitrou&avatarId=35049",
                            "24x24": "https://issues.apache.org/jira/secure/useravatar?size=small&ownerId=pitrou&avatarId=35049",
                            "16x16": "https://issues.apache.org/jira/secure/useravatar?size=xsmall&ownerId=pitrou&avatarId=35049",
                            "32x32": "https://issues.apache.org/jira/secure/useravatar?size=medium&ownerId=pitrou&avatarId=35049"
                        },
                        "displayName": "Antoine Pitrou",
                        "active": true,
                        "timeZone": "Europe/Paris"
                    },
                    "body": "Ideally this CMake configuration ensures that C++17 is selected. I don't know why it doesn't complain explicitly if the compiler is too old:\r\nhttps://github.com/apache/arrow/blob/3b852e49fec85b57545c6edc6c66d3da93de2c06/cpp/cmake_modules/SetupCxxFlags.cmake#L125-L130",
                    "updateAuthor": {
                        "self": "https://issues.apache.org/jira/rest/api/2/user?username=apitrou",
                        "name": "apitrou",
                        "key": "pitrou",
                        "avatarUrls": {
                            "48x48": "https://issues.apache.org/jira/secure/useravatar?ownerId=pitrou&avatarId=35049",
                            "24x24": "https://issues.apache.org/jira/secure/useravatar?size=small&ownerId=pitrou&avatarId=35049",
                            "16x16": "https://issues.apache.org/jira/secure/useravatar?size=xsmall&ownerId=pitrou&avatarId=35049",
                            "32x32": "https://issues.apache.org/jira/secure/useravatar?size=medium&ownerId=pitrou&avatarId=35049"
                        },
                        "displayName": "Antoine Pitrou",
                        "active": true,
                        "timeZone": "Europe/Paris"
                    },
                    "created": "2022-11-15T16:21:51.072+0000",
                    "updated": "2022-11-15T16:21:51.072+0000"
                },
                {
                    "self": "https://issues.apache.org/jira/rest/api/2/issue/13499132/comment/17634433",
                    "id": "17634433",
                    "author": {
                        "self": "https://issues.apache.org/jira/rest/api/2/user?username=apitrou",
                        "name": "apitrou",
                        "key": "pitrou",
                        "avatarUrls": {
                            "48x48": "https://issues.apache.org/jira/secure/useravatar?ownerId=pitrou&avatarId=35049",
                            "24x24": "https://issues.apache.org/jira/secure/useravatar?size=small&ownerId=pitrou&avatarId=35049",
                            "16x16": "https://issues.apache.org/jira/secure/useravatar?size=xsmall&ownerId=pitrou&avatarId=35049",
                            "32x32": "https://issues.apache.org/jira/secure/useravatar?size=medium&ownerId=pitrou&avatarId=35049"
                        },
                        "displayName": "Antoine Pitrou",
                        "active": true,
                        "timeZone": "Europe/Paris"
                    },
                    "body": "Ah, but I see gcc has started adding C++17 features in gcc 5, so gcc 6.3 might accept setting the C\\+\\+ standard version to C\\+\\+17. It just won't have all the required features (neither will libstdc\\+\\+).",
                    "updateAuthor": {
                        "self": "https://issues.apache.org/jira/rest/api/2/user?username=apitrou",
                        "name": "apitrou",
                        "key": "pitrou",
                        "avatarUrls": {
                            "48x48": "https://issues.apache.org/jira/secure/useravatar?ownerId=pitrou&avatarId=35049",
                            "24x24": "https://issues.apache.org/jira/secure/useravatar?size=small&ownerId=pitrou&avatarId=35049",
                            "16x16": "https://issues.apache.org/jira/secure/useravatar?size=xsmall&ownerId=pitrou&avatarId=35049",
                            "32x32": "https://issues.apache.org/jira/secure/useravatar?size=medium&ownerId=pitrou&avatarId=35049"
                        },
                        "displayName": "Antoine Pitrou",
                        "active": true,
                        "timeZone": "Europe/Paris"
                    },
                    "created": "2022-11-15T16:23:53.608+0000",
                    "updated": "2022-11-15T16:24:11.412+0000"
                }
            ],
            "maxResults": 6,
            "total": 6,
            "startAt": 0
        },
        "customfield_12311820": "0|z1bkbc:",
        "customfield_12314139": null
    }
}