{
    "expand": "operations,versionedRepresentations,editmeta,changelog,renderedFields",
    "id": "13381641",
    "self": "https://issues.apache.org/jira/rest/api/2/issue/13381641",
    "key": "ARROW-12934",
    "fields": {
        "fixVersions": [],
        "resolution": null,
        "customfield_12312322": null,
        "customfield_12312323": null,
        "customfield_12312320": null,
        "customfield_12310420": "9223372036854775807",
        "customfield_12312321": null,
        "customfield_12312328": null,
        "customfield_12312329": null,
        "customfield_12312326": null,
        "customfield_12310300": null,
        "customfield_12312327": null,
        "customfield_12312324": null,
        "customfield_12312720": null,
        "customfield_12312325": null,
        "lastViewed": null,
        "priority": {
            "self": "https://issues.apache.org/jira/rest/api/2/priority/3",
            "iconUrl": "https://issues.apache.org/jira/images/icons/priorities/major.svg",
            "name": "Major",
            "id": "3"
        },
        "labels": [],
        "customfield_12312333": null,
        "customfield_12312334": null,
        "customfield_12313422": "false",
        "customfield_12310310": "0.0",
        "customfield_12312331": null,
        "customfield_12312332": null,
        "aggregatetimeoriginalestimate": null,
        "timeestimate": null,
        "customfield_12312330": null,
        "versions": [],
        "customfield_12311120": null,
        "customfield_12313826": null,
        "customfield_12312339": null,
        "issuelinks": [],
        "customfield_12313825": null,
        "assignee": null,
        "customfield_12312337": null,
        "customfield_12313823": null,
        "customfield_12312338": null,
        "customfield_12311920": null,
        "customfield_12313822": null,
        "customfield_12312335": null,
        "customfield_12313821": null,
        "customfield_12312336": null,
        "customfield_12313820": null,
        "status": {
            "self": "https://issues.apache.org/jira/rest/api/2/status/1",
            "description": "The issue is open and ready for the assignee to start work on it.",
            "iconUrl": "https://issues.apache.org/jira/images/icons/statuses/open.png",
            "name": "Open",
            "id": "1",
            "statusCategory": {
                "self": "https://issues.apache.org/jira/rest/api/2/statuscategory/2",
                "id": 2,
                "key": "new",
                "colorName": "blue-gray",
                "name": "To Do"
            }
        },
        "components": [
            {
                "self": "https://issues.apache.org/jira/rest/api/2/component/12328936",
                "id": "12328936",
                "name": "Python"
            }
        ],
        "customfield_12312026": null,
        "customfield_12312023": null,
        "customfield_12312024": null,
        "aggregatetimeestimate": null,
        "customfield_12312022": null,
        "customfield_12310921": null,
        "customfield_12310920": "9223372036854775807",
        "customfield_12312823": null,
        "creator": {
            "self": "https://issues.apache.org/jira/rest/api/2/user?username=buhtz",
            "name": "buhtz",
            "key": "buhtz",
            "avatarUrls": {
                "48x48": "https://issues.apache.org/jira/secure/useravatar?avatarId=10452",
                "24x24": "https://issues.apache.org/jira/secure/useravatar?size=small&avatarId=10452",
                "16x16": "https://issues.apache.org/jira/secure/useravatar?size=xsmall&avatarId=10452",
                "32x32": "https://issues.apache.org/jira/secure/useravatar?size=medium&avatarId=10452"
            },
            "displayName": "Christian Buhtz",
            "active": true,
            "timeZone": "Etc/UTC"
        },
        "subtasks": [],
        "reporter": {
            "self": "https://issues.apache.org/jira/rest/api/2/user?username=buhtz",
            "name": "buhtz",
            "key": "buhtz",
            "avatarUrls": {
                "48x48": "https://issues.apache.org/jira/secure/useravatar?avatarId=10452",
                "24x24": "https://issues.apache.org/jira/secure/useravatar?size=small&avatarId=10452",
                "16x16": "https://issues.apache.org/jira/secure/useravatar?size=xsmall&avatarId=10452",
                "32x32": "https://issues.apache.org/jira/secure/useravatar?size=medium&avatarId=10452"
            },
            "displayName": "Christian Buhtz",
            "active": true,
            "timeZone": "Etc/UTC"
        },
        "aggregateprogress": {
            "progress": 0,
            "total": 0
        },
        "customfield_12313520": null,
        "customfield_12310250": null,
        "progress": {
            "progress": 0,
            "total": 0
        },
        "customfield_12313924": null,
        "votes": {
            "self": "https://issues.apache.org/jira/rest/api/2/issue/ARROW-12934/votes",
            "votes": 0,
            "hasVoted": false
        },
        "worklog": {
            "startAt": 0,
            "maxResults": 20,
            "total": 0,
            "worklogs": []
        },
        "customfield_12313920": null,
        "issuetype": {
            "self": "https://issues.apache.org/jira/rest/api/2/issuetype/1",
            "id": "1",
            "description": "A problem which impairs or prevents the functions of the product.",
            "iconUrl": "https://issues.apache.org/jira/secure/viewavatar?size=xsmall&avatarId=21133&avatarType=issuetype",
            "name": "Bug",
            "subtask": false,
            "avatarId": 21133
        },
        "timespent": null,
        "customfield_12314020": "{summaryBean=com.atlassian.jira.plugin.devstatus.rest.SummaryBean@67e1d3ce[summary={pullrequest=com.atlassian.jira.plugin.devstatus.rest.SummaryItemBean@392c332e[overall=PullRequestOverallBean{stateCount=0, state='OPEN', details=PullRequestOverallDetails{openCount=0, mergedCount=0, declinedCount=0}},byInstanceType={}], build=com.atlassian.jira.plugin.devstatus.rest.SummaryItemBean@3e82e53b[overall=com.atlassian.jira.plugin.devstatus.summary.beans.BuildOverallBean@666f0486[failedBuildCount=0,successfulBuildCount=0,unknownBuildCount=0,count=0,lastUpdated=<null>,lastUpdatedTimestamp=<null>],byInstanceType={}], review=com.atlassian.jira.plugin.devstatus.rest.SummaryItemBean@310e537b[overall=com.atlassian.jira.plugin.devstatus.summary.beans.ReviewsOverallBean@47715f7d[stateCount=0,state=<null>,dueDate=<null>,overDue=false,count=0,lastUpdated=<null>,lastUpdatedTimestamp=<null>],byInstanceType={}], deployment-environment=com.atlassian.jira.plugin.devstatus.rest.SummaryItemBean@6e73c195[overall=com.atlassian.jira.plugin.devstatus.summary.beans.DeploymentOverallBean@70a6a3e9[topEnvironments=[],showProjects=false,successfulCount=0,count=0,lastUpdated=<null>,lastUpdatedTimestamp=<null>],byInstanceType={}], repository=com.atlassian.jira.plugin.devstatus.rest.SummaryItemBean@33f0b30d[overall=com.atlassian.jira.plugin.devstatus.summary.beans.CommitOverallBean@7eb798b9[count=0,lastUpdated=<null>,lastUpdatedTimestamp=<null>],byInstanceType={}], branch=com.atlassian.jira.plugin.devstatus.rest.SummaryItemBean@eb88193[overall=com.atlassian.jira.plugin.devstatus.summary.beans.BranchOverallBean@4b44d246[count=0,lastUpdated=<null>,lastUpdatedTimestamp=<null>],byInstanceType={}]},errors=[],configErrors=[]], devSummaryJson={\"cachedValue\":{\"errors\":[],\"configErrors\":[],\"summary\":{\"pullrequest\":{\"overall\":{\"count\":0,\"lastUpdated\":null,\"stateCount\":0,\"state\":\"OPEN\",\"details\":{\"openCount\":0,\"mergedCount\":0,\"declinedCount\":0,\"total\":0},\"open\":true},\"byInstanceType\":{}},\"build\":{\"overall\":{\"count\":0,\"lastUpdated\":null,\"failedBuildCount\":0,\"successfulBuildCount\":0,\"unknownBuildCount\":0},\"byInstanceType\":{}},\"review\":{\"overall\":{\"count\":0,\"lastUpdated\":null,\"stateCount\":0,\"state\":null,\"dueDate\":null,\"overDue\":false,\"completed\":false},\"byInstanceType\":{}},\"deployment-environment\":{\"overall\":{\"count\":0,\"lastUpdated\":null,\"topEnvironments\":[],\"showProjects\":false,\"successfulCount\":0},\"byInstanceType\":{}},\"repository\":{\"overall\":{\"count\":0,\"lastUpdated\":null},\"byInstanceType\":{}},\"branch\":{\"overall\":{\"count\":0,\"lastUpdated\":null},\"byInstanceType\":{}}}},\"isStale\":false}}",
        "customfield_12314141": null,
        "customfield_12314140": null,
        "project": {
            "self": "https://issues.apache.org/jira/rest/api/2/project/12319525",
            "id": "12319525",
            "key": "ARROW",
            "name": "Apache Arrow",
            "projectTypeKey": "software",
            "avatarUrls": {
                "48x48": "https://issues.apache.org/jira/secure/projectavatar?pid=12319525&avatarId=10011",
                "24x24": "https://issues.apache.org/jira/secure/projectavatar?size=small&pid=12319525&avatarId=10011",
                "16x16": "https://issues.apache.org/jira/secure/projectavatar?size=xsmall&pid=12319525&avatarId=10011",
                "32x32": "https://issues.apache.org/jira/secure/projectavatar?size=medium&pid=12319525&avatarId=10011"
            },
            "projectCategory": {
                "self": "https://issues.apache.org/jira/rest/api/2/projectCategory/13960",
                "id": "13960",
                "description": "Apache Arrow",
                "name": "Arrow"
            }
        },
        "aggregatetimespent": null,
        "customfield_12312520": null,
        "customfield_12312521": "Wed Aug 04 09:26:31 UTC 2021",
        "customfield_12314422": null,
        "customfield_12314421": null,
        "customfield_12314146": null,
        "customfield_12314420": null,
        "customfield_12314145": null,
        "customfield_12314144": null,
        "customfield_12314143": null,
        "resolutiondate": null,
        "workratio": -1,
        "customfield_12312923": null,
        "customfield_12312920": null,
        "customfield_12312921": null,
        "watches": {
            "self": "https://issues.apache.org/jira/rest/api/2/issue/ARROW-12934/watchers",
            "watchCount": 3,
            "isWatching": false
        },
        "created": "2021-06-02T08:43:12.000+0000",
        "updated": "2021-12-16T16:38:27.000+0000",
        "timeoriginalestimate": null,
        "description": "I use Debian 10 (buster / stable) and Python3.\r\n\r\nI tried to install \"pyarrow\" Python-Package via pip3. I fixed some of the errors installing more things (e.g. cmake, etc).\r\n\r\nBut I can not solve this last error.\r\n\r\n\u00a0\r\n\r\n{{ This warning is for project developers. Use -Wno-dev to suppress it.}}\r\n \r\n{{ -- Found PkgConfig: /usr/bin/pkg-config (found version \"0.29\")}}\r\n{{ -- Could NOT find Arrow (missing: Arrow_DIR)}}\r\n{{ -- Checking for module 'arrow'}}\r\n{{ -- No package 'arrow' found}}\r\n{{ CMake Error at /usr/local/lib/python3.7/dist-packages/cmake/data/share/cmake-3.20/Modules/FindPackageHandleStandardArgs.cmake:230 (message):}}\r\n{{ Could NOT find Arrow (missing: ARROW_INCLUDE_DIR ARROW_LIB_DIR}}\r\n{{ ARROW_FULL_SO_VERSION ARROW_SO_VERSION)}}\r\n{{ Call Stack (most recent call first):}}\r\n{{ /usr/local/lib/python3.7/dist-packages/cmake/data/share/cmake-3.20/Modules/FindPackageHandleStandardArgs.cmake:594 (_FPHSA_FAILURE_MESSAGE)}}\r\n{{ cmake_modules/FindArrow.cmake:419 (find_package_handle_standard_args)}}\r\n{{ cmake_modules/FindArrowPython.cmake:46 (find_package)}}\r\n{{ CMakeLists.txt:218 (find_package)}}\r\n\r\n\u00a0\r\n\r\nI can do {{import arrow}} but not {{import pyarrow}} in a Python3.7.3. shell.\r\n\r\nWhat else can I do know? I am even not sure why I need pyarrow and what it is. ;) I think it is because I use the \"feather\" storage format with my pandas package. Correct?\r\n\r\n\u00a0\r\n\r\nHere is the full bash-output\r\n\r\n{{$ sudo pip3 install -U pyarrow}}\r\n{{Collecting pyarrow}}\r\n{{ Using cached https://files.pythonhosted.org/packages/7d/5d/87a22ad2210c6e53d5a87ea99fb1f503238775ab8c04189559e4eb0fd61f/pyarrow-4.0.1.tar.gz}}\r\n{{ Installing build dependencies ... done}}\r\n{{Requirement already satisfied, skipping upgrade: numpy>=1.16.6 in /usr/local/lib/python3.7/dist-packages (from pyarrow) (1.20.3)}}\r\n{{Building wheels for collected packages: pyarrow}}\r\n{{ Running setup.py bdist_wheel for pyarrow ... error}}\r\n{{ Complete output from command /usr/bin/python3 -u -c \"import setuptools, tokenize;__file__='/tmp/pip-install-bdhf_tmp/pyarrow/setup.py';f=getattr(tokenize, 'open', open)(__file__);code=f.read().replace('\\r\\n', '\\n');f.close();exec(compile(code, __file__, 'exec'))\" bdist_wheel -d /tmp/pip-wheel-i04y9cvm --python-tag cp37:}}\r\n{{ running bdist_wheel}}\r\n{{ running build}}\r\n{{ running build_py}}\r\n{{ creating build}}\r\n{{ creating build/lib.linux-x86_64-3.7}}\r\n{{ creating build/lib.linux-x86_64-3.7/pyarrow}}\r\n{{ copying pyarrow/util.py -> build/lib.linux-x86_64-3.7/pyarrow}}\r\n{{ copying pyarrow/types.py -> build/lib.linux-x86_64-3.7/pyarrow}}\r\n{{ copying pyarrow/serialization.py -> build/lib.linux-x86_64-3.7/pyarrow}}\r\n{{ copying pyarrow/plasma.py -> build/lib.linux-x86_64-3.7/pyarrow}}\r\n{{ copying pyarrow/parquet.py -> build/lib.linux-x86_64-3.7/pyarrow}}\r\n{{ copying pyarrow/pandas_compat.py -> build/lib.linux-x86_64-3.7/pyarrow}}\r\n{{ copying pyarrow/orc.py -> build/lib.linux-x86_64-3.7/pyarrow}}\r\n{{ copying pyarrow/jvm.py -> build/lib.linux-x86_64-3.7/pyarrow}}\r\n{{ copying pyarrow/json.py -> build/lib.linux-x86_64-3.7/pyarrow}}\r\n{{ copying pyarrow/ipc.py -> build/lib.linux-x86_64-3.7/pyarrow}}\r\n{{ copying pyarrow/hdfs.py -> build/lib.linux-x86_64-3.7/pyarrow}}\r\n{{ copying pyarrow/fs.py -> build/lib.linux-x86_64-3.7/pyarrow}}\r\n{{ copying pyarrow/flight.py -> build/lib.linux-x86_64-3.7/pyarrow}}\r\n{{ copying pyarrow/filesystem.py -> build/lib.linux-x86_64-3.7/pyarrow}}\r\n{{ copying pyarrow/feather.py -> build/lib.linux-x86_64-3.7/pyarrow}}\r\n{{ copying pyarrow/dataset.py -> build/lib.linux-x86_64-3.7/pyarrow}}\r\n{{ copying pyarrow/cuda.py -> build/lib.linux-x86_64-3.7/pyarrow}}\r\n{{ copying pyarrow/csv.py -> build/lib.linux-x86_64-3.7/pyarrow}}\r\n{{ copying pyarrow/compute.py -> build/lib.linux-x86_64-3.7/pyarrow}}\r\n{{ copying pyarrow/compat.py -> build/lib.linux-x86_64-3.7/pyarrow}}\r\n{{ copying pyarrow/cffi.py -> build/lib.linux-x86_64-3.7/pyarrow}}\r\n{{ copying pyarrow/benchmark.py -> build/lib.linux-x86_64-3.7/pyarrow}}\r\n{{ copying pyarrow/_generated_version.py -> build/lib.linux-x86_64-3.7/pyarrow}}\r\n{{ copying pyarrow/__init__.py -> build/lib.linux-x86_64-3.7/pyarrow}}\r\n{{ creating build/lib.linux-x86_64-3.7/pyarrow/tests}}\r\n{{ copying pyarrow/tests/util.py -> build/lib.linux-x86_64-3.7/pyarrow/tests}}\r\n{{ copying pyarrow/tests/test_types.py -> build/lib.linux-x86_64-3.7/pyarrow/tests}}\r\n{{ copying pyarrow/tests/test_tensor.py -> build/lib.linux-x86_64-3.7/pyarrow/tests}}\r\n{{ copying pyarrow/tests/test_table.py -> build/lib.linux-x86_64-3.7/pyarrow/tests}}\r\n{{ copying pyarrow/tests/test_strategies.py -> build/lib.linux-x86_64-3.7/pyarrow/tests}}\r\n{{ copying pyarrow/tests/test_sparse_tensor.py -> build/lib.linux-x86_64-3.7/pyarrow/tests}}\r\n{{ copying pyarrow/tests/test_serialization_deprecated.py -> build/lib.linux-x86_64-3.7/pyarrow/tests}}\r\n{{ copying pyarrow/tests/test_serialization.py -> build/lib.linux-x86_64-3.7/pyarrow/tests}}\r\n{{ copying pyarrow/tests/test_schema.py -> build/lib.linux-x86_64-3.7/pyarrow/tests}}\r\n{{ copying pyarrow/tests/test_scalars.py -> build/lib.linux-x86_64-3.7/pyarrow/tests}}\r\n{{ copying pyarrow/tests/test_plasma_tf_op.py -> build/lib.linux-x86_64-3.7/pyarrow/tests}}\r\n{{ copying pyarrow/tests/test_plasma.py -> build/lib.linux-x86_64-3.7/pyarrow/tests}}\r\n{{ copying pyarrow/tests/test_pandas.py -> build/lib.linux-x86_64-3.7/pyarrow/tests}}\r\n{{ copying pyarrow/tests/test_orc.py -> build/lib.linux-x86_64-3.7/pyarrow/tests}}\r\n{{ copying pyarrow/tests/test_misc.py -> build/lib.linux-x86_64-3.7/pyarrow/tests}}\r\n{{ copying pyarrow/tests/test_memory.py -> build/lib.linux-x86_64-3.7/pyarrow/tests}}\r\n{{ copying pyarrow/tests/test_jvm.py -> build/lib.linux-x86_64-3.7/pyarrow/tests}}\r\n{{ copying pyarrow/tests/test_json.py -> build/lib.linux-x86_64-3.7/pyarrow/tests}}\r\n{{ copying pyarrow/tests/test_ipc.py -> build/lib.linux-x86_64-3.7/pyarrow/tests}}\r\n{{ copying pyarrow/tests/test_io.py -> build/lib.linux-x86_64-3.7/pyarrow/tests}}\r\n{{ copying pyarrow/tests/test_hdfs.py -> build/lib.linux-x86_64-3.7/pyarrow/tests}}\r\n{{ copying pyarrow/tests/test_gandiva.py -> build/lib.linux-x86_64-3.7/pyarrow/tests}}\r\n{{ copying pyarrow/tests/test_fs.py -> build/lib.linux-x86_64-3.7/pyarrow/tests}}\r\n{{ copying pyarrow/tests/test_flight.py -> build/lib.linux-x86_64-3.7/pyarrow/tests}}\r\n{{ copying pyarrow/tests/test_filesystem.py -> build/lib.linux-x86_64-3.7/pyarrow/tests}}\r\n{{ copying pyarrow/tests/test_feather.py -> build/lib.linux-x86_64-3.7/pyarrow/tests}}\r\n{{ copying pyarrow/tests/test_extension_type.py -> build/lib.linux-x86_64-3.7/pyarrow/tests}}\r\n{{ copying pyarrow/tests/test_deprecations.py -> build/lib.linux-x86_64-3.7/pyarrow/tests}}\r\n{{ copying pyarrow/tests/test_dataset.py -> build/lib.linux-x86_64-3.7/pyarrow/tests}}\r\n{{ copying pyarrow/tests/test_cython.py -> build/lib.linux-x86_64-3.7/pyarrow/tests}}\r\n{{ copying pyarrow/tests/test_cuda_numba_interop.py -> build/lib.linux-x86_64-3.7/pyarrow/tests}}\r\n{{ copying pyarrow/tests/test_cuda.py -> build/lib.linux-x86_64-3.7/pyarrow/tests}}\r\n{{ copying pyarrow/tests/test_csv.py -> build/lib.linux-x86_64-3.7/pyarrow/tests}}\r\n{{ copying pyarrow/tests/test_convert_builtin.py -> build/lib.linux-x86_64-3.7/pyarrow/tests}}\r\n{{ copying pyarrow/tests/test_compute.py -> build/lib.linux-x86_64-3.7/pyarrow/tests}}\r\n{{ copying pyarrow/tests/test_cffi.py -> build/lib.linux-x86_64-3.7/pyarrow/tests}}\r\n{{ copying pyarrow/tests/test_builder.py -> build/lib.linux-x86_64-3.7/pyarrow/tests}}\r\n{{ copying pyarrow/tests/test_array.py -> build/lib.linux-x86_64-3.7/pyarrow/tests}}\r\n{{ copying pyarrow/tests/test_adhoc_memory_leak.py -> build/lib.linux-x86_64-3.7/pyarrow/tests}}\r\n{{ copying pyarrow/tests/strategies.py -> build/lib.linux-x86_64-3.7/pyarrow/tests}}\r\n{{ copying pyarrow/tests/pandas_threaded_import.py -> build/lib.linux-x86_64-3.7/pyarrow/tests}}\r\n{{ copying pyarrow/tests/pandas_examples.py -> build/lib.linux-x86_64-3.7/pyarrow/tests}}\r\n{{ copying pyarrow/tests/deserialize_buffer.py -> build/lib.linux-x86_64-3.7/pyarrow/tests}}\r\n{{ copying pyarrow/tests/conftest.py -> build/lib.linux-x86_64-3.7/pyarrow/tests}}\r\n{{ copying pyarrow/tests/arrow_7980.py -> build/lib.linux-x86_64-3.7/pyarrow/tests}}\r\n{{ copying pyarrow/tests/__init__.py -> build/lib.linux-x86_64-3.7/pyarrow/tests}}\r\n{{ running egg_info}}\r\n{{ writing pyarrow.egg-info/PKG-INFO}}\r\n{{ writing dependency_links to pyarrow.egg-info/dependency_links.txt}}\r\n{{ writing entry points to pyarrow.egg-info/entry_points.txt}}\r\n{{ writing requirements to pyarrow.egg-info/requires.txt}}\r\n{{ writing top-level names to pyarrow.egg-info/top_level.txt}}\r\n{{ reading manifest file 'pyarrow.egg-info/SOURCES.txt'}}\r\n{{ reading manifest template 'MANIFEST.in'}}\r\n{{ warning: no files found matching '../LICENSE.txt'}}\r\n{{ warning: no files found matching '../NOTICE.txt'}}\r\n{{ warning: no previously-included files matching '*.so' found anywhere in distribution}}\r\n{{ warning: no previously-included files matching '*.pyc' found anywhere in distribution}}\r\n{{ warning: no previously-included files matching '*~' found anywhere in distribution}}\r\n{{ warning: no previously-included files matching '#*' found anywhere in distribution}}\r\n{{ warning: no previously-included files matching '.git*' found anywhere in distribution}}\r\n{{ warning: no previously-included files matching '.DS_Store' found anywhere in distribution}}\r\n{{ no previously-included directories found matching '.asv'}}\r\n{{ writing manifest file 'pyarrow.egg-info/SOURCES.txt'}}\r\n{{ copying pyarrow/__init__.pxd -> build/lib.linux-x86_64-3.7/pyarrow}}\r\n{{ copying pyarrow/_compute.pxd -> build/lib.linux-x86_64-3.7/pyarrow}}\r\n{{ copying pyarrow/_compute.pyx -> build/lib.linux-x86_64-3.7/pyarrow}}\r\n{{ copying pyarrow/_csv.pxd -> build/lib.linux-x86_64-3.7/pyarrow}}\r\n{{ copying pyarrow/_csv.pyx -> build/lib.linux-x86_64-3.7/pyarrow}}\r\n{{ copying pyarrow/_cuda.pxd -> build/lib.linux-x86_64-3.7/pyarrow}}\r\n{{ copying pyarrow/_cuda.pyx -> build/lib.linux-x86_64-3.7/pyarrow}}\r\n{{ copying pyarrow/_dataset.pyx -> build/lib.linux-x86_64-3.7/pyarrow}}\r\n{{ copying pyarrow/_flight.pyx -> build/lib.linux-x86_64-3.7/pyarrow}}\r\n{{ copying pyarrow/_fs.pxd -> build/lib.linux-x86_64-3.7/pyarrow}}\r\n{{ copying pyarrow/_fs.pyx -> build/lib.linux-x86_64-3.7/pyarrow}}\r\n{{ copying pyarrow/_hdfs.pyx -> build/lib.linux-x86_64-3.7/pyarrow}}\r\n{{ copying pyarrow/_json.pyx -> build/lib.linux-x86_64-3.7/pyarrow}}\r\n{{ copying pyarrow/_orc.pxd -> build/lib.linux-x86_64-3.7/pyarrow}}\r\n{{ copying pyarrow/_orc.pyx -> build/lib.linux-x86_64-3.7/pyarrow}}\r\n{{ copying pyarrow/_parquet.pxd -> build/lib.linux-x86_64-3.7/pyarrow}}\r\n{{ copying pyarrow/_parquet.pyx -> build/lib.linux-x86_64-3.7/pyarrow}}\r\n{{ copying pyarrow/_plasma.pyx -> build/lib.linux-x86_64-3.7/pyarrow}}\r\n{{ copying pyarrow/_s3fs.pyx -> build/lib.linux-x86_64-3.7/pyarrow}}\r\n{{ copying pyarrow/array.pxi -> build/lib.linux-x86_64-3.7/pyarrow}}\r\n{{ copying pyarrow/benchmark.pxi -> build/lib.linux-x86_64-3.7/pyarrow}}\r\n{{ copying pyarrow/builder.pxi -> build/lib.linux-x86_64-3.7/pyarrow}}\r\n{{ copying pyarrow/compat.pxi -> build/lib.linux-x86_64-3.7/pyarrow}}\r\n{{ copying pyarrow/config.pxi -> build/lib.linux-x86_64-3.7/pyarrow}}\r\n{{ copying pyarrow/error.pxi -> build/lib.linux-x86_64-3.7/pyarrow}}\r\n{{ copying pyarrow/feather.pxi -> build/lib.linux-x86_64-3.7/pyarrow}}\r\n{{ copying pyarrow/gandiva.pyx -> build/lib.linux-x86_64-3.7/pyarrow}}\r\n{{ copying pyarrow/io-hdfs.pxi -> build/lib.linux-x86_64-3.7/pyarrow}}\r\n{{ copying pyarrow/io.pxi -> build/lib.linux-x86_64-3.7/pyarrow}}\r\n{{ copying pyarrow/ipc.pxi -> build/lib.linux-x86_64-3.7/pyarrow}}\r\n{{ copying pyarrow/lib.pxd -> build/lib.linux-x86_64-3.7/pyarrow}}\r\n{{ copying pyarrow/lib.pyx -> build/lib.linux-x86_64-3.7/pyarrow}}\r\n{{ copying pyarrow/memory.pxi -> build/lib.linux-x86_64-3.7/pyarrow}}\r\n{{ copying pyarrow/pandas-shim.pxi -> build/lib.linux-x86_64-3.7/pyarrow}}\r\n{{ copying pyarrow/public-api.pxi -> build/lib.linux-x86_64-3.7/pyarrow}}\r\n{{ copying pyarrow/scalar.pxi -> build/lib.linux-x86_64-3.7/pyarrow}}\r\n{{ copying pyarrow/serialization.pxi -> build/lib.linux-x86_64-3.7/pyarrow}}\r\n{{ copying pyarrow/table.pxi -> build/lib.linux-x86_64-3.7/pyarrow}}\r\n{{ copying pyarrow/tensor.pxi -> build/lib.linux-x86_64-3.7/pyarrow}}\r\n{{ copying pyarrow/types.pxi -> build/lib.linux-x86_64-3.7/pyarrow}}\r\n{{ creating build/lib.linux-x86_64-3.7/pyarrow/includes}}\r\n{{ copying pyarrow/includes/__init__.pxd -> build/lib.linux-x86_64-3.7/pyarrow/includes}}\r\n{{ copying pyarrow/includes/common.pxd -> build/lib.linux-x86_64-3.7/pyarrow/includes}}\r\n{{ copying pyarrow/includes/libarrow.pxd -> build/lib.linux-x86_64-3.7/pyarrow/includes}}\r\n{{ copying pyarrow/includes/libarrow_cuda.pxd -> build/lib.linux-x86_64-3.7/pyarrow/includes}}\r\n{{ copying pyarrow/includes/libarrow_dataset.pxd -> build/lib.linux-x86_64-3.7/pyarrow/includes}}\r\n{{ copying pyarrow/includes/libarrow_flight.pxd -> build/lib.linux-x86_64-3.7/pyarrow/includes}}\r\n{{ copying pyarrow/includes/libarrow_fs.pxd -> build/lib.linux-x86_64-3.7/pyarrow/includes}}\r\n{{ copying pyarrow/includes/libgandiva.pxd -> build/lib.linux-x86_64-3.7/pyarrow/includes}}\r\n{{ copying pyarrow/includes/libplasma.pxd -> build/lib.linux-x86_64-3.7/pyarrow/includes}}\r\n{{ creating build/lib.linux-x86_64-3.7/pyarrow/tensorflow}}\r\n{{ copying pyarrow/tensorflow/plasma_op.cc -> build/lib.linux-x86_64-3.7/pyarrow/tensorflow}}\r\n{{ creating build/lib.linux-x86_64-3.7/pyarrow/vendored}}\r\n{{ copying pyarrow/vendored/__init__.py -> build/lib.linux-x86_64-3.7/pyarrow/vendored}}\r\n{{ copying pyarrow/vendored/version.py -> build/lib.linux-x86_64-3.7/pyarrow/vendored}}\r\n{{ copying pyarrow/tests/pyarrow_cython_example.pyx -> build/lib.linux-x86_64-3.7/pyarrow/tests}}\r\n{{ creating build/lib.linux-x86_64-3.7/pyarrow/tests/data}}\r\n{{ creating build/lib.linux-x86_64-3.7/pyarrow/tests/data/feather}}\r\n{{ copying pyarrow/tests/data/feather/v0.17.0.version=2-compression=lz4.feather -> build/lib.linux-x86_64-3.7/pyarrow/tests/data/feather}}\r\n{{ creating build/lib.linux-x86_64-3.7/pyarrow/tests/data/orc}}\r\n{{ copying pyarrow/tests/data/orc/README.md -> build/lib.linux-x86_64-3.7/pyarrow/tests/data/orc}}\r\n{{ copying pyarrow/tests/data/orc/TestOrcFile.emptyFile.jsn.gz -> build/lib.linux-x86_64-3.7/pyarrow/tests/data/orc}}\r\n{{ copying pyarrow/tests/data/orc/TestOrcFile.emptyFile.orc -> build/lib.linux-x86_64-3.7/pyarrow/tests/data/orc}}\r\n{{ copying pyarrow/tests/data/orc/TestOrcFile.test1.jsn.gz -> build/lib.linux-x86_64-3.7/pyarrow/tests/data/orc}}\r\n{{ copying pyarrow/tests/data/orc/TestOrcFile.test1.orc -> build/lib.linux-x86_64-3.7/pyarrow/tests/data/orc}}\r\n{{ copying pyarrow/tests/data/orc/TestOrcFile.testDate1900.jsn.gz -> build/lib.linux-x86_64-3.7/pyarrow/tests/data/orc}}\r\n{{ copying pyarrow/tests/data/orc/TestOrcFile.testDate1900.orc -> build/lib.linux-x86_64-3.7/pyarrow/tests/data/orc}}\r\n{{ copying pyarrow/tests/data/orc/decimal.jsn.gz -> build/lib.linux-x86_64-3.7/pyarrow/tests/data/orc}}\r\n{{ copying pyarrow/tests/data/orc/decimal.orc -> build/lib.linux-x86_64-3.7/pyarrow/tests/data/orc}}\r\n{{ creating build/lib.linux-x86_64-3.7/pyarrow/tests/data/parquet}}\r\n{{ copying pyarrow/tests/data/parquet/v0.7.1.all-named-index.parquet -> build/lib.linux-x86_64-3.7/pyarrow/tests/data/parquet}}\r\n{{ copying pyarrow/tests/data/parquet/v0.7.1.column-metadata-handling.parquet -> build/lib.linux-x86_64-3.7/pyarrow/tests/data/parquet}}\r\n{{ copying pyarrow/tests/data/parquet/v0.7.1.parquet -> build/lib.linux-x86_64-3.7/pyarrow/tests/data/parquet}}\r\n{{ copying pyarrow/tests/data/parquet/v0.7.1.some-named-index.parquet -> build/lib.linux-x86_64-3.7/pyarrow/tests/data/parquet}}\r\n{{ creating build/lib.linux-x86_64-3.7/pyarrow/tests/parquet}}\r\n{{ copying pyarrow/tests/parquet/common.py -> build/lib.linux-x86_64-3.7/pyarrow/tests/parquet}}\r\n{{ copying pyarrow/tests/parquet/conftest.py -> build/lib.linux-x86_64-3.7/pyarrow/tests/parquet}}\r\n{{ copying pyarrow/tests/parquet/test_basic.py -> build/lib.linux-x86_64-3.7/pyarrow/tests/parquet}}\r\n{{ copying pyarrow/tests/parquet/test_compliant_nested_type.py -> build/lib.linux-x86_64-3.7/pyarrow/tests/parquet}}\r\n{{ copying pyarrow/tests/parquet/test_data_types.py -> build/lib.linux-x86_64-3.7/pyarrow/tests/parquet}}\r\n{{ copying pyarrow/tests/parquet/test_dataset.py -> build/lib.linux-x86_64-3.7/pyarrow/tests/parquet}}\r\n{{ copying pyarrow/tests/parquet/test_datetime.py -> build/lib.linux-x86_64-3.7/pyarrow/tests/parquet}}\r\n{{ copying pyarrow/tests/parquet/test_metadata.py -> build/lib.linux-x86_64-3.7/pyarrow/tests/parquet}}\r\n{{ copying pyarrow/tests/parquet/test_pandas.py -> build/lib.linux-x86_64-3.7/pyarrow/tests/parquet}}\r\n{{ copying pyarrow/tests/parquet/test_parquet_file.py -> build/lib.linux-x86_64-3.7/pyarrow/tests/parquet}}\r\n{{ copying pyarrow/tests/parquet/test_parquet_writer.py -> build/lib.linux-x86_64-3.7/pyarrow/tests/parquet}}\r\n{{ running build_ext}}\r\n{{ creating /tmp/pip-install-bdhf_tmp/pyarrow/build/temp.linux-x86_64-3.7}}\r\n{{ -- Running cmake for pyarrow}}\r\n{{ cmake -DPYTHON_EXECUTABLE=/usr/bin/python3 -DPython3_EXECUTABLE=/usr/bin/python3 -DPYARROW_BUILD_CUDA=off -DPYARROW_BUILD_FLIGHT=off -DPYARROW_BUILD_GANDIVA=off -DPYARROW_BUILD_DATASET=off -DPYARROW_BUILD_ORC=off -DPYARROW_BUILD_PARQUET=off -DPYARROW_BUILD_PLASMA=off -DPYARROW_BUILD_S3=off -DPYARROW_BUILD_HDFS=off -DPYARROW_USE_TENSORFLOW=off -DPYARROW_BUNDLE_ARROW_CPP=off -DPYARROW_BUNDLE_BOOST=off -DPYARROW_GENERATE_COVERAGE=off -DPYARROW_BOOST_USE_SHARED=on -DPYARROW_PARQUET_USE_SHARED=on -DCMAKE_BUILD_TYPE=release /tmp/pip-install-bdhf_tmp/pyarrow}}\r\n{{ -- The C compiler identification is GNU 8.3.0}}\r\n{{ -- The CXX compiler identification is GNU 8.3.0}}\r\n{{ -- Detecting C compiler ABI info}}\r\n{{ -- Detecting C compiler ABI info - done}}\r\n{{ -- Check for working C compiler: /usr/bin/cc - skipped}}\r\n{{ -- Detecting C compile features}}\r\n{{ -- Detecting C compile features - done}}\r\n{{ -- Detecting CXX compiler ABI info}}\r\n{{ -- Detecting CXX compiler ABI info - done}}\r\n{{ -- Check for working CXX compiler: /usr/bin/c++ - skipped}}\r\n{{ -- Detecting CXX compile features}}\r\n{{ -- Detecting CXX compile features - done}}\r\n{{ -- System processor: x86_64}}\r\n{{ -- Performing Test CXX_SUPPORTS_SSE4_2}}\r\n{{ -- Performing Test CXX_SUPPORTS_SSE4_2 - Success}}\r\n{{ -- Performing Test CXX_SUPPORTS_AVX2}}\r\n{{ -- Performing Test CXX_SUPPORTS_AVX2 - Success}}\r\n{{ -- Performing Test CXX_SUPPORTS_AVX512}}\r\n{{ -- Performing Test CXX_SUPPORTS_AVX512 - Success}}\r\n{{ -- Arrow build warning level: PRODUCTION}}\r\n{{ Using ld linker}}\r\n{{ Configured for RELEASE build (set with cmake -DCMAKE_BUILD_TYPE=\\{release,debug,...})}}\r\n{{ -- Build Type: RELEASE}}\r\n{{ -- Generator: Unix Makefiles}}\r\n{{ -- Build output directory: /tmp/pip-install-bdhf_tmp/pyarrow/build/temp.linux-x86_64-3.7/release}}\r\n{{ -- Found Python3: /usr/bin/python3 (found version \"3.7.3\") found components: Interpreter Development.Module NumPy}}\r\n{{ -- Found Python3Alt: /usr/bin/python3}}\r\n{{ CMake Warning (dev) at /usr/local/lib/python3.7/dist-packages/cmake/data/share/cmake-3.20/Modules/FindPackageHandleStandardArgs.cmake:438 (message):}}\r\n{{ The package name passed to `find_package_handle_standard_args` (PkgConfig)}}\r\n{{ does not match the name of the calling package (Arrow). This can lead to}}\r\n{{ problems in calling code that expects `find_package` result variables}}\r\n{{ (e.g., `_FOUND`) to follow a certain pattern.}}\r\n{{ Call Stack (most recent call first):}}\r\n{{ /usr/local/lib/python3.7/dist-packages/cmake/data/share/cmake-3.20/Modules/FindPkgConfig.cmake:70 (find_package_handle_standard_args)}}\r\n{{ cmake_modules/FindArrow.cmake:39 (include)}}\r\n{{ cmake_modules/FindArrowPython.cmake:46 (find_package)}}\r\n{{ CMakeLists.txt:218 (find_package)}}\r\n{{ This warning is for project developers. Use -Wno-dev to suppress it.}}\r\n \r\n{{ -- Found PkgConfig: /usr/bin/pkg-config (found version \"0.29\")}}\r\n{{ -- Could NOT find Arrow (missing: Arrow_DIR)}}\r\n{{ -- Checking for module 'arrow'}}\r\n{{ -- No package 'arrow' found}}\r\n{{ CMake Error at /usr/local/lib/python3.7/dist-packages/cmake/data/share/cmake-3.20/Modules/FindPackageHandleStandardArgs.cmake:230 (message):}}\r\n{{ Could NOT find Arrow (missing: ARROW_INCLUDE_DIR ARROW_LIB_DIR}}\r\n{{ ARROW_FULL_SO_VERSION ARROW_SO_VERSION)}}\r\n{{ Call Stack (most recent call first):}}\r\n{{ /usr/local/lib/python3.7/dist-packages/cmake/data/share/cmake-3.20/Modules/FindPackageHandleStandardArgs.cmake:594 (_FPHSA_FAILURE_MESSAGE)}}\r\n{{ cmake_modules/FindArrow.cmake:419 (find_package_handle_standard_args)}}\r\n{{ cmake_modules/FindArrowPython.cmake:46 (find_package)}}\r\n{{ CMakeLists.txt:218 (find_package)}}\r\n \r\n \r\n{{ -- Configuring incomplete, errors occurred!}}\r\n{{ See also \"/tmp/pip-install-bdhf_tmp/pyarrow/build/temp.linux-x86_64-3.7/CMakeFiles/CMakeOutput.log\".}}\r\n{{ error: command 'cmake' failed with exit status 1}}\r\n \r\n{{ ----------------------------------------}}\r\n{{ Failed building wheel for pyarrow}}\r\n{{ Running setup.py clean for pyarrow}}\r\n{{Failed to build pyarrow}}\r\n{{Installing collected packages: pyarrow}}\r\n{{ Running setup.py install for pyarrow ... error}}\r\n{{ Complete output from command /usr/bin/python3 -u -c \"import setuptools, tokenize;__file__='/tmp/pip-install-bdhf_tmp/pyarrow/setup.py';f=getattr(tokenize, 'open', open)(__file__);code=f.read().replace('\\r\\n', '\\n');f.close();exec(compile(code, __file__, 'exec'))\" install --record /tmp/pip-record-2w8m2gbe/install-record.txt --single-version-externally-managed --compile:}}\r\n{{ running install}}\r\n{{ running build}}\r\n{{ running build_py}}\r\n{{ creating build}}\r\n{{ creating build/lib.linux-x86_64-3.7}}\r\n{{ creating build/lib.linux-x86_64-3.7/pyarrow}}\r\n{{ copying pyarrow/util.py -> build/lib.linux-x86_64-3.7/pyarrow}}\r\n{{ copying pyarrow/types.py -> build/lib.linux-x86_64-3.7/pyarrow}}\r\n{{ copying pyarrow/serialization.py -> build/lib.linux-x86_64-3.7/pyarrow}}\r\n{{ copying pyarrow/plasma.py -> build/lib.linux-x86_64-3.7/pyarrow}}\r\n{{ copying pyarrow/parquet.py -> build/lib.linux-x86_64-3.7/pyarrow}}\r\n{{ copying pyarrow/pandas_compat.py -> build/lib.linux-x86_64-3.7/pyarrow}}\r\n{{ copying pyarrow/orc.py -> build/lib.linux-x86_64-3.7/pyarrow}}\r\n{{ copying pyarrow/jvm.py -> build/lib.linux-x86_64-3.7/pyarrow}}\r\n{{ copying pyarrow/json.py -> build/lib.linux-x86_64-3.7/pyarrow}}\r\n{{ copying pyarrow/ipc.py -> build/lib.linux-x86_64-3.7/pyarrow}}\r\n{{ copying pyarrow/hdfs.py -> build/lib.linux-x86_64-3.7/pyarrow}}\r\n{{ copying pyarrow/fs.py -> build/lib.linux-x86_64-3.7/pyarrow}}\r\n{{ copying pyarrow/flight.py -> build/lib.linux-x86_64-3.7/pyarrow}}\r\n{{ copying pyarrow/filesystem.py -> build/lib.linux-x86_64-3.7/pyarrow}}\r\n{{ copying pyarrow/feather.py -> build/lib.linux-x86_64-3.7/pyarrow}}\r\n{{ copying pyarrow/dataset.py -> build/lib.linux-x86_64-3.7/pyarrow}}\r\n{{ copying pyarrow/cuda.py -> build/lib.linux-x86_64-3.7/pyarrow}}\r\n{{ copying pyarrow/csv.py -> build/lib.linux-x86_64-3.7/pyarrow}}\r\n{{ copying pyarrow/compute.py -> build/lib.linux-x86_64-3.7/pyarrow}}\r\n{{ copying pyarrow/compat.py -> build/lib.linux-x86_64-3.7/pyarrow}}\r\n{{ copying pyarrow/cffi.py -> build/lib.linux-x86_64-3.7/pyarrow}}\r\n{{ copying pyarrow/benchmark.py -> build/lib.linux-x86_64-3.7/pyarrow}}\r\n{{ copying pyarrow/_generated_version.py -> build/lib.linux-x86_64-3.7/pyarrow}}\r\n{{ copying pyarrow/__init__.py -> build/lib.linux-x86_64-3.7/pyarrow}}\r\n{{ creating build/lib.linux-x86_64-3.7/pyarrow/tests}}\r\n{{ copying pyarrow/tests/util.py -> build/lib.linux-x86_64-3.7/pyarrow/tests}}\r\n{{ copying pyarrow/tests/test_types.py -> build/lib.linux-x86_64-3.7/pyarrow/tests}}\r\n{{ copying pyarrow/tests/test_tensor.py -> build/lib.linux-x86_64-3.7/pyarrow/tests}}\r\n{{ copying pyarrow/tests/test_table.py -> build/lib.linux-x86_64-3.7/pyarrow/tests}}\r\n{{ copying pyarrow/tests/test_strategies.py -> build/lib.linux-x86_64-3.7/pyarrow/tests}}\r\n{{ copying pyarrow/tests/test_sparse_tensor.py -> build/lib.linux-x86_64-3.7/pyarrow/tests}}\r\n{{ copying pyarrow/tests/test_serialization_deprecated.py -> build/lib.linux-x86_64-3.7/pyarrow/tests}}\r\n{{ copying pyarrow/tests/test_serialization.py -> build/lib.linux-x86_64-3.7/pyarrow/tests}}\r\n{{ copying pyarrow/tests/test_schema.py -> build/lib.linux-x86_64-3.7/pyarrow/tests}}\r\n{{ copying pyarrow/tests/test_scalars.py -> build/lib.linux-x86_64-3.7/pyarrow/tests}}\r\n{{ copying pyarrow/tests/test_plasma_tf_op.py -> build/lib.linux-x86_64-3.7/pyarrow/tests}}\r\n{{ copying pyarrow/tests/test_plasma.py -> build/lib.linux-x86_64-3.7/pyarrow/tests}}\r\n{{ copying pyarrow/tests/test_pandas.py -> build/lib.linux-x86_64-3.7/pyarrow/tests}}\r\n{{ copying pyarrow/tests/test_orc.py -> build/lib.linux-x86_64-3.7/pyarrow/tests}}\r\n{{ copying pyarrow/tests/test_misc.py -> build/lib.linux-x86_64-3.7/pyarrow/tests}}\r\n{{ copying pyarrow/tests/test_memory.py -> build/lib.linux-x86_64-3.7/pyarrow/tests}}\r\n{{ copying pyarrow/tests/test_jvm.py -> build/lib.linux-x86_64-3.7/pyarrow/tests}}\r\n{{ copying pyarrow/tests/test_json.py -> build/lib.linux-x86_64-3.7/pyarrow/tests}}\r\n{{ copying pyarrow/tests/test_ipc.py -> build/lib.linux-x86_64-3.7/pyarrow/tests}}\r\n{{ copying pyarrow/tests/test_io.py -> build/lib.linux-x86_64-3.7/pyarrow/tests}}\r\n{{ copying pyarrow/tests/test_hdfs.py -> build/lib.linux-x86_64-3.7/pyarrow/tests}}\r\n{{ copying pyarrow/tests/test_gandiva.py -> build/lib.linux-x86_64-3.7/pyarrow/tests}}\r\n{{ copying pyarrow/tests/test_fs.py -> build/lib.linux-x86_64-3.7/pyarrow/tests}}\r\n{{ copying pyarrow/tests/test_flight.py -> build/lib.linux-x86_64-3.7/pyarrow/tests}}\r\n{{ copying pyarrow/tests/test_filesystem.py -> build/lib.linux-x86_64-3.7/pyarrow/tests}}\r\n{{ copying pyarrow/tests/test_feather.py -> build/lib.linux-x86_64-3.7/pyarrow/tests}}\r\n{{ copying pyarrow/tests/test_extension_type.py -> build/lib.linux-x86_64-3.7/pyarrow/tests}}\r\n{{ copying pyarrow/tests/test_deprecations.py -> build/lib.linux-x86_64-3.7/pyarrow/tests}}\r\n{{ copying pyarrow/tests/test_dataset.py -> build/lib.linux-x86_64-3.7/pyarrow/tests}}\r\n{{ copying pyarrow/tests/test_cython.py -> build/lib.linux-x86_64-3.7/pyarrow/tests}}\r\n{{ copying pyarrow/tests/test_cuda_numba_interop.py -> build/lib.linux-x86_64-3.7/pyarrow/tests}}\r\n{{ copying pyarrow/tests/test_cuda.py -> build/lib.linux-x86_64-3.7/pyarrow/tests}}\r\n{{ copying pyarrow/tests/test_csv.py -> build/lib.linux-x86_64-3.7/pyarrow/tests}}\r\n{{ copying pyarrow/tests/test_convert_builtin.py -> build/lib.linux-x86_64-3.7/pyarrow/tests}}\r\n{{ copying pyarrow/tests/test_compute.py -> build/lib.linux-x86_64-3.7/pyarrow/tests}}\r\n{{ copying pyarrow/tests/test_cffi.py -> build/lib.linux-x86_64-3.7/pyarrow/tests}}\r\n{{ copying pyarrow/tests/test_builder.py -> build/lib.linux-x86_64-3.7/pyarrow/tests}}\r\n{{ copying pyarrow/tests/test_array.py -> build/lib.linux-x86_64-3.7/pyarrow/tests}}\r\n{{ copying pyarrow/tests/test_adhoc_memory_leak.py -> build/lib.linux-x86_64-3.7/pyarrow/tests}}\r\n{{ copying pyarrow/tests/strategies.py -> build/lib.linux-x86_64-3.7/pyarrow/tests}}\r\n{{ copying pyarrow/tests/pandas_threaded_import.py -> build/lib.linux-x86_64-3.7/pyarrow/tests}}\r\n{{ copying pyarrow/tests/pandas_examples.py -> build/lib.linux-x86_64-3.7/pyarrow/tests}}\r\n{{ copying pyarrow/tests/deserialize_buffer.py -> build/lib.linux-x86_64-3.7/pyarrow/tests}}\r\n{{ copying pyarrow/tests/conftest.py -> build/lib.linux-x86_64-3.7/pyarrow/tests}}\r\n{{ copying pyarrow/tests/arrow_7980.py -> build/lib.linux-x86_64-3.7/pyarrow/tests}}\r\n{{ copying pyarrow/tests/__init__.py -> build/lib.linux-x86_64-3.7/pyarrow/tests}}\r\n{{ running egg_info}}\r\n{{ writing pyarrow.egg-info/PKG-INFO}}\r\n{{ writing dependency_links to pyarrow.egg-info/dependency_links.txt}}\r\n{{ writing entry points to pyarrow.egg-info/entry_points.txt}}\r\n{{ writing requirements to pyarrow.egg-info/requires.txt}}\r\n{{ writing top-level names to pyarrow.egg-info/top_level.txt}}\r\n{{ reading manifest file 'pyarrow.egg-info/SOURCES.txt'}}\r\n{{ reading manifest template 'MANIFEST.in'}}\r\n{{ warning: no files found matching '../LICENSE.txt'}}\r\n{{ warning: no files found matching '../NOTICE.txt'}}\r\n{{ warning: no previously-included files matching '*.so' found anywhere in distribution}}\r\n{{ warning: no previously-included files matching '*.pyc' found anywhere in distribution}}\r\n{{ warning: no previously-included files matching '*~' found anywhere in distribution}}\r\n{{ warning: no previously-included files matching '#*' found anywhere in distribution}}\r\n{{ warning: no previously-included files matching '.git*' found anywhere in distribution}}\r\n{{ warning: no previously-included files matching '.DS_Store' found anywhere in distribution}}\r\n{{ no previously-included directories found matching '.asv'}}\r\n{{ writing manifest file 'pyarrow.egg-info/SOURCES.txt'}}\r\n{{ copying pyarrow/__init__.pxd -> build/lib.linux-x86_64-3.7/pyarrow}}\r\n{{ copying pyarrow/_compute.pxd -> build/lib.linux-x86_64-3.7/pyarrow}}\r\n{{ copying pyarrow/_compute.pyx -> build/lib.linux-x86_64-3.7/pyarrow}}\r\n{{ copying pyarrow/_csv.pxd -> build/lib.linux-x86_64-3.7/pyarrow}}\r\n{{ copying pyarrow/_csv.pyx -> build/lib.linux-x86_64-3.7/pyarrow}}\r\n{{ copying pyarrow/_cuda.pxd -> build/lib.linux-x86_64-3.7/pyarrow}}\r\n{{ copying pyarrow/_cuda.pyx -> build/lib.linux-x86_64-3.7/pyarrow}}\r\n{{ copying pyarrow/_dataset.pyx -> build/lib.linux-x86_64-3.7/pyarrow}}\r\n{{ copying pyarrow/_flight.pyx -> build/lib.linux-x86_64-3.7/pyarrow}}\r\n{{ copying pyarrow/_fs.pxd -> build/lib.linux-x86_64-3.7/pyarrow}}\r\n{{ copying pyarrow/_fs.pyx -> build/lib.linux-x86_64-3.7/pyarrow}}\r\n{{ copying pyarrow/_hdfs.pyx -> build/lib.linux-x86_64-3.7/pyarrow}}\r\n{{ copying pyarrow/_json.pyx -> build/lib.linux-x86_64-3.7/pyarrow}}\r\n{{ copying pyarrow/_orc.pxd -> build/lib.linux-x86_64-3.7/pyarrow}}\r\n{{ copying pyarrow/_orc.pyx -> build/lib.linux-x86_64-3.7/pyarrow}}\r\n{{ copying pyarrow/_parquet.pxd -> build/lib.linux-x86_64-3.7/pyarrow}}\r\n{{ copying pyarrow/_parquet.pyx -> build/lib.linux-x86_64-3.7/pyarrow}}\r\n{{ copying pyarrow/_plasma.pyx -> build/lib.linux-x86_64-3.7/pyarrow}}\r\n{{ copying pyarrow/_s3fs.pyx -> build/lib.linux-x86_64-3.7/pyarrow}}\r\n{{ copying pyarrow/array.pxi -> build/lib.linux-x86_64-3.7/pyarrow}}\r\n{{ copying pyarrow/benchmark.pxi -> build/lib.linux-x86_64-3.7/pyarrow}}\r\n{{ copying pyarrow/builder.pxi -> build/lib.linux-x86_64-3.7/pyarrow}}\r\n{{ copying pyarrow/compat.pxi -> build/lib.linux-x86_64-3.7/pyarrow}}\r\n{{ copying pyarrow/config.pxi -> build/lib.linux-x86_64-3.7/pyarrow}}\r\n{{ copying pyarrow/error.pxi -> build/lib.linux-x86_64-3.7/pyarrow}}\r\n{{ copying pyarrow/feather.pxi -> build/lib.linux-x86_64-3.7/pyarrow}}\r\n{{ copying pyarrow/gandiva.pyx -> build/lib.linux-x86_64-3.7/pyarrow}}\r\n{{ copying pyarrow/io-hdfs.pxi -> build/lib.linux-x86_64-3.7/pyarrow}}\r\n{{ copying pyarrow/io.pxi -> build/lib.linux-x86_64-3.7/pyarrow}}\r\n{{ copying pyarrow/ipc.pxi -> build/lib.linux-x86_64-3.7/pyarrow}}\r\n{{ copying pyarrow/lib.pxd -> build/lib.linux-x86_64-3.7/pyarrow}}\r\n{{ copying pyarrow/lib.pyx -> build/lib.linux-x86_64-3.7/pyarrow}}\r\n{{ copying pyarrow/memory.pxi -> build/lib.linux-x86_64-3.7/pyarrow}}\r\n{{ copying pyarrow/pandas-shim.pxi -> build/lib.linux-x86_64-3.7/pyarrow}}\r\n{{ copying pyarrow/public-api.pxi -> build/lib.linux-x86_64-3.7/pyarrow}}\r\n{{ copying pyarrow/scalar.pxi -> build/lib.linux-x86_64-3.7/pyarrow}}\r\n{{ copying pyarrow/serialization.pxi -> build/lib.linux-x86_64-3.7/pyarrow}}\r\n{{ copying pyarrow/table.pxi -> build/lib.linux-x86_64-3.7/pyarrow}}\r\n{{ copying pyarrow/tensor.pxi -> build/lib.linux-x86_64-3.7/pyarrow}}\r\n{{ copying pyarrow/types.pxi -> build/lib.linux-x86_64-3.7/pyarrow}}\r\n{{ creating build/lib.linux-x86_64-3.7/pyarrow/includes}}\r\n{{ copying pyarrow/includes/__init__.pxd -> build/lib.linux-x86_64-3.7/pyarrow/includes}}\r\n{{ copying pyarrow/includes/common.pxd -> build/lib.linux-x86_64-3.7/pyarrow/includes}}\r\n{{ copying pyarrow/includes/libarrow.pxd -> build/lib.linux-x86_64-3.7/pyarrow/includes}}\r\n{{ copying pyarrow/includes/libarrow_cuda.pxd -> build/lib.linux-x86_64-3.7/pyarrow/includes}}\r\n{{ copying pyarrow/includes/libarrow_dataset.pxd -> build/lib.linux-x86_64-3.7/pyarrow/includes}}\r\n{{ copying pyarrow/includes/libarrow_flight.pxd -> build/lib.linux-x86_64-3.7/pyarrow/includes}}\r\n{{ copying pyarrow/includes/libarrow_fs.pxd -> build/lib.linux-x86_64-3.7/pyarrow/includes}}\r\n{{ copying pyarrow/includes/libgandiva.pxd -> build/lib.linux-x86_64-3.7/pyarrow/includes}}\r\n{{ copying pyarrow/includes/libplasma.pxd -> build/lib.linux-x86_64-3.7/pyarrow/includes}}\r\n{{ creating build/lib.linux-x86_64-3.7/pyarrow/tensorflow}}\r\n{{ copying pyarrow/tensorflow/plasma_op.cc -> build/lib.linux-x86_64-3.7/pyarrow/tensorflow}}\r\n{{ creating build/lib.linux-x86_64-3.7/pyarrow/vendored}}\r\n{{ copying pyarrow/vendored/__init__.py -> build/lib.linux-x86_64-3.7/pyarrow/vendored}}\r\n{{ copying pyarrow/vendored/version.py -> build/lib.linux-x86_64-3.7/pyarrow/vendored}}\r\n{{ copying pyarrow/tests/pyarrow_cython_example.pyx -> build/lib.linux-x86_64-3.7/pyarrow/tests}}\r\n{{ creating build/lib.linux-x86_64-3.7/pyarrow/tests/data}}\r\n{{ creating build/lib.linux-x86_64-3.7/pyarrow/tests/data/feather}}\r\n{{ copying pyarrow/tests/data/feather/v0.17.0.version=2-compression=lz4.feather -> build/lib.linux-x86_64-3.7/pyarrow/tests/data/feather}}\r\n{{ creating build/lib.linux-x86_64-3.7/pyarrow/tests/data/orc}}\r\n{{ copying pyarrow/tests/data/orc/README.md -> build/lib.linux-x86_64-3.7/pyarrow/tests/data/orc}}\r\n{{ copying pyarrow/tests/data/orc/TestOrcFile.emptyFile.jsn.gz -> build/lib.linux-x86_64-3.7/pyarrow/tests/data/orc}}\r\n{{ copying pyarrow/tests/data/orc/TestOrcFile.emptyFile.orc -> build/lib.linux-x86_64-3.7/pyarrow/tests/data/orc}}\r\n{{ copying pyarrow/tests/data/orc/TestOrcFile.test1.jsn.gz -> build/lib.linux-x86_64-3.7/pyarrow/tests/data/orc}}\r\n{{ copying pyarrow/tests/data/orc/TestOrcFile.test1.orc -> build/lib.linux-x86_64-3.7/pyarrow/tests/data/orc}}\r\n{{ copying pyarrow/tests/data/orc/TestOrcFile.testDate1900.jsn.gz -> build/lib.linux-x86_64-3.7/pyarrow/tests/data/orc}}\r\n{{ copying pyarrow/tests/data/orc/TestOrcFile.testDate1900.orc -> build/lib.linux-x86_64-3.7/pyarrow/tests/data/orc}}\r\n{{ copying pyarrow/tests/data/orc/decimal.jsn.gz -> build/lib.linux-x86_64-3.7/pyarrow/tests/data/orc}}\r\n{{ copying pyarrow/tests/data/orc/decimal.orc -> build/lib.linux-x86_64-3.7/pyarrow/tests/data/orc}}\r\n{{ creating build/lib.linux-x86_64-3.7/pyarrow/tests/data/parquet}}\r\n{{ copying pyarrow/tests/data/parquet/v0.7.1.all-named-index.parquet -> build/lib.linux-x86_64-3.7/pyarrow/tests/data/parquet}}\r\n{{ copying pyarrow/tests/data/parquet/v0.7.1.column-metadata-handling.parquet -> build/lib.linux-x86_64-3.7/pyarrow/tests/data/parquet}}\r\n{{ copying pyarrow/tests/data/parquet/v0.7.1.parquet -> build/lib.linux-x86_64-3.7/pyarrow/tests/data/parquet}}\r\n{{ copying pyarrow/tests/data/parquet/v0.7.1.some-named-index.parquet -> build/lib.linux-x86_64-3.7/pyarrow/tests/data/parquet}}\r\n{{ creating build/lib.linux-x86_64-3.7/pyarrow/tests/parquet}}\r\n{{ copying pyarrow/tests/parquet/common.py -> build/lib.linux-x86_64-3.7/pyarrow/tests/parquet}}\r\n{{ copying pyarrow/tests/parquet/conftest.py -> build/lib.linux-x86_64-3.7/pyarrow/tests/parquet}}\r\n{{ copying pyarrow/tests/parquet/test_basic.py -> build/lib.linux-x86_64-3.7/pyarrow/tests/parquet}}\r\n{{ copying pyarrow/tests/parquet/test_compliant_nested_type.py -> build/lib.linux-x86_64-3.7/pyarrow/tests/parquet}}\r\n{{ copying pyarrow/tests/parquet/test_data_types.py -> build/lib.linux-x86_64-3.7/pyarrow/tests/parquet}}\r\n{{ copying pyarrow/tests/parquet/test_dataset.py -> build/lib.linux-x86_64-3.7/pyarrow/tests/parquet}}\r\n{{ copying pyarrow/tests/parquet/test_datetime.py -> build/lib.linux-x86_64-3.7/pyarrow/tests/parquet}}\r\n{{ copying pyarrow/tests/parquet/test_metadata.py -> build/lib.linux-x86_64-3.7/pyarrow/tests/parquet}}\r\n{{ copying pyarrow/tests/parquet/test_pandas.py -> build/lib.linux-x86_64-3.7/pyarrow/tests/parquet}}\r\n{{ copying pyarrow/tests/parquet/test_parquet_file.py -> build/lib.linux-x86_64-3.7/pyarrow/tests/parquet}}\r\n{{ copying pyarrow/tests/parquet/test_parquet_writer.py -> build/lib.linux-x86_64-3.7/pyarrow/tests/parquet}}\r\n{{ running build_ext}}\r\n{{ creating /tmp/pip-install-bdhf_tmp/pyarrow/build/temp.linux-x86_64-3.7}}\r\n{{ -- Running cmake for pyarrow}}\r\n{{ cmake -DPYTHON_EXECUTABLE=/usr/bin/python3 -DPython3_EXECUTABLE=/usr/bin/python3 -DPYARROW_BUILD_CUDA=off -DPYARROW_BUILD_FLIGHT=off -DPYARROW_BUILD_GANDIVA=off -DPYARROW_BUILD_DATASET=off -DPYARROW_BUILD_ORC=off -DPYARROW_BUILD_PARQUET=off -DPYARROW_BUILD_PLASMA=off -DPYARROW_BUILD_S3=off -DPYARROW_BUILD_HDFS=off -DPYARROW_USE_TENSORFLOW=off -DPYARROW_BUNDLE_ARROW_CPP=off -DPYARROW_BUNDLE_BOOST=off -DPYARROW_GENERATE_COVERAGE=off -DPYARROW_BOOST_USE_SHARED=on -DPYARROW_PARQUET_USE_SHARED=on -DCMAKE_BUILD_TYPE=release /tmp/pip-install-bdhf_tmp/pyarrow}}\r\n{{ -- The C compiler identification is GNU 8.3.0}}\r\n{{ -- The CXX compiler identification is GNU 8.3.0}}\r\n{{ -- Detecting C compiler ABI info}}\r\n{{ -- Detecting C compiler ABI info - done}}\r\n{{ -- Check for working C compiler: /usr/bin/cc - skipped}}\r\n{{ -- Detecting C compile features}}\r\n{{ -- Detecting C compile features - done}}\r\n{{ -- Detecting CXX compiler ABI info}}\r\n{{ -- Detecting CXX compiler ABI info - done}}\r\n{{ -- Check for working CXX compiler: /usr/bin/c++ - skipped}}\r\n{{ -- Detecting CXX compile features}}\r\n{{ -- Detecting CXX compile features - done}}\r\n{{ -- System processor: x86_64}}\r\n{{ -- Performing Test CXX_SUPPORTS_SSE4_2}}\r\n{{ -- Performing Test CXX_SUPPORTS_SSE4_2 - Success}}\r\n{{ -- Performing Test CXX_SUPPORTS_AVX2}}\r\n{{ -- Performing Test CXX_SUPPORTS_AVX2 - Success}}\r\n{{ -- Performing Test CXX_SUPPORTS_AVX512}}\r\n{{ -- Performing Test CXX_SUPPORTS_AVX512 - Success}}\r\n{{ -- Arrow build warning level: PRODUCTION}}\r\n{{ Using ld linker}}\r\n{{ Configured for RELEASE build (set with cmake -DCMAKE_BUILD_TYPE=\\{release,debug,...})}}\r\n{{ -- Build Type: RELEASE}}\r\n{{ -- Generator: Unix Makefiles}}\r\n{{ -- Build output directory: /tmp/pip-install-bdhf_tmp/pyarrow/build/temp.linux-x86_64-3.7/release}}\r\n{{ -- Found Python3: /usr/bin/python3 (found version \"3.7.3\") found components: Interpreter Development.Module NumPy}}\r\n{{ -- Found Python3Alt: /usr/bin/python3}}\r\n{{ CMake Warning (dev) at /usr/local/lib/python3.7/dist-packages/cmake/data/share/cmake-3.20/Modules/FindPackageHandleStandardArgs.cmake:438 (message):}}\r\n{{ The package name passed to `find_package_handle_standard_args` (PkgConfig)}}\r\n{{ does not match the name of the calling package (Arrow). This can lead to}}\r\n{{ problems in calling code that expects `find_package` result variables}}\r\n{{ (e.g., `_FOUND`) to follow a certain pattern.}}\r\n{{ Call Stack (most recent call first):}}\r\n{{ /usr/local/lib/python3.7/dist-packages/cmake/data/share/cmake-3.20/Modules/FindPkgConfig.cmake:70 (find_package_handle_standard_args)}}\r\n{{ cmake_modules/FindArrow.cmake:39 (include)}}\r\n{{ cmake_modules/FindArrowPython.cmake:46 (find_package)}}\r\n{{ CMakeLists.txt:218 (find_package)}}\r\n{{ This warning is for project developers. Use -Wno-dev to suppress it.}}\r\n \r\n{{ -- Found PkgConfig: /usr/bin/pkg-config (found version \"0.29\")}}\r\n{{ -- Could NOT find Arrow (missing: Arrow_DIR)}}\r\n{{ -- Checking for module 'arrow'}}\r\n{{ -- No package 'arrow' found}}\r\n{{ CMake Error at /usr/local/lib/python3.7/dist-packages/cmake/data/share/cmake-3.20/Modules/FindPackageHandleStandardArgs.cmake:230 (message):}}\r\n{{ Could NOT find Arrow (missing: ARROW_INCLUDE_DIR ARROW_LIB_DIR}}\r\n{{ ARROW_FULL_SO_VERSION ARROW_SO_VERSION)}}\r\n{{ Call Stack (most recent call first):}}\r\n{{ /usr/local/lib/python3.7/dist-packages/cmake/data/share/cmake-3.20/Modules/FindPackageHandleStandardArgs.cmake:594 (_FPHSA_FAILURE_MESSAGE)}}\r\n{{ cmake_modules/FindArrow.cmake:419 (find_package_handle_standard_args)}}\r\n{{ cmake_modules/FindArrowPython.cmake:46 (find_package)}}\r\n{{ CMakeLists.txt:218 (find_package)}}\r\n \r\n \r\n{{ -- Configuring incomplete, errors occurred!}}\r\n{{ See also \"/tmp/pip-install-bdhf_tmp/pyarrow/build/temp.linux-x86_64-3.7/CMakeFiles/CMakeOutput.log\".}}\r\n{{ error: command 'cmake' failed with exit status 1}}\r\n \r\n{{ ----------------------------------------}}\r\n{{Command \"/usr/bin/python3 -u -c \"import setuptools, tokenize;__file__='/tmp/pip-install-bdhf_tmp/pyarrow/setup.py';f=getattr(tokenize, 'open', open)(__file__);code=f.read().replace('\\r\\n', '\\n');f.close();exec(compile(code, __file__, 'exec'))\" install --record /tmp/pip-record-2w8m2gbe/install-record.txt --single-version-externally-managed --compile\" failed with error code 1 in /tmp/pip-install-bdhf_tmp/pyarrow/}}",
        "customfield_10010": null,
        "timetracking": {},
        "customfield_12314523": null,
        "customfield_12314127": null,
        "customfield_12314522": null,
        "customfield_12314126": null,
        "customfield_12314521": null,
        "customfield_12314125": null,
        "customfield_12314520": null,
        "customfield_12314124": null,
        "attachment": [],
        "customfield_12312340": null,
        "customfield_12314123": null,
        "customfield_12312341": null,
        "customfield_12312220": null,
        "customfield_12314122": null,
        "customfield_12314121": null,
        "customfield_12314120": null,
        "customfield_12314129": null,
        "customfield_12314524": null,
        "customfield_12314128": null,
        "summary": "[Python] \"Could NOT find Arrow\": Installing \"pyarrow\" via pip3 on Debian 10",
        "customfield_12314130": null,
        "customfield_12310291": null,
        "customfield_12310290": null,
        "customfield_12314138": null,
        "customfield_12314137": null,
        "environment": "Debian 10 (stable / buster)\r\nPython 3.7.3\r\npandas 1.2.4 (current stable)",
        "customfield_12314136": null,
        "customfield_12314135": null,
        "customfield_12311020": null,
        "customfield_12314134": null,
        "duedate": null,
        "customfield_12314132": null,
        "customfield_12314131": null,
        "comment": {
            "comments": [
                {
                    "self": "https://issues.apache.org/jira/rest/api/2/issue/13381641/comment/17356047",
                    "id": "17356047",
                    "author": {
                        "self": "https://issues.apache.org/jira/rest/api/2/user?username=kou",
                        "name": "kou",
                        "key": "kou",
                        "avatarUrls": {
                            "48x48": "https://issues.apache.org/jira/secure/useravatar?ownerId=kou&avatarId=30762",
                            "24x24": "https://issues.apache.org/jira/secure/useravatar?size=small&ownerId=kou&avatarId=30762",
                            "16x16": "https://issues.apache.org/jira/secure/useravatar?size=xsmall&ownerId=kou&avatarId=30762",
                            "32x32": "https://issues.apache.org/jira/secure/useravatar?size=medium&ownerId=kou&avatarId=30762"
                        },
                        "displayName": "Kouhei Sutou",
                        "active": true,
                        "timeZone": "Asia/Tokyo"
                    },
                    "body": "Could you upgrade your pip and try again?",
                    "updateAuthor": {
                        "self": "https://issues.apache.org/jira/rest/api/2/user?username=kou",
                        "name": "kou",
                        "key": "kou",
                        "avatarUrls": {
                            "48x48": "https://issues.apache.org/jira/secure/useravatar?ownerId=kou&avatarId=30762",
                            "24x24": "https://issues.apache.org/jira/secure/useravatar?size=small&ownerId=kou&avatarId=30762",
                            "16x16": "https://issues.apache.org/jira/secure/useravatar?size=xsmall&ownerId=kou&avatarId=30762",
                            "32x32": "https://issues.apache.org/jira/secure/useravatar?size=medium&ownerId=kou&avatarId=30762"
                        },
                        "displayName": "Kouhei Sutou",
                        "active": true,
                        "timeZone": "Asia/Tokyo"
                    },
                    "created": "2021-06-02T23:42:10.068+0000",
                    "updated": "2021-06-02T23:42:10.068+0000"
                },
                {
                    "self": "https://issues.apache.org/jira/rest/api/2/issue/13381641/comment/17356270",
                    "id": "17356270",
                    "author": {
                        "self": "https://issues.apache.org/jira/rest/api/2/user?username=buhtz",
                        "name": "buhtz",
                        "key": "buhtz",
                        "avatarUrls": {
                            "48x48": "https://issues.apache.org/jira/secure/useravatar?avatarId=10452",
                            "24x24": "https://issues.apache.org/jira/secure/useravatar?size=small&avatarId=10452",
                            "16x16": "https://issues.apache.org/jira/secure/useravatar?size=xsmall&avatarId=10452",
                            "32x32": "https://issues.apache.org/jira/secure/useravatar?size=medium&avatarId=10452"
                        },
                        "displayName": "Christian Buhtz",
                        "active": true,
                        "timeZone": "Etc/UTC"
                    },
                    "body": "This works. Maybe you could improve your pip-build-script a bit that it check for the correct pip version or give a warning/error message about it?\r\n\r\n{{sudo pip3 install -U pip}}\r\n{{[sudo] Passwort f\u00fcr user: }}\r\n{{Cache entry deserialization failed, entry ignored}}\r\n{{Collecting pip}}\r\n{{ Downloading https://files.pythonhosted.org/packages/cd/82/04e9aaf603fdbaecb4323b9e723f13c92c245f6ab2902195c53987848c78/pip-21.1.2-py3-none-any.whl (1.5MB)}}\r\n{{ 100% |\u2588\u2588\u2588\u2588\u2588\u2588\u2588\u2588\u2588\u2588\u2588\u2588\u2588\u2588\u2588\u2588\u2588\u2588\u2588\u2588\u2588\u2588\u2588\u2588\u2588\u2588\u2588\u2588\u2588\u2588\u2588\u2588| 1.6MB 821kB/s }}\r\n{{Installing collected packages: pip}}\r\n{{ Found existing installation: pip 18.1}}\r\n{{ Not uninstalling pip at /usr/lib/python3/dist-packages, outside environment /usr}}\r\n{{ Can't uninstall 'pip'. No files were found to uninstall.}}\r\n{{Successfully installed pip-21.1.2}}\r\n\r\nI tried again\r\n\r\n{{sudo pip3 install -U pyarrow}}\r\n{{Collecting pyarrow}}\r\n{{ Downloading pyarrow-4.0.1-cp37-cp37m-manylinux2014_x86_64.whl (21.8 MB)}}\r\n{{ |\u2588\u2588\u2588\u2588\u2588\u2588\u2588\u2588\u2588\u2588\u2588\u2588\u2588\u2588\u2588\u2588\u2588\u2588\u2588\u2588\u2588\u2588\u2588\u2588\u2588\u2588\u2588\u2588\u2588\u2588\u2588\u2588| 21.8 MB 2.0 MB/s }}\r\n{{Requirement already satisfied: numpy>=1.16.6 in /usr/local/lib/python3.7/dist-packages (from pyarrow) (1.20.3)}}\r\n{{Installing collected packages: pyarrow}}\r\n{{Successfully installed pyarrow-4.0.1}}\r\n\r\n\u00a0\r\n\r\nOK, it works now.",
                    "updateAuthor": {
                        "self": "https://issues.apache.org/jira/rest/api/2/user?username=buhtz",
                        "name": "buhtz",
                        "key": "buhtz",
                        "avatarUrls": {
                            "48x48": "https://issues.apache.org/jira/secure/useravatar?avatarId=10452",
                            "24x24": "https://issues.apache.org/jira/secure/useravatar?size=small&avatarId=10452",
                            "16x16": "https://issues.apache.org/jira/secure/useravatar?size=xsmall&avatarId=10452",
                            "32x32": "https://issues.apache.org/jira/secure/useravatar?size=medium&avatarId=10452"
                        },
                        "displayName": "Christian Buhtz",
                        "active": true,
                        "timeZone": "Etc/UTC"
                    },
                    "created": "2021-06-03T07:45:58.726+0000",
                    "updated": "2021-06-03T07:45:58.726+0000"
                },
                {
                    "self": "https://issues.apache.org/jira/rest/api/2/issue/13381641/comment/17356986",
                    "id": "17356986",
                    "author": {
                        "self": "https://issues.apache.org/jira/rest/api/2/user?username=kou",
                        "name": "kou",
                        "key": "kou",
                        "avatarUrls": {
                            "48x48": "https://issues.apache.org/jira/secure/useravatar?ownerId=kou&avatarId=30762",
                            "24x24": "https://issues.apache.org/jira/secure/useravatar?size=small&ownerId=kou&avatarId=30762",
                            "16x16": "https://issues.apache.org/jira/secure/useravatar?size=xsmall&ownerId=kou&avatarId=30762",
                            "32x32": "https://issues.apache.org/jira/secure/useravatar?size=medium&ownerId=kou&avatarId=30762"
                        },
                        "displayName": "Kouhei Sutou",
                        "active": true,
                        "timeZone": "Asia/Tokyo"
                    },
                    "body": "We dropped support for manylinux1.\r\nAnd pip added support for manylinux2010 since 19.0: https://pip.pypa.io/en/stable/news/#v19-0\r\nAnd Debian GNU/Linux buster ships pip 18.1.\r\npip < 19.0 uses source archive instead of wheel. Pip with source archive is also supported installation.\r\n\r\nDo you have any idea to improve your situation? If you have, could you open a pull request?",
                    "updateAuthor": {
                        "self": "https://issues.apache.org/jira/rest/api/2/user?username=kou",
                        "name": "kou",
                        "key": "kou",
                        "avatarUrls": {
                            "48x48": "https://issues.apache.org/jira/secure/useravatar?ownerId=kou&avatarId=30762",
                            "24x24": "https://issues.apache.org/jira/secure/useravatar?size=small&ownerId=kou&avatarId=30762",
                            "16x16": "https://issues.apache.org/jira/secure/useravatar?size=xsmall&ownerId=kou&avatarId=30762",
                            "32x32": "https://issues.apache.org/jira/secure/useravatar?size=medium&ownerId=kou&avatarId=30762"
                        },
                        "displayName": "Kouhei Sutou",
                        "active": true,
                        "timeZone": "Asia/Tokyo"
                    },
                    "created": "2021-06-04T00:34:49.915+0000",
                    "updated": "2021-06-04T00:34:49.915+0000"
                },
                {
                    "self": "https://issues.apache.org/jira/rest/api/2/issue/13381641/comment/17357897",
                    "id": "17357897",
                    "author": {
                        "self": "https://issues.apache.org/jira/rest/api/2/user?username=buhtz",
                        "name": "buhtz",
                        "key": "buhtz",
                        "avatarUrls": {
                            "48x48": "https://issues.apache.org/jira/secure/useravatar?avatarId=10452",
                            "24x24": "https://issues.apache.org/jira/secure/useravatar?size=small&avatarId=10452",
                            "16x16": "https://issues.apache.org/jira/secure/useravatar?size=xsmall&avatarId=10452",
                            "32x32": "https://issues.apache.org/jira/secure/useravatar?size=medium&avatarId=10452"
                        },
                        "displayName": "Christian Buhtz",
                        "active": true,
                        "timeZone": "Etc/UTC"
                    },
                    "body": "Sorry I am not an expert here. I had to ask Wikipedia to know what \"manylinux\" is.\r\n\r\nIn the news I read about that pip switched from sources to wheel. But I am not deep enough into that topic to know about the konsequences.\r\n\r\nI have no idea what the problem is or how this could be handled in the Debian context. I would suggest to contact the Debian people at their python-mailinglist or open a ticket about the \"python3-pyarrow\" package.",
                    "updateAuthor": {
                        "self": "https://issues.apache.org/jira/rest/api/2/user?username=buhtz",
                        "name": "buhtz",
                        "key": "buhtz",
                        "avatarUrls": {
                            "48x48": "https://issues.apache.org/jira/secure/useravatar?avatarId=10452",
                            "24x24": "https://issues.apache.org/jira/secure/useravatar?size=small&avatarId=10452",
                            "16x16": "https://issues.apache.org/jira/secure/useravatar?size=xsmall&avatarId=10452",
                            "32x32": "https://issues.apache.org/jira/secure/useravatar?size=medium&avatarId=10452"
                        },
                        "displayName": "Christian Buhtz",
                        "active": true,
                        "timeZone": "Etc/UTC"
                    },
                    "created": "2021-06-05T15:43:20.271+0000",
                    "updated": "2021-06-05T15:43:20.271+0000"
                },
                {
                    "self": "https://issues.apache.org/jira/rest/api/2/issue/13381641/comment/17392912",
                    "id": "17392912",
                    "author": {
                        "self": "https://issues.apache.org/jira/rest/api/2/user?username=apitrou",
                        "name": "apitrou",
                        "key": "pitrou",
                        "avatarUrls": {
                            "48x48": "https://issues.apache.org/jira/secure/useravatar?ownerId=pitrou&avatarId=35049",
                            "24x24": "https://issues.apache.org/jira/secure/useravatar?size=small&ownerId=pitrou&avatarId=35049",
                            "16x16": "https://issues.apache.org/jira/secure/useravatar?size=xsmall&ownerId=pitrou&avatarId=35049",
                            "32x32": "https://issues.apache.org/jira/secure/useravatar?size=medium&ownerId=pitrou&avatarId=35049"
                        },
                        "displayName": "Antoine Pitrou",
                        "active": true,
                        "timeZone": "Europe/Paris"
                    },
                    "body": "[~jorisvandenbossche] [~amol-] We may want to find a way to warn users from our {{setup.py}} when pip is trying to install from source by mistake.",
                    "updateAuthor": {
                        "self": "https://issues.apache.org/jira/rest/api/2/user?username=apitrou",
                        "name": "apitrou",
                        "key": "pitrou",
                        "avatarUrls": {
                            "48x48": "https://issues.apache.org/jira/secure/useravatar?ownerId=pitrou&avatarId=35049",
                            "24x24": "https://issues.apache.org/jira/secure/useravatar?size=small&ownerId=pitrou&avatarId=35049",
                            "16x16": "https://issues.apache.org/jira/secure/useravatar?size=xsmall&ownerId=pitrou&avatarId=35049",
                            "32x32": "https://issues.apache.org/jira/secure/useravatar?size=medium&ownerId=pitrou&avatarId=35049"
                        },
                        "displayName": "Antoine Pitrou",
                        "active": true,
                        "timeZone": "Europe/Paris"
                    },
                    "created": "2021-08-04T09:26:31.795+0000",
                    "updated": "2021-08-04T09:26:31.795+0000"
                }
            ],
            "maxResults": 5,
            "total": 5,
            "startAt": 0
        },
        "customfield_12311820": "0|z0rktk:",
        "customfield_12314139": null
    }
}