{
    "expand": "operations,versionedRepresentations,editmeta,changelog,renderedFields",
    "id": "13366395",
    "self": "https://issues.apache.org/jira/rest/api/2/issue/13366395",
    "key": "ARROW-12026",
    "fields": {
        "fixVersions": [],
        "resolution": {
            "self": "https://issues.apache.org/jira/rest/api/2/resolution/10003",
            "id": "10003",
            "description": "Resolved",
            "name": "Resolved"
        },
        "customfield_12312322": null,
        "customfield_12312323": null,
        "customfield_12312320": null,
        "customfield_12310420": "9223372036854775807",
        "customfield_12312321": null,
        "customfield_12312328": null,
        "customfield_12312329": null,
        "customfield_12312326": null,
        "customfield_12310300": null,
        "customfield_12312327": null,
        "customfield_12312324": null,
        "customfield_12312720": null,
        "customfield_12312325": null,
        "lastViewed": null,
        "priority": {
            "self": "https://issues.apache.org/jira/rest/api/2/priority/5",
            "iconUrl": "https://issues.apache.org/jira/images/icons/priorities/trivial.svg",
            "name": "Trivial",
            "id": "5"
        },
        "labels": [],
        "customfield_12312333": null,
        "customfield_12312334": null,
        "customfield_12313422": "false",
        "customfield_12310310": "0.0",
        "customfield_12312331": null,
        "customfield_12312332": null,
        "aggregatetimeoriginalestimate": null,
        "timeestimate": null,
        "customfield_12312330": null,
        "versions": [
            {
                "self": "https://issues.apache.org/jira/rest/api/2/version/12348823",
                "id": "12348823",
                "description": "",
                "name": "3.0.0",
                "archived": false,
                "released": true,
                "releaseDate": "2021-01-25"
            }
        ],
        "customfield_12311120": null,
        "customfield_12313826": null,
        "customfield_12312339": null,
        "issuelinks": [],
        "customfield_12313825": null,
        "assignee": null,
        "customfield_12312337": null,
        "customfield_12313823": null,
        "customfield_12312338": null,
        "customfield_12311920": null,
        "customfield_12313822": null,
        "customfield_12312335": null,
        "customfield_12313821": null,
        "customfield_12312336": null,
        "customfield_12313820": null,
        "status": {
            "self": "https://issues.apache.org/jira/rest/api/2/status/6",
            "description": "The issue is considered finished, the resolution is correct. Issues which are not closed can be reopened.",
            "iconUrl": "https://issues.apache.org/jira/images/icons/statuses/closed.png",
            "name": "Closed",
            "id": "6",
            "statusCategory": {
                "self": "https://issues.apache.org/jira/rest/api/2/statuscategory/3",
                "id": 3,
                "key": "done",
                "colorName": "green",
                "name": "Done"
            }
        },
        "components": [
            {
                "self": "https://issues.apache.org/jira/rest/api/2/component/12333008",
                "id": "12333008",
                "name": "R"
            }
        ],
        "customfield_12312026": null,
        "customfield_12312023": null,
        "customfield_12312024": null,
        "aggregatetimeestimate": null,
        "customfield_12312022": null,
        "customfield_12310921": null,
        "customfield_12310920": "9223372036854775807",
        "customfield_12312823": null,
        "creator": {
            "self": "https://issues.apache.org/jira/rest/api/2/user?username=karthik_j",
            "name": "karthik_j",
            "key": "karthik_j",
            "avatarUrls": {
                "48x48": "https://issues.apache.org/jira/secure/useravatar?avatarId=10452",
                "24x24": "https://issues.apache.org/jira/secure/useravatar?size=small&avatarId=10452",
                "16x16": "https://issues.apache.org/jira/secure/useravatar?size=xsmall&avatarId=10452",
                "32x32": "https://issues.apache.org/jira/secure/useravatar?size=medium&avatarId=10452"
            },
            "displayName": "Karthikeyan Janakiraman",
            "active": true,
            "timeZone": "Etc/UTC"
        },
        "subtasks": [],
        "reporter": {
            "self": "https://issues.apache.org/jira/rest/api/2/user?username=karthik_j",
            "name": "karthik_j",
            "key": "karthik_j",
            "avatarUrls": {
                "48x48": "https://issues.apache.org/jira/secure/useravatar?avatarId=10452",
                "24x24": "https://issues.apache.org/jira/secure/useravatar?size=small&avatarId=10452",
                "16x16": "https://issues.apache.org/jira/secure/useravatar?size=xsmall&avatarId=10452",
                "32x32": "https://issues.apache.org/jira/secure/useravatar?size=medium&avatarId=10452"
            },
            "displayName": "Karthikeyan Janakiraman",
            "active": true,
            "timeZone": "Etc/UTC"
        },
        "aggregateprogress": {
            "progress": 0,
            "total": 0
        },
        "customfield_12313520": null,
        "customfield_12310250": null,
        "progress": {
            "progress": 0,
            "total": 0
        },
        "customfield_12313924": null,
        "votes": {
            "self": "https://issues.apache.org/jira/rest/api/2/issue/ARROW-12026/votes",
            "votes": 0,
            "hasVoted": false
        },
        "worklog": {
            "startAt": 0,
            "maxResults": 20,
            "total": 0,
            "worklogs": []
        },
        "customfield_12313920": null,
        "issuetype": {
            "self": "https://issues.apache.org/jira/rest/api/2/issuetype/1",
            "id": "1",
            "description": "A problem which impairs or prevents the functions of the product.",
            "iconUrl": "https://issues.apache.org/jira/secure/viewavatar?size=xsmall&avatarId=21133&avatarType=issuetype",
            "name": "Bug",
            "subtask": false,
            "avatarId": 21133
        },
        "timespent": null,
        "customfield_12314020": "{summaryBean=com.atlassian.jira.plugin.devstatus.rest.SummaryBean@24f9ab55[summary={pullrequest=com.atlassian.jira.plugin.devstatus.rest.SummaryItemBean@7d7968e0[overall=PullRequestOverallBean{stateCount=0, state='OPEN', details=PullRequestOverallDetails{openCount=0, mergedCount=0, declinedCount=0}},byInstanceType={}], build=com.atlassian.jira.plugin.devstatus.rest.SummaryItemBean@6719f62e[overall=com.atlassian.jira.plugin.devstatus.summary.beans.BuildOverallBean@5111ac45[failedBuildCount=0,successfulBuildCount=0,unknownBuildCount=0,count=0,lastUpdated=<null>,lastUpdatedTimestamp=<null>],byInstanceType={}], review=com.atlassian.jira.plugin.devstatus.rest.SummaryItemBean@629b99d7[overall=com.atlassian.jira.plugin.devstatus.summary.beans.ReviewsOverallBean@76e13ce1[stateCount=0,state=<null>,dueDate=<null>,overDue=false,count=0,lastUpdated=<null>,lastUpdatedTimestamp=<null>],byInstanceType={}], deployment-environment=com.atlassian.jira.plugin.devstatus.rest.SummaryItemBean@5ee10c95[overall=com.atlassian.jira.plugin.devstatus.summary.beans.DeploymentOverallBean@24ef088[topEnvironments=[],showProjects=false,successfulCount=0,count=0,lastUpdated=<null>,lastUpdatedTimestamp=<null>],byInstanceType={}], repository=com.atlassian.jira.plugin.devstatus.rest.SummaryItemBean@3c259437[overall=com.atlassian.jira.plugin.devstatus.summary.beans.CommitOverallBean@43dcb166[count=0,lastUpdated=<null>,lastUpdatedTimestamp=<null>],byInstanceType={}], branch=com.atlassian.jira.plugin.devstatus.rest.SummaryItemBean@150f982c[overall=com.atlassian.jira.plugin.devstatus.summary.beans.BranchOverallBean@6030e0b5[count=0,lastUpdated=<null>,lastUpdatedTimestamp=<null>],byInstanceType={}]},errors=[],configErrors=[]], devSummaryJson={\"cachedValue\":{\"errors\":[],\"configErrors\":[],\"summary\":{\"pullrequest\":{\"overall\":{\"count\":0,\"lastUpdated\":null,\"stateCount\":0,\"state\":\"OPEN\",\"details\":{\"openCount\":0,\"mergedCount\":0,\"declinedCount\":0,\"total\":0},\"open\":true},\"byInstanceType\":{}},\"build\":{\"overall\":{\"count\":0,\"lastUpdated\":null,\"failedBuildCount\":0,\"successfulBuildCount\":0,\"unknownBuildCount\":0},\"byInstanceType\":{}},\"review\":{\"overall\":{\"count\":0,\"lastUpdated\":null,\"stateCount\":0,\"state\":null,\"dueDate\":null,\"overDue\":false,\"completed\":false},\"byInstanceType\":{}},\"deployment-environment\":{\"overall\":{\"count\":0,\"lastUpdated\":null,\"topEnvironments\":[],\"showProjects\":false,\"successfulCount\":0},\"byInstanceType\":{}},\"repository\":{\"overall\":{\"count\":0,\"lastUpdated\":null},\"byInstanceType\":{}},\"branch\":{\"overall\":{\"count\":0,\"lastUpdated\":null},\"byInstanceType\":{}}}},\"isStale\":false}}",
        "customfield_12314141": null,
        "customfield_12314140": null,
        "project": {
            "self": "https://issues.apache.org/jira/rest/api/2/project/12319525",
            "id": "12319525",
            "key": "ARROW",
            "name": "Apache Arrow",
            "projectTypeKey": "software",
            "avatarUrls": {
                "48x48": "https://issues.apache.org/jira/secure/projectavatar?pid=12319525&avatarId=10011",
                "24x24": "https://issues.apache.org/jira/secure/projectavatar?size=small&pid=12319525&avatarId=10011",
                "16x16": "https://issues.apache.org/jira/secure/projectavatar?size=xsmall&pid=12319525&avatarId=10011",
                "32x32": "https://issues.apache.org/jira/secure/projectavatar?size=medium&pid=12319525&avatarId=10011"
            },
            "projectCategory": {
                "self": "https://issues.apache.org/jira/rest/api/2/projectCategory/13960",
                "id": "13960",
                "description": "Apache Arrow",
                "name": "Arrow"
            }
        },
        "aggregatetimespent": null,
        "customfield_12312520": null,
        "customfield_12312521": "Thu Oct 27 19:14:16 UTC 2022",
        "customfield_12314422": null,
        "customfield_12314421": null,
        "customfield_12314146": null,
        "customfield_12314420": null,
        "customfield_12314145": null,
        "customfield_12314144": null,
        "customfield_12314143": null,
        "resolutiondate": "2022-10-27T19:14:35.000+0000",
        "workratio": -1,
        "customfield_12312923": null,
        "customfield_12312920": null,
        "customfield_12312921": null,
        "watches": {
            "self": "https://issues.apache.org/jira/rest/api/2/issue/ARROW-12026/watchers",
            "watchCount": 4,
            "isWatching": false
        },
        "created": "2021-03-19T16:26:03.000+0000",
        "updated": "2022-10-27T19:14:35.000+0000",
        "timeoriginalestimate": null,
        "description": "I have followed below steps however seeing the error on summary when I try to read parquet from S3.\u00a0\r\n\r\n\u00a0\r\n\r\n1. export LIBARROW_MINIMAL=false\r\n{code:java}\r\n[root@c1cce557dba3 tmp]# printenv | grep LIBARROW_MINIMAL\r\nLIBARROW_MINIMAL=false{code}\r\n\u00a0\r\n\r\n2. Install arrow\u00a0\r\n\r\n\r\n\r\n{code:java}\r\nR CMD INSTALL arrow_3.0.0.tar.gz\r\n{code}\r\n\u00a0\u00a0\r\n\r\n3. Get into R prompt and load arrow\r\n{code:java}\r\n\r\n> library('arrow')\r\nAttaching package: \u2018arrow\u2019The following object is masked from \u2018package:utils\u2019:    timestamp\r\n> \r\n\r\n{code}\r\n4. When I try to read a parquet from S3 bucket seeing below error,\u00a0\r\n\r\n\u00a0\r\n{code:java}\r\n> df <- read_parquet(\"s3://my_bucket/test-parquet/refinement.parquet\")\r\nError: NotImplemented: Got S3 URI but Arrow compiled without S3 support\r\n{code}\r\n\u00a0",
        "customfield_10010": null,
        "timetracking": {},
        "customfield_12314523": null,
        "customfield_12314127": null,
        "customfield_12314522": null,
        "customfield_12314126": null,
        "customfield_12314521": null,
        "customfield_12314125": null,
        "customfield_12314520": null,
        "customfield_12314124": null,
        "attachment": [],
        "customfield_12312340": null,
        "customfield_12314123": null,
        "customfield_12312341": null,
        "customfield_12312220": null,
        "customfield_12314122": null,
        "customfield_12314121": null,
        "customfield_12314120": null,
        "customfield_12314129": null,
        "customfield_12314524": null,
        "customfield_12314128": null,
        "summary": "[R] NotImplemented: Got S3 URI but Arrow compiled without S3 support",
        "customfield_12314130": null,
        "customfield_12310291": null,
        "customfield_12310290": null,
        "customfield_12314138": null,
        "customfield_12314137": null,
        "environment": "QA",
        "customfield_12314136": null,
        "customfield_12314135": null,
        "customfield_12311020": null,
        "customfield_12314134": null,
        "duedate": null,
        "customfield_12314132": null,
        "customfield_12314131": null,
        "comment": {
            "comments": [
                {
                    "self": "https://issues.apache.org/jira/rest/api/2/issue/13366395/comment/17305064",
                    "id": "17305064",
                    "author": {
                        "self": "https://issues.apache.org/jira/rest/api/2/user?username=jonkeane",
                        "name": "jonkeane",
                        "key": "jonkeane",
                        "avatarUrls": {
                            "48x48": "https://issues.apache.org/jira/secure/useravatar?avatarId=34057",
                            "24x24": "https://issues.apache.org/jira/secure/useravatar?size=small&avatarId=34057",
                            "16x16": "https://issues.apache.org/jira/secure/useravatar?size=xsmall&avatarId=34057",
                            "32x32": "https://issues.apache.org/jira/secure/useravatar?size=medium&avatarId=34057"
                        },
                        "displayName": "Jonathan Keane",
                        "active": true,
                        "timeZone": "Etc/UTC"
                    },
                    "body": "Hello, thank you for submitting a ticket. \r\n\r\nWould you mind telling us what operating system you're using? It would also be helpful to send us the output when you run {{R CMD INSTALL arrow_3.0.0.tar.gz}}? It would also be helpful to set the environment variable `ARROW_R_DEV=TRUE` which will enable a bit more verbose output there.",
                    "updateAuthor": {
                        "self": "https://issues.apache.org/jira/rest/api/2/user?username=jonkeane",
                        "name": "jonkeane",
                        "key": "jonkeane",
                        "avatarUrls": {
                            "48x48": "https://issues.apache.org/jira/secure/useravatar?avatarId=34057",
                            "24x24": "https://issues.apache.org/jira/secure/useravatar?size=small&avatarId=34057",
                            "16x16": "https://issues.apache.org/jira/secure/useravatar?size=xsmall&avatarId=34057",
                            "32x32": "https://issues.apache.org/jira/secure/useravatar?size=medium&avatarId=34057"
                        },
                        "displayName": "Jonathan Keane",
                        "active": true,
                        "timeZone": "Etc/UTC"
                    },
                    "created": "2021-03-19T17:32:36.072+0000",
                    "updated": "2021-03-19T17:32:36.072+0000"
                },
                {
                    "self": "https://issues.apache.org/jira/rest/api/2/issue/13366395/comment/17305086",
                    "id": "17305086",
                    "author": {
                        "self": "https://issues.apache.org/jira/rest/api/2/user?username=karthik_j",
                        "name": "karthik_j",
                        "key": "karthik_j",
                        "avatarUrls": {
                            "48x48": "https://issues.apache.org/jira/secure/useravatar?avatarId=10452",
                            "24x24": "https://issues.apache.org/jira/secure/useravatar?size=small&avatarId=10452",
                            "16x16": "https://issues.apache.org/jira/secure/useravatar?size=xsmall&avatarId=10452",
                            "32x32": "https://issues.apache.org/jira/secure/useravatar?size=medium&avatarId=10452"
                        },
                        "displayName": "Karthikeyan Janakiraman",
                        "active": true,
                        "timeZone": "Etc/UTC"
                    },
                    "body": "Hey, Please find the below requested output. Please feel free to let me know for any other details. Thanks much.\u00a0\r\n\r\n\u00a0\r\n{code:java}\r\n[root@c1cce557dba3 tmp]# cat /etc/*elease \r\nCentOS Linux release 7.9.2009 (Core) \r\nNAME=\"CentOS Linux\" VERSION=\"7 \r\n(Core)\" ID=\"centos\" ID_LIKE=\"rhel fedora\" VERSION_ID=\"7\" PRETTY_NAME=\"CentOS Linux 7 (Core)\" ANSI_COLOR=\"0;31\" CPE_NAME=\"cpe:/o:centos:centos:7\" HOME_URL=\"https://www.centos.org/\" BUG_REPORT_URL=\"https://bugs.centos.org/\"CENTOS_MANTISBT_PROJECT=\"CentOS-7\" CENTOS_MANTISBT_PROJECT_VERSION=\"7\" REDHAT_SUPPORT_PRODUCT=\"centos\" REDHAT_SUPPORT_PRODUCT_VERSION=\"7\"CentOS Linux release 7.9.2009 (Core) CentOS Linux release 7.9.2009 (Core) [root@c1cce557dba3 tmp]#\r\n{code}\r\n{code:java}\r\n[root@c1cce557dba3 tmp]# export ARROW_R_DEV=TRUE\r\n[root@c1cce557dba3 tmp]# R CMD INSTALL arrow_3.0.0.tar.gz \r\n* installing to library \u2018/usr/lib64/R/library\u2019\r\n* installing *source* package \u2018arrow\u2019 ...\r\n** package \u2018arrow\u2019 successfully unpacked and MD5 sums checked\r\n** using staged installation\r\n*** Arrow C++ libraries found via pkg-config\r\nPKG_CFLAGS=  -DARROW_R_WITH_ARROW\r\nPKG_LIBS=-larrow_dataset -lparquet -larrow  \r\n** libs\r\ng++ -m64 -std=gnu++11 -I\"/usr/include/R\" -DNDEBUG -DARROW_R_WITH_ARROW -I\"/usr/lib64/R/library/cpp11/include\" -I/usr/local/include  -fpic  -O2 -g -pipe -Wall -Wp,-D_FORTIFY_SOURCE=2 -fexceptions -fstack-protector-strong --param=ssp-buffer-size=4 -grecord-gcc-switches   -m64 -mtune=generic  -c array.cpp -o array.o\r\ng++ -m64 -std=gnu++11 -I\"/usr/include/R\" -DNDEBUG -DARROW_R_WITH_ARROW -I\"/usr/lib64/R/library/cpp11/include\" -I/usr/local/include  -fpic  -O2 -g -pipe -Wall -Wp,-D_FORTIFY_SOURCE=2 -fexceptions -fstack-protector-strong --param=ssp-buffer-size=4 -grecord-gcc-switches   -m64 -mtune=generic  -c array_from_vector.cpp -o array_from_vector.o\r\ng++ -m64 -std=gnu++11 -I\"/usr/include/R\" -DNDEBUG -DARROW_R_WITH_ARROW -I\"/usr/lib64/R/library/cpp11/include\" -I/usr/local/include  -fpic  -O2 -g -pipe -Wall -Wp,-D_FORTIFY_SOURCE=2 -fexceptions -fstack-protector-strong --param=ssp-buffer-size=4 -grecord-gcc-switches   -m64 -mtune=generic  -c array_to_vector.cpp -o array_to_vector.o\r\ng++ -m64 -std=gnu++11 -I\"/usr/include/R\" -DNDEBUG -DARROW_R_WITH_ARROW -I\"/usr/lib64/R/library/cpp11/include\" -I/usr/local/include  -fpic  -O2 -g -pipe -Wall -Wp,-D_FORTIFY_SOURCE=2 -fexceptions -fstack-protector-strong --param=ssp-buffer-size=4 -grecord-gcc-switches   -m64 -mtune=generic  -c arraydata.cpp -o arraydata.o\r\ng++ -m64 -std=gnu++11 -I\"/usr/include/R\" -DNDEBUG -DARROW_R_WITH_ARROW -I\"/usr/lib64/R/library/cpp11/include\" -I/usr/local/include  -fpic  -O2 -g -pipe -Wall -Wp,-D_FORTIFY_SOURCE=2 -fexceptions -fstack-protector-strong --param=ssp-buffer-size=4 -grecord-gcc-switches   -m64 -mtune=generic  -c arrowExports.cpp -o arrowExports.o\r\ng++ -m64 -std=gnu++11 -I\"/usr/include/R\" -DNDEBUG -DARROW_R_WITH_ARROW -I\"/usr/lib64/R/library/cpp11/include\" -I/usr/local/include  -fpic  -O2 -g -pipe -Wall -Wp,-D_FORTIFY_SOURCE=2 -fexceptions -fstack-protector-strong --param=ssp-buffer-size=4 -grecord-gcc-switches   -m64 -mtune=generic  -c buffer.cpp -o buffer.o\r\ng++ -m64 -std=gnu++11 -I\"/usr/include/R\" -DNDEBUG -DARROW_R_WITH_ARROW -I\"/usr/lib64/R/library/cpp11/include\" -I/usr/local/include  -fpic  -O2 -g -pipe -Wall -Wp,-D_FORTIFY_SOURCE=2 -fexceptions -fstack-protector-strong --param=ssp-buffer-size=4 -grecord-gcc-switches   -m64 -mtune=generic  -c chunkedarray.cpp -o chunkedarray.o\r\ng++ -m64 -std=gnu++11 -I\"/usr/include/R\" -DNDEBUG -DARROW_R_WITH_ARROW -I\"/usr/lib64/R/library/cpp11/include\" -I/usr/local/include  -fpic  -O2 -g -pipe -Wall -Wp,-D_FORTIFY_SOURCE=2 -fexceptions -fstack-protector-strong --param=ssp-buffer-size=4 -grecord-gcc-switches   -m64 -mtune=generic  -c compression.cpp -o compression.o\r\ng++ -m64 -std=gnu++11 -I\"/usr/include/R\" -DNDEBUG -DARROW_R_WITH_ARROW -I\"/usr/lib64/R/library/cpp11/include\" -I/usr/local/include  -fpic  -O2 -g -pipe -Wall -Wp,-D_FORTIFY_SOURCE=2 -fexceptions -fstack-protector-strong --param=ssp-buffer-size=4 -grecord-gcc-switches   -m64 -mtune=generic  -c compute.cpp -o compute.o\r\ng++ -m64 -std=gnu++11 -I\"/usr/include/R\" -DNDEBUG -DARROW_R_WITH_ARROW -I\"/usr/lib64/R/library/cpp11/include\" -I/usr/local/include  -fpic  -O2 -g -pipe -Wall -Wp,-D_FORTIFY_SOURCE=2 -fexceptions -fstack-protector-strong --param=ssp-buffer-size=4 -grecord-gcc-switches   -m64 -mtune=generic  -c csv.cpp -o csv.o\r\ng++ -m64 -std=gnu++11 -I\"/usr/include/R\" -DNDEBUG -DARROW_R_WITH_ARROW -I\"/usr/lib64/R/library/cpp11/include\" -I/usr/local/include  -fpic  -O2 -g -pipe -Wall -Wp,-D_FORTIFY_SOURCE=2 -fexceptions -fstack-protector-strong --param=ssp-buffer-size=4 -grecord-gcc-switches   -m64 -mtune=generic  -c dataset.cpp -o dataset.o\r\ng++ -m64 -std=gnu++11 -I\"/usr/include/R\" -DNDEBUG -DARROW_R_WITH_ARROW -I\"/usr/lib64/R/library/cpp11/include\" -I/usr/local/include  -fpic  -O2 -g -pipe -Wall -Wp,-D_FORTIFY_SOURCE=2 -fexceptions -fstack-protector-strong --param=ssp-buffer-size=4 -grecord-gcc-switches   -m64 -mtune=generic  -c datatype.cpp -o datatype.o\r\ng++ -m64 -std=gnu++11 -I\"/usr/include/R\" -DNDEBUG -DARROW_R_WITH_ARROW -I\"/usr/lib64/R/library/cpp11/include\" -I/usr/local/include  -fpic  -O2 -g -pipe -Wall -Wp,-D_FORTIFY_SOURCE=2 -fexceptions -fstack-protector-strong --param=ssp-buffer-size=4 -grecord-gcc-switches   -m64 -mtune=generic  -c expression.cpp -o expression.o\r\ng++ -m64 -std=gnu++11 -I\"/usr/include/R\" -DNDEBUG -DARROW_R_WITH_ARROW -I\"/usr/lib64/R/library/cpp11/include\" -I/usr/local/include  -fpic  -O2 -g -pipe -Wall -Wp,-D_FORTIFY_SOURCE=2 -fexceptions -fstack-protector-strong --param=ssp-buffer-size=4 -grecord-gcc-switches   -m64 -mtune=generic  -c feather.cpp -o feather.o\r\ng++ -m64 -std=gnu++11 -I\"/usr/include/R\" -DNDEBUG -DARROW_R_WITH_ARROW -I\"/usr/lib64/R/library/cpp11/include\" -I/usr/local/include  -fpic  -O2 -g -pipe -Wall -Wp,-D_FORTIFY_SOURCE=2 -fexceptions -fstack-protector-strong --param=ssp-buffer-size=4 -grecord-gcc-switches   -m64 -mtune=generic  -c field.cpp -o field.o\r\ng++ -m64 -std=gnu++11 -I\"/usr/include/R\" -DNDEBUG -DARROW_R_WITH_ARROW -I\"/usr/lib64/R/library/cpp11/include\" -I/usr/local/include  -fpic  -O2 -g -pipe -Wall -Wp,-D_FORTIFY_SOURCE=2 -fexceptions -fstack-protector-strong --param=ssp-buffer-size=4 -grecord-gcc-switches   -m64 -mtune=generic  -c filesystem.cpp -o filesystem.o\r\ng++ -m64 -std=gnu++11 -I\"/usr/include/R\" -DNDEBUG -DARROW_R_WITH_ARROW -I\"/usr/lib64/R/library/cpp11/include\" -I/usr/local/include  -fpic  -O2 -g -pipe -Wall -Wp,-D_FORTIFY_SOURCE=2 -fexceptions -fstack-protector-strong --param=ssp-buffer-size=4 -grecord-gcc-switches   -m64 -mtune=generic  -c imports.cpp -o imports.o\r\ng++ -m64 -std=gnu++11 -I\"/usr/include/R\" -DNDEBUG -DARROW_R_WITH_ARROW -I\"/usr/lib64/R/library/cpp11/include\" -I/usr/local/include  -fpic  -O2 -g -pipe -Wall -Wp,-D_FORTIFY_SOURCE=2 -fexceptions -fstack-protector-strong --param=ssp-buffer-size=4 -grecord-gcc-switches   -m64 -mtune=generic  -c io.cpp -o io.o\r\ng++ -m64 -std=gnu++11 -I\"/usr/include/R\" -DNDEBUG -DARROW_R_WITH_ARROW -I\"/usr/lib64/R/library/cpp11/include\" -I/usr/local/include  -fpic  -O2 -g -pipe -Wall -Wp,-D_FORTIFY_SOURCE=2 -fexceptions -fstack-protector-strong --param=ssp-buffer-size=4 -grecord-gcc-switches   -m64 -mtune=generic  -c json.cpp -o json.o\r\ng++ -m64 -std=gnu++11 -I\"/usr/include/R\" -DNDEBUG -DARROW_R_WITH_ARROW -I\"/usr/lib64/R/library/cpp11/include\" -I/usr/local/include  -fpic  -O2 -g -pipe -Wall -Wp,-D_FORTIFY_SOURCE=2 -fexceptions -fstack-protector-strong --param=ssp-buffer-size=4 -grecord-gcc-switches   -m64 -mtune=generic  -c memorypool.cpp -o memorypool.o\r\ng++ -m64 -std=gnu++11 -I\"/usr/include/R\" -DNDEBUG -DARROW_R_WITH_ARROW -I\"/usr/lib64/R/library/cpp11/include\" -I/usr/local/include  -fpic  -O2 -g -pipe -Wall -Wp,-D_FORTIFY_SOURCE=2 -fexceptions -fstack-protector-strong --param=ssp-buffer-size=4 -grecord-gcc-switches   -m64 -mtune=generic  -c message.cpp -o message.o\r\ng++ -m64 -std=gnu++11 -I\"/usr/include/R\" -DNDEBUG -DARROW_R_WITH_ARROW -I\"/usr/lib64/R/library/cpp11/include\" -I/usr/local/include  -fpic  -O2 -g -pipe -Wall -Wp,-D_FORTIFY_SOURCE=2 -fexceptions -fstack-protector-strong --param=ssp-buffer-size=4 -grecord-gcc-switches   -m64 -mtune=generic  -c parquet.cpp -o parquet.o\r\ng++ -m64 -std=gnu++11 -I\"/usr/include/R\" -DNDEBUG -DARROW_R_WITH_ARROW -I\"/usr/lib64/R/library/cpp11/include\" -I/usr/local/include  -fpic  -O2 -g -pipe -Wall -Wp,-D_FORTIFY_SOURCE=2 -fexceptions -fstack-protector-strong --param=ssp-buffer-size=4 -grecord-gcc-switches   -m64 -mtune=generic  -c py-to-r.cpp -o py-to-r.o\r\ng++ -m64 -std=gnu++11 -I\"/usr/include/R\" -DNDEBUG -DARROW_R_WITH_ARROW -I\"/usr/lib64/R/library/cpp11/include\" -I/usr/local/include  -fpic  -O2 -g -pipe -Wall -Wp,-D_FORTIFY_SOURCE=2 -fexceptions -fstack-protector-strong --param=ssp-buffer-size=4 -grecord-gcc-switches   -m64 -mtune=generic  -c recordbatch.cpp -o recordbatch.o\r\ng++ -m64 -std=gnu++11 -I\"/usr/include/R\" -DNDEBUG -DARROW_R_WITH_ARROW -I\"/usr/lib64/R/library/cpp11/include\" -I/usr/local/include  -fpic  -O2 -g -pipe -Wall -Wp,-D_FORTIFY_SOURCE=2 -fexceptions -fstack-protector-strong --param=ssp-buffer-size=4 -grecord-gcc-switches   -m64 -mtune=generic  -c recordbatchreader.cpp -o recordbatchreader.o\r\ng++ -m64 -std=gnu++11 -I\"/usr/include/R\" -DNDEBUG -DARROW_R_WITH_ARROW -I\"/usr/lib64/R/library/cpp11/include\" -I/usr/local/include  -fpic  -O2 -g -pipe -Wall -Wp,-D_FORTIFY_SOURCE=2 -fexceptions -fstack-protector-strong --param=ssp-buffer-size=4 -grecord-gcc-switches   -m64 -mtune=generic  -c recordbatchwriter.cpp -o recordbatchwriter.o\r\ng++ -m64 -std=gnu++11 -I\"/usr/include/R\" -DNDEBUG -DARROW_R_WITH_ARROW -I\"/usr/lib64/R/library/cpp11/include\" -I/usr/local/include  -fpic  -O2 -g -pipe -Wall -Wp,-D_FORTIFY_SOURCE=2 -fexceptions -fstack-protector-strong --param=ssp-buffer-size=4 -grecord-gcc-switches   -m64 -mtune=generic  -c scalar.cpp -o scalar.o\r\ng++ -m64 -std=gnu++11 -I\"/usr/include/R\" -DNDEBUG -DARROW_R_WITH_ARROW -I\"/usr/lib64/R/library/cpp11/include\" -I/usr/local/include  -fpic  -O2 -g -pipe -Wall -Wp,-D_FORTIFY_SOURCE=2 -fexceptions -fstack-protector-strong --param=ssp-buffer-size=4 -grecord-gcc-switches   -m64 -mtune=generic  -c schema.cpp -o schema.o\r\ng++ -m64 -std=gnu++11 -I\"/usr/include/R\" -DNDEBUG -DARROW_R_WITH_ARROW -I\"/usr/lib64/R/library/cpp11/include\" -I/usr/local/include  -fpic  -O2 -g -pipe -Wall -Wp,-D_FORTIFY_SOURCE=2 -fexceptions -fstack-protector-strong --param=ssp-buffer-size=4 -grecord-gcc-switches   -m64 -mtune=generic  -c symbols.cpp -o symbols.o\r\ng++ -m64 -std=gnu++11 -I\"/usr/include/R\" -DNDEBUG -DARROW_R_WITH_ARROW -I\"/usr/lib64/R/library/cpp11/include\" -I/usr/local/include  -fpic  -O2 -g -pipe -Wall -Wp,-D_FORTIFY_SOURCE=2 -fexceptions -fstack-protector-strong --param=ssp-buffer-size=4 -grecord-gcc-switches   -m64 -mtune=generic  -c table.cpp -o table.o\r\ng++ -m64 -std=gnu++11 -I\"/usr/include/R\" -DNDEBUG -DARROW_R_WITH_ARROW -I\"/usr/lib64/R/library/cpp11/include\" -I/usr/local/include  -fpic  -O2 -g -pipe -Wall -Wp,-D_FORTIFY_SOURCE=2 -fexceptions -fstack-protector-strong --param=ssp-buffer-size=4 -grecord-gcc-switches   -m64 -mtune=generic  -c threadpool.cpp -o threadpool.o\r\ng++ -m64 -std=gnu++11 -shared -L/usr/lib64/R/lib -Wl,-z,relro -o arrow.so array.o array_from_vector.o array_to_vector.o arraydata.o arrowExports.o buffer.o chunkedarray.o compression.o compute.o csv.o dataset.o datatype.o expression.o feather.o field.o filesystem.o imports.o io.o json.o memorypool.o message.o parquet.o py-to-r.o recordbatch.o recordbatchreader.o recordbatchwriter.o scalar.o schema.o symbols.o table.o threadpool.o -larrow_dataset -lparquet -larrow -L/usr/lib64/R/lib -lR\r\ninstalling to /usr/lib64/R/library/00LOCK-arrow/00new/arrow/libs\r\n** R\r\n** inst\r\n** byte-compile and prepare package for lazy loading\r\n** help\r\n*** installing help indices\r\nWarning in file.copy(file.path(R.home(\"doc\"), \"html\", \"R.css\"), outman) :\r\n  problem copying /usr/share/doc/R-3.6.0/html/R.css to /usr/lib64/R/library/00LOCK-arrow/00new/arrow/html/R.css: No such file or directory\r\n  converting help for package \u2018arrow\u2019\r\n    finding HTML links ... done\r\n    ArrayData                               html  \r\n    ChunkedArray                            html  \r\n    Codec                                   html  \r\n    CsvReadOptions                          html  \r\n    CsvTableReader                          html  \r\n    DataType                                html  \r\n    Dataset                                 html  \r\n    DictionaryType                          html  \r\n    Expression                              html  \r\n    FeatherReader                           html  \r\n    Field                                   html  \r\n    FileFormat                              html  \r\n    FileInfo                                html  \r\n    FileSelector                            html  \r\n    FileSystem                              html  \r\n    FileWriteOptions                        html  \r\n    FixedWidthType                          html  \r\n    InputStream                             html  \r\n    MemoryPool                              html  \r\n    Message                                 html  \r\n    MessageReader                           html  \r\n    OutputStream                            html  \r\n    ParquetArrowReaderProperties            html  \r\n    ParquetFileReader                       html  \r\n    ParquetFileWriter                       html  \r\n    ParquetWriterProperties                 html  \r\n    Partitioning                            html  \r\n    RecordBatch                             html  \r\n    RecordBatchReader                       html  \r\n    RecordBatchWriter                       html  \r\n    Scalar                                  html  \r\n    Scanner                                 html  \r\n    Schema                                  html  \r\n    Table                                   html  \r\n    array                                   html  \r\n    arrow-package                           html  \r\n    arrow_available                         html  \r\n    arrow_info                              html  \r\n    buffer                                  html  \r\n    cast_options                            html  \r\n    codec_is_available                      html  \r\n    compression                             html  \r\n    copy_files                              html  \r\n    cpu_count                               html  \r\n    data-type                               html  \r\n    dataset_factory                         html  \r\n    default_memory_pool                     html  \r\n    dictionary                              html  \r\n    enums                                   html  \r\n    flight_connect                          html  \r\n    flight_get                              html  \r\n    flight_put                              html  \r\n    hive_partition                          html  \r\n    install_arrow                           html  \r\n    install_pyarrow                         html  \r\n    list_flights                            html  \r\n    load_flight_server                      html  \r\n    make_readable_file                      html  \r\n    map_batches                             html  \r\n    match_arrow                             html  \r\n    mmap_create                             html  \r\n    mmap_open                               html  \r\n    open_dataset                            html  \r\n    read_delim_arrow                        html  \r\n    read_feather                            html  \r\n    read_ipc_stream                         html  \r\n    read_json_arrow                         html  \r\n    read_message                            html  \r\n    read_parquet                            html  \r\n    read_schema                             html  \r\n    reexports                               html  \r\nRd warning: /tmp/Rtmp07WHSB/R.INSTALL79d5ba23548/arrow/man/reexports.Rd:26: file link \u2018starts_with\u2019 in package \u2018tidyselect\u2019 does not exist and so has been treated as a topic\r\nRd warning: /tmp/Rtmp07WHSB/R.INSTALL79d5ba23548/arrow/man/reexports.Rd:26: file link \u2018everything\u2019 in package \u2018tidyselect\u2019 does not exist and so has been treated as a topic\r\nRd warning: /tmp/Rtmp07WHSB/R.INSTALL79d5ba23548/arrow/man/reexports.Rd:26: file link \u2018one_of\u2019 in package \u2018tidyselect\u2019 does not exist and so has been treated as a topic\r\n    s3_bucket                               html  \r\n    type                                    html  \r\n    unify_schemas                           html  \r\n    write_dataset                           html  \r\n    write_feather                           html  \r\n    write_ipc_stream                        html  \r\n    write_parquet                           html  \r\n    write_to_raw                            html  \r\n** building package indices\r\n** installing vignettes\r\n** testing if installed package can be loaded from temporary location\r\n** checking absolute paths in shared objects and dynamic libraries\r\n** testing if installed package can be loaded from final location\r\n** testing if installed package keeps a record of temporary installation path\r\n* DONE (arrow)\r\nWarning in file.create(f.tg) :\r\n  cannot create file '/usr/share/doc/R-3.6.0/html/packages.html', reason 'No such file or directory'\r\nWarning in utils::make.packages.html(.Library, docdir = R.home(\"doc\")) :\r\n  cannot update HTML package index\r\n[root@c1cce557dba3 tmp]# \r\n{code}",
                    "updateAuthor": {
                        "self": "https://issues.apache.org/jira/rest/api/2/user?username=karthik_j",
                        "name": "karthik_j",
                        "key": "karthik_j",
                        "avatarUrls": {
                            "48x48": "https://issues.apache.org/jira/secure/useravatar?avatarId=10452",
                            "24x24": "https://issues.apache.org/jira/secure/useravatar?size=small&avatarId=10452",
                            "16x16": "https://issues.apache.org/jira/secure/useravatar?size=xsmall&avatarId=10452",
                            "32x32": "https://issues.apache.org/jira/secure/useravatar?size=medium&avatarId=10452"
                        },
                        "displayName": "Karthikeyan Janakiraman",
                        "active": true,
                        "timeZone": "Etc/UTC"
                    },
                    "created": "2021-03-19T18:04:30.849+0000",
                    "updated": "2021-03-19T18:04:30.849+0000"
                },
                {
                    "self": "https://issues.apache.org/jira/rest/api/2/issue/13366395/comment/17305108",
                    "id": "17305108",
                    "author": {
                        "self": "https://issues.apache.org/jira/rest/api/2/user?username=jonkeane",
                        "name": "jonkeane",
                        "key": "jonkeane",
                        "avatarUrls": {
                            "48x48": "https://issues.apache.org/jira/secure/useravatar?avatarId=34057",
                            "24x24": "https://issues.apache.org/jira/secure/useravatar?size=small&avatarId=34057",
                            "16x16": "https://issues.apache.org/jira/secure/useravatar?size=xsmall&avatarId=34057",
                            "32x32": "https://issues.apache.org/jira/secure/useravatar?size=medium&avatarId=34057"
                        },
                        "displayName": "Jonathan Keane",
                        "active": true,
                        "timeZone": "Etc/UTC"
                    },
                    "body": "Thank you for that, that's super helpful.\r\n\r\nI see in the output the line {{*** Arrow C++ libraries found via pkg-config}} which tells us that the R package is linking to a version of lib arrow that it has found via {{pkg-config}} (the most likely candidate here is one installed at the system level, if I'm parsing the logs correctly, it might be located in {{/usr/local/include}} ). Is it possible you installed libarrow some other way before the R package?\r\n\r\nThere are a few options:\r\n\r\n1. You could try setting {{ARROW_USE_PKG_CONFIG=FALSE}} which will avoid using pkg-config to look for libarrow, you'll also want to set {{LIBARROW_MINIMAL=FALSE}} and {{ARROW_R_DEV=TRUE}} and try to reinstall\r\n\r\n2. Or, if you want to uninstall the installed version of libarrow, you can do that and the reinstall with {{LIBARROW_MINIMAL=FALSE}} and {{ARROW_R_DEV=TRUE}} should trigger a full build.\r\n\r\nWith either of these options, you will need to install the devtoolset-8 if you don't already have it to enable the version of gcc that is required for using S3 with arrow.\r\n\r\n{{ARROW_R_DEV=TRUE}} isn't strictly necessary, of course but more verbosity is helpful.",
                    "updateAuthor": {
                        "self": "https://issues.apache.org/jira/rest/api/2/user?username=jonkeane",
                        "name": "jonkeane",
                        "key": "jonkeane",
                        "avatarUrls": {
                            "48x48": "https://issues.apache.org/jira/secure/useravatar?avatarId=34057",
                            "24x24": "https://issues.apache.org/jira/secure/useravatar?size=small&avatarId=34057",
                            "16x16": "https://issues.apache.org/jira/secure/useravatar?size=xsmall&avatarId=34057",
                            "32x32": "https://issues.apache.org/jira/secure/useravatar?size=medium&avatarId=34057"
                        },
                        "displayName": "Jonathan Keane",
                        "active": true,
                        "timeZone": "Etc/UTC"
                    },
                    "created": "2021-03-19T18:31:23.805+0000",
                    "updated": "2021-03-19T18:31:23.805+0000"
                },
                {
                    "self": "https://issues.apache.org/jira/rest/api/2/issue/13366395/comment/17305521",
                    "id": "17305521",
                    "author": {
                        "self": "https://issues.apache.org/jira/rest/api/2/user?username=karthik_j",
                        "name": "karthik_j",
                        "key": "karthik_j",
                        "avatarUrls": {
                            "48x48": "https://issues.apache.org/jira/secure/useravatar?avatarId=10452",
                            "24x24": "https://issues.apache.org/jira/secure/useravatar?size=small&avatarId=10452",
                            "16x16": "https://issues.apache.org/jira/secure/useravatar?size=xsmall&avatarId=10452",
                            "32x32": "https://issues.apache.org/jira/secure/useravatar?size=medium&avatarId=10452"
                        },
                        "displayName": "Karthikeyan Janakiraman",
                        "active": true,
                        "timeZone": "Etc/UTC"
                    },
                    "body": "Thanks for the suggestion, I followed the steps and seeing the same error. Here are the steps I followed, please have a look and advise what might be wrong here.\u00a0\r\n\r\n\u00a0\r\n # Set requested environment variables\r\n\r\n\r\n{code:java}\r\nexport ARROW_USE_PKG_CONFIG=FALSE \r\nexport LIBARROW_MINIMAL=FALSE\r\nexport ARROW_R_DEV=TRUE{code}\r\n\r\n # Install the required packages.\u00a0\r\n\r\n\r\n{code:java}\r\nyum install devtoolset-8 --nogpgcheck\r\nyum install -y https://apache.bintray.com/arrow/centos/$(cut -d: -f5 /etc/system-release-cpe | cut -d. -f1)/apache-arrow-release-latest.rpm\r\nyum install -y\u00a0 arrow-devel\r\nyum install -y arrow-glib-devel\r\nyum install -y arrow-dataset-devel\r\nyum install -y parquet-devel\r\nyum install -y parquet-glib-devel{code}\r\n\r\n # Install arrow R package.\u00a0\r\n\r\n\r\n{code:java}\r\n[root@3800c0c7ea36 tmp]# R CMD INSTALL arrow_3.0.0.tar.gz \r\n* installing to library \u2018/usr/lib64/R/library\u2019\r\n* installing *source* package \u2018arrow\u2019 ...\r\n** package \u2018arrow\u2019 successfully unpacked and MD5 sums checked\r\n** using staged installation\r\ntrying URL 'https://dl.bintray.com/ursalabs/arrow-r/libarrow/src/arrow-3.0.0.zip'\r\nError in download.file(from_url, to_file, quiet = quietly) : \r\n  cannot open URL 'https://dl.bintray.com/ursalabs/arrow-r/libarrow/src/arrow-3.0.0.zip'\r\ntrying URL 'https://www.apache.org/dyn/closer.lua?action=download&filename=arrow/arrow-3.0.0/apache-arrow-3.0.0.tar.gz'\r\nContent type 'application/x-gzip' length 8200790 bytes (7.8 MB)\r\n==================================================\r\ndownloaded 7.8 MB*** Successfully retrieved C++ source\r\n*** Building C++ libraries\r\n*** Building with MAKEFLAGS= -j2 \r\n**** cmake\r\ntrying URL 'https://github.com/Kitware/CMake/releases/download/v3.19.2/cmake-3.19.2-Linux-x86_64.tar.gz'\r\nError in download.file(from_url, to_file, quiet = quietly) : \r\n  cannot open URL 'https://github.com/Kitware/CMake/releases/download/v3.19.2/cmake-3.19.2-Linux-x86_64.tar.gz'\r\n/usr/bin/gtar: /tmp/RtmpJeSgXG/file2ae5174da5a: Cannot open: No such file or directory\r\n/usr/bin/gtar: Error is not recoverable: exiting now\r\nsh: /tmp/RtmpJeSgXG/file2ae17ed47c0/cmake-3.19.2-Linux-x86_64/bin/cmake: No such file or directory\r\nError in system(paste(\"export\", env_vars, \"&& $CMAKE --system-information\"),  : \r\n  error in running command\r\nCalls: build_libarrow ... cmake_gcc_version -> cmake_cxx_compiler_vars -> system\r\nIn addition: Warning message:\r\nIn untar(cmake_tar, exdir = cmake_dir) :\r\n  \u2018/usr/bin/gtar -xf '/tmp/RtmpJeSgXG/file2ae5174da5a' -C '/tmp/RtmpJeSgXG/file2ae17ed47c0'\u2019 returned error code 2\r\nExecution halted\r\nPKG_CFLAGS=-I/tmp/RtmpuURZVq/R.INSTALL29a5b796696/arrow/libarrow/arrow-3.0.0/include  -DARROW_R_WITH_ARROW\r\nPKG_LIBS=-larrow_dataset -lparquet -larrow\r\n** libs\r\ng++ -m64 -std=gnu++11 -I\"/usr/include/R\" -DNDEBUG -I/tmp/RtmpuURZVq/R.INSTALL29a5b796696/arrow/libarrow/arrow-3.0.0/include  -DARROW_R_WITH_ARROW -I\"/usr/lib64/R/library/cpp11/include\" -I/usr/local/include  -fpic  -O2 -g -pipe -Wall -Wp,-D_FORTIFY_SOURCE=2 -fexceptions -fstack-protector-strong --param=ssp-buffer-size=4 -grecord-gcc-switches   -m64 -mtune=generic  -c array.cpp -o array.o\r\ng++ -m64 -std=gnu++11 -I\"/usr/include/R\" -DNDEBUG -I/tmp/RtmpuURZVq/R.INSTALL29a5b796696/arrow/libarrow/arrow-3.0.0/include  -DARROW_R_WITH_ARROW -I\"/usr/lib64/R/library/cpp11/include\" -I/usr/local/include  -fpic  -O2 -g -pipe -Wall -Wp,-D_FORTIFY_SOURCE=2 -fexceptions -fstack-protector-strong --param=ssp-buffer-size=4 -grecord-gcc-switches   -m64 -mtune=generic  -c array_from_vector.cpp -o array_from_vector.o\r\ng++ -m64 -std=gnu++11 -I\"/usr/include/R\" -DNDEBUG -I/tmp/RtmpuURZVq/R.INSTALL29a5b796696/arrow/libarrow/arrow-3.0.0/include  -DARROW_R_WITH_ARROW -I\"/usr/lib64/R/library/cpp11/include\" -I/usr/local/include  -fpic  -O2 -g -pipe -Wall -Wp,-D_FORTIFY_SOURCE=2 -fexceptions -fstack-protector-strong --param=ssp-buffer-size=4 -grecord-gcc-switches   -m64 -mtune=generic  -c array_to_vector.cpp -o array_to_vector.o\r\ng++ -m64 -std=gnu++11 -I\"/usr/include/R\" -DNDEBUG -I/tmp/RtmpuURZVq/R.INSTALL29a5b796696/arrow/libarrow/arrow-3.0.0/include  -DARROW_R_WITH_ARROW -I\"/usr/lib64/R/library/cpp11/include\" -I/usr/local/include  -fpic  -O2 -g -pipe -Wall -Wp,-D_FORTIFY_SOURCE=2 -fexceptions -fstack-protector-strong --param=ssp-buffer-size=4 -grecord-gcc-switches   -m64 -mtune=generic  -c arraydata.cpp -o arraydata.o\r\ng++ -m64 -std=gnu++11 -I\"/usr/include/R\" -DNDEBUG -I/tmp/RtmpuURZVq/R.INSTALL29a5b796696/arrow/libarrow/arrow-3.0.0/include  -DARROW_R_WITH_ARROW -I\"/usr/lib64/R/library/cpp11/include\" -I/usr/local/include  -fpic  -O2 -g -pipe -Wall -Wp,-D_FORTIFY_SOURCE=2 -fexceptions -fstack-protector-strong --param=ssp-buffer-size=4 -grecord-gcc-switches   -m64 -mtune=generic  -c arrowExports.cpp -o arrowExports.o\r\ng++ -m64 -std=gnu++11 -I\"/usr/include/R\" -DNDEBUG -I/tmp/RtmpuURZVq/R.INSTALL29a5b796696/arrow/libarrow/arrow-3.0.0/include  -DARROW_R_WITH_ARROW -I\"/usr/lib64/R/library/cpp11/include\" -I/usr/local/include  -fpic  -O2 -g -pipe -Wall -Wp,-D_FORTIFY_SOURCE=2 -fexceptions -fstack-protector-strong --param=ssp-buffer-size=4 -grecord-gcc-switches   -m64 -mtune=generic  -c buffer.cpp -o buffer.o\r\ng++ -m64 -std=gnu++11 -I\"/usr/include/R\" -DNDEBUG -I/tmp/RtmpuURZVq/R.INSTALL29a5b796696/arrow/libarrow/arrow-3.0.0/include  -DARROW_R_WITH_ARROW -I\"/usr/lib64/R/library/cpp11/include\" -I/usr/local/include  -fpic  -O2 -g -pipe -Wall -Wp,-D_FORTIFY_SOURCE=2 -fexceptions -fstack-protector-strong --param=ssp-buffer-size=4 -grecord-gcc-switches   -m64 -mtune=generic  -c chunkedarray.cpp -o chunkedarray.o\r\ng++ -m64 -std=gnu++11 -I\"/usr/include/R\" -DNDEBUG -I/tmp/RtmpuURZVq/R.INSTALL29a5b796696/arrow/libarrow/arrow-3.0.0/include  -DARROW_R_WITH_ARROW -I\"/usr/lib64/R/library/cpp11/include\" -I/usr/local/include  -fpic  -O2 -g -pipe -Wall -Wp,-D_FORTIFY_SOURCE=2 -fexceptions -fstack-protector-strong --param=ssp-buffer-size=4 -grecord-gcc-switches   -m64 -mtune=generic  -c compression.cpp -o compression.o\r\ng++ -m64 -std=gnu++11 -I\"/usr/include/R\" -DNDEBUG -I/tmp/RtmpuURZVq/R.INSTALL29a5b796696/arrow/libarrow/arrow-3.0.0/include  -DARROW_R_WITH_ARROW -I\"/usr/lib64/R/library/cpp11/include\" -I/usr/local/include  -fpic  -O2 -g -pipe -Wall -Wp,-D_FORTIFY_SOURCE=2 -fexceptions -fstack-protector-strong --param=ssp-buffer-size=4 -grecord-gcc-switches   -m64 -mtune=generic  -c compute.cpp -o compute.o\r\ng++ -m64 -std=gnu++11 -I\"/usr/include/R\" -DNDEBUG -I/tmp/RtmpuURZVq/R.INSTALL29a5b796696/arrow/libarrow/arrow-3.0.0/include  -DARROW_R_WITH_ARROW -I\"/usr/lib64/R/library/cpp11/include\" -I/usr/local/include  -fpic  -O2 -g -pipe -Wall -Wp,-D_FORTIFY_SOURCE=2 -fexceptions -fstack-protector-strong --param=ssp-buffer-size=4 -grecord-gcc-switches   -m64 -mtune=generic  -c csv.cpp -o csv.o\r\ng++ -m64 -std=gnu++11 -I\"/usr/include/R\" -DNDEBUG -I/tmp/RtmpuURZVq/R.INSTALL29a5b796696/arrow/libarrow/arrow-3.0.0/include  -DARROW_R_WITH_ARROW -I\"/usr/lib64/R/library/cpp11/include\" -I/usr/local/include  -fpic  -O2 -g -pipe -Wall -Wp,-D_FORTIFY_SOURCE=2 -fexceptions -fstack-protector-strong --param=ssp-buffer-size=4 -grecord-gcc-switches   -m64 -mtune=generic  -c dataset.cpp -o dataset.o\r\ng++ -m64 -std=gnu++11 -I\"/usr/include/R\" -DNDEBUG -I/tmp/RtmpuURZVq/R.INSTALL29a5b796696/arrow/libarrow/arrow-3.0.0/include  -DARROW_R_WITH_ARROW -I\"/usr/lib64/R/library/cpp11/include\" -I/usr/local/include  -fpic  -O2 -g -pipe -Wall -Wp,-D_FORTIFY_SOURCE=2 -fexceptions -fstack-protector-strong --param=ssp-buffer-size=4 -grecord-gcc-switches   -m64 -mtune=generic  -c datatype.cpp -o datatype.o\r\ng++ -m64 -std=gnu++11 -I\"/usr/include/R\" -DNDEBUG -I/tmp/RtmpuURZVq/R.INSTALL29a5b796696/arrow/libarrow/arrow-3.0.0/include  -DARROW_R_WITH_ARROW -I\"/usr/lib64/R/library/cpp11/include\" -I/usr/local/include  -fpic  -O2 -g -pipe -Wall -Wp,-D_FORTIFY_SOURCE=2 -fexceptions -fstack-protector-strong --param=ssp-buffer-size=4 -grecord-gcc-switches   -m64 -mtune=generic  -c expression.cpp -o expression.o\r\ng++ -m64 -std=gnu++11 -I\"/usr/include/R\" -DNDEBUG -I/tmp/RtmpuURZVq/R.INSTALL29a5b796696/arrow/libarrow/arrow-3.0.0/include  -DARROW_R_WITH_ARROW -I\"/usr/lib64/R/library/cpp11/include\" -I/usr/local/include  -fpic  -O2 -g -pipe -Wall -Wp,-D_FORTIFY_SOURCE=2 -fexceptions -fstack-protector-strong --param=ssp-buffer-size=4 -grecord-gcc-switches   -m64 -mtune=generic  -c feather.cpp -o feather.o\r\ng++ -m64 -std=gnu++11 -I\"/usr/include/R\" -DNDEBUG -I/tmp/RtmpuURZVq/R.INSTALL29a5b796696/arrow/libarrow/arrow-3.0.0/include  -DARROW_R_WITH_ARROW -I\"/usr/lib64/R/library/cpp11/include\" -I/usr/local/include  -fpic  -O2 -g -pipe -Wall -Wp,-D_FORTIFY_SOURCE=2 -fexceptions -fstack-protector-strong --param=ssp-buffer-size=4 -grecord-gcc-switches   -m64 -mtune=generic  -c field.cpp -o field.o\r\ng++ -m64 -std=gnu++11 -I\"/usr/include/R\" -DNDEBUG -I/tmp/RtmpuURZVq/R.INSTALL29a5b796696/arrow/libarrow/arrow-3.0.0/include  -DARROW_R_WITH_ARROW -I\"/usr/lib64/R/library/cpp11/include\" -I/usr/local/include  -fpic  -O2 -g -pipe -Wall -Wp,-D_FORTIFY_SOURCE=2 -fexceptions -fstack-protector-strong --param=ssp-buffer-size=4 -grecord-gcc-switches   -m64 -mtune=generic  -c filesystem.cpp -o filesystem.o\r\ng++ -m64 -std=gnu++11 -I\"/usr/include/R\" -DNDEBUG -I/tmp/RtmpuURZVq/R.INSTALL29a5b796696/arrow/libarrow/arrow-3.0.0/include  -DARROW_R_WITH_ARROW -I\"/usr/lib64/R/library/cpp11/include\" -I/usr/local/include  -fpic  -O2 -g -pipe -Wall -Wp,-D_FORTIFY_SOURCE=2 -fexceptions -fstack-protector-strong --param=ssp-buffer-size=4 -grecord-gcc-switches   -m64 -mtune=generic  -c imports.cpp -o imports.o\r\ng++ -m64 -std=gnu++11 -I\"/usr/include/R\" -DNDEBUG -I/tmp/RtmpuURZVq/R.INSTALL29a5b796696/arrow/libarrow/arrow-3.0.0/include  -DARROW_R_WITH_ARROW -I\"/usr/lib64/R/library/cpp11/include\" -I/usr/local/include  -fpic  -O2 -g -pipe -Wall -Wp,-D_FORTIFY_SOURCE=2 -fexceptions -fstack-protector-strong --param=ssp-buffer-size=4 -grecord-gcc-switches   -m64 -mtune=generic  -c io.cpp -o io.o\r\ng++ -m64 -std=gnu++11 -I\"/usr/include/R\" -DNDEBUG -I/tmp/RtmpuURZVq/R.INSTALL29a5b796696/arrow/libarrow/arrow-3.0.0/include  -DARROW_R_WITH_ARROW -I\"/usr/lib64/R/library/cpp11/include\" -I/usr/local/include  -fpic  -O2 -g -pipe -Wall -Wp,-D_FORTIFY_SOURCE=2 -fexceptions -fstack-protector-strong --param=ssp-buffer-size=4 -grecord-gcc-switches   -m64 -mtune=generic  -c json.cpp -o json.o\r\ng++ -m64 -std=gnu++11 -I\"/usr/include/R\" -DNDEBUG -I/tmp/RtmpuURZVq/R.INSTALL29a5b796696/arrow/libarrow/arrow-3.0.0/include  -DARROW_R_WITH_ARROW -I\"/usr/lib64/R/library/cpp11/include\" -I/usr/local/include  -fpic  -O2 -g -pipe -Wall -Wp,-D_FORTIFY_SOURCE=2 -fexceptions -fstack-protector-strong --param=ssp-buffer-size=4 -grecord-gcc-switches   -m64 -mtune=generic  -c memorypool.cpp -o memorypool.o\r\ng++ -m64 -std=gnu++11 -I\"/usr/include/R\" -DNDEBUG -I/tmp/RtmpuURZVq/R.INSTALL29a5b796696/arrow/libarrow/arrow-3.0.0/include  -DARROW_R_WITH_ARROW -I\"/usr/lib64/R/library/cpp11/include\" -I/usr/local/include  -fpic  -O2 -g -pipe -Wall -Wp,-D_FORTIFY_SOURCE=2 -fexceptions -fstack-protector-strong --param=ssp-buffer-size=4 -grecord-gcc-switches   -m64 -mtune=generic  -c message.cpp -o message.o\r\ng++ -m64 -std=gnu++11 -I\"/usr/include/R\" -DNDEBUG -I/tmp/RtmpuURZVq/R.INSTALL29a5b796696/arrow/libarrow/arrow-3.0.0/include  -DARROW_R_WITH_ARROW -I\"/usr/lib64/R/library/cpp11/include\" -I/usr/local/include  -fpic  -O2 -g -pipe -Wall -Wp,-D_FORTIFY_SOURCE=2 -fexceptions -fstack-protector-strong --param=ssp-buffer-size=4 -grecord-gcc-switches   -m64 -mtune=generic  -c parquet.cpp -o parquet.o\r\ng++ -m64 -std=gnu++11 -I\"/usr/include/R\" -DNDEBUG -I/tmp/RtmpuURZVq/R.INSTALL29a5b796696/arrow/libarrow/arrow-3.0.0/include  -DARROW_R_WITH_ARROW -I\"/usr/lib64/R/library/cpp11/include\" -I/usr/local/include  -fpic  -O2 -g -pipe -Wall -Wp,-D_FORTIFY_SOURCE=2 -fexceptions -fstack-protector-strong --param=ssp-buffer-size=4 -grecord-gcc-switches   -m64 -mtune=generic  -c py-to-r.cpp -o py-to-r.o\r\ng++ -m64 -std=gnu++11 -I\"/usr/include/R\" -DNDEBUG -I/tmp/RtmpuURZVq/R.INSTALL29a5b796696/arrow/libarrow/arrow-3.0.0/include  -DARROW_R_WITH_ARROW -I\"/usr/lib64/R/library/cpp11/include\" -I/usr/local/include  -fpic  -O2 -g -pipe -Wall -Wp,-D_FORTIFY_SOURCE=2 -fexceptions -fstack-protector-strong --param=ssp-buffer-size=4 -grecord-gcc-switches   -m64 -mtune=generic  -c recordbatch.cpp -o recordbatch.o\r\ng++ -m64 -std=gnu++11 -I\"/usr/include/R\" -DNDEBUG -I/tmp/RtmpuURZVq/R.INSTALL29a5b796696/arrow/libarrow/arrow-3.0.0/include  -DARROW_R_WITH_ARROW -I\"/usr/lib64/R/library/cpp11/include\" -I/usr/local/include  -fpic  -O2 -g -pipe -Wall -Wp,-D_FORTIFY_SOURCE=2 -fexceptions -fstack-protector-strong --param=ssp-buffer-size=4 -grecord-gcc-switches   -m64 -mtune=generic  -c recordbatchreader.cpp -o recordbatchreader.o\r\ng++ -m64 -std=gnu++11 -I\"/usr/include/R\" -DNDEBUG -I/tmp/RtmpuURZVq/R.INSTALL29a5b796696/arrow/libarrow/arrow-3.0.0/include  -DARROW_R_WITH_ARROW -I\"/usr/lib64/R/library/cpp11/include\" -I/usr/local/include  -fpic  -O2 -g -pipe -Wall -Wp,-D_FORTIFY_SOURCE=2 -fexceptions -fstack-protector-strong --param=ssp-buffer-size=4 -grecord-gcc-switches   -m64 -mtune=generic  -c recordbatchwriter.cpp -o recordbatchwriter.o\r\ng++ -m64 -std=gnu++11 -I\"/usr/include/R\" -DNDEBUG -I/tmp/RtmpuURZVq/R.INSTALL29a5b796696/arrow/libarrow/arrow-3.0.0/include  -DARROW_R_WITH_ARROW -I\"/usr/lib64/R/library/cpp11/include\" -I/usr/local/include  -fpic  -O2 -g -pipe -Wall -Wp,-D_FORTIFY_SOURCE=2 -fexceptions -fstack-protector-strong --param=ssp-buffer-size=4 -grecord-gcc-switches   -m64 -mtune=generic  -c scalar.cpp -o scalar.o\r\ng++ -m64 -std=gnu++11 -I\"/usr/include/R\" -DNDEBUG -I/tmp/RtmpuURZVq/R.INSTALL29a5b796696/arrow/libarrow/arrow-3.0.0/include  -DARROW_R_WITH_ARROW -I\"/usr/lib64/R/library/cpp11/include\" -I/usr/local/include  -fpic  -O2 -g -pipe -Wall -Wp,-D_FORTIFY_SOURCE=2 -fexceptions -fstack-protector-strong --param=ssp-buffer-size=4 -grecord-gcc-switches   -m64 -mtune=generic  -c schema.cpp -o schema.o\r\ng++ -m64 -std=gnu++11 -I\"/usr/include/R\" -DNDEBUG -I/tmp/RtmpuURZVq/R.INSTALL29a5b796696/arrow/libarrow/arrow-3.0.0/include  -DARROW_R_WITH_ARROW -I\"/usr/lib64/R/library/cpp11/include\" -I/usr/local/include  -fpic  -O2 -g -pipe -Wall -Wp,-D_FORTIFY_SOURCE=2 -fexceptions -fstack-protector-strong --param=ssp-buffer-size=4 -grecord-gcc-switches   -m64 -mtune=generic  -c symbols.cpp -o symbols.o\r\ng++ -m64 -std=gnu++11 -I\"/usr/include/R\" -DNDEBUG -I/tmp/RtmpuURZVq/R.INSTALL29a5b796696/arrow/libarrow/arrow-3.0.0/include  -DARROW_R_WITH_ARROW -I\"/usr/lib64/R/library/cpp11/include\" -I/usr/local/include  -fpic  -O2 -g -pipe -Wall -Wp,-D_FORTIFY_SOURCE=2 -fexceptions -fstack-protector-strong --param=ssp-buffer-size=4 -grecord-gcc-switches   -m64 -mtune=generic  -c table.cpp -o table.o\r\ng++ -m64 -std=gnu++11 -I\"/usr/include/R\" -DNDEBUG -I/tmp/RtmpuURZVq/R.INSTALL29a5b796696/arrow/libarrow/arrow-3.0.0/include  -DARROW_R_WITH_ARROW -I\"/usr/lib64/R/library/cpp11/include\" -I/usr/local/include  -fpic  -O2 -g -pipe -Wall -Wp,-D_FORTIFY_SOURCE=2 -fexceptions -fstack-protector-strong --param=ssp-buffer-size=4 -grecord-gcc-switches   -m64 -mtune=generic  -c threadpool.cpp -o threadpool.o\r\ng++ -m64 -std=gnu++11 -shared -L/usr/lib64/R/lib -Wl,-z,relro -o arrow.so array.o array_from_vector.o array_to_vector.o arraydata.o arrowExports.o buffer.o chunkedarray.o compression.o compute.o csv.o dataset.o datatype.o expression.o feather.o field.o filesystem.o imports.o io.o json.o memorypool.o message.o parquet.o py-to-r.o recordbatch.o recordbatchreader.o recordbatchwriter.o scalar.o schema.o symbols.o table.o threadpool.o -larrow_dataset -lparquet -larrow -L/usr/lib64/R/lib -lR\r\ninstalling to /usr/lib64/R/library/00LOCK-arrow/00new/arrow/libs\r\n** R\r\n** inst\r\n** byte-compile and prepare package for lazy loading\r\n** help\r\n*** installing help indices\r\n  converting help for package \u2018arrow\u2019\r\n    finding HTML links ... done\r\n    ArrayData                               html  \r\n    ChunkedArray                            html  \r\n    Codec                                   html  \r\n    CsvReadOptions                          html  \r\n    CsvTableReader                          html  \r\n    DataType                                html  \r\n    Dataset                                 html  \r\n    DictionaryType                          html  \r\n    Expression                              html  \r\n    FeatherReader                           html  \r\n    Field                                   html  \r\n    FileFormat                              html  \r\n    FileInfo                                html  \r\n    FileSelector                            html  \r\n    FileSystem                              html  \r\n    FileWriteOptions                        html  \r\n    FixedWidthType                          html  \r\n    InputStream                             html  \r\n    MemoryPool                              html  \r\n    Message                                 html  \r\n    MessageReader                           html  \r\n    OutputStream                            html  \r\n    ParquetArrowReaderProperties            html  \r\n    ParquetFileReader                       html  \r\n    ParquetFileWriter                       html  \r\n    ParquetWriterProperties                 html  \r\n    Partitioning                            html  \r\n    RecordBatch                             html  \r\n    RecordBatchReader                       html  \r\n    RecordBatchWriter                       html  \r\n    Scalar                                  html  \r\n    Scanner                                 html  \r\n    Schema                                  html  \r\n    Table                                   html  \r\n    array                                   html  \r\n    arrow-package                           html  \r\n    arrow_available                         html  \r\n    arrow_info                              html  \r\n    buffer                                  html  \r\n    cast_options                            html  \r\n    codec_is_available                      html  \r\n    compression                             html  \r\n    copy_files                              html  \r\n    cpu_count                               html  \r\n    data-type                               html  \r\n    dataset_factory                         html  \r\n    default_memory_pool                     html  \r\n    dictionary                              html  \r\n    enums                                   html  \r\n    flight_connect                          html  \r\n    flight_get                              html  \r\n    flight_put                              html  \r\n    hive_partition                          html  \r\n    install_arrow                           html  \r\n    install_pyarrow                         html  \r\n    list_flights                            html  \r\n    load_flight_server                      html  \r\n    make_readable_file                      html  \r\n    map_batches                             html  \r\n    match_arrow                             html  \r\n    mmap_create                             html  \r\n    mmap_open                               html  \r\n    open_dataset                            html  \r\n    read_delim_arrow                        html  \r\n    read_feather                            html  \r\n    read_ipc_stream                         html  \r\n    read_json_arrow                         html  \r\n    read_message                            html  \r\n    read_parquet                            html  \r\n    read_schema                             html  \r\n    reexports                               html  \r\nRd warning: /tmp/RtmpuURZVq/R.INSTALL29a5b796696/arrow/man/reexports.Rd:26: file link \u2018starts_with\u2019 in package \u2018tidyselect\u2019 does not exist and so has been treated as a topic\r\nRd warning: /tmp/RtmpuURZVq/R.INSTALL29a5b796696/arrow/man/reexports.Rd:26: file link \u2018everything\u2019 in package \u2018tidyselect\u2019 does not exist and so has been treated as a topic\r\nRd warning: /tmp/RtmpuURZVq/R.INSTALL29a5b796696/arrow/man/reexports.Rd:26: file link \u2018one_of\u2019 in package \u2018tidyselect\u2019 does not exist and so has been treated as a topic\r\n    s3_bucket                               html  \r\n    type                                    html  \r\n    unify_schemas                           html  \r\n    write_dataset                           html  \r\n    write_feather                           html  \r\n    write_ipc_stream                        html  \r\n    write_parquet                           html  \r\n    write_to_raw                            html  \r\n** building package indices\r\n** installing vignettes\r\n** testing if installed package can be loaded from temporary location\r\n** checking absolute paths in shared objects and dynamic libraries\r\n** testing if installed package can be loaded from final location\r\n** testing if installed package keeps a record of temporary installation path\r\n* DONE (arrow)\r\nWarning in file.create(f.tg) :\r\n  cannot create file '/usr/share/doc/R-3.6.0/html/packages.html', reason 'No such file or directory'\r\nWarning in utils::make.packages.html(.Library, docdir = R.home(\"doc\")) :\r\n  cannot update HTML package index\r\n[root@3800c0c7ea36 tmp]#\r\n\r\n{code}\r\n\r\n # Trying to read parquet file from S3.\u00a0\r\n\r\n\r\n{code:java}\r\n> library('arrow')\r\nAttaching package: \u2018arrow\u2019\r\nThe following object is masked from \u2018package:utils\u2019:    timestamp> \r\n> df <- read_parquet(\"s3://mybucket/test-parquet/refinement.parquet\")\r\nError: NotImplemented: Got S3 URI but Arrow compiled without S3 support\r\n> \r\n\r\n{code}\r\n\r\n\u00a0\r\n\r\n\u00a0\r\n\r\n\u00a0",
                    "updateAuthor": {
                        "self": "https://issues.apache.org/jira/rest/api/2/user?username=karthik_j",
                        "name": "karthik_j",
                        "key": "karthik_j",
                        "avatarUrls": {
                            "48x48": "https://issues.apache.org/jira/secure/useravatar?avatarId=10452",
                            "24x24": "https://issues.apache.org/jira/secure/useravatar?size=small&avatarId=10452",
                            "16x16": "https://issues.apache.org/jira/secure/useravatar?size=xsmall&avatarId=10452",
                            "32x32": "https://issues.apache.org/jira/secure/useravatar?size=medium&avatarId=10452"
                        },
                        "displayName": "Karthikeyan Janakiraman",
                        "active": true,
                        "timeZone": "Etc/UTC"
                    },
                    "created": "2021-03-20T17:45:25.812+0000",
                    "updated": "2021-03-20T17:45:25.812+0000"
                },
                {
                    "self": "https://issues.apache.org/jira/rest/api/2/issue/13366395/comment/17305558",
                    "id": "17305558",
                    "author": {
                        "self": "https://issues.apache.org/jira/rest/api/2/user?username=jonkeane",
                        "name": "jonkeane",
                        "key": "jonkeane",
                        "avatarUrls": {
                            "48x48": "https://issues.apache.org/jira/secure/useravatar?avatarId=34057",
                            "24x24": "https://issues.apache.org/jira/secure/useravatar?size=small&avatarId=34057",
                            "16x16": "https://issues.apache.org/jira/secure/useravatar?size=xsmall&avatarId=34057",
                            "32x32": "https://issues.apache.org/jira/secure/useravatar?size=medium&avatarId=34057"
                        },
                        "displayName": "Jonathan Keane",
                        "active": true,
                        "timeZone": "Etc/UTC"
                    },
                    "body": "Thanks for the output again. A few things:\r\n\r\nIn the build log it looks like there's a failure when downloading cmake (which is strange, I just checked the URL and that downloads fine for me). \r\n\r\n{code}\r\n**** cmake\r\ntrying URL 'https://github.com/Kitware/CMake/releases/download/v3.19.2/cmake-3.19.2-Linux-x86_64.tar.gz'\r\nError in download.file(from_url, to_file, quiet = quietly) : \r\n  cannot open URL 'https://github.com/Kitware/CMake/releases/download/v3.19.2/cmake-3.19.2-Linux-x86_64.tar.gz'\r\n/usr/bin/gtar: /tmp/RtmpJeSgXG/file2ae5174da5a: Cannot open: No such file or directory\r\n/usr/bin/gtar: Error is not recoverable: exiting now\r\nsh: /tmp/RtmpJeSgXG/file2ae17ed47c0/cmake-3.19.2-Linux-x86_64/bin/cmake: No such file or directory\r\nError in system(paste(\"export\", env_vars, \"&& $CMAKE --system-information\"),  : \r\n  error in running command\r\nCalls: build_libarrow ... cmake_gcc_version -> cmake_cxx_compiler_vars -> system\r\n{code}\r\n\r\nBut one way to avoid needing to download cmake in the build process is to install it directly (I think {{yum install cmake3}} should do it). And then try reinstalling and see if the process gets further. Can you try this and see how it goes?\r\n\r\nOne more note: the system installed with the following aren't going to help us here \u2014 the official arrow releases for centos7 don't have S3 support enabled because in order to enable S3 support the devtoolset-8 must be installed. \r\n\r\n{code}\r\nyum install -y  arrow-devel\r\nyum install -y arrow-glib-devel\r\nyum install -y arrow-dataset-devel\r\n{code}",
                    "updateAuthor": {
                        "self": "https://issues.apache.org/jira/rest/api/2/user?username=jonkeane",
                        "name": "jonkeane",
                        "key": "jonkeane",
                        "avatarUrls": {
                            "48x48": "https://issues.apache.org/jira/secure/useravatar?avatarId=34057",
                            "24x24": "https://issues.apache.org/jira/secure/useravatar?size=small&avatarId=34057",
                            "16x16": "https://issues.apache.org/jira/secure/useravatar?size=xsmall&avatarId=34057",
                            "32x32": "https://issues.apache.org/jira/secure/useravatar?size=medium&avatarId=34057"
                        },
                        "displayName": "Jonathan Keane",
                        "active": true,
                        "timeZone": "Etc/UTC"
                    },
                    "created": "2021-03-20T20:28:04.908+0000",
                    "updated": "2021-03-20T20:28:04.908+0000"
                },
                {
                    "self": "https://issues.apache.org/jira/rest/api/2/issue/13366395/comment/17305580",
                    "id": "17305580",
                    "author": {
                        "self": "https://issues.apache.org/jira/rest/api/2/user?username=karthik_j",
                        "name": "karthik_j",
                        "key": "karthik_j",
                        "avatarUrls": {
                            "48x48": "https://issues.apache.org/jira/secure/useravatar?avatarId=10452",
                            "24x24": "https://issues.apache.org/jira/secure/useravatar?size=small&avatarId=10452",
                            "16x16": "https://issues.apache.org/jira/secure/useravatar?size=xsmall&avatarId=10452",
                            "32x32": "https://issues.apache.org/jira/secure/useravatar?size=medium&avatarId=10452"
                        },
                        "displayName": "Karthikeyan Janakiraman",
                        "active": true,
                        "timeZone": "Etc/UTC"
                    },
                    "body": "On\u00a0devtoolset-8, this was already installed. Hope it looks good ?\u00a0\r\n\r\n\u00a0\r\n{code:java}\r\n[root@3800c0c7ea36 tmp]# rpm -qa | grep devtoolset-8 \r\ndevtoolset-8-systemtap-devel-3.3-2.el7.x86_64\r\ndevtoolset-8-strace-4.24-4.el7.x86_64\r\ndevtoolset-8-dwz-0.12-1.1.el7.x86_64\r\ndevtoolset-8-8.1-1.el7.x86_64\r\ndevtoolset-8-systemtap-3.3-2.el7.x86_64\r\ndevtoolset-8-perftools-8.1-1.el7.x86_64\r\ndevtoolset-8-libquadmath-devel-8.3.1-3.2.el7.x86_64\r\ndevtoolset-8-runtime-8.1-1.el7.x86_64\r\ndevtoolset-8-dyninst-9.3.2-6.el7.x86_64\r\ndevtoolset-8-elfutils-libs-0.176-1.el7.x86_64\r\ndevtoolset-8-gdb-8.2-3.el7.x86_64\r\ndevtoolset-8-memstomp-0.1.5-5.el7.x86_64\r\ndevtoolset-8-gcc-gfortran-8.3.1-3.2.el7.x86_64\r\ndevtoolset-8-elfutils-libelf-0.176-1.el7.x86_64\r\ndevtoolset-8-systemtap-runtime-3.3-2.el7.x86_64\r\ndevtoolset-8-elfutils-0.176-1.el7.x86_64\r\ndevtoolset-8-valgrind-3.14.0-16.el7.x86_64\r\ndevtoolset-8-ltrace-0.7.91-1.el7.x86_64\r\ndevtoolset-8-gcc-8.3.1-3.2.el7.x86_64\r\ndevtoolset-8-toolchain-8.1-1.el7.x86_64\r\ndevtoolset-8-systemtap-client-3.3-2.el7.x86_64\r\ndevtoolset-8-oprofile-1.3.0-2.el7.x86_64\r\ndevtoolset-8-gcc-c++-8.3.1-3.2.el7.x86_64\r\ndevtoolset-8-binutils-2.30-55.el7.2.x86_64\r\ndevtoolset-8-libstdc++-devel-8.3.1-3.2.el7.x86_64\r\ndevtoolset-8-make-4.2.1-4.el7.x86_64\r\n[root@3800c0c7ea36 tmp]# \r\n{code}\r\nI could see some progress this time cmake seems to have worked however I still see s3 option is not being enabled and the installation tries to download from github to which I dont seem to have access to. Is there alternative for these github downloads ?\u00a0\u00a0\r\n\r\n\u00a0\r\n\r\n\u00a0\r\n{code:java}\r\n[root@3800c0c7ea36 tmp]# R CMD INSTALL arrow_3.0.0.tar.gz \r\n* installing to library \u2018/usr/lib64/R/library\u2019\r\n* installing *source* package \u2018arrow\u2019 ...\r\n** package \u2018arrow\u2019 successfully unpacked and MD5 sums checked\r\n** using staged installation\r\ntrying URL 'https://dl.bintray.com/ursalabs/arrow-r/libarrow/src/arrow-3.0.0.zip'\r\nError in download.file(from_url, to_file, quiet = quietly) : \r\n  cannot open URL 'https://dl.bintray.com/ursalabs/arrow-r/libarrow/src/arrow-3.0.0.zip'\r\ntrying URL 'https://www.apache.org/dyn/closer.lua?action=download&filename=arrow/arrow-3.0.0/apache-arrow-3.0.0.tar.gz'\r\nError in download.file(from_url, to_file, quiet = quietly) : \r\n  cannot open URL 'https://www.apache.org/dyn/closer.lua?action=download&filename=arrow/arrow-3.0.0/apache-arrow-3.0.0.tar.gz'\r\ntrying URL 'https://www.apache.org/dyn/closer.lua?action=download&filename=arrow/arrow-3.0.0/apache-arrow-3.0.0.tar.gz'\r\nContent type 'application/x-gzip' length 8200790 bytes (7.8 MB)\r\n==================================================\r\ndownloaded 7.8 MB*** Successfully retrieved C++ source\r\n*** Building C++ libraries\r\n*** Building with MAKEFLAGS= -j2 \r\n**** S3 support not available for gcc < 4.9; building with ARROW_S3=OFF\r\n**** mimalloc support not available for gcc < 4.9; building with ARROW_MIMALLOC=OFF\r\n**** arrow with SOURCE_DIR=\"/tmp/RtmpqK4yeM/file44b45405feb/apache-arrow-3.0.0/cpp\" BUILD_DIR=\"/tmp/RtmpqK4yeM/file44b5965220a\" DEST_DIR=\"libarrow/arrow-3.0.0\" CMAKE=\"/usr/bin/cmake3\" CC=\"gcc -m64 -std=gnu99\" CXX=\"g++ -m64 -std=gnu++11\" LDFLAGS=\"-Wl,-z,relro\" ARROW_S3=OFF ARROW_MIMALLOC=OFF \r\n++ pwd\r\n+ : /tmp/RtmpnECges/R.INSTALL437112f5bd0/arrow\r\n+ : /tmp/RtmpqK4yeM/file44b45405feb/apache-arrow-3.0.0/cpp\r\n+ : /tmp/RtmpqK4yeM/file44b5965220a\r\n+ : libarrow/arrow-3.0.0\r\n+ : /usr/bin/cmake3\r\n++ cd /tmp/RtmpqK4yeM/file44b45405feb/apache-arrow-3.0.0/cpp\r\n++ pwd\r\n+ SOURCE_DIR=/tmp/RtmpqK4yeM/file44b45405feb/apache-arrow-3.0.0/cpp\r\n++ mkdir -p libarrow/arrow-3.0.0\r\n++ cd libarrow/arrow-3.0.0\r\n++ pwd\r\n+ DEST_DIR=/tmp/RtmpnECges/R.INSTALL437112f5bd0/arrow/libarrow/arrow-3.0.0\r\n+ '[' '' = '' ']'\r\n+ which ninja\r\n+ '[' FALSE = false ']'\r\n+ ARROW_DEFAULT_PARAM=OFF\r\n+ mkdir -p /tmp/RtmpqK4yeM/file44b5965220a\r\n+ pushd /tmp/RtmpqK4yeM/file44b5965220a\r\n/tmp/RtmpqK4yeM/file44b5965220a /tmp/RtmpnECges/R.INSTALL437112f5bd0/arrow\r\n+ /usr/bin/cmake3 -DARROW_BOOST_USE_SHARED=OFF -DARROW_BUILD_TESTS=OFF -DARROW_BUILD_SHARED=OFF -DARROW_BUILD_STATIC=ON -DARROW_COMPUTE=ON -DARROW_CSV=ON -DARROW_DATASET=ON -DARROW_DEPENDENCY_SOURCE=BUNDLED -DARROW_FILESYSTEM=ON -DARROW_JEMALLOC=ON -DARROW_MIMALLOC=OFF -DARROW_JSON=ON -DARROW_PARQUET=ON -DARROW_S3=OFF -DARROW_WITH_BROTLI=OFF -DARROW_WITH_BZ2=OFF -DARROW_WITH_LZ4=OFF -DARROW_WITH_SNAPPY=OFF -DARROW_WITH_UTF8PROC=OFF -DARROW_WITH_ZLIB=OFF -DARROW_WITH_ZSTD=OFF -DCMAKE_BUILD_TYPE=Release -DCMAKE_INSTALL_LIBDIR=lib -DCMAKE_INSTALL_PREFIX=/tmp/RtmpnECges/R.INSTALL437112f5bd0/arrow/libarrow/arrow-3.0.0 -DCMAKE_EXPORT_NO_PACKAGE_REGISTRY=ON -DCMAKE_FIND_PACKAGE_NO_PACKAGE_REGISTRY=ON -DCMAKE_UNITY_BUILD=ON -G 'Unix Makefiles' /tmp/RtmpqK4yeM/file44b45405feb/apache-arrow-3.0.0/cpp\r\n-- Building using CMake version: 3.17.5\r\n-- The C compiler identification is GNU 4.8.5\r\n-- The CXX compiler identification is GNU 4.8.5\r\n-- Check for working C compiler: /usr/bin/gcc\r\n-- Check for working C compiler: /usr/bin/gcc - works\r\n-- Detecting C compiler ABI info\r\n-- Detecting C compiler ABI info - done\r\n-- Detecting C compile features\r\n-- Detecting C compile features - done\r\n-- Check for working CXX compiler: /usr/bin/g++\r\n-- Check for working CXX compiler: /usr/bin/g++ - works\r\n-- Detecting CXX compiler ABI info\r\n-- Detecting CXX compiler ABI info - done\r\n-- Detecting CXX compile features\r\n-- Detecting CXX compile features - done\r\n-- Arrow version: 3.0.0 (full: '3.0.0')\r\n-- Arrow SO version: 300 (full: 300.0.0)\r\n-- clang-tidy not found\r\n-- clang-format not found\r\n-- Could NOT find ClangTools (missing: CLANG_FORMAT_BIN CLANG_TIDY_BIN) \r\n-- infer not found\r\nfatal: Not a git repository (or any of the parent directories): .git\r\n-- Found Python3: /opt/anaconda3-4.4.0/bin/python3.6 (found version \"3.6.1\") found components: Interpreter \r\n-- Found cpplint executable at /tmp/RtmpqK4yeM/file44b45405feb/apache-arrow-3.0.0/cpp/build-support/cpplint.py\r\n-- System processor: x86_64\r\n-- Performing Test CXX_SUPPORTS_SSE4_2\r\n-- Performing Test CXX_SUPPORTS_SSE4_2 - Success\r\n-- Performing Test CXX_SUPPORTS_AVX2\r\n-- Performing Test CXX_SUPPORTS_AVX2 - Failed\r\n-- Performing Test CXX_SUPPORTS_AVX512\r\n-- Performing Test CXX_SUPPORTS_AVX512 - Failed\r\n-- Arrow build warning level: PRODUCTION\r\nUsing ld linker\r\nConfigured for RELEASE build (set with cmake -DCMAKE_BUILD_TYPE={release,debug,...})\r\n-- Build Type: RELEASE\r\n-- Using BUNDLED approach to find dependencies\r\n-- ARROW_ABSL_BUILD_VERSION: 0f3bb466b868b523cf1dc9b2aaaed65c77b28862\r\n-- ARROW_AWSSDK_BUILD_VERSION: 1.8.90\r\n-- ARROW_AWS_CHECKSUMS_BUILD_VERSION: v0.1.5\r\n-- ARROW_AWS_C_COMMON_BUILD_VERSION: v0.4.59\r\n-- ARROW_AWS_C_EVENT_STREAM_BUILD_VERSION: v0.1.5\r\n-- ARROW_BOOST_BUILD_VERSION: 1.71.0\r\n-- ARROW_BROTLI_BUILD_VERSION: v1.0.7\r\n-- ARROW_BZIP2_BUILD_VERSION: 1.0.8\r\n-- ARROW_CARES_BUILD_VERSION: 1.16.1\r\n-- ARROW_GBENCHMARK_BUILD_VERSION: v1.5.2\r\n-- ARROW_GFLAGS_BUILD_VERSION: v2.2.2\r\n-- ARROW_GLOG_BUILD_VERSION: v0.4.0\r\n-- ARROW_GRPC_BUILD_VERSION: v1.33.2\r\n-- ARROW_GTEST_BUILD_VERSION: 1.10.0\r\n-- ARROW_JEMALLOC_BUILD_VERSION: 5.2.1\r\n-- ARROW_LZ4_BUILD_VERSION: v1.9.2\r\n-- ARROW_MIMALLOC_BUILD_VERSION: v1.6.4\r\n-- ARROW_ORC_BUILD_VERSION: 1.6.2\r\n-- ARROW_PROTOBUF_BUILD_VERSION: v3.13.0\r\n-- ARROW_RAPIDJSON_BUILD_VERSION: 1a803826f1197b5e30703afe4b9c0e7dd48074f5\r\n-- ARROW_RE2_BUILD_VERSION: 2019-08-01\r\n-- ARROW_SNAPPY_BUILD_VERSION: 1.1.8\r\n-- ARROW_THRIFT_BUILD_VERSION: 0.12.0\r\n-- ARROW_THRIFT_BUILD_MD5_CHECKSUM: 3deebbb4d1ca77dd9c9e009a1ea02183\r\n-- ARROW_UTF8PROC_BUILD_VERSION: v2.5.0\r\n-- ARROW_ZLIB_BUILD_VERSION: 1.2.11\r\n-- ARROW_ZSTD_BUILD_VERSION: v1.4.5\r\n-- Looking for pthread.h\r\n-- Looking for pthread.h - found\r\n-- Performing Test CMAKE_HAVE_LIBC_PTHREAD\r\n-- Performing Test CMAKE_HAVE_LIBC_PTHREAD - Failed\r\n-- Check if compiler accepts -pthread\r\n-- Check if compiler accepts -pthread - yes\r\n-- Found Threads: TRUE  \r\n-- Looking for __SIZEOF_INT128__\r\n-- Looking for __SIZEOF_INT128__ - found\r\n-- Added static library dependency boost_system_static: /tmp/RtmpqK4yeM/file44b5965220a/boost_ep-prefix/src/boost_ep/stage/lib/libboost_system.a\r\n-- Added static library dependency boost_filesystem_static: /tmp/RtmpqK4yeM/file44b5965220a/boost_ep-prefix/src/boost_ep/stage/lib/libboost_filesystem.a\r\n-- Added static library dependency boost_regex_static: /tmp/RtmpqK4yeM/file44b5965220a/boost_ep-prefix/src/boost_ep/stage/lib/libboost_regex.a\r\n-- Boost include dir: /tmp/RtmpqK4yeM/file44b5965220a/boost_ep-prefix/src/boost_ep\r\n-- Boost libraries: boost_system_static;boost_filesystem_static\r\n-- Building without OpenSSL support. Minimum OpenSSL version 1.0.2 required.\r\nBuilding Apache Thrift from source\r\n-- Building (vendored) jemalloc from source\r\n-- Building RapidJSON from source\r\n-- Building RE2 from source\r\n-- Found hdfs.h at: /tmp/RtmpqK4yeM/file44b45405feb/apache-arrow-3.0.0/cpp/thirdparty/hadoop/include/hdfs.h\r\n-- All bundled static libraries: boost_system_static;boost_filesystem_static;boost_regex_static;thrift::thrift;jemalloc::jemalloc;re2::re2\r\n-- CMAKE_C_FLAGS:  -O3 -DNDEBUG  -Wall -Wno-attributes -msse4.2 \r\n-- CMAKE_CXX_FLAGS:  -Wno-subobject-linkage  -O3 -DNDEBUG  -Wall -Wno-attributes -msse4.2 \r\n-- Looking for backtrace\r\n-- Looking for backtrace - found\r\n-- backtrace facility detected in default set of libraries\r\n-- Found Backtrace: /usr/include  \r\n-- Creating bundled static library target arrow_bundled_dependencies at /tmp/RtmpqK4yeM/file44b5965220a/release/libarrow_bundled_dependencies.a\r\n-- ---------------------------------------------------------------------\r\n-- Arrow version:                                 3.0.0\r\n-- \r\n-- Build configuration summary:\r\n--   Generator: Unix Makefiles\r\n--   Build type: RELEASE\r\n--   Source directory: /tmp/RtmpqK4yeM/file44b45405feb/apache-arrow-3.0.0/cpp\r\n--   Install prefix: /tmp/RtmpnECges/R.INSTALL437112f5bd0/arrow/libarrow/arrow-3.0.0\r\n-- \r\n-- Compile and link options:\r\n-- \r\n--   ARROW_CXXFLAGS=\"\" [default=\"\"]\r\n--       Compiler flags to append when compiling Arrow\r\n--   ARROW_BUILD_STATIC=ON [default=ON]\r\n--       Build static libraries\r\n--   ARROW_BUILD_SHARED=OFF [default=ON]\r\n--       Build shared libraries\r\n--   ARROW_PACKAGE_KIND=\"\" [default=\"\"]\r\n--       Arbitrary string that identifies the kind of package\r\n--       (for informational purposes)\r\n--   ARROW_GIT_ID=\"\" [default=\"\"]\r\n--       The Arrow git commit id (if any)\r\n--   ARROW_GIT_DESCRIPTION=\"\" [default=\"\"]\r\n--       The Arrow git commit description (if any)\r\n--   ARROW_NO_DEPRECATED_API=OFF [default=OFF]\r\n--       Exclude deprecated APIs from build\r\n--   ARROW_USE_CCACHE=ON [default=ON]\r\n--       Use ccache when compiling (if available)\r\n--   ARROW_USE_LD_GOLD=OFF [default=OFF]\r\n--       Use ld.gold for linking on Linux (if available)\r\n--   ARROW_USE_PRECOMPILED_HEADERS=OFF [default=OFF]\r\n--       Use precompiled headers when compiling\r\n--   ARROW_SIMD_LEVEL=SSE4_2 [default=NONE|SSE4_2|AVX2|AVX512]\r\n--       Compile-time SIMD optimization level\r\n--   ARROW_RUNTIME_SIMD_LEVEL=MAX [default=NONE|SSE4_2|AVX2|AVX512|MAX]\r\n--       Max runtime SIMD optimization level\r\n--   ARROW_ARMV8_ARCH=armv8-a [default=armv8-a|armv8-a+crc+crypto]\r\n--       Arm64 arch and extensions\r\n--   ARROW_ALTIVEC=ON [default=ON]\r\n--       Build with Altivec if compiler has support\r\n--   ARROW_RPATH_ORIGIN=OFF [default=OFF]\r\n--       Build Arrow libraries with RATH set to $ORIGIN\r\n--   ARROW_INSTALL_NAME_RPATH=ON [default=ON]\r\n--       Build Arrow libraries with install_name set to @rpath\r\n--   ARROW_GGDB_DEBUG=ON [default=ON]\r\n--       Pass -ggdb flag to debug builds\r\n-- \r\n-- Test and benchmark options:\r\n-- \r\n--   ARROW_BUILD_EXAMPLES=OFF [default=OFF]\r\n--       Build the Arrow examples\r\n--   ARROW_BUILD_TESTS=OFF [default=OFF]\r\n--       Build the Arrow googletest unit tests\r\n--   ARROW_ENABLE_TIMING_TESTS=ON [default=ON]\r\n--       Enable timing-sensitive tests\r\n--   ARROW_BUILD_INTEGRATION=OFF [default=OFF]\r\n--       Build the Arrow integration test executables\r\n--   ARROW_BUILD_BENCHMARKS=OFF [default=OFF]\r\n--       Build the Arrow micro benchmarks\r\n--   ARROW_BUILD_BENCHMARKS_REFERENCE=OFF [default=OFF]\r\n--       Build the Arrow micro reference benchmarks\r\n--   ARROW_TEST_LINKAGE=static [default=shared|static]\r\n--       Linkage of Arrow libraries with unit tests executables.\r\n--   ARROW_FUZZING=OFF [default=OFF]\r\n--       Build Arrow Fuzzing executables\r\n--   ARROW_LARGE_MEMORY_TESTS=OFF [default=OFF]\r\n--       Enable unit tests which use large memory\r\n-- \r\n-- Lint options:\r\n-- \r\n--   ARROW_ONLY_LINT=OFF [default=OFF]\r\n--       Only define the lint and check-format targets\r\n--   ARROW_VERBOSE_LINT=OFF [default=OFF]\r\n--       If off, 'quiet' flags will be passed to linting tools\r\n--   ARROW_GENERATE_COVERAGE=OFF [default=OFF]\r\n--       Build with C++ code coverage enabled\r\n-- \r\n-- Checks options:\r\n-- \r\n--   ARROW_TEST_MEMCHECK=OFF [default=OFF]\r\n--       Run the test suite using valgrind --tool=memcheck\r\n--   ARROW_USE_ASAN=OFF [default=OFF]\r\n--       Enable Address Sanitizer checks\r\n--   ARROW_USE_TSAN=OFF [default=OFF]\r\n--       Enable Thread Sanitizer checks\r\n--   ARROW_USE_UBSAN=OFF [default=OFF]\r\n--       Enable Undefined Behavior sanitizer checks\r\n-- \r\n-- Project component options:\r\n-- \r\n--   ARROW_BUILD_UTILITIES=OFF [default=OFF]\r\n--       Build Arrow commandline utilities\r\n--   ARROW_COMPUTE=ON [default=OFF]\r\n--       Build the Arrow Compute Modules\r\n--   ARROW_CSV=ON [default=OFF]\r\n--       Build the Arrow CSV Parser Module\r\n--   ARROW_CUDA=OFF [default=OFF]\r\n--       Build the Arrow CUDA extensions (requires CUDA toolkit)\r\n--   ARROW_DATASET=ON [default=OFF]\r\n--       Build the Arrow Dataset Modules\r\n--   ARROW_FILESYSTEM=ON [default=OFF]\r\n--       Build the Arrow Filesystem Layer\r\n--   ARROW_FLIGHT=OFF [default=OFF]\r\n--       Build the Arrow Flight RPC System (requires GRPC, Protocol Buffers)\r\n--   ARROW_GANDIVA=OFF [default=OFF]\r\n--       Build the Gandiva libraries\r\n--   ARROW_HDFS=OFF [default=OFF]\r\n--       Build the Arrow HDFS bridge\r\n--   ARROW_HIVESERVER2=OFF [default=OFF]\r\n--       Build the HiveServer2 client and Arrow adapter\r\n--   ARROW_IPC=ON [default=ON]\r\n--       Build the Arrow IPC extensions\r\n--   ARROW_JEMALLOC=ON [default=ON]\r\n--       Build the Arrow jemalloc-based allocator\r\n--   ARROW_JNI=OFF [default=OFF]\r\n--       Build the Arrow JNI lib\r\n--   ARROW_JSON=ON [default=OFF]\r\n--       Build Arrow with JSON support (requires RapidJSON)\r\n--   ARROW_MIMALLOC=OFF [default=OFF]\r\n--       Build the Arrow mimalloc-based allocator\r\n--   ARROW_PARQUET=ON [default=OFF]\r\n--       Build the Parquet libraries\r\n--   ARROW_ORC=OFF [default=OFF]\r\n--       Build the Arrow ORC adapter\r\n--   ARROW_PLASMA=OFF [default=OFF]\r\n--       Build the plasma object store along with Arrow\r\n--   ARROW_PLASMA_JAVA_CLIENT=OFF [default=OFF]\r\n--       Build the plasma object store java client\r\n--   ARROW_PYTHON=OFF [default=OFF]\r\n--       Build the Arrow CPython extensions\r\n--   ARROW_S3=OFF [default=OFF]\r\n--       Build Arrow with S3 support (requires the AWS SDK for C++)\r\n--   ARROW_TENSORFLOW=OFF [default=OFF]\r\n--       Build Arrow with TensorFlow support enabled\r\n--   ARROW_TESTING=OFF [default=OFF]\r\n--       Build the Arrow testing libraries\r\n-- \r\n-- Thirdparty toolchain options:\r\n-- \r\n--   ARROW_DEPENDENCY_SOURCE=BUNDLED [default=AUTO|BUNDLED|SYSTEM|CONDA|BREW]\r\n--       Method to use for acquiring arrow's build dependencies\r\n--   ARROW_VERBOSE_THIRDPARTY_BUILD=OFF [default=OFF]\r\n--       Show output from ExternalProjects rather than just logging to files\r\n--   ARROW_DEPENDENCY_USE_SHARED=ON [default=ON]\r\n--       Link to shared libraries\r\n--   ARROW_BOOST_USE_SHARED=OFF [default=ON]\r\n--       Rely on boost shared libraries where relevant\r\n--   ARROW_BROTLI_USE_SHARED=ON [default=ON]\r\n--       Rely on Brotli shared libraries where relevant\r\n--   ARROW_BZ2_USE_SHARED=ON [default=ON]\r\n--       Rely on Bz2 shared libraries where relevant\r\n--   ARROW_GFLAGS_USE_SHARED=ON [default=ON]\r\n--       Rely on GFlags shared libraries where relevant\r\n--   ARROW_GRPC_USE_SHARED=ON [default=ON]\r\n--       Rely on gRPC shared libraries where relevant\r\n--   ARROW_LZ4_USE_SHARED=ON [default=ON]\r\n--       Rely on lz4 shared libraries where relevant\r\n--   ARROW_OPENSSL_USE_SHARED=ON [default=ON]\r\n--       Rely on OpenSSL shared libraries where relevant\r\n--   ARROW_PROTOBUF_USE_SHARED=ON [default=ON]\r\n--       Rely on Protocol Buffers shared libraries where relevant\r\n--   ARROW_THRIFT_USE_SHARED=ON [default=ON]\r\n--       Rely on thrift shared libraries where relevant\r\n--   ARROW_UTF8PROC_USE_SHARED=ON [default=ON]\r\n--       Rely on utf8proc shared libraries where relevant\r\n--   ARROW_SNAPPY_USE_SHARED=ON [default=ON]\r\n--       Rely on snappy shared libraries where relevant\r\n--   ARROW_UTF8PROC_USE_SHARED=ON [default=ON]\r\n--       Rely on utf8proc shared libraries where relevant\r\n--   ARROW_ZSTD_USE_SHARED=ON [default=ON]\r\n--       Rely on zstd shared libraries where relevant\r\n--   ARROW_USE_GLOG=OFF [default=OFF]\r\n--       Build libraries with glog support for pluggable logging\r\n--   ARROW_WITH_BACKTRACE=ON [default=ON]\r\n--       Build with backtrace support\r\n--   ARROW_WITH_BROTLI=OFF [default=OFF]\r\n--       Build with Brotli compression\r\n--   ARROW_WITH_BZ2=OFF [default=OFF]\r\n--       Build with BZ2 compression\r\n--   ARROW_WITH_LZ4=OFF [default=OFF]\r\n--       Build with lz4 compression\r\n--   ARROW_WITH_SNAPPY=OFF [default=OFF]\r\n--       Build with Snappy compression\r\n--   ARROW_WITH_ZLIB=OFF [default=OFF]\r\n--       Build with zlib compression\r\n--   ARROW_WITH_ZSTD=OFF [default=OFF]\r\n--       Build with zstd compression\r\n--   ARROW_WITH_UTF8PROC=OFF [default=ON]\r\n--       Build with support for Unicode properties using the utf8proc library\r\n--       (only used if ARROW_COMPUTE is ON)\r\n--   ARROW_WITH_RE2=ON [default=ON]\r\n--       Build with support for regular expressions using the re2 library\r\n--       (only used if ARROW_COMPUTE or ARROW_GANDIVA is ON)\r\n-- \r\n-- Parquet options:\r\n-- \r\n--   PARQUET_MINIMAL_DEPENDENCY=OFF [default=OFF]\r\n--       Depend only on Thirdparty headers to build libparquet.\r\n--       Always OFF if building binaries\r\n--   PARQUET_BUILD_EXECUTABLES=OFF [default=OFF]\r\n--       Build the Parquet executable CLI tools. Requires static libraries to be built.\r\n--   PARQUET_BUILD_EXAMPLES=OFF [default=OFF]\r\n--       Build the Parquet examples. Requires static libraries to be built.\r\n--   PARQUET_REQUIRE_ENCRYPTION=OFF [default=OFF]\r\n--       Build support for encryption. Fail if OpenSSL is not found\r\n-- \r\n-- Gandiva options:\r\n-- \r\n--   ARROW_GANDIVA_JAVA=OFF [default=OFF]\r\n--       Build the Gandiva JNI wrappers\r\n--   ARROW_GANDIVA_STATIC_LIBSTDCPP=OFF [default=OFF]\r\n--       Include -static-libstdc++ -static-libgcc when linking with\r\n--       Gandiva static libraries\r\n--   ARROW_GANDIVA_PC_CXX_FLAGS=\"\" [default=\"\"]\r\n--       Compiler flags to append when pre-compiling Gandiva operations\r\n-- \r\n-- Advanced developer options:\r\n-- \r\n--   ARROW_EXTRA_ERROR_CONTEXT=OFF [default=OFF]\r\n--       Compile with extra error context (line numbers, code)\r\n--   ARROW_OPTIONAL_INSTALL=OFF [default=OFF]\r\n--       If enabled install ONLY targets that have already been built. Please be\r\n--       advised that if this is enabled 'install' will fail silently on components\r\n--       that have not been built\r\n--   Outputting build configuration summary to /tmp/RtmpqK4yeM/file44b5965220a/cmake_summary.json\r\n-- Configuring done\r\n-- Generating done\r\n-- Build files have been written to: /tmp/RtmpqK4yeM/file44b5965220a\r\n+ /usr/bin/cmake3 --build . --target install\r\nScanning dependencies of target jemalloc_ep\r\nScanning dependencies of target boost_ep\r\n[  1%] Creating directories for 'jemalloc_ep'\r\n[  2%] Creating directories for 'boost_ep'\r\n[  4%] Performing download step (download, verify and extract) for 'jemalloc_ep'\r\n[  5%] Performing download step (download, verify and extract) for 'boost_ep'\r\n-- boost_ep download command succeeded.  See also /tmp/RtmpqK4yeM/file44b5965220a/boost_ep-prefix/src/boost_ep-stamp/boost_ep-download-*.log\r\n[  6%] No patch step for 'boost_ep'\r\n[  8%] No update step for 'boost_ep'\r\n[  9%] Performing configure step for 'boost_ep'\r\n-- boost_ep configure command succeeded.  See also /tmp/RtmpqK4yeM/file44b5965220a/boost_ep-prefix/src/boost_ep-stamp/boost_ep-configure-*.log\r\n[ 10%] Performing build step for 'boost_ep'\r\n-- boost_ep build command succeeded.  See also /tmp/RtmpqK4yeM/file44b5965220a/boost_ep-prefix/src/boost_ep-stamp/boost_ep-build-*.log\r\n[ 12%] No install step for 'boost_ep'\r\n[ 13%] Completed 'boost_ep'\r\n[ 13%] Built target boost_ep\r\nScanning dependencies of target rapidjson_ep\r\n[ 14%] Creating directories for 'rapidjson_ep'\r\n[ 16%] Performing download step (download, verify and extract) for 'rapidjson_ep'\r\nCMake Error at jemalloc_ep-stamp/jemalloc_ep-download-RELEASE.cmake:37 (message):\r\n  Command failed: 1   '/usr/bin/cmake3' '-Dmake=' '-Dconfig=' '-P' '/tmp/RtmpqK4yeM/file44b5965220a/jemalloc_ep-prefix/src/jemalloc_ep-stamp/jemalloc_ep-download-RELEASE-impl.cmake'  See also    /tmp/RtmpqK4yeM/file44b5965220a/jemalloc_ep-prefix/src/jemalloc_ep-stamp/jemalloc_ep-download-*.log\r\n-- stdout output is:\r\n-- Downloading...\r\n   dst='/tmp/RtmpqK4yeM/file44b5965220a/jemalloc_ep-prefix/src/jemalloc-5.2.1.tar.bz2'\r\n   timeout='none'\r\n-- Using src='https://github.com/jemalloc/jemalloc/releases/download/5.2.1/jemalloc-5.2.1.tar.bz2'\r\n-- Using src='https://github.com/ursa-labs/thirdparty/releases/download/latest/jemalloc-5.2.1.tar.bz2'\r\n-- Retrying...\r\n-- Using src='https://github.com/jemalloc/jemalloc/releases/download/5.2.1/jemalloc-5.2.1.tar.bz2'\r\n-- Using src='https://github.com/ursa-labs/thirdparty/releases/download/latest/jemalloc-5.2.1.tar.bz2'\r\n-- Retry after 5 seconds (attempt #2) ...\r\n-- Using src='https://github.com/jemalloc/jemalloc/releases/download/5.2.1/jemalloc-5.2.1.tar.bz2'\r\n-- Using src='https://github.com/ursa-labs/thirdparty/releases/download/latest/jemalloc-5.2.1.tar.bz2'\r\n-- Retry after 5 seconds (attempt #3) ...\r\n-- Using src='https://github.com/jemalloc/jemalloc/releases/download/5.2.1/jemalloc-5.2.1.tar.bz2'\r\n-- Using src='https://github.com/ursa-labs/thirdparty/releases/download/latest/jemalloc-5.2.1.tar.bz2'\r\n-- Retry after 15 seconds (attempt #4) ...\r\n-- Using src='https://github.com/jemalloc/jemalloc/releases/download/5.2.1/jemalloc-5.2.1.tar.bz2'\r\n-- Using src='https://github.com/ursa-labs/thirdparty/releases/download/latest/jemalloc-5.2.1.tar.bz2'\r\n-- Retry after 60 seconds (attempt #5) ...\r\n-- Using src='https://github.com/jemalloc/jemalloc/releases/download/5.2.1/jemalloc-5.2.1.tar.bz2'\r\n-- Using src='https://github.com/ursa-labs/thirdparty/releases/download/latest/jemalloc-5.2.1.tar.bz2'-- stderr output is:\r\n...skipping to end...\r\n certificate:        subject: CN=github.com,O=\"GitHub, Inc.\",L=San Francisco,ST=California,C=US        start date: Mar 12 00:00:00 2021 GMT        expire date: Mar 23 23:59:59 2022 GMT        common name: github.com        issuer: CN=COF-proxy-intermediate-CA-v2,OU=chiproxy06p,O=\r\n  One,L=Chicago,ST=IL,C=US  GET /ursa-labs/thirdparty/releases/download/latest/jemalloc-5.2.1.tar.bz2\r\n  HTTP/1.1  User-Agent: curl/7.29.0  Host: github.com  Accept: */*    The requested URL returned error: 403 Forbidden  Closing connection 5           --- LOG END ---\r\n         error: downloading 'https://github.com/jemalloc/jemalloc/releases/download/5.2.1/jemalloc-5.2.1.tar.bz2' failed\r\n         status_code: 22\r\n         status_string: \"HTTP response code said error\"\r\n         log:\r\n         --- LOG BEGIN ---\r\n          GET /jemalloc/jemalloc/releases/download/5.2.1/jemalloc-5.2.1.tar.bz2\r\n  HTTP/1.1  User-Agent: curl/7.29.0  Host: github.com  Accept: */*    The requested URL returned error: 403 Forbidden  Closing connection 6           --- LOG END ---\r\n         error: downloading 'https://github.com/ursa-labs/thirdparty/releases/download/latest/jemalloc-5.2.1.tar.bz2' failed\r\n         status_code: 22\r\n         status_string: \"HTTP response code said error\"\r\n         log:\r\n         --- LOG BEGIN ---\r\n         GET /ursa-labs/thirdparty/releases/download/latest/jemalloc-5.2.1.tar.bz2\r\n  HTTP/1.1  User-Agent: curl/7.29.0  Host: github.com  Accept: */*    The requested URL returned error: 403 Forbidden  Closing connection 7           --- LOG END ---\r\n         error: downloading 'https://github.com/jemalloc/jemalloc/releases/download/5.2.1/jemalloc-5.2.1.tar.bz2' failed\r\n         status_code: 22\r\n         status_string: \"HTTP response code said error\"\r\n         log:\r\n         --- LOG BEGIN ---\r\n         GET /jemalloc/jemalloc/releases/download/5.2.1/jemalloc-5.2.1.tar.bz2\r\n  HTTP/1.1  User-Agent: curl/7.29.0  Host: github.com  Accept: */*    The requested URL returned error: 403 Forbidden  Closing connection 8           --- LOG END ---\r\n         error: downloading 'https://github.com/ursa-labs/thirdparty/releases/download/latest/jemalloc-5.2.1.tar.bz2' failed\r\n         status_code: 22\r\n         status_string: \"HTTP response code said error\"\r\n         log:\r\n         --- LOG BEGIN ---\r\n          GET /ursa-labs/thirdparty/releases/download/latest/jemalloc-5.2.1.tar.bz2\r\n  HTTP/1.1  User-Agent: curl/7.29.0  Host: github.com  Accept: */*    The requested URL returned error: 403 Forbidden  Closing connection 9           --- LOG END ---\r\n         error: downloading 'https://github.com/jemalloc/jemalloc/releases/download/5.2.1/jemalloc-5.2.1.tar.bz2' failed\r\n         status_code: 22\r\n         status_string: \"HTTP response code said error\"\r\n         log:\r\n         --- LOG BEGIN ---\r\n          GET /jemalloc/jemalloc/releases/download/5.2.1/jemalloc-5.2.1.tar.bz2\r\n  HTTP/1.1  User-Agent: curl/7.29.0  Host: github.com  Accept: */*    The requested URL returned error: 403 Forbidden  Closing connection 10           --- LOG END ---\r\n         error: downloading 'https://github.com/ursa-labs/thirdparty/releases/download/latest/jemalloc-5.2.1.tar.bz2' failed\r\n         status_code: 22\r\n         status_string: \"HTTP response code said error\"\r\n         log:\r\n         --- LOG BEGIN ---\r\n         \r\nGET /ursa-labs/thirdparty/releases/download/latest/jemalloc-5.2.1.tar.bz2\r\n  HTTP/1.1  User-Agent: curl/7.29.0  Host: github.com  Accept: */*    The requested URL returned error: 403 Forbidden  Closing connection 11           --- LOG END ---\r\n         \r\n    \r\nCMake Error at jemalloc_ep-stamp/jemalloc_ep-download-RELEASE-impl.cmake:9 (message):\r\n  Command failed (1):   '/usr/bin/cmake3' '-P' '/tmp/RtmpqK4yeM/file44b5965220a/jemalloc_ep-prefix/src/jemalloc_ep-stamp/download-jemalloc_ep.cmake'CMake Error at jemalloc_ep-stamp/jemalloc_ep-download-RELEASE.cmake:47 (message):\r\n  Stopping after outputting logs.\r\nmake[2]: *** [jemalloc_ep-prefix/src/jemalloc_ep-stamp/jemalloc_ep-download] Error 1\r\nmake[1]: *** [CMakeFiles/jemalloc_ep.dir/all] Error 2\r\nmake[1]: *** Waiting for unfinished jobs....\r\nCMake Error at rapidjson_ep-stamp/rapidjson_ep-download-RELEASE.cmake:37 (message):\r\n  Command failed: 1   '/usr/bin/cmake3' '-Dmake=' '-Dconfig=' '-P' '/tmp/RtmpqK4yeM/file44b5965220a/src/rapidjson_ep-stamp/rapidjson_ep-download-RELEASE-impl.cmake'  See also    /tmp/RtmpqK4yeM/file44b5965220a/src/rapidjson_ep-stamp/rapidjson_ep-download-*.log\r\n-- stdout output is:\r\n-- Downloading...\r\n   dst='/tmp/RtmpqK4yeM/file44b5965220a/src/1a803826f1197b5e30703afe4b9c0e7dd48074f5.tar.gz'\r\n   timeout='none'\r\n-- Using src='https://github.com/miloyip/rapidjson/archive/1a803826f1197b5e30703afe4b9c0e7dd48074f5.tar.gz'\r\n-- Using src='https://github.com/ursa-labs/thirdparty/releases/download/latest/rapidjson-1a803826f1197b5e30703afe4b9c0e7dd48074f5.tar.gz'\r\n-- Retrying...\r\n-- Using src='https://github.com/miloyip/rapidjson/archive/1a803826f1197b5e30703afe4b9c0e7dd48074f5.tar.gz'\r\n-- Using src='https://github.com/ursa-labs/thirdparty/releases/download/latest/rapidjson-1a803826f1197b5e30703afe4b9c0e7dd48074f5.tar.gz'\r\n-- Retry after 5 seconds (attempt #2) ...\r\n-- Using src='https://github.com/miloyip/rapidjson/archive/1a803826f1197b5e30703afe4b9c0e7dd48074f5.tar.gz'\r\n-- Using src='https://github.com/ursa-labs/thirdparty/releases/download/latest/rapidjson-1a803826f1197b5e30703afe4b9c0e7dd48074f5.tar.gz'\r\n-- Retry after 5 seconds (attempt #3) ...\r\n-- Using src='https://github.com/miloyip/rapidjson/archive/1a803826f1197b5e30703afe4b9c0e7dd48074f5.tar.gz'\r\n-- Using src='https://github.com/ursa-labs/thirdparty/releases/download/latest/rapidjson-1a803826f1197b5e30703afe4b9c0e7dd48074f5.tar.gz'\r\n-- Retry after 15 seconds (attempt #4) ...\r\n-- Using src='https://github.com/miloyip/rapidjson/archive/1a803826f1197b5e30703afe4b9c0e7dd48074f5.tar.gz'\r\n-- Using src='https://github.com/ursa-labs/thirdparty/releases/download/latest/rapidjson-1a803826f1197b5e30703afe4b9c0e7dd48074f5.tar.gz'\r\n-- Retry after 60 seconds (attempt #5) ...\r\n-- Using src='https://github.com/miloyip/rapidjson/archive/1a803826f1197b5e30703afe4b9c0e7dd48074f5.tar.gz'\r\n-- Using src='https://github.com/ursa-labs/thirdparty/releases/download/latest/rapidjson-1a803826f1197b5e30703afe4b9c0e7dd48074f5.tar.gz'-- stderr output is:\r\n...skipping to end...\r\nursa-labs/thirdparty/releases/download/latest/rapidjson-1a803826f1197b5e30703afe4b9c0e7dd48074f5.tar.gz\r\n  HTTP/1.1  User-Agent: curl/7.29.0  Host: github.com  Accept: */*\r\n The requested URL returned error: 403 Forbidden  Closing connection 5           --- LOG END ---\r\n         error: downloading 'https://github.com/miloyip/rapidjson/archive/1a803826f1197b5e30703afe4b9c0e7dd48074f5.tar.gz' failed\r\n         status_code: 22\r\n         status_string: \"HTTP response code said error\"\r\n         log:\r\n         --- LOG BEGIN ---\r\n         GET\r\n  /miloyip/rapidjson/archive/1a803826f1197b5e30703afe4b9c0e7dd48074f5.tar.gz\r\n  HTTP/1.1  User-Agent: curl/7.29.0  Host: github.com  Accept: */*    The requested URL returned error: 403 Forbidden  Closing connection 6           --- LOG END ---\r\n         error: downloading 'https://github.com/ursa-labs/thirdparty/releases/download/latest/rapidjson-1a803826f1197b5e30703afe4b9c0e7dd48074f5.tar.gz' failed\r\n         status_code: 22\r\n         status_string: \"HTTP response code said error\"\r\n         log:\r\n         --- LOG BEGIN ---\r\n         GET\r\n  /ursa-labs/thirdparty/releases/download/latest/rapidjson-1a803826f1197b5e30703afe4b9c0e7dd48074f5.tar.gz\r\n  HTTP/1.1  User-Agent: curl/7.29.0  Host: github.com  Accept: */*    The requested URL returned error: 403 Forbidden  Closing connection 7           --- LOG END ---\r\n         error: downloading 'https://github.com/miloyip/rapidjson/archive/1a803826f1197b5e30703afe4b9c0e7dd48074f5.tar.gz' failed\r\n         status_code: 22\r\n         status_string: \"HTTP response code said error\"\r\n         log:\r\n         --- LOG BEGIN ---\r\n        \r\n  /miloyip/rapidjson/archive/1a803826f1197b5e30703afe4b9c0e7dd48074f5.tar.gz\r\n  HTTP/1.1  User-Agent: curl/7.29.0  Host: github.com  Accept: */*    The requested URL returned error: 403 Forbidden  Closing connection 8           --- LOG END ---\r\n         error: downloading 'https://github.com/ursa-labs/thirdparty/releases/download/latest/rapidjson-1a803826f1197b5e30703afe4b9c0e7dd48074f5.tar.gz' failed\r\n         status_code: 22\r\n         status_string: \"HTTP response code said error\"\r\n         log:\r\n         --- LOG BEGIN ---\r\n  /ursa-labs/thirdparty/releases/download/latest/rapidjson-1a803826f1197b5e30703afe4b9c0e7dd48074f5.tar.gz\r\n  HTTP/1.1  User-Agent: curl/7.29.0  Host: github.com  Accept: */*    The requested URL returned error: 403 Forbidden  Closing connection 9           --- LOG END ---\r\n         error: downloading 'https://github.com/miloyip/rapidjson/archive/1a803826f1197b5e30703afe4b9c0e7dd48074f5.tar.gz' failed\r\n         status_code: 22\r\n         status_string: \"HTTP response code said error\"\r\n         log:\r\n         --- LOG BEGIN ---\r\n  /miloyip/rapidjson/archive/1a803826f1197b5e30703afe4b9c0e7dd48074f5.tar.gz\r\n  HTTP/1.1  User-Agent: curl/7.29.0  Host: github.com  Accept: */*    The requested URL returned error: 403 Forbidden  Closing connection 10           --- LOG END ---\r\n         error: downloading 'https://github.com/ursa-labs/thirdparty/releases/download/latest/rapidjson-1a803826f1197b5e30703afe4b9c0e7dd48074f5.tar.gz' failed\r\n         status_code: 22\r\n         status_string: \"HTTP response code said error\"\r\n         log:\r\n         --- LOG BEGIN ---\r\n  /ursa-labs/thirdparty/releases/download/latest/rapidjson-1a803826f1197b5e30703afe4b9c0e7dd48074f5.tar.gz\r\n  HTTP/1.1  User-Agent: curl/7.29.0  Host: github.com  Accept: */*    The requested URL returned error: 403 Forbidden  Closing connection 11           --- LOG END ---\r\n         \r\n    \r\nCMake Error at rapidjson_ep-stamp/rapidjson_ep-download-RELEASE-impl.cmake:9 (message):\r\n  Command failed (1):   '/usr/bin/cmake3' '-P' '/tmp/RtmpqK4yeM/file44b5965220a/src/rapidjson_ep-stamp/download-rapidjson_ep.cmake'CMake Error at rapidjson_ep-stamp/rapidjson_ep-download-RELEASE.cmake:47 (message):\r\n  Stopping after outputting logs.\r\nmake[2]: *** [src/rapidjson_ep-stamp/rapidjson_ep-download] Error 1\r\nmake[1]: *** [CMakeFiles/rapidjson_ep.dir/all] Error 2\r\ngmake: *** [all] Error 2\r\n+ popd\r\n/tmp/RtmpnECges/R.INSTALL437112f5bd0/arrow\r\nPKG_CFLAGS=-I/tmp/RtmpnECges/R.INSTALL437112f5bd0/arrow/libarrow/arrow-3.0.0/include  -DARROW_R_WITH_ARROW\r\nPKG_LIBS=-larrow_dataset -lparquet -larrow\r\n** libs\r\ng++ -m64 -std=gnu++11 -I\"/usr/include/R\" -DNDEBUG -I/tmp/RtmpnECges/R.INSTALL437112f5bd0/arrow/libarrow/arrow-3.0.0/include  -DARROW_R_WITH_ARROW -I\"/usr/lib64/R/library/cpp11/include\" -I/usr/local/include  -fpic  -O2 -g -pipe -Wall -Wp,-D_FORTIFY_SOURCE=2 -fexceptions -fstack-protector-strong --param=ssp-buffer-size=4 -grecord-gcc-switches   -m64 -mtune=generic  -c array.cpp -o array.o\r\ng++ -m64 -std=gnu++11 -I\"/usr/include/R\" -DNDEBUG -I/tmp/RtmpnECges/R.INSTALL437112f5bd0/arrow/libarrow/arrow-3.0.0/include  -DARROW_R_WITH_ARROW -I\"/usr/lib64/R/library/cpp11/include\" -I/usr/local/include  -fpic  -O2 -g -pipe -Wall -Wp,-D_FORTIFY_SOURCE=2 -fexceptions -fstack-protector-strong --param=ssp-buffer-size=4 -grecord-gcc-switches   -m64 -mtune=generic  -c array_from_vector.cpp -o array_from_vector.o\r\ng++ -m64 -std=gnu++11 -I\"/usr/include/R\" -DNDEBUG -I/tmp/RtmpnECges/R.INSTALL437112f5bd0/arrow/libarrow/arrow-3.0.0/include  -DARROW_R_WITH_ARROW -I\"/usr/lib64/R/library/cpp11/include\" -I/usr/local/include  -fpic  -O2 -g -pipe -Wall -Wp,-D_FORTIFY_SOURCE=2 -fexceptions -fstack-protector-strong --param=ssp-buffer-size=4 -grecord-gcc-switches   -m64 -mtune=generic  -c array_to_vector.cpp -o array_to_vector.o\r\ng++ -m64 -std=gnu++11 -I\"/usr/include/R\" -DNDEBUG -I/tmp/RtmpnECges/R.INSTALL437112f5bd0/arrow/libarrow/arrow-3.0.0/include  -DARROW_R_WITH_ARROW -I\"/usr/lib64/R/library/cpp11/include\" -I/usr/local/include  -fpic  -O2 -g -pipe -Wall -Wp,-D_FORTIFY_SOURCE=2 -fexceptions -fstack-protector-strong --param=ssp-buffer-size=4 -grecord-gcc-switches   -m64 -mtune=generic  -c arraydata.cpp -o arraydata.o\r\ng++ -m64 -std=gnu++11 -I\"/usr/include/R\" -DNDEBUG -I/tmp/RtmpnECges/R.INSTALL437112f5bd0/arrow/libarrow/arrow-3.0.0/include  -DARROW_R_WITH_ARROW -I\"/usr/lib64/R/library/cpp11/include\" -I/usr/local/include  -fpic  -O2 -g -pipe -Wall -Wp,-D_FORTIFY_SOURCE=2 -fexceptions -fstack-protector-strong --param=ssp-buffer-size=4 -grecord-gcc-switches   -m64 -mtune=generic  -c arrowExports.cpp -o arrowExports.o\r\ng++ -m64 -std=gnu++11 -I\"/usr/include/R\" -DNDEBUG -I/tmp/RtmpnECges/R.INSTALL437112f5bd0/arrow/libarrow/arrow-3.0.0/include  -DARROW_R_WITH_ARROW -I\"/usr/lib64/R/library/cpp11/include\" -I/usr/local/include  -fpic  -O2 -g -pipe -Wall -Wp,-D_FORTIFY_SOURCE=2 -fexceptions -fstack-protector-strong --param=ssp-buffer-size=4 -grecord-gcc-switches   -m64 -mtune=generic  -c buffer.cpp -o buffer.o\r\ng++ -m64 -std=gnu++11 -I\"/usr/include/R\" -DNDEBUG -I/tmp/RtmpnECges/R.INSTALL437112f5bd0/arrow/libarrow/arrow-3.0.0/include  -DARROW_R_WITH_ARROW -I\"/usr/lib64/R/library/cpp11/include\" -I/usr/local/include  -fpic  -O2 -g -pipe -Wall -Wp,-D_FORTIFY_SOURCE=2 -fexceptions -fstack-protector-strong --param=ssp-buffer-size=4 -grecord-gcc-switches   -m64 -mtune=generic  -c chunkedarray.cpp -o chunkedarray.o\r\ng++ -m64 -std=gnu++11 -I\"/usr/include/R\" -DNDEBUG -I/tmp/RtmpnECges/R.INSTALL437112f5bd0/arrow/libarrow/arrow-3.0.0/include  -DARROW_R_WITH_ARROW -I\"/usr/lib64/R/library/cpp11/include\" -I/usr/local/include  -fpic  -O2 -g -pipe -Wall -Wp,-D_FORTIFY_SOURCE=2 -fexceptions -fstack-protector-strong --param=ssp-buffer-size=4 -grecord-gcc-switches   -m64 -mtune=generic  -c compression.cpp -o compression.o\r\ng++ -m64 -std=gnu++11 -I\"/usr/include/R\" -DNDEBUG -I/tmp/RtmpnECges/R.INSTALL437112f5bd0/arrow/libarrow/arrow-3.0.0/include  -DARROW_R_WITH_ARROW -I\"/usr/lib64/R/library/cpp11/include\" -I/usr/local/include  -fpic  -O2 -g -pipe -Wall -Wp,-D_FORTIFY_SOURCE=2 -fexceptions -fstack-protector-strong --param=ssp-buffer-size=4 -grecord-gcc-switches   -m64 -mtune=generic  -c compute.cpp -o compute.o\r\ng++ -m64 -std=gnu++11 -I\"/usr/include/R\" -DNDEBUG -I/tmp/RtmpnECges/R.INSTALL437112f5bd0/arrow/libarrow/arrow-3.0.0/include  -DARROW_R_WITH_ARROW -I\"/usr/lib64/R/library/cpp11/include\" -I/usr/local/include  -fpic  -O2 -g -pipe -Wall -Wp,-D_FORTIFY_SOURCE=2 -fexceptions -fstack-protector-strong --param=ssp-buffer-size=4 -grecord-gcc-switches   -m64 -mtune=generic  -c csv.cpp -o csv.o\r\ng++ -m64 -std=gnu++11 -I\"/usr/include/R\" -DNDEBUG -I/tmp/RtmpnECges/R.INSTALL437112f5bd0/arrow/libarrow/arrow-3.0.0/include  -DARROW_R_WITH_ARROW -I\"/usr/lib64/R/library/cpp11/include\" -I/usr/local/include  -fpic  -O2 -g -pipe -Wall -Wp,-D_FORTIFY_SOURCE=2 -fexceptions -fstack-protector-strong --param=ssp-buffer-size=4 -grecord-gcc-switches   -m64 -mtune=generic  -c dataset.cpp -o dataset.o\r\ng++ -m64 -std=gnu++11 -I\"/usr/include/R\" -DNDEBUG -I/tmp/RtmpnECges/R.INSTALL437112f5bd0/arrow/libarrow/arrow-3.0.0/include  -DARROW_R_WITH_ARROW -I\"/usr/lib64/R/library/cpp11/include\" -I/usr/local/include  -fpic  -O2 -g -pipe -Wall -Wp,-D_FORTIFY_SOURCE=2 -fexceptions -fstack-protector-strong --param=ssp-buffer-size=4 -grecord-gcc-switches   -m64 -mtune=generic  -c datatype.cpp -o datatype.o\r\ng++ -m64 -std=gnu++11 -I\"/usr/include/R\" -DNDEBUG -I/tmp/RtmpnECges/R.INSTALL437112f5bd0/arrow/libarrow/arrow-3.0.0/include  -DARROW_R_WITH_ARROW -I\"/usr/lib64/R/library/cpp11/include\" -I/usr/local/include  -fpic  -O2 -g -pipe -Wall -Wp,-D_FORTIFY_SOURCE=2 -fexceptions -fstack-protector-strong --param=ssp-buffer-size=4 -grecord-gcc-switches   -m64 -mtune=generic  -c expression.cpp -o expression.o\r\ng++ -m64 -std=gnu++11 -I\"/usr/include/R\" -DNDEBUG -I/tmp/RtmpnECges/R.INSTALL437112f5bd0/arrow/libarrow/arrow-3.0.0/include  -DARROW_R_WITH_ARROW -I\"/usr/lib64/R/library/cpp11/include\" -I/usr/local/include  -fpic  -O2 -g -pipe -Wall -Wp,-D_FORTIFY_SOURCE=2 -fexceptions -fstack-protector-strong --param=ssp-buffer-size=4 -grecord-gcc-switches   -m64 -mtune=generic  -c feather.cpp -o feather.o\r\ng++ -m64 -std=gnu++11 -I\"/usr/include/R\" -DNDEBUG -I/tmp/RtmpnECges/R.INSTALL437112f5bd0/arrow/libarrow/arrow-3.0.0/include  -DARROW_R_WITH_ARROW -I\"/usr/lib64/R/library/cpp11/include\" -I/usr/local/include  -fpic  -O2 -g -pipe -Wall -Wp,-D_FORTIFY_SOURCE=2 -fexceptions -fstack-protector-strong --param=ssp-buffer-size=4 -grecord-gcc-switches   -m64 -mtune=generic  -c field.cpp -o field.o\r\ng++ -m64 -std=gnu++11 -I\"/usr/include/R\" -DNDEBUG -I/tmp/RtmpnECges/R.INSTALL437112f5bd0/arrow/libarrow/arrow-3.0.0/include  -DARROW_R_WITH_ARROW -I\"/usr/lib64/R/library/cpp11/include\" -I/usr/local/include  -fpic  -O2 -g -pipe -Wall -Wp,-D_FORTIFY_SOURCE=2 -fexceptions -fstack-protector-strong --param=ssp-buffer-size=4 -grecord-gcc-switches   -m64 -mtune=generic  -c filesystem.cpp -o filesystem.o\r\ng++ -m64 -std=gnu++11 -I\"/usr/include/R\" -DNDEBUG -I/tmp/RtmpnECges/R.INSTALL437112f5bd0/arrow/libarrow/arrow-3.0.0/include  -DARROW_R_WITH_ARROW -I\"/usr/lib64/R/library/cpp11/include\" -I/usr/local/include  -fpic  -O2 -g -pipe -Wall -Wp,-D_FORTIFY_SOURCE=2 -fexceptions -fstack-protector-strong --param=ssp-buffer-size=4 -grecord-gcc-switches   -m64 -mtune=generic  -c imports.cpp -o imports.o\r\ng++ -m64 -std=gnu++11 -I\"/usr/include/R\" -DNDEBUG -I/tmp/RtmpnECges/R.INSTALL437112f5bd0/arrow/libarrow/arrow-3.0.0/include  -DARROW_R_WITH_ARROW -I\"/usr/lib64/R/library/cpp11/include\" -I/usr/local/include  -fpic  -O2 -g -pipe -Wall -Wp,-D_FORTIFY_SOURCE=2 -fexceptions -fstack-protector-strong --param=ssp-buffer-size=4 -grecord-gcc-switches   -m64 -mtune=generic  -c io.cpp -o io.o\r\ng++ -m64 -std=gnu++11 -I\"/usr/include/R\" -DNDEBUG -I/tmp/RtmpnECges/R.INSTALL437112f5bd0/arrow/libarrow/arrow-3.0.0/include  -DARROW_R_WITH_ARROW -I\"/usr/lib64/R/library/cpp11/include\" -I/usr/local/include  -fpic  -O2 -g -pipe -Wall -Wp,-D_FORTIFY_SOURCE=2 -fexceptions -fstack-protector-strong --param=ssp-buffer-size=4 -grecord-gcc-switches   -m64 -mtune=generic  -c json.cpp -o json.o\r\ng++ -m64 -std=gnu++11 -I\"/usr/include/R\" -DNDEBUG -I/tmp/RtmpnECges/R.INSTALL437112f5bd0/arrow/libarrow/arrow-3.0.0/include  -DARROW_R_WITH_ARROW -I\"/usr/lib64/R/library/cpp11/include\" -I/usr/local/include  -fpic  -O2 -g -pipe -Wall -Wp,-D_FORTIFY_SOURCE=2 -fexceptions -fstack-protector-strong --param=ssp-buffer-size=4 -grecord-gcc-switches   -m64 -mtune=generic  -c memorypool.cpp -o memorypool.o\r\ng++ -m64 -std=gnu++11 -I\"/usr/include/R\" -DNDEBUG -I/tmp/RtmpnECges/R.INSTALL437112f5bd0/arrow/libarrow/arrow-3.0.0/include  -DARROW_R_WITH_ARROW -I\"/usr/lib64/R/library/cpp11/include\" -I/usr/local/include  -fpic  -O2 -g -pipe -Wall -Wp,-D_FORTIFY_SOURCE=2 -fexceptions -fstack-protector-strong --param=ssp-buffer-size=4 -grecord-gcc-switches   -m64 -mtune=generic  -c message.cpp -o message.o\r\ng++ -m64 -std=gnu++11 -I\"/usr/include/R\" -DNDEBUG -I/tmp/RtmpnECges/R.INSTALL437112f5bd0/arrow/libarrow/arrow-3.0.0/include  -DARROW_R_WITH_ARROW -I\"/usr/lib64/R/library/cpp11/include\" -I/usr/local/include  -fpic  -O2 -g -pipe -Wall -Wp,-D_FORTIFY_SOURCE=2 -fexceptions -fstack-protector-strong --param=ssp-buffer-size=4 -grecord-gcc-switches   -m64 -mtune=generic  -c parquet.cpp -o parquet.o\r\ng++ -m64 -std=gnu++11 -I\"/usr/include/R\" -DNDEBUG -I/tmp/RtmpnECges/R.INSTALL437112f5bd0/arrow/libarrow/arrow-3.0.0/include  -DARROW_R_WITH_ARROW -I\"/usr/lib64/R/library/cpp11/include\" -I/usr/local/include  -fpic  -O2 -g -pipe -Wall -Wp,-D_FORTIFY_SOURCE=2 -fexceptions -fstack-protector-strong --param=ssp-buffer-size=4 -grecord-gcc-switches   -m64 -mtune=generic  -c py-to-r.cpp -o py-to-r.o\r\ng++ -m64 -std=gnu++11 -I\"/usr/include/R\" -DNDEBUG -I/tmp/RtmpnECges/R.INSTALL437112f5bd0/arrow/libarrow/arrow-3.0.0/include  -DARROW_R_WITH_ARROW -I\"/usr/lib64/R/library/cpp11/include\" -I/usr/local/include  -fpic  -O2 -g -pipe -Wall -Wp,-D_FORTIFY_SOURCE=2 -fexceptions -fstack-protector-strong --param=ssp-buffer-size=4 -grecord-gcc-switches   -m64 -mtune=generic  -c recordbatch.cpp -o recordbatch.o\r\ng++ -m64 -std=gnu++11 -I\"/usr/include/R\" -DNDEBUG -I/tmp/RtmpnECges/R.INSTALL437112f5bd0/arrow/libarrow/arrow-3.0.0/include  -DARROW_R_WITH_ARROW -I\"/usr/lib64/R/library/cpp11/include\" -I/usr/local/include  -fpic  -O2 -g -pipe -Wall -Wp,-D_FORTIFY_SOURCE=2 -fexceptions -fstack-protector-strong --param=ssp-buffer-size=4 -grecord-gcc-switches   -m64 -mtune=generic  -c recordbatchreader.cpp -o recordbatchreader.o\r\ng++ -m64 -std=gnu++11 -I\"/usr/include/R\" -DNDEBUG -I/tmp/RtmpnECges/R.INSTALL437112f5bd0/arrow/libarrow/arrow-3.0.0/include  -DARROW_R_WITH_ARROW -I\"/usr/lib64/R/library/cpp11/include\" -I/usr/local/include  -fpic  -O2 -g -pipe -Wall -Wp,-D_FORTIFY_SOURCE=2 -fexceptions -fstack-protector-strong --param=ssp-buffer-size=4 -grecord-gcc-switches   -m64 -mtune=generic  -c recordbatchwriter.cpp -o recordbatchwriter.o\r\ng++ -m64 -std=gnu++11 -I\"/usr/include/R\" -DNDEBUG -I/tmp/RtmpnECges/R.INSTALL437112f5bd0/arrow/libarrow/arrow-3.0.0/include  -DARROW_R_WITH_ARROW -I\"/usr/lib64/R/library/cpp11/include\" -I/usr/local/include  -fpic  -O2 -g -pipe -Wall -Wp,-D_FORTIFY_SOURCE=2 -fexceptions -fstack-protector-strong --param=ssp-buffer-size=4 -grecord-gcc-switches   -m64 -mtune=generic  -c scalar.cpp -o scalar.o\r\ng++ -m64 -std=gnu++11 -I\"/usr/include/R\" -DNDEBUG -I/tmp/RtmpnECges/R.INSTALL437112f5bd0/arrow/libarrow/arrow-3.0.0/include  -DARROW_R_WITH_ARROW -I\"/usr/lib64/R/library/cpp11/include\" -I/usr/local/include  -fpic  -O2 -g -pipe -Wall -Wp,-D_FORTIFY_SOURCE=2 -fexceptions -fstack-protector-strong --param=ssp-buffer-size=4 -grecord-gcc-switches   -m64 -mtune=generic  -c schema.cpp -o schema.o\r\ng++ -m64 -std=gnu++11 -I\"/usr/include/R\" -DNDEBUG -I/tmp/RtmpnECges/R.INSTALL437112f5bd0/arrow/libarrow/arrow-3.0.0/include  -DARROW_R_WITH_ARROW -I\"/usr/lib64/R/library/cpp11/include\" -I/usr/local/include  -fpic  -O2 -g -pipe -Wall -Wp,-D_FORTIFY_SOURCE=2 -fexceptions -fstack-protector-strong --param=ssp-buffer-size=4 -grecord-gcc-switches   -m64 -mtune=generic  -c symbols.cpp -o symbols.o\r\ng++ -m64 -std=gnu++11 -I\"/usr/include/R\" -DNDEBUG -I/tmp/RtmpnECges/R.INSTALL437112f5bd0/arrow/libarrow/arrow-3.0.0/include  -DARROW_R_WITH_ARROW -I\"/usr/lib64/R/library/cpp11/include\" -I/usr/local/include  -fpic  -O2 -g -pipe -Wall -Wp,-D_FORTIFY_SOURCE=2 -fexceptions -fstack-protector-strong --param=ssp-buffer-size=4 -grecord-gcc-switches   -m64 -mtune=generic  -c table.cpp -o table.o\r\ng++ -m64 -std=gnu++11 -I\"/usr/include/R\" -DNDEBUG -I/tmp/RtmpnECges/R.INSTALL437112f5bd0/arrow/libarrow/arrow-3.0.0/include  -DARROW_R_WITH_ARROW -I\"/usr/lib64/R/library/cpp11/include\" -I/usr/local/include  -fpic  -O2 -g -pipe -Wall -Wp,-D_FORTIFY_SOURCE=2 -fexceptions -fstack-protector-strong --param=ssp-buffer-size=4 -grecord-gcc-switches   -m64 -mtune=generic  -c threadpool.cpp -o threadpool.o\r\ng++ -m64 -std=gnu++11 -shared -L/usr/lib64/R/lib -Wl,-z,relro -o arrow.so array.o array_from_vector.o array_to_vector.o arraydata.o arrowExports.o buffer.o chunkedarray.o compression.o compute.o csv.o dataset.o datatype.o expression.o feather.o field.o filesystem.o imports.o io.o json.o memorypool.o message.o parquet.o py-to-r.o recordbatch.o recordbatchreader.o recordbatchwriter.o scalar.o schema.o symbols.o table.o threadpool.o -larrow_dataset -lparquet -larrow -L/usr/lib64/R/lib -lR\r\ninstalling to /usr/lib64/R/library/00LOCK-arrow/00new/arrow/libs\r\n** R\r\n** inst\r\n** byte-compile and prepare package for lazy loading\r\n** help\r\n*** installing help indices\r\nWarning in file.copy(file.path(R.home(\"doc\"), \"html\", \"R.css\"), outman) :\r\n  problem copying /usr/share/doc/R-3.6.0/html/R.css to /usr/lib64/R/library/00LOCK-arrow/00new/arrow/html/R.css: No such file or directory\r\n  converting help for package \u2018arrow\u2019\r\n    finding HTML links ... done\r\n    ArrayData                               html  \r\n    ChunkedArray                            html  \r\n    Codec                                   html  \r\n    CsvReadOptions                          html  \r\n    CsvTableReader                          html  \r\n    DataType                                html  \r\n    Dataset                                 html  \r\n    DictionaryType                          html  \r\n    Expression                              html  \r\n    FeatherReader                           html  \r\n    Field                                   html  \r\n    FileFormat                              html  \r\n    FileInfo                                html  \r\n    FileSelector                            html  \r\n    FileSystem                              html  \r\n    FileWriteOptions                        html  \r\n    FixedWidthType                          html  \r\n    InputStream                             html  \r\n    MemoryPool                              html  \r\n    Message                                 html  \r\n    MessageReader                           html  \r\n    OutputStream                            html  \r\n    ParquetArrowReaderProperties            html  \r\n    ParquetFileReader                       html  \r\n    ParquetFileWriter                       html  \r\n    ParquetWriterProperties                 html  \r\n    Partitioning                            html  \r\n    RecordBatch                             html  \r\n    RecordBatchReader                       html  \r\n    RecordBatchWriter                       html  \r\n    Scalar                                  html  \r\n    Scanner                                 html  \r\n    Schema                                  html  \r\n    Table                                   html  \r\n    array                                   html  \r\n    arrow-package                           html  \r\n    arrow_available                         html  \r\n    arrow_info                              html  \r\n    buffer                                  html  \r\n    cast_options                            html  \r\n    codec_is_available                      html  \r\n    compression                             html  \r\n    copy_files                              html  \r\n    cpu_count                               html  \r\n    data-type                               html  \r\n    dataset_factory                         html  \r\n    default_memory_pool                     html  \r\n    dictionary                              html  \r\n    enums                                   html  \r\n    flight_connect                          html  \r\n    flight_get                              html  \r\n    flight_put                              html  \r\n    hive_partition                          html  \r\n    install_arrow                           html  \r\n    install_pyarrow                         html  \r\n    list_flights                            html  \r\n    load_flight_server                      html  \r\n    make_readable_file                      html  \r\n    map_batches                             html  \r\n    match_arrow                             html  \r\n    mmap_create                             html  \r\n    mmap_open                               html  \r\n    open_dataset                            html  \r\n    read_delim_arrow                        html  \r\n    read_feather                            html  \r\n    read_ipc_stream                         html  \r\n    read_json_arrow                         html  \r\n    read_message                            html  \r\n    read_parquet                            html  \r\n    read_schema                             html  \r\n    reexports                               html  \r\nRd warning: /tmp/RtmpnECges/R.INSTALL437112f5bd0/arrow/man/reexports.Rd:26: file link \u2018starts_with\u2019 in package \u2018tidyselect\u2019 does not exist and so has been treated as a topic\r\nRd warning: /tmp/RtmpnECges/R.INSTALL437112f5bd0/arrow/man/reexports.Rd:26: file link \u2018everything\u2019 in package \u2018tidyselect\u2019 does not exist and so has been treated as a topic\r\nRd warning: /tmp/RtmpnECges/R.INSTALL437112f5bd0/arrow/man/reexports.Rd:26: file link \u2018one_of\u2019 in package \u2018tidyselect\u2019 does not exist and so has been treated as a topic\r\n    s3_bucket                               html  \r\n    type                                    html  \r\n    unify_schemas                           html  \r\n    write_dataset                           html  \r\n    write_feather                           html  \r\n    write_ipc_stream                        html  \r\n    write_parquet                           html  \r\n    write_to_raw                            html  \r\n** building package indices\r\n** installing vignettes\r\n** testing if installed package can be loaded from temporary location\r\n** checking absolute paths in shared objects and dynamic libraries\r\n** testing if installed package can be loaded from final location\r\n** testing if installed package keeps a record of temporary installation path\r\n* DONE (arrow)\r\nWarning in file.create(f.tg) :\r\n  cannot create file '/usr/share/doc/R-3.6.0/html/packages.html', reason 'No such file or directory'\r\nWarning in utils::make.packages.html(.Library, docdir = R.home(\"doc\")) :\r\n  cannot update HTML package index\r\n[root@3800c0c7ea36 tmp]# \r\n\r\n{code}",
                    "updateAuthor": {
                        "self": "https://issues.apache.org/jira/rest/api/2/user?username=karthik_j",
                        "name": "karthik_j",
                        "key": "karthik_j",
                        "avatarUrls": {
                            "48x48": "https://issues.apache.org/jira/secure/useravatar?avatarId=10452",
                            "24x24": "https://issues.apache.org/jira/secure/useravatar?size=small&avatarId=10452",
                            "16x16": "https://issues.apache.org/jira/secure/useravatar?size=xsmall&avatarId=10452",
                            "32x32": "https://issues.apache.org/jira/secure/useravatar?size=medium&avatarId=10452"
                        },
                        "displayName": "Karthikeyan Janakiraman",
                        "active": true,
                        "timeZone": "Etc/UTC"
                    },
                    "created": "2021-03-20T22:56:15.411+0000",
                    "updated": "2021-03-20T22:56:15.411+0000"
                },
                {
                    "self": "https://issues.apache.org/jira/rest/api/2/issue/13366395/comment/17305703",
                    "id": "17305703",
                    "author": {
                        "self": "https://issues.apache.org/jira/rest/api/2/user?username=jonkeane",
                        "name": "jonkeane",
                        "key": "jonkeane",
                        "avatarUrls": {
                            "48x48": "https://issues.apache.org/jira/secure/useravatar?avatarId=34057",
                            "24x24": "https://issues.apache.org/jira/secure/useravatar?size=small&avatarId=34057",
                            "16x16": "https://issues.apache.org/jira/secure/useravatar?size=xsmall&avatarId=34057",
                            "32x32": "https://issues.apache.org/jira/secure/useravatar?size=medium&avatarId=34057"
                        },
                        "displayName": "Jonathan Keane",
                        "active": true,
                        "timeZone": "Etc/UTC"
                    },
                    "body": "Hello, did you enable the devtoolset-8 (either for this session or system wide) before running the build? The line  below shows that the build process isn't picking up the newer version of gcc which is required for S3 support. As a side not here, you might also need to install CURL and OpenSSL as dependencies if they aren't already, if they aren't installed you'll get similar messages saying that those are needed to enable S3 support see: https://arrow.apache.org/docs/r/articles/install.html#s3-support).\r\n\r\n{code}\r\n**** S3 support not available for gcc < 4.9; building with ARROW_S3=OFF\r\n{code}\r\n\r\nAs to the github downloads: it looks from those logs you're getting a 403 forbidden on those URLs which is surprising \u2014 they are release artifacts which are totally public and I have tried them in an entirely un-authenticated session and can get them just fine. Is it possible that the machine / public IP you are on is making a large number of requests? If you can resolve this, the method of installation we've been using is definitely the way to go (compared to what I have below).\r\n\r\nIf you can't resolve the github issues, you could try to install the system dependencies you're having trouble downloading and then build libarrow separately in a way that the build process uses your system dependencies (e.g. with the cmake flag {{-DARROW_DEPENDENCY_SOURCE=AUTO}}, see https://arrow.apache.org/docs/developers/cpp/building.html#build-dependency-management for details on how arrow does dependency management during this process, and the rest of the page has more detailed information for how to build libarrow itself). https://arrow.apache.org/docs/r/articles/install.html has more information about how to link the r package against this built version of libarrow (along with a few options for how/where to install it, etc.). I'll reiterate though that if you can resolve why you're getting 403s the first process will be much easier and more straightforward for you.\r\n\r\n\r\n\r\n",
                    "updateAuthor": {
                        "self": "https://issues.apache.org/jira/rest/api/2/user?username=jonkeane",
                        "name": "jonkeane",
                        "key": "jonkeane",
                        "avatarUrls": {
                            "48x48": "https://issues.apache.org/jira/secure/useravatar?avatarId=34057",
                            "24x24": "https://issues.apache.org/jira/secure/useravatar?size=small&avatarId=34057",
                            "16x16": "https://issues.apache.org/jira/secure/useravatar?size=xsmall&avatarId=34057",
                            "32x32": "https://issues.apache.org/jira/secure/useravatar?size=medium&avatarId=34057"
                        },
                        "displayName": "Jonathan Keane",
                        "active": true,
                        "timeZone": "Etc/UTC"
                    },
                    "created": "2021-03-21T15:38:19.543+0000",
                    "updated": "2021-03-21T15:38:19.543+0000"
                },
                {
                    "self": "https://issues.apache.org/jira/rest/api/2/issue/13366395/comment/17305765",
                    "id": "17305765",
                    "author": {
                        "self": "https://issues.apache.org/jira/rest/api/2/user?username=karthik_j",
                        "name": "karthik_j",
                        "key": "karthik_j",
                        "avatarUrls": {
                            "48x48": "https://issues.apache.org/jira/secure/useravatar?avatarId=10452",
                            "24x24": "https://issues.apache.org/jira/secure/useravatar?size=small&avatarId=10452",
                            "16x16": "https://issues.apache.org/jira/secure/useravatar?size=xsmall&avatarId=10452",
                            "32x32": "https://issues.apache.org/jira/secure/useravatar?size=medium&avatarId=10452"
                        },
                        "displayName": "Karthikeyan Janakiraman",
                        "active": true,
                        "timeZone": "Etc/UTC"
                    },
                    "body": "Thanks for the suggestion, It looks like our Org is blocking public github access from CLI for security reasons. I will try to get an exception, however it will be great if we could manually download the dependencies like\u00a0jemalloc \u00a0and put it somewhere so the installation can use it from there rather than trying to download from github.\u00a0",
                    "updateAuthor": {
                        "self": "https://issues.apache.org/jira/rest/api/2/user?username=karthik_j",
                        "name": "karthik_j",
                        "key": "karthik_j",
                        "avatarUrls": {
                            "48x48": "https://issues.apache.org/jira/secure/useravatar?avatarId=10452",
                            "24x24": "https://issues.apache.org/jira/secure/useravatar?size=small&avatarId=10452",
                            "16x16": "https://issues.apache.org/jira/secure/useravatar?size=xsmall&avatarId=10452",
                            "32x32": "https://issues.apache.org/jira/secure/useravatar?size=medium&avatarId=10452"
                        },
                        "displayName": "Karthikeyan Janakiraman",
                        "active": true,
                        "timeZone": "Etc/UTC"
                    },
                    "created": "2021-03-21T21:01:04.742+0000",
                    "updated": "2021-03-21T21:01:04.742+0000"
                },
                {
                    "self": "https://issues.apache.org/jira/rest/api/2/issue/13366395/comment/17306311",
                    "id": "17306311",
                    "author": {
                        "self": "https://issues.apache.org/jira/rest/api/2/user?username=karthik_j",
                        "name": "karthik_j",
                        "key": "karthik_j",
                        "avatarUrls": {
                            "48x48": "https://issues.apache.org/jira/secure/useravatar?avatarId=10452",
                            "24x24": "https://issues.apache.org/jira/secure/useravatar?size=small&avatarId=10452",
                            "16x16": "https://issues.apache.org/jira/secure/useravatar?size=xsmall&avatarId=10452",
                            "32x32": "https://issues.apache.org/jira/secure/useravatar?size=medium&avatarId=10452"
                        },
                        "displayName": "Karthikeyan Janakiraman",
                        "active": true,
                        "timeZone": "Etc/UTC"
                    },
                    "body": "I need to use [https://arrow.apache.org/docs/developers/cpp/building.html#offline-builds]\u00a0but I couldn't use script\u00a0thirdparty/download_dependencies.sh which again uses wget to download the packages from github and fails with 403.\u00a0\r\n\r\n\u00a0\r\n\r\nIt will be really great if you could point me to examples of using \"ARROW_$LIBRARY_URL\" from the offline build procedure then I can manually download the package so the installation can use it from local.\u00a0\r\n\r\n\u00a0\r\n\r\nsay for example for JEMALLOC should I set env as ARROW_JEMALLOC_URL=/path/to/jemalloc-5.2.1.tar.bz2 ?\u00a0\r\n\r\n\u00a0\r\n\r\nUnfortunately public github access is blocked on my end for security reasons so I will have to workaround this. Appreciate your help.\u00a0",
                    "updateAuthor": {
                        "self": "https://issues.apache.org/jira/rest/api/2/user?username=karthik_j",
                        "name": "karthik_j",
                        "key": "karthik_j",
                        "avatarUrls": {
                            "48x48": "https://issues.apache.org/jira/secure/useravatar?avatarId=10452",
                            "24x24": "https://issues.apache.org/jira/secure/useravatar?size=small&avatarId=10452",
                            "16x16": "https://issues.apache.org/jira/secure/useravatar?size=xsmall&avatarId=10452",
                            "32x32": "https://issues.apache.org/jira/secure/useravatar?size=medium&avatarId=10452"
                        },
                        "displayName": "Karthikeyan Janakiraman",
                        "active": true,
                        "timeZone": "Etc/UTC"
                    },
                    "created": "2021-03-22T15:54:42.936+0000",
                    "updated": "2021-03-22T16:24:14.446+0000"
                },
                {
                    "self": "https://issues.apache.org/jira/rest/api/2/issue/13366395/comment/17306500",
                    "id": "17306500",
                    "author": {
                        "self": "https://issues.apache.org/jira/rest/api/2/user?username=karthik_j",
                        "name": "karthik_j",
                        "key": "karthik_j",
                        "avatarUrls": {
                            "48x48": "https://issues.apache.org/jira/secure/useravatar?avatarId=10452",
                            "24x24": "https://issues.apache.org/jira/secure/useravatar?size=small&avatarId=10452",
                            "16x16": "https://issues.apache.org/jira/secure/useravatar?size=xsmall&avatarId=10452",
                            "32x32": "https://issues.apache.org/jira/secure/useravatar?size=medium&avatarId=10452"
                        },
                        "displayName": "Karthikeyan Janakiraman",
                        "active": true,
                        "timeZone": "Etc/UTC"
                    },
                    "body": "[~jonkeane]\u00a0I think I am almost there after manually downloading the binaries and setting the URL variables.\u00a0\r\n\r\nCurrently struck at\u00a0awssdk_ep-build related error, logs doesn't help much. Could you please advise what could resolve this please ?\u00a0\r\n{code:java}\r\n[root@ea90f76f63be app]# R CMD INSTALL arrow_3.0.0.tar.gz \r\n* installing to library \u2018/usr/lib64/R/library\u2019\r\n* installing *source* package \u2018arrow\u2019 ...\r\n** package \u2018arrow\u2019 successfully unpacked and MD5 sums checked\r\n** using staged installation\r\ntrying URL 'https://dl.bintray.com/ursalabs/arrow-r/libarrow/src/arrow-3.0.0.zip'\r\nError in download.file(from_url, to_file, quiet = quietly) : \r\n  cannot open URL 'https://dl.bintray.com/ursalabs/arrow-r/libarrow/src/arrow-3.0.0.zip'\r\ntrying URL 'https://www.apache.org/dyn/closer.lua?action=download&filename=arrow/arrow-3.0.0/apache-arrow-3.0.0.tar.gz'\r\nContent type 'application/x-gzip' length 8200790 bytes (7.8 MB)\r\n==================================================\r\ndownloaded 7.8 MB*** Successfully retrieved C++ source\r\n*** Building C++ libraries\r\n*** Building with MAKEFLAGS= -j2 \r\n**** arrow with SOURCE_DIR=\"/tmp/Rtmpz4nE7G/file591d7022962e/apache-arrow-3.0.0/cpp\" BUILD_DIR=\"/tmp/Rtmpz4nE7G/file591d48481e24\" DEST_DIR=\"libarrow/arrow-3.0.0\" CMAKE=\"/usr/bin/cmake3\" CC=\"gcc -m64 -std=gnu99\" CXX=\"g++ -m64 -std=gnu++11\" LDFLAGS=\"-Wl,-z,relro\" ARROW_S3=ON ARROW_MIMALLOC=OFF \r\n++ pwd\r\n+ : /tmp/RtmpFGGUfi/R.INSTALL590815733f98/arrow\r\n+ : /tmp/Rtmpz4nE7G/file591d7022962e/apache-arrow-3.0.0/cpp\r\n+ : /tmp/Rtmpz4nE7G/file591d48481e24\r\n+ : libarrow/arrow-3.0.0\r\n+ : /usr/bin/cmake3\r\n++ cd /tmp/Rtmpz4nE7G/file591d7022962e/apache-arrow-3.0.0/cpp\r\n++ pwd\r\n+ SOURCE_DIR=/tmp/Rtmpz4nE7G/file591d7022962e/apache-arrow-3.0.0/cpp\r\n++ mkdir -p libarrow/arrow-3.0.0\r\n++ cd libarrow/arrow-3.0.0\r\n++ pwd\r\n+ DEST_DIR=/tmp/RtmpFGGUfi/R.INSTALL590815733f98/arrow/libarrow/arrow-3.0.0\r\n+ '[' '' = '' ']'\r\n+ which ninja\r\n+ '[' '' = false ']'\r\n+ ARROW_DEFAULT_PARAM=OFF\r\n+ mkdir -p /tmp/Rtmpz4nE7G/file591d48481e24\r\n+ pushd /tmp/Rtmpz4nE7G/file591d48481e24\r\n/tmp/Rtmpz4nE7G/file591d48481e24 /tmp/RtmpFGGUfi/R.INSTALL590815733f98/arrow\r\n+ /usr/bin/cmake3 -DARROW_BOOST_USE_SHARED=OFF -DARROW_BUILD_TESTS=OFF -DARROW_BUILD_SHARED=OFF -DARROW_BUILD_STATIC=ON -DARROW_COMPUTE=ON -DARROW_CSV=ON -DARROW_DATASET=ON -DARROW_DEPENDENCY_SOURCE=BUNDLED -DARROW_FILESYSTEM=ON -DARROW_JEMALLOC=ON -DARROW_MIMALLOC=OFF -DARROW_JSON=ON -DARROW_PARQUET=ON -DARROW_S3=ON -DARROW_WITH_BROTLI=OFF -DARROW_WITH_BZ2=OFF -DARROW_WITH_LZ4=OFF -DARROW_WITH_SNAPPY=OFF -DARROW_WITH_UTF8PROC=OFF -DARROW_WITH_ZLIB=OFF -DARROW_WITH_ZSTD=OFF -DCMAKE_BUILD_TYPE=Release -DCMAKE_INSTALL_LIBDIR=lib -DCMAKE_INSTALL_PREFIX=/tmp/RtmpFGGUfi/R.INSTALL590815733f98/arrow/libarrow/arrow-3.0.0 -DCMAKE_EXPORT_NO_PACKAGE_REGISTRY=ON -DCMAKE_FIND_PACKAGE_NO_PACKAGE_REGISTRY=ON -DCMAKE_UNITY_BUILD=ON -G 'Unix Makefiles' /tmp/Rtmpz4nE7G/file591d7022962e/apache-arrow-3.0.0/cpp\r\n-- Building using CMake version: 3.17.5\r\n-- The C compiler identification is GNU 8.3.1\r\n-- The CXX compiler identification is GNU 8.3.1\r\n-- Check for working C compiler: /opt/rh/devtoolset-8/root/usr/bin/gcc\r\n-- Check for working C compiler: /opt/rh/devtoolset-8/root/usr/bin/gcc - works\r\n-- Detecting C compiler ABI info\r\n-- Detecting C compiler ABI info - done\r\n-- Detecting C compile features\r\n-- Detecting C compile features - done\r\n-- Check for working CXX compiler: /opt/rh/devtoolset-8/root/usr/bin/g++\r\n-- Check for working CXX compiler: /opt/rh/devtoolset-8/root/usr/bin/g++ - works\r\n-- Detecting CXX compiler ABI info\r\n-- Detecting CXX compiler ABI info - done\r\n-- Detecting CXX compile features\r\n-- Detecting CXX compile features - done\r\n-- Arrow version: 3.0.0 (full: '3.0.0')\r\n-- Arrow SO version: 300 (full: 300.0.0)\r\n-- clang-tidy not found\r\n-- clang-format not found\r\n-- Could NOT find ClangTools (missing: CLANG_FORMAT_BIN CLANG_TIDY_BIN) \r\n-- infer not found\r\nfatal: Not a git repository (or any of the parent directories): .git\r\n-- Found Python3: /opt/anaconda3-4.4.0/bin/python3.6 (found version \"3.6.1\") found components: Interpreter \r\n-- Found cpplint executable at /tmp/Rtmpz4nE7G/file591d7022962e/apache-arrow-3.0.0/cpp/build-support/cpplint.py\r\n-- System processor: x86_64\r\n-- Performing Test CXX_SUPPORTS_SSE4_2\r\n-- Performing Test CXX_SUPPORTS_SSE4_2 - Success\r\n-- Performing Test CXX_SUPPORTS_AVX2\r\n-- Performing Test CXX_SUPPORTS_AVX2 - Success\r\n-- Performing Test CXX_SUPPORTS_AVX512\r\n-- Performing Test CXX_SUPPORTS_AVX512 - Success\r\n-- Arrow build warning level: PRODUCTION\r\nUsing ld linker\r\nConfigured for RELEASE build (set with cmake -DCMAKE_BUILD_TYPE={release,debug,...})\r\n-- Build Type: RELEASE\r\n-- Using BUNDLED approach to find dependencies\r\n-- ARROW_ABSL_BUILD_VERSION: 0f3bb466b868b523cf1dc9b2aaaed65c77b28862\r\n-- ARROW_AWSSDK_BUILD_VERSION: 1.8.90\r\n-- ARROW_AWS_CHECKSUMS_BUILD_VERSION: v0.1.5\r\n-- ARROW_AWS_C_COMMON_BUILD_VERSION: v0.4.59\r\n-- ARROW_AWS_C_EVENT_STREAM_BUILD_VERSION: v0.1.5\r\n-- ARROW_BOOST_BUILD_VERSION: 1.71.0\r\n-- ARROW_BROTLI_BUILD_VERSION: v1.0.7\r\n-- ARROW_BZIP2_BUILD_VERSION: 1.0.8\r\n-- ARROW_CARES_BUILD_VERSION: 1.16.1\r\n-- ARROW_GBENCHMARK_BUILD_VERSION: v1.5.2\r\n-- ARROW_GFLAGS_BUILD_VERSION: v2.2.2\r\n-- ARROW_GLOG_BUILD_VERSION: v0.4.0\r\n-- ARROW_GRPC_BUILD_VERSION: v1.33.2\r\n-- ARROW_GTEST_BUILD_VERSION: 1.10.0\r\n-- ARROW_JEMALLOC_BUILD_VERSION: 5.2.1\r\n-- ARROW_LZ4_BUILD_VERSION: v1.9.2\r\n-- ARROW_MIMALLOC_BUILD_VERSION: v1.6.4\r\n-- ARROW_ORC_BUILD_VERSION: 1.6.2\r\n-- ARROW_PROTOBUF_BUILD_VERSION: v3.13.0\r\n-- ARROW_RAPIDJSON_BUILD_VERSION: 1a803826f1197b5e30703afe4b9c0e7dd48074f5\r\n-- ARROW_RE2_BUILD_VERSION: 2019-08-01\r\n-- ARROW_SNAPPY_BUILD_VERSION: 1.1.8\r\n-- ARROW_THRIFT_BUILD_VERSION: 0.12.0\r\n-- ARROW_THRIFT_BUILD_MD5_CHECKSUM: 3deebbb4d1ca77dd9c9e009a1ea02183\r\n-- ARROW_UTF8PROC_BUILD_VERSION: v2.5.0\r\n-- ARROW_ZLIB_BUILD_VERSION: 1.2.11\r\n-- ARROW_ZSTD_BUILD_VERSION: v1.4.5\r\n-- Looking for pthread.h\r\n-- Looking for pthread.h - found\r\n-- Performing Test CMAKE_HAVE_LIBC_PTHREAD\r\n-- Performing Test CMAKE_HAVE_LIBC_PTHREAD - Failed\r\n-- Check if compiler accepts -pthread\r\n-- Check if compiler accepts -pthread - yes\r\n-- Found Threads: TRUE  \r\n-- Looking for __SIZEOF_INT128__\r\n-- Looking for __SIZEOF_INT128__ - found\r\n-- Boost include dir: /tmp/Rtmpz4nE7G/file591d48481e24/boost_ep-prefix/src/boost_ep\r\n-- Boost libraries: boost_system_static;boost_filesystem_static\r\n-- Found OpenSSL: /usr/lib64/libcrypto.so (found suitable version \"1.0.2k\", minimum required is \"1.0.2\")  \r\n-- Found OpenSSL Crypto Library: /usr/lib64/libcrypto.so\r\n-- Building with OpenSSL (Version: 1.0.2k) support\r\nBuilding Apache Thrift from source\r\n-- Building (vendored) jemalloc from source\r\n-- Building RapidJSON from source\r\n-- Building ZLIB from source\r\n-- Building RE2 from source\r\n-- Found hdfs.h at: /tmp/Rtmpz4nE7G/file591d7022962e/apache-arrow-3.0.0/cpp/thirdparty/hadoop/include/hdfs.h\r\nBuilding AWS C++ SDK from source\r\n-- Found CURL: /usr/lib64/libcurl.so (found version \"7.29.0\")  \r\n-- Found AWS SDK headers: /tmp/Rtmpz4nE7G/file591d48481e24/awssdk_ep-install/include\r\n-- Found AWS SDK libraries: aws-cpp-sdk-identity-management;aws-cpp-sdk-sts;aws-cpp-sdk-cognito-identity;aws-cpp-sdk-s3;aws-cpp-sdk-core;AWS::aws-c-event-stream;AWS::aws-checksums;AWS::aws-c-common\r\n-- All bundled static libraries: thrift::thrift;jemalloc::jemalloc;ZLIB::ZLIB;re2::re2;aws-cpp-sdk-identity-management;aws-cpp-sdk-sts;aws-cpp-sdk-cognito-identity;aws-cpp-sdk-s3;aws-cpp-sdk-core;AWS::aws-c-event-stream;AWS::aws-checksums;AWS::aws-c-common\r\n-- CMAKE_C_FLAGS:  -O3 -DNDEBUG  -Wall -fno-semantic-interposition -msse4.2 \r\n-- CMAKE_CXX_FLAGS:  -Wno-noexcept-type -Wno-subobject-linkage  -fdiagnostics-color=always -O3 -DNDEBUG  -Wall -fno-semantic-interposition -msse4.2 \r\n-- Looking for backtrace\r\n-- Looking for backtrace - found\r\n-- backtrace facility detected in default set of libraries\r\n-- Found Backtrace: /usr/include  \r\n-- Creating bundled static library target arrow_bundled_dependencies at /tmp/Rtmpz4nE7G/file591d48481e24/release/libarrow_bundled_dependencies.a\r\n-- ---------------------------------------------------------------------\r\n-- Arrow version:                                 3.0.0\r\n-- \r\n-- Build configuration summary:\r\n--   Generator: Unix Makefiles\r\n--   Build type: RELEASE\r\n--   Source directory: /tmp/Rtmpz4nE7G/file591d7022962e/apache-arrow-3.0.0/cpp\r\n--   Install prefix: /tmp/RtmpFGGUfi/R.INSTALL590815733f98/arrow/libarrow/arrow-3.0.0\r\n-- \r\n-- Compile and link options:\r\n-- \r\n--   ARROW_CXXFLAGS=\"\" [default=\"\"]\r\n--       Compiler flags to append when compiling Arrow\r\n--   ARROW_BUILD_STATIC=ON [default=ON]\r\n--       Build static libraries\r\n--   ARROW_BUILD_SHARED=OFF [default=ON]\r\n--       Build shared libraries\r\n--   ARROW_PACKAGE_KIND=\"\" [default=\"\"]\r\n--       Arbitrary string that identifies the kind of package\r\n--       (for informational purposes)\r\n--   ARROW_GIT_ID=\"\" [default=\"\"]\r\n--       The Arrow git commit id (if any)\r\n--   ARROW_GIT_DESCRIPTION=\"\" [default=\"\"]\r\n--       The Arrow git commit description (if any)\r\n--   ARROW_NO_DEPRECATED_API=OFF [default=OFF]\r\n--       Exclude deprecated APIs from build\r\n--   ARROW_USE_CCACHE=ON [default=ON]\r\n--       Use ccache when compiling (if available)\r\n--   ARROW_USE_LD_GOLD=OFF [default=OFF]\r\n--       Use ld.gold for linking on Linux (if available)\r\n--   ARROW_USE_PRECOMPILED_HEADERS=OFF [default=OFF]\r\n--       Use precompiled headers when compiling\r\n--   ARROW_SIMD_LEVEL=SSE4_2 [default=NONE|SSE4_2|AVX2|AVX512]\r\n--       Compile-time SIMD optimization level\r\n--   ARROW_RUNTIME_SIMD_LEVEL=MAX [default=NONE|SSE4_2|AVX2|AVX512|MAX]\r\n--       Max runtime SIMD optimization level\r\n--   ARROW_ARMV8_ARCH=armv8-a [default=armv8-a|armv8-a+crc+crypto]\r\n--       Arm64 arch and extensions\r\n--   ARROW_ALTIVEC=ON [default=ON]\r\n--       Build with Altivec if compiler has support\r\n--   ARROW_RPATH_ORIGIN=OFF [default=OFF]\r\n--       Build Arrow libraries with RATH set to $ORIGIN\r\n--   ARROW_INSTALL_NAME_RPATH=ON [default=ON]\r\n--       Build Arrow libraries with install_name set to @rpath\r\n--   ARROW_GGDB_DEBUG=ON [default=ON]\r\n--       Pass -ggdb flag to debug builds\r\n-- \r\n-- Test and benchmark options:\r\n-- \r\n--   ARROW_BUILD_EXAMPLES=OFF [default=OFF]\r\n--       Build the Arrow examples\r\n--   ARROW_BUILD_TESTS=OFF [default=OFF]\r\n--       Build the Arrow googletest unit tests\r\n--   ARROW_ENABLE_TIMING_TESTS=ON [default=ON]\r\n--       Enable timing-sensitive tests\r\n--   ARROW_BUILD_INTEGRATION=OFF [default=OFF]\r\n--       Build the Arrow integration test executables\r\n--   ARROW_BUILD_BENCHMARKS=OFF [default=OFF]\r\n--       Build the Arrow micro benchmarks\r\n--   ARROW_BUILD_BENCHMARKS_REFERENCE=OFF [default=OFF]\r\n--       Build the Arrow micro reference benchmarks\r\n--   ARROW_TEST_LINKAGE=static [default=shared|static]\r\n--       Linkage of Arrow libraries with unit tests executables.\r\n--   ARROW_FUZZING=OFF [default=OFF]\r\n--       Build Arrow Fuzzing executables\r\n--   ARROW_LARGE_MEMORY_TESTS=OFF [default=OFF]\r\n--       Enable unit tests which use large memory\r\n-- \r\n-- Lint options:\r\n-- \r\n--   ARROW_ONLY_LINT=OFF [default=OFF]\r\n--       Only define the lint and check-format targets\r\n--   ARROW_VERBOSE_LINT=OFF [default=OFF]\r\n--       If off, 'quiet' flags will be passed to linting tools\r\n--   ARROW_GENERATE_COVERAGE=OFF [default=OFF]\r\n--       Build with C++ code coverage enabled\r\n-- \r\n-- Checks options:\r\n-- \r\n--   ARROW_TEST_MEMCHECK=OFF [default=OFF]\r\n--       Run the test suite using valgrind --tool=memcheck\r\n--   ARROW_USE_ASAN=OFF [default=OFF]\r\n--       Enable Address Sanitizer checks\r\n--   ARROW_USE_TSAN=OFF [default=OFF]\r\n--       Enable Thread Sanitizer checks\r\n--   ARROW_USE_UBSAN=OFF [default=OFF]\r\n--       Enable Undefined Behavior sanitizer checks\r\n-- \r\n-- Project component options:\r\n-- \r\n--   ARROW_BUILD_UTILITIES=OFF [default=OFF]\r\n--       Build Arrow commandline utilities\r\n--   ARROW_COMPUTE=ON [default=OFF]\r\n--       Build the Arrow Compute Modules\r\n--   ARROW_CSV=ON [default=OFF]\r\n--       Build the Arrow CSV Parser Module\r\n--   ARROW_CUDA=OFF [default=OFF]\r\n--       Build the Arrow CUDA extensions (requires CUDA toolkit)\r\n--   ARROW_DATASET=ON [default=OFF]\r\n--       Build the Arrow Dataset Modules\r\n--   ARROW_FILESYSTEM=ON [default=OFF]\r\n--       Build the Arrow Filesystem Layer\r\n--   ARROW_FLIGHT=OFF [default=OFF]\r\n--       Build the Arrow Flight RPC System (requires GRPC, Protocol Buffers)\r\n--   ARROW_GANDIVA=OFF [default=OFF]\r\n--       Build the Gandiva libraries\r\n--   ARROW_HDFS=OFF [default=OFF]\r\n--       Build the Arrow HDFS bridge\r\n--   ARROW_HIVESERVER2=OFF [default=OFF]\r\n--       Build the HiveServer2 client and Arrow adapter\r\n--   ARROW_IPC=ON [default=ON]\r\n--       Build the Arrow IPC extensions\r\n--   ARROW_JEMALLOC=ON [default=ON]\r\n--       Build the Arrow jemalloc-based allocator\r\n--   ARROW_JNI=OFF [default=OFF]\r\n--       Build the Arrow JNI lib\r\n--   ARROW_JSON=ON [default=OFF]\r\n--       Build Arrow with JSON support (requires RapidJSON)\r\n--   ARROW_MIMALLOC=OFF [default=OFF]\r\n--       Build the Arrow mimalloc-based allocator\r\n--   ARROW_PARQUET=ON [default=OFF]\r\n--       Build the Parquet libraries\r\n--   ARROW_ORC=OFF [default=OFF]\r\n--       Build the Arrow ORC adapter\r\n--   ARROW_PLASMA=OFF [default=OFF]\r\n--       Build the plasma object store along with Arrow\r\n--   ARROW_PLASMA_JAVA_CLIENT=OFF [default=OFF]\r\n--       Build the plasma object store java client\r\n--   ARROW_PYTHON=OFF [default=OFF]\r\n--       Build the Arrow CPython extensions\r\n--   ARROW_S3=ON [default=OFF]\r\n--       Build Arrow with S3 support (requires the AWS SDK for C++)\r\n--   ARROW_TENSORFLOW=OFF [default=OFF]\r\n--       Build Arrow with TensorFlow support enabled\r\n--   ARROW_TESTING=OFF [default=OFF]\r\n--       Build the Arrow testing libraries\r\n-- \r\n-- Thirdparty toolchain options:\r\n-- \r\n--   ARROW_DEPENDENCY_SOURCE=BUNDLED [default=AUTO|BUNDLED|SYSTEM|CONDA|BREW]\r\n--       Method to use for acquiring arrow's build dependencies\r\n--   ARROW_VERBOSE_THIRDPARTY_BUILD=OFF [default=OFF]\r\n--       Show output from ExternalProjects rather than just logging to files\r\n--   ARROW_DEPENDENCY_USE_SHARED=ON [default=ON]\r\n--       Link to shared libraries\r\n--   ARROW_BOOST_USE_SHARED=OFF [default=ON]\r\n--       Rely on boost shared libraries where relevant\r\n--   ARROW_BROTLI_USE_SHARED=ON [default=ON]\r\n--       Rely on Brotli shared libraries where relevant\r\n--   ARROW_BZ2_USE_SHARED=ON [default=ON]\r\n--       Rely on Bz2 shared libraries where relevant\r\n--   ARROW_GFLAGS_USE_SHARED=ON [default=ON]\r\n--       Rely on GFlags shared libraries where relevant\r\n--   ARROW_GRPC_USE_SHARED=ON [default=ON]\r\n--       Rely on gRPC shared libraries where relevant\r\n--   ARROW_LZ4_USE_SHARED=ON [default=ON]\r\n--       Rely on lz4 shared libraries where relevant\r\n--   ARROW_OPENSSL_USE_SHARED=ON [default=ON]\r\n--       Rely on OpenSSL shared libraries where relevant\r\n--   ARROW_PROTOBUF_USE_SHARED=ON [default=ON]\r\n--       Rely on Protocol Buffers shared libraries where relevant\r\n--   ARROW_THRIFT_USE_SHARED=ON [default=ON]\r\n--       Rely on thrift shared libraries where relevant\r\n--   ARROW_UTF8PROC_USE_SHARED=ON [default=ON]\r\n--       Rely on utf8proc shared libraries where relevant\r\n--   ARROW_SNAPPY_USE_SHARED=ON [default=ON]\r\n--       Rely on snappy shared libraries where relevant\r\n--   ARROW_UTF8PROC_USE_SHARED=ON [default=ON]\r\n--       Rely on utf8proc shared libraries where relevant\r\n--   ARROW_ZSTD_USE_SHARED=ON [default=ON]\r\n--       Rely on zstd shared libraries where relevant\r\n--   ARROW_USE_GLOG=OFF [default=OFF]\r\n--       Build libraries with glog support for pluggable logging\r\n--   ARROW_WITH_BACKTRACE=ON [default=ON]\r\n--       Build with backtrace support\r\n--   ARROW_WITH_BROTLI=OFF [default=OFF]\r\n--       Build with Brotli compression\r\n--   ARROW_WITH_BZ2=OFF [default=OFF]\r\n--       Build with BZ2 compression\r\n--   ARROW_WITH_LZ4=OFF [default=OFF]\r\n--       Build with lz4 compression\r\n--   ARROW_WITH_SNAPPY=OFF [default=OFF]\r\n--       Build with Snappy compression\r\n--   ARROW_WITH_ZLIB=ON [default=OFF]\r\n--       Build with zlib compression\r\n--   ARROW_WITH_ZSTD=OFF [default=OFF]\r\n--       Build with zstd compression\r\n--   ARROW_WITH_UTF8PROC=OFF [default=ON]\r\n--       Build with support for Unicode properties using the utf8proc library\r\n--       (only used if ARROW_COMPUTE is ON)\r\n--   ARROW_WITH_RE2=ON [default=ON]\r\n--       Build with support for regular expressions using the re2 library\r\n--       (only used if ARROW_COMPUTE or ARROW_GANDIVA is ON)\r\n-- \r\n-- Parquet options:\r\n-- \r\n--   PARQUET_MINIMAL_DEPENDENCY=OFF [default=OFF]\r\n--       Depend only on Thirdparty headers to build libparquet.\r\n--       Always OFF if building binaries\r\n--   PARQUET_BUILD_EXECUTABLES=OFF [default=OFF]\r\n--       Build the Parquet executable CLI tools. Requires static libraries to be built.\r\n--   PARQUET_BUILD_EXAMPLES=OFF [default=OFF]\r\n--       Build the Parquet examples. Requires static libraries to be built.\r\n--   PARQUET_REQUIRE_ENCRYPTION=OFF [default=OFF]\r\n--       Build support for encryption. Fail if OpenSSL is not found\r\n-- \r\n-- Gandiva options:\r\n-- \r\n--   ARROW_GANDIVA_JAVA=OFF [default=OFF]\r\n--       Build the Gandiva JNI wrappers\r\n--   ARROW_GANDIVA_STATIC_LIBSTDCPP=OFF [default=OFF]\r\n--       Include -static-libstdc++ -static-libgcc when linking with\r\n--       Gandiva static libraries\r\n--   ARROW_GANDIVA_PC_CXX_FLAGS=\"\" [default=\"\"]\r\n--       Compiler flags to append when pre-compiling Gandiva operations\r\n-- \r\n-- Advanced developer options:\r\n-- \r\n--   ARROW_EXTRA_ERROR_CONTEXT=OFF [default=OFF]\r\n--       Compile with extra error context (line numbers, code)\r\n--   ARROW_OPTIONAL_INSTALL=OFF [default=OFF]\r\n--       If enabled install ONLY targets that have already been built. Please be\r\n--       advised that if this is enabled 'install' will fail silently on components\r\n--       that have not been built\r\n--   Outputting build configuration summary to /tmp/Rtmpz4nE7G/file591d48481e24/cmake_summary.json\r\n-- Configuring done\r\n-- Generating done\r\n-- Build files have been written to: /tmp/Rtmpz4nE7G/file591d48481e24\r\n+ /usr/bin/cmake3 --build . --target install\r\nScanning dependencies of target boost_ep\r\nScanning dependencies of target jemalloc_ep\r\n[  2%] Creating directories for 'boost_ep'\r\n[  2%] Creating directories for 'jemalloc_ep'\r\n[  3%] Performing download step (verify and extract) for 'boost_ep'\r\n[  4%] Performing download step (verify and extract) for 'jemalloc_ep'\r\n-- jemalloc_ep download command succeeded.  See also /tmp/Rtmpz4nE7G/file591d48481e24/jemalloc_ep-prefix/src/jemalloc_ep-stamp/jemalloc_ep-download-*.log\r\n[  5%] Performing patch step for 'jemalloc_ep'\r\n[  6%] No update step for 'jemalloc_ep'\r\n[  7%] Performing configure step for 'jemalloc_ep'\r\n-- boost_ep download command succeeded.  See also /tmp/Rtmpz4nE7G/file591d48481e24/boost_ep-prefix/src/boost_ep-stamp/boost_ep-download-*.log\r\n[  8%] No patch step for 'boost_ep'\r\n[  8%] No update step for 'boost_ep'\r\n[  9%] No configure step for 'boost_ep'\r\n[ 10%] No build step for 'boost_ep'\r\n[ 11%] No install step for 'boost_ep'\r\n[ 12%] Completed 'boost_ep'\r\n[ 12%] Built target boost_ep\r\nScanning dependencies of target rapidjson_ep\r\n[ 13%] Creating directories for 'rapidjson_ep'\r\n[ 13%] Performing download step (verify and extract) for 'rapidjson_ep'\r\n-- rapidjson_ep download command succeeded.  See also /tmp/Rtmpz4nE7G/file591d48481e24/src/rapidjson_ep-stamp/rapidjson_ep-download-*.log\r\n[ 14%] No patch step for 'rapidjson_ep'\r\n[ 15%] No update step for 'rapidjson_ep'\r\n[ 16%] Performing configure step for 'rapidjson_ep'\r\n-- rapidjson_ep configure command succeeded.  See also /tmp/Rtmpz4nE7G/file591d48481e24/src/rapidjson_ep-stamp/rapidjson_ep-configure-*.log\r\n[ 17%] Performing build step for 'rapidjson_ep'\r\n-- rapidjson_ep build command succeeded.  See also /tmp/Rtmpz4nE7G/file591d48481e24/src/rapidjson_ep-stamp/rapidjson_ep-build-*.log\r\n[ 18%] Performing install step for 'rapidjson_ep'\r\n-- rapidjson_ep install command succeeded.  See also /tmp/Rtmpz4nE7G/file591d48481e24/src/rapidjson_ep-stamp/rapidjson_ep-install-*.log\r\n[ 19%] Completed 'rapidjson_ep'\r\n[ 19%] Built target rapidjson_ep\r\nScanning dependencies of target aws_c_common_ep\r\n[ 20%] Creating directories for 'aws_c_common_ep'\r\n[ 21%] Performing download step (verify and extract) for 'aws_c_common_ep'\r\n-- aws_c_common_ep download command succeeded.  See also /tmp/Rtmpz4nE7G/file591d48481e24/aws_c_common_ep-prefix/src/aws_c_common_ep-stamp/aws_c_common_ep-download-*.log\r\n[ 22%] No patch step for 'aws_c_common_ep'\r\n[ 23%] No update step for 'aws_c_common_ep'\r\n[ 24%] Performing configure step for 'aws_c_common_ep'\r\n-- aws_c_common_ep configure command succeeded.  See also /tmp/Rtmpz4nE7G/file591d48481e24/aws_c_common_ep-prefix/src/aws_c_common_ep-stamp/aws_c_common_ep-configure-*.log\r\n[ 24%] Performing build step for 'aws_c_common_ep'\r\n-- jemalloc_ep configure command succeeded.  See also /tmp/Rtmpz4nE7G/file591d48481e24/jemalloc_ep-prefix/src/jemalloc_ep-stamp/jemalloc_ep-configure-*.log\r\n[ 24%] Performing build step for 'jemalloc_ep'\r\n-- aws_c_common_ep build command succeeded.  See also /tmp/Rtmpz4nE7G/file591d48481e24/aws_c_common_ep-prefix/src/aws_c_common_ep-stamp/aws_c_common_ep-build-*.log\r\n[ 24%] Performing install step for 'aws_c_common_ep'\r\n-- aws_c_common_ep install command succeeded.  See also /tmp/Rtmpz4nE7G/file591d48481e24/aws_c_common_ep-prefix/src/aws_c_common_ep-stamp/aws_c_common_ep-install-*.log\r\n[ 25%] Completed 'aws_c_common_ep'\r\n[ 25%] Built target aws_c_common_ep\r\nScanning dependencies of target aws_checksums_ep\r\n[ 25%] Creating directories for 'aws_checksums_ep'\r\n[ 26%] Performing download step (verify and extract) for 'aws_checksums_ep'\r\n-- aws_checksums_ep download command succeeded.  See also /tmp/Rtmpz4nE7G/file591d48481e24/aws_checksums_ep-prefix/src/aws_checksums_ep-stamp/aws_checksums_ep-download-*.log\r\n[ 27%] No patch step for 'aws_checksums_ep'\r\n[ 28%] No update step for 'aws_checksums_ep'\r\n[ 29%] Performing configure step for 'aws_checksums_ep'\r\n-- aws_checksums_ep configure command succeeded.  See also /tmp/Rtmpz4nE7G/file591d48481e24/aws_checksums_ep-prefix/src/aws_checksums_ep-stamp/aws_checksums_ep-configure-*.log\r\n[ 30%] Performing build step for 'aws_checksums_ep'\r\n-- aws_checksums_ep build command succeeded.  See also /tmp/Rtmpz4nE7G/file591d48481e24/aws_checksums_ep-prefix/src/aws_checksums_ep-stamp/aws_checksums_ep-build-*.log\r\n[ 31%] Performing install step for 'aws_checksums_ep'\r\n-- aws_checksums_ep install command succeeded.  See also /tmp/Rtmpz4nE7G/file591d48481e24/aws_checksums_ep-prefix/src/aws_checksums_ep-stamp/aws_checksums_ep-install-*.log\r\n[ 32%] Completed 'aws_checksums_ep'\r\n[ 32%] Built target aws_checksums_ep\r\nScanning dependencies of target zlib_ep\r\n[ 32%] Creating directories for 'zlib_ep'\r\n[ 33%] Performing download step (download, verify and extract) for 'zlib_ep'\r\n-- zlib_ep download command succeeded.  See also /tmp/Rtmpz4nE7G/file591d48481e24/zlib_ep-prefix/src/zlib_ep-stamp/zlib_ep-download-*.log\r\n[ 34%] No patch step for 'zlib_ep'\r\n[ 35%] No update step for 'zlib_ep'\r\n[ 36%] Performing configure step for 'zlib_ep'\r\n-- zlib_ep configure command succeeded.  See also /tmp/Rtmpz4nE7G/file591d48481e24/zlib_ep-prefix/src/zlib_ep-stamp/zlib_ep-configure-*.log\r\n[ 37%] Performing build step for 'zlib_ep'\r\n-- zlib_ep build command succeeded.  See also /tmp/Rtmpz4nE7G/file591d48481e24/zlib_ep-prefix/src/zlib_ep-stamp/zlib_ep-build-*.log\r\n[ 38%] Performing install step for 'zlib_ep'\r\n-- zlib_ep install command succeeded.  See also /tmp/Rtmpz4nE7G/file591d48481e24/zlib_ep-prefix/src/zlib_ep-stamp/zlib_ep-install-*.log\r\n[ 39%] Completed 'zlib_ep'\r\n[ 39%] Built target zlib_ep\r\nScanning dependencies of target re2_ep\r\n[ 40%] Creating directories for 're2_ep'\r\n[ 41%] Performing download step (verify and extract) for 're2_ep'\r\n-- re2_ep download command succeeded.  See also /tmp/Rtmpz4nE7G/file591d48481e24/re2_ep-prefix/src/re2_ep-stamp/re2_ep-download-*.log\r\n[ 42%] No patch step for 're2_ep'\r\n[ 43%] No update step for 're2_ep'\r\n[ 43%] Performing configure step for 're2_ep'\r\n-- re2_ep configure command succeeded.  See also /tmp/Rtmpz4nE7G/file591d48481e24/re2_ep-prefix/src/re2_ep-stamp/re2_ep-configure-*.log\r\n[ 44%] Performing build step for 're2_ep'\r\n-- jemalloc_ep build command succeeded.  See also /tmp/Rtmpz4nE7G/file591d48481e24/jemalloc_ep-prefix/src/jemalloc_ep-stamp/jemalloc_ep-build-*.log\r\n[ 44%] Performing install step for 'jemalloc_ep'\r\n-- jemalloc_ep install command succeeded.  See also /tmp/Rtmpz4nE7G/file591d48481e24/jemalloc_ep-prefix/src/jemalloc_ep-stamp/jemalloc_ep-install-*.log\r\n[ 45%] Completed 'jemalloc_ep'\r\n[ 45%] Built target jemalloc_ep\r\nScanning dependencies of target arrow_dataset_objlib\r\n[ 46%] Building CXX object src/arrow/dataset/CMakeFiles/arrow_dataset_objlib.dir/Unity/unity_1_cxx.cxx.o\r\n[ 47%] Building CXX object src/arrow/dataset/CMakeFiles/arrow_dataset_objlib.dir/Unity/unity_0_cxx.cxx.o\r\n-- re2_ep build command succeeded.  See also /tmp/Rtmpz4nE7G/file591d48481e24/re2_ep-prefix/src/re2_ep-stamp/re2_ep-build-*.log\r\n[ 48%] Performing install step for 're2_ep'\r\n-- re2_ep install command succeeded.  See also /tmp/Rtmpz4nE7G/file591d48481e24/re2_ep-prefix/src/re2_ep-stamp/re2_ep-install-*.log\r\n[ 48%] Completed 're2_ep'\r\n[ 48%] Built target re2_ep\r\nScanning dependencies of target thrift_ep\r\n[ 49%] Creating directories for 'thrift_ep'\r\n[ 50%] Performing download step (verify and extract) for 'thrift_ep'\r\n-- thrift_ep download command succeeded.  See also /tmp/Rtmpz4nE7G/file591d48481e24/thrift_ep-prefix/src/thrift_ep-stamp/thrift_ep-download-*.log\r\n[ 51%] No patch step for 'thrift_ep'\r\n[ 51%] No update step for 'thrift_ep'\r\n[ 52%] Performing configure step for 'thrift_ep'\r\n-- thrift_ep configure command succeeded.  See also /tmp/Rtmpz4nE7G/file591d48481e24/thrift_ep-prefix/src/thrift_ep-stamp/thrift_ep-configure-*.log\r\n[ 53%] Performing build step for 'thrift_ep'\r\n[ 53%] Built target arrow_dataset_objlib\r\nScanning dependencies of target aws_c_event_stream_ep\r\n[ 54%] Creating directories for 'aws_c_event_stream_ep'\r\n[ 55%] Performing download step (verify and extract) for 'aws_c_event_stream_ep'\r\n-- aws_c_event_stream_ep download command succeeded.  See also /tmp/Rtmpz4nE7G/file591d48481e24/aws_c_event_stream_ep-prefix/src/aws_c_event_stream_ep-stamp/aws_c_event_stream_ep-download-*.log\r\n[ 55%] No patch step for 'aws_c_event_stream_ep'\r\n[ 56%] No update step for 'aws_c_event_stream_ep'\r\n[ 57%] Performing configure step for 'aws_c_event_stream_ep'\r\n-- aws_c_event_stream_ep configure command succeeded.  See also /tmp/Rtmpz4nE7G/file591d48481e24/aws_c_event_stream_ep-prefix/src/aws_c_event_stream_ep-stamp/aws_c_event_stream_ep-configure-*.log\r\n[ 58%] Performing build step for 'aws_c_event_stream_ep'\r\n-- aws_c_event_stream_ep build command succeeded.  See also /tmp/Rtmpz4nE7G/file591d48481e24/aws_c_event_stream_ep-prefix/src/aws_c_event_stream_ep-stamp/aws_c_event_stream_ep-build-*.log\r\n[ 59%] Performing install step for 'aws_c_event_stream_ep'\r\n-- aws_c_event_stream_ep install command succeeded.  See also /tmp/Rtmpz4nE7G/file591d48481e24/aws_c_event_stream_ep-prefix/src/aws_c_event_stream_ep-stamp/aws_c_event_stream_ep-install-*.log\r\n[ 60%] Completed 'aws_c_event_stream_ep'\r\n[ 60%] Built target aws_c_event_stream_ep\r\nScanning dependencies of target awssdk_ep\r\n[ 61%] Creating directories for 'awssdk_ep'\r\n[ 62%] Performing download step (verify and extract) for 'awssdk_ep'\r\n-- awssdk_ep download command succeeded.  See also /tmp/Rtmpz4nE7G/file591d48481e24/awssdk_ep-prefix/src/awssdk_ep-stamp/awssdk_ep-download-*.log\r\n[ 63%] No patch step for 'awssdk_ep'\r\n[ 64%] No update step for 'awssdk_ep'\r\n[ 64%] Performing configure step for 'awssdk_ep'\r\n-- awssdk_ep configure command succeeded.  See also /tmp/Rtmpz4nE7G/file591d48481e24/awssdk_ep-prefix/src/awssdk_ep-stamp/awssdk_ep-configure-*.log\r\n[ 65%] Performing build step for 'awssdk_ep'\r\n-- thrift_ep build command succeeded.  See also /tmp/Rtmpz4nE7G/file591d48481e24/thrift_ep-prefix/src/thrift_ep-stamp/thrift_ep-build-*.log\r\n[ 66%] Performing install step for 'thrift_ep'\r\n-- thrift_ep install command succeeded.  See also /tmp/Rtmpz4nE7G/file591d48481e24/thrift_ep-prefix/src/thrift_ep-stamp/thrift_ep-install-*.log\r\n[ 67%] Completed 'thrift_ep'\r\n[ 67%] Built target thrift_ep\r\nCMake Error at /tmp/Rtmpz4nE7G/file591d48481e24/awssdk_ep-prefix/src/awssdk_ep-stamp/awssdk_ep-build-RELEASE.cmake:37 (message):\r\n  Command failed: 2   'make'  See also    /tmp/Rtmpz4nE7G/file591d48481e24/awssdk_ep-prefix/src/awssdk_ep-stamp/awssdk_ep-build-*.log\r\n-- stdout output is:\r\nScanning dependencies of target aws-cpp-sdk-core\r\n[  2%] Building CXX object aws-cpp-sdk-core/CMakeFiles/aws-cpp-sdk-core.dir/ub_core.cpp.o\r\n[  4%] Building CXX object aws-cpp-sdk-core/CMakeFiles/aws-cpp-sdk-core.dir/source/external/cjson/cJSON.cpp.o\r\n[  6%] Building CXX object aws-cpp-sdk-core/CMakeFiles/aws-cpp-sdk-core.dir/source/http/HttpClient.cpp.o\r\n[  8%] Building CXX object aws-cpp-sdk-core/CMakeFiles/aws-cpp-sdk-core.dir/source/http/HttpClientFactory.cpp.o\r\n[ 10%] Building CXX object aws-cpp-sdk-core/CMakeFiles/aws-cpp-sdk-core.dir/source/http/HttpRequest.cpp.o\r\n[ 12%] Building CXX object aws-cpp-sdk-core/CMakeFiles/aws-cpp-sdk-core.dir/source/http/HttpTypes.cpp.o\r\n[ 14%] Building CXX object aws-cpp-sdk-core/CMakeFiles/aws-cpp-sdk-core.dir/source/http/Scheme.cpp.o\r\n[ 16%] Building CXX object aws-cpp-sdk-core/CMakeFiles/aws-cpp-sdk-core.dir/source/http/URI.cpp.o\r\n[ 18%] Building CXX object aws-cpp-sdk-core/CMakeFiles/aws-cpp-sdk-core.dir/source/http/curl/CurlHandleContainer.cpp.o\r\n[ 20%] Building CXX object aws-cpp-sdk-core/CMakeFiles/aws-cpp-sdk-core.dir/source/http/curl/CurlHttpClient.cpp.o\r\n[ 22%] Building CXX object aws-cpp-sdk-core/CMakeFiles/aws-cpp-sdk-core.dir/source/net/linux-shared/Net.cpp.o\r\n[ 25%] Building CXX object aws-cpp-sdk-core/CMakeFiles/aws-cpp-sdk-core.dir/source/net/linux-shared/SimpleUDP.cpp.o\r\n[ 27%] Building CXX object aws-cpp-sdk-core/CMakeFiles/aws-cpp-sdk-core.dir/source/utils/Array.cpp.o\r\n[ 29%] Building CXX object aws-cpp-sdk-core/CMakeFiles/aws-cpp-sdk-core.dir/source/utils/DNS.cpp.o\r\n[ 31%] Building CXX object aws-cpp-sdk-core/CMakeFiles/aws-cpp-sdk-core.dir/source/utils/DateTimeCommon.cpp.o\r\n[ 33%] Building CXX object aws-cpp-sdk-core/CMakeFiles/aws-cpp-sdk-core.dir/source/utils/Directory.cpp.o\r\n[ 35%] Building CXX object aws-cpp-sdk-core/CMakeFiles/aws-cpp-sdk-core.dir/source/utils/EnumParseOverflowContainer.cpp.o\r\n[ 37%] Building CXX object aws-cpp-sdk-core/CMakeFiles/aws-cpp-sdk-core.dir/source/utils/FileSystemUtils.cpp.o\r\n[ 39%] Building CXX object aws-cpp-sdk-core/CMakeFiles/aws-cpp-sdk-core.dir/source/utils/GetTheLights.cpp.o\r\n[ 41%] Building CXX object aws-cpp-sdk-core/CMakeFiles/aws-cpp-sdk-core.dir/source/utils/HashingUtils.cpp.o\r\n[ 43%] Building CXX object aws-cpp-sdk-core/CMakeFiles/aws-cpp-sdk-core.dir/source/utils/StringUtils.cpp.o\r\n[ 45%] Building CXX object aws-cpp-sdk-core/CMakeFiles/aws-cpp-sdk-core.dir/source/utils/TempFile.cpp.o\r\n[ 47%] Building CXX object aws-cpp-sdk-core/CMakeFiles/aws-cpp-sdk-core.dir/source/utils/UUID.cpp.o\r\n[ 50%] Building CXX object aws-cpp-sdk-core/CMakeFiles/aws-cpp-sdk-core.dir/source/utils/crypto/factory/Factories.cpp.o\r\n[ 52%] Building CXX object aws-cpp-sdk-core/CMakeFiles/aws-cpp-sdk-core.dir/source/utils/event/EventDecoderStream.cpp.o\r\n[ 54%] Building CXX object aws-cpp-sdk-core/CMakeFiles/aws-cpp-sdk-core.dir/source/utils/event/EventEncoderStream.cpp.o\r\n[ 56%] Building CXX object aws-cpp-sdk-core/CMakeFiles/aws-cpp-sdk-core.dir/source/utils/event/EventHeader.cpp.o\r\n[ 58%] Building CXX object aws-cpp-sdk-core/CMakeFiles/aws-cpp-sdk-core.dir/source/utils/event/EventMessage.cpp.o\r\n[ 60%] Building CXX object aws-cpp-sdk-core/CMakeFiles/aws-cpp-sdk-core.dir/source/utils/event/EventStreamBuf.cpp.o\r\n[ 62%] Building CXX object aws-cpp-sdk-core/CMakeFiles/aws-cpp-sdk-core.dir/source/utils/event/EventStreamDecoder.cpp.o\r\n[ 64%] Building CXX object aws-cpp-sdk-core/CMakeFiles/aws-cpp-sdk-core.dir/source/utils/event/EventStreamEncoder.cpp.o\r\n[ 66%] Building CXX object aws-cpp-sdk-core/CMakeFiles/aws-cpp-sdk-core.dir/source/utils/event/EventStreamErrors.cpp.o\r\n[ 68%] Linking CXX static library libaws-cpp-sdk-core.a\r\n[ 68%] Built target aws-cpp-sdk-core\r\nScanning dependencies of target aws-cpp-sdk-config\r\n[ 70%] Building CXX object aws-cpp-sdk-config/CMakeFiles/aws-cpp-sdk-config.dir/ub_CONFIG.cpp.o\r\nScanning dependencies of target aws-cpp-sdk-s3\r\n[ 72%] Building CXX object aws-cpp-sdk-s3/CMakeFiles/aws-cpp-sdk-s3.dir/ub_S3.cpp.o\r\n[ 75%] Linking CXX static library libaws-cpp-sdk-config.a\r\n[ 75%] Built target aws-cpp-sdk-config-- stderr output is:\r\ng++: fatal error: Killed signal terminated program cc1plus\r\ncompilation terminated.\r\nmake[5]: *** [aws-cpp-sdk-s3/CMakeFiles/aws-cpp-sdk-s3.dir/build.make:84: aws-cpp-sdk-s3/CMakeFiles/aws-cpp-sdk-s3.dir/ub_S3.cpp.o] Error 1\r\nmake[4]: *** [CMakeFiles/Makefile2:295: aws-cpp-sdk-s3/CMakeFiles/aws-cpp-sdk-s3.dir/all] Error 2\r\nmake[4]: *** Waiting for unfinished jobs....\r\nmake[3]: *** [Makefile:150: all] Error 2CMake Error at /tmp/Rtmpz4nE7G/file591d48481e24/awssdk_ep-prefix/src/awssdk_ep-stamp/awssdk_ep-build-RELEASE.cmake:47 (message):\r\n  Stopping after outputting logs.\r\nmake[2]: *** [CMakeFiles/awssdk_ep.dir/build.make:134: awssdk_ep-prefix/src/awssdk_ep-stamp/awssdk_ep-build] Error 1\r\nmake[1]: *** [CMakeFiles/Makefile2:1048: CMakeFiles/awssdk_ep.dir/all] Error 2\r\ngmake: *** [Makefile:161: all] Error 2\r\n+ popd\r\n/tmp/RtmpFGGUfi/R.INSTALL590815733f98/arrow\r\nPKG_CFLAGS=-I/tmp/RtmpFGGUfi/R.INSTALL590815733f98/arrow/libarrow/arrow-3.0.0/include  -DARROW_R_WITH_ARROW\r\nPKG_LIBS=-larrow_dataset -lparquet -larrow\r\n** libs\r\ng++ -m64 -std=gnu++11 -I\"/usr/include/R\" -DNDEBUG -I/tmp/RtmpFGGUfi/R.INSTALL590815733f98/arrow/libarrow/arrow-3.0.0/include  -DARROW_R_WITH_ARROW -I\"/usr/lib64/R/library/cpp11/include\" -I/usr/local/include  -fpic  -O2 -g -pipe -Wall -Wp,-D_FORTIFY_SOURCE=2 -fexceptions -fstack-protector-strong --param=ssp-buffer-size=4 -grecord-gcc-switches   -m64 -mtune=generic  -c array.cpp -o array.o\r\ng++ -m64 -std=gnu++11 -I\"/usr/include/R\" -DNDEBUG -I/tmp/RtmpFGGUfi/R.INSTALL590815733f98/arrow/libarrow/arrow-3.0.0/include  -DARROW_R_WITH_ARROW -I\"/usr/lib64/R/library/cpp11/include\" -I/usr/local/include  -fpic  -O2 -g -pipe -Wall -Wp,-D_FORTIFY_SOURCE=2 -fexceptions -fstack-protector-strong --param=ssp-buffer-size=4 -grecord-gcc-switches   -m64 -mtune=generic  -c array_from_vector.cpp -o array_from_vector.o\r\ng++ -m64 -std=gnu++11 -I\"/usr/include/R\" -DNDEBUG -I/tmp/RtmpFGGUfi/R.INSTALL590815733f98/arrow/libarrow/arrow-3.0.0/include  -DARROW_R_WITH_ARROW -I\"/usr/lib64/R/library/cpp11/include\" -I/usr/local/include  -fpic  -O2 -g -pipe -Wall -Wp,-D_FORTIFY_SOURCE=2 -fexceptions -fstack-protector-strong --param=ssp-buffer-size=4 -grecord-gcc-switches   -m64 -mtune=generic  -c array_to_vector.cpp -o array_to_vector.o\r\ng++ -m64 -std=gnu++11 -I\"/usr/include/R\" -DNDEBUG -I/tmp/RtmpFGGUfi/R.INSTALL590815733f98/arrow/libarrow/arrow-3.0.0/include  -DARROW_R_WITH_ARROW -I\"/usr/lib64/R/library/cpp11/include\" -I/usr/local/include  -fpic  -O2 -g -pipe -Wall -Wp,-D_FORTIFY_SOURCE=2 -fexceptions -fstack-protector-strong --param=ssp-buffer-size=4 -grecord-gcc-switches   -m64 -mtune=generic  -c arraydata.cpp -o arraydata.o\r\ng++ -m64 -std=gnu++11 -I\"/usr/include/R\" -DNDEBUG -I/tmp/RtmpFGGUfi/R.INSTALL590815733f98/arrow/libarrow/arrow-3.0.0/include  -DARROW_R_WITH_ARROW -I\"/usr/lib64/R/library/cpp11/include\" -I/usr/local/include  -fpic  -O2 -g -pipe -Wall -Wp,-D_FORTIFY_SOURCE=2 -fexceptions -fstack-protector-strong --param=ssp-buffer-size=4 -grecord-gcc-switches   -m64 -mtune=generic  -c arrowExports.cpp -o arrowExports.o\r\ng++ -m64 -std=gnu++11 -I\"/usr/include/R\" -DNDEBUG -I/tmp/RtmpFGGUfi/R.INSTALL590815733f98/arrow/libarrow/arrow-3.0.0/include  -DARROW_R_WITH_ARROW -I\"/usr/lib64/R/library/cpp11/include\" -I/usr/local/include  -fpic  -O2 -g -pipe -Wall -Wp,-D_FORTIFY_SOURCE=2 -fexceptions -fstack-protector-strong --param=ssp-buffer-size=4 -grecord-gcc-switches   -m64 -mtune=generic  -c buffer.cpp -o buffer.o\r\ng++ -m64 -std=gnu++11 -I\"/usr/include/R\" -DNDEBUG -I/tmp/RtmpFGGUfi/R.INSTALL590815733f98/arrow/libarrow/arrow-3.0.0/include  -DARROW_R_WITH_ARROW -I\"/usr/lib64/R/library/cpp11/include\" -I/usr/local/include  -fpic  -O2 -g -pipe -Wall -Wp,-D_FORTIFY_SOURCE=2 -fexceptions -fstack-protector-strong --param=ssp-buffer-size=4 -grecord-gcc-switches   -m64 -mtune=generic  -c chunkedarray.cpp -o chunkedarray.o\r\ng++ -m64 -std=gnu++11 -I\"/usr/include/R\" -DNDEBUG -I/tmp/RtmpFGGUfi/R.INSTALL590815733f98/arrow/libarrow/arrow-3.0.0/include  -DARROW_R_WITH_ARROW -I\"/usr/lib64/R/library/cpp11/include\" -I/usr/local/include  -fpic  -O2 -g -pipe -Wall -Wp,-D_FORTIFY_SOURCE=2 -fexceptions -fstack-protector-strong --param=ssp-buffer-size=4 -grecord-gcc-switches   -m64 -mtune=generic  -c compression.cpp -o compression.o\r\ng++ -m64 -std=gnu++11 -I\"/usr/include/R\" -DNDEBUG -I/tmp/RtmpFGGUfi/R.INSTALL590815733f98/arrow/libarrow/arrow-3.0.0/include  -DARROW_R_WITH_ARROW -I\"/usr/lib64/R/library/cpp11/include\" -I/usr/local/include  -fpic  -O2 -g -pipe -Wall -Wp,-D_FORTIFY_SOURCE=2 -fexceptions -fstack-protector-strong --param=ssp-buffer-size=4 -grecord-gcc-switches   -m64 -mtune=generic  -c compute.cpp -o compute.o\r\ng++ -m64 -std=gnu++11 -I\"/usr/include/R\" -DNDEBUG -I/tmp/RtmpFGGUfi/R.INSTALL590815733f98/arrow/libarrow/arrow-3.0.0/include  -DARROW_R_WITH_ARROW -I\"/usr/lib64/R/library/cpp11/include\" -I/usr/local/include  -fpic  -O2 -g -pipe -Wall -Wp,-D_FORTIFY_SOURCE=2 -fexceptions -fstack-protector-strong --param=ssp-buffer-size=4 -grecord-gcc-switches   -m64 -mtune=generic  -c csv.cpp -o csv.o\r\ng++ -m64 -std=gnu++11 -I\"/usr/include/R\" -DNDEBUG -I/tmp/RtmpFGGUfi/R.INSTALL590815733f98/arrow/libarrow/arrow-3.0.0/include  -DARROW_R_WITH_ARROW -I\"/usr/lib64/R/library/cpp11/include\" -I/usr/local/include  -fpic  -O2 -g -pipe -Wall -Wp,-D_FORTIFY_SOURCE=2 -fexceptions -fstack-protector-strong --param=ssp-buffer-size=4 -grecord-gcc-switches   -m64 -mtune=generic  -c dataset.cpp -o dataset.o\r\ng++ -m64 -std=gnu++11 -I\"/usr/include/R\" -DNDEBUG -I/tmp/RtmpFGGUfi/R.INSTALL590815733f98/arrow/libarrow/arrow-3.0.0/include  -DARROW_R_WITH_ARROW -I\"/usr/lib64/R/library/cpp11/include\" -I/usr/local/include  -fpic  -O2 -g -pipe -Wall -Wp,-D_FORTIFY_SOURCE=2 -fexceptions -fstack-protector-strong --param=ssp-buffer-size=4 -grecord-gcc-switches   -m64 -mtune=generic  -c datatype.cpp -o datatype.o\r\ng++ -m64 -std=gnu++11 -I\"/usr/include/R\" -DNDEBUG -I/tmp/RtmpFGGUfi/R.INSTALL590815733f98/arrow/libarrow/arrow-3.0.0/include  -DARROW_R_WITH_ARROW -I\"/usr/lib64/R/library/cpp11/include\" -I/usr/local/include  -fpic  -O2 -g -pipe -Wall -Wp,-D_FORTIFY_SOURCE=2 -fexceptions -fstack-protector-strong --param=ssp-buffer-size=4 -grecord-gcc-switches   -m64 -mtune=generic  -c expression.cpp -o expression.o\r\ng++ -m64 -std=gnu++11 -I\"/usr/include/R\" -DNDEBUG -I/tmp/RtmpFGGUfi/R.INSTALL590815733f98/arrow/libarrow/arrow-3.0.0/include  -DARROW_R_WITH_ARROW -I\"/usr/lib64/R/library/cpp11/include\" -I/usr/local/include  -fpic  -O2 -g -pipe -Wall -Wp,-D_FORTIFY_SOURCE=2 -fexceptions -fstack-protector-strong --param=ssp-buffer-size=4 -grecord-gcc-switches   -m64 -mtune=generic  -c feather.cpp -o feather.o\r\ng++ -m64 -std=gnu++11 -I\"/usr/include/R\" -DNDEBUG -I/tmp/RtmpFGGUfi/R.INSTALL590815733f98/arrow/libarrow/arrow-3.0.0/include  -DARROW_R_WITH_ARROW -I\"/usr/lib64/R/library/cpp11/include\" -I/usr/local/include  -fpic  -O2 -g -pipe -Wall -Wp,-D_FORTIFY_SOURCE=2 -fexceptions -fstack-protector-strong --param=ssp-buffer-size=4 -grecord-gcc-switches   -m64 -mtune=generic  -c field.cpp -o field.o\r\ng++ -m64 -std=gnu++11 -I\"/usr/include/R\" -DNDEBUG -I/tmp/RtmpFGGUfi/R.INSTALL590815733f98/arrow/libarrow/arrow-3.0.0/include  -DARROW_R_WITH_ARROW -I\"/usr/lib64/R/library/cpp11/include\" -I/usr/local/include  -fpic  -O2 -g -pipe -Wall -Wp,-D_FORTIFY_SOURCE=2 -fexceptions -fstack-protector-strong --param=ssp-buffer-size=4 -grecord-gcc-switches   -m64 -mtune=generic  -c filesystem.cpp -o filesystem.o\r\ng++ -m64 -std=gnu++11 -I\"/usr/include/R\" -DNDEBUG -I/tmp/RtmpFGGUfi/R.INSTALL590815733f98/arrow/libarrow/arrow-3.0.0/include  -DARROW_R_WITH_ARROW -I\"/usr/lib64/R/library/cpp11/include\" -I/usr/local/include  -fpic  -O2 -g -pipe -Wall -Wp,-D_FORTIFY_SOURCE=2 -fexceptions -fstack-protector-strong --param=ssp-buffer-size=4 -grecord-gcc-switches   -m64 -mtune=generic  -c imports.cpp -o imports.o\r\ng++ -m64 -std=gnu++11 -I\"/usr/include/R\" -DNDEBUG -I/tmp/RtmpFGGUfi/R.INSTALL590815733f98/arrow/libarrow/arrow-3.0.0/include  -DARROW_R_WITH_ARROW -I\"/usr/lib64/R/library/cpp11/include\" -I/usr/local/include  -fpic  -O2 -g -pipe -Wall -Wp,-D_FORTIFY_SOURCE=2 -fexceptions -fstack-protector-strong --param=ssp-buffer-size=4 -grecord-gcc-switches   -m64 -mtune=generic  -c io.cpp -o io.o\r\ng++ -m64 -std=gnu++11 -I\"/usr/include/R\" -DNDEBUG -I/tmp/RtmpFGGUfi/R.INSTALL590815733f98/arrow/libarrow/arrow-3.0.0/include  -DARROW_R_WITH_ARROW -I\"/usr/lib64/R/library/cpp11/include\" -I/usr/local/include  -fpic  -O2 -g -pipe -Wall -Wp,-D_FORTIFY_SOURCE=2 -fexceptions -fstack-protector-strong --param=ssp-buffer-size=4 -grecord-gcc-switches   -m64 -mtune=generic  -c json.cpp -o json.o\r\ng++ -m64 -std=gnu++11 -I\"/usr/include/R\" -DNDEBUG -I/tmp/RtmpFGGUfi/R.INSTALL590815733f98/arrow/libarrow/arrow-3.0.0/include  -DARROW_R_WITH_ARROW -I\"/usr/lib64/R/library/cpp11/include\" -I/usr/local/include  -fpic  -O2 -g -pipe -Wall -Wp,-D_FORTIFY_SOURCE=2 -fexceptions -fstack-protector-strong --param=ssp-buffer-size=4 -grecord-gcc-switches   -m64 -mtune=generic  -c memorypool.cpp -o memorypool.o\r\ng++ -m64 -std=gnu++11 -I\"/usr/include/R\" -DNDEBUG -I/tmp/RtmpFGGUfi/R.INSTALL590815733f98/arrow/libarrow/arrow-3.0.0/include  -DARROW_R_WITH_ARROW -I\"/usr/lib64/R/library/cpp11/include\" -I/usr/local/include  -fpic  -O2 -g -pipe -Wall -Wp,-D_FORTIFY_SOURCE=2 -fexceptions -fstack-protector-strong --param=ssp-buffer-size=4 -grecord-gcc-switches   -m64 -mtune=generic  -c message.cpp -o message.o\r\ng++ -m64 -std=gnu++11 -I\"/usr/include/R\" -DNDEBUG -I/tmp/RtmpFGGUfi/R.INSTALL590815733f98/arrow/libarrow/arrow-3.0.0/include  -DARROW_R_WITH_ARROW -I\"/usr/lib64/R/library/cpp11/include\" -I/usr/local/include  -fpic  -O2 -g -pipe -Wall -Wp,-D_FORTIFY_SOURCE=2 -fexceptions -fstack-protector-strong --param=ssp-buffer-size=4 -grecord-gcc-switches   -m64 -mtune=generic  -c parquet.cpp -o parquet.o\r\ng++ -m64 -std=gnu++11 -I\"/usr/include/R\" -DNDEBUG -I/tmp/RtmpFGGUfi/R.INSTALL590815733f98/arrow/libarrow/arrow-3.0.0/include  -DARROW_R_WITH_ARROW -I\"/usr/lib64/R/library/cpp11/include\" -I/usr/local/include  -fpic  -O2 -g -pipe -Wall -Wp,-D_FORTIFY_SOURCE=2 -fexceptions -fstack-protector-strong --param=ssp-buffer-size=4 -grecord-gcc-switches   -m64 -mtune=generic  -c py-to-r.cpp -o py-to-r.o\r\ng++ -m64 -std=gnu++11 -I\"/usr/include/R\" -DNDEBUG -I/tmp/RtmpFGGUfi/R.INSTALL590815733f98/arrow/libarrow/arrow-3.0.0/include  -DARROW_R_WITH_ARROW -I\"/usr/lib64/R/library/cpp11/include\" -I/usr/local/include  -fpic  -O2 -g -pipe -Wall -Wp,-D_FORTIFY_SOURCE=2 -fexceptions -fstack-protector-strong --param=ssp-buffer-size=4 -grecord-gcc-switches   -m64 -mtune=generic  -c recordbatch.cpp -o recordbatch.o\r\ng++ -m64 -std=gnu++11 -I\"/usr/include/R\" -DNDEBUG -I/tmp/RtmpFGGUfi/R.INSTALL590815733f98/arrow/libarrow/arrow-3.0.0/include  -DARROW_R_WITH_ARROW -I\"/usr/lib64/R/library/cpp11/include\" -I/usr/local/include  -fpic  -O2 -g -pipe -Wall -Wp,-D_FORTIFY_SOURCE=2 -fexceptions -fstack-protector-strong --param=ssp-buffer-size=4 -grecord-gcc-switches   -m64 -mtune=generic  -c recordbatchreader.cpp -o recordbatchreader.o\r\ng++ -m64 -std=gnu++11 -I\"/usr/include/R\" -DNDEBUG -I/tmp/RtmpFGGUfi/R.INSTALL590815733f98/arrow/libarrow/arrow-3.0.0/include  -DARROW_R_WITH_ARROW -I\"/usr/lib64/R/library/cpp11/include\" -I/usr/local/include  -fpic  -O2 -g -pipe -Wall -Wp,-D_FORTIFY_SOURCE=2 -fexceptions -fstack-protector-strong --param=ssp-buffer-size=4 -grecord-gcc-switches   -m64 -mtune=generic  -c recordbatchwriter.cpp -o recordbatchwriter.o\r\ng++ -m64 -std=gnu++11 -I\"/usr/include/R\" -DNDEBUG -I/tmp/RtmpFGGUfi/R.INSTALL590815733f98/arrow/libarrow/arrow-3.0.0/include  -DARROW_R_WITH_ARROW -I\"/usr/lib64/R/library/cpp11/include\" -I/usr/local/include  -fpic  -O2 -g -pipe -Wall -Wp,-D_FORTIFY_SOURCE=2 -fexceptions -fstack-protector-strong --param=ssp-buffer-size=4 -grecord-gcc-switches   -m64 -mtune=generic  -c scalar.cpp -o scalar.o\r\ng++ -m64 -std=gnu++11 -I\"/usr/include/R\" -DNDEBUG -I/tmp/RtmpFGGUfi/R.INSTALL590815733f98/arrow/libarrow/arrow-3.0.0/include  -DARROW_R_WITH_ARROW -I\"/usr/lib64/R/library/cpp11/include\" -I/usr/local/include  -fpic  -O2 -g -pipe -Wall -Wp,-D_FORTIFY_SOURCE=2 -fexceptions -fstack-protector-strong --param=ssp-buffer-size=4 -grecord-gcc-switches   -m64 -mtune=generic  -c schema.cpp -o schema.o\r\ng++ -m64 -std=gnu++11 -I\"/usr/include/R\" -DNDEBUG -I/tmp/RtmpFGGUfi/R.INSTALL590815733f98/arrow/libarrow/arrow-3.0.0/include  -DARROW_R_WITH_ARROW -I\"/usr/lib64/R/library/cpp11/include\" -I/usr/local/include  -fpic  -O2 -g -pipe -Wall -Wp,-D_FORTIFY_SOURCE=2 -fexceptions -fstack-protector-strong --param=ssp-buffer-size=4 -grecord-gcc-switches   -m64 -mtune=generic  -c symbols.cpp -o symbols.o\r\ng++ -m64 -std=gnu++11 -I\"/usr/include/R\" -DNDEBUG -I/tmp/RtmpFGGUfi/R.INSTALL590815733f98/arrow/libarrow/arrow-3.0.0/include  -DARROW_R_WITH_ARROW -I\"/usr/lib64/R/library/cpp11/include\" -I/usr/local/include  -fpic  -O2 -g -pipe -Wall -Wp,-D_FORTIFY_SOURCE=2 -fexceptions -fstack-protector-strong --param=ssp-buffer-size=4 -grecord-gcc-switches   -m64 -mtune=generic  -c table.cpp -o table.o\r\ng++ -m64 -std=gnu++11 -I\"/usr/include/R\" -DNDEBUG -I/tmp/RtmpFGGUfi/R.INSTALL590815733f98/arrow/libarrow/arrow-3.0.0/include  -DARROW_R_WITH_ARROW -I\"/usr/lib64/R/library/cpp11/include\" -I/usr/local/include  -fpic  -O2 -g -pipe -Wall -Wp,-D_FORTIFY_SOURCE=2 -fexceptions -fstack-protector-strong --param=ssp-buffer-size=4 -grecord-gcc-switches   -m64 -mtune=generic  -c threadpool.cpp -o threadpool.o\r\ng++ -m64 -std=gnu++11 -shared -L/usr/lib64/R/lib -Wl,-z,relro -o arrow.so array.o array_from_vector.o array_to_vector.o arraydata.o arrowExports.o buffer.o chunkedarray.o compression.o compute.o csv.o dataset.o datatype.o expression.o feather.o field.o filesystem.o imports.o io.o json.o memorypool.o message.o parquet.o py-to-r.o recordbatch.o recordbatchreader.o recordbatchwriter.o scalar.o schema.o symbols.o table.o threadpool.o -larrow_dataset -lparquet -larrow -L/usr/lib64/R/lib -lR\r\ninstalling to /usr/lib64/R/library/00LOCK-arrow/00new/arrow/libs\r\n** R\r\n** inst\r\n** byte-compile and prepare package for lazy loading\r\n** help\r\n*** installing help indices\r\nWarning in file.copy(file.path(R.home(\"doc\"), \"html\", \"R.css\"), outman) :\r\n  problem copying /usr/share/doc/R-3.6.0/html/R.css to /usr/lib64/R/library/00LOCK-arrow/00new/arrow/html/R.css: No such file or directory\r\n  converting help for package \u2018arrow\u2019\r\n    finding HTML links ... done\r\n    ArrayData                               html  \r\n    ChunkedArray                            html  \r\n    Codec                                   html  \r\n    CsvReadOptions                          html  \r\n    CsvTableReader                          html  \r\n    DataType                                html  \r\n    Dataset                                 html  \r\n    DictionaryType                          html  \r\n    Expression                              html  \r\n    FeatherReader                           html  \r\n    Field                                   html  \r\n    FileFormat                              html  \r\n    FileInfo                                html  \r\n    FileSelector                            html  \r\n    FileSystem                              html  \r\n    FileWriteOptions                        html  \r\n    FixedWidthType                          html  \r\n    InputStream                             html  \r\n    MemoryPool                              html  \r\n    Message                                 html  \r\n    MessageReader                           html  \r\n    OutputStream                            html  \r\n    ParquetArrowReaderProperties            html  \r\n    ParquetFileReader                       html  \r\n    ParquetFileWriter                       html  \r\n    ParquetWriterProperties                 html  \r\n    Partitioning                            html  \r\n    RecordBatch                             html  \r\n    RecordBatchReader                       html  \r\n    RecordBatchWriter                       html  \r\n    Scalar                                  html  \r\n    Scanner                                 html  \r\n    Schema                                  html  \r\n    Table                                   html  \r\n    array                                   html  \r\n    arrow-package                           html  \r\n    arrow_available                         html  \r\n    arrow_info                              html  \r\n    buffer                                  html  \r\n    cast_options                            html  \r\n    codec_is_available                      html  \r\n    compression                             html  \r\n    copy_files                              html  \r\n    cpu_count                               html  \r\n    data-type                               html  \r\n    dataset_factory                         html  \r\n    default_memory_pool                     html  \r\n    dictionary                              html  \r\n    enums                                   html  \r\n    flight_connect                          html  \r\n    flight_get                              html  \r\n    flight_put                              html  \r\n    hive_partition                          html  \r\n    install_arrow                           html  \r\n    install_pyarrow                         html  \r\n    list_flights                            html  \r\n    load_flight_server                      html  \r\n    make_readable_file                      html  \r\n    map_batches                             html  \r\n    match_arrow                             html  \r\n    mmap_create                             html  \r\n    mmap_open                               html  \r\n    open_dataset                            html  \r\n    read_delim_arrow                        html  \r\n    read_feather                            html  \r\n    read_ipc_stream                         html  \r\n    read_json_arrow                         html  \r\n    read_message                            html  \r\n    read_parquet                            html  \r\n    read_schema                             html  \r\n    reexports                               html  \r\nRd warning: /tmp/RtmpFGGUfi/R.INSTALL590815733f98/arrow/man/reexports.Rd:26: file link \u2018starts_with\u2019 in package \u2018tidyselect\u2019 does not exist and so has been treated as a topic\r\nRd warning: /tmp/RtmpFGGUfi/R.INSTALL590815733f98/arrow/man/reexports.Rd:26: file link \u2018everything\u2019 in package \u2018tidyselect\u2019 does not exist and so has been treated as a topic\r\nRd warning: /tmp/RtmpFGGUfi/R.INSTALL590815733f98/arrow/man/reexports.Rd:26: file link \u2018one_of\u2019 in package \u2018tidyselect\u2019 does not exist and so has been treated as a topic\r\n    s3_bucket                               html  \r\n    type                                    html  \r\n    unify_schemas                           html  \r\n    write_dataset                           html  \r\n    write_feather                           html  \r\n    write_ipc_stream                        html  \r\n    write_parquet                           html  \r\n    write_to_raw                            html  \r\n** building package indices\r\n** installing vignettes\r\n** testing if installed package can be loaded from temporary location\r\n** checking absolute paths in shared objects and dynamic libraries\r\n** testing if installed package can be loaded from final location\r\n** testing if installed package keeps a record of temporary installation path\r\n* DONE (arrow)\r\nWarning in file.create(f.tg) :\r\n  cannot create file '/usr/share/doc/R-3.6.0/html/packages.html', reason 'No such file or directory'\r\nWarning in utils::make.packages.html(.Library, docdir = R.home(\"doc\")) :\r\n  cannot update HTML package index\r\n[root@ea90f76f63be app]# cat /tmp/Rtmpz4nE7G/file591d48481e24/awssdk_ep-prefix/src/awssdk_ep-stamp/awssdk_ep-build-RELEASE.cmake\r\ncat: /tmp/Rtmpz4nE7G/file591d48481e24/awssdk_ep-prefix/src/awssdk_ep-stamp/awssdk_ep-build-RELEASE.cmake: No such file or directory\r\n[root@ea90f76f63be app]#{code}",
                    "updateAuthor": {
                        "self": "https://issues.apache.org/jira/rest/api/2/user?username=karthik_j",
                        "name": "karthik_j",
                        "key": "karthik_j",
                        "avatarUrls": {
                            "48x48": "https://issues.apache.org/jira/secure/useravatar?avatarId=10452",
                            "24x24": "https://issues.apache.org/jira/secure/useravatar?size=small&avatarId=10452",
                            "16x16": "https://issues.apache.org/jira/secure/useravatar?size=xsmall&avatarId=10452",
                            "32x32": "https://issues.apache.org/jira/secure/useravatar?size=medium&avatarId=10452"
                        },
                        "displayName": "Karthikeyan Janakiraman",
                        "active": true,
                        "timeZone": "Etc/UTC"
                    },
                    "created": "2021-03-22T19:05:02.400+0000",
                    "updated": "2021-03-22T19:05:02.400+0000"
                },
                {
                    "self": "https://issues.apache.org/jira/rest/api/2/issue/13366395/comment/17306557",
                    "id": "17306557",
                    "author": {
                        "self": "https://issues.apache.org/jira/rest/api/2/user?username=jonkeane",
                        "name": "jonkeane",
                        "key": "jonkeane",
                        "avatarUrls": {
                            "48x48": "https://issues.apache.org/jira/secure/useravatar?avatarId=34057",
                            "24x24": "https://issues.apache.org/jira/secure/useravatar?size=small&avatarId=34057",
                            "16x16": "https://issues.apache.org/jira/secure/useravatar?size=xsmall&avatarId=34057",
                            "32x32": "https://issues.apache.org/jira/secure/useravatar?size=medium&avatarId=34057"
                        },
                        "displayName": "Jonathan Keane",
                        "active": true,
                        "timeZone": "Etc/UTC"
                    },
                    "body": "It looks like a get things might actually be failing (or two of our dependencies depend on one common thing that is failing), I see both:\r\n\r\n{code}\r\n[ 67%] Built target thrift_ep\r\nCMake Error at /tmp/Rtmpz4nE7G/file591d48481e24/awssdk_ep-prefix/src/awssdk_ep-stamp/awssdk_ep-build-RELEASE.cmake:37 (message):\r\n  Command failed: 2   'make'  See also    /tmp/Rtmpz4nE7G/file591d48481e24/awssdk_ep-prefix/src/awssdk_ep-stamp/awssdk_ep-build-*.log\r\n-- stdout output is:\r\nScanning dependencies of target aws-cpp-sdk-core\r\n{code}\r\n\r\nAs well as\r\n{code}\r\nmake[3]: *** [Makefile:150: all] Error 2CMake Error at /tmp/Rtmpz4nE7G/file591d48481e24/awssdk_ep-prefix/src/awssdk_ep-stamp/awssdk_ep-build-RELEASE.cmake:47 (message):\r\n  Stopping after outputting logs.\r\nmake[2]: *** [CMakeFiles/awssdk_ep.dir/build.make:134: awssdk_ep-prefix/src/awssdk_ep-stamp/awssdk_ep-build] Error 1\r\nmake[1]: *** [CMakeFiles/Makefile2:1048: CMakeFiles/awssdk_ep.dir/all] Error 2\r\ngmake: *** [Makefile:161: all] Error 2\r\n{code}\r\n\r\nAs you note: the log files referenced are in temp directories that get wiped away as soon as the install finishes (this is the standard behavior from R, and not something that Arrow is doing). \r\n\r\nThere are a few things that you could do to try and figure out what's blocking this:\r\n\r\n1. Try building the cpp library outside of the R install process so that you can see what error the aws sdk is running in to.\r\n2. You could try building the aws sdk separately and see if you run into errors there: https://github.com/aws/aws-sdk-cpp\r\n\r\nHappy to look through those logs if you can get them. Also, would you mind posting how you solved the directory envvars for posterity / to help others who might be in your position? Thanks!\r\n\r\nAdditionally: I'm not super familiar with centos, so this might be a total red herring, but for reference: we do test that one can build arrow on centos7 + devtoolset 8 and (our latest nightly [does pass|https://dev.azure.com/ursacomputing/crossbow/_build/results?buildId=2281&view=logs&j=0da5d1d9-276d-5173-c4c4-9d4d4ed14fdb&t=6c939d89-0d1a-51f2-8b30-091a7a82e98c&l=696]  though that is not the exact same code as the 3.0.0 release you're working on, AFAIK it was passing then too). The way that we enable the devtoolset in that test is https://github.com/apache/arrow/blob/master/ci/scripts/r_test.sh#L57 which might be helpful for you to see/try if that's now how you're enabling it yourself. IIRC there are a number of different ways that can be enabled and I'm not sure if they all will work for this build setup.",
                    "updateAuthor": {
                        "self": "https://issues.apache.org/jira/rest/api/2/user?username=jonkeane",
                        "name": "jonkeane",
                        "key": "jonkeane",
                        "avatarUrls": {
                            "48x48": "https://issues.apache.org/jira/secure/useravatar?avatarId=34057",
                            "24x24": "https://issues.apache.org/jira/secure/useravatar?size=small&avatarId=34057",
                            "16x16": "https://issues.apache.org/jira/secure/useravatar?size=xsmall&avatarId=34057",
                            "32x32": "https://issues.apache.org/jira/secure/useravatar?size=medium&avatarId=34057"
                        },
                        "displayName": "Jonathan Keane",
                        "active": true,
                        "timeZone": "Etc/UTC"
                    },
                    "created": "2021-03-22T20:28:12.056+0000",
                    "updated": "2021-03-22T20:28:12.056+0000"
                },
                {
                    "self": "https://issues.apache.org/jira/rest/api/2/issue/13366395/comment/17306560",
                    "id": "17306560",
                    "author": {
                        "self": "https://issues.apache.org/jira/rest/api/2/user?username=npr",
                        "name": "npr",
                        "key": "npr",
                        "avatarUrls": {
                            "48x48": "https://issues.apache.org/jira/secure/useravatar?avatarId=34045",
                            "24x24": "https://issues.apache.org/jira/secure/useravatar?size=small&avatarId=34045",
                            "16x16": "https://issues.apache.org/jira/secure/useravatar?size=xsmall&avatarId=34045",
                            "32x32": "https://issues.apache.org/jira/secure/useravatar?size=medium&avatarId=34045"
                        },
                        "displayName": "Neal Richardson",
                        "active": true,
                        "timeZone": "America/Los_Angeles"
                    },
                    "body": "Yes, a dependency of aws-sdk-cpp is failing to link. You may want to check [https://github.com/aws/aws-sdk-cpp/issues]\u00a0for any issues that sound like what you're experiencing.\u00a0\r\n\r\nYou can also set {{-DARROW_VERBOSE_THIRDPARTY_BUILD=ON}} in the cmake build to print more from these bundled dependency builds. I'm not sure you'll get more useful detail this way in this case since you're already seeing the error and it's not very informative, but you can try.",
                    "updateAuthor": {
                        "self": "https://issues.apache.org/jira/rest/api/2/user?username=npr",
                        "name": "npr",
                        "key": "npr",
                        "avatarUrls": {
                            "48x48": "https://issues.apache.org/jira/secure/useravatar?avatarId=34045",
                            "24x24": "https://issues.apache.org/jira/secure/useravatar?size=small&avatarId=34045",
                            "16x16": "https://issues.apache.org/jira/secure/useravatar?size=xsmall&avatarId=34045",
                            "32x32": "https://issues.apache.org/jira/secure/useravatar?size=medium&avatarId=34045"
                        },
                        "displayName": "Neal Richardson",
                        "active": true,
                        "timeZone": "America/Los_Angeles"
                    },
                    "created": "2021-03-22T20:33:54.957+0000",
                    "updated": "2021-03-22T20:33:54.957+0000"
                },
                {
                    "self": "https://issues.apache.org/jira/rest/api/2/issue/13366395/comment/17306990",
                    "id": "17306990",
                    "author": {
                        "self": "https://issues.apache.org/jira/rest/api/2/user?username=karthik_j",
                        "name": "karthik_j",
                        "key": "karthik_j",
                        "avatarUrls": {
                            "48x48": "https://issues.apache.org/jira/secure/useravatar?avatarId=10452",
                            "24x24": "https://issues.apache.org/jira/secure/useravatar?size=small&avatarId=10452",
                            "16x16": "https://issues.apache.org/jira/secure/useravatar?size=xsmall&avatarId=10452",
                            "32x32": "https://issues.apache.org/jira/secure/useravatar?size=medium&avatarId=10452"
                        },
                        "displayName": "Karthikeyan Janakiraman",
                        "active": true,
                        "timeZone": "Etc/UTC"
                    },
                    "body": "Thanks both, I dint make any changes to resolve AWS SDK issue however it went through fine on the next run. Which is worrying a bit since I am not sure if I will run into that again.\u00a0\r\n\r\n\u00a0\r\n\r\nDirectory envvars as requested by you [~jonkeane],\u00a0\r\n\r\n\u00a0\r\n{code:java}\r\nARROW_AWS_C_COMMON_URL=/tmp/arrow-build/aws-c-common-0.4.59.tar.gz\r\nARROW_AWSSDK_URL=/tmp/arrow-build/aws-sdk-cpp-1.7.160.tar.gz\r\nARROW_AWS_CHECKSUMS_URL=/tmp/arrow-build/aws-checksums-0.1.5.tar.gz\r\nARROW_DEPENDENCY_SOURCE=SYSTEM\r\nARROW_AWS_C_EVENT_STREAM_URL=/tmp/arrow-build/aws-c-event-stream-0.1.5.tar.gz\r\nARROW_VERBOSE_THIRDPARTY_BUILD=ON\r\nARROW_JEMALLOC_URL=/tmp/arrow-build/jemalloc-5.2.1.tar.bz2\r\nARROW_S3=ON\r\nARROW_THRIFT_URL=/tmp/arrow-build/thrift-0.12.0.tar.gz\r\nARROW_RAPIDJSON_URL=/tmp/arrow-build/rapidjson-2bbd33b33217ff4a73434ebf10cdac41e2ef5e34.tar.gz\r\nARROW_BOOST_URL=/tmp/arrow-build/boost_1_75_0.tar.gz\r\nARROW_RE2_URL=/tmp/arrow-build/re2-2019-08-01.tar.gz\r\nARROW_USE_PKG_CONFIG=FALSE\r\nARROW_R_DEV=TRUE\r\n\r\n{code}",
                    "updateAuthor": {
                        "self": "https://issues.apache.org/jira/rest/api/2/user?username=karthik_j",
                        "name": "karthik_j",
                        "key": "karthik_j",
                        "avatarUrls": {
                            "48x48": "https://issues.apache.org/jira/secure/useravatar?avatarId=10452",
                            "24x24": "https://issues.apache.org/jira/secure/useravatar?size=small&avatarId=10452",
                            "16x16": "https://issues.apache.org/jira/secure/useravatar?size=xsmall&avatarId=10452",
                            "32x32": "https://issues.apache.org/jira/secure/useravatar?size=medium&avatarId=10452"
                        },
                        "displayName": "Karthikeyan Janakiraman",
                        "active": true,
                        "timeZone": "Etc/UTC"
                    },
                    "created": "2021-03-23T11:50:19.299+0000",
                    "updated": "2021-03-23T11:50:19.299+0000"
                },
                {
                    "self": "https://issues.apache.org/jira/rest/api/2/issue/13366395/comment/17306992",
                    "id": "17306992",
                    "author": {
                        "self": "https://issues.apache.org/jira/rest/api/2/user?username=karthik_j",
                        "name": "karthik_j",
                        "key": "karthik_j",
                        "avatarUrls": {
                            "48x48": "https://issues.apache.org/jira/secure/useravatar?avatarId=10452",
                            "24x24": "https://issues.apache.org/jira/secure/useravatar?size=small&avatarId=10452",
                            "16x16": "https://issues.apache.org/jira/secure/useravatar?size=xsmall&avatarId=10452",
                            "32x32": "https://issues.apache.org/jira/secure/useravatar?size=medium&avatarId=10452"
                        },
                        "displayName": "Karthikeyan Janakiraman",
                        "active": true,
                        "timeZone": "Etc/UTC"
                    },
                    "body": "I am going through a new issue now, I can raise a separate ticket to track if required. I need to use proxy to connect to AWS S3 from my environment.\u00a0\r\n\r\nI have set the proxy using\u00a0Sys.setenv in the R terminal however I still couldn't hit the S3, could you please advise ? will\u00a0\u00a0read_parquet use the proxy to get connected to S3 ?\u00a0\r\n\r\n\r\n{code:java}\r\n> Sys.setenv(http_proxy=\"http://proxy:9099\")\r\n> Sys.setenv(https_proxy=\"http://proxy:9099\")\r\n> Sys.setenv(HTTPS_PROXY=\"http://proxy:9099\")\r\n> Sys.setenv(HTTP_PROXY=\"http://proxy:9099\")\r\n> Sys.getenv(\"http_proxy\")\r\n[1] \"http://proxy:9099\"\r\n> df <- read_parquet(\"s3://my_bucket/test-parquet/refinement.parquet?region=eu-west-1\")\r\nError: IOError: When reading information for key 'test-parquet/refinement.parquet' in bucket 'my_bucket': AWS Error [code 99]: Unable to connect to endpoint with address : 52.218.57.8\r\n>\r\n{code}",
                    "updateAuthor": {
                        "self": "https://issues.apache.org/jira/rest/api/2/user?username=karthik_j",
                        "name": "karthik_j",
                        "key": "karthik_j",
                        "avatarUrls": {
                            "48x48": "https://issues.apache.org/jira/secure/useravatar?avatarId=10452",
                            "24x24": "https://issues.apache.org/jira/secure/useravatar?size=small&avatarId=10452",
                            "16x16": "https://issues.apache.org/jira/secure/useravatar?size=xsmall&avatarId=10452",
                            "32x32": "https://issues.apache.org/jira/secure/useravatar?size=medium&avatarId=10452"
                        },
                        "displayName": "Karthikeyan Janakiraman",
                        "active": true,
                        "timeZone": "Etc/UTC"
                    },
                    "created": "2021-03-23T11:56:02.714+0000",
                    "updated": "2021-03-23T11:56:02.714+0000"
                },
                {
                    "self": "https://issues.apache.org/jira/rest/api/2/issue/13366395/comment/17307096",
                    "id": "17307096",
                    "author": {
                        "self": "https://issues.apache.org/jira/rest/api/2/user?username=jonkeane",
                        "name": "jonkeane",
                        "key": "jonkeane",
                        "avatarUrls": {
                            "48x48": "https://issues.apache.org/jira/secure/useravatar?avatarId=34057",
                            "24x24": "https://issues.apache.org/jira/secure/useravatar?size=small&avatarId=34057",
                            "16x16": "https://issues.apache.org/jira/secure/useravatar?size=xsmall&avatarId=34057",
                            "32x32": "https://issues.apache.org/jira/secure/useravatar?size=medium&avatarId=34057"
                        },
                        "displayName": "Jonathan Keane",
                        "active": true,
                        "timeZone": "Etc/UTC"
                    },
                    "body": "Thanks for posting those steps! It is strange that it suddenly worked, but glad it's working none the less. We've tried to make installing as easy as possible (e.g. binaries for every platform except centos7 have this built in already), but this one of the few corners where we have something a bit more complicated.\r\n\r\nAs for the proxy issue, yeah that would be better in a separate issue, though it looks like we have one already (ARROW-8900) and it is not yet implemented (it looks like the aws sdk doesn't use those variables so we'll need to do something else in order to pass them like that). ",
                    "updateAuthor": {
                        "self": "https://issues.apache.org/jira/rest/api/2/user?username=jonkeane",
                        "name": "jonkeane",
                        "key": "jonkeane",
                        "avatarUrls": {
                            "48x48": "https://issues.apache.org/jira/secure/useravatar?avatarId=34057",
                            "24x24": "https://issues.apache.org/jira/secure/useravatar?size=small&avatarId=34057",
                            "16x16": "https://issues.apache.org/jira/secure/useravatar?size=xsmall&avatarId=34057",
                            "32x32": "https://issues.apache.org/jira/secure/useravatar?size=medium&avatarId=34057"
                        },
                        "displayName": "Jonathan Keane",
                        "active": true,
                        "timeZone": "Etc/UTC"
                    },
                    "created": "2021-03-23T14:02:11.315+0000",
                    "updated": "2021-03-23T14:02:11.315+0000"
                },
                {
                    "self": "https://issues.apache.org/jira/rest/api/2/issue/13366395/comment/17307183",
                    "id": "17307183",
                    "author": {
                        "self": "https://issues.apache.org/jira/rest/api/2/user?username=npr",
                        "name": "npr",
                        "key": "npr",
                        "avatarUrls": {
                            "48x48": "https://issues.apache.org/jira/secure/useravatar?avatarId=34045",
                            "24x24": "https://issues.apache.org/jira/secure/useravatar?size=small&avatarId=34045",
                            "16x16": "https://issues.apache.org/jira/secure/useravatar?size=xsmall&avatarId=34045",
                            "32x32": "https://issues.apache.org/jira/secure/useravatar?size=medium&avatarId=34045"
                        },
                        "displayName": "Neal Richardson",
                        "active": true,
                        "timeZone": "America/Los_Angeles"
                    },
                    "body": "Can you use the {{endpoint_override}} instead of HTTP_PROXY? https://arrow.apache.org/docs/r/articles/fs.html#file-systems-that-emulate-s3",
                    "updateAuthor": {
                        "self": "https://issues.apache.org/jira/rest/api/2/user?username=npr",
                        "name": "npr",
                        "key": "npr",
                        "avatarUrls": {
                            "48x48": "https://issues.apache.org/jira/secure/useravatar?avatarId=34045",
                            "24x24": "https://issues.apache.org/jira/secure/useravatar?size=small&avatarId=34045",
                            "16x16": "https://issues.apache.org/jira/secure/useravatar?size=xsmall&avatarId=34045",
                            "32x32": "https://issues.apache.org/jira/secure/useravatar?size=medium&avatarId=34045"
                        },
                        "displayName": "Neal Richardson",
                        "active": true,
                        "timeZone": "America/Los_Angeles"
                    },
                    "created": "2021-03-23T15:57:51.096+0000",
                    "updated": "2021-03-23T15:57:51.096+0000"
                },
                {
                    "self": "https://issues.apache.org/jira/rest/api/2/issue/13366395/comment/17307288",
                    "id": "17307288",
                    "author": {
                        "self": "https://issues.apache.org/jira/rest/api/2/user?username=karthik_j",
                        "name": "karthik_j",
                        "key": "karthik_j",
                        "avatarUrls": {
                            "48x48": "https://issues.apache.org/jira/secure/useravatar?avatarId=10452",
                            "24x24": "https://issues.apache.org/jira/secure/useravatar?size=small&avatarId=10452",
                            "16x16": "https://issues.apache.org/jira/secure/useravatar?size=xsmall&avatarId=10452",
                            "32x32": "https://issues.apache.org/jira/secure/useravatar?size=medium&avatarId=10452"
                        },
                        "displayName": "Karthikeyan Janakiraman",
                        "active": true,
                        "timeZone": "Etc/UTC"
                    },
                    "body": "Hey [~npr], Thanks for the suggestion. Not sure if I got it right on the syntax, it will be great if you could verify it. I tried it in two different ways and seeing the respective errors below.\u00a0\r\n{code:java}\r\n> df <- read_parquet(\"s3://my_bucket/test-parquet/refinement.parquet?scheme=http&endpoint_override=my_proxy.com%3A9099\")\r\nError: IOError: Path does not exist 'my_bucket/test-parquet/refinement.parquet'\r\n> df <- read_parquet(\"s3://my_bucket/test-parquet/refinement.parquet?region=eu-west-1?scheme=http&endpoint_override=my_proxy.com%3A9099\")\r\nError: IOError: When reading information for key 'test-parquet/refinement.parquet' in bucket 'my_bucket': AWS Error [code 99]: Unable to connect to endpoint with address : 172.22.65.50\r\n> \r\n\r\n{code}\r\nAll I need is the connection to reach out to AWS from my local via the proxy that I specify.\u00a0\r\n\r\nNote - There is a path does not exist error for one of the above command, but I can confirm the path exist in the bucket.\u00a0",
                    "updateAuthor": {
                        "self": "https://issues.apache.org/jira/rest/api/2/user?username=karthik_j",
                        "name": "karthik_j",
                        "key": "karthik_j",
                        "avatarUrls": {
                            "48x48": "https://issues.apache.org/jira/secure/useravatar?avatarId=10452",
                            "24x24": "https://issues.apache.org/jira/secure/useravatar?size=small&avatarId=10452",
                            "16x16": "https://issues.apache.org/jira/secure/useravatar?size=xsmall&avatarId=10452",
                            "32x32": "https://issues.apache.org/jira/secure/useravatar?size=medium&avatarId=10452"
                        },
                        "displayName": "Karthikeyan Janakiraman",
                        "active": true,
                        "timeZone": "Etc/UTC"
                    },
                    "created": "2021-03-23T18:03:25.875+0000",
                    "updated": "2021-03-23T18:03:44.246+0000"
                },
                {
                    "self": "https://issues.apache.org/jira/rest/api/2/issue/13366395/comment/17308194",
                    "id": "17308194",
                    "author": {
                        "self": "https://issues.apache.org/jira/rest/api/2/user?username=karthik_j",
                        "name": "karthik_j",
                        "key": "karthik_j",
                        "avatarUrls": {
                            "48x48": "https://issues.apache.org/jira/secure/useravatar?avatarId=10452",
                            "24x24": "https://issues.apache.org/jira/secure/useravatar?size=small&avatarId=10452",
                            "16x16": "https://issues.apache.org/jira/secure/useravatar?size=xsmall&avatarId=10452",
                            "32x32": "https://issues.apache.org/jira/secure/useravatar?size=medium&avatarId=10452"
                        },
                        "displayName": "Karthikeyan Janakiraman",
                        "active": true,
                        "timeZone": "Etc/UTC"
                    },
                    "body": "Appreciate any update here please.",
                    "updateAuthor": {
                        "self": "https://issues.apache.org/jira/rest/api/2/user?username=karthik_j",
                        "name": "karthik_j",
                        "key": "karthik_j",
                        "avatarUrls": {
                            "48x48": "https://issues.apache.org/jira/secure/useravatar?avatarId=10452",
                            "24x24": "https://issues.apache.org/jira/secure/useravatar?size=small&avatarId=10452",
                            "16x16": "https://issues.apache.org/jira/secure/useravatar?size=xsmall&avatarId=10452",
                            "32x32": "https://issues.apache.org/jira/secure/useravatar?size=medium&avatarId=10452"
                        },
                        "displayName": "Karthikeyan Janakiraman",
                        "active": true,
                        "timeZone": "Etc/UTC"
                    },
                    "created": "2021-03-24T21:42:06.797+0000",
                    "updated": "2021-03-24T21:42:06.797+0000"
                },
                {
                    "self": "https://issues.apache.org/jira/rest/api/2/issue/13366395/comment/17308199",
                    "id": "17308199",
                    "author": {
                        "self": "https://issues.apache.org/jira/rest/api/2/user?username=npr",
                        "name": "npr",
                        "key": "npr",
                        "avatarUrls": {
                            "48x48": "https://issues.apache.org/jira/secure/useravatar?avatarId=34045",
                            "24x24": "https://issues.apache.org/jira/secure/useravatar?size=small&avatarId=34045",
                            "16x16": "https://issues.apache.org/jira/secure/useravatar?size=xsmall&avatarId=34045",
                            "32x32": "https://issues.apache.org/jira/secure/useravatar?size=medium&avatarId=34045"
                        },
                        "displayName": "Neal Richardson",
                        "active": true,
                        "timeZone": "America/Los_Angeles"
                    },
                    "body": "I think that looks right, though your proxy URL is different from your previous example (maybe that's redacted though). \r\n\r\nIf endpoint_override doesn't work around the proxy issue, then I'm not sure there's anything else we can do to help beyond wait for ARROW-8900 to get resolved.",
                    "updateAuthor": {
                        "self": "https://issues.apache.org/jira/rest/api/2/user?username=npr",
                        "name": "npr",
                        "key": "npr",
                        "avatarUrls": {
                            "48x48": "https://issues.apache.org/jira/secure/useravatar?avatarId=34045",
                            "24x24": "https://issues.apache.org/jira/secure/useravatar?size=small&avatarId=34045",
                            "16x16": "https://issues.apache.org/jira/secure/useravatar?size=xsmall&avatarId=34045",
                            "32x32": "https://issues.apache.org/jira/secure/useravatar?size=medium&avatarId=34045"
                        },
                        "displayName": "Neal Richardson",
                        "active": true,
                        "timeZone": "America/Los_Angeles"
                    },
                    "created": "2021-03-24T21:58:42.567+0000",
                    "updated": "2021-03-24T21:58:42.567+0000"
                },
                {
                    "self": "https://issues.apache.org/jira/rest/api/2/issue/13366395/comment/17311151",
                    "id": "17311151",
                    "author": {
                        "self": "https://issues.apache.org/jira/rest/api/2/user?username=karthik_j",
                        "name": "karthik_j",
                        "key": "karthik_j",
                        "avatarUrls": {
                            "48x48": "https://issues.apache.org/jira/secure/useravatar?avatarId=10452",
                            "24x24": "https://issues.apache.org/jira/secure/useravatar?size=small&avatarId=10452",
                            "16x16": "https://issues.apache.org/jira/secure/useravatar?size=xsmall&avatarId=10452",
                            "32x32": "https://issues.apache.org/jira/secure/useravatar?size=medium&avatarId=10452"
                        },
                        "displayName": "Karthikeyan Janakiraman",
                        "active": true,
                        "timeZone": "Etc/UTC"
                    },
                    "body": "How to avoid arrow reaching out to internet please ? I have downloaded the 3rd party dependencies locally and set the env's that were mentioned above on my comments. But at the very beginning of the installation it tries to reach out to internet and hangs there for a while. Is there another env variable that I can set to avoid this behaviour ?\u00a0\r\n\r\n\r\n{code:java}\r\n[root@7a5d8565791f app]# R CMD INSTALL arrow_3.0.0.tar.gz \r\n* installing to library \u2018/usr/lib64/R/library\u2019\r\n* installing *source* package \u2018arrow\u2019 ...\r\n** package \u2018arrow\u2019 successfully unpacked and MD5 sums checked\r\n** using staged installation\r\ntrying URL 'https://dl.bintray.com/ursalabs/arrow-r/libarrow/src/arrow-3.0.0.zip'\r\nError in download.file(from_url, to_file, quiet = quietly) : \r\n  cannot open URL 'https://dl.bintray.com/ursalabs/arrow-r/libarrow/src/arrow-3.0.0.zip'\r\ntrying URL 'https://www.apache.org/dyn/closer.lua?action=download&filename=arrow/arrow-3.0.0/apache-arrow-3.0.0.tar.gz'\r\nError in download.file(from_url, to_file, quiet = quietly) : \r\n  cannot open URL 'https://www.apache.org/dyn/closer.lua?action=download&filename=arrow/arrow-3.0.0/apache-arrow-3.0.0.tar.gz'\r\ntrying URL 'https://www.apache.org/dyn/closer.lua?action=download&filename=arrow/arrow-3.0.0/apache-arrow-3.0.0.tar.gz'\r\nError in download.file(from_url, to_file, quiet = quietly) : \r\n  cannot open URL 'https://www.apache.org/dyn/closer.lua?action=download&filename=arrow/arrow-3.0.0/apache-arrow-3.0.0.tar.gz'\r\ntrying URL 'https://www.apache.org/dyn/closer.lua?action=download&filename=arrow/arrow-3.0.0/apache-arrow-3.0.0.tar.gz'\r\nError in download.file(from_url, to_file, quiet = quietly) : \r\n  cannot open URL 'https://www.apache.org/dyn/closer.lua?action=download&filename=arrow/arrow-3.0.0/apache-arrow-3.0.0.tar.gz'\r\ntrying URL 'https://downloads.apache.org/arrow/arrow-3.0.0/apache-arrow-3.0.0.tar.gz'\r\nError in download.file(from_url, to_file, quiet = quietly) : \r\n  cannot open URL 'https://downloads.apache.org/arrow/arrow-3.0.0/apache-arrow-3.0.0.tar.gz'\r\n*** Proceeding without C++ dependencies\r\n\r\n{code}\r\n\u00a0\r\n\r\n\u00a0",
                    "updateAuthor": {
                        "self": "https://issues.apache.org/jira/rest/api/2/user?username=karthik_j",
                        "name": "karthik_j",
                        "key": "karthik_j",
                        "avatarUrls": {
                            "48x48": "https://issues.apache.org/jira/secure/useravatar?avatarId=10452",
                            "24x24": "https://issues.apache.org/jira/secure/useravatar?size=small&avatarId=10452",
                            "16x16": "https://issues.apache.org/jira/secure/useravatar?size=xsmall&avatarId=10452",
                            "32x32": "https://issues.apache.org/jira/secure/useravatar?size=medium&avatarId=10452"
                        },
                        "displayName": "Karthikeyan Janakiraman",
                        "active": true,
                        "timeZone": "Etc/UTC"
                    },
                    "created": "2021-03-30T05:42:50.712+0000",
                    "updated": "2021-03-30T05:42:50.712+0000"
                },
                {
                    "self": "https://issues.apache.org/jira/rest/api/2/issue/13366395/comment/17314432",
                    "id": "17314432",
                    "author": {
                        "self": "https://issues.apache.org/jira/rest/api/2/user?username=karthik_j",
                        "name": "karthik_j",
                        "key": "karthik_j",
                        "avatarUrls": {
                            "48x48": "https://issues.apache.org/jira/secure/useravatar?avatarId=10452",
                            "24x24": "https://issues.apache.org/jira/secure/useravatar?size=small&avatarId=10452",
                            "16x16": "https://issues.apache.org/jira/secure/useravatar?size=xsmall&avatarId=10452",
                            "32x32": "https://issues.apache.org/jira/secure/useravatar?size=medium&avatarId=10452"
                        },
                        "displayName": "Karthikeyan Janakiraman",
                        "active": true,
                        "timeZone": "Etc/UTC"
                    },
                    "body": "[~npr]/[~jonkeane]\u00a0Could you advise on the above error please, we are all set with respect to the third party deps. We can locally download and install them. It will be great if we can avoid above package being downloaded from the Internet.",
                    "updateAuthor": {
                        "self": "https://issues.apache.org/jira/rest/api/2/user?username=karthik_j",
                        "name": "karthik_j",
                        "key": "karthik_j",
                        "avatarUrls": {
                            "48x48": "https://issues.apache.org/jira/secure/useravatar?avatarId=10452",
                            "24x24": "https://issues.apache.org/jira/secure/useravatar?size=small&avatarId=10452",
                            "16x16": "https://issues.apache.org/jira/secure/useravatar?size=xsmall&avatarId=10452",
                            "32x32": "https://issues.apache.org/jira/secure/useravatar?size=medium&avatarId=10452"
                        },
                        "displayName": "Karthikeyan Janakiraman",
                        "active": true,
                        "timeZone": "Etc/UTC"
                    },
                    "created": "2021-04-04T07:43:50.581+0000",
                    "updated": "2021-04-04T07:43:50.581+0000"
                },
                {
                    "self": "https://issues.apache.org/jira/rest/api/2/issue/13366395/comment/17314841",
                    "id": "17314841",
                    "author": {
                        "self": "https://issues.apache.org/jira/rest/api/2/user?username=jonkeane",
                        "name": "jonkeane",
                        "key": "jonkeane",
                        "avatarUrls": {
                            "48x48": "https://issues.apache.org/jira/secure/useravatar?avatarId=34057",
                            "24x24": "https://issues.apache.org/jira/secure/useravatar?size=small&avatarId=34057",
                            "16x16": "https://issues.apache.org/jira/secure/useravatar?size=xsmall&avatarId=34057",
                            "32x32": "https://issues.apache.org/jira/secure/useravatar?size=medium&avatarId=34057"
                        },
                        "displayName": "Jonathan Keane",
                        "active": true,
                        "timeZone": "Etc/UTC"
                    },
                    "body": "Have you already tried to set the environment variable {{LIBARROW_DOWNLOAD}} to false? ",
                    "updateAuthor": {
                        "self": "https://issues.apache.org/jira/rest/api/2/user?username=jonkeane",
                        "name": "jonkeane",
                        "key": "jonkeane",
                        "avatarUrls": {
                            "48x48": "https://issues.apache.org/jira/secure/useravatar?avatarId=34057",
                            "24x24": "https://issues.apache.org/jira/secure/useravatar?size=small&avatarId=34057",
                            "16x16": "https://issues.apache.org/jira/secure/useravatar?size=xsmall&avatarId=34057",
                            "32x32": "https://issues.apache.org/jira/secure/useravatar?size=medium&avatarId=34057"
                        },
                        "displayName": "Jonathan Keane",
                        "active": true,
                        "timeZone": "Etc/UTC"
                    },
                    "created": "2021-04-05T13:08:34.776+0000",
                    "updated": "2021-04-05T13:08:34.776+0000"
                },
                {
                    "self": "https://issues.apache.org/jira/rest/api/2/issue/13366395/comment/17315326",
                    "id": "17315326",
                    "author": {
                        "self": "https://issues.apache.org/jira/rest/api/2/user?username=karthik_j",
                        "name": "karthik_j",
                        "key": "karthik_j",
                        "avatarUrls": {
                            "48x48": "https://issues.apache.org/jira/secure/useravatar?avatarId=10452",
                            "24x24": "https://issues.apache.org/jira/secure/useravatar?size=small&avatarId=10452",
                            "16x16": "https://issues.apache.org/jira/secure/useravatar?size=xsmall&avatarId=10452",
                            "32x32": "https://issues.apache.org/jira/secure/useravatar?size=medium&avatarId=10452"
                        },
                        "displayName": "Karthikeyan Janakiraman",
                        "active": true,
                        "timeZone": "Etc/UTC"
                    },
                    "body": "Hey [~jonkeane]\u00a0Thanks for getting back, I tried that env just now and seeing warning \"Proceeding without C++ dependencies\"\r\n\r\n\u00a0\r\n{code:java}\r\nWarning in file.create(f.tg) :\r\n  cannot create file '/usr/share/doc/R-3.6.0/html/packages.html', reason 'No such file or directory'\r\nWarning in utils::make.packages.html(.Library, docdir = R.home(\"doc\")) :\r\n  cannot update HTML package index\r\n* installing to library \u2018/usr/lib64/R/library\u2019\r\n* installing *source* package \u2018arrow\u2019 ...\r\n** package \u2018arrow\u2019 successfully unpacked and MD5 sums checked\r\n** using staged installation\r\n*** Proceeding without C++ dependencies\r\nPKG_CFLAGS=-I/tmp/Rtmp1gBawc/R.INSTALL2d4f3fe6e7/arrow/libarrow/arrow-3.0.0/include  -DARROW_R_WITH_ARROW\r\nPKG_LIBS=-larrow_dataset -lparquet -larrow\r\n** libs\r\n\r\n{code}\r\nBelow are the env's I have set, is there another one I am missing which should route it to check local for the dependencies ?\u00a0\r\n\r\n\u00a0\r\n{code:java}\r\nARROW_AWS_C_COMMON_URL=/tmp/dependencies/aws-c-common-0.4.59.tar.gz \\\r\nARROW_AWSSDK_URL=/tmp/dependencies/aws-sdk-cpp-1.7.160.tar.gz \\\r\nARROW_AWS_CHECKSUMS_URL=/tmp/dependencies/aws-checksums-0.1.5.tar.gz \\\r\nARROW_AWS_C_EVENT_STREAM_URL=/tmp/dependencies/aws-c-event-stream-0.1.5.tar.gz \\\r\nARROW_THRIFT_URL=/tmp/dependencies/thrift-0.12.0.tar.gz \\\r\nARROW_RAPIDJSON_URL=/tmp/dependencies/rapidjson-2bbd33b33217ff4a73434ebf10cdac41e2ef5e34.tar.gz \\\r\nARROW_BOOST_URL=/tmp/dependencies/boost_1_75_0.tar.gz \\\r\nARROW_RE2_URL=/tmp/dependencies/re2-2019-08-01.tar.gz \\\r\nARROW_JEMALLOC_URL=/tmp/dependencies/jemalloc-5.2.1.tar.bz2 \\\r\nARROW_MIMALLOC_URL=/tmp/dependencies/mimalloc-1.6.4.tar.gz \\\r\nARROW_SNAPPY_URL=/tmp/dependencies/snappy-1.1.7.tar.gz \\\r\nARROW_ZSTD_URL=/tmp/dependencies/zstd-v1.4.3.tar.gz \\\r\nARROW_BROTLI_URL=/tmp/dependencies/brotli-v1.0.7.tar.gz \\\r\nARROW_LZ4_URL=/tmp/dependencies/lz4-v1.9.2.tar.gz \\\r\nARROW_ZLIB_URL=/tmp/dependencies/zlib-1.2.11.tar.gz \\\r\nARROW_BZ2_URL=/tmp/dependencies/bzip2-1.0.8.tar.gz \\\r\nLIBARROW_MINIMAL=false \\\r\nLIBARROW_DOWNLOAD=false \\\r\nARROW_WITH_BZ2=ON \\\r\nARROW_WITH_LZ4=ON \\\r\nARROW_WITH_SNAPPY=ON \\\r\nARROW_WITH_ZLIB=ON \\\r\nARROW_WITH_ZSTD=ON \\\r\nARROW_WITH_BROTLI=ON \\\r\nARROW_DEPENDENCY_SOURCE=SYSTEM \\\r\nARROW_VERBOSE_THIRDPARTY_BUILD=ON \\\r\nARROW_USE_PKG_CONFIG=FALSE \\\r\nARROW_R_DEV=TRUE\r\n{code}",
                    "updateAuthor": {
                        "self": "https://issues.apache.org/jira/rest/api/2/user?username=karthik_j",
                        "name": "karthik_j",
                        "key": "karthik_j",
                        "avatarUrls": {
                            "48x48": "https://issues.apache.org/jira/secure/useravatar?avatarId=10452",
                            "24x24": "https://issues.apache.org/jira/secure/useravatar?size=small&avatarId=10452",
                            "16x16": "https://issues.apache.org/jira/secure/useravatar?size=xsmall&avatarId=10452",
                            "32x32": "https://issues.apache.org/jira/secure/useravatar?size=medium&avatarId=10452"
                        },
                        "displayName": "Karthikeyan Janakiraman",
                        "active": true,
                        "timeZone": "Etc/UTC"
                    },
                    "created": "2021-04-06T07:56:47.242+0000",
                    "updated": "2021-04-06T07:56:47.242+0000"
                },
                {
                    "self": "https://issues.apache.org/jira/rest/api/2/issue/13366395/comment/17315600",
                    "id": "17315600",
                    "author": {
                        "self": "https://issues.apache.org/jira/rest/api/2/user?username=jonkeane",
                        "name": "jonkeane",
                        "key": "jonkeane",
                        "avatarUrls": {
                            "48x48": "https://issues.apache.org/jira/secure/useravatar?avatarId=34057",
                            "24x24": "https://issues.apache.org/jira/secure/useravatar?size=small&avatarId=34057",
                            "16x16": "https://issues.apache.org/jira/secure/useravatar?size=xsmall&avatarId=34057",
                            "32x32": "https://issues.apache.org/jira/secure/useravatar?size=medium&avatarId=34057"
                        },
                        "displayName": "Jonathan Keane",
                        "active": true,
                        "timeZone": "Etc/UTC"
                    },
                    "body": "It looks like the source isn't where the installation is expecting it so it's not being found when you disable the downloading.\r\n\r\nThe {{find_local_source()} function is called even if the download is disabled|https://github.com/apache/arrow/blob/81f652102737ea89c30de0cec1e94414b8740666/r/tools/nixlibs.R#L495]. That function will look in the directory given in the {{ARROW_HOME}} environment variable (which defaults to one directory above the r package to match the layout of our repository). Try making sure you have the cpp source available and setting that environment variable now that you have disabled downloading see: https://github.com/apache/arrow/blob/master/r/tools/nixlibs.R#L264-L272",
                    "updateAuthor": {
                        "self": "https://issues.apache.org/jira/rest/api/2/user?username=jonkeane",
                        "name": "jonkeane",
                        "key": "jonkeane",
                        "avatarUrls": {
                            "48x48": "https://issues.apache.org/jira/secure/useravatar?avatarId=34057",
                            "24x24": "https://issues.apache.org/jira/secure/useravatar?size=small&avatarId=34057",
                            "16x16": "https://issues.apache.org/jira/secure/useravatar?size=xsmall&avatarId=34057",
                            "32x32": "https://issues.apache.org/jira/secure/useravatar?size=medium&avatarId=34057"
                        },
                        "displayName": "Jonathan Keane",
                        "active": true,
                        "timeZone": "Etc/UTC"
                    },
                    "created": "2021-04-06T14:14:52.682+0000",
                    "updated": "2021-04-06T14:17:49.611+0000"
                },
                {
                    "self": "https://issues.apache.org/jira/rest/api/2/issue/13366395/comment/17625264",
                    "id": "17625264",
                    "author": {
                        "self": "https://issues.apache.org/jira/rest/api/2/user?username=thisisnic",
                        "name": "thisisnic",
                        "key": "thisisnic",
                        "avatarUrls": {
                            "48x48": "https://issues.apache.org/jira/secure/useravatar?avatarId=39937",
                            "24x24": "https://issues.apache.org/jira/secure/useravatar?size=small&avatarId=39937",
                            "16x16": "https://issues.apache.org/jira/secure/useravatar?size=xsmall&avatarId=39937",
                            "32x32": "https://issues.apache.org/jira/secure/useravatar?size=medium&avatarId=39937"
                        },
                        "displayName": "Nicola Crane",
                        "active": true,
                        "timeZone": "Africa/Casablanca"
                    },
                    "body": "I'm going to close this ticket as there hasn't been any discussion in a long time, but feel free to open a new one if needed.",
                    "updateAuthor": {
                        "self": "https://issues.apache.org/jira/rest/api/2/user?username=thisisnic",
                        "name": "thisisnic",
                        "key": "thisisnic",
                        "avatarUrls": {
                            "48x48": "https://issues.apache.org/jira/secure/useravatar?avatarId=39937",
                            "24x24": "https://issues.apache.org/jira/secure/useravatar?size=small&avatarId=39937",
                            "16x16": "https://issues.apache.org/jira/secure/useravatar?size=xsmall&avatarId=39937",
                            "32x32": "https://issues.apache.org/jira/secure/useravatar?size=medium&avatarId=39937"
                        },
                        "displayName": "Nicola Crane",
                        "active": true,
                        "timeZone": "Africa/Casablanca"
                    },
                    "created": "2022-10-27T19:14:16.932+0000",
                    "updated": "2022-10-27T19:14:16.932+0000"
                }
            ],
            "maxResults": 25,
            "total": 25,
            "startAt": 0
        },
        "customfield_12311820": "0|z0ozl4:",
        "customfield_12314139": null
    }
}