{
    "expand": "operations,versionedRepresentations,editmeta,changelog,renderedFields",
    "id": "13369027",
    "self": "https://issues.apache.org/jira/rest/api/2/issue/13369027",
    "key": "ARROW-12174",
    "fields": {
        "fixVersions": [],
        "resolution": {
            "self": "https://issues.apache.org/jira/rest/api/2/resolution/8",
            "id": "8",
            "description": "The described issue is not actually a problem - it is as designed.",
            "name": "Not A Problem"
        },
        "customfield_12312322": null,
        "customfield_12312323": null,
        "customfield_12312320": null,
        "customfield_12310420": "9223372036854775807",
        "customfield_12312321": null,
        "customfield_12312328": null,
        "customfield_12312329": null,
        "customfield_12312326": null,
        "customfield_12310300": null,
        "customfield_12312327": null,
        "customfield_12312324": null,
        "customfield_12312720": null,
        "customfield_12312325": null,
        "lastViewed": null,
        "priority": {
            "self": "https://issues.apache.org/jira/rest/api/2/priority/3",
            "iconUrl": "https://issues.apache.org/jira/images/icons/priorities/major.svg",
            "name": "Major",
            "id": "3"
        },
        "labels": [],
        "customfield_12312333": null,
        "customfield_12312334": null,
        "customfield_12313422": "false",
        "customfield_12310310": "0.0",
        "customfield_12312331": null,
        "customfield_12312332": null,
        "aggregatetimeoriginalestimate": null,
        "timeestimate": null,
        "customfield_12312330": null,
        "versions": [],
        "customfield_12311120": null,
        "customfield_12313826": null,
        "customfield_12312339": null,
        "issuelinks": [],
        "customfield_12313825": null,
        "assignee": null,
        "customfield_12312337": null,
        "customfield_12313823": null,
        "customfield_12312338": null,
        "customfield_12311920": null,
        "customfield_12313822": null,
        "customfield_12312335": null,
        "customfield_12313821": null,
        "customfield_12312336": null,
        "customfield_12313820": null,
        "status": {
            "self": "https://issues.apache.org/jira/rest/api/2/status/6",
            "description": "The issue is considered finished, the resolution is correct. Issues which are not closed can be reopened.",
            "iconUrl": "https://issues.apache.org/jira/images/icons/statuses/closed.png",
            "name": "Closed",
            "id": "6",
            "statusCategory": {
                "self": "https://issues.apache.org/jira/rest/api/2/statuscategory/3",
                "id": 3,
                "key": "done",
                "colorName": "green",
                "name": "Done"
            }
        },
        "components": [],
        "customfield_12312026": null,
        "customfield_12312023": null,
        "customfield_12312024": null,
        "aggregatetimeestimate": null,
        "customfield_12312022": null,
        "customfield_12310921": null,
        "customfield_12310920": "9223372036854775807",
        "customfield_12312823": null,
        "creator": {
            "self": "https://issues.apache.org/jira/rest/api/2/user?username=rrokde",
            "name": "rrokde",
            "key": "rrokde",
            "avatarUrls": {
                "48x48": "https://issues.apache.org/jira/secure/useravatar?avatarId=10452",
                "24x24": "https://issues.apache.org/jira/secure/useravatar?size=small&avatarId=10452",
                "16x16": "https://issues.apache.org/jira/secure/useravatar?size=xsmall&avatarId=10452",
                "32x32": "https://issues.apache.org/jira/secure/useravatar?size=medium&avatarId=10452"
            },
            "displayName": "Rohit Rokde",
            "active": true,
            "timeZone": "Etc/UTC"
        },
        "subtasks": [],
        "reporter": {
            "self": "https://issues.apache.org/jira/rest/api/2/user?username=rrokde",
            "name": "rrokde",
            "key": "rrokde",
            "avatarUrls": {
                "48x48": "https://issues.apache.org/jira/secure/useravatar?avatarId=10452",
                "24x24": "https://issues.apache.org/jira/secure/useravatar?size=small&avatarId=10452",
                "16x16": "https://issues.apache.org/jira/secure/useravatar?size=xsmall&avatarId=10452",
                "32x32": "https://issues.apache.org/jira/secure/useravatar?size=medium&avatarId=10452"
            },
            "displayName": "Rohit Rokde",
            "active": true,
            "timeZone": "Etc/UTC"
        },
        "aggregateprogress": {
            "progress": 0,
            "total": 0
        },
        "customfield_12313520": null,
        "customfield_12310250": null,
        "progress": {
            "progress": 0,
            "total": 0
        },
        "customfield_12313924": null,
        "votes": {
            "self": "https://issues.apache.org/jira/rest/api/2/issue/ARROW-12174/votes",
            "votes": 0,
            "hasVoted": false
        },
        "worklog": {
            "startAt": 0,
            "maxResults": 20,
            "total": 0,
            "worklogs": []
        },
        "customfield_12313920": null,
        "issuetype": {
            "self": "https://issues.apache.org/jira/rest/api/2/issuetype/1",
            "id": "1",
            "description": "A problem which impairs or prevents the functions of the product.",
            "iconUrl": "https://issues.apache.org/jira/secure/viewavatar?size=xsmall&avatarId=21133&avatarType=issuetype",
            "name": "Bug",
            "subtask": false,
            "avatarId": 21133
        },
        "timespent": null,
        "customfield_12314020": "{summaryBean=com.atlassian.jira.plugin.devstatus.rest.SummaryBean@443fb55[summary={pullrequest=com.atlassian.jira.plugin.devstatus.rest.SummaryItemBean@229f4ecb[overall=PullRequestOverallBean{stateCount=0, state='OPEN', details=PullRequestOverallDetails{openCount=0, mergedCount=0, declinedCount=0}},byInstanceType={}], build=com.atlassian.jira.plugin.devstatus.rest.SummaryItemBean@5a7dd7fa[overall=com.atlassian.jira.plugin.devstatus.summary.beans.BuildOverallBean@24c3368[failedBuildCount=0,successfulBuildCount=0,unknownBuildCount=0,count=0,lastUpdated=<null>,lastUpdatedTimestamp=<null>],byInstanceType={}], review=com.atlassian.jira.plugin.devstatus.rest.SummaryItemBean@3bfc7c2c[overall=com.atlassian.jira.plugin.devstatus.summary.beans.ReviewsOverallBean@214b78d[stateCount=0,state=<null>,dueDate=<null>,overDue=false,count=0,lastUpdated=<null>,lastUpdatedTimestamp=<null>],byInstanceType={}], deployment-environment=com.atlassian.jira.plugin.devstatus.rest.SummaryItemBean@36e27232[overall=com.atlassian.jira.plugin.devstatus.summary.beans.DeploymentOverallBean@5556d0f5[topEnvironments=[],showProjects=false,successfulCount=0,count=0,lastUpdated=<null>,lastUpdatedTimestamp=<null>],byInstanceType={}], repository=com.atlassian.jira.plugin.devstatus.rest.SummaryItemBean@d93db6f[overall=com.atlassian.jira.plugin.devstatus.summary.beans.CommitOverallBean@2a9cbd8f[count=0,lastUpdated=<null>,lastUpdatedTimestamp=<null>],byInstanceType={}], branch=com.atlassian.jira.plugin.devstatus.rest.SummaryItemBean@fca290c[overall=com.atlassian.jira.plugin.devstatus.summary.beans.BranchOverallBean@6cf88178[count=0,lastUpdated=<null>,lastUpdatedTimestamp=<null>],byInstanceType={}]},errors=[],configErrors=[]], devSummaryJson={\"cachedValue\":{\"errors\":[],\"configErrors\":[],\"summary\":{\"pullrequest\":{\"overall\":{\"count\":0,\"lastUpdated\":null,\"stateCount\":0,\"state\":\"OPEN\",\"details\":{\"openCount\":0,\"mergedCount\":0,\"declinedCount\":0,\"total\":0},\"open\":true},\"byInstanceType\":{}},\"build\":{\"overall\":{\"count\":0,\"lastUpdated\":null,\"failedBuildCount\":0,\"successfulBuildCount\":0,\"unknownBuildCount\":0},\"byInstanceType\":{}},\"review\":{\"overall\":{\"count\":0,\"lastUpdated\":null,\"stateCount\":0,\"state\":null,\"dueDate\":null,\"overDue\":false,\"completed\":false},\"byInstanceType\":{}},\"deployment-environment\":{\"overall\":{\"count\":0,\"lastUpdated\":null,\"topEnvironments\":[],\"showProjects\":false,\"successfulCount\":0},\"byInstanceType\":{}},\"repository\":{\"overall\":{\"count\":0,\"lastUpdated\":null},\"byInstanceType\":{}},\"branch\":{\"overall\":{\"count\":0,\"lastUpdated\":null},\"byInstanceType\":{}}}},\"isStale\":false}}",
        "customfield_12314141": null,
        "customfield_12314140": null,
        "project": {
            "self": "https://issues.apache.org/jira/rest/api/2/project/12319525",
            "id": "12319525",
            "key": "ARROW",
            "name": "Apache Arrow",
            "projectTypeKey": "software",
            "avatarUrls": {
                "48x48": "https://issues.apache.org/jira/secure/projectavatar?pid=12319525&avatarId=10011",
                "24x24": "https://issues.apache.org/jira/secure/projectavatar?size=small&pid=12319525&avatarId=10011",
                "16x16": "https://issues.apache.org/jira/secure/projectavatar?size=xsmall&pid=12319525&avatarId=10011",
                "32x32": "https://issues.apache.org/jira/secure/projectavatar?size=medium&pid=12319525&avatarId=10011"
            },
            "projectCategory": {
                "self": "https://issues.apache.org/jira/rest/api/2/projectCategory/13960",
                "id": "13960",
                "description": "Apache Arrow",
                "name": "Arrow"
            }
        },
        "aggregatetimespent": null,
        "customfield_12312520": null,
        "customfield_12312521": "Thu Apr 01 23:56:20 UTC 2021",
        "customfield_12314422": null,
        "customfield_12314421": null,
        "customfield_12314146": null,
        "customfield_12314420": null,
        "customfield_12314145": null,
        "customfield_12314144": null,
        "customfield_12314143": null,
        "resolutiondate": "2021-04-01T23:57:35.000+0000",
        "workratio": -1,
        "customfield_12312923": null,
        "customfield_12312920": null,
        "customfield_12312921": null,
        "watches": {
            "self": "https://issues.apache.org/jira/rest/api/2/issue/ARROW-12174/watchers",
            "watchCount": 2,
            "isWatching": false
        },
        "created": "2021-04-01T06:30:04.000+0000",
        "updated": "2021-04-01T23:57:35.000+0000",
        "timeoriginalestimate": null,
        "description": "{code}\r\nError in io___MemoryMappedFile__Open(path, mode) : \r\n Cannot call io___MemoryMappedFile__Open(). See https://arrow.apache.org/docs/r/articles/install.html for help installing Arrow C++ libraries.\r\n\r\n\r\n> arrow::install_arrow(verbose = TRUE)\r\nInstalling package into \u2018/geode2/home/u070/rrokde/Carbonate/R/x86_64-pc-linux-gnu-library/3.6\u2019\r\n(as \u2018lib\u2019 is unspecified)\r\ntrying URL 'https://cran.rstudio.com/src/contrib/arrow_3.0.0.tar.gz'\r\nContent type 'application/x-gzip' length 344814 bytes (336 KB)\r\n==================================================\r\ndownloaded 336 KB\r\n\r\n* installing *source* package \u2018arrow\u2019 ...\r\n** package \u2018arrow\u2019 successfully unpacked and MD5 sums checked\r\n** using staged installation\r\ntrying URL 'https://dl.bintray.com/ursalabs/arrow-r/libarrow/bin/redhatenterpriseserver-7/arrow-3.0.0.zip'\r\nError in download.file(from_url, to_file, quiet = quietly) : \r\n cannot open URL 'https://dl.bintray.com/ursalabs/arrow-r/libarrow/bin/redhatenterpriseserver-7/arrow-3.0.0.zip'\r\n*** No C++ binaries found for redhatenterpriseserver-7\r\ntrying URL 'https://dl.bintray.com/ursalabs/arrow-r/libarrow/src/arrow-3.0.0.zip'\r\nError in download.file(from_url, to_file, quiet = quietly) : \r\n cannot open URL 'https://dl.bintray.com/ursalabs/arrow-r/libarrow/src/arrow-3.0.0.zip'\r\ntrying URL 'https://www.apache.org/dyn/closer.lua?action=download&filename=arrow/arrow-3.0.0/apache-arrow-3.0.0.tar.gz'\r\nContent type 'application/octet-stream' length 8200790 bytes (7.8 MB)\r\n==================================================\r\ndownloaded 7.8 MB\r\n\r\n*** Successfully retrieved C++ source\r\n*** Building C++ libraries\r\n*** Building with MAKEFLAGS= -j2 \r\n**** cmake\r\ntrying URL 'https://github.com/Kitware/CMake/releases/download/v3.19.2/cmake-3.19.2-Linux-x86_64.tar.gz'\r\nContent type 'application/octet-stream' length 42931014 bytes (40.9 MB)\r\n==================================================\r\ndownloaded 40.9 MB\r\n\r\n**** arrow with SOURCE_DIR=\"/tmp/RtmpcOhh4x/file86c77d985651/apache-arrow-3.0.0/cpp\" BUILD_DIR=\"/tmp/RtmpcOhh4x/file86c71a6ed76f\" DEST_DIR=\"libarrow/arrow-3.0.0\" CMAKE=\"/tmp/RtmpcOhh4x/file86c748ae88dc/cmake-3.19.2-Linux-x86_64/bin/cmake\" CC=\"icc\" CXX=\"icpc -std=gnu++11\" LDFLAGS=\"-L//N/soft/rhel7/zlib/gnu/1.2.11/lib -L/N/soft/rhel7/bzip2/1.0.6/lib -L/N/soft/rhel7/xz/5.2.4/lib -L/N/soft/rhel7/pcre/8.40/lib -L/N/soft/rhel7/cairo/1.15.4/lib -lcairo\" ARROW_S3=ON ARROW_MIMALLOC=ON \r\n++ pwd\r\n+ : /tmp/RtmpXrLXgg/R.INSTALL86b15f3183b3/arrow\r\n+ : /tmp/RtmpcOhh4x/file86c77d985651/apache-arrow-3.0.0/cpp\r\n+ : /tmp/RtmpcOhh4x/file86c71a6ed76f\r\n+ : libarrow/arrow-3.0.0\r\n+ : /tmp/RtmpcOhh4x/file86c748ae88dc/cmake-3.19.2-Linux-x86_64/bin/cmake\r\n++ cd /tmp/RtmpcOhh4x/file86c77d985651/apache-arrow-3.0.0/cpp\r\n++ pwd\r\n+ SOURCE_DIR=/tmp/RtmpcOhh4x/file86c77d985651/apache-arrow-3.0.0/cpp\r\n++ mkdir -p libarrow/arrow-3.0.0\r\n++ cd libarrow/arrow-3.0.0\r\n++ pwd\r\n+ DEST_DIR=/tmp/RtmpXrLXgg/R.INSTALL86b15f3183b3/arrow/libarrow/arrow-3.0.0\r\n+ '[' '' = '' ']'\r\n+ which ninja\r\n+ CMAKE_GENERATOR=Ninja\r\n+ '[' FALSE = false ']'\r\n+ ARROW_DEFAULT_PARAM=OFF\r\n+ mkdir -p /tmp/RtmpcOhh4x/file86c71a6ed76f\r\n+ pushd /tmp/RtmpcOhh4x/file86c71a6ed76f\r\n/tmp/RtmpcOhh4x/file86c71a6ed76f /tmp/RtmpXrLXgg/R.INSTALL86b15f3183b3/arrow\r\n+ /tmp/RtmpcOhh4x/file86c748ae88dc/cmake-3.19.2-Linux-x86_64/bin/cmake -DARROW_BOOST_USE_SHARED=OFF -DARROW_BUILD_TESTS=OFF -DARROW_BUILD_SHARED=OFF -DARROW_BUILD_STATIC=ON -DARROW_COMPUTE=ON -DARROW_CSV=ON -DARROW_DATASET=ON -DARROW_DEPENDENCY_SOURCE=BUNDLED -DARROW_FILESYSTEM=ON -DARROW_JEMALLOC=ON -DARROW_MIMALLOC=ON -DARROW_JSON=ON -DARROW_PARQUET=ON -DARROW_S3=ON -DARROW_WITH_BROTLI=OFF -DARROW_WITH_BZ2=OFF -DARROW_WITH_LZ4=OFF -DARROW_WITH_SNAPPY=OFF -DARROW_WITH_UTF8PROC=OFF -DARROW_WITH_ZLIB=OFF -DARROW_WITH_ZSTD=OFF -DCMAKE_BUILD_TYPE=Release -DCMAKE_INSTALL_LIBDIR=lib -DCMAKE_INSTALL_PREFIX=/tmp/RtmpXrLXgg/R.INSTALL86b15f3183b3/arrow/libarrow/arrow-3.0.0 -DCMAKE_EXPORT_NO_PACKAGE_REGISTRY=ON -DCMAKE_FIND_PACKAGE_NO_PACKAGE_REGISTRY=ON -DCMAKE_UNITY_BUILD=ON -G Ninja /tmp/RtmpcOhh4x/file86c77d985651/apache-arrow-3.0.0/cpp\r\n-- Building using CMake version: 3.19.2\r\n-- The C compiler identification is Intel 19.0.5.20190815\r\n-- The CXX compiler identification is Intel 19.0.5.20190815\r\n-- Detecting C compiler ABI info\r\n-- Detecting C compiler ABI info - done\r\n-- Check for working C compiler: /N/soft/rhel7/intel/19.5/compilers_and_libraries_2019.5.281/linux/bin/intel64/icc - skipped\r\n-- Detecting C compile features\r\n-- Detecting C compile features - done\r\n-- Detecting CXX compiler ABI info\r\n-- Detecting CXX compiler ABI info - done\r\n-- Check for working CXX compiler: /N/soft/rhel7/intel/19.5/compilers_and_libraries_2019.5.281/linux/bin/intel64/icpc - skipped\r\n-- Detecting CXX compile features\r\n-- Detecting CXX compile features - done\r\n-- Arrow version: 3.0.0 (full: '3.0.0')\r\n-- Arrow SO version: 300 (full: 300.0.0)\r\n-- clang-tidy not found\r\n-- clang-format not found\r\n-- Could NOT find ClangTools (missing: CLANG_FORMAT_BIN CLANG_TIDY_BIN) \r\n-- infer not found\r\n-- Found Python3: /N/soft/rhel7/python/3.8.2/bin/python3.8 (found version \"3.8.2\") found components: Interpreter \r\n-- Found cpplint executable at /tmp/RtmpcOhh4x/file86c77d985651/apache-arrow-3.0.0/cpp/build-support/cpplint.py\r\n-- System processor: x86_64\r\n-- Performing Test CXX_SUPPORTS_SSE4_2\r\n-- Performing Test CXX_SUPPORTS_SSE4_2 - Success\r\n-- Performing Test CXX_SUPPORTS_AVX2\r\n-- Performing Test CXX_SUPPORTS_AVX2 - Success\r\n-- Performing Test CXX_SUPPORTS_AVX512\r\n-- Performing Test CXX_SUPPORTS_AVX512 - Success\r\n-- Arrow build warning level: PRODUCTION\r\nUsing ld linker\r\nConfigured for RELEASE build (set with cmake -DCMAKE_BUILD_TYPE=\\{release,debug,...})\r\n-- Build Type: RELEASE\r\n-- Using BUNDLED approach to find dependencies\r\n-- ARROW_ABSL_BUILD_VERSION: 0f3bb466b868b523cf1dc9b2aaaed65c77b28862\r\n-- ARROW_AWSSDK_BUILD_VERSION: 1.8.90\r\n-- ARROW_AWS_CHECKSUMS_BUILD_VERSION: v0.1.5\r\n-- ARROW_AWS_C_COMMON_BUILD_VERSION: v0.4.59\r\n-- ARROW_AWS_C_EVENT_STREAM_BUILD_VERSION: v0.1.5\r\n-- ARROW_BOOST_BUILD_VERSION: 1.71.0\r\n-- ARROW_BROTLI_BUILD_VERSION: v1.0.7\r\n-- ARROW_BZIP2_BUILD_VERSION: 1.0.8\r\n-- ARROW_CARES_BUILD_VERSION: 1.16.1\r\n-- ARROW_GBENCHMARK_BUILD_VERSION: v1.5.2\r\n-- ARROW_GFLAGS_BUILD_VERSION: v2.2.2\r\n-- ARROW_GLOG_BUILD_VERSION: v0.4.0\r\n-- ARROW_GRPC_BUILD_VERSION: v1.33.2\r\n-- ARROW_GTEST_BUILD_VERSION: 1.10.0\r\n-- ARROW_JEMALLOC_BUILD_VERSION: 5.2.1\r\n-- ARROW_LZ4_BUILD_VERSION: v1.9.2\r\n-- ARROW_MIMALLOC_BUILD_VERSION: v1.6.4\r\n-- ARROW_ORC_BUILD_VERSION: 1.6.2\r\n-- ARROW_PROTOBUF_BUILD_VERSION: v3.13.0\r\n-- ARROW_RAPIDJSON_BUILD_VERSION: 1a803826f1197b5e30703afe4b9c0e7dd48074f5\r\n-- ARROW_RE2_BUILD_VERSION: 2019-08-01\r\n-- ARROW_SNAPPY_BUILD_VERSION: 1.1.8\r\n-- ARROW_THRIFT_BUILD_VERSION: 0.12.0\r\n-- ARROW_THRIFT_BUILD_MD5_CHECKSUM: 3deebbb4d1ca77dd9c9e009a1ea02183\r\n-- ARROW_UTF8PROC_BUILD_VERSION: v2.5.0\r\n-- ARROW_ZLIB_BUILD_VERSION: 1.2.11\r\n-- ARROW_ZSTD_BUILD_VERSION: v1.4.5\r\n-- Looking for pthread.h\r\n-- Looking for pthread.h - found\r\n-- Performing Test CMAKE_HAVE_LIBC_PTHREAD\r\n-- Performing Test CMAKE_HAVE_LIBC_PTHREAD - Failed\r\n-- Check if compiler accepts -pthread\r\n-- Check if compiler accepts -pthread - yes\r\n-- Found Threads: TRUE \r\n-- Looking for __SIZEOF_INT128__\r\n-- Looking for __SIZEOF_INT128__ - found\r\n-- Boost include dir: /tmp/RtmpcOhh4x/file86c71a6ed76f/boost_ep-prefix/src/boost_ep\r\n-- Boost libraries: boost_system_static;boost_filesystem_static\r\n-- Found OpenSSL: /usr/lib64/libcrypto.so (found suitable version \"1.0.2k\", minimum required is \"1.0.2\") \r\n-- Found OpenSSL Crypto Library: /usr/lib64/libcrypto.so\r\n-- Building with OpenSSL (Version: 1.0.2k) support\r\nBuilding Apache Thrift from source\r\n-- Building (vendored) jemalloc from source\r\n-- Building (vendored) mimalloc from source\r\n-- Building RapidJSON from source\r\n-- Building ZLIB from source\r\n-- Building RE2 from source\r\n-- Found hdfs.h at: /tmp/RtmpcOhh4x/file86c77d985651/apache-arrow-3.0.0/cpp/thirdparty/hadoop/include/hdfs.h\r\nBuilding AWS C++ SDK from source\r\n-- Found CURL: /usr/lib64/libcurl.so (found version \"7.29.0\") \r\n-- Found AWS SDK headers: /tmp/RtmpcOhh4x/file86c71a6ed76f/awssdk_ep-install/include\r\n-- Found AWS SDK libraries: aws-cpp-sdk-identity-management;aws-cpp-sdk-sts;aws-cpp-sdk-cognito-identity;aws-cpp-sdk-s3;aws-cpp-sdk-core;AWS::aws-c-event-stream;AWS::aws-checksums;AWS::aws-c-common\r\n-- All bundled static libraries: thrift::thrift;jemalloc::jemalloc;mimalloc::mimalloc;ZLIB::ZLIB;re2::re2;aws-cpp-sdk-identity-management;aws-cpp-sdk-sts;aws-cpp-sdk-cognito-identity;aws-cpp-sdk-s3;aws-cpp-sdk-core;AWS::aws-c-event-stream;AWS::aws-checksums;AWS::aws-c-common\r\n-- CMAKE_C_FLAGS: -I/N/soft/rhel7/uuid/1.0.3/include -O3 -DNDEBUG -Wall -msse4.2 \r\n-- CMAKE_CXX_FLAGS: -O3 -DNDEBUG -Wall -msse4.2 \r\n-- Looking for backtrace\r\n-- Looking for backtrace - found\r\n-- backtrace facility detected in default set of libraries\r\n-- Found Backtrace: /usr/include \r\n-- Creating bundled static library target arrow_bundled_dependencies at /tmp/RtmpcOhh4x/file86c71a6ed76f/release/libarrow_bundled_dependencies.a\r\n-- ---------------------------------------------------------------------\r\n-- Arrow version: 3.0.0\r\n-- \r\n-- Build configuration summary:\r\n-- Generator: Ninja\r\n-- Build type: RELEASE\r\n-- Source directory: /tmp/RtmpcOhh4x/file86c77d985651/apache-arrow-3.0.0/cpp\r\n-- Install prefix: /tmp/RtmpXrLXgg/R.INSTALL86b15f3183b3/arrow/libarrow/arrow-3.0.0\r\n-- \r\n-- Compile and link options:\r\n-- \r\n-- ARROW_CXXFLAGS=\"\" [default=\"\"]\r\n-- Compiler flags to append when compiling Arrow\r\n-- ARROW_BUILD_STATIC=ON [default=ON]\r\n-- Build static libraries\r\n-- ARROW_BUILD_SHARED=OFF [default=ON]\r\n-- Build shared libraries\r\n-- ARROW_PACKAGE_KIND=\"\" [default=\"\"]\r\n-- Arbitrary string that identifies the kind of package\r\n-- (for informational purposes)\r\n-- ARROW_GIT_ID=\"\" [default=\"\"]\r\n-- The Arrow git commit id (if any)\r\n-- ARROW_GIT_DESCRIPTION=\"\" [default=\"\"]\r\n-- The Arrow git commit description (if any)\r\n-- ARROW_NO_DEPRECATED_API=OFF [default=OFF]\r\n-- Exclude deprecated APIs from build\r\n-- ARROW_USE_CCACHE=ON [default=ON]\r\n-- Use ccache when compiling (if available)\r\n-- ARROW_USE_LD_GOLD=OFF [default=OFF]\r\n-- Use ld.gold for linking on Linux (if available)\r\n-- ARROW_USE_PRECOMPILED_HEADERS=OFF [default=OFF]\r\n-- Use precompiled headers when compiling\r\n-- ARROW_SIMD_LEVEL=SSE4_2 [default=NONE|SSE4_2|AVX2|AVX512]\r\n-- Compile-time SIMD optimization level\r\n-- ARROW_RUNTIME_SIMD_LEVEL=MAX [default=NONE|SSE4_2|AVX2|AVX512|MAX]\r\n-- Max runtime SIMD optimization level\r\n-- ARROW_ARMV8_ARCH=armv8-a [default=armv8-a|armv8-a+crc+crypto]\r\n-- Arm64 arch and extensions\r\n-- ARROW_ALTIVEC=ON [default=ON]\r\n-- Build with Altivec if compiler has support\r\n-- ARROW_RPATH_ORIGIN=OFF [default=OFF]\r\n-- Build Arrow libraries with RATH set to $ORIGIN\r\n-- ARROW_INSTALL_NAME_RPATH=ON [default=ON]\r\n-- Build Arrow libraries with install_name set to @rpath\r\n-- ARROW_GGDB_DEBUG=ON [default=ON]\r\n-- Pass -ggdb flag to debug builds\r\n-- \r\n-- Test and benchmark options:\r\n-- \r\n-- ARROW_BUILD_EXAMPLES=OFF [default=OFF]\r\n-- Build the Arrow examples\r\n-- ARROW_BUILD_TESTS=OFF [default=OFF]\r\n-- Build the Arrow googletest unit tests\r\n-- ARROW_ENABLE_TIMING_TESTS=ON [default=ON]\r\n-- Enable timing-sensitive tests\r\n-- ARROW_BUILD_INTEGRATION=OFF [default=OFF]\r\n-- Build the Arrow integration test executables\r\n-- ARROW_BUILD_BENCHMARKS=OFF [default=OFF]\r\n-- Build the Arrow micro benchmarks\r\n-- ARROW_BUILD_BENCHMARKS_REFERENCE=OFF [default=OFF]\r\n-- Build the Arrow micro reference benchmarks\r\n-- ARROW_TEST_LINKAGE=static [default=shared|static]\r\n-- Linkage of Arrow libraries with unit tests executables.\r\n-- ARROW_FUZZING=OFF [default=OFF]\r\n-- Build Arrow Fuzzing executables\r\n-- ARROW_LARGE_MEMORY_TESTS=OFF [default=OFF]\r\n-- Enable unit tests which use large memory\r\n-- \r\n-- Lint options:\r\n-- \r\n-- ARROW_ONLY_LINT=OFF [default=OFF]\r\n-- Only define the lint and check-format targets\r\n-- ARROW_VERBOSE_LINT=OFF [default=OFF]\r\n-- If off, 'quiet' flags will be passed to linting tools\r\n-- ARROW_GENERATE_COVERAGE=OFF [default=OFF]\r\n-- Build with C++ code coverage enabled\r\n-- \r\n-- Checks options:\r\n-- \r\n-- ARROW_TEST_MEMCHECK=OFF [default=OFF]\r\n-- Run the test suite using valgrind --tool=memcheck\r\n-- ARROW_USE_ASAN=OFF [default=OFF]\r\n-- Enable Address Sanitizer checks\r\n-- ARROW_USE_TSAN=OFF [default=OFF]\r\n-- Enable Thread Sanitizer checks\r\n-- ARROW_USE_UBSAN=OFF [default=OFF]\r\n-- Enable Undefined Behavior sanitizer checks\r\n-- \r\n-- Project component options:\r\n-- \r\n-- ARROW_BUILD_UTILITIES=OFF [default=OFF]\r\n-- Build Arrow commandline utilities\r\n-- ARROW_COMPUTE=ON [default=OFF]\r\n-- Build the Arrow Compute Modules\r\n-- ARROW_CSV=ON [default=OFF]\r\n-- Build the Arrow CSV Parser Module\r\n-- ARROW_CUDA=OFF [default=OFF]\r\n-- Build the Arrow CUDA extensions (requires CUDA toolkit)\r\n-- ARROW_DATASET=ON [default=OFF]\r\n-- Build the Arrow Dataset Modules\r\n-- ARROW_FILESYSTEM=ON [default=OFF]\r\n-- Build the Arrow Filesystem Layer\r\n-- ARROW_FLIGHT=OFF [default=OFF]\r\n-- Build the Arrow Flight RPC System (requires GRPC, Protocol Buffers)\r\n-- ARROW_GANDIVA=OFF [default=OFF]\r\n-- Build the Gandiva libraries\r\n-- ARROW_HDFS=OFF [default=OFF]\r\n-- Build the Arrow HDFS bridge\r\n-- ARROW_HIVESERVER2=OFF [default=OFF]\r\n-- Build the HiveServer2 client and Arrow adapter\r\n-- ARROW_IPC=ON [default=ON]\r\n-- Build the Arrow IPC extensions\r\n-- ARROW_JEMALLOC=ON [default=ON]\r\n-- Build the Arrow jemalloc-based allocator\r\n-- ARROW_JNI=OFF [default=OFF]\r\n-- Build the Arrow JNI lib\r\n-- ARROW_JSON=ON [default=OFF]\r\n-- Build Arrow with JSON support (requires RapidJSON)\r\n-- ARROW_MIMALLOC=ON [default=OFF]\r\n-- Build the Arrow mimalloc-based allocator\r\n-- ARROW_PARQUET=ON [default=OFF]\r\n-- Build the Parquet libraries\r\n-- ARROW_ORC=OFF [default=OFF]\r\n-- Build the Arrow ORC adapter\r\n-- ARROW_PLASMA=OFF [default=OFF]\r\n-- Build the plasma object store along with Arrow\r\n-- ARROW_PLASMA_JAVA_CLIENT=OFF [default=OFF]\r\n-- Build the plasma object store java client\r\n-- ARROW_PYTHON=OFF [default=OFF]\r\n-- Build the Arrow CPython extensions\r\n-- ARROW_S3=ON [default=OFF]\r\n-- Build Arrow with S3 support (requires the AWS SDK for C++)\r\n-- ARROW_TENSORFLOW=OFF [default=OFF]\r\n-- Build Arrow with TensorFlow support enabled\r\n-- ARROW_TESTING=OFF [default=OFF]\r\n-- Build the Arrow testing libraries\r\n-- \r\n-- Thirdparty toolchain options:\r\n-- \r\n-- ARROW_DEPENDENCY_SOURCE=BUNDLED [default=AUTO|BUNDLED|SYSTEM|CONDA|BREW]\r\n-- Method to use for acquiring arrow's build dependencies\r\n-- ARROW_VERBOSE_THIRDPARTY_BUILD=OFF [default=OFF]\r\n-- Show output from ExternalProjects rather than just logging to files\r\n-- ARROW_DEPENDENCY_USE_SHARED=ON [default=ON]\r\n-- Link to shared libraries\r\n-- ARROW_BOOST_USE_SHARED=OFF [default=ON]\r\n-- Rely on boost shared libraries where relevant\r\n-- ARROW_BROTLI_USE_SHARED=ON [default=ON]\r\n-- Rely on Brotli shared libraries where relevant\r\n-- ARROW_BZ2_USE_SHARED=ON [default=ON]\r\n-- Rely on Bz2 shared libraries where relevant\r\n-- ARROW_GFLAGS_USE_SHARED=ON [default=ON]\r\n-- Rely on GFlags shared libraries where relevant\r\n-- ARROW_GRPC_USE_SHARED=ON [default=ON]\r\n-- Rely on gRPC shared libraries where relevant\r\n-- ARROW_LZ4_USE_SHARED=ON [default=ON]\r\n-- Rely on lz4 shared libraries where relevant\r\n-- ARROW_OPENSSL_USE_SHARED=ON [default=ON]\r\n-- Rely on OpenSSL shared libraries where relevant\r\n-- ARROW_PROTOBUF_USE_SHARED=ON [default=ON]\r\n-- Rely on Protocol Buffers shared libraries where relevant\r\n-- ARROW_THRIFT_USE_SHARED=ON [default=ON]\r\n-- Rely on thrift shared libraries where relevant\r\n-- ARROW_UTF8PROC_USE_SHARED=ON [default=ON]\r\n-- Rely on utf8proc shared libraries where relevant\r\n-- ARROW_SNAPPY_USE_SHARED=ON [default=ON]\r\n-- Rely on snappy shared libraries where relevant\r\n-- ARROW_UTF8PROC_USE_SHARED=ON [default=ON]\r\n-- Rely on utf8proc shared libraries where relevant\r\n-- ARROW_ZSTD_USE_SHARED=ON [default=ON]\r\n-- Rely on zstd shared libraries where relevant\r\n-- ARROW_USE_GLOG=OFF [default=OFF]\r\n-- Build libraries with glog support for pluggable logging\r\n-- ARROW_WITH_BACKTRACE=ON [default=ON]\r\n-- Build with backtrace support\r\n-- ARROW_WITH_BROTLI=OFF [default=OFF]\r\n-- Build with Brotli compression\r\n-- ARROW_WITH_BZ2=OFF [default=OFF]\r\n-- Build with BZ2 compression\r\n-- ARROW_WITH_LZ4=OFF [default=OFF]\r\n-- Build with lz4 compression\r\n-- ARROW_WITH_SNAPPY=OFF [default=OFF]\r\n-- Build with Snappy compression\r\n-- ARROW_WITH_ZLIB=ON [default=OFF]\r\n-- Build with zlib compression\r\n-- ARROW_WITH_ZSTD=OFF [default=OFF]\r\n-- Build with zstd compression\r\n-- ARROW_WITH_UTF8PROC=OFF [default=ON]\r\n-- Build with support for Unicode properties using the utf8proc library\r\n-- (only used if ARROW_COMPUTE is ON)\r\n-- ARROW_WITH_RE2=ON [default=ON]\r\n-- Build with support for regular expressions using the re2 library\r\n-- (only used if ARROW_COMPUTE or ARROW_GANDIVA is ON)\r\n-- \r\n-- Parquet options:\r\n-- \r\n-- PARQUET_MINIMAL_DEPENDENCY=OFF [default=OFF]\r\n-- Depend only on Thirdparty headers to build libparquet.\r\n-- Always OFF if building binaries\r\n-- PARQUET_BUILD_EXECUTABLES=OFF [default=OFF]\r\n-- Build the Parquet executable CLI tools. Requires static libraries to be built.\r\n-- PARQUET_BUILD_EXAMPLES=OFF [default=OFF]\r\n-- Build the Parquet examples. Requires static libraries to be built.\r\n-- PARQUET_REQUIRE_ENCRYPTION=OFF [default=OFF]\r\n-- Build support for encryption. Fail if OpenSSL is not found\r\n-- \r\n-- Gandiva options:\r\n-- \r\n-- ARROW_GANDIVA_JAVA=OFF [default=OFF]\r\n-- Build the Gandiva JNI wrappers\r\n-- ARROW_GANDIVA_STATIC_LIBSTDCPP=OFF [default=OFF]\r\n-- Include -static-libstdc++ -static-libgcc when linking with\r\n-- Gandiva static libraries\r\n-- ARROW_GANDIVA_PC_CXX_FLAGS=\"\" [default=\"\"]\r\n-- Compiler flags to append when pre-compiling Gandiva operations\r\n-- \r\n-- Advanced developer options:\r\n-- \r\n-- ARROW_EXTRA_ERROR_CONTEXT=OFF [default=OFF]\r\n-- Compile with extra error context (line numbers, code)\r\n-- ARROW_OPTIONAL_INSTALL=OFF [default=OFF]\r\n-- If enabled install ONLY targets that have already been built. Please be\r\n-- advised that if this is enabled 'install' will fail silently on components\r\n-- that have not been built\r\n-- Outputting build configuration summary to /tmp/RtmpcOhh4x/file86c71a6ed76f/cmake_summary.json\r\n-- Configuring done\r\n-- Generating done\r\n-- Build files have been written to: /tmp/RtmpcOhh4x/file86c71a6ed76f\r\n+ /tmp/RtmpcOhh4x/file86c748ae88dc/cmake-3.19.2-Linux-x86_64/bin/cmake --build . --target install\r\n[1/130] Creating directories for 'mimalloc_ep'\r\n[2/130] Creating directories for 'zlib_ep'\r\n[3/130] Creating directories for 'aws_checksums_ep'\r\n[4/130] Creating directories for 'aws_c_common_ep'\r\n[5/130] Creating directories for 'boost_ep'\r\n[6/130] Creating directories for 're2_ep'\r\n[7/130] Creating directories for 'jemalloc_ep'\r\n[8/130] Creating directories for 'rapidjson_ep'\r\n[9/130] Performing download step (download, verify and extract) for 'mimalloc_ep'\r\n-- Downloading...\r\n dst='/tmp/RtmpcOhh4x/file86c71a6ed76f/mimalloc_ep-prefix/src/v1.6.4.tar.gz'\r\n timeout='none'\r\n inactivity timeout='none'\r\n-- Using src='https://github.com/microsoft/mimalloc/archive/v1.6.4.tar.gz'\r\n-- [download 100% complete]\r\n-- [download 1% complete]\r\n-- [download 3% complete]\r\n-- [download 5% complete]\r\n-- [download 8% complete]\r\n-- [download 13% complete]\r\n-- [download 27% complete]\r\n-- [download 31% complete]\r\n-- [download 52% complete]\r\n-- [download 54% complete]\r\n-- [download 76% complete]\r\n-- [download 97% complete]\r\n-- [download 100% complete]\r\n-- Downloading... done\r\n-- extracting...\r\n src='/tmp/RtmpcOhh4x/file86c71a6ed76f/mimalloc_ep-prefix/src/v1.6.4.tar.gz'\r\n dst='/tmp/RtmpcOhh4x/file86c71a6ed76f/mimalloc_ep-prefix/src/mimalloc_ep'\r\n-- extracting... [tar xfz]\r\n-- extracting... [analysis]\r\n-- extracting... [rename]\r\n-- extracting... [clean up]\r\n-- extracting... done\r\n[10/130] No update step for 'mimalloc_ep'\r\n[11/130] No patch step for 'mimalloc_ep'\r\n[12/130] Performing download step (download, verify and extract) for 'aws_checksums_ep'\r\n-- aws_checksums_ep download command succeeded. See also /tmp/RtmpcOhh4x/file86c71a6ed76f/aws_checksums_ep-prefix/src/aws_checksums_ep-stamp/aws_checksums_ep-download-*.log\r\n[13/130] Performing download step (download, verify and extract) for 'jemalloc_ep'\r\n-- jemalloc_ep download command succeeded. See also /tmp/RtmpcOhh4x/file86c71a6ed76f/jemalloc_ep-prefix/src/jemalloc_ep-stamp/jemalloc_ep-download-*.log\r\n[14/130] No update step for 'aws_checksums_ep'\r\n[15/130] No update step for 'jemalloc_ep'\r\n[16/130] Performing download step (download, verify and extract) for 're2_ep'\r\n-- re2_ep download command succeeded. See also /tmp/RtmpcOhh4x/file86c71a6ed76f/re2_ep-prefix/src/re2_ep-stamp/re2_ep-download-*.log\r\n[17/130] No patch step for 'aws_checksums_ep'\r\n[18/130] Performing patch step for 'jemalloc_ep'\r\n[19/130] No update step for 're2_ep'\r\n[20/130] Performing download step (download, verify and extract) for 'rapidjson_ep'\r\n-- rapidjson_ep download command succeeded. See also /tmp/RtmpcOhh4x/file86c71a6ed76f/src/rapidjson_ep-stamp/rapidjson_ep-download-*.log\r\n[21/130] No patch step for 're2_ep'\r\n[22/130] Performing download step (download, verify and extract) for 'zlib_ep'\r\n-- zlib_ep download command succeeded. See also /tmp/RtmpcOhh4x/file86c71a6ed76f/zlib_ep-prefix/src/zlib_ep-stamp/zlib_ep-download-*.log\r\n[23/130] No update step for 'rapidjson_ep'\r\n[24/130] Performing download step (download, verify and extract) for 'aws_c_common_ep'\r\n-- aws_c_common_ep download command succeeded. See also /tmp/RtmpcOhh4x/file86c71a6ed76f/aws_c_common_ep-prefix/src/aws_c_common_ep-stamp/aws_c_common_ep-download-*.log\r\n[25/130] No update step for 'zlib_ep'\r\n[26/130] No patch step for 'rapidjson_ep'\r\n[27/130] No update step for 'aws_c_common_ep'\r\n[28/130] No patch step for 'zlib_ep'\r\n[29/130] No patch step for 'aws_c_common_ep'\r\n[30/130] Performing download step (download, verify and extract) for 'boost_ep'\r\n-- boost_ep download command succeeded. See also /tmp/RtmpcOhh4x/file86c71a6ed76f/boost_ep-prefix/src/boost_ep-stamp/boost_ep-download-*.log\r\n[31/130] No update step for 'boost_ep'\r\n[32/130] No patch step for 'boost_ep'\r\n[33/130] No configure step for 'boost_ep'\r\n[34/130] No build step for 'boost_ep'\r\n[35/130] No install step for 'boost_ep'\r\n[36/130] Completed 'boost_ep'\r\n[37/130] Creating directories for 'thrift_ep'\r\n[38/130] Performing configure step for 'aws_checksums_ep'\r\n-- aws_checksums_ep configure command succeeded. See also /tmp/RtmpcOhh4x/file86c71a6ed76f/aws_checksums_ep-prefix/src/aws_checksums_ep-stamp/aws_checksums_ep-configure-*.log\r\n[39/130] Performing configure step for 'rapidjson_ep'\r\n-- rapidjson_ep configure command succeeded. See also /tmp/RtmpcOhh4x/file86c71a6ed76f/src/rapidjson_ep-stamp/rapidjson_ep-configure-*.log\r\n[40/130] Performing configure step for 're2_ep'\r\n-- re2_ep configure command succeeded. See also /tmp/RtmpcOhh4x/file86c71a6ed76f/re2_ep-prefix/src/re2_ep-stamp/re2_ep-configure-*.log\r\n[41/130] Performing build step for 'rapidjson_ep'\r\n-- rapidjson_ep build command succeeded. See also /tmp/RtmpcOhh4x/file86c71a6ed76f/src/rapidjson_ep-stamp/rapidjson_ep-build-*.log\r\n[42/130] Performing build step for 'aws_checksums_ep'\r\nFAILED: aws_checksums_ep-prefix/src/aws_checksums_ep-stamp/aws_checksums_ep-build awssdk_ep-install/lib/libaws-checksums.a \r\ncd /tmp/RtmpcOhh4x/file86c71a6ed76f/aws_checksums_ep-prefix/src/aws_checksums_ep-build && /tmp/RtmpcOhh4x/file86c748ae88dc/cmake-3.19.2-Linux-x86_64/bin/cmake -P /tmp/RtmpcOhh4x/file86c71a6ed76f/aws_checksums_ep-prefix/src/aws_checksums_ep-stamp/aws_checksums_ep-build-RELEASE.cmake && /tmp/RtmpcOhh4x/file86c748ae88dc/cmake-3.19.2-Linux-x86_64/bin/cmake -E touch /tmp/RtmpcOhh4x/file86c71a6ed76f/aws_checksums_ep-prefix/src/aws_checksums_ep-stamp/aws_checksums_ep-build\r\nCMake Error at /tmp/RtmpcOhh4x/file86c71a6ed76f/aws_checksums_ep-prefix/src/aws_checksums_ep-stamp/aws_checksums_ep-build-RELEASE.cmake:37 (message):\r\n Command failed: 1\r\n\r\n'/tmp/RtmpcOhh4x/file86c748ae88dc/cmake-3.19.2-Linux-x86_64/bin/cmake' '--build' '.'\r\n\r\nSee also\r\n\r\n/tmp/RtmpcOhh4x/file86c71a6ed76f/aws_checksums_ep-prefix/src/aws_checksums_ep-stamp/aws_checksums_ep-build-*.log\r\n\r\n\r\n-- stdout output is:\r\n[1/12] Building C object CMakeFiles/aws-checksums.dir/source/arm/crc32c_arm.c.o\r\n[2/12] Building C object CMakeFiles/aws-checksums.dir/source/arm/cpuid_arm.c.o\r\n[3/12] Building C object CMakeFiles/aws-checksums.dir/source/crc.c.o\r\n[4/12] Building C object CMakeFiles/aws-checksums.dir/source/cpuid_generic.c.o\r\n[5/12] Building C object CMakeFiles/aws-checksums.dir/source/crc_jni.c.o\r\n[6/12] Building C object CMakeFiles/aws-checksums.dir/source/intel/crc32c_sse42_asm.c.o\r\nFAILED: CMakeFiles/aws-checksums.dir/source/intel/crc32c_sse42_asm.c.o \r\n/N/soft/rhel7/intel/19.5/compilers_and_libraries_2019.5.281/linux/bin/intel64/icc -I/tmp/RtmpcOhh4x/file86c71a6ed76f/aws_checksums_ep-prefix/src/aws_checksums_ep/include -I/tmp/RtmpcOhh4x/file86c71a6ed76f/aws_checksums_ep-prefix/src/aws_checksums_ep/tests -I/N/soft/rhel7/uuid/1.0.3/include -O3 -DNDEBUG -O3 -DNDEBUG -fPIC -I/N/soft/rhel7/uuid/1.0.3/include -O3 -DNDEBUG -O3 -DNDEBUG -fPIC -fPIC -std=gnu99 -MD -MT CMakeFiles/aws-checksums.dir/source/intel/crc32c_sse42_asm.c.o -MF CMakeFiles/aws-checksums.dir/source/intel/crc32c_sse42_asm.c.o.d -o CMakeFiles/aws-checksums.dir/source/intel/crc32c_sse42_asm.c.o -c /tmp/RtmpcOhh4x/file86c71a6ed76f/aws_checksums_ep-prefix/src/aws_checksums_ep/source/intel/crc32c_sse42_asm.c\r\n/tmp/RtmpcOhh4x/file86c71a6ed76f/aws_checksums_ep-prefix/src/aws_checksums_ep/source/intel/crc32c_sse42_asm.c(305) (col. 92): catastrophic error: can't allocate register(s) \" rsp rip zmm16 zmm17 zmm18 zmm19 zmm20 zmm21 zmm22 zmm23 zmm24 zmm25 zmm26 zmm27 zmm28 zmm29 zmm30 zmm31\" for asm instruction\r\n\r\ncompilation aborted for /tmp/RtmpcOhh4x/file86c71a6ed76f/aws_checksums_ep-prefix/src/aws_checksums_ep/source/intel/crc32c_sse42_asm.c (code 4)\r\n[7/12] Building C object CMakeFiles/aws-checksums.dir/source/intel/cpuid.c.o\r\n[8/12] Building C object CMakeFiles/aws-checksums-tests.dir/tests/crc_test.c.o\r\n[9/12] Building C object CMakeFiles/aws-checksums-tests.dir/tests/run_tests.c.o\r\n[10/12] Building C object CMakeFiles/aws-checksums.dir/source/crc_sw.c.o\r\nninja: build stopped: subcommand failed.\r\n\r\n-- stderr output is:\r\n\r\nCMake Error at /tmp/RtmpcOhh4x/file86c71a6ed76f/aws_checksums_ep-prefix/src/aws_checksums_ep-stamp/aws_checksums_ep-build-RELEASE.cmake:47 (message):\r\n Stopping after outputting logs.\r\n\r\n\r\n[43/130] Performing install step for 'rapidjson_ep'\r\n-- rapidjson_ep install command succeeded. See also /tmp/RtmpcOhh4x/file86c71a6ed76f/src/rapidjson_ep-stamp/rapidjson_ep-install-*.log\r\n[44/130] Performing download step (download, verify and extract) for 'thrift_ep'\r\n-- thrift_ep download command succeeded. See also /tmp/RtmpcOhh4x/file86c71a6ed76f/thrift_ep-prefix/src/thrift_ep-stamp/thrift_ep-download-*.log\r\n[45/130] Performing configure step for 'mimalloc_ep'\r\n-- The C compiler identification is Intel 19.0.5.20190815\r\n-- The CXX compiler identification is Intel 19.0.5.20190815\r\n-- Detecting C compiler ABI info\r\n-- Detecting C compiler ABI info - done\r\n-- Check for working C compiler: /N/soft/rhel7/intel/19.5/compilers_and_libraries_2019.5.281/linux/bin/intel64/icc - skipped\r\n-- Detecting C compile features\r\n-- Detecting C compile features - done\r\n-- Detecting CXX compiler ABI info\r\n-- Detecting CXX compiler ABI info - done\r\n-- Check for working CXX compiler: /N/soft/rhel7/intel/19.5/compilers_and_libraries_2019.5.281/linux/bin/intel64/icpc - skipped\r\n-- Detecting CXX compile features\r\n-- Detecting CXX compile features - done\r\n-- Use the C++ compiler to compile (MI_USE_CXX=ON)\r\n-- \r\n-- Library base name: mimalloc\r\n-- Build type : release\r\n-- Install directory: /tmp/RtmpcOhh4x/file86c71a6ed76f/mimalloc_ep/src/mimalloc_ep/lib/mimalloc-1.6\r\n-- Build targets : static\r\n-- \r\n-- Configuring done\r\n-- Generating done\r\nCMake Warning:\r\n Manually-specified variables were not used by the project:\r\n\r\nCMAKE_EXPORT_NO_PACKAGE_REGISTRY\r\n CMAKE_FIND_PACKAGE_NO_PACKAGE_REGISTRY\r\n\r\n\r\n-- Build files have been written to: /tmp/RtmpcOhh4x/file86c71a6ed76f/mimalloc_ep-prefix/src/mimalloc_ep-build\r\n[46/130] Performing configure step for 'zlib_ep'\r\n-- zlib_ep configure command succeeded. See also /tmp/RtmpcOhh4x/file86c71a6ed76f/zlib_ep-prefix/src/zlib_ep-stamp/zlib_ep-configure-*.log\r\n[47/130] Building CXX object src/arrow/dataset/CMakeFiles/arrow_dataset_objlib.dir/Unity/unity_1_cxx.cxx.o\r\n[48/130] Performing build step for 're2_ep'\r\nFAILED: re2_ep-prefix/src/re2_ep-stamp/re2_ep-build re2_ep-install/lib/libre2.a \r\ncd /tmp/RtmpcOhh4x/file86c71a6ed76f/re2_ep-prefix/src/re2_ep-build && /tmp/RtmpcOhh4x/file86c748ae88dc/cmake-3.19.2-Linux-x86_64/bin/cmake -P /tmp/RtmpcOhh4x/file86c71a6ed76f/re2_ep-prefix/src/re2_ep-stamp/re2_ep-build-RELEASE.cmake && /tmp/RtmpcOhh4x/file86c748ae88dc/cmake-3.19.2-Linux-x86_64/bin/cmake -E touch /tmp/RtmpcOhh4x/file86c71a6ed76f/re2_ep-prefix/src/re2_ep-stamp/re2_ep-build\r\nCMake Error at /tmp/RtmpcOhh4x/file86c71a6ed76f/re2_ep-prefix/src/re2_ep-stamp/re2_ep-build-RELEASE.cmake:37 (message):\r\n Command failed: 1\r\n\r\n'/tmp/RtmpcOhh4x/file86c748ae88dc/cmake-3.19.2-Linux-x86_64/bin/cmake' '--build' '.'\r\n\r\nSee also\r\n\r\n/tmp/RtmpcOhh4x/file86c71a6ed76f/re2_ep-prefix/src/re2_ep-stamp/re2_ep-build-*.log\r\n\r\n\r\n-- stdout output is:\r\n...skipping to end...\r\n2_ep-prefix/src/re2_ep/re2/testing/tester.h(14),\r\n from /tmp/RtmpcOhh4x/file86c71a6ed76f/re2_ep-prefix/src/re2_ep/re2/testing/exhaustive_tester.cc(20):\r\n/tmp/RtmpcOhh4x/file86c71a6ed76f/re2_ep-prefix/src/re2_ep/util/pod_array.h(16): error: static assertion failed with \"T must be POD\"\r\n static_assert(std::is_pod<T>::value,\r\n ^\r\n detected during instantiation of class \"re2::PODArray<T> [with T=re2::Prog::Inst]\" at line 413 of \"/tmp/RtmpcOhh4x/file86c71a6ed76f/re2_ep-prefix/src/re2_ep/re2/prog.h\"\r\n\r\ncompilation aborted for /tmp/RtmpcOhh4x/file86c71a6ed76f/re2_ep-prefix/src/re2_ep/re2/testing/exhaustive_tester.cc (code 2)\r\n[34/95] Building CXX object CMakeFiles/re2.dir/re2/compile.cc.o\r\nFAILED: CMakeFiles/re2.dir/re2/compile.cc.o \r\n/N/soft/rhel7/intel/19.5/compilers_and_libraries_2019.5.281/linux/bin/intel64/icpc -I/tmp/RtmpcOhh4x/file86c71a6ed76f/re2_ep-prefix/src/re2_ep -O3 -DNDEBUG -O3 -DNDEBUG -fPIC -O3 -DNDEBUG -O3 -DNDEBUG -fPIC -pthread -MD -MT CMakeFiles/re2.dir/re2/compile.cc.o -MF CMakeFiles/re2.dir/re2/compile.cc.o.d -o CMakeFiles/re2.dir/re2/compile.cc.o -c /tmp/RtmpcOhh4x/file86c71a6ed76f/re2_ep-prefix/src/re2_ep/re2/compile.cc\r\nIn file included from /tmp/RtmpcOhh4x/file86c71a6ed76f/re2_ep-prefix/src/re2_ep/re2/compile.cc(19):\r\n/tmp/RtmpcOhh4x/file86c71a6ed76f/re2_ep-prefix/src/re2_ep/util/pod_array.h(16): error: static assertion failed with \"T must be POD\"\r\n static_assert(std::is_pod<T>::value,\r\n ^\r\n detected during instantiation of class \"re2::PODArray<T> [with T=re2::Prog::Inst]\" at line 413 of \"/tmp/RtmpcOhh4x/file86c71a6ed76f/re2_ep-prefix/src/re2_ep/re2/prog.h\"\r\n\r\ncompilation aborted for /tmp/RtmpcOhh4x/file86c71a6ed76f/re2_ep-prefix/src/re2_ep/re2/compile.cc (code 2)\r\n[35/95] Building CXX object CMakeFiles/exhaustive2_test.dir/re2/testing/exhaustive2_test.cc.o\r\n[36/95] Building CXX object CMakeFiles/re2.dir/re2/dfa.cc.o\r\nFAILED: CMakeFiles/re2.dir/re2/dfa.cc.o \r\n/N/soft/rhel7/intel/19.5/compilers_and_libraries_2019.5.281/linux/bin/intel64/icpc -I/tmp/RtmpcOhh4x/file86c71a6ed76f/re2_ep-prefix/src/re2_ep -O3 -DNDEBUG -O3 -DNDEBUG -fPIC -O3 -DNDEBUG -O3 -DNDEBUG -fPIC -pthread -MD -MT CMakeFiles/re2.dir/re2/dfa.cc.o -MF CMakeFiles/re2.dir/re2/dfa.cc.o.d -o CMakeFiles/re2.dir/re2/dfa.cc.o -c /tmp/RtmpcOhh4x/file86c71a6ed76f/re2_ep-prefix/src/re2_ep/re2/dfa.cc\r\nIn file included from /tmp/RtmpcOhh4x/file86c71a6ed76f/re2_ep-prefix/src/re2_ep/re2/dfa.cc(45):\r\n/tmp/RtmpcOhh4x/file86c71a6ed76f/re2_ep-prefix/src/re2_ep/util/pod_array.h(16): error: static assertion failed with \"T must be POD\"\r\n static_assert(std::is_pod<T>::value,\r\n ^\r\n detected during instantiation of class \"re2::PODArray<T> [with T=re2::Prog::Inst]\" at line 413 of \"/tmp/RtmpcOhh4x/file86c71a6ed76f/re2_ep-prefix/src/re2_ep/re2/prog.h\"\r\n\r\ncompilation aborted for /tmp/RtmpcOhh4x/file86c71a6ed76f/re2_ep-prefix/src/re2_ep/re2/dfa.cc (code 2)\r\n[37/95] Building CXX object CMakeFiles/dfa_test.dir/re2/testing/dfa_test.cc.o\r\nFAILED: CMakeFiles/dfa_test.dir/re2/testing/dfa_test.cc.o \r\n/N/soft/rhel7/intel/19.5/compilers_and_libraries_2019.5.281/linux/bin/intel64/icpc -I/tmp/RtmpcOhh4x/file86c71a6ed76f/re2_ep-prefix/src/re2_ep -O3 -DNDEBUG -O3 -DNDEBUG -fPIC -O3 -DNDEBUG -O3 -DNDEBUG -fPIC -pthread -MD -MT CMakeFiles/dfa_test.dir/re2/testing/dfa_test.cc.o -MF CMakeFiles/dfa_test.dir/re2/testing/dfa_test.cc.o.d -o CMakeFiles/dfa_test.dir/re2/testing/dfa_test.cc.o -c /tmp/RtmpcOhh4x/file86c71a6ed76f/re2_ep-prefix/src/re2_ep/re2/testing/dfa_test.cc\r\nIn file included from /tmp/RtmpcOhh4x/file86c71a6ed76f/re2_ep-prefix/src/re2_ep/re2/testing/dfa_test.cc(13):\r\n/tmp/RtmpcOhh4x/file86c71a6ed76f/re2_ep-prefix/src/re2_ep/util/pod_array.h(16): error: static assertion failed with \"T must be POD\"\r\n static_assert(std::is_pod<T>::value,\r\n ^\r\n detected during instantiation of class \"re2::PODArray<T> [with T=re2::Prog::Inst]\" at line 413 of \"/tmp/RtmpcOhh4x/file86c71a6ed76f/re2_ep-prefix/src/re2_ep/re2/prog.h\"\r\n\r\ncompilation aborted for /tmp/RtmpcOhh4x/file86c71a6ed76f/re2_ep-prefix/src/re2_ep/re2/testing/dfa_test.cc (code 2)\r\n[38/95] Building CXX object CMakeFiles/required_prefix_test.dir/re2/testing/required_prefix_test.cc.o\r\n[39/95] Building CXX object CMakeFiles/re2.dir/re2/filtered_re2.cc.o\r\n[40/95] Building CXX object CMakeFiles/exhaustive3_test.dir/re2/testing/exhaustive3_test.cc.o\r\n[41/95] Building CXX object CMakeFiles/testing.dir/re2/testing/null_walker.cc.o\r\n[42/95] Building CXX object CMakeFiles/testing.dir/re2/testing/tester.cc.o\r\nFAILED: CMakeFiles/testing.dir/re2/testing/tester.cc.o \r\n/N/soft/rhel7/intel/19.5/compilers_and_libraries_2019.5.281/linux/bin/intel64/icpc -I/tmp/RtmpcOhh4x/file86c71a6ed76f/re2_ep-prefix/src/re2_ep -O3 -DNDEBUG -O3 -DNDEBUG -fPIC -O3 -DNDEBUG -O3 -DNDEBUG -fPIC -pthread -MD -MT CMakeFiles/testing.dir/re2/testing/tester.cc.o -MF CMakeFiles/testing.dir/re2/testing/tester.cc.o.d -o CMakeFiles/testing.dir/re2/testing/tester.cc.o -c /tmp/RtmpcOhh4x/file86c71a6ed76f/re2_ep-prefix/src/re2_ep/re2/testing/tester.cc\r\nIn file included from /tmp/RtmpcOhh4x/file86c71a6ed76f/re2_ep-prefix/src/re2_ep/re2/testing/tester.h(14),\r\n from /tmp/RtmpcOhh4x/file86c71a6ed76f/re2_ep-prefix/src/re2_ep/re2/testing/tester.cc(16):\r\n/tmp/RtmpcOhh4x/file86c71a6ed76f/re2_ep-prefix/src/re2_ep/util/pod_array.h(16): error: static assertion failed with \"T must be POD\"\r\n static_assert(std::is_pod<T>::value,\r\n ^\r\n detected during instantiation of class \"re2::PODArray<T> [with T=re2::Prog::Inst]\" at line 413 of \"/tmp/RtmpcOhh4x/file86c71a6ed76f/re2_ep-prefix/src/re2_ep/re2/prog.h\"\r\n\r\ncompilation aborted for /tmp/RtmpcOhh4x/file86c71a6ed76f/re2_ep-prefix/src/re2_ep/re2/testing/tester.cc (code 2)\r\n[43/95] Building CXX object CMakeFiles/testing.dir/re2/testing/string_generator.cc.o\r\n[44/95] Building CXX object CMakeFiles/parse_test.dir/util/test.cc.o\r\n[45/95] Building CXX object CMakeFiles/regexp_test.dir/util/test.cc.o\r\n[46/95] Building CXX object CMakeFiles/charclass_test.dir/util/test.cc.o\r\n[47/95] Building CXX object CMakeFiles/possible_match_test.dir/util/test.cc.o\r\n[48/95] Building CXX object CMakeFiles/re2_arg_test.dir/util/test.cc.o\r\n[49/95] Building CXX object CMakeFiles/search_test.dir/util/test.cc.o\r\n[50/95] Building CXX object CMakeFiles/re2_test.dir/util/test.cc.o\r\n[51/95] Building CXX object CMakeFiles/re2.dir/re2/mimics_pcre.cc.o\r\n[52/95] Building CXX object CMakeFiles/re2.dir/re2/tostring.cc.o\r\n[53/95] Building CXX object CMakeFiles/search_test.dir/re2/testing/search_test.cc.o\r\nFAILED: CMakeFiles/search_test.dir/re2/testing/search_test.cc.o \r\n/N/soft/rhel7/intel/19.5/compilers_and_libraries_2019.5.281/linux/bin/intel64/icpc -I/tmp/RtmpcOhh4x/file86c71a6ed76f/re2_ep-prefix/src/re2_ep -O3 -DNDEBUG -O3 -DNDEBUG -fPIC -O3 -DNDEBUG -O3 -DNDEBUG -fPIC -pthread -MD -MT CMakeFiles/search_test.dir/re2/testing/search_test.cc.o -MF CMakeFiles/search_test.dir/re2/testing/search_test.cc.o.d -o CMakeFiles/search_test.dir/re2/testing/search_test.cc.o -c /tmp/RtmpcOhh4x/file86c71a6ed76f/re2_ep-prefix/src/re2_ep/re2/testing/search_test.cc\r\nIn file included from /tmp/RtmpcOhh4x/file86c71a6ed76f/re2_ep-prefix/src/re2_ep/re2/testing/search_test.cc(6):\r\n/tmp/RtmpcOhh4x/file86c71a6ed76f/re2_ep-prefix/src/re2_ep/util/pod_array.h(16): error: static assertion failed with \"T must be POD\"\r\n static_assert(std::is_pod<T>::value,\r\n ^\r\n detected during instantiation of class \"re2::PODArray<T> [with T=re2::Prog::Inst]\" at line 413 of \"/tmp/RtmpcOhh4x/file86c71a6ed76f/re2_ep-prefix/src/re2_ep/re2/prog.h\"\r\n\r\ncompilation aborted for /tmp/RtmpcOhh4x/file86c71a6ed76f/re2_ep-prefix/src/re2_ep/re2/testing/search_test.cc (code 2)\r\n[54/95] Building CXX object CMakeFiles/charclass_test.dir/re2/testing/charclass_test.cc.o\r\n[55/95] Building CXX object CMakeFiles/simplify_test.dir/re2/testing/simplify_test.cc.o\r\n[56/95] Building CXX object CMakeFiles/possible_match_test.dir/re2/testing/possible_match_test.cc.o\r\nFAILED: CMakeFiles/possible_match_test.dir/re2/testing/possible_match_test.cc.o \r\n/N/soft/rhel7/intel/19.5/compilers_and_libraries_2019.5.281/linux/bin/intel64/icpc -I/tmp/RtmpcOhh4x/file86c71a6ed76f/re2_ep-prefix/src/re2_ep -O3 -DNDEBUG -O3 -DNDEBUG -fPIC -O3 -DNDEBUG -O3 -DNDEBUG -fPIC -pthread -MD -MT CMakeFiles/possible_match_test.dir/re2/testing/possible_match_test.cc.o -MF CMakeFiles/possible_match_test.dir/re2/testing/possible_match_test.cc.o.d -o CMakeFiles/possible_match_test.dir/re2/testing/possible_match_test.cc.o -c /tmp/RtmpcOhh4x/file86c71a6ed76f/re2_ep-prefix/src/re2_ep/re2/testing/possible_match_test.cc\r\nIn file included from /tmp/RtmpcOhh4x/file86c71a6ed76f/re2_ep-prefix/src/re2_ep/re2/testing/possible_match_test.cc(12):\r\n/tmp/RtmpcOhh4x/file86c71a6ed76f/re2_ep-prefix/src/re2_ep/util/pod_array.h(16): error: static assertion failed with \"T must be POD\"\r\n static_assert(std::is_pod<T>::value,\r\n ^\r\n detected during instantiation of class \"re2::PODArray<T> [with T=re2::Prog::Inst]\" at line 413 of \"/tmp/RtmpcOhh4x/file86c71a6ed76f/re2_ep-prefix/src/re2_ep/re2/prog.h\"\r\n\r\ncompilation aborted for /tmp/RtmpcOhh4x/file86c71a6ed76f/re2_ep-prefix/src/re2_ep/re2/testing/possible_match_test.cc (code 2)\r\n[57/95] Building CXX object CMakeFiles/testing.dir/util/pcre.cc.o\r\n[58/95] Building CXX object CMakeFiles/set_test.dir/re2/testing/set_test.cc.o\r\n[59/95] Building CXX object CMakeFiles/re2_arg_test.dir/re2/testing/re2_arg_test.cc.o\r\n[60/95] Building CXX object CMakeFiles/re2.dir/re2/simplify.cc.o\r\n[61/95] Building CXX object CMakeFiles/re2.dir/re2/prefilter.cc.o\r\n[62/95] Building CXX object CMakeFiles/filtered_re2_test.dir/re2/testing/filtered_re2_test.cc.o\r\n[63/95] Building CXX object CMakeFiles/testing.dir/re2/testing/regexp_generator.cc.o\r\n[64/95] Building CXX object CMakeFiles/parse_test.dir/re2/testing/parse_test.cc.o\r\n[65/95] Building CXX object CMakeFiles/re2.dir/re2/prefilter_tree.cc.o\r\n[66/95] Building CXX object CMakeFiles/regexp_test.dir/re2/testing/regexp_test.cc.o\r\n[67/95] Building CXX object CMakeFiles/re2.dir/re2/parse.cc.o\r\n[68/95] Building CXX object CMakeFiles/re2.dir/re2/regexp.cc.o\r\n[69/95] Building CXX object CMakeFiles/re2_test.dir/re2/testing/re2_test.cc.o\r\nninja: build stopped: subcommand failed.\r\n\r\n-- stderr output is:\r\n\r\nCMake Error at /tmp/RtmpcOhh4x/file86c71a6ed76f/re2_ep-prefix/src/re2_ep-stamp/re2_ep-build-RELEASE.cmake:47 (message):\r\n Stopping after outputting logs.\r\n\r\n\r\n[49/130] Performing configure step for 'aws_c_common_ep'\r\n-- aws_c_common_ep configure command succeeded. See also /tmp/RtmpcOhh4x/file86c71a6ed76f/aws_c_common_ep-prefix/src/aws_c_common_ep-stamp/aws_c_common_ep-configure-*.log\r\n[50/130] Building CXX object src/arrow/dataset/CMakeFiles/arrow_dataset_objlib.dir/Unity/unity_0_cxx.cxx.o\r\n[51/130] Performing configure step for 'jemalloc_ep'\r\n-- jemalloc_ep configure command succeeded. See also /tmp/RtmpcOhh4x/file86c71a6ed76f/jemalloc_ep-prefix/src/jemalloc_ep-stamp/jemalloc_ep-configure-*.log\r\nninja: build stopped: subcommand failed.\r\n+ popd\r\n/tmp/RtmpXrLXgg/R.INSTALL86b15f3183b3/arrow\r\n------------------------- NOTE ---------------------------\r\nSee https://arrow.apache.org/docs/r/articles/install.html\r\nfor help installing Arrow C++ libraries\r\n---------------------------------------------------------\r\n** libs\r\nicpc -std=gnu++11 -I\"/N/soft/rhel7/r/3.6.0/lib64/R/include\" -DNDEBUG -I\"/geode2/soft/hps/rhel7/r/3.6.0/lib64/R/library/cpp11/include\" -I/usr/local/include -fpic -g -O2 -c array.cpp -o array.o\r\nicpc -std=gnu++11 -I\"/N/soft/rhel7/r/3.6.0/lib64/R/include\" -DNDEBUG -I\"/geode2/soft/hps/rhel7/r/3.6.0/lib64/R/library/cpp11/include\" -I/usr/local/include -fpic -g -O2 -c array_from_vector.cpp -o array_from_vector.o\r\nicpc -std=gnu++11 -I\"/N/soft/rhel7/r/3.6.0/lib64/R/include\" -DNDEBUG -I\"/geode2/soft/hps/rhel7/r/3.6.0/lib64/R/library/cpp11/include\" -I/usr/local/include -fpic -g -O2 -c array_to_vector.cpp -o array_to_vector.o\r\nicpc -std=gnu++11 -I\"/N/soft/rhel7/r/3.6.0/lib64/R/include\" -DNDEBUG -I\"/geode2/soft/hps/rhel7/r/3.6.0/lib64/R/library/cpp11/include\" -I/usr/local/include -fpic -g -O2 -c arraydata.cpp -o arraydata.o\r\nicpc -std=gnu++11 -I\"/N/soft/rhel7/r/3.6.0/lib64/R/include\" -DNDEBUG -I\"/geode2/soft/hps/rhel7/r/3.6.0/lib64/R/library/cpp11/include\" -I/usr/local/include -fpic -g -O2 -c arrowExports.cpp -o arrowExports.o\r\nicpc -std=gnu++11 -I\"/N/soft/rhel7/r/3.6.0/lib64/R/include\" -DNDEBUG -I\"/geode2/soft/hps/rhel7/r/3.6.0/lib64/R/library/cpp11/include\" -I/usr/local/include -fpic -g -O2 -c buffer.cpp -o buffer.o\r\nicpc -std=gnu++11 -I\"/N/soft/rhel7/r/3.6.0/lib64/R/include\" -DNDEBUG -I\"/geode2/soft/hps/rhel7/r/3.6.0/lib64/R/library/cpp11/include\" -I/usr/local/include -fpic -g -O2 -c chunkedarray.cpp -o chunkedarray.o\r\nicpc -std=gnu++11 -I\"/N/soft/rhel7/r/3.6.0/lib64/R/include\" -DNDEBUG -I\"/geode2/soft/hps/rhel7/r/3.6.0/lib64/R/library/cpp11/include\" -I/usr/local/include -fpic -g -O2 -c compression.cpp -o compression.o\r\nicpc -std=gnu++11 -I\"/N/soft/rhel7/r/3.6.0/lib64/R/include\" -DNDEBUG -I\"/geode2/soft/hps/rhel7/r/3.6.0/lib64/R/library/cpp11/include\" -I/usr/local/include -fpic -g -O2 -c compute.cpp -o compute.o\r\nicpc -std=gnu++11 -I\"/N/soft/rhel7/r/3.6.0/lib64/R/include\" -DNDEBUG -I\"/geode2/soft/hps/rhel7/r/3.6.0/lib64/R/library/cpp11/include\" -I/usr/local/include -fpic -g -O2 -c csv.cpp -o csv.o\r\nicpc -std=gnu++11 -I\"/N/soft/rhel7/r/3.6.0/lib64/R/include\" -DNDEBUG -I\"/geode2/soft/hps/rhel7/r/3.6.0/lib64/R/library/cpp11/include\" -I/usr/local/include -fpic -g -O2 -c dataset.cpp -o dataset.o\r\nicpc -std=gnu++11 -I\"/N/soft/rhel7/r/3.6.0/lib64/R/include\" -DNDEBUG -I\"/geode2/soft/hps/rhel7/r/3.6.0/lib64/R/library/cpp11/include\" -I/usr/local/include -fpic -g -O2 -c datatype.cpp -o datatype.o\r\nicpc -std=gnu++11 -I\"/N/soft/rhel7/r/3.6.0/lib64/R/include\" -DNDEBUG -I\"/geode2/soft/hps/rhel7/r/3.6.0/lib64/R/library/cpp11/include\" -I/usr/local/include -fpic -g -O2 -c expression.cpp -o expression.o\r\nicpc -std=gnu++11 -I\"/N/soft/rhel7/r/3.6.0/lib64/R/include\" -DNDEBUG -I\"/geode2/soft/hps/rhel7/r/3.6.0/lib64/R/library/cpp11/include\" -I/usr/local/include -fpic -g -O2 -c feather.cpp -o feather.o\r\nicpc -std=gnu++11 -I\"/N/soft/rhel7/r/3.6.0/lib64/R/include\" -DNDEBUG -I\"/geode2/soft/hps/rhel7/r/3.6.0/lib64/R/library/cpp11/include\" -I/usr/local/include -fpic -g -O2 -c field.cpp -o field.o\r\nicpc -std=gnu++11 -I\"/N/soft/rhel7/r/3.6.0/lib64/R/include\" -DNDEBUG -I\"/geode2/soft/hps/rhel7/r/3.6.0/lib64/R/library/cpp11/include\" -I/usr/local/include -fpic -g -O2 -c filesystem.cpp -o filesystem.o\r\nicpc -std=gnu++11 -I\"/N/soft/rhel7/r/3.6.0/lib64/R/include\" -DNDEBUG -I\"/geode2/soft/hps/rhel7/r/3.6.0/lib64/R/library/cpp11/include\" -I/usr/local/include -fpic -g -O2 -c imports.cpp -o imports.o\r\nicpc -std=gnu++11 -I\"/N/soft/rhel7/r/3.6.0/lib64/R/include\" -DNDEBUG -I\"/geode2/soft/hps/rhel7/r/3.6.0/lib64/R/library/cpp11/include\" -I/usr/local/include -fpic -g -O2 -c io.cpp -o io.o\r\nicpc -std=gnu++11 -I\"/N/soft/rhel7/r/3.6.0/lib64/R/include\" -DNDEBUG -I\"/geode2/soft/hps/rhel7/r/3.6.0/lib64/R/library/cpp11/include\" -I/usr/local/include -fpic -g -O2 -c json.cpp -o json.o\r\nicpc -std=gnu++11 -I\"/N/soft/rhel7/r/3.6.0/lib64/R/include\" -DNDEBUG -I\"/geode2/soft/hps/rhel7/r/3.6.0/lib64/R/library/cpp11/include\" -I/usr/local/include -fpic -g -O2 -c memorypool.cpp -o memorypool.o\r\nicpc -std=gnu++11 -I\"/N/soft/rhel7/r/3.6.0/lib64/R/include\" -DNDEBUG -I\"/geode2/soft/hps/rhel7/r/3.6.0/lib64/R/library/cpp11/include\" -I/usr/local/include -fpic -g -O2 -c message.cpp -o message.o\r\nicpc -std=gnu++11 -I\"/N/soft/rhel7/r/3.6.0/lib64/R/include\" -DNDEBUG -I\"/geode2/soft/hps/rhel7/r/3.6.0/lib64/R/library/cpp11/include\" -I/usr/local/include -fpic -g -O2 -c parquet.cpp -o parquet.o\r\nicpc -std=gnu++11 -I\"/N/soft/rhel7/r/3.6.0/lib64/R/include\" -DNDEBUG -I\"/geode2/soft/hps/rhel7/r/3.6.0/lib64/R/library/cpp11/include\" -I/usr/local/include -fpic -g -O2 -c py-to-r.cpp -o py-to-r.o\r\nicpc -std=gnu++11 -I\"/N/soft/rhel7/r/3.6.0/lib64/R/include\" -DNDEBUG -I\"/geode2/soft/hps/rhel7/r/3.6.0/lib64/R/library/cpp11/include\" -I/usr/local/include -fpic -g -O2 -c recordbatch.cpp -o recordbatch.o\r\nicpc -std=gnu++11 -I\"/N/soft/rhel7/r/3.6.0/lib64/R/include\" -DNDEBUG -I\"/geode2/soft/hps/rhel7/r/3.6.0/lib64/R/library/cpp11/include\" -I/usr/local/include -fpic -g -O2 -c recordbatchreader.cpp -o recordbatchreader.o\r\nicpc -std=gnu++11 -I\"/N/soft/rhel7/r/3.6.0/lib64/R/include\" -DNDEBUG -I\"/geode2/soft/hps/rhel7/r/3.6.0/lib64/R/library/cpp11/include\" -I/usr/local/include -fpic -g -O2 -c recordbatchwriter.cpp -o recordbatchwriter.o\r\nicpc -std=gnu++11 -I\"/N/soft/rhel7/r/3.6.0/lib64/R/include\" -DNDEBUG -I\"/geode2/soft/hps/rhel7/r/3.6.0/lib64/R/library/cpp11/include\" -I/usr/local/include -fpic -g -O2 -c scalar.cpp -o scalar.o\r\nicpc -std=gnu++11 -I\"/N/soft/rhel7/r/3.6.0/lib64/R/include\" -DNDEBUG -I\"/geode2/soft/hps/rhel7/r/3.6.0/lib64/R/library/cpp11/include\" -I/usr/local/include -fpic -g -O2 -c schema.cpp -o schema.o\r\nicpc -std=gnu++11 -I\"/N/soft/rhel7/r/3.6.0/lib64/R/include\" -DNDEBUG -I\"/geode2/soft/hps/rhel7/r/3.6.0/lib64/R/library/cpp11/include\" -I/usr/local/include -fpic -g -O2 -c symbols.cpp -o symbols.o\r\nicpc -std=gnu++11 -I\"/N/soft/rhel7/r/3.6.0/lib64/R/include\" -DNDEBUG -I\"/geode2/soft/hps/rhel7/r/3.6.0/lib64/R/library/cpp11/include\" -I/usr/local/include -fpic -g -O2 -c table.cpp -o table.o\r\nicpc -std=gnu++11 -I\"/N/soft/rhel7/r/3.6.0/lib64/R/include\" -DNDEBUG -I\"/geode2/soft/hps/rhel7/r/3.6.0/lib64/R/library/cpp11/include\" -I/usr/local/include -fpic -g -O2 -c threadpool.cpp -o threadpool.o\r\nicpc -std=gnu++11 -shared -L/N/soft/rhel7/r/3.6.0/lib64/R/lib -L//N/soft/rhel7/zlib/gnu/1.2.11/lib -L/N/soft/rhel7/bzip2/1.0.6/lib -L/N/soft/rhel7/xz/5.2.4/lib -L/N/soft/rhel7/pcre/8.40/lib -L/N/soft/rhel7/cairo/1.15.4/lib -lcairo -o arrow.so array.o array_from_vector.o array_to_vector.o arraydata.o arrowExports.o buffer.o chunkedarray.o compression.o compute.o csv.o dataset.o datatype.o expression.o feather.o field.o filesystem.o imports.o io.o json.o memorypool.o message.o parquet.o py-to-r.o recordbatch.o recordbatchreader.o recordbatchwriter.o scalar.o schema.o symbols.o table.o threadpool.o -L/N/soft/rhel7/r/3.6.0/lib64/R/lib -lR\r\ninstalling to /geode2/home/u070/rrokde/Carbonate/R/x86_64-pc-linux-gnu-library/3.6/00LOCK-arrow/00new/arrow/libs\r\n** R\r\n** inst\r\n** byte-compile and prepare package for lazy loading\r\n** help\r\n*** installing help indices\r\n** building package indices\r\n** installing vignettes\r\n** testing if installed package can be loaded from temporary location\r\n** checking absolute paths in shared objects and dynamic libraries\r\n** testing if installed package can be loaded from final location\r\n** testing if installed package keeps a record of temporary installation path\r\n* DONE (arrow)\r\n\r\nThe downloaded source packages are in\r\n \u2018/tmp/Rtmp8e3zPn/downloaded_packages\u2019\r\n\r\nAttaching package: \u2018arrow\u2019\r\n\r\nThe following object is masked from \u2018package:utils\u2019:\r\n\r\ntimestamp\r\n{code}\r\n",
        "customfield_10010": null,
        "timetracking": {},
        "customfield_12314523": null,
        "customfield_12314127": null,
        "customfield_12314522": null,
        "customfield_12314126": null,
        "customfield_12314521": null,
        "customfield_12314125": null,
        "customfield_12314520": null,
        "customfield_12314124": null,
        "attachment": [],
        "customfield_12312340": null,
        "customfield_12314123": null,
        "customfield_12312341": null,
        "customfield_12312220": null,
        "customfield_12314122": null,
        "customfield_12314121": null,
        "customfield_12314120": null,
        "customfield_12314129": null,
        "customfield_12314524": null,
        "customfield_12314128": null,
        "summary": "Could't use the read_parquet() fucntion call",
        "customfield_12314130": null,
        "customfield_12310291": null,
        "customfield_12310290": null,
        "customfield_12314138": null,
        "customfield_12314137": null,
        "environment": "Linux i11.red.uits.iu.edu 3.10.0-1160.15.2.el7.x86_64 #1 SMP Thu Jan 21 16:15:07 EST 2021 x86_64 x86_64 x86_64 GNU/Linux\r\n\r\nRHEL",
        "customfield_12314136": null,
        "customfield_12314135": null,
        "customfield_12311020": null,
        "customfield_12314134": null,
        "duedate": null,
        "customfield_12314132": null,
        "customfield_12314131": null,
        "comment": {
            "comments": [
                {
                    "self": "https://issues.apache.org/jira/rest/api/2/issue/13369027/comment/17313038",
                    "id": "17313038",
                    "author": {
                        "self": "https://issues.apache.org/jira/rest/api/2/user?username=apitrou",
                        "name": "apitrou",
                        "key": "pitrou",
                        "avatarUrls": {
                            "48x48": "https://issues.apache.org/jira/secure/useravatar?ownerId=pitrou&avatarId=35049",
                            "24x24": "https://issues.apache.org/jira/secure/useravatar?size=small&ownerId=pitrou&avatarId=35049",
                            "16x16": "https://issues.apache.org/jira/secure/useravatar?size=xsmall&ownerId=pitrou&avatarId=35049",
                            "32x32": "https://issues.apache.org/jira/secure/useravatar?size=medium&ownerId=pitrou&avatarId=35049"
                        },
                        "displayName": "Antoine Pitrou",
                        "active": true,
                        "timeZone": "Europe/Paris"
                    },
                    "body": "It looks like you are using the Intel C/C++ compiler and it fails to compile Arrow. I would suggest switching to gcc or clang to try and solve your issue.\r\n\r\n(if you are motivated enough, you can also try to submit a PR to allow Arrow to compile with icc)",
                    "updateAuthor": {
                        "self": "https://issues.apache.org/jira/rest/api/2/user?username=apitrou",
                        "name": "apitrou",
                        "key": "pitrou",
                        "avatarUrls": {
                            "48x48": "https://issues.apache.org/jira/secure/useravatar?ownerId=pitrou&avatarId=35049",
                            "24x24": "https://issues.apache.org/jira/secure/useravatar?size=small&ownerId=pitrou&avatarId=35049",
                            "16x16": "https://issues.apache.org/jira/secure/useravatar?size=xsmall&ownerId=pitrou&avatarId=35049",
                            "32x32": "https://issues.apache.org/jira/secure/useravatar?size=medium&ownerId=pitrou&avatarId=35049"
                        },
                        "displayName": "Antoine Pitrou",
                        "active": true,
                        "timeZone": "Europe/Paris"
                    },
                    "created": "2021-04-01T09:21:30.122+0000",
                    "updated": "2021-04-01T09:21:30.122+0000"
                },
                {
                    "self": "https://issues.apache.org/jira/rest/api/2/issue/13369027/comment/17313481",
                    "id": "17313481",
                    "author": {
                        "self": "https://issues.apache.org/jira/rest/api/2/user?username=rrokde",
                        "name": "rrokde",
                        "key": "rrokde",
                        "avatarUrls": {
                            "48x48": "https://issues.apache.org/jira/secure/useravatar?avatarId=10452",
                            "24x24": "https://issues.apache.org/jira/secure/useravatar?size=small&avatarId=10452",
                            "16x16": "https://issues.apache.org/jira/secure/useravatar?size=xsmall&avatarId=10452",
                            "32x32": "https://issues.apache.org/jira/secure/useravatar?size=medium&avatarId=10452"
                        },
                        "displayName": "Rohit Rokde",
                        "active": true,
                        "timeZone": "Etc/UTC"
                    },
                    "body": "Hi [~apitrou], thanks for the update. I uninstalled the icc, gcc stepped in and it worked. But now I have this new error when I use the read_parquet() function call.\r\n\r\n\u00a0\r\n{code:java}\r\nError: IOError: NotImplemented: Support for codec 'snappy' not built{code}\r\n\u00a0\r\n\r\nAnd I don't have root permissions to install\u00a0libsnappy-dev. Compiling the source for that lib and making symlinks will be too tedious to resolve any possible dependencies. This idea was suggested [here|https://unix.stackexchange.com/questions/73653/installing-a-package-locally-to-a-user-best-practices]\r\n\r\n\u00a0\r\n\r\nThanks for your help. I will close this issue for now.\r\n\r\n\u00a0",
                    "updateAuthor": {
                        "self": "https://issues.apache.org/jira/rest/api/2/user?username=rrokde",
                        "name": "rrokde",
                        "key": "rrokde",
                        "avatarUrls": {
                            "48x48": "https://issues.apache.org/jira/secure/useravatar?avatarId=10452",
                            "24x24": "https://issues.apache.org/jira/secure/useravatar?size=small&avatarId=10452",
                            "16x16": "https://issues.apache.org/jira/secure/useravatar?size=xsmall&avatarId=10452",
                            "32x32": "https://issues.apache.org/jira/secure/useravatar?size=medium&avatarId=10452"
                        },
                        "displayName": "Rohit Rokde",
                        "active": true,
                        "timeZone": "Etc/UTC"
                    },
                    "created": "2021-04-01T23:56:20.436+0000",
                    "updated": "2021-04-01T23:56:20.436+0000"
                }
            ],
            "maxResults": 2,
            "total": 2,
            "startAt": 0
        },
        "customfield_12311820": "0|z0pfs0:",
        "customfield_12314139": null
    }
}