{
    "expand": "operations,versionedRepresentations,editmeta,changelog,renderedFields",
    "id": "13368190",
    "self": "https://issues.apache.org/jira/rest/api/2/issue/13368190",
    "key": "ARROW-12122",
    "fields": {
        "fixVersions": [
            {
                "self": "https://issues.apache.org/jira/rest/api/2/version/12349983",
                "id": "12349983",
                "description": "",
                "name": "5.0.0",
                "archived": false,
                "released": true,
                "releaseDate": "2021-07-28"
            }
        ],
        "resolution": {
            "self": "https://issues.apache.org/jira/rest/api/2/resolution/1",
            "id": "1",
            "description": "A fix for this issue is checked into the tree and tested.",
            "name": "Fixed"
        },
        "customfield_12312322": null,
        "customfield_12312323": null,
        "customfield_12312320": null,
        "customfield_12310420": "9223372036854775807",
        "customfield_12312321": null,
        "customfield_12312328": null,
        "customfield_12312329": null,
        "customfield_12312326": null,
        "customfield_12310300": null,
        "customfield_12312327": null,
        "customfield_12312324": null,
        "customfield_12312720": null,
        "customfield_12312325": null,
        "lastViewed": null,
        "priority": {
            "self": "https://issues.apache.org/jira/rest/api/2/priority/3",
            "iconUrl": "https://issues.apache.org/jira/images/icons/priorities/major.svg",
            "name": "Major",
            "id": "3"
        },
        "labels": [
            "pull-request-available"
        ],
        "customfield_12312333": null,
        "customfield_12312334": null,
        "customfield_12313422": "false",
        "customfield_12310310": "0.0",
        "customfield_12312331": null,
        "customfield_12312332": null,
        "aggregatetimeoriginalestimate": null,
        "timeestimate": 0,
        "customfield_12312330": null,
        "versions": [],
        "customfield_12311120": null,
        "customfield_12313826": null,
        "customfield_12312339": null,
        "issuelinks": [
            {
                "id": "12619369",
                "self": "https://issues.apache.org/jira/rest/api/2/issueLink/12619369",
                "type": {
                    "id": "12310660",
                    "name": "Completes",
                    "inward": "is fixed by",
                    "outward": "fixes",
                    "self": "https://issues.apache.org/jira/rest/api/2/issueLinkType/12310660"
                },
                "inwardIssue": {
                    "id": "13341641",
                    "key": "ARROW-10658",
                    "self": "https://issues.apache.org/jira/rest/api/2/issue/13341641",
                    "fields": {
                        "summary": "[Python][Packaging] Wheel builds for Apple Silicon",
                        "status": {
                            "self": "https://issues.apache.org/jira/rest/api/2/status/5",
                            "description": "A resolution has been taken, and it is awaiting verification by reporter. From here issues are either reopened, or are closed.",
                            "iconUrl": "https://issues.apache.org/jira/images/icons/statuses/resolved.png",
                            "name": "Resolved",
                            "id": "5",
                            "statusCategory": {
                                "self": "https://issues.apache.org/jira/rest/api/2/statuscategory/3",
                                "id": 3,
                                "key": "done",
                                "colorName": "green",
                                "name": "Done"
                            }
                        },
                        "priority": {
                            "self": "https://issues.apache.org/jira/rest/api/2/priority/3",
                            "iconUrl": "https://issues.apache.org/jira/images/icons/priorities/major.svg",
                            "name": "Major",
                            "id": "3"
                        },
                        "issuetype": {
                            "self": "https://issues.apache.org/jira/rest/api/2/issuetype/4",
                            "id": "4",
                            "description": "An improvement or enhancement to an existing feature or task.",
                            "iconUrl": "https://issues.apache.org/jira/secure/viewavatar?size=xsmall&avatarId=21140&avatarType=issuetype",
                            "name": "Improvement",
                            "subtask": false,
                            "avatarId": 21140
                        }
                    }
                }
            },
            {
                "id": "12617999",
                "self": "https://issues.apache.org/jira/rest/api/2/issueLink/12617999",
                "type": {
                    "id": "12310051",
                    "name": "Supercedes",
                    "inward": "is superceded by",
                    "outward": "supercedes",
                    "self": "https://issues.apache.org/jira/rest/api/2/issueLinkType/12310051"
                },
                "outwardIssue": {
                    "id": "13359176",
                    "key": "ARROW-11684",
                    "self": "https://issues.apache.org/jira/rest/api/2/issue/13359176",
                    "fields": {
                        "summary": "[Python] Publish macos m1 arm wheels for pypi ",
                        "status": {
                            "self": "https://issues.apache.org/jira/rest/api/2/status/6",
                            "description": "The issue is considered finished, the resolution is correct. Issues which are not closed can be reopened.",
                            "iconUrl": "https://issues.apache.org/jira/images/icons/statuses/closed.png",
                            "name": "Closed",
                            "id": "6",
                            "statusCategory": {
                                "self": "https://issues.apache.org/jira/rest/api/2/statuscategory/3",
                                "id": 3,
                                "key": "done",
                                "colorName": "green",
                                "name": "Done"
                            }
                        },
                        "priority": {
                            "self": "https://issues.apache.org/jira/rest/api/2/priority/3",
                            "iconUrl": "https://issues.apache.org/jira/images/icons/priorities/major.svg",
                            "name": "Major",
                            "id": "3"
                        },
                        "issuetype": {
                            "self": "https://issues.apache.org/jira/rest/api/2/issuetype/4",
                            "id": "4",
                            "description": "An improvement or enhancement to an existing feature or task.",
                            "iconUrl": "https://issues.apache.org/jira/secure/viewavatar?size=xsmall&avatarId=21140&avatarType=issuetype",
                            "name": "Improvement",
                            "subtask": false,
                            "avatarId": 21140
                        }
                    }
                }
            }
        ],
        "customfield_12313825": null,
        "assignee": {
            "self": "https://issues.apache.org/jira/rest/api/2/user?username=kszucs",
            "name": "kszucs",
            "key": "kszucs",
            "avatarUrls": {
                "48x48": "https://issues.apache.org/jira/secure/useravatar?avatarId=10452",
                "24x24": "https://issues.apache.org/jira/secure/useravatar?size=small&avatarId=10452",
                "16x16": "https://issues.apache.org/jira/secure/useravatar?size=xsmall&avatarId=10452",
                "32x32": "https://issues.apache.org/jira/secure/useravatar?size=medium&avatarId=10452"
            },
            "displayName": "Krisztian Szucs",
            "active": true,
            "timeZone": "Europe/Budapest"
        },
        "customfield_12312337": null,
        "customfield_12313823": null,
        "customfield_12312338": null,
        "customfield_12311920": null,
        "customfield_12313822": null,
        "customfield_12312335": null,
        "customfield_12313821": null,
        "customfield_12312336": null,
        "customfield_12313820": null,
        "status": {
            "self": "https://issues.apache.org/jira/rest/api/2/status/5",
            "description": "A resolution has been taken, and it is awaiting verification by reporter. From here issues are either reopened, or are closed.",
            "iconUrl": "https://issues.apache.org/jira/images/icons/statuses/resolved.png",
            "name": "Resolved",
            "id": "5",
            "statusCategory": {
                "self": "https://issues.apache.org/jira/rest/api/2/statuscategory/3",
                "id": 3,
                "key": "done",
                "colorName": "green",
                "name": "Done"
            }
        },
        "components": [
            {
                "self": "https://issues.apache.org/jira/rest/api/2/component/12333001",
                "id": "12333001",
                "name": "Packaging"
            },
            {
                "self": "https://issues.apache.org/jira/rest/api/2/component/12328936",
                "id": "12328936",
                "name": "Python"
            }
        ],
        "customfield_12312026": null,
        "customfield_12312023": null,
        "customfield_12312024": null,
        "aggregatetimeestimate": 0,
        "customfield_12312022": null,
        "customfield_12310921": null,
        "customfield_12310920": "9223372036854775807",
        "customfield_12312823": null,
        "creator": {
            "self": "https://issues.apache.org/jira/rest/api/2/user?username=bastienboutonnet",
            "name": "bastienboutonnet",
            "key": "bastienboutonnet",
            "avatarUrls": {
                "48x48": "https://issues.apache.org/jira/secure/useravatar?avatarId=10452",
                "24x24": "https://issues.apache.org/jira/secure/useravatar?size=small&avatarId=10452",
                "16x16": "https://issues.apache.org/jira/secure/useravatar?size=xsmall&avatarId=10452",
                "32x32": "https://issues.apache.org/jira/secure/useravatar?size=medium&avatarId=10452"
            },
            "displayName": "Bastien Boutonnet",
            "active": true,
            "timeZone": "Etc/UTC"
        },
        "subtasks": [],
        "reporter": {
            "self": "https://issues.apache.org/jira/rest/api/2/user?username=bastienboutonnet",
            "name": "bastienboutonnet",
            "key": "bastienboutonnet",
            "avatarUrls": {
                "48x48": "https://issues.apache.org/jira/secure/useravatar?avatarId=10452",
                "24x24": "https://issues.apache.org/jira/secure/useravatar?size=small&avatarId=10452",
                "16x16": "https://issues.apache.org/jira/secure/useravatar?size=xsmall&avatarId=10452",
                "32x32": "https://issues.apache.org/jira/secure/useravatar?size=medium&avatarId=10452"
            },
            "displayName": "Bastien Boutonnet",
            "active": true,
            "timeZone": "Etc/UTC"
        },
        "aggregateprogress": {
            "progress": 31200,
            "total": 31200,
            "percent": 100
        },
        "customfield_12313520": null,
        "customfield_12310250": null,
        "progress": {
            "progress": 31200,
            "total": 31200,
            "percent": 100
        },
        "customfield_12313924": null,
        "votes": {
            "self": "https://issues.apache.org/jira/rest/api/2/issue/ARROW-12122/votes",
            "votes": 1,
            "hasVoted": false
        },
        "customfield_12313920": null,
        "issuetype": {
            "self": "https://issues.apache.org/jira/rest/api/2/issuetype/1",
            "id": "1",
            "description": "A problem which impairs or prevents the functions of the product.",
            "iconUrl": "https://issues.apache.org/jira/secure/viewavatar?size=xsmall&avatarId=21133&avatarType=issuetype",
            "name": "Bug",
            "subtask": false,
            "avatarId": 21133
        },
        "timespent": 31200,
        "customfield_12314020": "{summaryBean=com.atlassian.jira.plugin.devstatus.rest.SummaryBean@63389f30[summary={pullrequest=com.atlassian.jira.plugin.devstatus.rest.SummaryItemBean@1a274610[overall=PullRequestOverallBean{stateCount=0, state='OPEN', details=PullRequestOverallDetails{openCount=0, mergedCount=0, declinedCount=0}},byInstanceType={}], build=com.atlassian.jira.plugin.devstatus.rest.SummaryItemBean@6e3a81f3[overall=com.atlassian.jira.plugin.devstatus.summary.beans.BuildOverallBean@4e8d4de2[failedBuildCount=0,successfulBuildCount=0,unknownBuildCount=0,count=0,lastUpdated=<null>,lastUpdatedTimestamp=<null>],byInstanceType={}], review=com.atlassian.jira.plugin.devstatus.rest.SummaryItemBean@3ab4505b[overall=com.atlassian.jira.plugin.devstatus.summary.beans.ReviewsOverallBean@11f44214[stateCount=0,state=<null>,dueDate=<null>,overDue=false,count=0,lastUpdated=<null>,lastUpdatedTimestamp=<null>],byInstanceType={}], deployment-environment=com.atlassian.jira.plugin.devstatus.rest.SummaryItemBean@2bfb6cc0[overall=com.atlassian.jira.plugin.devstatus.summary.beans.DeploymentOverallBean@f3dd600[topEnvironments=[],showProjects=false,successfulCount=0,count=0,lastUpdated=<null>,lastUpdatedTimestamp=<null>],byInstanceType={}], repository=com.atlassian.jira.plugin.devstatus.rest.SummaryItemBean@17136934[overall=com.atlassian.jira.plugin.devstatus.summary.beans.CommitOverallBean@24446d20[count=0,lastUpdated=<null>,lastUpdatedTimestamp=<null>],byInstanceType={}], branch=com.atlassian.jira.plugin.devstatus.rest.SummaryItemBean@54298804[overall=com.atlassian.jira.plugin.devstatus.summary.beans.BranchOverallBean@3545d957[count=0,lastUpdated=<null>,lastUpdatedTimestamp=<null>],byInstanceType={}]},errors=[],configErrors=[]], devSummaryJson={\"cachedValue\":{\"errors\":[],\"configErrors\":[],\"summary\":{\"pullrequest\":{\"overall\":{\"count\":0,\"lastUpdated\":null,\"stateCount\":0,\"state\":\"OPEN\",\"details\":{\"openCount\":0,\"mergedCount\":0,\"declinedCount\":0,\"total\":0},\"open\":true},\"byInstanceType\":{}},\"build\":{\"overall\":{\"count\":0,\"lastUpdated\":null,\"failedBuildCount\":0,\"successfulBuildCount\":0,\"unknownBuildCount\":0},\"byInstanceType\":{}},\"review\":{\"overall\":{\"count\":0,\"lastUpdated\":null,\"stateCount\":0,\"state\":null,\"dueDate\":null,\"overDue\":false,\"completed\":false},\"byInstanceType\":{}},\"deployment-environment\":{\"overall\":{\"count\":0,\"lastUpdated\":null,\"topEnvironments\":[],\"showProjects\":false,\"successfulCount\":0},\"byInstanceType\":{}},\"repository\":{\"overall\":{\"count\":0,\"lastUpdated\":null},\"byInstanceType\":{}},\"branch\":{\"overall\":{\"count\":0,\"lastUpdated\":null},\"byInstanceType\":{}}}},\"isStale\":false}}",
        "customfield_12314141": null,
        "customfield_12314140": null,
        "project": {
            "self": "https://issues.apache.org/jira/rest/api/2/project/12319525",
            "id": "12319525",
            "key": "ARROW",
            "name": "Apache Arrow",
            "projectTypeKey": "software",
            "avatarUrls": {
                "48x48": "https://issues.apache.org/jira/secure/projectavatar?pid=12319525&avatarId=10011",
                "24x24": "https://issues.apache.org/jira/secure/projectavatar?size=small&pid=12319525&avatarId=10011",
                "16x16": "https://issues.apache.org/jira/secure/projectavatar?size=xsmall&pid=12319525&avatarId=10011",
                "32x32": "https://issues.apache.org/jira/secure/projectavatar?size=medium&pid=12319525&avatarId=10011"
            },
            "projectCategory": {
                "self": "https://issues.apache.org/jira/rest/api/2/projectCategory/13960",
                "id": "13960",
                "description": "Apache Arrow",
                "name": "Arrow"
            }
        },
        "aggregatetimespent": 31200,
        "customfield_12312520": null,
        "customfield_12312521": "Wed Jul 28 09:06:23 UTC 2021",
        "customfield_12314422": null,
        "customfield_12314421": null,
        "customfield_12314146": null,
        "customfield_12314420": null,
        "customfield_12314145": null,
        "customfield_12314144": null,
        "customfield_12314143": null,
        "resolutiondate": "2021-07-19T22:13:53.000+0000",
        "workratio": -1,
        "customfield_12312923": null,
        "customfield_12312920": null,
        "customfield_12312921": null,
        "watches": {
            "self": "https://issues.apache.org/jira/rest/api/2/issue/ARROW-12122/watchers",
            "watchCount": 9,
            "isWatching": false
        },
        "created": "2021-03-28T12:37:06.000+0000",
        "updated": "2021-07-28T09:06:23.000+0000",
        "timeoriginalestimate": null,
        "description": "when doing {{pip install pyarrow --no-use-pep517}}\r\n\r\n{noformat}\r\nCollecting pyarrow\r\n Using cached pyarrow-3.0.0.tar.gz (682 kB)\r\nRequirement already satisfied: numpy>=1.16.6 in /Users/bastienboutonnet/Library/Caches/pypoetry/virtualenvs/dbt-sugar-lJO0x__U-py3.8/lib/python3.8/site-packages (from pyarrow) (1.20.2)\r\nBuilding wheels for collected packages: pyarrow\r\n Building wheel for pyarrow (setup.py) ... error\r\n ERROR: Command errored out with exit status 1:\r\n command: /Users/bastienboutonnet/Library/Caches/pypoetry/virtualenvs/dbt-sugar-lJO0x__U-py3.8/bin/python -u -c 'import sys, setuptools, tokenize; sys.argv[0] = '\"'\"'/private/var/folders/v2/lfkghkc147j06_jd13v1f0yr0000gn/T/pip-install-ri2w315u/pyarrow_8d01252c437341798da24cfec11f603e/setup.py'\"'\"'; __file__='\"'\"'/private/var/folders/v2/lfkghkc147j06_jd13v1f0yr0000gn/T/pip-install-ri2w315u/pyarrow_8d01252c437341798da24cfec11f603e/setup.py'\"'\"';f=getattr(tokenize, '\"'\"'open'\"'\"', open)(__file__);code=f.read().replace('\"'\"'\\r\\n'\"'\"', '\"'\"'\\n'\"'\"');f.close();exec(compile(code, __file__, '\"'\"'exec'\"'\"'))' bdist_wheel -d /private/var/folders/v2/lfkghkc147j06_jd13v1f0yr0000gn/T/pip-wheel-vpkwqzyi\r\n cwd: /private/var/folders/v2/lfkghkc147j06_jd13v1f0yr0000gn/T/pip-install-ri2w315u/pyarrow_8d01252c437341798da24cfec11f603e/\r\n Complete output (238 lines):\r\n running bdist_wheel\r\n running build\r\n running build_py\r\n creating build\r\n creating build/lib.macosx-11.2-arm64-3.8\r\n creating build/lib.macosx-11.2-arm64-3.8/pyarrow\r\n copying pyarrow/orc.py -> build/lib.macosx-11.2-arm64-3.8/pyarrow\r\n copying pyarrow/_generated_version.py -> build/lib.macosx-11.2-arm64-3.8/pyarrow\r\n copying pyarrow/compat.py -> build/lib.macosx-11.2-arm64-3.8/pyarrow\r\n copying pyarrow/benchmark.py -> build/lib.macosx-11.2-arm64-3.8/pyarrow\r\n copying pyarrow/parquet.py -> build/lib.macosx-11.2-arm64-3.8/pyarrow\r\n copying pyarrow/ipc.py -> build/lib.macosx-11.2-arm64-3.8/pyarrow\r\n copying pyarrow/util.py -> build/lib.macosx-11.2-arm64-3.8/pyarrow\r\n copying pyarrow/flight.py -> build/lib.macosx-11.2-arm64-3.8/pyarrow\r\n copying pyarrow/cffi.py -> build/lib.macosx-11.2-arm64-3.8/pyarrow\r\n copying pyarrow/filesystem.py -> build/lib.macosx-11.2-arm64-3.8/pyarrow\r\n copying pyarrow/__init__.py -> build/lib.macosx-11.2-arm64-3.8/pyarrow\r\n copying pyarrow/plasma.py -> build/lib.macosx-11.2-arm64-3.8/pyarrow\r\n copying pyarrow/types.py -> build/lib.macosx-11.2-arm64-3.8/pyarrow\r\n copying pyarrow/dataset.py -> build/lib.macosx-11.2-arm64-3.8/pyarrow\r\n copying pyarrow/cuda.py -> build/lib.macosx-11.2-arm64-3.8/pyarrow\r\n copying pyarrow/feather.py -> build/lib.macosx-11.2-arm64-3.8/pyarrow\r\n copying pyarrow/pandas_compat.py -> build/lib.macosx-11.2-arm64-3.8/pyarrow\r\n copying pyarrow/fs.py -> build/lib.macosx-11.2-arm64-3.8/pyarrow\r\n copying pyarrow/csv.py -> build/lib.macosx-11.2-arm64-3.8/pyarrow\r\n copying pyarrow/jvm.py -> build/lib.macosx-11.2-arm64-3.8/pyarrow\r\n copying pyarrow/hdfs.py -> build/lib.macosx-11.2-arm64-3.8/pyarrow\r\n copying pyarrow/json.py -> build/lib.macosx-11.2-arm64-3.8/pyarrow\r\n copying pyarrow/serialization.py -> build/lib.macosx-11.2-arm64-3.8/pyarrow\r\n copying pyarrow/compute.py -> build/lib.macosx-11.2-arm64-3.8/pyarrow\r\n creating build/lib.macosx-11.2-arm64-3.8/pyarrow/tests\r\n copying pyarrow/tests/test_tensor.py -> build/lib.macosx-11.2-arm64-3.8/pyarrow/tests\r\n copying pyarrow/tests/test_ipc.py -> build/lib.macosx-11.2-arm64-3.8/pyarrow/tests\r\n copying pyarrow/tests/conftest.py -> build/lib.macosx-11.2-arm64-3.8/pyarrow/tests\r\n copying pyarrow/tests/test_convert_builtin.py -> build/lib.macosx-11.2-arm64-3.8/pyarrow/tests\r\n copying pyarrow/tests/test_misc.py -> build/lib.macosx-11.2-arm64-3.8/pyarrow/tests\r\n copying pyarrow/tests/test_gandiva.py -> build/lib.macosx-11.2-arm64-3.8/pyarrow/tests\r\n copying pyarrow/tests/strategies.py -> build/lib.macosx-11.2-arm64-3.8/pyarrow/tests\r\n copying pyarrow/tests/test_adhoc_memory_leak.py -> build/lib.macosx-11.2-arm64-3.8/pyarrow/tests\r\n copying pyarrow/tests/arrow_7980.py -> build/lib.macosx-11.2-arm64-3.8/pyarrow/tests\r\n copying pyarrow/tests/util.py -> build/lib.macosx-11.2-arm64-3.8/pyarrow/tests\r\n copying pyarrow/tests/test_orc.py -> build/lib.macosx-11.2-arm64-3.8/pyarrow/tests\r\n copying pyarrow/tests/test_table.py -> build/lib.macosx-11.2-arm64-3.8/pyarrow/tests\r\n copying pyarrow/tests/test_array.py -> build/lib.macosx-11.2-arm64-3.8/pyarrow/tests\r\n copying pyarrow/tests/test_deprecations.py -> build/lib.macosx-11.2-arm64-3.8/pyarrow/tests\r\n copying pyarrow/tests/test_serialization_deprecated.py -> build/lib.macosx-11.2-arm64-3.8/pyarrow/tests\r\n copying pyarrow/tests/__init__.py -> build/lib.macosx-11.2-arm64-3.8/pyarrow/tests\r\n copying pyarrow/tests/test_io.py -> build/lib.macosx-11.2-arm64-3.8/pyarrow/tests\r\n copying pyarrow/tests/test_cuda_numba_interop.py -> build/lib.macosx-11.2-arm64-3.8/pyarrow/tests\r\n copying pyarrow/tests/test_cffi.py -> build/lib.macosx-11.2-arm64-3.8/pyarrow/tests\r\n copying pyarrow/tests/test_schema.py -> build/lib.macosx-11.2-arm64-3.8/pyarrow/tests\r\n copying pyarrow/tests/test_jvm.py -> build/lib.macosx-11.2-arm64-3.8/pyarrow/tests\r\n copying pyarrow/tests/test_plasma_tf_op.py -> build/lib.macosx-11.2-arm64-3.8/pyarrow/tests\r\n copying pyarrow/tests/test_fs.py -> build/lib.macosx-11.2-arm64-3.8/pyarrow/tests\r\n copying pyarrow/tests/test_filesystem.py -> build/lib.macosx-11.2-arm64-3.8/pyarrow/tests\r\n copying pyarrow/tests/pandas_threaded_import.py -> build/lib.macosx-11.2-arm64-3.8/pyarrow/tests\r\n copying pyarrow/tests/pandas_examples.py -> build/lib.macosx-11.2-arm64-3.8/pyarrow/tests\r\n copying pyarrow/tests/test_cython.py -> build/lib.macosx-11.2-arm64-3.8/pyarrow/tests\r\n copying pyarrow/tests/test_sparse_tensor.py -> build/lib.macosx-11.2-arm64-3.8/pyarrow/tests\r\n copying pyarrow/tests/test_dataset.py -> build/lib.macosx-11.2-arm64-3.8/pyarrow/tests\r\n copying pyarrow/tests/test_builder.py -> build/lib.macosx-11.2-arm64-3.8/pyarrow/tests\r\n copying pyarrow/tests/test_cuda.py -> build/lib.macosx-11.2-arm64-3.8/pyarrow/tests\r\n copying pyarrow/tests/test_extension_type.py -> build/lib.macosx-11.2-arm64-3.8/pyarrow/tests\r\n copying pyarrow/tests/test_feather.py -> build/lib.macosx-11.2-arm64-3.8/pyarrow/tests\r\n copying pyarrow/tests/test_pandas.py -> build/lib.macosx-11.2-arm64-3.8/pyarrow/tests\r\n copying pyarrow/tests/test_memory.py -> build/lib.macosx-11.2-arm64-3.8/pyarrow/tests\r\n copying pyarrow/tests/test_flight.py -> build/lib.macosx-11.2-arm64-3.8/pyarrow/tests\r\n copying pyarrow/tests/test_json.py -> build/lib.macosx-11.2-arm64-3.8/pyarrow/tests\r\n copying pyarrow/tests/test_serialization.py -> build/lib.macosx-11.2-arm64-3.8/pyarrow/tests\r\n copying pyarrow/tests/test_compute.py -> build/lib.macosx-11.2-arm64-3.8/pyarrow/tests\r\n copying pyarrow/tests/test_hdfs.py -> build/lib.macosx-11.2-arm64-3.8/pyarrow/tests\r\n copying pyarrow/tests/deserialize_buffer.py -> build/lib.macosx-11.2-arm64-3.8/pyarrow/tests\r\n copying pyarrow/tests/test_strategies.py -> build/lib.macosx-11.2-arm64-3.8/pyarrow/tests\r\n copying pyarrow/tests/test_csv.py -> build/lib.macosx-11.2-arm64-3.8/pyarrow/tests\r\n copying pyarrow/tests/test_plasma.py -> build/lib.macosx-11.2-arm64-3.8/pyarrow/tests\r\n copying pyarrow/tests/test_scalars.py -> build/lib.macosx-11.2-arm64-3.8/pyarrow/tests\r\n copying pyarrow/tests/test_types.py -> build/lib.macosx-11.2-arm64-3.8/pyarrow/tests\r\n running egg_info\r\n writing pyarrow.egg-info/PKG-INFO\r\n writing dependency_links to pyarrow.egg-info/dependency_links.txt\r\n writing entry points to pyarrow.egg-info/entry_points.txt\r\n writing requirements to pyarrow.egg-info/requires.txt\r\n writing top-level names to pyarrow.egg-info/top_level.txt\r\n warning: Failed to find the configured license file '../LICENSE.txt'\r\n reading manifest file 'pyarrow.egg-info/SOURCES.txt'\r\n reading manifest template 'MANIFEST.in'\r\n warning: no files found matching '../LICENSE.txt'\r\n warning: no files found matching '../NOTICE.txt'\r\n warning: no previously-included files matching '*.so' found anywhere in distribution\r\n warning: no previously-included files matching '*.pyc' found anywhere in distribution\r\n warning: no previously-included files matching '*~' found anywhere in distribution\r\n warning: no previously-included files matching '#*' found anywhere in distribution\r\n warning: no previously-included files matching '.git*' found anywhere in distribution\r\n warning: no previously-included files matching '.DS_Store' found anywhere in distribution\r\n no previously-included directories found matching '.asv'\r\n writing manifest file 'pyarrow.egg-info/SOURCES.txt'\r\n copying pyarrow/__init__.pxd -> build/lib.macosx-11.2-arm64-3.8/pyarrow\r\n copying pyarrow/_compute.pxd -> build/lib.macosx-11.2-arm64-3.8/pyarrow\r\n copying pyarrow/_compute.pyx -> build/lib.macosx-11.2-arm64-3.8/pyarrow\r\n copying pyarrow/_csv.pxd -> build/lib.macosx-11.2-arm64-3.8/pyarrow\r\n copying pyarrow/_csv.pyx -> build/lib.macosx-11.2-arm64-3.8/pyarrow\r\n copying pyarrow/_cuda.pxd -> build/lib.macosx-11.2-arm64-3.8/pyarrow\r\n copying pyarrow/_cuda.pyx -> build/lib.macosx-11.2-arm64-3.8/pyarrow\r\n copying pyarrow/_dataset.pyx -> build/lib.macosx-11.2-arm64-3.8/pyarrow\r\n copying pyarrow/_flight.pyx -> build/lib.macosx-11.2-arm64-3.8/pyarrow\r\n copying pyarrow/_fs.pxd -> build/lib.macosx-11.2-arm64-3.8/pyarrow\r\n copying pyarrow/_fs.pyx -> build/lib.macosx-11.2-arm64-3.8/pyarrow\r\n copying pyarrow/_hdfs.pyx -> build/lib.macosx-11.2-arm64-3.8/pyarrow\r\n copying pyarrow/_json.pyx -> build/lib.macosx-11.2-arm64-3.8/pyarrow\r\n copying pyarrow/_orc.pxd -> build/lib.macosx-11.2-arm64-3.8/pyarrow\r\n copying pyarrow/_orc.pyx -> build/lib.macosx-11.2-arm64-3.8/pyarrow\r\n copying pyarrow/_parquet.pxd -> build/lib.macosx-11.2-arm64-3.8/pyarrow\r\n copying pyarrow/_parquet.pyx -> build/lib.macosx-11.2-arm64-3.8/pyarrow\r\n copying pyarrow/_plasma.pyx -> build/lib.macosx-11.2-arm64-3.8/pyarrow\r\n copying pyarrow/_s3fs.pyx -> build/lib.macosx-11.2-arm64-3.8/pyarrow\r\n copying pyarrow/array.pxi -> build/lib.macosx-11.2-arm64-3.8/pyarrow\r\n copying pyarrow/benchmark.pxi -> build/lib.macosx-11.2-arm64-3.8/pyarrow\r\n copying pyarrow/builder.pxi -> build/lib.macosx-11.2-arm64-3.8/pyarrow\r\n copying pyarrow/compat.pxi -> build/lib.macosx-11.2-arm64-3.8/pyarrow\r\n copying pyarrow/config.pxi -> build/lib.macosx-11.2-arm64-3.8/pyarrow\r\n copying pyarrow/error.pxi -> build/lib.macosx-11.2-arm64-3.8/pyarrow\r\n copying pyarrow/feather.pxi -> build/lib.macosx-11.2-arm64-3.8/pyarrow\r\n copying pyarrow/gandiva.pyx -> build/lib.macosx-11.2-arm64-3.8/pyarrow\r\n copying pyarrow/io-hdfs.pxi -> build/lib.macosx-11.2-arm64-3.8/pyarrow\r\n copying pyarrow/io.pxi -> build/lib.macosx-11.2-arm64-3.8/pyarrow\r\n copying pyarrow/ipc.pxi -> build/lib.macosx-11.2-arm64-3.8/pyarrow\r\n copying pyarrow/lib.pxd -> build/lib.macosx-11.2-arm64-3.8/pyarrow\r\n copying pyarrow/lib.pyx -> build/lib.macosx-11.2-arm64-3.8/pyarrow\r\n copying pyarrow/memory.pxi -> build/lib.macosx-11.2-arm64-3.8/pyarrow\r\n copying pyarrow/pandas-shim.pxi -> build/lib.macosx-11.2-arm64-3.8/pyarrow\r\n copying pyarrow/public-api.pxi -> build/lib.macosx-11.2-arm64-3.8/pyarrow\r\n copying pyarrow/scalar.pxi -> build/lib.macosx-11.2-arm64-3.8/pyarrow\r\n copying pyarrow/serialization.pxi -> build/lib.macosx-11.2-arm64-3.8/pyarrow\r\n copying pyarrow/table.pxi -> build/lib.macosx-11.2-arm64-3.8/pyarrow\r\n copying pyarrow/tensor.pxi -> build/lib.macosx-11.2-arm64-3.8/pyarrow\r\n copying pyarrow/types.pxi -> build/lib.macosx-11.2-arm64-3.8/pyarrow\r\n creating build/lib.macosx-11.2-arm64-3.8/pyarrow/includes\r\n copying pyarrow/includes/__init__.pxd -> build/lib.macosx-11.2-arm64-3.8/pyarrow/includes\r\n copying pyarrow/includes/common.pxd -> build/lib.macosx-11.2-arm64-3.8/pyarrow/includes\r\n copying pyarrow/includes/libarrow.pxd -> build/lib.macosx-11.2-arm64-3.8/pyarrow/includes\r\n copying pyarrow/includes/libarrow_cuda.pxd -> build/lib.macosx-11.2-arm64-3.8/pyarrow/includes\r\n copying pyarrow/includes/libarrow_dataset.pxd -> build/lib.macosx-11.2-arm64-3.8/pyarrow/includes\r\n copying pyarrow/includes/libarrow_flight.pxd -> build/lib.macosx-11.2-arm64-3.8/pyarrow/includes\r\n copying pyarrow/includes/libarrow_fs.pxd -> build/lib.macosx-11.2-arm64-3.8/pyarrow/includes\r\n copying pyarrow/includes/libgandiva.pxd -> build/lib.macosx-11.2-arm64-3.8/pyarrow/includes\r\n copying pyarrow/includes/libplasma.pxd -> build/lib.macosx-11.2-arm64-3.8/pyarrow/includes\r\n creating build/lib.macosx-11.2-arm64-3.8/pyarrow/tensorflow\r\n copying pyarrow/tensorflow/plasma_op.cc -> build/lib.macosx-11.2-arm64-3.8/pyarrow/tensorflow\r\n copying pyarrow/tests/pyarrow_cython_example.pyx -> build/lib.macosx-11.2-arm64-3.8/pyarrow/tests\r\n creating build/lib.macosx-11.2-arm64-3.8/pyarrow/tests/data\r\n creating build/lib.macosx-11.2-arm64-3.8/pyarrow/tests/data/feather\r\n copying pyarrow/tests/data/feather/v0.17.0.version=2-compression=lz4.feather -> build/lib.macosx-11.2-arm64-3.8/pyarrow/tests/data/feather\r\n creating build/lib.macosx-11.2-arm64-3.8/pyarrow/tests/data/orc\r\n copying pyarrow/tests/data/orc/README.md -> build/lib.macosx-11.2-arm64-3.8/pyarrow/tests/data/orc\r\n copying pyarrow/tests/data/orc/TestOrcFile.emptyFile.jsn.gz -> build/lib.macosx-11.2-arm64-3.8/pyarrow/tests/data/orc\r\n copying pyarrow/tests/data/orc/TestOrcFile.emptyFile.orc -> build/lib.macosx-11.2-arm64-3.8/pyarrow/tests/data/orc\r\n copying pyarrow/tests/data/orc/TestOrcFile.test1.jsn.gz -> build/lib.macosx-11.2-arm64-3.8/pyarrow/tests/data/orc\r\n copying pyarrow/tests/data/orc/TestOrcFile.test1.orc -> build/lib.macosx-11.2-arm64-3.8/pyarrow/tests/data/orc\r\n copying pyarrow/tests/data/orc/TestOrcFile.testDate1900.jsn.gz -> build/lib.macosx-11.2-arm64-3.8/pyarrow/tests/data/orc\r\n copying pyarrow/tests/data/orc/TestOrcFile.testDate1900.orc -> build/lib.macosx-11.2-arm64-3.8/pyarrow/tests/data/orc\r\n copying pyarrow/tests/data/orc/decimal.jsn.gz -> build/lib.macosx-11.2-arm64-3.8/pyarrow/tests/data/orc\r\n copying pyarrow/tests/data/orc/decimal.orc -> build/lib.macosx-11.2-arm64-3.8/pyarrow/tests/data/orc\r\n creating build/lib.macosx-11.2-arm64-3.8/pyarrow/tests/data/parquet\r\n copying pyarrow/tests/data/parquet/v0.7.1.all-named-index.parquet -> build/lib.macosx-11.2-arm64-3.8/pyarrow/tests/data/parquet\r\n copying pyarrow/tests/data/parquet/v0.7.1.column-metadata-handling.parquet -> build/lib.macosx-11.2-arm64-3.8/pyarrow/tests/data/parquet\r\n copying pyarrow/tests/data/parquet/v0.7.1.parquet -> build/lib.macosx-11.2-arm64-3.8/pyarrow/tests/data/parquet\r\n copying pyarrow/tests/data/parquet/v0.7.1.some-named-index.parquet -> build/lib.macosx-11.2-arm64-3.8/pyarrow/tests/data/parquet\r\n creating build/lib.macosx-11.2-arm64-3.8/pyarrow/tests/parquet\r\n copying pyarrow/tests/parquet/common.py -> build/lib.macosx-11.2-arm64-3.8/pyarrow/tests/parquet\r\n copying pyarrow/tests/parquet/conftest.py -> build/lib.macosx-11.2-arm64-3.8/pyarrow/tests/parquet\r\n copying pyarrow/tests/parquet/test_basic.py -> build/lib.macosx-11.2-arm64-3.8/pyarrow/tests/parquet\r\n copying pyarrow/tests/parquet/test_data_types.py -> build/lib.macosx-11.2-arm64-3.8/pyarrow/tests/parquet\r\n copying pyarrow/tests/parquet/test_dataset.py -> build/lib.macosx-11.2-arm64-3.8/pyarrow/tests/parquet\r\n copying pyarrow/tests/parquet/test_datetime.py -> build/lib.macosx-11.2-arm64-3.8/pyarrow/tests/parquet\r\n copying pyarrow/tests/parquet/test_metadata.py -> build/lib.macosx-11.2-arm64-3.8/pyarrow/tests/parquet\r\n copying pyarrow/tests/parquet/test_pandas.py -> build/lib.macosx-11.2-arm64-3.8/pyarrow/tests/parquet\r\n copying pyarrow/tests/parquet/test_parquet_file.py -> build/lib.macosx-11.2-arm64-3.8/pyarrow/tests/parquet\r\n copying pyarrow/tests/parquet/test_parquet_writer.py -> build/lib.macosx-11.2-arm64-3.8/pyarrow/tests/parquet\r\n running build_ext\r\n creating /private/var/folders/v2/lfkghkc147j06_jd13v1f0yr0000gn/T/pip-install-ri2w315u/pyarrow_8d01252c437341798da24cfec11f603e/build/temp.macosx-11.2-arm64-3.8\r\n -- Running cmake for pyarrow\r\n cmake -DPYTHON_EXECUTABLE=/Users/bastienboutonnet/Library/Caches/pypoetry/virtualenvs/dbt-sugar-lJO0x__U-py3.8/bin/python -DPython3_EXECUTABLE=/Users/bastienboutonnet/Library/Caches/pypoetry/virtualenvs/dbt-sugar-lJO0x__U-py3.8/bin/python -DPYARROW_BUILD_CUDA=off -DPYARROW_BUILD_FLIGHT=off -DPYARROW_BUILD_GANDIVA=off -DPYARROW_BUILD_DATASET=off -DPYARROW_BUILD_ORC=off -DPYARROW_BUILD_PARQUET=off -DPYARROW_BUILD_PLASMA=off -DPYARROW_BUILD_S3=off -DPYARROW_BUILD_HDFS=off -DPYARROW_USE_TENSORFLOW=off -DPYARROW_BUNDLE_ARROW_CPP=off -DPYARROW_BUNDLE_BOOST=off -DPYARROW_GENERATE_COVERAGE=off -DPYARROW_BOOST_USE_SHARED=on -DPYARROW_PARQUET_USE_SHARED=on -DCMAKE_BUILD_TYPE=release /private/var/folders/v2/lfkghkc147j06_jd13v1f0yr0000gn/T/pip-install-ri2w315u/pyarrow_8d01252c437341798da24cfec11f603e\r\n -- The C compiler identification is AppleClang 12.0.0.12000032\r\n -- The CXX compiler identification is AppleClang 12.0.0.12000032\r\n -- Detecting C compiler ABI info\r\n -- Detecting C compiler ABI info - done\r\n -- Check for working C compiler: /Library/Developer/CommandLineTools/usr/bin/cc - skipped\r\n -- Detecting C compile features\r\n -- Detecting C compile features - done\r\n -- Detecting CXX compiler ABI info\r\n -- Detecting CXX compiler ABI info - done\r\n -- Check for working CXX compiler: /Library/Developer/CommandLineTools/usr/bin/c++ - skipped\r\n -- Detecting CXX compile features\r\n -- Detecting CXX compile features - done\r\n -- System processor: x86_64\r\n -- Performing Test CXX_SUPPORTS_SSE4_2\r\n -- Performing Test CXX_SUPPORTS_SSE4_2 - Success\r\n -- Performing Test CXX_SUPPORTS_AVX2\r\n -- Performing Test CXX_SUPPORTS_AVX2 - Success\r\n -- Performing Test CXX_SUPPORTS_AVX512\r\n -- Performing Test CXX_SUPPORTS_AVX512 - Success\r\n -- Arrow build warning level: PRODUCTION\r\n Configured for RELEASE build (set with cmake -DCMAKE_BUILD_TYPE=\\{release,debug,...})\r\n -- Build Type: RELEASE\r\n -- Generator: Unix Makefiles\r\n -- Build output directory: /private/var/folders/v2/lfkghkc147j06_jd13v1f0yr0000gn/T/pip-install-ri2w315u/pyarrow_8d01252c437341798da24cfec11f603e/build/temp.macosx-11.2-arm64-3.8/release\r\n -- Found Python3: /Users/bastienboutonnet/Library/Caches/pypoetry/virtualenvs/dbt-sugar-lJO0x__U-py3.8/bin/python (found version \"3.8.7\") found components: Interpreter Development.Module NumPy\r\n -- Found Python3Alt: /Users/bastienboutonnet/Library/Caches/pypoetry/virtualenvs/dbt-sugar-lJO0x__U-py3.8/bin/python\r\n CMake Warning (dev) at /opt/homebrew/Cellar/cmake/3.20.0/share/cmake/Modules/FindPackageHandleStandardArgs.cmake:438 (message):\r\n The package name passed to `find_package_handle_standard_args` (PkgConfig)\r\n does not match the name of the calling package (Arrow). This can lead to\r\n problems in calling code that expects `find_package` result variables\r\n (e.g., `_FOUND`) to follow a certain pattern.\r\n Call Stack (most recent call first):\r\n /opt/homebrew/Cellar/cmake/3.20.0/share/cmake/Modules/FindPkgConfig.cmake:70 (find_package_handle_standard_args)\r\n cmake_modules/FindArrow.cmake:39 (include)\r\n cmake_modules/FindArrowPython.cmake:46 (find_package)\r\n CMakeLists.txt:214 (find_package)\r\n This warning is for project developers. Use -Wno-dev to suppress it.\r\n\r\n-- Found PkgConfig: /opt/homebrew/bin/pkg-config (found version \"0.29.2\")\r\n -- Could NOT find Arrow (missing: Arrow_DIR)\r\n -- Checking for module 'arrow'\r\n -- No package 'arrow' found\r\n CMake Error at /opt/homebrew/Cellar/cmake/3.20.0/share/cmake/Modules/FindPackageHandleStandardArgs.cmake:230 (message):\r\n Could NOT find Arrow (missing: ARROW_INCLUDE_DIR ARROW_LIB_DIR\r\n ARROW_FULL_SO_VERSION ARROW_SO_VERSION)\r\n Call Stack (most recent call first):\r\n /opt/homebrew/Cellar/cmake/3.20.0/share/cmake/Modules/FindPackageHandleStandardArgs.cmake:594 (_FPHSA_FAILURE_MESSAGE)\r\n cmake_modules/FindArrow.cmake:419 (find_package_handle_standard_args)\r\n cmake_modules/FindArrowPython.cmake:46 (find_package)\r\n CMakeLists.txt:214 (find_package)\r\n\r\n\r\n -- Configuring incomplete, errors occurred!\r\n See also \"/private/var/folders/v2/lfkghkc147j06_jd13v1f0yr0000gn/T/pip-install-ri2w315u/pyarrow_8d01252c437341798da24cfec11f603e/build/temp.macosx-11.2-arm64-3.8/CMakeFiles/CMakeOutput.log\".\r\n See also \"/private/var/folders/v2/lfkghkc147j06_jd13v1f0yr0000gn/T/pip-install-ri2w315u/pyarrow_8d01252c437341798da24cfec11f603e/build/temp.macosx-11.2-arm64-3.8/CMakeFiles/CMakeError.log\".\r\n error: command 'cmake' failed with exit status 1\r\n ----------------------------------------\r\n ERROR: Failed building wheel for pyarrow\r\n Running setup.py clean for pyarrow\r\nFailed to build pyarrow\r\nInstalling collected packages: pyarrow\r\n Running setup.py install for pyarrow ... error\r\n ERROR: Command errored out with exit status 1:\r\n command: /Users/bastienboutonnet/Library/Caches/pypoetry/virtualenvs/dbt-sugar-lJO0x__U-py3.8/bin/python -u -c 'import sys, setuptools, tokenize; sys.argv[0] = '\"'\"'/private/var/folders/v2/lfkghkc147j06_jd13v1f0yr0000gn/T/pip-install-ri2w315u/pyarrow_8d01252c437341798da24cfec11f603e/setup.py'\"'\"'; __file__='\"'\"'/private/var/folders/v2/lfkghkc147j06_jd13v1f0yr0000gn/T/pip-install-ri2w315u/pyarrow_8d01252c437341798da24cfec11f603e/setup.py'\"'\"';f=getattr(tokenize, '\"'\"'open'\"'\"', open)(__file__);code=f.read().replace('\"'\"'\\r\\n'\"'\"', '\"'\"'\\n'\"'\"');f.close();exec(compile(code, __file__, '\"'\"'exec'\"'\"'))' install --record /private/var/folders/v2/lfkghkc147j06_jd13v1f0yr0000gn/T/pip-record-3v1lx8h6/install-record.txt --single-version-externally-managed --compile --install-headers /Users/bastienboutonnet/Library/Caches/pypoetry/virtualenvs/dbt-sugar-lJO0x__U-py3.8/include/site/python3.8/pyarrow\r\n cwd: /private/var/folders/v2/lfkghkc147j06_jd13v1f0yr0000gn/T/pip-install-ri2w315u/pyarrow_8d01252c437341798da24cfec11f603e/\r\n Complete output (238 lines):\r\n running install\r\n running build\r\n running build_py\r\n creating build\r\n creating build/lib.macosx-11.2-arm64-3.8\r\n creating build/lib.macosx-11.2-arm64-3.8/pyarrow\r\n copying pyarrow/orc.py -> build/lib.macosx-11.2-arm64-3.8/pyarrow\r\n copying pyarrow/_generated_version.py -> build/lib.macosx-11.2-arm64-3.8/pyarrow\r\n copying pyarrow/compat.py -> build/lib.macosx-11.2-arm64-3.8/pyarrow\r\n copying pyarrow/benchmark.py -> build/lib.macosx-11.2-arm64-3.8/pyarrow\r\n copying pyarrow/parquet.py -> build/lib.macosx-11.2-arm64-3.8/pyarrow\r\n copying pyarrow/ipc.py -> build/lib.macosx-11.2-arm64-3.8/pyarrow\r\n copying pyarrow/util.py -> build/lib.macosx-11.2-arm64-3.8/pyarrow\r\n copying pyarrow/flight.py -> build/lib.macosx-11.2-arm64-3.8/pyarrow\r\n copying pyarrow/cffi.py -> build/lib.macosx-11.2-arm64-3.8/pyarrow\r\n copying pyarrow/filesystem.py -> build/lib.macosx-11.2-arm64-3.8/pyarrow\r\n copying pyarrow/__init__.py -> build/lib.macosx-11.2-arm64-3.8/pyarrow\r\n copying pyarrow/plasma.py -> build/lib.macosx-11.2-arm64-3.8/pyarrow\r\n copying pyarrow/types.py -> build/lib.macosx-11.2-arm64-3.8/pyarrow\r\n copying pyarrow/dataset.py -> build/lib.macosx-11.2-arm64-3.8/pyarrow\r\n copying pyarrow/cuda.py -> build/lib.macosx-11.2-arm64-3.8/pyarrow\r\n copying pyarrow/feather.py -> build/lib.macosx-11.2-arm64-3.8/pyarrow\r\n copying pyarrow/pandas_compat.py -> build/lib.macosx-11.2-arm64-3.8/pyarrow\r\n copying pyarrow/fs.py -> build/lib.macosx-11.2-arm64-3.8/pyarrow\r\n copying pyarrow/csv.py -> build/lib.macosx-11.2-arm64-3.8/pyarrow\r\n copying pyarrow/jvm.py -> build/lib.macosx-11.2-arm64-3.8/pyarrow\r\n copying pyarrow/hdfs.py -> build/lib.macosx-11.2-arm64-3.8/pyarrow\r\n copying pyarrow/json.py -> build/lib.macosx-11.2-arm64-3.8/pyarrow\r\n copying pyarrow/serialization.py -> build/lib.macosx-11.2-arm64-3.8/pyarrow\r\n copying pyarrow/compute.py -> build/lib.macosx-11.2-arm64-3.8/pyarrow\r\n creating build/lib.macosx-11.2-arm64-3.8/pyarrow/tests\r\n copying pyarrow/tests/test_tensor.py -> build/lib.macosx-11.2-arm64-3.8/pyarrow/tests\r\n copying pyarrow/tests/test_ipc.py -> build/lib.macosx-11.2-arm64-3.8/pyarrow/tests\r\n copying pyarrow/tests/conftest.py -> build/lib.macosx-11.2-arm64-3.8/pyarrow/tests\r\n copying pyarrow/tests/test_convert_builtin.py -> build/lib.macosx-11.2-arm64-3.8/pyarrow/tests\r\n copying pyarrow/tests/test_misc.py -> build/lib.macosx-11.2-arm64-3.8/pyarrow/tests\r\n copying pyarrow/tests/test_gandiva.py -> build/lib.macosx-11.2-arm64-3.8/pyarrow/tests\r\n copying pyarrow/tests/strategies.py -> build/lib.macosx-11.2-arm64-3.8/pyarrow/tests\r\n copying pyarrow/tests/test_adhoc_memory_leak.py -> build/lib.macosx-11.2-arm64-3.8/pyarrow/tests\r\n copying pyarrow/tests/arrow_7980.py -> build/lib.macosx-11.2-arm64-3.8/pyarrow/tests\r\n copying pyarrow/tests/util.py -> build/lib.macosx-11.2-arm64-3.8/pyarrow/tests\r\n copying pyarrow/tests/test_orc.py -> build/lib.macosx-11.2-arm64-3.8/pyarrow/tests\r\n copying pyarrow/tests/test_table.py -> build/lib.macosx-11.2-arm64-3.8/pyarrow/tests\r\n copying pyarrow/tests/test_array.py -> build/lib.macosx-11.2-arm64-3.8/pyarrow/tests\r\n copying pyarrow/tests/test_deprecations.py -> build/lib.macosx-11.2-arm64-3.8/pyarrow/tests\r\n copying pyarrow/tests/test_serialization_deprecated.py -> build/lib.macosx-11.2-arm64-3.8/pyarrow/tests\r\n copying pyarrow/tests/__init__.py -> build/lib.macosx-11.2-arm64-3.8/pyarrow/tests\r\n copying pyarrow/tests/test_io.py -> build/lib.macosx-11.2-arm64-3.8/pyarrow/tests\r\n copying pyarrow/tests/test_cuda_numba_interop.py -> build/lib.macosx-11.2-arm64-3.8/pyarrow/tests\r\n copying pyarrow/tests/test_cffi.py -> build/lib.macosx-11.2-arm64-3.8/pyarrow/tests\r\n copying pyarrow/tests/test_schema.py -> build/lib.macosx-11.2-arm64-3.8/pyarrow/tests\r\n copying pyarrow/tests/test_jvm.py -> build/lib.macosx-11.2-arm64-3.8/pyarrow/tests\r\n copying pyarrow/tests/test_plasma_tf_op.py -> build/lib.macosx-11.2-arm64-3.8/pyarrow/tests\r\n copying pyarrow/tests/test_fs.py -> build/lib.macosx-11.2-arm64-3.8/pyarrow/tests\r\n copying pyarrow/tests/test_filesystem.py -> build/lib.macosx-11.2-arm64-3.8/pyarrow/tests\r\n copying pyarrow/tests/pandas_threaded_import.py -> build/lib.macosx-11.2-arm64-3.8/pyarrow/tests\r\n copying pyarrow/tests/pandas_examples.py -> build/lib.macosx-11.2-arm64-3.8/pyarrow/tests\r\n copying pyarrow/tests/test_cython.py -> build/lib.macosx-11.2-arm64-3.8/pyarrow/tests\r\n copying pyarrow/tests/test_sparse_tensor.py -> build/lib.macosx-11.2-arm64-3.8/pyarrow/tests\r\n copying pyarrow/tests/test_dataset.py -> build/lib.macosx-11.2-arm64-3.8/pyarrow/tests\r\n copying pyarrow/tests/test_builder.py -> build/lib.macosx-11.2-arm64-3.8/pyarrow/tests\r\n copying pyarrow/tests/test_cuda.py -> build/lib.macosx-11.2-arm64-3.8/pyarrow/tests\r\n copying pyarrow/tests/test_extension_type.py -> build/lib.macosx-11.2-arm64-3.8/pyarrow/tests\r\n copying pyarrow/tests/test_feather.py -> build/lib.macosx-11.2-arm64-3.8/pyarrow/tests\r\n copying pyarrow/tests/test_pandas.py -> build/lib.macosx-11.2-arm64-3.8/pyarrow/tests\r\n copying pyarrow/tests/test_memory.py -> build/lib.macosx-11.2-arm64-3.8/pyarrow/tests\r\n copying pyarrow/tests/test_flight.py -> build/lib.macosx-11.2-arm64-3.8/pyarrow/tests\r\n copying pyarrow/tests/test_json.py -> build/lib.macosx-11.2-arm64-3.8/pyarrow/tests\r\n copying pyarrow/tests/test_serialization.py -> build/lib.macosx-11.2-arm64-3.8/pyarrow/tests\r\n copying pyarrow/tests/test_compute.py -> build/lib.macosx-11.2-arm64-3.8/pyarrow/tests\r\n copying pyarrow/tests/test_hdfs.py -> build/lib.macosx-11.2-arm64-3.8/pyarrow/tests\r\n copying pyarrow/tests/deserialize_buffer.py -> build/lib.macosx-11.2-arm64-3.8/pyarrow/tests\r\n copying pyarrow/tests/test_strategies.py -> build/lib.macosx-11.2-arm64-3.8/pyarrow/tests\r\n copying pyarrow/tests/test_csv.py -> build/lib.macosx-11.2-arm64-3.8/pyarrow/tests\r\n copying pyarrow/tests/test_plasma.py -> build/lib.macosx-11.2-arm64-3.8/pyarrow/tests\r\n copying pyarrow/tests/test_scalars.py -> build/lib.macosx-11.2-arm64-3.8/pyarrow/tests\r\n copying pyarrow/tests/test_types.py -> build/lib.macosx-11.2-arm64-3.8/pyarrow/tests\r\n running egg_info\r\n writing pyarrow.egg-info/PKG-INFO\r\n writing dependency_links to pyarrow.egg-info/dependency_links.txt\r\n writing entry points to pyarrow.egg-info/entry_points.txt\r\n writing requirements to pyarrow.egg-info/requires.txt\r\n writing top-level names to pyarrow.egg-info/top_level.txt\r\n warning: Failed to find the configured license file '../LICENSE.txt'\r\n reading manifest file 'pyarrow.egg-info/SOURCES.txt'\r\n reading manifest template 'MANIFEST.in'\r\n warning: no files found matching '../LICENSE.txt'\r\n warning: no files found matching '../NOTICE.txt'\r\n warning: no previously-included files matching '*.so' found anywhere in distribution\r\n warning: no previously-included files matching '*.pyc' found anywhere in distribution\r\n warning: no previously-included files matching '*~' found anywhere in distribution\r\n warning: no previously-included files matching '#*' found anywhere in distribution\r\n warning: no previously-included files matching '.git*' found anywhere in distribution\r\n warning: no previously-included files matching '.DS_Store' found anywhere in distribution\r\n no previously-included directories found matching '.asv'\r\n writing manifest file 'pyarrow.egg-info/SOURCES.txt'\r\n copying pyarrow/__init__.pxd -> build/lib.macosx-11.2-arm64-3.8/pyarrow\r\n copying pyarrow/_compute.pxd -> build/lib.macosx-11.2-arm64-3.8/pyarrow\r\n copying pyarrow/_compute.pyx -> build/lib.macosx-11.2-arm64-3.8/pyarrow\r\n copying pyarrow/_csv.pxd -> build/lib.macosx-11.2-arm64-3.8/pyarrow\r\n copying pyarrow/_csv.pyx -> build/lib.macosx-11.2-arm64-3.8/pyarrow\r\n copying pyarrow/_cuda.pxd -> build/lib.macosx-11.2-arm64-3.8/pyarrow\r\n copying pyarrow/_cuda.pyx -> build/lib.macosx-11.2-arm64-3.8/pyarrow\r\n copying pyarrow/_dataset.pyx -> build/lib.macosx-11.2-arm64-3.8/pyarrow\r\n copying pyarrow/_flight.pyx -> build/lib.macosx-11.2-arm64-3.8/pyarrow\r\n copying pyarrow/_fs.pxd -> build/lib.macosx-11.2-arm64-3.8/pyarrow\r\n copying pyarrow/_fs.pyx -> build/lib.macosx-11.2-arm64-3.8/pyarrow\r\n copying pyarrow/_hdfs.pyx -> build/lib.macosx-11.2-arm64-3.8/pyarrow\r\n copying pyarrow/_json.pyx -> build/lib.macosx-11.2-arm64-3.8/pyarrow\r\n copying pyarrow/_orc.pxd -> build/lib.macosx-11.2-arm64-3.8/pyarrow\r\n copying pyarrow/_orc.pyx -> build/lib.macosx-11.2-arm64-3.8/pyarrow\r\n copying pyarrow/_parquet.pxd -> build/lib.macosx-11.2-arm64-3.8/pyarrow\r\n copying pyarrow/_parquet.pyx -> build/lib.macosx-11.2-arm64-3.8/pyarrow\r\n copying pyarrow/_plasma.pyx -> build/lib.macosx-11.2-arm64-3.8/pyarrow\r\n copying pyarrow/_s3fs.pyx -> build/lib.macosx-11.2-arm64-3.8/pyarrow\r\n copying pyarrow/array.pxi -> build/lib.macosx-11.2-arm64-3.8/pyarrow\r\n copying pyarrow/benchmark.pxi -> build/lib.macosx-11.2-arm64-3.8/pyarrow\r\n copying pyarrow/builder.pxi -> build/lib.macosx-11.2-arm64-3.8/pyarrow\r\n copying pyarrow/compat.pxi -> build/lib.macosx-11.2-arm64-3.8/pyarrow\r\n copying pyarrow/config.pxi -> build/lib.macosx-11.2-arm64-3.8/pyarrow\r\n copying pyarrow/error.pxi -> build/lib.macosx-11.2-arm64-3.8/pyarrow\r\n copying pyarrow/feather.pxi -> build/lib.macosx-11.2-arm64-3.8/pyarrow\r\n copying pyarrow/gandiva.pyx -> build/lib.macosx-11.2-arm64-3.8/pyarrow\r\n copying pyarrow/io-hdfs.pxi -> build/lib.macosx-11.2-arm64-3.8/pyarrow\r\n copying pyarrow/io.pxi -> build/lib.macosx-11.2-arm64-3.8/pyarrow\r\n copying pyarrow/ipc.pxi -> build/lib.macosx-11.2-arm64-3.8/pyarrow\r\n copying pyarrow/lib.pxd -> build/lib.macosx-11.2-arm64-3.8/pyarrow\r\n copying pyarrow/lib.pyx -> build/lib.macosx-11.2-arm64-3.8/pyarrow\r\n copying pyarrow/memory.pxi -> build/lib.macosx-11.2-arm64-3.8/pyarrow\r\n copying pyarrow/pandas-shim.pxi -> build/lib.macosx-11.2-arm64-3.8/pyarrow\r\n copying pyarrow/public-api.pxi -> build/lib.macosx-11.2-arm64-3.8/pyarrow\r\n copying pyarrow/scalar.pxi -> build/lib.macosx-11.2-arm64-3.8/pyarrow\r\n copying pyarrow/serialization.pxi -> build/lib.macosx-11.2-arm64-3.8/pyarrow\r\n copying pyarrow/table.pxi -> build/lib.macosx-11.2-arm64-3.8/pyarrow\r\n copying pyarrow/tensor.pxi -> build/lib.macosx-11.2-arm64-3.8/pyarrow\r\n copying pyarrow/types.pxi -> build/lib.macosx-11.2-arm64-3.8/pyarrow\r\n creating build/lib.macosx-11.2-arm64-3.8/pyarrow/includes\r\n copying pyarrow/includes/__init__.pxd -> build/lib.macosx-11.2-arm64-3.8/pyarrow/includes\r\n copying pyarrow/includes/common.pxd -> build/lib.macosx-11.2-arm64-3.8/pyarrow/includes\r\n copying pyarrow/includes/libarrow.pxd -> build/lib.macosx-11.2-arm64-3.8/pyarrow/includes\r\n copying pyarrow/includes/libarrow_cuda.pxd -> build/lib.macosx-11.2-arm64-3.8/pyarrow/includes\r\n copying pyarrow/includes/libarrow_dataset.pxd -> build/lib.macosx-11.2-arm64-3.8/pyarrow/includes\r\n copying pyarrow/includes/libarrow_flight.pxd -> build/lib.macosx-11.2-arm64-3.8/pyarrow/includes\r\n copying pyarrow/includes/libarrow_fs.pxd -> build/lib.macosx-11.2-arm64-3.8/pyarrow/includes\r\n copying pyarrow/includes/libgandiva.pxd -> build/lib.macosx-11.2-arm64-3.8/pyarrow/includes\r\n copying pyarrow/includes/libplasma.pxd -> build/lib.macosx-11.2-arm64-3.8/pyarrow/includes\r\n creating build/lib.macosx-11.2-arm64-3.8/pyarrow/tensorflow\r\n copying pyarrow/tensorflow/plasma_op.cc -> build/lib.macosx-11.2-arm64-3.8/pyarrow/tensorflow\r\n copying pyarrow/tests/pyarrow_cython_example.pyx -> build/lib.macosx-11.2-arm64-3.8/pyarrow/tests\r\n creating build/lib.macosx-11.2-arm64-3.8/pyarrow/tests/data\r\n creating build/lib.macosx-11.2-arm64-3.8/pyarrow/tests/data/feather\r\n copying pyarrow/tests/data/feather/v0.17.0.version=2-compression=lz4.feather -> build/lib.macosx-11.2-arm64-3.8/pyarrow/tests/data/feather\r\n creating build/lib.macosx-11.2-arm64-3.8/pyarrow/tests/data/orc\r\n copying pyarrow/tests/data/orc/README.md -> build/lib.macosx-11.2-arm64-3.8/pyarrow/tests/data/orc\r\n copying pyarrow/tests/data/orc/TestOrcFile.emptyFile.jsn.gz -> build/lib.macosx-11.2-arm64-3.8/pyarrow/tests/data/orc\r\n copying pyarrow/tests/data/orc/TestOrcFile.emptyFile.orc -> build/lib.macosx-11.2-arm64-3.8/pyarrow/tests/data/orc\r\n copying pyarrow/tests/data/orc/TestOrcFile.test1.jsn.gz -> build/lib.macosx-11.2-arm64-3.8/pyarrow/tests/data/orc\r\n copying pyarrow/tests/data/orc/TestOrcFile.test1.orc -> build/lib.macosx-11.2-arm64-3.8/pyarrow/tests/data/orc\r\n copying pyarrow/tests/data/orc/TestOrcFile.testDate1900.jsn.gz -> build/lib.macosx-11.2-arm64-3.8/pyarrow/tests/data/orc\r\n copying pyarrow/tests/data/orc/TestOrcFile.testDate1900.orc -> build/lib.macosx-11.2-arm64-3.8/pyarrow/tests/data/orc\r\n copying pyarrow/tests/data/orc/decimal.jsn.gz -> build/lib.macosx-11.2-arm64-3.8/pyarrow/tests/data/orc\r\n copying pyarrow/tests/data/orc/decimal.orc -> build/lib.macosx-11.2-arm64-3.8/pyarrow/tests/data/orc\r\n creating build/lib.macosx-11.2-arm64-3.8/pyarrow/tests/data/parquet\r\n copying pyarrow/tests/data/parquet/v0.7.1.all-named-index.parquet -> build/lib.macosx-11.2-arm64-3.8/pyarrow/tests/data/parquet\r\n copying pyarrow/tests/data/parquet/v0.7.1.column-metadata-handling.parquet -> build/lib.macosx-11.2-arm64-3.8/pyarrow/tests/data/parquet\r\n copying pyarrow/tests/data/parquet/v0.7.1.parquet -> build/lib.macosx-11.2-arm64-3.8/pyarrow/tests/data/parquet\r\n copying pyarrow/tests/data/parquet/v0.7.1.some-named-index.parquet -> build/lib.macosx-11.2-arm64-3.8/pyarrow/tests/data/parquet\r\n creating build/lib.macosx-11.2-arm64-3.8/pyarrow/tests/parquet\r\n copying pyarrow/tests/parquet/common.py -> build/lib.macosx-11.2-arm64-3.8/pyarrow/tests/parquet\r\n copying pyarrow/tests/parquet/conftest.py -> build/lib.macosx-11.2-arm64-3.8/pyarrow/tests/parquet\r\n copying pyarrow/tests/parquet/test_basic.py -> build/lib.macosx-11.2-arm64-3.8/pyarrow/tests/parquet\r\n copying pyarrow/tests/parquet/test_data_types.py -> build/lib.macosx-11.2-arm64-3.8/pyarrow/tests/parquet\r\n copying pyarrow/tests/parquet/test_dataset.py -> build/lib.macosx-11.2-arm64-3.8/pyarrow/tests/parquet\r\n copying pyarrow/tests/parquet/test_datetime.py -> build/lib.macosx-11.2-arm64-3.8/pyarrow/tests/parquet\r\n copying pyarrow/tests/parquet/test_metadata.py -> build/lib.macosx-11.2-arm64-3.8/pyarrow/tests/parquet\r\n copying pyarrow/tests/parquet/test_pandas.py -> build/lib.macosx-11.2-arm64-3.8/pyarrow/tests/parquet\r\n copying pyarrow/tests/parquet/test_parquet_file.py -> build/lib.macosx-11.2-arm64-3.8/pyarrow/tests/parquet\r\n copying pyarrow/tests/parquet/test_parquet_writer.py -> build/lib.macosx-11.2-arm64-3.8/pyarrow/tests/parquet\r\n running build_ext\r\n creating /private/var/folders/v2/lfkghkc147j06_jd13v1f0yr0000gn/T/pip-install-ri2w315u/pyarrow_8d01252c437341798da24cfec11f603e/build/temp.macosx-11.2-arm64-3.8\r\n -- Running cmake for pyarrow\r\n cmake -DPYTHON_EXECUTABLE=/Users/bastienboutonnet/Library/Caches/pypoetry/virtualenvs/dbt-sugar-lJO0x__U-py3.8/bin/python -DPython3_EXECUTABLE=/Users/bastienboutonnet/Library/Caches/pypoetry/virtualenvs/dbt-sugar-lJO0x__U-py3.8/bin/python -DPYARROW_BUILD_CUDA=off -DPYARROW_BUILD_FLIGHT=off -DPYARROW_BUILD_GANDIVA=off -DPYARROW_BUILD_DATASET=off -DPYARROW_BUILD_ORC=off -DPYARROW_BUILD_PARQUET=off -DPYARROW_BUILD_PLASMA=off -DPYARROW_BUILD_S3=off -DPYARROW_BUILD_HDFS=off -DPYARROW_USE_TENSORFLOW=off -DPYARROW_BUNDLE_ARROW_CPP=off -DPYARROW_BUNDLE_BOOST=off -DPYARROW_GENERATE_COVERAGE=off -DPYARROW_BOOST_USE_SHARED=on -DPYARROW_PARQUET_USE_SHARED=on -DCMAKE_BUILD_TYPE=release /private/var/folders/v2/lfkghkc147j06_jd13v1f0yr0000gn/T/pip-install-ri2w315u/pyarrow_8d01252c437341798da24cfec11f603e\r\n -- The C compiler identification is AppleClang 12.0.0.12000032\r\n -- The CXX compiler identification is AppleClang 12.0.0.12000032\r\n -- Detecting C compiler ABI info\r\n -- Detecting C compiler ABI info - done\r\n -- Check for working C compiler: /Library/Developer/CommandLineTools/usr/bin/cc - skipped\r\n -- Detecting C compile features\r\n -- Detecting C compile features - done\r\n -- Detecting CXX compiler ABI info\r\n -- Detecting CXX compiler ABI info - done\r\n -- Check for working CXX compiler: /Library/Developer/CommandLineTools/usr/bin/c++ - skipped\r\n -- Detecting CXX compile features\r\n -- Detecting CXX compile features - done\r\n -- System processor: x86_64\r\n -- Performing Test CXX_SUPPORTS_SSE4_2\r\n -- Performing Test CXX_SUPPORTS_SSE4_2 - Success\r\n -- Performing Test CXX_SUPPORTS_AVX2\r\n -- Performing Test CXX_SUPPORTS_AVX2 - Success\r\n -- Performing Test CXX_SUPPORTS_AVX512\r\n -- Performing Test CXX_SUPPORTS_AVX512 - Success\r\n -- Arrow build warning level: PRODUCTION\r\n Configured for RELEASE build (set with cmake -DCMAKE_BUILD_TYPE=\\{release,debug,...})\r\n -- Build Type: RELEASE\r\n -- Generator: Unix Makefiles\r\n -- Build output directory: /private/var/folders/v2/lfkghkc147j06_jd13v1f0yr0000gn/T/pip-install-ri2w315u/pyarrow_8d01252c437341798da24cfec11f603e/build/temp.macosx-11.2-arm64-3.8/release\r\n -- Found Python3: /Users/bastienboutonnet/Library/Caches/pypoetry/virtualenvs/dbt-sugar-lJO0x__U-py3.8/bin/python (found version \"3.8.7\") found components: Interpreter Development.Module NumPy\r\n -- Found Python3Alt: /Users/bastienboutonnet/Library/Caches/pypoetry/virtualenvs/dbt-sugar-lJO0x__U-py3.8/bin/python\r\n CMake Warning (dev) at /opt/homebrew/Cellar/cmake/3.20.0/share/cmake/Modules/FindPackageHandleStandardArgs.cmake:438 (message):\r\n The package name passed to `find_package_handle_standard_args` (PkgConfig)\r\n does not match the name of the calling package (Arrow). This can lead to\r\n problems in calling code that expects `find_package` result variables\r\n (e.g., `_FOUND`) to follow a certain pattern.\r\n Call Stack (most recent call first):\r\n /opt/homebrew/Cellar/cmake/3.20.0/share/cmake/Modules/FindPkgConfig.cmake:70 (find_package_handle_standard_args)\r\n cmake_modules/FindArrow.cmake:39 (include)\r\n cmake_modules/FindArrowPython.cmake:46 (find_package)\r\n CMakeLists.txt:214 (find_package)\r\n This warning is for project developers. Use -Wno-dev to suppress it.\r\n\r\n-- Found PkgConfig: /opt/homebrew/bin/pkg-config (found version \"0.29.2\")\r\n -- Could NOT find Arrow (missing: Arrow_DIR)\r\n -- Checking for module 'arrow'\r\n -- No package 'arrow' found\r\n CMake Error at /opt/homebrew/Cellar/cmake/3.20.0/share/cmake/Modules/FindPackageHandleStandardArgs.cmake:230 (message):\r\n Could NOT find Arrow (missing: ARROW_INCLUDE_DIR ARROW_LIB_DIR\r\n ARROW_FULL_SO_VERSION ARROW_SO_VERSION)\r\n Call Stack (most recent call first):\r\n /opt/homebrew/Cellar/cmake/3.20.0/share/cmake/Modules/FindPackageHandleStandardArgs.cmake:594 (_FPHSA_FAILURE_MESSAGE)\r\n cmake_modules/FindArrow.cmake:419 (find_package_handle_standard_args)\r\n cmake_modules/FindArrowPython.cmake:46 (find_package)\r\n CMakeLists.txt:214 (find_package)\r\n\r\n\r\n -- Configuring incomplete, errors occurred!\r\n See also \"/private/var/folders/v2/lfkghkc147j06_jd13v1f0yr0000gn/T/pip-install-ri2w315u/pyarrow_8d01252c437341798da24cfec11f603e/build/temp.macosx-11.2-arm64-3.8/CMakeFiles/CMakeOutput.log\".\r\n See also \"/private/var/folders/v2/lfkghkc147j06_jd13v1f0yr0000gn/T/pip-install-ri2w315u/pyarrow_8d01252c437341798da24cfec11f603e/build/temp.macosx-11.2-arm64-3.8/CMakeFiles/CMakeError.log\".\r\n error: command 'cmake' failed with exit status 1\r\n ----------------------------------------\r\nERROR: Command errored out with exit status 1: /Users/bastienboutonnet/Library/Caches/pypoetry/virtualenvs/dbt-sugar-lJO0x__U-py3.8/bin/python -u -c 'import sys, setuptools, tokenize; sys.argv[0] = '\"'\"'/private/var/folders/v2/lfkghkc147j06_jd13v1f0yr0000gn/T/pip-install-ri2w315u/pyarrow_8d01252c437341798da24cfec11f603e/setup.py'\"'\"'; __file__='\"'\"'/private/var/folders/v2/lfkghkc147j06_jd13v1f0yr0000gn/T/pip-install-ri2w315u/pyarrow_8d01252c437341798da24cfec11f603e/setup.py'\"'\"';f=getattr(tokenize, '\"'\"'open'\"'\"', open)(__file__);code=f.read().replace('\"'\"'\\r\\n'\"'\"', '\"'\"'\\n'\"'\"');f.close();exec(compile(code, __file__, '\"'\"'exec'\"'\"'))' install --record /private/var/folders/v2/lfkghkc147j06_jd13v1f0yr0000gn/T/pip-record-3v1lx8h6/install-record.txt --single-version-externally-managed --compile --install-headers /Users/bastienboutonnet/Library/Caches/pypoetry/virtualenvs/dbt-sugar-lJO0x__U-py3.8/include/site/python3.8/pyarrow Check the logs for full command output.\r\n\r\n```\r\n\r\nCollecting pyarrow\r\n Using cached pyarrow-3.0.0.tar.gz (682 kB)\r\n Installing build dependencies ... done\r\n Getting requirements to build wheel ... done\r\n Preparing wheel metadata ... done\r\nRequirement already satisfied: numpy>=1.16.6 in /Users/bastienboutonnet/Library/Caches/pypoetry/virtualenvs/dbt-sugar-lJO0x__U-py3.8/lib/python3.8/site-packages (from pyarrow) (1.20.2)\r\nBuilding wheels for collected packages: pyarrow\r\n Building wheel for pyarrow (PEP 517) ... error\r\n ERROR: Command errored out with exit status 1:\r\n command: /Users/bastienboutonnet/Library/Caches/pypoetry/virtualenvs/dbt-sugar-lJO0x__U-py3.8/bin/python /Users/bastienboutonnet/Library/Caches/pypoetry/virtualenvs/dbt-sugar-lJO0x__U-py3.8/lib/python3.8/site-packages/pip/_vendor/pep517/_in_process.py build_wheel /var/folders/v2/lfkghkc147j06_jd13v1f0yr0000gn/T/tmp4ivpzkwx\r\n cwd: /private/var/folders/v2/lfkghkc147j06_jd13v1f0yr0000gn/T/pip-install-z3ryfnqh/pyarrow_d395c1dcc85c426193f3e23fcde85666\r\n Complete output (221 lines):\r\n running bdist_wheel\r\n running build\r\n running build_py\r\n creating build\r\n creating build/lib.macosx-11.2-arm64-3.8\r\n creating build/lib.macosx-11.2-arm64-3.8/pyarrow\r\n copying pyarrow/orc.py -> build/lib.macosx-11.2-arm64-3.8/pyarrow\r\n copying pyarrow/_generated_version.py -> build/lib.macosx-11.2-arm64-3.8/pyarrow\r\n copying pyarrow/compat.py -> build/lib.macosx-11.2-arm64-3.8/pyarrow\r\n copying pyarrow/benchmark.py -> build/lib.macosx-11.2-arm64-3.8/pyarrow\r\n copying pyarrow/parquet.py -> build/lib.macosx-11.2-arm64-3.8/pyarrow\r\n copying pyarrow/ipc.py -> build/lib.macosx-11.2-arm64-3.8/pyarrow\r\n copying pyarrow/util.py -> build/lib.macosx-11.2-arm64-3.8/pyarrow\r\n copying pyarrow/flight.py -> build/lib.macosx-11.2-arm64-3.8/pyarrow\r\n copying pyarrow/cffi.py -> build/lib.macosx-11.2-arm64-3.8/pyarrow\r\n copying pyarrow/filesystem.py -> build/lib.macosx-11.2-arm64-3.8/pyarrow\r\n copying pyarrow/__init__.py -> build/lib.macosx-11.2-arm64-3.8/pyarrow\r\n copying pyarrow/plasma.py -> build/lib.macosx-11.2-arm64-3.8/pyarrow\r\n copying pyarrow/types.py -> build/lib.macosx-11.2-arm64-3.8/pyarrow\r\n copying pyarrow/dataset.py -> build/lib.macosx-11.2-arm64-3.8/pyarrow\r\n copying pyarrow/cuda.py -> build/lib.macosx-11.2-arm64-3.8/pyarrow\r\n copying pyarrow/feather.py -> build/lib.macosx-11.2-arm64-3.8/pyarrow\r\n copying pyarrow/pandas_compat.py -> build/lib.macosx-11.2-arm64-3.8/pyarrow\r\n copying pyarrow/fs.py -> build/lib.macosx-11.2-arm64-3.8/pyarrow\r\n copying pyarrow/csv.py -> build/lib.macosx-11.2-arm64-3.8/pyarrow\r\n copying pyarrow/jvm.py -> build/lib.macosx-11.2-arm64-3.8/pyarrow\r\n copying pyarrow/hdfs.py -> build/lib.macosx-11.2-arm64-3.8/pyarrow\r\n copying pyarrow/json.py -> build/lib.macosx-11.2-arm64-3.8/pyarrow\r\n copying pyarrow/serialization.py -> build/lib.macosx-11.2-arm64-3.8/pyarrow\r\n copying pyarrow/compute.py -> build/lib.macosx-11.2-arm64-3.8/pyarrow\r\n creating build/lib.macosx-11.2-arm64-3.8/pyarrow/tests\r\n copying pyarrow/tests/test_tensor.py -> build/lib.macosx-11.2-arm64-3.8/pyarrow/tests\r\n copying pyarrow/tests/test_ipc.py -> build/lib.macosx-11.2-arm64-3.8/pyarrow/tests\r\n copying pyarrow/tests/conftest.py -> build/lib.macosx-11.2-arm64-3.8/pyarrow/tests\r\n copying pyarrow/tests/test_convert_builtin.py -> build/lib.macosx-11.2-arm64-3.8/pyarrow/tests\r\n copying pyarrow/tests/test_misc.py -> build/lib.macosx-11.2-arm64-3.8/pyarrow/tests\r\n copying pyarrow/tests/test_gandiva.py -> build/lib.macosx-11.2-arm64-3.8/pyarrow/tests\r\n copying pyarrow/tests/strategies.py -> build/lib.macosx-11.2-arm64-3.8/pyarrow/tests\r\n copying pyarrow/tests/test_adhoc_memory_leak.py -> build/lib.macosx-11.2-arm64-3.8/pyarrow/tests\r\n copying pyarrow/tests/arrow_7980.py -> build/lib.macosx-11.2-arm64-3.8/pyarrow/tests\r\n copying pyarrow/tests/util.py -> build/lib.macosx-11.2-arm64-3.8/pyarrow/tests\r\n copying pyarrow/tests/test_orc.py -> build/lib.macosx-11.2-arm64-3.8/pyarrow/tests\r\n copying pyarrow/tests/test_table.py -> build/lib.macosx-11.2-arm64-3.8/pyarrow/tests\r\n copying pyarrow/tests/test_array.py -> build/lib.macosx-11.2-arm64-3.8/pyarrow/tests\r\n copying pyarrow/tests/test_deprecations.py -> build/lib.macosx-11.2-arm64-3.8/pyarrow/tests\r\n copying pyarrow/tests/test_serialization_deprecated.py -> build/lib.macosx-11.2-arm64-3.8/pyarrow/tests\r\n copying pyarrow/tests/__init__.py -> build/lib.macosx-11.2-arm64-3.8/pyarrow/tests\r\n copying pyarrow/tests/test_io.py -> build/lib.macosx-11.2-arm64-3.8/pyarrow/tests\r\n copying pyarrow/tests/test_cuda_numba_interop.py -> build/lib.macosx-11.2-arm64-3.8/pyarrow/tests\r\n copying pyarrow/tests/test_cffi.py -> build/lib.macosx-11.2-arm64-3.8/pyarrow/tests\r\n copying pyarrow/tests/test_schema.py -> build/lib.macosx-11.2-arm64-3.8/pyarrow/tests\r\n copying pyarrow/tests/test_jvm.py -> build/lib.macosx-11.2-arm64-3.8/pyarrow/tests\r\n copying pyarrow/tests/test_plasma_tf_op.py -> build/lib.macosx-11.2-arm64-3.8/pyarrow/tests\r\n copying pyarrow/tests/test_fs.py -> build/lib.macosx-11.2-arm64-3.8/pyarrow/tests\r\n copying pyarrow/tests/test_filesystem.py -> build/lib.macosx-11.2-arm64-3.8/pyarrow/tests\r\n copying pyarrow/tests/pandas_threaded_import.py -> build/lib.macosx-11.2-arm64-3.8/pyarrow/tests\r\n copying pyarrow/tests/pandas_examples.py -> build/lib.macosx-11.2-arm64-3.8/pyarrow/tests\r\n copying pyarrow/tests/test_cython.py -> build/lib.macosx-11.2-arm64-3.8/pyarrow/tests\r\n copying pyarrow/tests/test_sparse_tensor.py -> build/lib.macosx-11.2-arm64-3.8/pyarrow/tests\r\n copying pyarrow/tests/test_dataset.py -> build/lib.macosx-11.2-arm64-3.8/pyarrow/tests\r\n copying pyarrow/tests/test_builder.py -> build/lib.macosx-11.2-arm64-3.8/pyarrow/tests\r\n copying pyarrow/tests/test_cuda.py -> build/lib.macosx-11.2-arm64-3.8/pyarrow/tests\r\n copying pyarrow/tests/test_extension_type.py -> build/lib.macosx-11.2-arm64-3.8/pyarrow/tests\r\n copying pyarrow/tests/test_feather.py -> build/lib.macosx-11.2-arm64-3.8/pyarrow/tests\r\n copying pyarrow/tests/test_pandas.py -> build/lib.macosx-11.2-arm64-3.8/pyarrow/tests\r\n copying pyarrow/tests/test_memory.py -> build/lib.macosx-11.2-arm64-3.8/pyarrow/tests\r\n copying pyarrow/tests/test_flight.py -> build/lib.macosx-11.2-arm64-3.8/pyarrow/tests\r\n copying pyarrow/tests/test_json.py -> build/lib.macosx-11.2-arm64-3.8/pyarrow/tests\r\n copying pyarrow/tests/test_serialization.py -> build/lib.macosx-11.2-arm64-3.8/pyarrow/tests\r\n copying pyarrow/tests/test_compute.py -> build/lib.macosx-11.2-arm64-3.8/pyarrow/tests\r\n copying pyarrow/tests/test_hdfs.py -> build/lib.macosx-11.2-arm64-3.8/pyarrow/tests\r\n copying pyarrow/tests/deserialize_buffer.py -> build/lib.macosx-11.2-arm64-3.8/pyarrow/tests\r\n copying pyarrow/tests/test_strategies.py -> build/lib.macosx-11.2-arm64-3.8/pyarrow/tests\r\n copying pyarrow/tests/test_csv.py -> build/lib.macosx-11.2-arm64-3.8/pyarrow/tests\r\n copying pyarrow/tests/test_plasma.py -> build/lib.macosx-11.2-arm64-3.8/pyarrow/tests\r\n copying pyarrow/tests/test_scalars.py -> build/lib.macosx-11.2-arm64-3.8/pyarrow/tests\r\n copying pyarrow/tests/test_types.py -> build/lib.macosx-11.2-arm64-3.8/pyarrow/tests\r\n running egg_info\r\n writing pyarrow.egg-info/PKG-INFO\r\n writing dependency_links to pyarrow.egg-info/dependency_links.txt\r\n writing entry points to pyarrow.egg-info/entry_points.txt\r\n writing requirements to pyarrow.egg-info/requires.txt\r\n writing top-level names to pyarrow.egg-info/top_level.txt\r\n warning: Failed to find the configured license file '../LICENSE.txt'\r\n reading manifest file 'pyarrow.egg-info/SOURCES.txt'\r\n reading manifest template 'MANIFEST.in'\r\n warning: no files found matching '../LICENSE.txt'\r\n warning: no files found matching '../NOTICE.txt'\r\n warning: no previously-included files matching '*.so' found anywhere in distribution\r\n warning: no previously-included files matching '*.pyc' found anywhere in distribution\r\n warning: no previously-included files matching '*~' found anywhere in distribution\r\n warning: no previously-included files matching '#*' found anywhere in distribution\r\n warning: no previously-included files matching '.git*' found anywhere in distribution\r\n warning: no previously-included files matching '.DS_Store' found anywhere in distribution\r\n no previously-included directories found matching '.asv'\r\n writing manifest file 'pyarrow.egg-info/SOURCES.txt'\r\n copying pyarrow/__init__.pxd -> build/lib.macosx-11.2-arm64-3.8/pyarrow\r\n copying pyarrow/_compute.pxd -> build/lib.macosx-11.2-arm64-3.8/pyarrow\r\n copying pyarrow/_compute.pyx -> build/lib.macosx-11.2-arm64-3.8/pyarrow\r\n copying pyarrow/_csv.pxd -> build/lib.macosx-11.2-arm64-3.8/pyarrow\r\n copying pyarrow/_csv.pyx -> build/lib.macosx-11.2-arm64-3.8/pyarrow\r\n copying pyarrow/_cuda.pxd -> build/lib.macosx-11.2-arm64-3.8/pyarrow\r\n copying pyarrow/_cuda.pyx -> build/lib.macosx-11.2-arm64-3.8/pyarrow\r\n copying pyarrow/_dataset.pyx -> build/lib.macosx-11.2-arm64-3.8/pyarrow\r\n copying pyarrow/_flight.pyx -> build/lib.macosx-11.2-arm64-3.8/pyarrow\r\n copying pyarrow/_fs.pxd -> build/lib.macosx-11.2-arm64-3.8/pyarrow\r\n copying pyarrow/_fs.pyx -> build/lib.macosx-11.2-arm64-3.8/pyarrow\r\n copying pyarrow/_hdfs.pyx -> build/lib.macosx-11.2-arm64-3.8/pyarrow\r\n copying pyarrow/_json.pyx -> build/lib.macosx-11.2-arm64-3.8/pyarrow\r\n copying pyarrow/_orc.pxd -> build/lib.macosx-11.2-arm64-3.8/pyarrow\r\n copying pyarrow/_orc.pyx -> build/lib.macosx-11.2-arm64-3.8/pyarrow\r\n copying pyarrow/_parquet.pxd -> build/lib.macosx-11.2-arm64-3.8/pyarrow\r\n copying pyarrow/_parquet.pyx -> build/lib.macosx-11.2-arm64-3.8/pyarrow\r\n copying pyarrow/_plasma.pyx -> build/lib.macosx-11.2-arm64-3.8/pyarrow\r\n copying pyarrow/_s3fs.pyx -> build/lib.macosx-11.2-arm64-3.8/pyarrow\r\n copying pyarrow/array.pxi -> build/lib.macosx-11.2-arm64-3.8/pyarrow\r\n copying pyarrow/benchmark.pxi -> build/lib.macosx-11.2-arm64-3.8/pyarrow\r\n copying pyarrow/builder.pxi -> build/lib.macosx-11.2-arm64-3.8/pyarrow\r\n copying pyarrow/compat.pxi -> build/lib.macosx-11.2-arm64-3.8/pyarrow\r\n copying pyarrow/config.pxi -> build/lib.macosx-11.2-arm64-3.8/pyarrow\r\n copying pyarrow/error.pxi -> build/lib.macosx-11.2-arm64-3.8/pyarrow\r\n copying pyarrow/feather.pxi -> build/lib.macosx-11.2-arm64-3.8/pyarrow\r\n copying pyarrow/gandiva.pyx -> build/lib.macosx-11.2-arm64-3.8/pyarrow\r\n copying pyarrow/io-hdfs.pxi -> build/lib.macosx-11.2-arm64-3.8/pyarrow\r\n copying pyarrow/io.pxi -> build/lib.macosx-11.2-arm64-3.8/pyarrow\r\n copying pyarrow/ipc.pxi -> build/lib.macosx-11.2-arm64-3.8/pyarrow\r\n copying pyarrow/lib.pxd -> build/lib.macosx-11.2-arm64-3.8/pyarrow\r\n copying pyarrow/lib.pyx -> build/lib.macosx-11.2-arm64-3.8/pyarrow\r\n copying pyarrow/memory.pxi -> build/lib.macosx-11.2-arm64-3.8/pyarrow\r\n copying pyarrow/pandas-shim.pxi -> build/lib.macosx-11.2-arm64-3.8/pyarrow\r\n copying pyarrow/public-api.pxi -> build/lib.macosx-11.2-arm64-3.8/pyarrow\r\n copying pyarrow/scalar.pxi -> build/lib.macosx-11.2-arm64-3.8/pyarrow\r\n copying pyarrow/serialization.pxi -> build/lib.macosx-11.2-arm64-3.8/pyarrow\r\n copying pyarrow/table.pxi -> build/lib.macosx-11.2-arm64-3.8/pyarrow\r\n copying pyarrow/tensor.pxi -> build/lib.macosx-11.2-arm64-3.8/pyarrow\r\n copying pyarrow/types.pxi -> build/lib.macosx-11.2-arm64-3.8/pyarrow\r\n creating build/lib.macosx-11.2-arm64-3.8/pyarrow/includes\r\n copying pyarrow/includes/__init__.pxd -> build/lib.macosx-11.2-arm64-3.8/pyarrow/includes\r\n copying pyarrow/includes/common.pxd -> build/lib.macosx-11.2-arm64-3.8/pyarrow/includes\r\n copying pyarrow/includes/libarrow.pxd -> build/lib.macosx-11.2-arm64-3.8/pyarrow/includes\r\n copying pyarrow/includes/libarrow_cuda.pxd -> build/lib.macosx-11.2-arm64-3.8/pyarrow/includes\r\n copying pyarrow/includes/libarrow_dataset.pxd -> build/lib.macosx-11.2-arm64-3.8/pyarrow/includes\r\n copying pyarrow/includes/libarrow_flight.pxd -> build/lib.macosx-11.2-arm64-3.8/pyarrow/includes\r\n copying pyarrow/includes/libarrow_fs.pxd -> build/lib.macosx-11.2-arm64-3.8/pyarrow/includes\r\n copying pyarrow/includes/libgandiva.pxd -> build/lib.macosx-11.2-arm64-3.8/pyarrow/includes\r\n copying pyarrow/includes/libplasma.pxd -> build/lib.macosx-11.2-arm64-3.8/pyarrow/includes\r\n creating build/lib.macosx-11.2-arm64-3.8/pyarrow/tensorflow\r\n copying pyarrow/tensorflow/plasma_op.cc -> build/lib.macosx-11.2-arm64-3.8/pyarrow/tensorflow\r\n copying pyarrow/tests/pyarrow_cython_example.pyx -> build/lib.macosx-11.2-arm64-3.8/pyarrow/tests\r\n creating build/lib.macosx-11.2-arm64-3.8/pyarrow/tests/data\r\n creating build/lib.macosx-11.2-arm64-3.8/pyarrow/tests/data/feather\r\n copying pyarrow/tests/data/feather/v0.17.0.version=2-compression=lz4.feather -> build/lib.macosx-11.2-arm64-3.8/pyarrow/tests/data/feather\r\n creating build/lib.macosx-11.2-arm64-3.8/pyarrow/tests/data/orc\r\n copying pyarrow/tests/data/orc/README.md -> build/lib.macosx-11.2-arm64-3.8/pyarrow/tests/data/orc\r\n copying pyarrow/tests/data/orc/TestOrcFile.emptyFile.jsn.gz -> build/lib.macosx-11.2-arm64-3.8/pyarrow/tests/data/orc\r\n copying pyarrow/tests/data/orc/TestOrcFile.emptyFile.orc -> build/lib.macosx-11.2-arm64-3.8/pyarrow/tests/data/orc\r\n copying pyarrow/tests/data/orc/TestOrcFile.test1.jsn.gz -> build/lib.macosx-11.2-arm64-3.8/pyarrow/tests/data/orc\r\n copying pyarrow/tests/data/orc/TestOrcFile.test1.orc -> build/lib.macosx-11.2-arm64-3.8/pyarrow/tests/data/orc\r\n copying pyarrow/tests/data/orc/TestOrcFile.testDate1900.jsn.gz -> build/lib.macosx-11.2-arm64-3.8/pyarrow/tests/data/orc\r\n copying pyarrow/tests/data/orc/TestOrcFile.testDate1900.orc -> build/lib.macosx-11.2-arm64-3.8/pyarrow/tests/data/orc\r\n copying pyarrow/tests/data/orc/decimal.jsn.gz -> build/lib.macosx-11.2-arm64-3.8/pyarrow/tests/data/orc\r\n copying pyarrow/tests/data/orc/decimal.orc -> build/lib.macosx-11.2-arm64-3.8/pyarrow/tests/data/orc\r\n creating build/lib.macosx-11.2-arm64-3.8/pyarrow/tests/data/parquet\r\n copying pyarrow/tests/data/parquet/v0.7.1.all-named-index.parquet -> build/lib.macosx-11.2-arm64-3.8/pyarrow/tests/data/parquet\r\n copying pyarrow/tests/data/parquet/v0.7.1.column-metadata-handling.parquet -> build/lib.macosx-11.2-arm64-3.8/pyarrow/tests/data/parquet\r\n copying pyarrow/tests/data/parquet/v0.7.1.parquet -> build/lib.macosx-11.2-arm64-3.8/pyarrow/tests/data/parquet\r\n copying pyarrow/tests/data/parquet/v0.7.1.some-named-index.parquet -> build/lib.macosx-11.2-arm64-3.8/pyarrow/tests/data/parquet\r\n creating build/lib.macosx-11.2-arm64-3.8/pyarrow/tests/parquet\r\n copying pyarrow/tests/parquet/common.py -> build/lib.macosx-11.2-arm64-3.8/pyarrow/tests/parquet\r\n copying pyarrow/tests/parquet/conftest.py -> build/lib.macosx-11.2-arm64-3.8/pyarrow/tests/parquet\r\n copying pyarrow/tests/parquet/test_basic.py -> build/lib.macosx-11.2-arm64-3.8/pyarrow/tests/parquet\r\n copying pyarrow/tests/parquet/test_data_types.py -> build/lib.macosx-11.2-arm64-3.8/pyarrow/tests/parquet\r\n copying pyarrow/tests/parquet/test_dataset.py -> build/lib.macosx-11.2-arm64-3.8/pyarrow/tests/parquet\r\n copying pyarrow/tests/parquet/test_datetime.py -> build/lib.macosx-11.2-arm64-3.8/pyarrow/tests/parquet\r\n copying pyarrow/tests/parquet/test_metadata.py -> build/lib.macosx-11.2-arm64-3.8/pyarrow/tests/parquet\r\n copying pyarrow/tests/parquet/test_pandas.py -> build/lib.macosx-11.2-arm64-3.8/pyarrow/tests/parquet\r\n copying pyarrow/tests/parquet/test_parquet_file.py -> build/lib.macosx-11.2-arm64-3.8/pyarrow/tests/parquet\r\n copying pyarrow/tests/parquet/test_parquet_writer.py -> build/lib.macosx-11.2-arm64-3.8/pyarrow/tests/parquet\r\n running build_ext\r\n creating /private/var/folders/v2/lfkghkc147j06_jd13v1f0yr0000gn/T/pip-install-z3ryfnqh/pyarrow_d395c1dcc85c426193f3e23fcde85666/build/temp.macosx-11.2-arm64-3.8\r\n -- Running cmake for pyarrow\r\n cmake -DPYTHON_EXECUTABLE=/Users/bastienboutonnet/Library/Caches/pypoetry/virtualenvs/dbt-sugar-lJO0x__U-py3.8/bin/python -DPython3_EXECUTABLE=/Users/bastienboutonnet/Library/Caches/pypoetry/virtualenvs/dbt-sugar-lJO0x__U-py3.8/bin/python -DPYARROW_BUILD_CUDA=off -DPYARROW_BUILD_FLIGHT=off -DPYARROW_BUILD_GANDIVA=off -DPYARROW_BUILD_DATASET=off -DPYARROW_BUILD_ORC=off -DPYARROW_BUILD_PARQUET=off -DPYARROW_BUILD_PLASMA=off -DPYARROW_BUILD_S3=off -DPYARROW_BUILD_HDFS=off -DPYARROW_USE_TENSORFLOW=off -DPYARROW_BUNDLE_ARROW_CPP=off -DPYARROW_BUNDLE_BOOST=off -DPYARROW_GENERATE_COVERAGE=off -DPYARROW_BOOST_USE_SHARED=on -DPYARROW_PARQUET_USE_SHARED=on -DCMAKE_BUILD_TYPE=release /private/var/folders/v2/lfkghkc147j06_jd13v1f0yr0000gn/T/pip-install-z3ryfnqh/pyarrow_d395c1dcc85c426193f3e23fcde85666\r\n -- The C compiler identification is AppleClang 12.0.0.12000032\r\n -- The CXX compiler identification is AppleClang 12.0.0.12000032\r\n -- Detecting C compiler ABI info\r\n -- Detecting C compiler ABI info - done\r\n -- Check for working C compiler: /Library/Developer/CommandLineTools/usr/bin/cc - skipped\r\n -- Detecting C compile features\r\n -- Detecting C compile features - done\r\n -- Detecting CXX compiler ABI info\r\n -- Detecting CXX compiler ABI info - done\r\n -- Check for working CXX compiler: /Library/Developer/CommandLineTools/usr/bin/c++ - skipped\r\n -- Detecting CXX compile features\r\n -- Detecting CXX compile features - done\r\n -- System processor: x86_64\r\n -- Performing Test CXX_SUPPORTS_SSE4_2\r\n -- Performing Test CXX_SUPPORTS_SSE4_2 - Success\r\n -- Performing Test CXX_SUPPORTS_AVX2\r\n -- Performing Test CXX_SUPPORTS_AVX2 - Success\r\n -- Performing Test CXX_SUPPORTS_AVX512\r\n -- Performing Test CXX_SUPPORTS_AVX512 - Success\r\n -- Arrow build warning level: PRODUCTION\r\n Configured for RELEASE build (set with cmake -DCMAKE_BUILD_TYPE=\\{release,debug,...})\r\n -- Build Type: RELEASE\r\n -- Generator: Unix Makefiles\r\n -- Build output directory: /private/var/folders/v2/lfkghkc147j06_jd13v1f0yr0000gn/T/pip-install-z3ryfnqh/pyarrow_d395c1dcc85c426193f3e23fcde85666/build/temp.macosx-11.2-arm64-3.8/release\r\n CMake Error at /opt/homebrew/Cellar/cmake/3.20.0/share/cmake/Modules/FindPackageHandleStandardArgs.cmake:230 (message):\r\n Could NOT find Python3 (missing: Python3_NumPy_INCLUDE_DIRS NumPy) (found\r\n version \"3.8.7\")\r\n Call Stack (most recent call first):\r\n /opt/homebrew/Cellar/cmake/3.20.0/share/cmake/Modules/FindPackageHandleStandardArgs.cmake:594 (_FPHSA_FAILURE_MESSAGE)\r\n /opt/homebrew/Cellar/cmake/3.20.0/share/cmake/Modules/FindPython/Support.cmake:3165 (find_package_handle_standard_args)\r\n /opt/homebrew/Cellar/cmake/3.20.0/share/cmake/Modules/FindPython3.cmake:485 (include)\r\n cmake_modules/FindPython3Alt.cmake:55 (find_package)\r\n CMakeLists.txt:200 (find_package)\r\n\r\n\r\n -- Configuring incomplete, errors occurred!\r\n See also \"/private/var/folders/v2/lfkghkc147j06_jd13v1f0yr0000gn/T/pip-install-z3ryfnqh/pyarrow_d395c1dcc85c426193f3e23fcde85666/build/temp.macosx-11.2-arm64-3.8/CMakeFiles/CMakeOutput.log\".\r\n See also \"/private/var/folders/v2/lfkghkc147j06_jd13v1f0yr0000gn/T/pip-install-z3ryfnqh/pyarrow_d395c1dcc85c426193f3e23fcde85666/build/temp.macosx-11.2-arm64-3.8/CMakeFiles/CMakeError.log\".\r\n error: command 'cmake' failed with exit status 1\r\n ----------------------------------------\r\n ERROR: Failed building wheel for pyarrow\r\nFailed to build pyarrow\r\nERROR: Could not build wheels for pyarrow which use PEP 517 and cannot be installed directly\r\n(dbt-sugar-lJO0x__U-py3.8) \u279c dbt-sugar git:(main) \u2717 pip install pyarrow --no-use-pep517\r\nCollecting pyarrow\r\n Using cached pyarrow-3.0.0.tar.gz (682 kB)\r\nRequirement already satisfied: numpy>=1.16.6 in /Users/bastienboutonnet/Library/Caches/pypoetry/virtualenvs/dbt-sugar-lJO0x__U-py3.8/lib/python3.8/site-packages (from pyarrow) (1.20.2)\r\nBuilding wheels for collected packages: pyarrow\r\n Building wheel for pyarrow (setup.py) ... error\r\n ERROR: Command errored out with exit status 1:\r\n command: /Users/bastienboutonnet/Library/Caches/pypoetry/virtualenvs/dbt-sugar-lJO0x__U-py3.8/bin/python -u -c 'import sys, setuptools, tokenize; sys.argv[0] = '\"'\"'/private/var/folders/v2/lfkghkc147j06_jd13v1f0yr0000gn/T/pip-install-ri2w315u/pyarrow_8d01252c437341798da24cfec11f603e/setup.py'\"'\"'; __file__='\"'\"'/private/var/folders/v2/lfkghkc147j06_jd13v1f0yr0000gn/T/pip-install-ri2w315u/pyarrow_8d01252c437341798da24cfec11f603e/setup.py'\"'\"';f=getattr(tokenize, '\"'\"'open'\"'\"', open)(__file__);code=f.read().replace('\"'\"'\\r\\n'\"'\"', '\"'\"'\\n'\"'\"');f.close();exec(compile(code, __file__, '\"'\"'exec'\"'\"'))' bdist_wheel -d /private/var/folders/v2/lfkghkc147j06_jd13v1f0yr0000gn/T/pip-wheel-vpkwqzyi\r\n cwd: /private/var/folders/v2/lfkghkc147j06_jd13v1f0yr0000gn/T/pip-install-ri2w315u/pyarrow_8d01252c437341798da24cfec11f603e/\r\n Complete output (238 lines):\r\n running bdist_wheel\r\n running build\r\n running build_py\r\n creating build\r\n creating build/lib.macosx-11.2-arm64-3.8\r\n creating build/lib.macosx-11.2-arm64-3.8/pyarrow\r\n copying pyarrow/orc.py -> build/lib.macosx-11.2-arm64-3.8/pyarrow\r\n copying pyarrow/_generated_version.py -> build/lib.macosx-11.2-arm64-3.8/pyarrow\r\n copying pyarrow/compat.py -> build/lib.macosx-11.2-arm64-3.8/pyarrow\r\n copying pyarrow/benchmark.py -> build/lib.macosx-11.2-arm64-3.8/pyarrow\r\n copying pyarrow/parquet.py -> build/lib.macosx-11.2-arm64-3.8/pyarrow\r\n copying pyarrow/ipc.py -> build/lib.macosx-11.2-arm64-3.8/pyarrow\r\n copying pyarrow/util.py -> build/lib.macosx-11.2-arm64-3.8/pyarrow\r\n copying pyarrow/flight.py -> build/lib.macosx-11.2-arm64-3.8/pyarrow\r\n copying pyarrow/cffi.py -> build/lib.macosx-11.2-arm64-3.8/pyarrow\r\n copying pyarrow/filesystem.py -> build/lib.macosx-11.2-arm64-3.8/pyarrow\r\n copying pyarrow/__init__.py -> build/lib.macosx-11.2-arm64-3.8/pyarrow\r\n copying pyarrow/plasma.py -> build/lib.macosx-11.2-arm64-3.8/pyarrow\r\n copying pyarrow/types.py -> build/lib.macosx-11.2-arm64-3.8/pyarrow\r\n copying pyarrow/dataset.py -> build/lib.macosx-11.2-arm64-3.8/pyarrow\r\n copying pyarrow/cuda.py -> build/lib.macosx-11.2-arm64-3.8/pyarrow\r\n copying pyarrow/feather.py -> build/lib.macosx-11.2-arm64-3.8/pyarrow\r\n copying pyarrow/pandas_compat.py -> build/lib.macosx-11.2-arm64-3.8/pyarrow\r\n copying pyarrow/fs.py -> build/lib.macosx-11.2-arm64-3.8/pyarrow\r\n copying pyarrow/csv.py -> build/lib.macosx-11.2-arm64-3.8/pyarrow\r\n copying pyarrow/jvm.py -> build/lib.macosx-11.2-arm64-3.8/pyarrow\r\n copying pyarrow/hdfs.py -> build/lib.macosx-11.2-arm64-3.8/pyarrow\r\n copying pyarrow/json.py -> build/lib.macosx-11.2-arm64-3.8/pyarrow\r\n copying pyarrow/serialization.py -> build/lib.macosx-11.2-arm64-3.8/pyarrow\r\n copying pyarrow/compute.py -> build/lib.macosx-11.2-arm64-3.8/pyarrow\r\n creating build/lib.macosx-11.2-arm64-3.8/pyarrow/tests\r\n copying pyarrow/tests/test_tensor.py -> build/lib.macosx-11.2-arm64-3.8/pyarrow/tests\r\n copying pyarrow/tests/test_ipc.py -> build/lib.macosx-11.2-arm64-3.8/pyarrow/tests\r\n copying pyarrow/tests/conftest.py -> build/lib.macosx-11.2-arm64-3.8/pyarrow/tests\r\n copying pyarrow/tests/test_convert_builtin.py -> build/lib.macosx-11.2-arm64-3.8/pyarrow/tests\r\n copying pyarrow/tests/test_misc.py -> build/lib.macosx-11.2-arm64-3.8/pyarrow/tests\r\n copying pyarrow/tests/test_gandiva.py -> build/lib.macosx-11.2-arm64-3.8/pyarrow/tests\r\n copying pyarrow/tests/strategies.py -> build/lib.macosx-11.2-arm64-3.8/pyarrow/tests\r\n copying pyarrow/tests/test_adhoc_memory_leak.py -> build/lib.macosx-11.2-arm64-3.8/pyarrow/tests\r\n copying pyarrow/tests/arrow_7980.py -> build/lib.macosx-11.2-arm64-3.8/pyarrow/tests\r\n copying pyarrow/tests/util.py -> build/lib.macosx-11.2-arm64-3.8/pyarrow/tests\r\n copying pyarrow/tests/test_orc.py -> build/lib.macosx-11.2-arm64-3.8/pyarrow/tests\r\n copying pyarrow/tests/test_table.py -> build/lib.macosx-11.2-arm64-3.8/pyarrow/tests\r\n copying pyarrow/tests/test_array.py -> build/lib.macosx-11.2-arm64-3.8/pyarrow/tests\r\n copying pyarrow/tests/test_deprecations.py -> build/lib.macosx-11.2-arm64-3.8/pyarrow/tests\r\n copying pyarrow/tests/test_serialization_deprecated.py -> build/lib.macosx-11.2-arm64-3.8/pyarrow/tests\r\n copying pyarrow/tests/__init__.py -> build/lib.macosx-11.2-arm64-3.8/pyarrow/tests\r\n copying pyarrow/tests/test_io.py -> build/lib.macosx-11.2-arm64-3.8/pyarrow/tests\r\n copying pyarrow/tests/test_cuda_numba_interop.py -> build/lib.macosx-11.2-arm64-3.8/pyarrow/tests\r\n copying pyarrow/tests/test_cffi.py -> build/lib.macosx-11.2-arm64-3.8/pyarrow/tests\r\n copying pyarrow/tests/test_schema.py -> build/lib.macosx-11.2-arm64-3.8/pyarrow/tests\r\n copying pyarrow/tests/test_jvm.py -> build/lib.macosx-11.2-arm64-3.8/pyarrow/tests\r\n copying pyarrow/tests/test_plasma_tf_op.py -> build/lib.macosx-11.2-arm64-3.8/pyarrow/tests\r\n copying pyarrow/tests/test_fs.py -> build/lib.macosx-11.2-arm64-3.8/pyarrow/tests\r\n copying pyarrow/tests/test_filesystem.py -> build/lib.macosx-11.2-arm64-3.8/pyarrow/tests\r\n copying pyarrow/tests/pandas_threaded_import.py -> build/lib.macosx-11.2-arm64-3.8/pyarrow/tests\r\n copying pyarrow/tests/pandas_examples.py -> build/lib.macosx-11.2-arm64-3.8/pyarrow/tests\r\n copying pyarrow/tests/test_cython.py -> build/lib.macosx-11.2-arm64-3.8/pyarrow/tests\r\n copying pyarrow/tests/test_sparse_tensor.py -> build/lib.macosx-11.2-arm64-3.8/pyarrow/tests\r\n copying pyarrow/tests/test_dataset.py -> build/lib.macosx-11.2-arm64-3.8/pyarrow/tests\r\n copying pyarrow/tests/test_builder.py -> build/lib.macosx-11.2-arm64-3.8/pyarrow/tests\r\n copying pyarrow/tests/test_cuda.py -> build/lib.macosx-11.2-arm64-3.8/pyarrow/tests\r\n copying pyarrow/tests/test_extension_type.py -> build/lib.macosx-11.2-arm64-3.8/pyarrow/tests\r\n copying pyarrow/tests/test_feather.py -> build/lib.macosx-11.2-arm64-3.8/pyarrow/tests\r\n copying pyarrow/tests/test_pandas.py -> build/lib.macosx-11.2-arm64-3.8/pyarrow/tests\r\n copying pyarrow/tests/test_memory.py -> build/lib.macosx-11.2-arm64-3.8/pyarrow/tests\r\n copying pyarrow/tests/test_flight.py -> build/lib.macosx-11.2-arm64-3.8/pyarrow/tests\r\n copying pyarrow/tests/test_json.py -> build/lib.macosx-11.2-arm64-3.8/pyarrow/tests\r\n copying pyarrow/tests/test_serialization.py -> build/lib.macosx-11.2-arm64-3.8/pyarrow/tests\r\n copying pyarrow/tests/test_compute.py -> build/lib.macosx-11.2-arm64-3.8/pyarrow/tests\r\n copying pyarrow/tests/test_hdfs.py -> build/lib.macosx-11.2-arm64-3.8/pyarrow/tests\r\n copying pyarrow/tests/deserialize_buffer.py -> build/lib.macosx-11.2-arm64-3.8/pyarrow/tests\r\n copying pyarrow/tests/test_strategies.py -> build/lib.macosx-11.2-arm64-3.8/pyarrow/tests\r\n copying pyarrow/tests/test_csv.py -> build/lib.macosx-11.2-arm64-3.8/pyarrow/tests\r\n copying pyarrow/tests/test_plasma.py -> build/lib.macosx-11.2-arm64-3.8/pyarrow/tests\r\n copying pyarrow/tests/test_scalars.py -> build/lib.macosx-11.2-arm64-3.8/pyarrow/tests\r\n copying pyarrow/tests/test_types.py -> build/lib.macosx-11.2-arm64-3.8/pyarrow/tests\r\n running egg_info\r\n writing pyarrow.egg-info/PKG-INFO\r\n writing dependency_links to pyarrow.egg-info/dependency_links.txt\r\n writing entry points to pyarrow.egg-info/entry_points.txt\r\n writing requirements to pyarrow.egg-info/requires.txt\r\n writing top-level names to pyarrow.egg-info/top_level.txt\r\n warning: Failed to find the configured license file '../LICENSE.txt'\r\n reading manifest file 'pyarrow.egg-info/SOURCES.txt'\r\n reading manifest template 'MANIFEST.in'\r\n warning: no files found matching '../LICENSE.txt'\r\n warning: no files found matching '../NOTICE.txt'\r\n warning: no previously-included files matching '*.so' found anywhere in distribution\r\n warning: no previously-included files matching '*.pyc' found anywhere in distribution\r\n warning: no previously-included files matching '*~' found anywhere in distribution\r\n warning: no previously-included files matching '#*' found anywhere in distribution\r\n warning: no previously-included files matching '.git*' found anywhere in distribution\r\n warning: no previously-included files matching '.DS_Store' found anywhere in distribution\r\n no previously-included directories found matching '.asv'\r\n writing manifest file 'pyarrow.egg-info/SOURCES.txt'\r\n copying pyarrow/__init__.pxd -> build/lib.macosx-11.2-arm64-3.8/pyarrow\r\n copying pyarrow/_compute.pxd -> build/lib.macosx-11.2-arm64-3.8/pyarrow\r\n copying pyarrow/_compute.pyx -> build/lib.macosx-11.2-arm64-3.8/pyarrow\r\n copying pyarrow/_csv.pxd -> build/lib.macosx-11.2-arm64-3.8/pyarrow\r\n copying pyarrow/_csv.pyx -> build/lib.macosx-11.2-arm64-3.8/pyarrow\r\n copying pyarrow/_cuda.pxd -> build/lib.macosx-11.2-arm64-3.8/pyarrow\r\n copying pyarrow/_cuda.pyx -> build/lib.macosx-11.2-arm64-3.8/pyarrow\r\n copying pyarrow/_dataset.pyx -> build/lib.macosx-11.2-arm64-3.8/pyarrow\r\n copying pyarrow/_flight.pyx -> build/lib.macosx-11.2-arm64-3.8/pyarrow\r\n copying pyarrow/_fs.pxd -> build/lib.macosx-11.2-arm64-3.8/pyarrow\r\n copying pyarrow/_fs.pyx -> build/lib.macosx-11.2-arm64-3.8/pyarrow\r\n copying pyarrow/_hdfs.pyx -> build/lib.macosx-11.2-arm64-3.8/pyarrow\r\n copying pyarrow/_json.pyx -> build/lib.macosx-11.2-arm64-3.8/pyarrow\r\n copying pyarrow/_orc.pxd -> build/lib.macosx-11.2-arm64-3.8/pyarrow\r\n copying pyarrow/_orc.pyx -> build/lib.macosx-11.2-arm64-3.8/pyarrow\r\n copying pyarrow/_parquet.pxd -> build/lib.macosx-11.2-arm64-3.8/pyarrow\r\n copying pyarrow/_parquet.pyx -> build/lib.macosx-11.2-arm64-3.8/pyarrow\r\n copying pyarrow/_plasma.pyx -> build/lib.macosx-11.2-arm64-3.8/pyarrow\r\n copying pyarrow/_s3fs.pyx -> build/lib.macosx-11.2-arm64-3.8/pyarrow\r\n copying pyarrow/array.pxi -> build/lib.macosx-11.2-arm64-3.8/pyarrow\r\n copying pyarrow/benchmark.pxi -> build/lib.macosx-11.2-arm64-3.8/pyarrow\r\n copying pyarrow/builder.pxi -> build/lib.macosx-11.2-arm64-3.8/pyarrow\r\n copying pyarrow/compat.pxi -> build/lib.macosx-11.2-arm64-3.8/pyarrow\r\n copying pyarrow/config.pxi -> build/lib.macosx-11.2-arm64-3.8/pyarrow\r\n copying pyarrow/error.pxi -> build/lib.macosx-11.2-arm64-3.8/pyarrow\r\n copying pyarrow/feather.pxi -> build/lib.macosx-11.2-arm64-3.8/pyarrow\r\n copying pyarrow/gandiva.pyx -> build/lib.macosx-11.2-arm64-3.8/pyarrow\r\n copying pyarrow/io-hdfs.pxi -> build/lib.macosx-11.2-arm64-3.8/pyarrow\r\n copying pyarrow/io.pxi -> build/lib.macosx-11.2-arm64-3.8/pyarrow\r\n copying pyarrow/ipc.pxi -> build/lib.macosx-11.2-arm64-3.8/pyarrow\r\n copying pyarrow/lib.pxd -> build/lib.macosx-11.2-arm64-3.8/pyarrow\r\n copying pyarrow/lib.pyx -> build/lib.macosx-11.2-arm64-3.8/pyarrow\r\n copying pyarrow/memory.pxi -> build/lib.macosx-11.2-arm64-3.8/pyarrow\r\n copying pyarrow/pandas-shim.pxi -> build/lib.macosx-11.2-arm64-3.8/pyarrow\r\n copying pyarrow/public-api.pxi -> build/lib.macosx-11.2-arm64-3.8/pyarrow\r\n copying pyarrow/scalar.pxi -> build/lib.macosx-11.2-arm64-3.8/pyarrow\r\n copying pyarrow/serialization.pxi -> build/lib.macosx-11.2-arm64-3.8/pyarrow\r\n copying pyarrow/table.pxi -> build/lib.macosx-11.2-arm64-3.8/pyarrow\r\n copying pyarrow/tensor.pxi -> build/lib.macosx-11.2-arm64-3.8/pyarrow\r\n copying pyarrow/types.pxi -> build/lib.macosx-11.2-arm64-3.8/pyarrow\r\n creating build/lib.macosx-11.2-arm64-3.8/pyarrow/includes\r\n copying pyarrow/includes/__init__.pxd -> build/lib.macosx-11.2-arm64-3.8/pyarrow/includes\r\n copying pyarrow/includes/common.pxd -> build/lib.macosx-11.2-arm64-3.8/pyarrow/includes\r\n copying pyarrow/includes/libarrow.pxd -> build/lib.macosx-11.2-arm64-3.8/pyarrow/includes\r\n copying pyarrow/includes/libarrow_cuda.pxd -> build/lib.macosx-11.2-arm64-3.8/pyarrow/includes\r\n copying pyarrow/includes/libarrow_dataset.pxd -> build/lib.macosx-11.2-arm64-3.8/pyarrow/includes\r\n copying pyarrow/includes/libarrow_flight.pxd -> build/lib.macosx-11.2-arm64-3.8/pyarrow/includes\r\n copying pyarrow/includes/libarrow_fs.pxd -> build/lib.macosx-11.2-arm64-3.8/pyarrow/includes\r\n copying pyarrow/includes/libgandiva.pxd -> build/lib.macosx-11.2-arm64-3.8/pyarrow/includes\r\n copying pyarrow/includes/libplasma.pxd -> build/lib.macosx-11.2-arm64-3.8/pyarrow/includes\r\n creating build/lib.macosx-11.2-arm64-3.8/pyarrow/tensorflow\r\n copying pyarrow/tensorflow/plasma_op.cc -> build/lib.macosx-11.2-arm64-3.8/pyarrow/tensorflow\r\n copying pyarrow/tests/pyarrow_cython_example.pyx -> build/lib.macosx-11.2-arm64-3.8/pyarrow/tests\r\n creating build/lib.macosx-11.2-arm64-3.8/pyarrow/tests/data\r\n creating build/lib.macosx-11.2-arm64-3.8/pyarrow/tests/data/feather\r\n copying pyarrow/tests/data/feather/v0.17.0.version=2-compression=lz4.feather -> build/lib.macosx-11.2-arm64-3.8/pyarrow/tests/data/feather\r\n creating build/lib.macosx-11.2-arm64-3.8/pyarrow/tests/data/orc\r\n copying pyarrow/tests/data/orc/README.md -> build/lib.macosx-11.2-arm64-3.8/pyarrow/tests/data/orc\r\n copying pyarrow/tests/data/orc/TestOrcFile.emptyFile.jsn.gz -> build/lib.macosx-11.2-arm64-3.8/pyarrow/tests/data/orc\r\n copying pyarrow/tests/data/orc/TestOrcFile.emptyFile.orc -> build/lib.macosx-11.2-arm64-3.8/pyarrow/tests/data/orc\r\n copying pyarrow/tests/data/orc/TestOrcFile.test1.jsn.gz -> build/lib.macosx-11.2-arm64-3.8/pyarrow/tests/data/orc\r\n copying pyarrow/tests/data/orc/TestOrcFile.test1.orc -> build/lib.macosx-11.2-arm64-3.8/pyarrow/tests/data/orc\r\n copying pyarrow/tests/data/orc/TestOrcFile.testDate1900.jsn.gz -> build/lib.macosx-11.2-arm64-3.8/pyarrow/tests/data/orc\r\n copying pyarrow/tests/data/orc/TestOrcFile.testDate1900.orc -> build/lib.macosx-11.2-arm64-3.8/pyarrow/tests/data/orc\r\n copying pyarrow/tests/data/orc/decimal.jsn.gz -> build/lib.macosx-11.2-arm64-3.8/pyarrow/tests/data/orc\r\n copying pyarrow/tests/data/orc/decimal.orc -> build/lib.macosx-11.2-arm64-3.8/pyarrow/tests/data/orc\r\n creating build/lib.macosx-11.2-arm64-3.8/pyarrow/tests/data/parquet\r\n copying pyarrow/tests/data/parquet/v0.7.1.all-named-index.parquet -> build/lib.macosx-11.2-arm64-3.8/pyarrow/tests/data/parquet\r\n copying pyarrow/tests/data/parquet/v0.7.1.column-metadata-handling.parquet -> build/lib.macosx-11.2-arm64-3.8/pyarrow/tests/data/parquet\r\n copying pyarrow/tests/data/parquet/v0.7.1.parquet -> build/lib.macosx-11.2-arm64-3.8/pyarrow/tests/data/parquet\r\n copying pyarrow/tests/data/parquet/v0.7.1.some-named-index.parquet -> build/lib.macosx-11.2-arm64-3.8/pyarrow/tests/data/parquet\r\n creating build/lib.macosx-11.2-arm64-3.8/pyarrow/tests/parquet\r\n copying pyarrow/tests/parquet/common.py -> build/lib.macosx-11.2-arm64-3.8/pyarrow/tests/parquet\r\n copying pyarrow/tests/parquet/conftest.py -> build/lib.macosx-11.2-arm64-3.8/pyarrow/tests/parquet\r\n copying pyarrow/tests/parquet/test_basic.py -> build/lib.macosx-11.2-arm64-3.8/pyarrow/tests/parquet\r\n copying pyarrow/tests/parquet/test_data_types.py -> build/lib.macosx-11.2-arm64-3.8/pyarrow/tests/parquet\r\n copying pyarrow/tests/parquet/test_dataset.py -> build/lib.macosx-11.2-arm64-3.8/pyarrow/tests/parquet\r\n copying pyarrow/tests/parquet/test_datetime.py -> build/lib.macosx-11.2-arm64-3.8/pyarrow/tests/parquet\r\n copying pyarrow/tests/parquet/test_metadata.py -> build/lib.macosx-11.2-arm64-3.8/pyarrow/tests/parquet\r\n copying pyarrow/tests/parquet/test_pandas.py -> build/lib.macosx-11.2-arm64-3.8/pyarrow/tests/parquet\r\n copying pyarrow/tests/parquet/test_parquet_file.py -> build/lib.macosx-11.2-arm64-3.8/pyarrow/tests/parquet\r\n copying pyarrow/tests/parquet/test_parquet_writer.py -> build/lib.macosx-11.2-arm64-3.8/pyarrow/tests/parquet\r\n running build_ext\r\n creating /private/var/folders/v2/lfkghkc147j06_jd13v1f0yr0000gn/T/pip-install-ri2w315u/pyarrow_8d01252c437341798da24cfec11f603e/build/temp.macosx-11.2-arm64-3.8\r\n -- Running cmake for pyarrow\r\n cmake -DPYTHON_EXECUTABLE=/Users/bastienboutonnet/Library/Caches/pypoetry/virtualenvs/dbt-sugar-lJO0x__U-py3.8/bin/python -DPython3_EXECUTABLE=/Users/bastienboutonnet/Library/Caches/pypoetry/virtualenvs/dbt-sugar-lJO0x__U-py3.8/bin/python -DPYARROW_BUILD_CUDA=off -DPYARROW_BUILD_FLIGHT=off -DPYARROW_BUILD_GANDIVA=off -DPYARROW_BUILD_DATASET=off -DPYARROW_BUILD_ORC=off -DPYARROW_BUILD_PARQUET=off -DPYARROW_BUILD_PLASMA=off -DPYARROW_BUILD_S3=off -DPYARROW_BUILD_HDFS=off -DPYARROW_USE_TENSORFLOW=off -DPYARROW_BUNDLE_ARROW_CPP=off -DPYARROW_BUNDLE_BOOST=off -DPYARROW_GENERATE_COVERAGE=off -DPYARROW_BOOST_USE_SHARED=on -DPYARROW_PARQUET_USE_SHARED=on -DCMAKE_BUILD_TYPE=release /private/var/folders/v2/lfkghkc147j06_jd13v1f0yr0000gn/T/pip-install-ri2w315u/pyarrow_8d01252c437341798da24cfec11f603e\r\n -- The C compiler identification is AppleClang 12.0.0.12000032\r\n -- The CXX compiler identification is AppleClang 12.0.0.12000032\r\n -- Detecting C compiler ABI info\r\n -- Detecting C compiler ABI info - done\r\n -- Check for working C compiler: /Library/Developer/CommandLineTools/usr/bin/cc - skipped\r\n -- Detecting C compile features\r\n -- Detecting C compile features - done\r\n -- Detecting CXX compiler ABI info\r\n -- Detecting CXX compiler ABI info - done\r\n -- Check for working CXX compiler: /Library/Developer/CommandLineTools/usr/bin/c++ - skipped\r\n -- Detecting CXX compile features\r\n -- Detecting CXX compile features - done\r\n -- System processor: x86_64\r\n -- Performing Test CXX_SUPPORTS_SSE4_2\r\n -- Performing Test CXX_SUPPORTS_SSE4_2 - Success\r\n -- Performing Test CXX_SUPPORTS_AVX2\r\n -- Performing Test CXX_SUPPORTS_AVX2 - Success\r\n -- Performing Test CXX_SUPPORTS_AVX512\r\n -- Performing Test CXX_SUPPORTS_AVX512 - Success\r\n -- Arrow build warning level: PRODUCTION\r\n Configured for RELEASE build (set with cmake -DCMAKE_BUILD_TYPE=\\{release,debug,...})\r\n -- Build Type: RELEASE\r\n -- Generator: Unix Makefiles\r\n -- Build output directory: /private/var/folders/v2/lfkghkc147j06_jd13v1f0yr0000gn/T/pip-install-ri2w315u/pyarrow_8d01252c437341798da24cfec11f603e/build/temp.macosx-11.2-arm64-3.8/release\r\n -- Found Python3: /Users/bastienboutonnet/Library/Caches/pypoetry/virtualenvs/dbt-sugar-lJO0x__U-py3.8/bin/python (found version \"3.8.7\") found components: Interpreter Development.Module NumPy\r\n -- Found Python3Alt: /Users/bastienboutonnet/Library/Caches/pypoetry/virtualenvs/dbt-sugar-lJO0x__U-py3.8/bin/python\r\n CMake Warning (dev) at /opt/homebrew/Cellar/cmake/3.20.0/share/cmake/Modules/FindPackageHandleStandardArgs.cmake:438 (message):\r\n The package name passed to `find_package_handle_standard_args` (PkgConfig)\r\n does not match the name of the calling package (Arrow). This can lead to\r\n problems in calling code that expects `find_package` result variables\r\n (e.g., `_FOUND`) to follow a certain pattern.\r\n Call Stack (most recent call first):\r\n /opt/homebrew/Cellar/cmake/3.20.0/share/cmake/Modules/FindPkgConfig.cmake:70 (find_package_handle_standard_args)\r\n cmake_modules/FindArrow.cmake:39 (include)\r\n cmake_modules/FindArrowPython.cmake:46 (find_package)\r\n CMakeLists.txt:214 (find_package)\r\n This warning is for project developers. Use -Wno-dev to suppress it.\r\n\r\n-- Found PkgConfig: /opt/homebrew/bin/pkg-config (found version \"0.29.2\")\r\n -- Could NOT find Arrow (missing: Arrow_DIR)\r\n -- Checking for module 'arrow'\r\n -- No package 'arrow' found\r\n CMake Error at /opt/homebrew/Cellar/cmake/3.20.0/share/cmake/Modules/FindPackageHandleStandardArgs.cmake:230 (message):\r\n Could NOT find Arrow (missing: ARROW_INCLUDE_DIR ARROW_LIB_DIR\r\n ARROW_FULL_SO_VERSION ARROW_SO_VERSION)\r\n Call Stack (most recent call first):\r\n /opt/homebrew/Cellar/cmake/3.20.0/share/cmake/Modules/FindPackageHandleStandardArgs.cmake:594 (_FPHSA_FAILURE_MESSAGE)\r\n cmake_modules/FindArrow.cmake:419 (find_package_handle_standard_args)\r\n cmake_modules/FindArrowPython.cmake:46 (find_package)\r\n CMakeLists.txt:214 (find_package)\r\n\r\n\r\n -- Configuring incomplete, errors occurred!\r\n See also \"/private/var/folders/v2/lfkghkc147j06_jd13v1f0yr0000gn/T/pip-install-ri2w315u/pyarrow_8d01252c437341798da24cfec11f603e/build/temp.macosx-11.2-arm64-3.8/CMakeFiles/CMakeOutput.log\".\r\n See also \"/private/var/folders/v2/lfkghkc147j06_jd13v1f0yr0000gn/T/pip-install-ri2w315u/pyarrow_8d01252c437341798da24cfec11f603e/build/temp.macosx-11.2-arm64-3.8/CMakeFiles/CMakeError.log\".\r\n error: command 'cmake' failed with exit status 1\r\n ----------------------------------------\r\n ERROR: Failed building wheel for pyarrow\r\n Running setup.py clean for pyarrow\r\nFailed to build pyarrow\r\nInstalling collected packages: pyarrow\r\n Running setup.py install for pyarrow ... error\r\n ERROR: Command errored out with exit status 1:\r\n command: /Users/bastienboutonnet/Library/Caches/pypoetry/virtualenvs/dbt-sugar-lJO0x__U-py3.8/bin/python -u -c 'import sys, setuptools, tokenize; sys.argv[0] = '\"'\"'/private/var/folders/v2/lfkghkc147j06_jd13v1f0yr0000gn/T/pip-install-ri2w315u/pyarrow_8d01252c437341798da24cfec11f603e/setup.py'\"'\"'; __file__='\"'\"'/private/var/folders/v2/lfkghkc147j06_jd13v1f0yr0000gn/T/pip-install-ri2w315u/pyarrow_8d01252c437341798da24cfec11f603e/setup.py'\"'\"';f=getattr(tokenize, '\"'\"'open'\"'\"', open)(__file__);code=f.read().replace('\"'\"'\\r\\n'\"'\"', '\"'\"'\\n'\"'\"');f.close();exec(compile(code, __file__, '\"'\"'exec'\"'\"'))' install --record /private/var/folders/v2/lfkghkc147j06_jd13v1f0yr0000gn/T/pip-record-3v1lx8h6/install-record.txt --single-version-externally-managed --compile --install-headers /Users/bastienboutonnet/Library/Caches/pypoetry/virtualenvs/dbt-sugar-lJO0x__U-py3.8/include/site/python3.8/pyarrow\r\n cwd: /private/var/folders/v2/lfkghkc147j06_jd13v1f0yr0000gn/T/pip-install-ri2w315u/pyarrow_8d01252c437341798da24cfec11f603e/\r\n Complete output (238 lines):\r\n running install\r\n running build\r\n running build_py\r\n creating build\r\n creating build/lib.macosx-11.2-arm64-3.8\r\n creating build/lib.macosx-11.2-arm64-3.8/pyarrow\r\n copying pyarrow/orc.py -> build/lib.macosx-11.2-arm64-3.8/pyarrow\r\n copying pyarrow/_generated_version.py -> build/lib.macosx-11.2-arm64-3.8/pyarrow\r\n copying pyarrow/compat.py -> build/lib.macosx-11.2-arm64-3.8/pyarrow\r\n copying pyarrow/benchmark.py -> build/lib.macosx-11.2-arm64-3.8/pyarrow\r\n copying pyarrow/parquet.py -> build/lib.macosx-11.2-arm64-3.8/pyarrow\r\n copying pyarrow/ipc.py -> build/lib.macosx-11.2-arm64-3.8/pyarrow\r\n copying pyarrow/util.py -> build/lib.macosx-11.2-arm64-3.8/pyarrow\r\n copying pyarrow/flight.py -> build/lib.macosx-11.2-arm64-3.8/pyarrow\r\n copying pyarrow/cffi.py -> build/lib.macosx-11.2-arm64-3.8/pyarrow\r\n copying pyarrow/filesystem.py -> build/lib.macosx-11.2-arm64-3.8/pyarrow\r\n copying pyarrow/__init__.py -> build/lib.macosx-11.2-arm64-3.8/pyarrow\r\n copying pyarrow/plasma.py -> build/lib.macosx-11.2-arm64-3.8/pyarrow\r\n copying pyarrow/types.py -> build/lib.macosx-11.2-arm64-3.8/pyarrow\r\n copying pyarrow/dataset.py -> build/lib.macosx-11.2-arm64-3.8/pyarrow\r\n copying pyarrow/cuda.py -> build/lib.macosx-11.2-arm64-3.8/pyarrow\r\n copying pyarrow/feather.py -> build/lib.macosx-11.2-arm64-3.8/pyarrow\r\n copying pyarrow/pandas_compat.py -> build/lib.macosx-11.2-arm64-3.8/pyarrow\r\n copying pyarrow/fs.py -> build/lib.macosx-11.2-arm64-3.8/pyarrow\r\n copying pyarrow/csv.py -> build/lib.macosx-11.2-arm64-3.8/pyarrow\r\n copying pyarrow/jvm.py -> build/lib.macosx-11.2-arm64-3.8/pyarrow\r\n copying pyarrow/hdfs.py -> build/lib.macosx-11.2-arm64-3.8/pyarrow\r\n copying pyarrow/json.py -> build/lib.macosx-11.2-arm64-3.8/pyarrow\r\n copying pyarrow/serialization.py -> build/lib.macosx-11.2-arm64-3.8/pyarrow\r\n copying pyarrow/compute.py -> build/lib.macosx-11.2-arm64-3.8/pyarrow\r\n creating build/lib.macosx-11.2-arm64-3.8/pyarrow/tests\r\n copying pyarrow/tests/test_tensor.py -> build/lib.macosx-11.2-arm64-3.8/pyarrow/tests\r\n copying pyarrow/tests/test_ipc.py -> build/lib.macosx-11.2-arm64-3.8/pyarrow/tests\r\n copying pyarrow/tests/conftest.py -> build/lib.macosx-11.2-arm64-3.8/pyarrow/tests\r\n copying pyarrow/tests/test_convert_builtin.py -> build/lib.macosx-11.2-arm64-3.8/pyarrow/tests\r\n copying pyarrow/tests/test_misc.py -> build/lib.macosx-11.2-arm64-3.8/pyarrow/tests\r\n copying pyarrow/tests/test_gandiva.py -> build/lib.macosx-11.2-arm64-3.8/pyarrow/tests\r\n copying pyarrow/tests/strategies.py -> build/lib.macosx-11.2-arm64-3.8/pyarrow/tests\r\n copying pyarrow/tests/test_adhoc_memory_leak.py -> build/lib.macosx-11.2-arm64-3.8/pyarrow/tests\r\n copying pyarrow/tests/arrow_7980.py -> build/lib.macosx-11.2-arm64-3.8/pyarrow/tests\r\n copying pyarrow/tests/util.py -> build/lib.macosx-11.2-arm64-3.8/pyarrow/tests\r\n copying pyarrow/tests/test_orc.py -> build/lib.macosx-11.2-arm64-3.8/pyarrow/tests\r\n copying pyarrow/tests/test_table.py -> build/lib.macosx-11.2-arm64-3.8/pyarrow/tests\r\n copying pyarrow/tests/test_array.py -> build/lib.macosx-11.2-arm64-3.8/pyarrow/tests\r\n copying pyarrow/tests/test_deprecations.py -> build/lib.macosx-11.2-arm64-3.8/pyarrow/tests\r\n copying pyarrow/tests/test_serialization_deprecated.py -> build/lib.macosx-11.2-arm64-3.8/pyarrow/tests\r\n copying pyarrow/tests/__init__.py -> build/lib.macosx-11.2-arm64-3.8/pyarrow/tests\r\n copying pyarrow/tests/test_io.py -> build/lib.macosx-11.2-arm64-3.8/pyarrow/tests\r\n copying pyarrow/tests/test_cuda_numba_interop.py -> build/lib.macosx-11.2-arm64-3.8/pyarrow/tests\r\n copying pyarrow/tests/test_cffi.py -> build/lib.macosx-11.2-arm64-3.8/pyarrow/tests\r\n copying pyarrow/tests/test_schema.py -> build/lib.macosx-11.2-arm64-3.8/pyarrow/tests\r\n copying pyarrow/tests/test_jvm.py -> build/lib.macosx-11.2-arm64-3.8/pyarrow/tests\r\n copying pyarrow/tests/test_plasma_tf_op.py -> build/lib.macosx-11.2-arm64-3.8/pyarrow/tests\r\n copying pyarrow/tests/test_fs.py -> build/lib.macosx-11.2-arm64-3.8/pyarrow/tests\r\n copying pyarrow/tests/test_filesystem.py -> build/lib.macosx-11.2-arm64-3.8/pyarrow/tests\r\n copying pyarrow/tests/pandas_threaded_import.py -> build/lib.macosx-11.2-arm64-3.8/pyarrow/tests\r\n copying pyarrow/tests/pandas_examples.py -> build/lib.macosx-11.2-arm64-3.8/pyarrow/tests\r\n copying pyarrow/tests/test_cython.py -> build/lib.macosx-11.2-arm64-3.8/pyarrow/tests\r\n copying pyarrow/tests/test_sparse_tensor.py -> build/lib.macosx-11.2-arm64-3.8/pyarrow/tests\r\n copying pyarrow/tests/test_dataset.py -> build/lib.macosx-11.2-arm64-3.8/pyarrow/tests\r\n copying pyarrow/tests/test_builder.py -> build/lib.macosx-11.2-arm64-3.8/pyarrow/tests\r\n copying pyarrow/tests/test_cuda.py -> build/lib.macosx-11.2-arm64-3.8/pyarrow/tests\r\n copying pyarrow/tests/test_extension_type.py -> build/lib.macosx-11.2-arm64-3.8/pyarrow/tests\r\n copying pyarrow/tests/test_feather.py -> build/lib.macosx-11.2-arm64-3.8/pyarrow/tests\r\n copying pyarrow/tests/test_pandas.py -> build/lib.macosx-11.2-arm64-3.8/pyarrow/tests\r\n copying pyarrow/tests/test_memory.py -> build/lib.macosx-11.2-arm64-3.8/pyarrow/tests\r\n copying pyarrow/tests/test_flight.py -> build/lib.macosx-11.2-arm64-3.8/pyarrow/tests\r\n copying pyarrow/tests/test_json.py -> build/lib.macosx-11.2-arm64-3.8/pyarrow/tests\r\n copying pyarrow/tests/test_serialization.py -> build/lib.macosx-11.2-arm64-3.8/pyarrow/tests\r\n copying pyarrow/tests/test_compute.py -> build/lib.macosx-11.2-arm64-3.8/pyarrow/tests\r\n copying pyarrow/tests/test_hdfs.py -> build/lib.macosx-11.2-arm64-3.8/pyarrow/tests\r\n copying pyarrow/tests/deserialize_buffer.py -> build/lib.macosx-11.2-arm64-3.8/pyarrow/tests\r\n copying pyarrow/tests/test_strategies.py -> build/lib.macosx-11.2-arm64-3.8/pyarrow/tests\r\n copying pyarrow/tests/test_csv.py -> build/lib.macosx-11.2-arm64-3.8/pyarrow/tests\r\n copying pyarrow/tests/test_plasma.py -> build/lib.macosx-11.2-arm64-3.8/pyarrow/tests\r\n copying pyarrow/tests/test_scalars.py -> build/lib.macosx-11.2-arm64-3.8/pyarrow/tests\r\n copying pyarrow/tests/test_types.py -> build/lib.macosx-11.2-arm64-3.8/pyarrow/tests\r\n running egg_info\r\n writing pyarrow.egg-info/PKG-INFO\r\n writing dependency_links to pyarrow.egg-info/dependency_links.txt\r\n writing entry points to pyarrow.egg-info/entry_points.txt\r\n writing requirements to pyarrow.egg-info/requires.txt\r\n writing top-level names to pyarrow.egg-info/top_level.txt\r\n warning: Failed to find the configured license file '../LICENSE.txt'\r\n reading manifest file 'pyarrow.egg-info/SOURCES.txt'\r\n reading manifest template 'MANIFEST.in'\r\n warning: no files found matching '../LICENSE.txt'\r\n warning: no files found matching '../NOTICE.txt'\r\n warning: no previously-included files matching '*.so' found anywhere in distribution\r\n warning: no previously-included files matching '*.pyc' found anywhere in distribution\r\n warning: no previously-included files matching '*~' found anywhere in distribution\r\n warning: no previously-included files matching '#*' found anywhere in distribution\r\n warning: no previously-included files matching '.git*' found anywhere in distribution\r\n warning: no previously-included files matching '.DS_Store' found anywhere in distribution\r\n no previously-included directories found matching '.asv'\r\n writing manifest file 'pyarrow.egg-info/SOURCES.txt'\r\n copying pyarrow/__init__.pxd -> build/lib.macosx-11.2-arm64-3.8/pyarrow\r\n copying pyarrow/_compute.pxd -> build/lib.macosx-11.2-arm64-3.8/pyarrow\r\n copying pyarrow/_compute.pyx -> build/lib.macosx-11.2-arm64-3.8/pyarrow\r\n copying pyarrow/_csv.pxd -> build/lib.macosx-11.2-arm64-3.8/pyarrow\r\n copying pyarrow/_csv.pyx -> build/lib.macosx-11.2-arm64-3.8/pyarrow\r\n copying pyarrow/_cuda.pxd -> build/lib.macosx-11.2-arm64-3.8/pyarrow\r\n copying pyarrow/_cuda.pyx -> build/lib.macosx-11.2-arm64-3.8/pyarrow\r\n copying pyarrow/_dataset.pyx -> build/lib.macosx-11.2-arm64-3.8/pyarrow\r\n copying pyarrow/_flight.pyx -> build/lib.macosx-11.2-arm64-3.8/pyarrow\r\n copying pyarrow/_fs.pxd -> build/lib.macosx-11.2-arm64-3.8/pyarrow\r\n copying pyarrow/_fs.pyx -> build/lib.macosx-11.2-arm64-3.8/pyarrow\r\n copying pyarrow/_hdfs.pyx -> build/lib.macosx-11.2-arm64-3.8/pyarrow\r\n copying pyarrow/_json.pyx -> build/lib.macosx-11.2-arm64-3.8/pyarrow\r\n copying pyarrow/_orc.pxd -> build/lib.macosx-11.2-arm64-3.8/pyarrow\r\n copying pyarrow/_orc.pyx -> build/lib.macosx-11.2-arm64-3.8/pyarrow\r\n copying pyarrow/_parquet.pxd -> build/lib.macosx-11.2-arm64-3.8/pyarrow\r\n copying pyarrow/_parquet.pyx -> build/lib.macosx-11.2-arm64-3.8/pyarrow\r\n copying pyarrow/_plasma.pyx -> build/lib.macosx-11.2-arm64-3.8/pyarrow\r\n copying pyarrow/_s3fs.pyx -> build/lib.macosx-11.2-arm64-3.8/pyarrow\r\n copying pyarrow/array.pxi -> build/lib.macosx-11.2-arm64-3.8/pyarrow\r\n copying pyarrow/benchmark.pxi -> build/lib.macosx-11.2-arm64-3.8/pyarrow\r\n copying pyarrow/builder.pxi -> build/lib.macosx-11.2-arm64-3.8/pyarrow\r\n copying pyarrow/compat.pxi -> build/lib.macosx-11.2-arm64-3.8/pyarrow\r\n copying pyarrow/config.pxi -> build/lib.macosx-11.2-arm64-3.8/pyarrow\r\n copying pyarrow/error.pxi -> build/lib.macosx-11.2-arm64-3.8/pyarrow\r\n copying pyarrow/feather.pxi -> build/lib.macosx-11.2-arm64-3.8/pyarrow\r\n copying pyarrow/gandiva.pyx -> build/lib.macosx-11.2-arm64-3.8/pyarrow\r\n copying pyarrow/io-hdfs.pxi -> build/lib.macosx-11.2-arm64-3.8/pyarrow\r\n copying pyarrow/io.pxi -> build/lib.macosx-11.2-arm64-3.8/pyarrow\r\n copying pyarrow/ipc.pxi -> build/lib.macosx-11.2-arm64-3.8/pyarrow\r\n copying pyarrow/lib.pxd -> build/lib.macosx-11.2-arm64-3.8/pyarrow\r\n copying pyarrow/lib.pyx -> build/lib.macosx-11.2-arm64-3.8/pyarrow\r\n copying pyarrow/memory.pxi -> build/lib.macosx-11.2-arm64-3.8/pyarrow\r\n copying pyarrow/pandas-shim.pxi -> build/lib.macosx-11.2-arm64-3.8/pyarrow\r\n copying pyarrow/public-api.pxi -> build/lib.macosx-11.2-arm64-3.8/pyarrow\r\n copying pyarrow/scalar.pxi -> build/lib.macosx-11.2-arm64-3.8/pyarrow\r\n copying pyarrow/serialization.pxi -> build/lib.macosx-11.2-arm64-3.8/pyarrow\r\n copying pyarrow/table.pxi -> build/lib.macosx-11.2-arm64-3.8/pyarrow\r\n copying pyarrow/tensor.pxi -> build/lib.macosx-11.2-arm64-3.8/pyarrow\r\n copying pyarrow/types.pxi -> build/lib.macosx-11.2-arm64-3.8/pyarrow\r\n creating build/lib.macosx-11.2-arm64-3.8/pyarrow/includes\r\n copying pyarrow/includes/__init__.pxd -> build/lib.macosx-11.2-arm64-3.8/pyarrow/includes\r\n copying pyarrow/includes/common.pxd -> build/lib.macosx-11.2-arm64-3.8/pyarrow/includes\r\n copying pyarrow/includes/libarrow.pxd -> build/lib.macosx-11.2-arm64-3.8/pyarrow/includes\r\n copying pyarrow/includes/libarrow_cuda.pxd -> build/lib.macosx-11.2-arm64-3.8/pyarrow/includes\r\n copying pyarrow/includes/libarrow_dataset.pxd -> build/lib.macosx-11.2-arm64-3.8/pyarrow/includes\r\n copying pyarrow/includes/libarrow_flight.pxd -> build/lib.macosx-11.2-arm64-3.8/pyarrow/includes\r\n copying pyarrow/includes/libarrow_fs.pxd -> build/lib.macosx-11.2-arm64-3.8/pyarrow/includes\r\n copying pyarrow/includes/libgandiva.pxd -> build/lib.macosx-11.2-arm64-3.8/pyarrow/includes\r\n copying pyarrow/includes/libplasma.pxd -> build/lib.macosx-11.2-arm64-3.8/pyarrow/includes\r\n creating build/lib.macosx-11.2-arm64-3.8/pyarrow/tensorflow\r\n copying pyarrow/tensorflow/plasma_op.cc -> build/lib.macosx-11.2-arm64-3.8/pyarrow/tensorflow\r\n copying pyarrow/tests/pyarrow_cython_example.pyx -> build/lib.macosx-11.2-arm64-3.8/pyarrow/tests\r\n creating build/lib.macosx-11.2-arm64-3.8/pyarrow/tests/data\r\n creating build/lib.macosx-11.2-arm64-3.8/pyarrow/tests/data/feather\r\n copying pyarrow/tests/data/feather/v0.17.0.version=2-compression=lz4.feather -> build/lib.macosx-11.2-arm64-3.8/pyarrow/tests/data/feather\r\n creating build/lib.macosx-11.2-arm64-3.8/pyarrow/tests/data/orc\r\n copying pyarrow/tests/data/orc/README.md -> build/lib.macosx-11.2-arm64-3.8/pyarrow/tests/data/orc\r\n copying pyarrow/tests/data/orc/TestOrcFile.emptyFile.jsn.gz -> build/lib.macosx-11.2-arm64-3.8/pyarrow/tests/data/orc\r\n copying pyarrow/tests/data/orc/TestOrcFile.emptyFile.orc -> build/lib.macosx-11.2-arm64-3.8/pyarrow/tests/data/orc\r\n copying pyarrow/tests/data/orc/TestOrcFile.test1.jsn.gz -> build/lib.macosx-11.2-arm64-3.8/pyarrow/tests/data/orc\r\n copying pyarrow/tests/data/orc/TestOrcFile.test1.orc -> build/lib.macosx-11.2-arm64-3.8/pyarrow/tests/data/orc\r\n copying pyarrow/tests/data/orc/TestOrcFile.testDate1900.jsn.gz -> build/lib.macosx-11.2-arm64-3.8/pyarrow/tests/data/orc\r\n copying pyarrow/tests/data/orc/TestOrcFile.testDate1900.orc -> build/lib.macosx-11.2-arm64-3.8/pyarrow/tests/data/orc\r\n copying pyarrow/tests/data/orc/decimal.jsn.gz -> build/lib.macosx-11.2-arm64-3.8/pyarrow/tests/data/orc\r\n copying pyarrow/tests/data/orc/decimal.orc -> build/lib.macosx-11.2-arm64-3.8/pyarrow/tests/data/orc\r\n creating build/lib.macosx-11.2-arm64-3.8/pyarrow/tests/data/parquet\r\n copying pyarrow/tests/data/parquet/v0.7.1.all-named-index.parquet -> build/lib.macosx-11.2-arm64-3.8/pyarrow/tests/data/parquet\r\n copying pyarrow/tests/data/parquet/v0.7.1.column-metadata-handling.parquet -> build/lib.macosx-11.2-arm64-3.8/pyarrow/tests/data/parquet\r\n copying pyarrow/tests/data/parquet/v0.7.1.parquet -> build/lib.macosx-11.2-arm64-3.8/pyarrow/tests/data/parquet\r\n copying pyarrow/tests/data/parquet/v0.7.1.some-named-index.parquet -> build/lib.macosx-11.2-arm64-3.8/pyarrow/tests/data/parquet\r\n creating build/lib.macosx-11.2-arm64-3.8/pyarrow/tests/parquet\r\n copying pyarrow/tests/parquet/common.py -> build/lib.macosx-11.2-arm64-3.8/pyarrow/tests/parquet\r\n copying pyarrow/tests/parquet/conftest.py -> build/lib.macosx-11.2-arm64-3.8/pyarrow/tests/parquet\r\n copying pyarrow/tests/parquet/test_basic.py -> build/lib.macosx-11.2-arm64-3.8/pyarrow/tests/parquet\r\n copying pyarrow/tests/parquet/test_data_types.py -> build/lib.macosx-11.2-arm64-3.8/pyarrow/tests/parquet\r\n copying pyarrow/tests/parquet/test_dataset.py -> build/lib.macosx-11.2-arm64-3.8/pyarrow/tests/parquet\r\n copying pyarrow/tests/parquet/test_datetime.py -> build/lib.macosx-11.2-arm64-3.8/pyarrow/tests/parquet\r\n copying pyarrow/tests/parquet/test_metadata.py -> build/lib.macosx-11.2-arm64-3.8/pyarrow/tests/parquet\r\n copying pyarrow/tests/parquet/test_pandas.py -> build/lib.macosx-11.2-arm64-3.8/pyarrow/tests/parquet\r\n copying pyarrow/tests/parquet/test_parquet_file.py -> build/lib.macosx-11.2-arm64-3.8/pyarrow/tests/parquet\r\n copying pyarrow/tests/parquet/test_parquet_writer.py -> build/lib.macosx-11.2-arm64-3.8/pyarrow/tests/parquet\r\n running build_ext\r\n creating /private/var/folders/v2/lfkghkc147j06_jd13v1f0yr0000gn/T/pip-install-ri2w315u/pyarrow_8d01252c437341798da24cfec11f603e/build/temp.macosx-11.2-arm64-3.8\r\n -- Running cmake for pyarrow\r\n cmake -DPYTHON_EXECUTABLE=/Users/bastienboutonnet/Library/Caches/pypoetry/virtualenvs/dbt-sugar-lJO0x__U-py3.8/bin/python -DPython3_EXECUTABLE=/Users/bastienboutonnet/Library/Caches/pypoetry/virtualenvs/dbt-sugar-lJO0x__U-py3.8/bin/python -DPYARROW_BUILD_CUDA=off -DPYARROW_BUILD_FLIGHT=off -DPYARROW_BUILD_GANDIVA=off -DPYARROW_BUILD_DATASET=off -DPYARROW_BUILD_ORC=off -DPYARROW_BUILD_PARQUET=off -DPYARROW_BUILD_PLASMA=off -DPYARROW_BUILD_S3=off -DPYARROW_BUILD_HDFS=off -DPYARROW_USE_TENSORFLOW=off -DPYARROW_BUNDLE_ARROW_CPP=off -DPYARROW_BUNDLE_BOOST=off -DPYARROW_GENERATE_COVERAGE=off -DPYARROW_BOOST_USE_SHARED=on -DPYARROW_PARQUET_USE_SHARED=on -DCMAKE_BUILD_TYPE=release /private/var/folders/v2/lfkghkc147j06_jd13v1f0yr0000gn/T/pip-install-ri2w315u/pyarrow_8d01252c437341798da24cfec11f603e\r\n -- The C compiler identification is AppleClang 12.0.0.12000032\r\n -- The CXX compiler identification is AppleClang 12.0.0.12000032\r\n -- Detecting C compiler ABI info\r\n -- Detecting C compiler ABI info - done\r\n -- Check for working C compiler: /Library/Developer/CommandLineTools/usr/bin/cc - skipped\r\n -- Detecting C compile features\r\n -- Detecting C compile features - done\r\n -- Detecting CXX compiler ABI info\r\n -- Detecting CXX compiler ABI info - done\r\n -- Check for working CXX compiler: /Library/Developer/CommandLineTools/usr/bin/c++ - skipped\r\n -- Detecting CXX compile features\r\n -- Detecting CXX compile features - done\r\n -- System processor: x86_64\r\n -- Performing Test CXX_SUPPORTS_SSE4_2\r\n -- Performing Test CXX_SUPPORTS_SSE4_2 - Success\r\n -- Performing Test CXX_SUPPORTS_AVX2\r\n -- Performing Test CXX_SUPPORTS_AVX2 - Success\r\n -- Performing Test CXX_SUPPORTS_AVX512\r\n -- Performing Test CXX_SUPPORTS_AVX512 - Success\r\n -- Arrow build warning level: PRODUCTION\r\n Configured for RELEASE build (set with cmake -DCMAKE_BUILD_TYPE=\\{release,debug,...})\r\n -- Build Type: RELEASE\r\n -- Generator: Unix Makefiles\r\n -- Build output directory: /private/var/folders/v2/lfkghkc147j06_jd13v1f0yr0000gn/T/pip-install-ri2w315u/pyarrow_8d01252c437341798da24cfec11f603e/build/temp.macosx-11.2-arm64-3.8/release\r\n -- Found Python3: /Users/bastienboutonnet/Library/Caches/pypoetry/virtualenvs/dbt-sugar-lJO0x__U-py3.8/bin/python (found version \"3.8.7\") found components: Interpreter Development.Module NumPy\r\n -- Found Python3Alt: /Users/bastienboutonnet/Library/Caches/pypoetry/virtualenvs/dbt-sugar-lJO0x__U-py3.8/bin/python\r\n CMake Warning (dev) at /opt/homebrew/Cellar/cmake/3.20.0/share/cmake/Modules/FindPackageHandleStandardArgs.cmake:438 (message):\r\n The package name passed to `find_package_handle_standard_args` (PkgConfig)\r\n does not match the name of the calling package (Arrow). This can lead to\r\n problems in calling code that expects `find_package` result variables\r\n (e.g., `_FOUND`) to follow a certain pattern.\r\n Call Stack (most recent call first):\r\n /opt/homebrew/Cellar/cmake/3.20.0/share/cmake/Modules/FindPkgConfig.cmake:70 (find_package_handle_standard_args)\r\n cmake_modules/FindArrow.cmake:39 (include)\r\n cmake_modules/FindArrowPython.cmake:46 (find_package)\r\n CMakeLists.txt:214 (find_package)\r\n This warning is for project developers. Use -Wno-dev to suppress it.\r\n\r\n-- Found PkgConfig: /opt/homebrew/bin/pkg-config (found version \"0.29.2\")\r\n -- Could NOT find Arrow (missing: Arrow_DIR)\r\n -- Checking for module 'arrow'\r\n -- No package 'arrow' found\r\n CMake Error at /opt/homebrew/Cellar/cmake/3.20.0/share/cmake/Modules/FindPackageHandleStandardArgs.cmake:230 (message):\r\n Could NOT find Arrow (missing: ARROW_INCLUDE_DIR ARROW_LIB_DIR\r\n ARROW_FULL_SO_VERSION ARROW_SO_VERSION)\r\n Call Stack (most recent call first):\r\n /opt/homebrew/Cellar/cmake/3.20.0/share/cmake/Modules/FindPackageHandleStandardArgs.cmake:594 (_FPHSA_FAILURE_MESSAGE)\r\n cmake_modules/FindArrow.cmake:419 (find_package_handle_standard_args)\r\n cmake_modules/FindArrowPython.cmake:46 (find_package)\r\n CMakeLists.txt:214 (find_package)\r\n\r\n\r\n -- Configuring incomplete, errors occurred!\r\n See also \"/private/var/folders/v2/lfkghkc147j06_jd13v1f0yr0000gn/T/pip-install-ri2w315u/pyarrow_8d01252c437341798da24cfec11f603e/build/temp.macosx-11.2-arm64-3.8/CMakeFiles/CMakeOutput.log\".\r\n See also \"/private/var/folders/v2/lfkghkc147j06_jd13v1f0yr0000gn/T/pip-install-ri2w315u/pyarrow_8d01252c437341798da24cfec11f603e/build/temp.macosx-11.2-arm64-3.8/CMakeFiles/CMakeError.log\".\r\n error: command 'cmake' failed with exit status 1\r\n ----------------------------------------\r\nERROR: Command errored out with exit status 1: /Users/bastienboutonnet/Library/Caches/pypoetry/virtualenvs/dbt-sugar-lJO0x__U-py3.8/bin/python -u -c 'import sys, setuptools, tokenize; sys.argv[0] = '\"'\"'/private/var/folders/v2/lfkghkc147j06_jd13v1f0yr0000gn/T/pip-install-ri2w315u/pyarrow_8d01252c437341798da24cfec11f603e/setup.py'\"'\"'; __file__='\"'\"'/private/var/folders/v2/lfkghkc147j06_jd13v1f0yr0000gn/T/pip-install-ri2w315u/pyarrow_8d01252c437341798da24cfec11f603e/setup.py'\"'\"';f=getattr(tokenize, '\"'\"'open'\"'\"', open)(__file__);code=f.read().replace('\"'\"'\\r\\n'\"'\"', '\"'\"'\\n'\"'\"');f.close();exec(compile(code, __file__, '\"'\"'exec'\"'\"'))' install --record /private/var/folders/v2/lfkghkc147j06_jd13v1f0yr0000gn/T/pip-record-3v1lx8h6/install-record.txt --single-version-externally-managed --compile --install-headers /Users/bastienboutonnet/Library/Caches/pypoetry/virtualenvs/dbt-sugar-lJO0x__U-py3.8/include/site/python3.8/pyarrow Check the logs for full command output.\r\n(dbt-sugar-lJO0x__U-py3.8) \u279c dbt-sugar git:(main) \u2717 pip install pyarrow\r\nCollecting pyarrow\r\n Using cached pyarrow-3.0.0.tar.gz (682 kB)\r\n Installing build dependencies ... done\r\n Getting requirements to build wheel ... done\r\n Preparing wheel metadata ... done\r\nRequirement already satisfied: numpy>=1.16.6 in /Users/bastienboutonnet/Library/Caches/pypoetry/virtualenvs/dbt-sugar-lJO0x__U-py3.8/lib/python3.8/site-packages (from pyarrow) (1.20.2)\r\nBuilding wheels for collected packages: pyarrow\r\n Building wheel for pyarrow (PEP 517) ... error\r\n ERROR: Command errored out with exit status 1:\r\n command: /Users/bastienboutonnet/Library/Caches/pypoetry/virtualenvs/dbt-sugar-lJO0x__U-py3.8/bin/python /Users/bastienboutonnet/Library/Caches/pypoetry/virtualenvs/dbt-sugar-lJO0x__U-py3.8/lib/python3.8/site-packages/pip/_vendor/pep517/_in_process.py build_wheel /var/folders/v2/lfkghkc147j06_jd13v1f0yr0000gn/T/tmpxo27vpzk\r\n cwd: /private/var/folders/v2/lfkghkc147j06_jd13v1f0yr0000gn/T/pip-install-plkkl5f5/pyarrow_b2ed3ad78f6c4bbf987e34238d2e63c4\r\n Complete output (221 lines):\r\n running bdist_wheel\r\n running build\r\n running build_py\r\n creating build\r\n creating build/lib.macosx-11.2-arm64-3.8\r\n creating build/lib.macosx-11.2-arm64-3.8/pyarrow\r\n copying pyarrow/orc.py -> build/lib.macosx-11.2-arm64-3.8/pyarrow\r\n copying pyarrow/_generated_version.py -> build/lib.macosx-11.2-arm64-3.8/pyarrow\r\n copying pyarrow/compat.py -> build/lib.macosx-11.2-arm64-3.8/pyarrow\r\n copying pyarrow/benchmark.py -> build/lib.macosx-11.2-arm64-3.8/pyarrow\r\n copying pyarrow/parquet.py -> build/lib.macosx-11.2-arm64-3.8/pyarrow\r\n copying pyarrow/ipc.py -> build/lib.macosx-11.2-arm64-3.8/pyarrow\r\n copying pyarrow/util.py -> build/lib.macosx-11.2-arm64-3.8/pyarrow\r\n copying pyarrow/flight.py -> build/lib.macosx-11.2-arm64-3.8/pyarrow\r\n copying pyarrow/cffi.py -> build/lib.macosx-11.2-arm64-3.8/pyarrow\r\n copying pyarrow/filesystem.py -> build/lib.macosx-11.2-arm64-3.8/pyarrow\r\n copying pyarrow/__init__.py -> build/lib.macosx-11.2-arm64-3.8/pyarrow\r\n copying pyarrow/plasma.py -> build/lib.macosx-11.2-arm64-3.8/pyarrow\r\n copying pyarrow/types.py -> build/lib.macosx-11.2-arm64-3.8/pyarrow\r\n copying pyarrow/dataset.py -> build/lib.macosx-11.2-arm64-3.8/pyarrow\r\n copying pyarrow/cuda.py -> build/lib.macosx-11.2-arm64-3.8/pyarrow\r\n copying pyarrow/feather.py -> build/lib.macosx-11.2-arm64-3.8/pyarrow\r\n copying pyarrow/pandas_compat.py -> build/lib.macosx-11.2-arm64-3.8/pyarrow\r\n copying pyarrow/fs.py -> build/lib.macosx-11.2-arm64-3.8/pyarrow\r\n copying pyarrow/csv.py -> build/lib.macosx-11.2-arm64-3.8/pyarrow\r\n copying pyarrow/jvm.py -> build/lib.macosx-11.2-arm64-3.8/pyarrow\r\n copying pyarrow/hdfs.py -> build/lib.macosx-11.2-arm64-3.8/pyarrow\r\n copying pyarrow/json.py -> build/lib.macosx-11.2-arm64-3.8/pyarrow\r\n copying pyarrow/serialization.py -> build/lib.macosx-11.2-arm64-3.8/pyarrow\r\n copying pyarrow/compute.py -> build/lib.macosx-11.2-arm64-3.8/pyarrow\r\n creating build/lib.macosx-11.2-arm64-3.8/pyarrow/tests\r\n copying pyarrow/tests/test_tensor.py -> build/lib.macosx-11.2-arm64-3.8/pyarrow/tests\r\n copying pyarrow/tests/test_ipc.py -> build/lib.macosx-11.2-arm64-3.8/pyarrow/tests\r\n copying pyarrow/tests/conftest.py -> build/lib.macosx-11.2-arm64-3.8/pyarrow/tests\r\n copying pyarrow/tests/test_convert_builtin.py -> build/lib.macosx-11.2-arm64-3.8/pyarrow/tests\r\n copying pyarrow/tests/test_misc.py -> build/lib.macosx-11.2-arm64-3.8/pyarrow/tests\r\n copying pyarrow/tests/test_gandiva.py -> build/lib.macosx-11.2-arm64-3.8/pyarrow/tests\r\n copying pyarrow/tests/strategies.py -> build/lib.macosx-11.2-arm64-3.8/pyarrow/tests\r\n copying pyarrow/tests/test_adhoc_memory_leak.py -> build/lib.macosx-11.2-arm64-3.8/pyarrow/tests\r\n copying pyarrow/tests/arrow_7980.py -> build/lib.macosx-11.2-arm64-3.8/pyarrow/tests\r\n copying pyarrow/tests/util.py -> build/lib.macosx-11.2-arm64-3.8/pyarrow/tests\r\n copying pyarrow/tests/test_orc.py -> build/lib.macosx-11.2-arm64-3.8/pyarrow/tests\r\n copying pyarrow/tests/test_table.py -> build/lib.macosx-11.2-arm64-3.8/pyarrow/tests\r\n copying pyarrow/tests/test_array.py -> build/lib.macosx-11.2-arm64-3.8/pyarrow/tests\r\n copying pyarrow/tests/test_deprecations.py -> build/lib.macosx-11.2-arm64-3.8/pyarrow/tests\r\n copying pyarrow/tests/test_serialization_deprecated.py -> build/lib.macosx-11.2-arm64-3.8/pyarrow/tests\r\n copying pyarrow/tests/__init__.py -> build/lib.macosx-11.2-arm64-3.8/pyarrow/tests\r\n copying pyarrow/tests/test_io.py -> build/lib.macosx-11.2-arm64-3.8/pyarrow/tests\r\n copying pyarrow/tests/test_cuda_numba_interop.py -> build/lib.macosx-11.2-arm64-3.8/pyarrow/tests\r\n copying pyarrow/tests/test_cffi.py -> build/lib.macosx-11.2-arm64-3.8/pyarrow/tests\r\n copying pyarrow/tests/test_schema.py -> build/lib.macosx-11.2-arm64-3.8/pyarrow/tests\r\n copying pyarrow/tests/test_jvm.py -> build/lib.macosx-11.2-arm64-3.8/pyarrow/tests\r\n copying pyarrow/tests/test_plasma_tf_op.py -> build/lib.macosx-11.2-arm64-3.8/pyarrow/tests\r\n copying pyarrow/tests/test_fs.py -> build/lib.macosx-11.2-arm64-3.8/pyarrow/tests\r\n copying pyarrow/tests/test_filesystem.py -> build/lib.macosx-11.2-arm64-3.8/pyarrow/tests\r\n copying pyarrow/tests/pandas_threaded_import.py -> build/lib.macosx-11.2-arm64-3.8/pyarrow/tests\r\n copying pyarrow/tests/pandas_examples.py -> build/lib.macosx-11.2-arm64-3.8/pyarrow/tests\r\n copying pyarrow/tests/test_cython.py -> build/lib.macosx-11.2-arm64-3.8/pyarrow/tests\r\n copying pyarrow/tests/test_sparse_tensor.py -> build/lib.macosx-11.2-arm64-3.8/pyarrow/tests\r\n copying pyarrow/tests/test_dataset.py -> build/lib.macosx-11.2-arm64-3.8/pyarrow/tests\r\n copying pyarrow/tests/test_builder.py -> build/lib.macosx-11.2-arm64-3.8/pyarrow/tests\r\n copying pyarrow/tests/test_cuda.py -> build/lib.macosx-11.2-arm64-3.8/pyarrow/tests\r\n copying pyarrow/tests/test_extension_type.py -> build/lib.macosx-11.2-arm64-3.8/pyarrow/tests\r\n copying pyarrow/tests/test_feather.py -> build/lib.macosx-11.2-arm64-3.8/pyarrow/tests\r\n copying pyarrow/tests/test_pandas.py -> build/lib.macosx-11.2-arm64-3.8/pyarrow/tests\r\n copying pyarrow/tests/test_memory.py -> build/lib.macosx-11.2-arm64-3.8/pyarrow/tests\r\n copying pyarrow/tests/test_flight.py -> build/lib.macosx-11.2-arm64-3.8/pyarrow/tests\r\n copying pyarrow/tests/test_json.py -> build/lib.macosx-11.2-arm64-3.8/pyarrow/tests\r\n copying pyarrow/tests/test_serialization.py -> build/lib.macosx-11.2-arm64-3.8/pyarrow/tests\r\n copying pyarrow/tests/test_compute.py -> build/lib.macosx-11.2-arm64-3.8/pyarrow/tests\r\n copying pyarrow/tests/test_hdfs.py -> build/lib.macosx-11.2-arm64-3.8/pyarrow/tests\r\n copying pyarrow/tests/deserialize_buffer.py -> build/lib.macosx-11.2-arm64-3.8/pyarrow/tests\r\n copying pyarrow/tests/test_strategies.py -> build/lib.macosx-11.2-arm64-3.8/pyarrow/tests\r\n copying pyarrow/tests/test_csv.py -> build/lib.macosx-11.2-arm64-3.8/pyarrow/tests\r\n copying pyarrow/tests/test_plasma.py -> build/lib.macosx-11.2-arm64-3.8/pyarrow/tests\r\n copying pyarrow/tests/test_scalars.py -> build/lib.macosx-11.2-arm64-3.8/pyarrow/tests\r\n copying pyarrow/tests/test_types.py -> build/lib.macosx-11.2-arm64-3.8/pyarrow/tests\r\n running egg_info\r\n writing pyarrow.egg-info/PKG-INFO\r\n writing dependency_links to pyarrow.egg-info/dependency_links.txt\r\n writing entry points to pyarrow.egg-info/entry_points.txt\r\n writing requirements to pyarrow.egg-info/requires.txt\r\n writing top-level names to pyarrow.egg-info/top_level.txt\r\n warning: Failed to find the configured license file '../LICENSE.txt'\r\n reading manifest file 'pyarrow.egg-info/SOURCES.txt'\r\n reading manifest template 'MANIFEST.in'\r\n warning: no files found matching '../LICENSE.txt'\r\n warning: no files found matching '../NOTICE.txt'\r\n warning: no previously-included files matching '*.so' found anywhere in distribution\r\n warning: no previously-included files matching '*.pyc' found anywhere in distribution\r\n warning: no previously-included files matching '*~' found anywhere in distribution\r\n warning: no previously-included files matching '#*' found anywhere in distribution\r\n warning: no previously-included files matching '.git*' found anywhere in distribution\r\n warning: no previously-included files matching '.DS_Store' found anywhere in distribution\r\n no previously-included directories found matching '.asv'\r\n writing manifest file 'pyarrow.egg-info/SOURCES.txt'\r\n copying pyarrow/__init__.pxd -> build/lib.macosx-11.2-arm64-3.8/pyarrow\r\n copying pyarrow/_compute.pxd -> build/lib.macosx-11.2-arm64-3.8/pyarrow\r\n copying pyarrow/_compute.pyx -> build/lib.macosx-11.2-arm64-3.8/pyarrow\r\n copying pyarrow/_csv.pxd -> build/lib.macosx-11.2-arm64-3.8/pyarrow\r\n copying pyarrow/_csv.pyx -> build/lib.macosx-11.2-arm64-3.8/pyarrow\r\n copying pyarrow/_cuda.pxd -> build/lib.macosx-11.2-arm64-3.8/pyarrow\r\n copying pyarrow/_cuda.pyx -> build/lib.macosx-11.2-arm64-3.8/pyarrow\r\n copying pyarrow/_dataset.pyx -> build/lib.macosx-11.2-arm64-3.8/pyarrow\r\n copying pyarrow/_flight.pyx -> build/lib.macosx-11.2-arm64-3.8/pyarrow\r\n copying pyarrow/_fs.pxd -> build/lib.macosx-11.2-arm64-3.8/pyarrow\r\n copying pyarrow/_fs.pyx -> build/lib.macosx-11.2-arm64-3.8/pyarrow\r\n copying pyarrow/_hdfs.pyx -> build/lib.macosx-11.2-arm64-3.8/pyarrow\r\n copying pyarrow/_json.pyx -> build/lib.macosx-11.2-arm64-3.8/pyarrow\r\n copying pyarrow/_orc.pxd -> build/lib.macosx-11.2-arm64-3.8/pyarrow\r\n copying pyarrow/_orc.pyx -> build/lib.macosx-11.2-arm64-3.8/pyarrow\r\n copying pyarrow/_parquet.pxd -> build/lib.macosx-11.2-arm64-3.8/pyarrow\r\n copying pyarrow/_parquet.pyx -> build/lib.macosx-11.2-arm64-3.8/pyarrow\r\n copying pyarrow/_plasma.pyx -> build/lib.macosx-11.2-arm64-3.8/pyarrow\r\n copying pyarrow/_s3fs.pyx -> build/lib.macosx-11.2-arm64-3.8/pyarrow\r\n copying pyarrow/array.pxi -> build/lib.macosx-11.2-arm64-3.8/pyarrow\r\n copying pyarrow/benchmark.pxi -> build/lib.macosx-11.2-arm64-3.8/pyarrow\r\n copying pyarrow/builder.pxi -> build/lib.macosx-11.2-arm64-3.8/pyarrow\r\n copying pyarrow/compat.pxi -> build/lib.macosx-11.2-arm64-3.8/pyarrow\r\n copying pyarrow/config.pxi -> build/lib.macosx-11.2-arm64-3.8/pyarrow\r\n copying pyarrow/error.pxi -> build/lib.macosx-11.2-arm64-3.8/pyarrow\r\n copying pyarrow/feather.pxi -> build/lib.macosx-11.2-arm64-3.8/pyarrow\r\n copying pyarrow/gandiva.pyx -> build/lib.macosx-11.2-arm64-3.8/pyarrow\r\n copying pyarrow/io-hdfs.pxi -> build/lib.macosx-11.2-arm64-3.8/pyarrow\r\n copying pyarrow/io.pxi -> build/lib.macosx-11.2-arm64-3.8/pyarrow\r\n copying pyarrow/ipc.pxi -> build/lib.macosx-11.2-arm64-3.8/pyarrow\r\n copying pyarrow/lib.pxd -> build/lib.macosx-11.2-arm64-3.8/pyarrow\r\n copying pyarrow/lib.pyx -> build/lib.macosx-11.2-arm64-3.8/pyarrow\r\n copying pyarrow/memory.pxi -> build/lib.macosx-11.2-arm64-3.8/pyarrow\r\n copying pyarrow/pandas-shim.pxi -> build/lib.macosx-11.2-arm64-3.8/pyarrow\r\n copying pyarrow/public-api.pxi -> build/lib.macosx-11.2-arm64-3.8/pyarrow\r\n copying pyarrow/scalar.pxi -> build/lib.macosx-11.2-arm64-3.8/pyarrow\r\n copying pyarrow/serialization.pxi -> build/lib.macosx-11.2-arm64-3.8/pyarrow\r\n copying pyarrow/table.pxi -> build/lib.macosx-11.2-arm64-3.8/pyarrow\r\n copying pyarrow/tensor.pxi -> build/lib.macosx-11.2-arm64-3.8/pyarrow\r\n copying pyarrow/types.pxi -> build/lib.macosx-11.2-arm64-3.8/pyarrow\r\n creating build/lib.macosx-11.2-arm64-3.8/pyarrow/includes\r\n copying pyarrow/includes/__init__.pxd -> build/lib.macosx-11.2-arm64-3.8/pyarrow/includes\r\n copying pyarrow/includes/common.pxd -> build/lib.macosx-11.2-arm64-3.8/pyarrow/includes\r\n copying pyarrow/includes/libarrow.pxd -> build/lib.macosx-11.2-arm64-3.8/pyarrow/includes\r\n copying pyarrow/includes/libarrow_cuda.pxd -> build/lib.macosx-11.2-arm64-3.8/pyarrow/includes\r\n copying pyarrow/includes/libarrow_dataset.pxd -> build/lib.macosx-11.2-arm64-3.8/pyarrow/includes\r\n copying pyarrow/includes/libarrow_flight.pxd -> build/lib.macosx-11.2-arm64-3.8/pyarrow/includes\r\n copying pyarrow/includes/libarrow_fs.pxd -> build/lib.macosx-11.2-arm64-3.8/pyarrow/includes\r\n copying pyarrow/includes/libgandiva.pxd -> build/lib.macosx-11.2-arm64-3.8/pyarrow/includes\r\n copying pyarrow/includes/libplasma.pxd -> build/lib.macosx-11.2-arm64-3.8/pyarrow/includes\r\n creating build/lib.macosx-11.2-arm64-3.8/pyarrow/tensorflow\r\n copying pyarrow/tensorflow/plasma_op.cc -> build/lib.macosx-11.2-arm64-3.8/pyarrow/tensorflow\r\n copying pyarrow/tests/pyarrow_cython_example.pyx -> build/lib.macosx-11.2-arm64-3.8/pyarrow/tests\r\n creating build/lib.macosx-11.2-arm64-3.8/pyarrow/tests/data\r\n creating build/lib.macosx-11.2-arm64-3.8/pyarrow/tests/data/feather\r\n copying pyarrow/tests/data/feather/v0.17.0.version=2-compression=lz4.feather -> build/lib.macosx-11.2-arm64-3.8/pyarrow/tests/data/feather\r\n creating build/lib.macosx-11.2-arm64-3.8/pyarrow/tests/data/orc\r\n copying pyarrow/tests/data/orc/README.md -> build/lib.macosx-11.2-arm64-3.8/pyarrow/tests/data/orc\r\n copying pyarrow/tests/data/orc/TestOrcFile.emptyFile.jsn.gz -> build/lib.macosx-11.2-arm64-3.8/pyarrow/tests/data/orc\r\n copying pyarrow/tests/data/orc/TestOrcFile.emptyFile.orc -> build/lib.macosx-11.2-arm64-3.8/pyarrow/tests/data/orc\r\n copying pyarrow/tests/data/orc/TestOrcFile.test1.jsn.gz -> build/lib.macosx-11.2-arm64-3.8/pyarrow/tests/data/orc\r\n copying pyarrow/tests/data/orc/TestOrcFile.test1.orc -> build/lib.macosx-11.2-arm64-3.8/pyarrow/tests/data/orc\r\n copying pyarrow/tests/data/orc/TestOrcFile.testDate1900.jsn.gz -> build/lib.macosx-11.2-arm64-3.8/pyarrow/tests/data/orc\r\n copying pyarrow/tests/data/orc/TestOrcFile.testDate1900.orc -> build/lib.macosx-11.2-arm64-3.8/pyarrow/tests/data/orc\r\n copying pyarrow/tests/data/orc/decimal.jsn.gz -> build/lib.macosx-11.2-arm64-3.8/pyarrow/tests/data/orc\r\n copying pyarrow/tests/data/orc/decimal.orc -> build/lib.macosx-11.2-arm64-3.8/pyarrow/tests/data/orc\r\n creating build/lib.macosx-11.2-arm64-3.8/pyarrow/tests/data/parquet\r\n copying pyarrow/tests/data/parquet/v0.7.1.all-named-index.parquet -> build/lib.macosx-11.2-arm64-3.8/pyarrow/tests/data/parquet\r\n copying pyarrow/tests/data/parquet/v0.7.1.column-metadata-handling.parquet -> build/lib.macosx-11.2-arm64-3.8/pyarrow/tests/data/parquet\r\n copying pyarrow/tests/data/parquet/v0.7.1.parquet -> build/lib.macosx-11.2-arm64-3.8/pyarrow/tests/data/parquet\r\n copying pyarrow/tests/data/parquet/v0.7.1.some-named-index.parquet -> build/lib.macosx-11.2-arm64-3.8/pyarrow/tests/data/parquet\r\n creating build/lib.macosx-11.2-arm64-3.8/pyarrow/tests/parquet\r\n copying pyarrow/tests/parquet/common.py -> build/lib.macosx-11.2-arm64-3.8/pyarrow/tests/parquet\r\n copying pyarrow/tests/parquet/conftest.py -> build/lib.macosx-11.2-arm64-3.8/pyarrow/tests/parquet\r\n copying pyarrow/tests/parquet/test_basic.py -> build/lib.macosx-11.2-arm64-3.8/pyarrow/tests/parquet\r\n copying pyarrow/tests/parquet/test_data_types.py -> build/lib.macosx-11.2-arm64-3.8/pyarrow/tests/parquet\r\n copying pyarrow/tests/parquet/test_dataset.py -> build/lib.macosx-11.2-arm64-3.8/pyarrow/tests/parquet\r\n copying pyarrow/tests/parquet/test_datetime.py -> build/lib.macosx-11.2-arm64-3.8/pyarrow/tests/parquet\r\n copying pyarrow/tests/parquet/test_metadata.py -> build/lib.macosx-11.2-arm64-3.8/pyarrow/tests/parquet\r\n copying pyarrow/tests/parquet/test_pandas.py -> build/lib.macosx-11.2-arm64-3.8/pyarrow/tests/parquet\r\n copying pyarrow/tests/parquet/test_parquet_file.py -> build/lib.macosx-11.2-arm64-3.8/pyarrow/tests/parquet\r\n copying pyarrow/tests/parquet/test_parquet_writer.py -> build/lib.macosx-11.2-arm64-3.8/pyarrow/tests/parquet\r\n running build_ext\r\n creating /private/var/folders/v2/lfkghkc147j06_jd13v1f0yr0000gn/T/pip-install-plkkl5f5/pyarrow_b2ed3ad78f6c4bbf987e34238d2e63c4/build/temp.macosx-11.2-arm64-3.8\r\n -- Running cmake for pyarrow\r\n cmake -DPYTHON_EXECUTABLE=/Users/bastienboutonnet/Library/Caches/pypoetry/virtualenvs/dbt-sugar-lJO0x__U-py3.8/bin/python -DPython3_EXECUTABLE=/Users/bastienboutonnet/Library/Caches/pypoetry/virtualenvs/dbt-sugar-lJO0x__U-py3.8/bin/python -DPYARROW_BUILD_CUDA=off -DPYARROW_BUILD_FLIGHT=off -DPYARROW_BUILD_GANDIVA=off -DPYARROW_BUILD_DATASET=off -DPYARROW_BUILD_ORC=off -DPYARROW_BUILD_PARQUET=off -DPYARROW_BUILD_PLASMA=off -DPYARROW_BUILD_S3=off -DPYARROW_BUILD_HDFS=off -DPYARROW_USE_TENSORFLOW=off -DPYARROW_BUNDLE_ARROW_CPP=off -DPYARROW_BUNDLE_BOOST=off -DPYARROW_GENERATE_COVERAGE=off -DPYARROW_BOOST_USE_SHARED=on -DPYARROW_PARQUET_USE_SHARED=on -DCMAKE_BUILD_TYPE=release /private/var/folders/v2/lfkghkc147j06_jd13v1f0yr0000gn/T/pip-install-plkkl5f5/pyarrow_b2ed3ad78f6c4bbf987e34238d2e63c4\r\n -- The C compiler identification is AppleClang 12.0.0.12000032\r\n -- The CXX compiler identification is AppleClang 12.0.0.12000032\r\n -- Detecting C compiler ABI info\r\n -- Detecting C compiler ABI info - done\r\n -- Check for working C compiler: /Library/Developer/CommandLineTools/usr/bin/cc - skipped\r\n -- Detecting C compile features\r\n -- Detecting C compile features - done\r\n -- Detecting CXX compiler ABI info\r\n -- Detecting CXX compiler ABI info - done\r\n -- Check for working CXX compiler: /Library/Developer/CommandLineTools/usr/bin/c++ - skipped\r\n -- Detecting CXX compile features\r\n -- Detecting CXX compile features - done\r\n -- System processor: x86_64\r\n -- Performing Test CXX_SUPPORTS_SSE4_2\r\n -- Performing Test CXX_SUPPORTS_SSE4_2 - Success\r\n -- Performing Test CXX_SUPPORTS_AVX2\r\n -- Performing Test CXX_SUPPORTS_AVX2 - Success\r\n -- Performing Test CXX_SUPPORTS_AVX512\r\n -- Performing Test CXX_SUPPORTS_AVX512 - Success\r\n -- Arrow build warning level: PRODUCTION\r\n Configured for RELEASE build (set with cmake -DCMAKE_BUILD_TYPE=\\{release,debug,...})\r\n -- Build Type: RELEASE\r\n -- Generator: Unix Makefiles\r\n -- Build output directory: /private/var/folders/v2/lfkghkc147j06_jd13v1f0yr0000gn/T/pip-install-plkkl5f5/pyarrow_b2ed3ad78f6c4bbf987e34238d2e63c4/build/temp.macosx-11.2-arm64-3.8/release\r\n CMake Error at /opt/homebrew/Cellar/cmake/3.20.0/share/cmake/Modules/FindPackageHandleStandardArgs.cmake:230 (message):\r\n Could NOT find Python3 (missing: Python3_NumPy_INCLUDE_DIRS NumPy) (found\r\n version \"3.8.7\")\r\n Call Stack (most recent call first):\r\n /opt/homebrew/Cellar/cmake/3.20.0/share/cmake/Modules/FindPackageHandleStandardArgs.cmake:594 (_FPHSA_FAILURE_MESSAGE)\r\n /opt/homebrew/Cellar/cmake/3.20.0/share/cmake/Modules/FindPython/Support.cmake:3165 (find_package_handle_standard_args)\r\n /opt/homebrew/Cellar/cmake/3.20.0/share/cmake/Modules/FindPython3.cmake:485 (include)\r\n cmake_modules/FindPython3Alt.cmake:55 (find_package)\r\n CMakeLists.txt:200 (find_package)\r\n\r\n\r\n -- Configuring incomplete, errors occurred!\r\n See also \"/private/var/folders/v2/lfkghkc147j06_jd13v1f0yr0000gn/T/pip-install-plkkl5f5/pyarrow_b2ed3ad78f6c4bbf987e34238d2e63c4/build/temp.macosx-11.2-arm64-3.8/CMakeFiles/CMakeOutput.log\".\r\n See also \"/private/var/folders/v2/lfkghkc147j06_jd13v1f0yr0000gn/T/pip-install-plkkl5f5/pyarrow_b2ed3ad78f6c4bbf987e34238d2e63c4/build/temp.macosx-11.2-arm64-3.8/CMakeFiles/CMakeError.log\".\r\n error: command 'cmake' failed with exit status 1\r\n ----------------------------------------\r\n ERROR: Failed building wheel for pyarrow\r\nFailed to build pyarrow\r\nERROR: Could not build wheels for pyarrow which use PEP 517 and cannot be installed directly\r\n\r\n{noformat}\r\n\r\n\u00a0\r\n\r\n\u00a0\r\n\r\nwhen doing `",
        "customfield_10010": null,
        "customfield_12314523": null,
        "customfield_12314127": null,
        "customfield_12314522": null,
        "customfield_12314126": null,
        "customfield_12314521": null,
        "customfield_12314125": null,
        "customfield_12314520": null,
        "customfield_12314124": null,
        "customfield_12312340": null,
        "customfield_12314123": null,
        "customfield_12312341": null,
        "customfield_12312220": null,
        "customfield_12314122": null,
        "customfield_12314121": null,
        "customfield_12314120": null,
        "customfield_12314129": null,
        "customfield_12314524": null,
        "customfield_12314128": null,
        "summary": "[Python] Cannot install via pip M1 mac",
        "customfield_12314130": null,
        "customfield_12310291": null,
        "customfield_12310290": null,
        "customfield_12314138": null,
        "customfield_12314137": null,
        "environment": null,
        "customfield_12314136": null,
        "customfield_12314135": null,
        "customfield_12311020": null,
        "customfield_12314134": null,
        "duedate": null,
        "customfield_12314132": null,
        "customfield_12314131": null,
        "customfield_12311820": "0|z0pamo:",
        "customfield_12314139": null
    }
}