{
    "expand": "operations,versionedRepresentations,editmeta,changelog,renderedFields",
    "id": "13376622",
    "self": "https://issues.apache.org/jira/rest/api/2/issue/13376622",
    "key": "ARROW-12654",
    "fields": {
        "fixVersions": [],
        "resolution": {
            "self": "https://issues.apache.org/jira/rest/api/2/resolution/1",
            "id": "1",
            "description": "A fix for this issue is checked into the tree and tested.",
            "name": "Fixed"
        },
        "customfield_12312322": null,
        "customfield_12312323": null,
        "customfield_12312320": null,
        "customfield_12310420": "9223372036854775807",
        "customfield_12312321": null,
        "customfield_12312328": null,
        "customfield_12312329": null,
        "customfield_12312326": null,
        "customfield_12310300": null,
        "customfield_12312327": null,
        "customfield_12312324": null,
        "customfield_12312720": null,
        "customfield_12312325": null,
        "lastViewed": null,
        "priority": {
            "self": "https://issues.apache.org/jira/rest/api/2/priority/3",
            "iconUrl": "https://issues.apache.org/jira/images/icons/priorities/major.svg",
            "name": "Major",
            "id": "3"
        },
        "labels": [
            "Debian"
        ],
        "customfield_12312333": null,
        "customfield_12312334": null,
        "customfield_12313422": "false",
        "customfield_12310310": "0.0",
        "customfield_12312331": null,
        "customfield_12312332": null,
        "aggregatetimeoriginalestimate": null,
        "timeestimate": null,
        "customfield_12312330": null,
        "versions": [
            {
                "self": "https://issues.apache.org/jira/rest/api/2/version/12349493",
                "id": "12349493",
                "description": "",
                "name": "4.0.0",
                "archived": false,
                "released": true,
                "releaseDate": "2021-04-26"
            }
        ],
        "customfield_12311120": null,
        "customfield_12313826": null,
        "customfield_12312339": null,
        "issuelinks": [
            {
                "id": "12638540",
                "self": "https://issues.apache.org/jira/rest/api/2/issueLink/12638540",
                "type": {
                    "id": "12310000",
                    "name": "Duplicate",
                    "inward": "is duplicated by",
                    "outward": "duplicates",
                    "self": "https://issues.apache.org/jira/rest/api/2/issueLinkType/12310000"
                },
                "outwardIssue": {
                    "id": "13410760",
                    "key": "ARROW-14638",
                    "self": "https://issues.apache.org/jira/rest/api/2/issue/13410760",
                    "fields": {
                        "summary": "[C++][R] Unknown C compiler / ccache on Arch Linux",
                        "status": {
                            "self": "https://issues.apache.org/jira/rest/api/2/status/5",
                            "description": "A resolution has been taken, and it is awaiting verification by reporter. From here issues are either reopened, or are closed.",
                            "iconUrl": "https://issues.apache.org/jira/images/icons/statuses/resolved.png",
                            "name": "Resolved",
                            "id": "5",
                            "statusCategory": {
                                "self": "https://issues.apache.org/jira/rest/api/2/statuscategory/3",
                                "id": 3,
                                "key": "done",
                                "colorName": "green",
                                "name": "Done"
                            }
                        },
                        "priority": {
                            "self": "https://issues.apache.org/jira/rest/api/2/priority/1",
                            "iconUrl": "https://issues.apache.org/jira/images/icons/priorities/blocker.svg",
                            "name": "Blocker",
                            "id": "1"
                        },
                        "issuetype": {
                            "self": "https://issues.apache.org/jira/rest/api/2/issuetype/1",
                            "id": "1",
                            "description": "A problem which impairs or prevents the functions of the product.",
                            "iconUrl": "https://issues.apache.org/jira/secure/viewavatar?size=xsmall&avatarId=21133&avatarType=issuetype",
                            "name": "Bug",
                            "subtask": false,
                            "avatarId": 21133
                        }
                    }
                }
            }
        ],
        "customfield_12313825": null,
        "assignee": null,
        "customfield_12312337": null,
        "customfield_12313823": null,
        "customfield_12312338": null,
        "customfield_12311920": null,
        "customfield_12313822": null,
        "customfield_12312335": null,
        "customfield_12313821": null,
        "customfield_12312336": null,
        "customfield_12313820": null,
        "status": {
            "self": "https://issues.apache.org/jira/rest/api/2/status/6",
            "description": "The issue is considered finished, the resolution is correct. Issues which are not closed can be reopened.",
            "iconUrl": "https://issues.apache.org/jira/images/icons/statuses/closed.png",
            "name": "Closed",
            "id": "6",
            "statusCategory": {
                "self": "https://issues.apache.org/jira/rest/api/2/statuscategory/3",
                "id": 3,
                "key": "done",
                "colorName": "green",
                "name": "Done"
            }
        },
        "components": [
            {
                "self": "https://issues.apache.org/jira/rest/api/2/component/12328935",
                "id": "12328935",
                "name": "C++"
            },
            {
                "self": "https://issues.apache.org/jira/rest/api/2/component/12333008",
                "id": "12333008",
                "name": "R"
            }
        ],
        "customfield_12312026": null,
        "customfield_12312023": null,
        "customfield_12312024": null,
        "aggregatetimeestimate": null,
        "customfield_12312022": null,
        "customfield_12310921": null,
        "customfield_12310920": "9223372036854775807",
        "customfield_12312823": null,
        "creator": {
            "self": "https://issues.apache.org/jira/rest/api/2/user?username=StephanRadel",
            "name": "StephanRadel",
            "key": "stephanradel",
            "avatarUrls": {
                "48x48": "https://issues.apache.org/jira/secure/useravatar?avatarId=10452",
                "24x24": "https://issues.apache.org/jira/secure/useravatar?size=small&avatarId=10452",
                "16x16": "https://issues.apache.org/jira/secure/useravatar?size=xsmall&avatarId=10452",
                "32x32": "https://issues.apache.org/jira/secure/useravatar?size=medium&avatarId=10452"
            },
            "displayName": "Stephan Radel",
            "active": true,
            "timeZone": "Etc/UTC"
        },
        "subtasks": [],
        "reporter": {
            "self": "https://issues.apache.org/jira/rest/api/2/user?username=StephanRadel",
            "name": "StephanRadel",
            "key": "stephanradel",
            "avatarUrls": {
                "48x48": "https://issues.apache.org/jira/secure/useravatar?avatarId=10452",
                "24x24": "https://issues.apache.org/jira/secure/useravatar?size=small&avatarId=10452",
                "16x16": "https://issues.apache.org/jira/secure/useravatar?size=xsmall&avatarId=10452",
                "32x32": "https://issues.apache.org/jira/secure/useravatar?size=medium&avatarId=10452"
            },
            "displayName": "Stephan Radel",
            "active": true,
            "timeZone": "Etc/UTC"
        },
        "aggregateprogress": {
            "progress": 0,
            "total": 0
        },
        "customfield_12313520": null,
        "customfield_12310250": null,
        "progress": {
            "progress": 0,
            "total": 0
        },
        "customfield_12313924": null,
        "votes": {
            "self": "https://issues.apache.org/jira/rest/api/2/issue/ARROW-12654/votes",
            "votes": 0,
            "hasVoted": false
        },
        "customfield_12313920": null,
        "issuetype": {
            "self": "https://issues.apache.org/jira/rest/api/2/issuetype/1",
            "id": "1",
            "description": "A problem which impairs or prevents the functions of the product.",
            "iconUrl": "https://issues.apache.org/jira/secure/viewavatar?size=xsmall&avatarId=21133&avatarType=issuetype",
            "name": "Bug",
            "subtask": false,
            "avatarId": 21133
        },
        "timespent": null,
        "customfield_12314020": "{summaryBean=com.atlassian.jira.plugin.devstatus.rest.SummaryBean@516eddc[summary={pullrequest=com.atlassian.jira.plugin.devstatus.rest.SummaryItemBean@37012075[overall=PullRequestOverallBean{stateCount=0, state='OPEN', details=PullRequestOverallDetails{openCount=0, mergedCount=0, declinedCount=0}},byInstanceType={}], build=com.atlassian.jira.plugin.devstatus.rest.SummaryItemBean@324647bf[overall=com.atlassian.jira.plugin.devstatus.summary.beans.BuildOverallBean@cfadb0a[failedBuildCount=0,successfulBuildCount=0,unknownBuildCount=0,count=0,lastUpdated=<null>,lastUpdatedTimestamp=<null>],byInstanceType={}], review=com.atlassian.jira.plugin.devstatus.rest.SummaryItemBean@21cceb56[overall=com.atlassian.jira.plugin.devstatus.summary.beans.ReviewsOverallBean@40b22ada[stateCount=0,state=<null>,dueDate=<null>,overDue=false,count=0,lastUpdated=<null>,lastUpdatedTimestamp=<null>],byInstanceType={}], deployment-environment=com.atlassian.jira.plugin.devstatus.rest.SummaryItemBean@4049f6cc[overall=com.atlassian.jira.plugin.devstatus.summary.beans.DeploymentOverallBean@1ab15744[topEnvironments=[],showProjects=false,successfulCount=0,count=0,lastUpdated=<null>,lastUpdatedTimestamp=<null>],byInstanceType={}], repository=com.atlassian.jira.plugin.devstatus.rest.SummaryItemBean@5ce1891f[overall=com.atlassian.jira.plugin.devstatus.summary.beans.CommitOverallBean@d549ca3[count=0,lastUpdated=<null>,lastUpdatedTimestamp=<null>],byInstanceType={}], branch=com.atlassian.jira.plugin.devstatus.rest.SummaryItemBean@2a4f453[overall=com.atlassian.jira.plugin.devstatus.summary.beans.BranchOverallBean@12bf8834[count=0,lastUpdated=<null>,lastUpdatedTimestamp=<null>],byInstanceType={}]},errors=[],configErrors=[]], devSummaryJson={\"cachedValue\":{\"errors\":[],\"configErrors\":[],\"summary\":{\"pullrequest\":{\"overall\":{\"count\":0,\"lastUpdated\":null,\"stateCount\":0,\"state\":\"OPEN\",\"details\":{\"openCount\":0,\"mergedCount\":0,\"declinedCount\":0,\"total\":0},\"open\":true},\"byInstanceType\":{}},\"build\":{\"overall\":{\"count\":0,\"lastUpdated\":null,\"failedBuildCount\":0,\"successfulBuildCount\":0,\"unknownBuildCount\":0},\"byInstanceType\":{}},\"review\":{\"overall\":{\"count\":0,\"lastUpdated\":null,\"stateCount\":0,\"state\":null,\"dueDate\":null,\"overDue\":false,\"completed\":false},\"byInstanceType\":{}},\"deployment-environment\":{\"overall\":{\"count\":0,\"lastUpdated\":null,\"topEnvironments\":[],\"showProjects\":false,\"successfulCount\":0},\"byInstanceType\":{}},\"repository\":{\"overall\":{\"count\":0,\"lastUpdated\":null},\"byInstanceType\":{}},\"branch\":{\"overall\":{\"count\":0,\"lastUpdated\":null},\"byInstanceType\":{}}}},\"isStale\":false}}",
        "customfield_12314141": null,
        "customfield_12314140": null,
        "project": {
            "self": "https://issues.apache.org/jira/rest/api/2/project/12319525",
            "id": "12319525",
            "key": "ARROW",
            "name": "Apache Arrow",
            "projectTypeKey": "software",
            "avatarUrls": {
                "48x48": "https://issues.apache.org/jira/secure/projectavatar?pid=12319525&avatarId=10011",
                "24x24": "https://issues.apache.org/jira/secure/projectavatar?size=small&pid=12319525&avatarId=10011",
                "16x16": "https://issues.apache.org/jira/secure/projectavatar?size=xsmall&pid=12319525&avatarId=10011",
                "32x32": "https://issues.apache.org/jira/secure/projectavatar?size=medium&pid=12319525&avatarId=10011"
            },
            "projectCategory": {
                "self": "https://issues.apache.org/jira/rest/api/2/projectCategory/13960",
                "id": "13960",
                "description": "Apache Arrow",
                "name": "Arrow"
            }
        },
        "aggregatetimespent": null,
        "customfield_12312520": null,
        "customfield_12312521": "Fri Apr 22 17:10:00 UTC 2022",
        "customfield_12314422": null,
        "customfield_12314421": null,
        "customfield_12314146": null,
        "customfield_12314420": null,
        "customfield_12314145": null,
        "customfield_12314144": null,
        "customfield_12314143": null,
        "resolutiondate": "2022-04-22T17:10:13.000+0000",
        "workratio": -1,
        "customfield_12312923": null,
        "customfield_12312920": null,
        "customfield_12312921": null,
        "watches": {
            "self": "https://issues.apache.org/jira/rest/api/2/issue/ARROW-12654/watchers",
            "watchCount": 6,
            "isWatching": false
        },
        "created": "2021-05-04T19:13:25.000+0000",
        "updated": "2022-04-22T17:10:13.000+0000",
        "timeoriginalestimate": null,
        "description": "Dear Apache Team,\r\n\r\nI'm not able to install Arrow 4.0.0 properly on Debian 10 via Docker. I tried several switches from recommendation here: [https://arrow.apache.org/docs/r/articles/install.html|https://arrow.apache.org/docs/r/articles/install.html.]\u00a0(ARROW_USE_PKG_CONFIG TRUE/FALSE, LIBARROW_BINARY TRUE/FALSE) but with no success so far.\r\n\r\nHere the latest log:\r\n{code:java}\r\n* installing *source* package \u2018arrow\u2019 ...\r\n** package \u2018arrow\u2019 successfully unpacked and MD5 sums checked\r\ntrying URL 'https://arrow-r-nightly.s3.amazonaws.com/libarrow/bin/debian-10/arrow-4.0.0.zip'\r\nError in download.file(from_url, to_file, quiet = quietly) : \r\n  cannot open URL 'https://arrow-r-nightly.s3.amazonaws.com/libarrow/bin/debian-10/arrow-4.0.0.zip'\r\n*** No C++ binaries found for debian-10\r\ntrying URL 'https://arrow-r-nightly.s3.amazonaws.com/libarrow/src/arrow-4.0.0.zip'\r\nError in download.file(from_url, to_file, quiet = quietly) : \r\n  cannot open URL 'https://arrow-r-nightly.s3.amazonaws.com/libarrow/src/arrow-4.0.0.zip'\r\ntrying URL 'https://www.apache.org/dyn/closer.lua?action=download&filename=arrow/arrow-4.0.0/apache-arrow-4.0.0.tar.gz'\r\nContent type 'application/octet-stream' length 9042294 bytes (8.6 MB)\r\n==================================================\r\ndownloaded 8.6 MB\r\n\r\n*** Successfully retrieved C++ source\r\n*** Building C++ libraries\r\n*** Building with MAKEFLAGS= -j2 \r\n**** cmake\r\ntrying URL 'https://github.com/Kitware/CMake/releases/download/v3.19.2/cmake-3.19.2-Linux-x86_64.tar.gz'\r\nContent type 'application/octet-stream' length 42931014 bytes (40.9 MB)\r\n==================================================\r\ndownloaded 40.9 MB\r\n\r\n**** arrow with SOURCE_DIR=\"/tmp/RtmpykibIC/file77bf2da3d338/apache-arrow-4.0.0/cpp\" BUILD_DIR=\"/tmp/RtmpykibIC/file77bf609e654f\" DEST_DIR=\"libarrow/arrow-4.0.0\" CMAKE=\"/tmp/RtmpykibIC/file77bf5d6bcf01/cmake-3.19.2-Linux-x86_64/bin/cmake\" CC=\"ccache gcc\" CXX=\"ccache g++ -std=gnu++11\" LDFLAGS=\"-Wl,-z,relro\" ARROW_S3=OFF ARROW_MIMALLOC=OFF \r\n++ pwd\r\n+ : /tmp/Rtmpru2gYI/R.INSTALL779923ea9560/arrow\r\n+ : /tmp/RtmpykibIC/file77bf2da3d338/apache-arrow-4.0.0/cpp\r\n+ : /tmp/RtmpykibIC/file77bf609e654f\r\n+ : libarrow/arrow-4.0.0\r\n+ : /tmp/RtmpykibIC/file77bf5d6bcf01/cmake-3.19.2-Linux-x86_64/bin/cmake\r\n++ cd /tmp/RtmpykibIC/file77bf2da3d338/apache-arrow-4.0.0/cpp\r\n++ pwd\r\n+ SOURCE_DIR=/tmp/RtmpykibIC/file77bf2da3d338/apache-arrow-4.0.0/cpp\r\n++ mkdir -p libarrow/arrow-4.0.0\r\n++ cd libarrow/arrow-4.0.0\r\n++ pwd\r\n+ DEST_DIR=/tmp/Rtmpru2gYI/R.INSTALL779923ea9560/arrow/libarrow/arrow-4.0.0\r\n+ '[' '' = false ']'\r\n+ ARROW_DEFAULT_PARAM=OFF\r\n+ mkdir -p /tmp/RtmpykibIC/file77bf609e654f\r\n+ pushd /tmp/RtmpykibIC/file77bf609e654f\r\n/tmp/RtmpykibIC/file77bf609e654f /tmp/Rtmpru2gYI/R.INSTALL779923ea9560/arrow\r\n+ /tmp/RtmpykibIC/file77bf5d6bcf01/cmake-3.19.2-Linux-x86_64/bin/cmake -DARROW_BOOST_USE_SHARED=OFF -DARROW_BUILD_TESTS=OFF -DARROW_BUILD_SHARED=OFF -DARROW_BUILD_STATIC=ON -DARROW_COMPUTE=ON -DARROW_CSV=ON -DARROW_DATASET=ON -DARROW_DEPENDENCY_SOURCE=BUNDLED -DARROW_FILESYSTEM=ON -DARROW_JEMALLOC=ON -DARROW_MIMALLOC=OFF -DARROW_JSON=ON -DARROW_PARQUET=ON -DARROW_S3=OFF -DARROW_WITH_BROTLI=OFF -DARROW_WITH_BZ2=OFF -DARROW_WITH_LZ4=OFF -DARROW_WITH_RE2=ON -DARROW_WITH_SNAPPY=OFF -DARROW_WITH_UTF8PROC=ON -DARROW_WITH_ZLIB=OFF -DARROW_WITH_ZSTD=OFF -DCMAKE_BUILD_TYPE=Release -DCMAKE_INSTALL_LIBDIR=lib -DCMAKE_INSTALL_PREFIX=/tmp/Rtmpru2gYI/R.INSTALL779923ea9560/arrow/libarrow/arrow-4.0.0 -DCMAKE_EXPORT_NO_PACKAGE_REGISTRY=ON -DCMAKE_FIND_PACKAGE_NO_PACKAGE_REGISTRY=ON -DCMAKE_UNITY_BUILD=ON -G 'Unix Makefiles' /tmp/RtmpykibIC/file77bf2da3d338/apache-arrow-4.0.0/cpp\r\n-- Building using CMake version: 3.19.2\r\n-- The C compiler identification is GNU 8.3.0\r\n-- The CXX compiler identification is GNU 8.3.0\r\n-- Detecting C compiler ABI info\r\n-- Detecting C compiler ABI info - done\r\n-- Check for working C compiler: /usr/bin/ccache - skipped\r\n-- Detecting C compile features\r\n-- Detecting C compile features - done\r\n-- Detecting CXX compiler ABI info\r\n-- Detecting CXX compiler ABI info - done\r\n-- Check for working CXX compiler: /usr/bin/ccache - skipped\r\n-- Detecting CXX compile features\r\n-- Detecting CXX compile features - done\r\n-- Arrow version: 4.0.0 (full: '4.0.0')\r\n-- Arrow SO version: 400 (full: 400.0.0)\r\n-- clang-tidy not found\r\n-- clang-format not found\r\n-- Could NOT find ClangTools (missing: CLANG_FORMAT_BIN CLANG_TIDY_BIN) \r\n-- infer not found\r\nfatal: not a git repository (or any of the parent directories): .git\r\n-- Found Python3: /usr/bin/python3.7 (found version \"3.7.3\") found components: Interpreter \r\n-- Using ccache: /usr/bin/ccache\r\n-- Found cpplint executable at /tmp/RtmpykibIC/file77bf2da3d338/apache-arrow-4.0.0/cpp/build-support/cpplint.py\r\n-- System processor: x86_64\r\n-- Performing Test CXX_SUPPORTS_SSE4_2\r\n-- Performing Test CXX_SUPPORTS_SSE4_2 - Success\r\n-- Performing Test CXX_SUPPORTS_AVX2\r\n-- Performing Test CXX_SUPPORTS_AVX2 - Success\r\n-- Performing Test CXX_SUPPORTS_AVX512\r\n-- Performing Test CXX_SUPPORTS_AVX512 - Success\r\n-- Arrow build warning level: PRODUCTION\r\nUsing ld linker\r\nConfigured for RELEASE build (set with cmake -DCMAKE_BUILD_TYPE={release,debug,...})\r\n-- Build Type: RELEASE\r\n-- Using BUNDLED approach to find dependencies\r\n-- ARROW_ABSL_BUILD_VERSION: 0f3bb466b868b523cf1dc9b2aaaed65c77b28862\r\n-- ARROW_AWSSDK_BUILD_VERSION: 1.8.133\r\n-- ARROW_AWS_CHECKSUMS_BUILD_VERSION: v0.1.10\r\n-- ARROW_AWS_C_COMMON_BUILD_VERSION: v0.4.59\r\n-- ARROW_AWS_C_EVENT_STREAM_BUILD_VERSION: v0.1.5\r\n-- ARROW_BOOST_BUILD_VERSION: 1.75.0\r\n-- ARROW_BROTLI_BUILD_VERSION: v1.0.9\r\n-- ARROW_BZIP2_BUILD_VERSION: 1.0.8\r\n-- ARROW_CARES_BUILD_VERSION: 1.17.1\r\n-- ARROW_GBENCHMARK_BUILD_VERSION: v1.5.2\r\n-- ARROW_GFLAGS_BUILD_VERSION: v2.2.2\r\n-- ARROW_GLOG_BUILD_VERSION: v0.4.0\r\n-- ARROW_GRPC_BUILD_VERSION: v1.35.0\r\n-- ARROW_GTEST_BUILD_VERSION: 1.10.0\r\n-- ARROW_JEMALLOC_BUILD_VERSION: 5.2.1\r\n-- ARROW_LZ4_BUILD_VERSION: v1.9.3\r\n-- ARROW_MIMALLOC_BUILD_VERSION: v1.6.4\r\n-- ARROW_ORC_BUILD_VERSION: 1.6.6\r\n-- ARROW_PROTOBUF_BUILD_VERSION: v3.14.0\r\n-- ARROW_RAPIDJSON_BUILD_VERSION: 1a803826f1197b5e30703afe4b9c0e7dd48074f5\r\n-- ARROW_RE2_BUILD_VERSION: 2021-02-02\r\n-- ARROW_SNAPPY_BUILD_VERSION: 1.1.8\r\n-- ARROW_THRIFT_BUILD_VERSION: 0.13.0\r\n-- ARROW_THRIFT_BUILD_MD5_CHECKSUM: 38a27d391a2b03214b444cb13d5664f1\r\n-- ARROW_UTF8PROC_BUILD_VERSION: v2.6.1\r\n-- ARROW_XSIMD_BUILD_VERSION: e9234cd6e6f4428fc260073b2c34ffe86fda1f34\r\n-- ARROW_ZLIB_BUILD_VERSION: 1.2.11\r\n-- ARROW_ZSTD_BUILD_VERSION: v1.4.8\r\n-- Looking for pthread.h\r\n-- Looking for pthread.h - found\r\n-- Performing Test CMAKE_HAVE_LIBC_PTHREAD\r\n-- Performing Test CMAKE_HAVE_LIBC_PTHREAD - Failed\r\n-- Check if compiler accepts -pthread\r\n-- Check if compiler accepts -pthread - yes\r\n-- Found Threads: TRUE  \r\n-- Looking for __SIZEOF_INT128__\r\n-- Looking for __SIZEOF_INT128__ - found\r\n-- Boost include dir: /tmp/RtmpykibIC/file77bf609e654f/boost_ep-prefix/src/boost_ep\r\n-- Boost libraries: boost_system_static;boost_filesystem_static\r\n-- Building without OpenSSL support. Minimum OpenSSL version 1.0.2 required.\r\nBuilding Apache Thrift from source\r\n-- Building (vendored) jemalloc from source\r\n-- Building RapidJSON from source\r\n-- Building xsimd from source\r\n-- Building RE2 from source\r\n-- Building utf8proc from source\r\n-- Found hdfs.h at: /usr/share/hadoop/include/hdfs.h\r\n-- All bundled static libraries: thrift::thrift;jemalloc::jemalloc;re2::re2;utf8proc::utf8proc\r\n-- CMAKE_C_FLAGS:  -O3 -DNDEBUG  -Wall -fno-semantic-interposition -msse4.2 \r\n-- CMAKE_CXX_FLAGS:  -Wno-noexcept-type -Wno-subobject-linkage  -fdiagnostics-color=always -O3 -DNDEBUG  -Wall -fno-semantic-interposition -msse4.2 \r\n-- Looking for backtrace\r\n-- Looking for backtrace - found\r\n-- backtrace facility detected in default set of libraries\r\n-- Found Backtrace: /usr/include  \r\n-- Creating bundled static library target arrow_bundled_dependencies at /tmp/RtmpykibIC/file77bf609e654f/release/libarrow_bundled_dependencies.a\r\n-- ---------------------------------------------------------------------\r\n-- Arrow version:                                 4.0.0\r\n-- \r\n-- Build configuration summary:\r\n--   Generator: Unix Makefiles\r\n--   Build type: RELEASE\r\n--   Source directory: /tmp/RtmpykibIC/file77bf2da3d338/apache-arrow-4.0.0/cpp\r\n--   Install prefix: /tmp/Rtmpru2gYI/R.INSTALL779923ea9560/arrow/libarrow/arrow-4.0.0\r\n-- \r\n-- Compile and link options:\r\n-- \r\n--   ARROW_CXXFLAGS=\"\" [default=\"\"]\r\n--       Compiler flags to append when compiling Arrow\r\n--   ARROW_BUILD_STATIC=ON [default=ON]\r\n--       Build static libraries\r\n--   ARROW_BUILD_SHARED=OFF [default=ON]\r\n--       Build shared libraries\r\n--   ARROW_PACKAGE_KIND=\"\" [default=\"\"]\r\n--       Arbitrary string that identifies the kind of package\r\n--       (for informational purposes)\r\n--   ARROW_GIT_ID=\"\" [default=\"\"]\r\n--       The Arrow git commit id (if any)\r\n--   ARROW_GIT_DESCRIPTION=\"\" [default=\"\"]\r\n--       The Arrow git commit description (if any)\r\n--   ARROW_NO_DEPRECATED_API=OFF [default=OFF]\r\n--       Exclude deprecated APIs from build\r\n--   ARROW_USE_CCACHE=ON [default=ON]\r\n--       Use ccache when compiling (if available)\r\n--   ARROW_USE_LD_GOLD=OFF [default=OFF]\r\n--       Use ld.gold for linking on Linux (if available)\r\n--   ARROW_USE_PRECOMPILED_HEADERS=OFF [default=OFF]\r\n--       Use precompiled headers when compiling\r\n--   ARROW_SIMD_LEVEL=SSE4_2 [default=NONE|SSE4_2|AVX2|AVX512]\r\n--       Compile-time SIMD optimization level\r\n--   ARROW_RUNTIME_SIMD_LEVEL=MAX [default=NONE|SSE4_2|AVX2|AVX512|MAX]\r\n--       Max runtime SIMD optimization level\r\n--   ARROW_ARMV8_ARCH=armv8-a [default=armv8-a|armv8-a+crc+crypto]\r\n--       Arm64 arch and extensions\r\n--   ARROW_ALTIVEC=ON [default=ON]\r\n--       Build with Altivec if compiler has support\r\n--   ARROW_RPATH_ORIGIN=OFF [default=OFF]\r\n--       Build Arrow libraries with RATH set to $ORIGIN\r\n--   ARROW_INSTALL_NAME_RPATH=ON [default=ON]\r\n--       Build Arrow libraries with install_name set to @rpath\r\n--   ARROW_GGDB_DEBUG=ON [default=ON]\r\n--       Pass -ggdb flag to debug builds\r\n-- \r\n-- Test and benchmark options:\r\n-- \r\n--   ARROW_BUILD_EXAMPLES=OFF [default=OFF]\r\n--       Build the Arrow examples\r\n--   ARROW_BUILD_TESTS=OFF [default=OFF]\r\n--       Build the Arrow googletest unit tests\r\n--   ARROW_ENABLE_TIMING_TESTS=ON [default=ON]\r\n--       Enable timing-sensitive tests\r\n--   ARROW_BUILD_INTEGRATION=OFF [default=OFF]\r\n--       Build the Arrow integration test executables\r\n--   ARROW_BUILD_BENCHMARKS=OFF [default=OFF]\r\n--       Build the Arrow micro benchmarks\r\n--   ARROW_BUILD_BENCHMARKS_REFERENCE=OFF [default=OFF]\r\n--       Build the Arrow micro reference benchmarks\r\n--   ARROW_TEST_LINKAGE=static [default=shared|static]\r\n--       Linkage of Arrow libraries with unit tests executables.\r\n--   ARROW_FUZZING=OFF [default=OFF]\r\n--       Build Arrow Fuzzing executables\r\n--   ARROW_LARGE_MEMORY_TESTS=OFF [default=OFF]\r\n--       Enable unit tests which use large memory\r\n-- \r\n-- Lint options:\r\n-- \r\n--   ARROW_ONLY_LINT=OFF [default=OFF]\r\n--       Only define the lint and check-format targets\r\n--   ARROW_VERBOSE_LINT=OFF [default=OFF]\r\n--       If off, 'quiet' flags will be passed to linting tools\r\n--   ARROW_GENERATE_COVERAGE=OFF [default=OFF]\r\n--       Build with C++ code coverage enabled\r\n-- \r\n-- Checks options:\r\n-- \r\n--   ARROW_TEST_MEMCHECK=OFF [default=OFF]\r\n--       Run the test suite using valgrind --tool=memcheck\r\n--   ARROW_USE_ASAN=OFF [default=OFF]\r\n--       Enable Address Sanitizer checks\r\n--   ARROW_USE_TSAN=OFF [default=OFF]\r\n--       Enable Thread Sanitizer checks\r\n--   ARROW_USE_UBSAN=OFF [default=OFF]\r\n--       Enable Undefined Behavior sanitizer checks\r\n-- \r\n-- Project component options:\r\n-- \r\n--   ARROW_BUILD_UTILITIES=OFF [default=OFF]\r\n--       Build Arrow commandline utilities\r\n--   ARROW_COMPUTE=ON [default=OFF]\r\n--       Build the Arrow Compute Modules\r\n--   ARROW_CSV=ON [default=OFF]\r\n--       Build the Arrow CSV Parser Module\r\n--   ARROW_CUDA=OFF [default=OFF]\r\n--       Build the Arrow CUDA extensions (requires CUDA toolkit)\r\n--   ARROW_DATASET=ON [default=OFF]\r\n--       Build the Arrow Dataset Modules\r\n--   ARROW_FILESYSTEM=ON [default=OFF]\r\n--       Build the Arrow Filesystem Layer\r\n--   ARROW_FLIGHT=OFF [default=OFF]\r\n--       Build the Arrow Flight RPC System (requires GRPC, Protocol Buffers)\r\n--   ARROW_GANDIVA=OFF [default=OFF]\r\n--       Build the Gandiva libraries\r\n--   ARROW_HDFS=OFF [default=OFF]\r\n--       Build the Arrow HDFS bridge\r\n--   ARROW_HIVESERVER2=OFF [default=OFF]\r\n--       Build the HiveServer2 client and Arrow adapter\r\n--   ARROW_IPC=ON [default=ON]\r\n--       Build the Arrow IPC extensions\r\n--   ARROW_JEMALLOC=ON [default=ON]\r\n--       Build the Arrow jemalloc-based allocator\r\n--   ARROW_JNI=OFF [default=OFF]\r\n--       Build the Arrow JNI lib\r\n--   ARROW_JSON=ON [default=OFF]\r\n--       Build Arrow with JSON support (requires RapidJSON)\r\n--   ARROW_MIMALLOC=OFF [default=OFF]\r\n--       Build the Arrow mimalloc-based allocator\r\n--   ARROW_PARQUET=ON [default=OFF]\r\n--       Build the Parquet libraries\r\n--   ARROW_ORC=OFF [default=OFF]\r\n--       Build the Arrow ORC adapter\r\n--   ARROW_PLASMA=OFF [default=OFF]\r\n--       Build the plasma object store along with Arrow\r\n--   ARROW_PLASMA_JAVA_CLIENT=OFF [default=OFF]\r\n--       Build the plasma object store java client\r\n--   ARROW_PYTHON=OFF [default=OFF]\r\n--       Build the Arrow CPython extensions\r\n--   ARROW_S3=OFF [default=OFF]\r\n--       Build Arrow with S3 support (requires the AWS SDK for C++)\r\n--   ARROW_TENSORFLOW=OFF [default=OFF]\r\n--       Build Arrow with TensorFlow support enabled\r\n--   ARROW_TESTING=OFF [default=OFF]\r\n--       Build the Arrow testing libraries\r\n-- \r\n-- Thirdparty toolchain options:\r\n-- \r\n--   ARROW_DEPENDENCY_SOURCE=BUNDLED [default=AUTO|BUNDLED|SYSTEM|CONDA|VCPKG|BREW]\r\n--       Method to use for acquiring arrow's build dependencies\r\n--   ARROW_VERBOSE_THIRDPARTY_BUILD=OFF [default=OFF]\r\n--       Show output from ExternalProjects rather than just logging to files\r\n--   ARROW_DEPENDENCY_USE_SHARED=ON [default=ON]\r\n--       Link to shared libraries\r\n--   ARROW_BOOST_USE_SHARED=OFF [default=ON]\r\n--       Rely on boost shared libraries where relevant\r\n--   ARROW_BROTLI_USE_SHARED=ON [default=ON]\r\n--       Rely on Brotli shared libraries where relevant\r\n--   ARROW_BZ2_USE_SHARED=ON [default=ON]\r\n--       Rely on Bz2 shared libraries where relevant\r\n--   ARROW_GFLAGS_USE_SHARED=ON [default=ON]\r\n--       Rely on GFlags shared libraries where relevant\r\n--   ARROW_GRPC_USE_SHARED=ON [default=ON]\r\n--       Rely on gRPC shared libraries where relevant\r\n--   ARROW_LZ4_USE_SHARED=ON [default=ON]\r\n--       Rely on lz4 shared libraries where relevant\r\n--   ARROW_OPENSSL_USE_SHARED=ON [default=ON]\r\n--       Rely on OpenSSL shared libraries where relevant\r\n--   ARROW_PROTOBUF_USE_SHARED=ON [default=ON]\r\n--       Rely on Protocol Buffers shared libraries where relevant\r\n--   ARROW_THRIFT_USE_SHARED=ON [default=ON]\r\n--       Rely on thrift shared libraries where relevant\r\n--   ARROW_UTF8PROC_USE_SHARED=ON [default=ON]\r\n--       Rely on utf8proc shared libraries where relevant\r\n--   ARROW_SNAPPY_USE_SHARED=ON [default=ON]\r\n--       Rely on snappy shared libraries where relevant\r\n--   ARROW_UTF8PROC_USE_SHARED=ON [default=ON]\r\n--       Rely on utf8proc shared libraries where relevant\r\n--   ARROW_ZSTD_USE_SHARED=ON [default=ON]\r\n--       Rely on zstd shared libraries where relevant\r\n--   ARROW_USE_GLOG=OFF [default=OFF]\r\n--       Build libraries with glog support for pluggable logging\r\n--   ARROW_WITH_BACKTRACE=ON [default=ON]\r\n--       Build with backtrace support\r\n--   ARROW_WITH_BROTLI=OFF [default=OFF]\r\n--       Build with Brotli compression\r\n--   ARROW_WITH_BZ2=OFF [default=OFF]\r\n--       Build with BZ2 compression\r\n--   ARROW_WITH_LZ4=OFF [default=OFF]\r\n--       Build with lz4 compression\r\n--   ARROW_WITH_SNAPPY=OFF [default=OFF]\r\n--       Build with Snappy compression\r\n--   ARROW_WITH_ZLIB=OFF [default=OFF]\r\n--       Build with zlib compression\r\n--   ARROW_WITH_ZSTD=OFF [default=OFF]\r\n--       Build with zstd compression\r\n--   ARROW_WITH_UTF8PROC=ON [default=ON]\r\n--       Build with support for Unicode properties using the utf8proc library\r\n--       (only used if ARROW_COMPUTE is ON)\r\n--   ARROW_WITH_RE2=ON [default=ON]\r\n--       Build with support for regular expressions using the re2 library\r\n--       (only used if ARROW_COMPUTE or ARROW_GANDIVA is ON)\r\n-- \r\n-- Parquet options:\r\n-- \r\n--   PARQUET_MINIMAL_DEPENDENCY=OFF [default=OFF]\r\n--       Depend only on Thirdparty headers to build libparquet.\r\n--       Always OFF if building binaries\r\n--   PARQUET_BUILD_EXECUTABLES=OFF [default=OFF]\r\n--       Build the Parquet executable CLI tools. Requires static libraries to be built.\r\n--   PARQUET_BUILD_EXAMPLES=OFF [default=OFF]\r\n--       Build the Parquet examples. Requires static libraries to be built.\r\n--   PARQUET_REQUIRE_ENCRYPTION=OFF [default=OFF]\r\n--       Build support for encryption. Fail if OpenSSL is not found\r\n-- \r\n-- Gandiva options:\r\n-- \r\n--   ARROW_GANDIVA_JAVA=OFF [default=OFF]\r\n--       Build the Gandiva JNI wrappers\r\n--   ARROW_GANDIVA_STATIC_LIBSTDCPP=OFF [default=OFF]\r\n--       Include -static-libstdc++ -static-libgcc when linking with\r\n--       Gandiva static libraries\r\n--   ARROW_GANDIVA_PC_CXX_FLAGS=\"\" [default=\"\"]\r\n--       Compiler flags to append when pre-compiling Gandiva operations\r\n-- \r\n-- Advanced developer options:\r\n-- \r\n--   ARROW_EXTRA_ERROR_CONTEXT=OFF [default=OFF]\r\n--       Compile with extra error context (line numbers, code)\r\n--   ARROW_OPTIONAL_INSTALL=OFF [default=OFF]\r\n--       If enabled install ONLY targets that have already been built. Please be\r\n--       advised that if this is enabled 'install' will fail silently on components\r\n--       that have not been built\r\n--   Outputting build configuration summary to /tmp/RtmpykibIC/file77bf609e654f/cmake_summary.json\r\n-- Configuring done\r\n-- Generating done\r\n-- Build files have been written to: /tmp/RtmpykibIC/file77bf609e654f\r\n+ /tmp/RtmpykibIC/file77bf5d6bcf01/cmake-3.19.2-Linux-x86_64/bin/cmake --build . --target install\r\nmake[1]: Entering directory '/tmp/RtmpykibIC/file77bf609e654f'\r\nmake[2]: Entering directory '/tmp/RtmpykibIC/file77bf609e654f'\r\nmake[3]: Entering directory '/tmp/RtmpykibIC/file77bf609e654f'\r\nmake[3]: Entering directory '/tmp/RtmpykibIC/file77bf609e654f'\r\nScanning dependencies of target jemalloc_ep\r\nmake[3]: Leaving directory '/tmp/RtmpykibIC/file77bf609e654f'\r\nScanning dependencies of target boost_ep\r\nmake[3]: Leaving directory '/tmp/RtmpykibIC/file77bf609e654f'\r\nmake[3]: Entering directory '/tmp/RtmpykibIC/file77bf609e654f'\r\nmake[3]: Entering directory '/tmp/RtmpykibIC/file77bf609e654f'\r\n[  1%] Creating directories for 'boost_ep'\r\n[  2%] Creating directories for 'jemalloc_ep'\r\n[  3%] Performing download step (download, verify and extract) for 'boost_ep'\r\n[  4%] Performing download step (download, verify and extract) for 'jemalloc_ep'\r\n-- jemalloc_ep download command succeeded.  See also /tmp/RtmpykibIC/file77bf609e654f/jemalloc_ep-prefix/src/jemalloc_ep-stamp/jemalloc_ep-download-*.log\r\n[  5%] No update step for 'jemalloc_ep'\r\n[  6%] Performing patch step for 'jemalloc_ep'\r\n[  7%] Performing configure step for 'jemalloc_ep'\r\nCMake Error at /tmp/RtmpykibIC/file77bf609e654f/jemalloc_ep-prefix/src/jemalloc_ep-stamp/jemalloc_ep-configure-RELEASE.cmake:37 (message):\r\n  Command failed: 77\r\n\r\n   './configure' 'AR=/usr/bin/ar' 'CC=/usr/bin/ccache' '--prefix=/tmp/RtmpykibIC/file77bf609e654f/jemalloc_ep-prefix/src/jemalloc_ep/dist/' '--with-jemalloc-prefix=je_arrow_' '--with-private-namespace=je_arrow_private_' '--without-export' '--disable-shared' '--disable-cxx' '--disable-libdl' '--disable-initial-exec-tls'\r\n\r\n  See also\r\n\r\n    /tmp/RtmpykibIC/file77bf609e654f/jemalloc_ep-prefix/src/jemalloc_ep-stamp/jemalloc_ep-configure-*.log\r\n\r\n\r\n-- stdout output is:\r\nchecking for xsltproc... false\r\nchecking for gcc... /usr/bin/ccache\r\nchecking whether the C compiler works... no\r\n\r\n-- stderr output is:\r\nconfigure: error: in `/tmp/RtmpykibIC/file77bf609e654f/jemalloc_ep-prefix/src/jemalloc_ep':\r\nconfigure: error: C compiler cannot create executables\r\nSee `config.log' for more details\r\n\r\nCMake Error at /tmp/RtmpykibIC/file77bf609e654f/jemalloc_ep-prefix/src/jemalloc_ep-stamp/jemalloc_ep-configure-RELEASE.cmake:47 (message):\r\n  Stopping after outputting logs.\r\n\r\n\r\nmake[3]: *** [CMakeFiles/jemalloc_ep.dir/build.make:126: jemalloc_ep-prefix/src/jemalloc_ep-stamp/jemalloc_ep-configure] Error 1\r\nmake[3]: Leaving directory '/tmp/RtmpykibIC/file77bf609e654f'\r\nmake[2]: *** [CMakeFiles/Makefile2:648: CMakeFiles/jemalloc_ep.dir/all] Error 2\r\nmake[2]: *** Waiting for unfinished jobs....\r\n-- boost_ep download command succeeded.  See also /tmp/RtmpykibIC/file77bf609e654f/boost_ep-prefix/src/boost_ep-stamp/boost_ep-download-*.log\r\n[  8%] No update step for 'boost_ep'\r\n[  9%] No patch step for 'boost_ep'\r\n[ 10%] No configure step for 'boost_ep'\r\n[ 11%] No build step for 'boost_ep'\r\n[ 12%] No install step for 'boost_ep'\r\n[ 13%] Completed 'boost_ep'\r\nmake[3]: Leaving directory '/tmp/RtmpykibIC/file77bf609e654f'\r\n[ 13%] Built target boost_ep\r\nmake[2]: Leaving directory '/tmp/RtmpykibIC/file77bf609e654f'\r\nmake[1]: *** [Makefile:160: all] Error 2\r\nmake[1]: Leaving directory '/tmp/RtmpykibIC/file77bf609e654f'\r\n**** Error building Arrow C++. Re-run with ARROW_R_DEV=true for debug information.\r\n{code}\r\nThanks and Br\r\n\r\nStephan",
        "customfield_10010": null,
        "customfield_12314523": null,
        "customfield_12314127": null,
        "customfield_12314522": null,
        "customfield_12314126": null,
        "customfield_12314521": null,
        "customfield_12314125": null,
        "customfield_12314520": null,
        "customfield_12314124": null,
        "customfield_12312340": null,
        "customfield_12314123": null,
        "customfield_12312341": null,
        "customfield_12312220": null,
        "customfield_12314122": null,
        "customfield_12314121": null,
        "customfield_12314120": null,
        "customfield_12314129": null,
        "customfield_12314524": null,
        "customfield_12314128": null,
        "summary": "[R] Bundled C++ build fails with ccache",
        "customfield_12314130": null,
        "customfield_12310291": null,
        "customfield_12310290": null,
        "customfield_12314138": null,
        "customfield_12314137": null,
        "environment": "debian:buster-slim, pkg-config installed",
        "customfield_12314136": null,
        "customfield_12314135": null,
        "customfield_12311020": null,
        "customfield_12314134": null,
        "duedate": null,
        "customfield_12314132": null,
        "customfield_12314131": null,
        "customfield_12311820": "0|z0qpxk:",
        "customfield_12314139": null
    }
}